ARM GAS  C:\Users\karunmj\AppData\Local\Temp\ccK7lIAF.s 			page 1


   1              		.syntax unified
   2              		.cpu cortex-m3
   3              		.fpu softvfp
   4              		.eabi_attribute 20, 1
   5              		.eabi_attribute 21, 1
   6              		.eabi_attribute 23, 3
   7              		.eabi_attribute 24, 1
   8              		.eabi_attribute 25, 1
   9              		.eabi_attribute 26, 1
  10              		.eabi_attribute 30, 6
  11              		.eabi_attribute 34, 1
  12              		.eabi_attribute 18, 4
  13              		.thumb
  14              		.file	"ADC_SAR_INT.c"
  15              		.text
  16              	.Ltext0:
  17              		.cfi_sections	.debug_frame
  18              		.section	.text.ADC_SAR_ISR,"ax",%progbits
  19              		.align	2
  20              		.global	ADC_SAR_ISR
  21              		.thumb
  22              		.thumb_func
  23              		.type	ADC_SAR_ISR, %function
  24              	ADC_SAR_ISR:
  25              	.LFB0:
  26              		.file 1 ".\\Generated_Source\\PSoC5\\ADC_SAR_INT.c"
   1:.\Generated_Source\PSoC5/ADC_SAR_INT.c **** /*******************************************************************************
   2:.\Generated_Source\PSoC5/ADC_SAR_INT.c **** * File Name: ADC_SAR_INT.c
   3:.\Generated_Source\PSoC5/ADC_SAR_INT.c **** * Version 2.10
   4:.\Generated_Source\PSoC5/ADC_SAR_INT.c **** *
   5:.\Generated_Source\PSoC5/ADC_SAR_INT.c **** *  Description:
   6:.\Generated_Source\PSoC5/ADC_SAR_INT.c **** *    This file contains the code that operates during the ADC_SAR interrupt
   7:.\Generated_Source\PSoC5/ADC_SAR_INT.c **** *    service routine.
   8:.\Generated_Source\PSoC5/ADC_SAR_INT.c **** *
   9:.\Generated_Source\PSoC5/ADC_SAR_INT.c **** *   Note:
  10:.\Generated_Source\PSoC5/ADC_SAR_INT.c **** *
  11:.\Generated_Source\PSoC5/ADC_SAR_INT.c **** ********************************************************************************
  12:.\Generated_Source\PSoC5/ADC_SAR_INT.c **** * Copyright 2008-2013, Cypress Semiconductor Corporation.  All rights reserved.
  13:.\Generated_Source\PSoC5/ADC_SAR_INT.c **** * You may use this file only in accordance with the license, terms, conditions,
  14:.\Generated_Source\PSoC5/ADC_SAR_INT.c **** * disclaimers, and limitations in the end user license agreement accompanying
  15:.\Generated_Source\PSoC5/ADC_SAR_INT.c **** * the software package with which this file was provided.
  16:.\Generated_Source\PSoC5/ADC_SAR_INT.c **** *******************************************************************************/
  17:.\Generated_Source\PSoC5/ADC_SAR_INT.c **** 
  18:.\Generated_Source\PSoC5/ADC_SAR_INT.c **** #include "ADC_SAR.h"
  19:.\Generated_Source\PSoC5/ADC_SAR_INT.c **** 
  20:.\Generated_Source\PSoC5/ADC_SAR_INT.c **** 
  21:.\Generated_Source\PSoC5/ADC_SAR_INT.c **** /******************************************************************************
  22:.\Generated_Source\PSoC5/ADC_SAR_INT.c **** * Custom Declarations and Variables
  23:.\Generated_Source\PSoC5/ADC_SAR_INT.c **** * - add user inlcude files, prototypes and variables between the following
  24:.\Generated_Source\PSoC5/ADC_SAR_INT.c **** *   #START and #END tags
  25:.\Generated_Source\PSoC5/ADC_SAR_INT.c **** ******************************************************************************/
  26:.\Generated_Source\PSoC5/ADC_SAR_INT.c **** /* `#START ADC_SYS_VAR`  */
  27:.\Generated_Source\PSoC5/ADC_SAR_INT.c **** 
  28:.\Generated_Source\PSoC5/ADC_SAR_INT.c **** /* `#END`  */
  29:.\Generated_Source\PSoC5/ADC_SAR_INT.c **** 
  30:.\Generated_Source\PSoC5/ADC_SAR_INT.c **** 
  31:.\Generated_Source\PSoC5/ADC_SAR_INT.c **** #if(ADC_SAR_IRQ_REMOVE == 0u)
ARM GAS  C:\Users\karunmj\AppData\Local\Temp\ccK7lIAF.s 			page 2


  32:.\Generated_Source\PSoC5/ADC_SAR_INT.c **** 
  33:.\Generated_Source\PSoC5/ADC_SAR_INT.c **** 
  34:.\Generated_Source\PSoC5/ADC_SAR_INT.c ****     /******************************************************************************
  35:.\Generated_Source\PSoC5/ADC_SAR_INT.c ****     * Function Name: ADC_SAR_ISR
  36:.\Generated_Source\PSoC5/ADC_SAR_INT.c ****     *******************************************************************************
  37:.\Generated_Source\PSoC5/ADC_SAR_INT.c ****     *
  38:.\Generated_Source\PSoC5/ADC_SAR_INT.c ****     * Summary:
  39:.\Generated_Source\PSoC5/ADC_SAR_INT.c ****     *  Handle Interrupt Service Routine.
  40:.\Generated_Source\PSoC5/ADC_SAR_INT.c ****     *
  41:.\Generated_Source\PSoC5/ADC_SAR_INT.c ****     * Parameters:
  42:.\Generated_Source\PSoC5/ADC_SAR_INT.c ****     *  None.
  43:.\Generated_Source\PSoC5/ADC_SAR_INT.c ****     *
  44:.\Generated_Source\PSoC5/ADC_SAR_INT.c ****     * Return:
  45:.\Generated_Source\PSoC5/ADC_SAR_INT.c ****     *  None.
  46:.\Generated_Source\PSoC5/ADC_SAR_INT.c ****     *
  47:.\Generated_Source\PSoC5/ADC_SAR_INT.c ****     * Reentrant:
  48:.\Generated_Source\PSoC5/ADC_SAR_INT.c ****     *  No.
  49:.\Generated_Source\PSoC5/ADC_SAR_INT.c ****     *
  50:.\Generated_Source\PSoC5/ADC_SAR_INT.c ****     ******************************************************************************/
  51:.\Generated_Source\PSoC5/ADC_SAR_INT.c ****     CY_ISR( ADC_SAR_ISR )
  52:.\Generated_Source\PSoC5/ADC_SAR_INT.c ****     {
  27              		.loc 1 52 0
  28              		.cfi_startproc
  29              		@ args = 0, pretend = 0, frame = 0
  30              		@ frame_needed = 1, uses_anonymous_args = 0
  31              		@ link register save eliminated.
  32 0000 80B4     		push	{r7}
  33              		.cfi_def_cfa_offset 4
  34              		.cfi_offset 7, -4
  35 0002 00AF     		add	r7, sp, #0
  36              		.cfi_def_cfa_register 7
  53:.\Generated_Source\PSoC5/ADC_SAR_INT.c ****         /************************************************************************
  54:.\Generated_Source\PSoC5/ADC_SAR_INT.c ****         *  Custom Code
  55:.\Generated_Source\PSoC5/ADC_SAR_INT.c ****         *  - add user ISR code between the following #START and #END tags
  56:.\Generated_Source\PSoC5/ADC_SAR_INT.c ****         *************************************************************************/
  57:.\Generated_Source\PSoC5/ADC_SAR_INT.c ****           /* `#START MAIN_ADC_ISR`  */
  58:.\Generated_Source\PSoC5/ADC_SAR_INT.c **** 
  59:.\Generated_Source\PSoC5/ADC_SAR_INT.c ****           /* `#END`  */
  60:.\Generated_Source\PSoC5/ADC_SAR_INT.c **** 
  61:.\Generated_Source\PSoC5/ADC_SAR_INT.c ****     }
  37              		.loc 1 61 0
  38 0004 BD46     		mov	sp, r7
  39              		@ sp needed
  40 0006 5DF8047B 		ldr	r7, [sp], #4
  41 000a 7047     		bx	lr
  42              		.cfi_endproc
  43              	.LFE0:
  44              		.size	ADC_SAR_ISR, .-ADC_SAR_ISR
  45              		.text
  46              	.Letext0:
  47              		.section	.debug_info,"",%progbits
  48              	.Ldebug_info0:
  49 0000 8E000000 		.4byte	0x8e
  50 0004 0400     		.2byte	0x4
  51 0006 00000000 		.4byte	.Ldebug_abbrev0
  52 000a 04       		.byte	0x4
  53 000b 01       		.uleb128 0x1
ARM GAS  C:\Users\karunmj\AppData\Local\Temp\ccK7lIAF.s 			page 3


  54 000c B1000000 		.4byte	.LASF12
  55 0010 01       		.byte	0x1
  56 0011 5F010000 		.4byte	.LASF13
  57 0015 00000000 		.4byte	.LASF14
  58 0019 00000000 		.4byte	.Ldebug_ranges0+0
  59 001d 00000000 		.4byte	0
  60 0021 00000000 		.4byte	.Ldebug_line0
  61 0025 02       		.uleb128 0x2
  62 0026 01       		.byte	0x1
  63 0027 06       		.byte	0x6
  64 0028 86010000 		.4byte	.LASF0
  65 002c 02       		.uleb128 0x2
  66 002d 01       		.byte	0x1
  67 002e 08       		.byte	0x8
  68 002f 53000000 		.4byte	.LASF1
  69 0033 02       		.uleb128 0x2
  70 0034 02       		.byte	0x2
  71 0035 05       		.byte	0x5
  72 0036 4C010000 		.4byte	.LASF2
  73 003a 02       		.uleb128 0x2
  74 003b 02       		.byte	0x2
  75 003c 07       		.byte	0x7
  76 003d 73000000 		.4byte	.LASF3
  77 0041 02       		.uleb128 0x2
  78 0042 04       		.byte	0x4
  79 0043 05       		.byte	0x5
  80 0044 56010000 		.4byte	.LASF4
  81 0048 02       		.uleb128 0x2
  82 0049 04       		.byte	0x4
  83 004a 07       		.byte	0x7
  84 004b 61000000 		.4byte	.LASF5
  85 004f 02       		.uleb128 0x2
  86 0050 08       		.byte	0x8
  87 0051 05       		.byte	0x5
  88 0052 39010000 		.4byte	.LASF6
  89 0056 02       		.uleb128 0x2
  90 0057 08       		.byte	0x8
  91 0058 07       		.byte	0x7
  92 0059 9A000000 		.4byte	.LASF7
  93 005d 03       		.uleb128 0x3
  94 005e 04       		.byte	0x4
  95 005f 05       		.byte	0x5
  96 0060 696E7400 		.ascii	"int\000"
  97 0064 02       		.uleb128 0x2
  98 0065 04       		.byte	0x4
  99 0066 07       		.byte	0x7
 100 0067 8D000000 		.4byte	.LASF8
 101 006b 02       		.uleb128 0x2
 102 006c 04       		.byte	0x4
 103 006d 04       		.byte	0x4
 104 006e 4D000000 		.4byte	.LASF9
 105 0072 02       		.uleb128 0x2
 106 0073 08       		.byte	0x8
 107 0074 04       		.byte	0x4
 108 0075 86000000 		.4byte	.LASF10
 109 0079 02       		.uleb128 0x2
 110 007a 01       		.byte	0x1
ARM GAS  C:\Users\karunmj\AppData\Local\Temp\ccK7lIAF.s 			page 4


 111 007b 08       		.byte	0x8
 112 007c 47010000 		.4byte	.LASF11
 113 0080 04       		.uleb128 0x4
 114 0081 2D010000 		.4byte	.LASF15
 115 0085 01       		.byte	0x1
 116 0086 33       		.byte	0x33
 117 0087 00000000 		.4byte	.LFB0
 118 008b 0C000000 		.4byte	.LFE0-.LFB0
 119 008f 01       		.uleb128 0x1
 120 0090 9C       		.byte	0x9c
 121 0091 00       		.byte	0
 122              		.section	.debug_abbrev,"",%progbits
 123              	.Ldebug_abbrev0:
 124 0000 01       		.uleb128 0x1
 125 0001 11       		.uleb128 0x11
 126 0002 01       		.byte	0x1
 127 0003 25       		.uleb128 0x25
 128 0004 0E       		.uleb128 0xe
 129 0005 13       		.uleb128 0x13
 130 0006 0B       		.uleb128 0xb
 131 0007 03       		.uleb128 0x3
 132 0008 0E       		.uleb128 0xe
 133 0009 1B       		.uleb128 0x1b
 134 000a 0E       		.uleb128 0xe
 135 000b 55       		.uleb128 0x55
 136 000c 17       		.uleb128 0x17
 137 000d 11       		.uleb128 0x11
 138 000e 01       		.uleb128 0x1
 139 000f 10       		.uleb128 0x10
 140 0010 17       		.uleb128 0x17
 141 0011 00       		.byte	0
 142 0012 00       		.byte	0
 143 0013 02       		.uleb128 0x2
 144 0014 24       		.uleb128 0x24
 145 0015 00       		.byte	0
 146 0016 0B       		.uleb128 0xb
 147 0017 0B       		.uleb128 0xb
 148 0018 3E       		.uleb128 0x3e
 149 0019 0B       		.uleb128 0xb
 150 001a 03       		.uleb128 0x3
 151 001b 0E       		.uleb128 0xe
 152 001c 00       		.byte	0
 153 001d 00       		.byte	0
 154 001e 03       		.uleb128 0x3
 155 001f 24       		.uleb128 0x24
 156 0020 00       		.byte	0
 157 0021 0B       		.uleb128 0xb
 158 0022 0B       		.uleb128 0xb
 159 0023 3E       		.uleb128 0x3e
 160 0024 0B       		.uleb128 0xb
 161 0025 03       		.uleb128 0x3
 162 0026 08       		.uleb128 0x8
 163 0027 00       		.byte	0
 164 0028 00       		.byte	0
 165 0029 04       		.uleb128 0x4
 166 002a 2E       		.uleb128 0x2e
 167 002b 00       		.byte	0
ARM GAS  C:\Users\karunmj\AppData\Local\Temp\ccK7lIAF.s 			page 5


 168 002c 3F       		.uleb128 0x3f
 169 002d 19       		.uleb128 0x19
 170 002e 03       		.uleb128 0x3
 171 002f 0E       		.uleb128 0xe
 172 0030 3A       		.uleb128 0x3a
 173 0031 0B       		.uleb128 0xb
 174 0032 3B       		.uleb128 0x3b
 175 0033 0B       		.uleb128 0xb
 176 0034 27       		.uleb128 0x27
 177 0035 19       		.uleb128 0x19
 178 0036 11       		.uleb128 0x11
 179 0037 01       		.uleb128 0x1
 180 0038 12       		.uleb128 0x12
 181 0039 06       		.uleb128 0x6
 182 003a 40       		.uleb128 0x40
 183 003b 18       		.uleb128 0x18
 184 003c 9742     		.uleb128 0x2117
 185 003e 19       		.uleb128 0x19
 186 003f 00       		.byte	0
 187 0040 00       		.byte	0
 188 0041 00       		.byte	0
 189              		.section	.debug_aranges,"",%progbits
 190 0000 1C000000 		.4byte	0x1c
 191 0004 0200     		.2byte	0x2
 192 0006 00000000 		.4byte	.Ldebug_info0
 193 000a 04       		.byte	0x4
 194 000b 00       		.byte	0
 195 000c 0000     		.2byte	0
 196 000e 0000     		.2byte	0
 197 0010 00000000 		.4byte	.LFB0
 198 0014 0C000000 		.4byte	.LFE0-.LFB0
 199 0018 00000000 		.4byte	0
 200 001c 00000000 		.4byte	0
 201              		.section	.debug_ranges,"",%progbits
 202              	.Ldebug_ranges0:
 203 0000 00000000 		.4byte	.LFB0
 204 0004 0C000000 		.4byte	.LFE0
 205 0008 00000000 		.4byte	0
 206 000c 00000000 		.4byte	0
 207              		.section	.debug_line,"",%progbits
 208              	.Ldebug_line0:
 209 0000 55000000 		.section	.debug_str,"MS",%progbits,1
 209      02003D00 
 209      00000201 
 209      FB0E0D00 
 209      01010101 
 210              	.LASF14:
 211 0000 433A5C55 		.ascii	"C:\\Users\\karunmj\\Desktop\\wongb\\Adaptive Sampli"
 211      73657273 
 211      5C6B6172 
 211      756E6D6A 
 211      5C446573 
 212 002e 6E675C43 		.ascii	"ng\\Cell Board\\Cell Board.cydsn\000"
 212      656C6C20 
 212      426F6172 
 212      645C4365 
 212      6C6C2042 
ARM GAS  C:\Users\karunmj\AppData\Local\Temp\ccK7lIAF.s 			page 6


 213              	.LASF9:
 214 004d 666C6F61 		.ascii	"float\000"
 214      7400
 215              	.LASF1:
 216 0053 756E7369 		.ascii	"unsigned char\000"
 216      676E6564 
 216      20636861 
 216      7200
 217              	.LASF5:
 218 0061 6C6F6E67 		.ascii	"long unsigned int\000"
 218      20756E73 
 218      69676E65 
 218      6420696E 
 218      7400
 219              	.LASF3:
 220 0073 73686F72 		.ascii	"short unsigned int\000"
 220      7420756E 
 220      7369676E 
 220      65642069 
 220      6E7400
 221              	.LASF10:
 222 0086 646F7562 		.ascii	"double\000"
 222      6C6500
 223              	.LASF8:
 224 008d 756E7369 		.ascii	"unsigned int\000"
 224      676E6564 
 224      20696E74 
 224      00
 225              	.LASF7:
 226 009a 6C6F6E67 		.ascii	"long long unsigned int\000"
 226      206C6F6E 
 226      6720756E 
 226      7369676E 
 226      65642069 
 227              	.LASF12:
 228 00b1 474E5520 		.ascii	"GNU C 4.8.4 20140526 (release) [ARM/embedded-4_8-br"
 228      4320342E 
 228      382E3420 
 228      32303134 
 228      30353236 
 229 00e4 616E6368 		.ascii	"anch revision 211358] -mcpu=cortex-m3 -mthumb -g -O"
 229      20726576 
 229      6973696F 
 229      6E203231 
 229      31333538 
 230 0117 30202D66 		.ascii	"0 -ffunction-sections\000"
 230      66756E63 
 230      74696F6E 
 230      2D736563 
 230      74696F6E 
 231              	.LASF15:
 232 012d 4144435F 		.ascii	"ADC_SAR_ISR\000"
 232      5341525F 
 232      49535200 
 233              	.LASF6:
 234 0139 6C6F6E67 		.ascii	"long long int\000"
 234      206C6F6E 
ARM GAS  C:\Users\karunmj\AppData\Local\Temp\ccK7lIAF.s 			page 7


 234      6720696E 
 234      7400
 235              	.LASF11:
 236 0147 63686172 		.ascii	"char\000"
 236      00
 237              	.LASF2:
 238 014c 73686F72 		.ascii	"short int\000"
 238      7420696E 
 238      7400
 239              	.LASF4:
 240 0156 6C6F6E67 		.ascii	"long int\000"
 240      20696E74 
 240      00
 241              	.LASF13:
 242 015f 2E5C4765 		.ascii	".\\Generated_Source\\PSoC5\\ADC_SAR_INT.c\000"
 242      6E657261 
 242      7465645F 
 242      536F7572 
 242      63655C50 
 243              	.LASF0:
 244 0186 7369676E 		.ascii	"signed char\000"
 244      65642063 
 244      68617200 
 245              		.ident	"GCC: (GNU Tools for ARM Embedded Processors) 4.8.4 20140526 (release) [ARM/embedded-4_8-br
