--------------- Build Started: 03/31/2016 22:02:17 Project: Cell Board, Configuration: ARM GCC 4.8.4 Debug ---------------
The code generation step is up to date.
arm-none-eabi-gcc.exe -mcpu=cortex-m3 -mthumb -Wno-main -I. -IGenerated_Source\PSoC5 -Wa,-alh=.\CortexM3\ARM_GCC_484\Debug/modem.lst -g -D DEBUG -Wall -ffunction-sections -O0 -c .\modem.c -o .\CortexM3\ARM_GCC_484\Debug\modem.o
.\modem.c: In function 'modem_get_google':
.\modem.c:568:46: warning: unused variable 'key_str' [-Wunused-variable]
             char get_str[MAX_PACKET_LENGTH], key_str[100];
                                              ^
.\modem.c:568:18: warning: unused variable 'get_str' [-Wunused-variable]
             char get_str[MAX_PACKET_LENGTH], key_str[100];
                  ^
.\modem.c: In function 'modem_send_packet':
.\modem.c:634:11: warning: 'i' may be used uninitialized in this function [-Wmaybe-uninitialized]
         i = i + 1;
           ^
arm-none-eabi-ar.exe -rs ".\CortexM3\ARM_GCC_484\Debug\Cell Board.a" .\CortexM3\ARM_GCC_484\Debug\cyfitter_cfg.o .\CortexM3\ARM_GCC_484\Debug\CyBootAsmGnu.o .\CortexM3\ARM_GCC_484\Debug\CyDmac.o .\CortexM3\ARM_GCC_484\Debug\CyFlash.o .\CortexM3\ARM_GCC_484\Debug\CyLib.o .\CortexM3\ARM_GCC_484\Debug\cyPm.o .\CortexM3\ARM_GCC_484\Debug\CySpc.o .\CortexM3\ARM_GCC_484\Debug\cyutils.o .\CortexM3\ARM_GCC_484\Debug\LED.o .\CortexM3\ARM_GCC_484\Debug\Pin1.o .\CortexM3\ARM_GCC_484\Debug\Pin2.o .\CortexM3\ARM_GCC_484\Debug\Pin4.o .\CortexM3\ARM_GCC_484\Debug\Pin5.o .\CortexM3\ARM_GCC_484\Debug\Pin9.o .\CortexM3\ARM_GCC_484\Debug\Pin10.o .\CortexM3\ARM_GCC_484\Debug\Pin11.o .\CortexM3\ARM_GCC_484\Debug\Pin12.o .\CortexM3\ARM_GCC_484\Debug\Pin14.o .\CortexM3\ARM_GCC_484\Debug\Pin15.o .\CortexM3\ARM_GCC_484\Debug\Pin17.o .\CortexM3\ARM_GCC_484\Debug\Pin18.o .\CortexM3\ARM_GCC_484\Debug\Pin19.o .\CortexM3\ARM_GCC_484\Debug\Pin20.o .\CortexM3\ARM_GCC_484\Debug\Pin24.o .\CortexM3\ARM_GCC_484\Debug\Pin25.o .\CortexM3\ARM_GCC_484\Debug\Pin26.o .\CortexM3\ARM_GCC_484\Debug\Pin27.o .\CortexM3\ARM_GCC_484\Debug\Pin29.o .\CortexM3\ARM_GCC_484\Debug\Pin30.o .\CortexM3\ARM_GCC_484\Debug\Pin31.o .\CortexM3\ARM_GCC_484\Debug\Pin33.o .\CortexM3\ARM_GCC_484\Debug\Pin34.o .\CortexM3\ARM_GCC_484\Debug\Pin35.o .\CortexM3\ARM_GCC_484\Debug\Pin37.o .\CortexM3\ARM_GCC_484\Debug\Pin38.o .\CortexM3\ARM_GCC_484\Debug\Pin39.o .\CortexM3\ARM_GCC_484\Debug\Telit_PWR.o .\CortexM3\ARM_GCC_484\Debug\Telit_RST.o .\CortexM3\ARM_GCC_484\Debug\Telit_ON.o .\CortexM3\ARM_GCC_484\Debug\VBAT_READ_EN.o .\CortexM3\ARM_GCC_484\Debug\Telit_UART.o .\CortexM3\ARM_GCC_484\Debug\Telit_UART_PM.o .\CortexM3\ARM_GCC_484\Debug\Telit_UART_INT.o .\CortexM3\ARM_GCC_484\Debug\Telit_UART_BOOT.o .\CortexM3\ARM_GCC_484\Debug\Telit_isr_rx.o .\CortexM3\ARM_GCC_484\Debug\Telit_tx.o .\CortexM3\ARM_GCC_484\Debug\Telit_ControlReg.o .\CortexM3\ARM_GCC_484\Debug\Telit_UART_IntClock.o .\CortexM3\ARM_GCC_484\Debug\sleep_isr.o .\CortexM3\ARM_GCC_484\Debug\SleepTimer.o .\CortexM3\ARM_GCC_484\Debug\Ultrasonic_ON.o .\CortexM3\ARM_GCC_484\Debug\uart_ultrasonic.o .\CortexM3\ARM_GCC_484\Debug\uart_ultrasonic_PM.o .\CortexM3\ARM_GCC_484\Debug\uart_ultrasonic_INT.o .\CortexM3\ARM_GCC_484\Debug\uart_ultrasonic_BOOT.o .\CortexM3\ARM_GCC_484\Debug\isr_byte_ultrasonic_rx.o .\CortexM3\ARM_GCC_484\Debug\uart_ultrasonic_IntClock.o
arm-none-eabi-ar.exe: creating .\CortexM3\ARM_GCC_484\Debug\Cell Board.a
arm-none-eabi-gcc.exe -Wl,--start-group -o ".\CortexM3\ARM_GCC_484\Debug\Cell Board.elf" .\CortexM3\ARM_GCC_484\Debug\main.o .\CortexM3\ARM_GCC_484\Debug\packet.o .\CortexM3\ARM_GCC_484\Debug\modem.o .\CortexM3\ARM_GCC_484\Debug\ultrasonic.o .\CortexM3\ARM_GCC_484\Debug\cymetadata.o .\CortexM3\ARM_GCC_484\Debug\Cm3Start.o ".\CortexM3\ARM_GCC_484\Debug\Cell Board.a" "C:\Program Files (x86)\Cypress\PSoC Creator\3.2\PSoC Creator\psoc\content\cycomponentlibrary\CyComponentLibrary.cylib\CortexM3\ARM_GCC_484\Debug\CyComponentLibrary.a" -mcpu=cortex-m3 -mthumb -g -ffunction-sections -O0 "-Wl,-Map,.\CortexM3\ARM_GCC_484\Debug/Cell Board.map" -T Generated_Source\PSoC5\cm3gcc.ld -specs=nano.specs -Wl,--gc-sections -Wl,--end-group
cyelftool.exe -C "C:\Users\Matthew\github\IoT\CellBoard\Cell Board.cydsn\CortexM3\ARM_GCC_484\Debug\Cell Board.elf" --flash_row_size 256 --flash_size 262144
cyelftool.exe -S "C:\Users\Matthew\github\IoT\CellBoard\Cell Board.cydsn\CortexM3\ARM_GCC_484\Debug\Cell Board.elf"
Flash used: 26624 of 262144 bytes (10.2 %).
SRAM used: 23341 of 65536 bytes (35.6 %). Stack: 16384 bytes. Heap: 4096 bytes.
--------------- Build Succeeded: 03/31/2016 22:02:27 ---------------
