--------------- Rebuild Started: 01/25/2016 17:41:37 Project: Cell Board, Configuration: ARM GCC 4.8.4 Debug ---------------
Deleting file ".\CortexM3\ARM_GCC_484\Debug\main.o"
Deleting file ".\CortexM3\ARM_GCC_484\Debug\packet.o"
Deleting file ".\CortexM3\ARM_GCC_484\Debug\modem.o"
Deleting file ".\CortexM3\ARM_GCC_484\Debug\ultrasonic.o"
Deleting file ".\CortexM3\ARM_GCC_484\Debug\cyfitter_cfg.o"
Deleting file ".\CortexM3\ARM_GCC_484\Debug\cymetadata.o"
Deleting file ".\CortexM3\ARM_GCC_484\Debug\Cm3Start.o"
Deleting file ".\CortexM3\ARM_GCC_484\Debug\CyBootAsmGnu.o"
Deleting file ".\CortexM3\ARM_GCC_484\Debug\CyDmac.o"
Deleting file ".\CortexM3\ARM_GCC_484\Debug\CyFlash.o"
Deleting file ".\CortexM3\ARM_GCC_484\Debug\CyLib.o"
Deleting file ".\CortexM3\ARM_GCC_484\Debug\cyPm.o"
Deleting file ".\CortexM3\ARM_GCC_484\Debug\CySpc.o"
Deleting file ".\CortexM3\ARM_GCC_484\Debug\cyutils.o"
Deleting file ".\CortexM3\ARM_GCC_484\Debug\LED.o"
Deleting file ".\CortexM3\ARM_GCC_484\Debug\Pin1.o"
Deleting file ".\CortexM3\ARM_GCC_484\Debug\Pin2.o"
Deleting file ".\CortexM3\ARM_GCC_484\Debug\Pin4.o"
Deleting file ".\CortexM3\ARM_GCC_484\Debug\Pin5.o"
Deleting file ".\CortexM3\ARM_GCC_484\Debug\Pin9.o"
Deleting file ".\CortexM3\ARM_GCC_484\Debug\Pin10.o"
Deleting file ".\CortexM3\ARM_GCC_484\Debug\Pin11.o"
Deleting file ".\CortexM3\ARM_GCC_484\Debug\Pin12.o"
Deleting file ".\CortexM3\ARM_GCC_484\Debug\Pin14.o"
Deleting file ".\CortexM3\ARM_GCC_484\Debug\Pin15.o"
Deleting file ".\CortexM3\ARM_GCC_484\Debug\Pin17.o"
Deleting file ".\CortexM3\ARM_GCC_484\Debug\Pin18.o"
Deleting file ".\CortexM3\ARM_GCC_484\Debug\Pin19.o"
Deleting file ".\CortexM3\ARM_GCC_484\Debug\Pin20.o"
Deleting file ".\CortexM3\ARM_GCC_484\Debug\Pin24.o"
Deleting file ".\CortexM3\ARM_GCC_484\Debug\Pin25.o"
Deleting file ".\CortexM3\ARM_GCC_484\Debug\Pin26.o"
Deleting file ".\CortexM3\ARM_GCC_484\Debug\Pin27.o"
Deleting file ".\CortexM3\ARM_GCC_484\Debug\Pin29.o"
Deleting file ".\CortexM3\ARM_GCC_484\Debug\Pin30.o"
Deleting file ".\CortexM3\ARM_GCC_484\Debug\Pin31.o"
Deleting file ".\CortexM3\ARM_GCC_484\Debug\Pin33.o"
Deleting file ".\CortexM3\ARM_GCC_484\Debug\Pin34.o"
Deleting file ".\CortexM3\ARM_GCC_484\Debug\Pin35.o"
Deleting file ".\CortexM3\ARM_GCC_484\Debug\Pin37.o"
Deleting file ".\CortexM3\ARM_GCC_484\Debug\Pin38.o"
Deleting file ".\CortexM3\ARM_GCC_484\Debug\Pin39.o"
Deleting file ".\CortexM3\ARM_GCC_484\Debug\Telit_PWR.o"
Deleting file ".\CortexM3\ARM_GCC_484\Debug\Telit_RST.o"
Deleting file ".\CortexM3\ARM_GCC_484\Debug\Telit_ON.o"
Deleting file ".\CortexM3\ARM_GCC_484\Debug\VBAT_READ_EN.o"
Deleting file ".\CortexM3\ARM_GCC_484\Debug\Telit_UART.o"
Deleting file ".\CortexM3\ARM_GCC_484\Debug\Telit_UART_PM.o"
Deleting file ".\CortexM3\ARM_GCC_484\Debug\Telit_UART_INT.o"
Deleting file ".\CortexM3\ARM_GCC_484\Debug\Telit_UART_BOOT.o"
Deleting file ".\CortexM3\ARM_GCC_484\Debug\Telit_isr_rx.o"
Deleting file ".\CortexM3\ARM_GCC_484\Debug\Telit_tx.o"
Deleting file ".\CortexM3\ARM_GCC_484\Debug\Telit_ControlReg.o"
Deleting file ".\CortexM3\ARM_GCC_484\Debug\Telit_UART_IntClock.o"
Deleting file ".\CortexM3\ARM_GCC_484\Debug\sleep_isr.o"
Deleting file ".\CortexM3\ARM_GCC_484\Debug\SleepTimer.o"
Deleting file ".\CortexM3\ARM_GCC_484\Debug\Ultrasonic_ON.o"
Deleting file ".\CortexM3\ARM_GCC_484\Debug\uart_ultrasonic.o"
Deleting file ".\CortexM3\ARM_GCC_484\Debug\uart_ultrasonic_PM.o"
Deleting file ".\CortexM3\ARM_GCC_484\Debug\uart_ultrasonic_INT.o"
Deleting file ".\CortexM3\ARM_GCC_484\Debug\uart_ultrasonic_BOOT.o"
Deleting file ".\CortexM3\ARM_GCC_484\Debug\isr_byte_ultrasonic_rx.o"
Deleting file ".\CortexM3\ARM_GCC_484\Debug\uart_ultrasonic_IntClock.o"
Deleting file ".\CortexM3\ARM_GCC_484\Debug\Cell Board.hex"
Deleting file ".\CortexM3\ARM_GCC_484\Debug\Cell Board.elf"
Deleting file ".\CortexM3\ARM_GCC_484\Debug\Cell Board.map"
Deleting file ".\Cell Board.cycdx"
Deleting file ".\Cell Board.svd"
Deleting file ".\Cell Board.rpt"
Deleting file ".\Cell Board_timing.html"
Deleting file ".\CortexM3\ARM_GCC_484\Debug\.deps\C_FILE.P"
Deleting file ".\CortexM3\ARM_GCC_484\Debug\.deps\ARM_C_FILE.P"
Deleting file ".\CortexM3\ARM_GCC_484\Debug\.deps\GNU_ARM_ASM_FILE.P"
cydsfit.exe -.appdatapath "C:\Users\Branko Kerkez\AppData\Local\Cypress Semiconductor\PSoC Creator\3.1" -.fdsnotice -.fdswarpdepfile=warp_dependencies.txt -.fdselabdepfile=elab_dependencies.txt -.fdsbldfile=generated_files.txt -p "D:\psoc5\Cell Board\Cell Board.cydsn\Cell Board.cyprj" -d CY8C5888LTI-LP097 -s "D:\psoc5\Cell Board\Cell Board.cydsn\Generated_Source\PSoC5" -- -yv2 -q10 -ygs -o2 -v3 -.fftcfgtype=LE
Elaborating Design...
HDL Generation ...
Synthesis ...
Place and Route ...
Tech mapping ...
Analog Placement ...
Analog Routing ...
Analog Code Generation ...
Digital Placement ...
Digital Routing ...
Bitstream Generation ...
Static timing analysis ...
API Generation ...
Dependency Generation ...
Clean Temporary Files ...
arm-none-eabi-gcc.exe -mcpu=cortex-m3 -mthumb -Wno-main -I. -I.\Generated_Source\PSoC5 -Wa,-alh=.\CortexM3\ARM_GCC_484\Debug/main.lst -g -D DEBUG -Wall -ffunction-sections -O0 -c .\main.c -o .\CortexM3\ARM_GCC_484\Debug\main.o
.\main.c: In function 'main':
.\main.c:75:5: warning: passing argument 2 of 'modem_set_api_feed' discards 'const' qualifier from pointer target type [enabled by default]
     modem_set_api_feed(FEED_ID, API_KEY);
     ^
In file included from .\packet.h:16:0,
                 from .\main.c:15:
.\modem.h:28:9: note: expected 'char *' but argument is of type 'const char *'
 uint8   modem_set_api_feed(uint32 feed_id, char* api_key);
         ^
.\main.c: In function 'blink_LED':
.\main.c:378:1: warning: control reaches end of non-void function [-Wreturn-type]
 }
 ^
arm-none-eabi-gcc.exe -mcpu=cortex-m3 -mthumb -Wno-main -I. -I.\Generated_Source\PSoC5 -Wa,-alh=.\CortexM3\ARM_GCC_484\Debug/packet.lst -g -D DEBUG -Wall -ffunction-sections -O0 -c .\packet.c -o .\CortexM3\ARM_GCC_484\Debug\packet.o
.\packet.c: In function 'clear_packet':
.\packet.c:105:27: warning: argument to 'sizeof' in 'memset' call is the same expression as the destination; did you mean to provide an explicit length? [-Wsizeof-pointer-memaccess]
     memset(packet,0,sizeof(packet));
                           ^
arm-none-eabi-gcc.exe -mcpu=cortex-m3 -mthumb -Wno-main -I. -I.\Generated_Source\PSoC5 -Wa,-alh=.\CortexM3\ARM_GCC_484\Debug/modem.lst -g -D DEBUG -Wall -ffunction-sections -O0 -c .\modem.c -o .\CortexM3\ARM_GCC_484\Debug\modem.o
.\modem.c: In function 'modem_get_google':
.\modem.c:517:46: warning: unused variable 'key_str' [-Wunused-variable]
             char get_str[MAX_PACKET_LENGTH], key_str[100];
                                              ^
.\modem.c:517:18: warning: unused variable 'get_str' [-Wunused-variable]
             char get_str[MAX_PACKET_LENGTH], key_str[100];
                  ^
arm-none-eabi-gcc.exe -mcpu=cortex-m3 -mthumb -Wno-main -I. -I.\Generated_Source\PSoC5 -Wa,-alh=.\CortexM3\ARM_GCC_484\Debug/ultrasonic.lst -g -D DEBUG -Wall -ffunction-sections -O0 -c .\ultrasonic.c -o .\CortexM3\ARM_GCC_484\Debug\ultrasonic.o
arm-none-eabi-gcc.exe -mcpu=cortex-m3 -mthumb -Wno-main -I. -I.\Generated_Source\PSoC5 -Wa,-alh=.\CortexM3\ARM_GCC_484\Debug/cyfitter_cfg.lst -g -D DEBUG -Wall -ffunction-sections -O0 -c .\Generated_Source\PSoC5\cyfitter_cfg.c -o .\CortexM3\ARM_GCC_484\Debug\cyfitter_cfg.o
arm-none-eabi-gcc.exe -mcpu=cortex-m3 -mthumb -Wno-main -I. -I.\Generated_Source\PSoC5 -Wa,-alh=.\CortexM3\ARM_GCC_484\Debug/cymetadata.lst -g -D DEBUG -Wall -ffunction-sections -O0 -c .\Generated_Source\PSoC5\cymetadata.c -o .\CortexM3\ARM_GCC_484\Debug\cymetadata.o
arm-none-eabi-gcc.exe -mcpu=cortex-m3 -mthumb -Wno-main -I. -I.\Generated_Source\PSoC5 -Wa,-alh=.\CortexM3\ARM_GCC_484\Debug/Cm3Start.lst -g -D DEBUG -Wall -ffunction-sections -O0 -c .\Generated_Source\PSoC5\Cm3Start.c -o .\CortexM3\ARM_GCC_484\Debug\Cm3Start.o
arm-none-eabi-as.exe -mcpu=cortex-m3 -mthumb -I. -I.\Generated_Source\PSoC5 -alh=.\CortexM3\ARM_GCC_484\Debug/CyBootAsmGnu.lst -g -W -o .\CortexM3\ARM_GCC_484\Debug\CyBootAsmGnu.o .\Generated_Source\PSoC5\CyBootAsmGnu.s
arm-none-eabi-gcc.exe -mcpu=cortex-m3 -mthumb -Wno-main -I. -I.\Generated_Source\PSoC5 -Wa,-alh=.\CortexM3\ARM_GCC_484\Debug/CyDmac.lst -g -D DEBUG -Wall -ffunction-sections -O0 -c .\Generated_Source\PSoC5\CyDmac.c -o .\CortexM3\ARM_GCC_484\Debug\CyDmac.o
arm-none-eabi-gcc.exe -mcpu=cortex-m3 -mthumb -Wno-main -I. -I.\Generated_Source\PSoC5 -Wa,-alh=.\CortexM3\ARM_GCC_484\Debug/CyFlash.lst -g -D DEBUG -Wall -ffunction-sections -O0 -c .\Generated_Source\PSoC5\CyFlash.c -o .\CortexM3\ARM_GCC_484\Debug\CyFlash.o
arm-none-eabi-gcc.exe -mcpu=cortex-m3 -mthumb -Wno-main -I. -I.\Generated_Source\PSoC5 -Wa,-alh=.\CortexM3\ARM_GCC_484\Debug/CyLib.lst -g -D DEBUG -Wall -ffunction-sections -O0 -c .\Generated_Source\PSoC5\CyLib.c -o .\CortexM3\ARM_GCC_484\Debug\CyLib.o
arm-none-eabi-gcc.exe -mcpu=cortex-m3 -mthumb -Wno-main -I. -I.\Generated_Source\PSoC5 -Wa,-alh=.\CortexM3\ARM_GCC_484\Debug/cyPm.lst -g -D DEBUG -Wall -ffunction-sections -O0 -c .\Generated_Source\PSoC5\cyPm.c -o .\CortexM3\ARM_GCC_484\Debug\cyPm.o
arm-none-eabi-gcc.exe -mcpu=cortex-m3 -mthumb -Wno-main -I. -I.\Generated_Source\PSoC5 -Wa,-alh=.\CortexM3\ARM_GCC_484\Debug/CySpc.lst -g -D DEBUG -Wall -ffunction-sections -O0 -c .\Generated_Source\PSoC5\CySpc.c -o .\CortexM3\ARM_GCC_484\Debug\CySpc.o
arm-none-eabi-gcc.exe -mcpu=cortex-m3 -mthumb -Wno-main -I. -I.\Generated_Source\PSoC5 -Wa,-alh=.\CortexM3\ARM_GCC_484\Debug/cyutils.lst -g -D DEBUG -Wall -ffunction-sections -O0 -c .\Generated_Source\PSoC5\cyutils.c -o .\CortexM3\ARM_GCC_484\Debug\cyutils.o
arm-none-eabi-gcc.exe -mcpu=cortex-m3 -mthumb -Wno-main -I. -I.\Generated_Source\PSoC5 -Wa,-alh=.\CortexM3\ARM_GCC_484\Debug/LED.lst -g -D DEBUG -Wall -ffunction-sections -O0 -c .\Generated_Source\PSoC5\LED.c -o .\CortexM3\ARM_GCC_484\Debug\LED.o
arm-none-eabi-gcc.exe -mcpu=cortex-m3 -mthumb -Wno-main -I. -I.\Generated_Source\PSoC5 -Wa,-alh=.\CortexM3\ARM_GCC_484\Debug/Pin1.lst -g -D DEBUG -Wall -ffunction-sections -O0 -c .\Generated_Source\PSoC5\Pin1.c -o .\CortexM3\ARM_GCC_484\Debug\Pin1.o
arm-none-eabi-gcc.exe -mcpu=cortex-m3 -mthumb -Wno-main -I. -I.\Generated_Source\PSoC5 -Wa,-alh=.\CortexM3\ARM_GCC_484\Debug/Pin2.lst -g -D DEBUG -Wall -ffunction-sections -O0 -c .\Generated_Source\PSoC5\Pin2.c -o .\CortexM3\ARM_GCC_484\Debug\Pin2.o
arm-none-eabi-gcc.exe -mcpu=cortex-m3 -mthumb -Wno-main -I. -I.\Generated_Source\PSoC5 -Wa,-alh=.\CortexM3\ARM_GCC_484\Debug/Pin4.lst -g -D DEBUG -Wall -ffunction-sections -O0 -c .\Generated_Source\PSoC5\Pin4.c -o .\CortexM3\ARM_GCC_484\Debug\Pin4.o
arm-none-eabi-gcc.exe -mcpu=cortex-m3 -mthumb -Wno-main -I. -I.\Generated_Source\PSoC5 -Wa,-alh=.\CortexM3\ARM_GCC_484\Debug/Pin5.lst -g -D DEBUG -Wall -ffunction-sections -O0 -c .\Generated_Source\PSoC5\Pin5.c -o .\CortexM3\ARM_GCC_484\Debug\Pin5.o
arm-none-eabi-gcc.exe -mcpu=cortex-m3 -mthumb -Wno-main -I. -I.\Generated_Source\PSoC5 -Wa,-alh=.\CortexM3\ARM_GCC_484\Debug/Pin9.lst -g -D DEBUG -Wall -ffunction-sections -O0 -c .\Generated_Source\PSoC5\Pin9.c -o .\CortexM3\ARM_GCC_484\Debug\Pin9.o
arm-none-eabi-gcc.exe -mcpu=cortex-m3 -mthumb -Wno-main -I. -I.\Generated_Source\PSoC5 -Wa,-alh=.\CortexM3\ARM_GCC_484\Debug/Pin10.lst -g -D DEBUG -Wall -ffunction-sections -O0 -c .\Generated_Source\PSoC5\Pin10.c -o .\CortexM3\ARM_GCC_484\Debug\Pin10.o
arm-none-eabi-gcc.exe -mcpu=cortex-m3 -mthumb -Wno-main -I. -I.\Generated_Source\PSoC5 -Wa,-alh=.\CortexM3\ARM_GCC_484\Debug/Pin11.lst -g -D DEBUG -Wall -ffunction-sections -O0 -c .\Generated_Source\PSoC5\Pin11.c -o .\CortexM3\ARM_GCC_484\Debug\Pin11.o
arm-none-eabi-gcc.exe -mcpu=cortex-m3 -mthumb -Wno-main -I. -I.\Generated_Source\PSoC5 -Wa,-alh=.\CortexM3\ARM_GCC_484\Debug/Pin12.lst -g -D DEBUG -Wall -ffunction-sections -O0 -c .\Generated_Source\PSoC5\Pin12.c -o .\CortexM3\ARM_GCC_484\Debug\Pin12.o
arm-none-eabi-gcc.exe -mcpu=cortex-m3 -mthumb -Wno-main -I. -I.\Generated_Source\PSoC5 -Wa,-alh=.\CortexM3\ARM_GCC_484\Debug/Pin14.lst -g -D DEBUG -Wall -ffunction-sections -O0 -c .\Generated_Source\PSoC5\Pin14.c -o .\CortexM3\ARM_GCC_484\Debug\Pin14.o
arm-none-eabi-gcc.exe -mcpu=cortex-m3 -mthumb -Wno-main -I. -I.\Generated_Source\PSoC5 -Wa,-alh=.\CortexM3\ARM_GCC_484\Debug/Pin15.lst -g -D DEBUG -Wall -ffunction-sections -O0 -c .\Generated_Source\PSoC5\Pin15.c -o .\CortexM3\ARM_GCC_484\Debug\Pin15.o
arm-none-eabi-gcc.exe -mcpu=cortex-m3 -mthumb -Wno-main -I. -I.\Generated_Source\PSoC5 -Wa,-alh=.\CortexM3\ARM_GCC_484\Debug/Pin17.lst -g -D DEBUG -Wall -ffunction-sections -O0 -c .\Generated_Source\PSoC5\Pin17.c -o .\CortexM3\ARM_GCC_484\Debug\Pin17.o
arm-none-eabi-gcc.exe -mcpu=cortex-m3 -mthumb -Wno-main -I. -I.\Generated_Source\PSoC5 -Wa,-alh=.\CortexM3\ARM_GCC_484\Debug/Pin18.lst -g -D DEBUG -Wall -ffunction-sections -O0 -c .\Generated_Source\PSoC5\Pin18.c -o .\CortexM3\ARM_GCC_484\Debug\Pin18.o
arm-none-eabi-gcc.exe -mcpu=cortex-m3 -mthumb -Wno-main -I. -I.\Generated_Source\PSoC5 -Wa,-alh=.\CortexM3\ARM_GCC_484\Debug/Pin19.lst -g -D DEBUG -Wall -ffunction-sections -O0 -c .\Generated_Source\PSoC5\Pin19.c -o .\CortexM3\ARM_GCC_484\Debug\Pin19.o
arm-none-eabi-gcc.exe -mcpu=cortex-m3 -mthumb -Wno-main -I. -I.\Generated_Source\PSoC5 -Wa,-alh=.\CortexM3\ARM_GCC_484\Debug/Pin20.lst -g -D DEBUG -Wall -ffunction-sections -O0 -c .\Generated_Source\PSoC5\Pin20.c -o .\CortexM3\ARM_GCC_484\Debug\Pin20.o
arm-none-eabi-gcc.exe -mcpu=cortex-m3 -mthumb -Wno-main -I. -I.\Generated_Source\PSoC5 -Wa,-alh=.\CortexM3\ARM_GCC_484\Debug/Pin24.lst -g -D DEBUG -Wall -ffunction-sections -O0 -c .\Generated_Source\PSoC5\Pin24.c -o .\CortexM3\ARM_GCC_484\Debug\Pin24.o
arm-none-eabi-gcc.exe -mcpu=cortex-m3 -mthumb -Wno-main -I. -I.\Generated_Source\PSoC5 -Wa,-alh=.\CortexM3\ARM_GCC_484\Debug/Pin25.lst -g -D DEBUG -Wall -ffunction-sections -O0 -c .\Generated_Source\PSoC5\Pin25.c -o .\CortexM3\ARM_GCC_484\Debug\Pin25.o
arm-none-eabi-gcc.exe -mcpu=cortex-m3 -mthumb -Wno-main -I. -I.\Generated_Source\PSoC5 -Wa,-alh=.\CortexM3\ARM_GCC_484\Debug/Pin26.lst -g -D DEBUG -Wall -ffunction-sections -O0 -c .\Generated_Source\PSoC5\Pin26.c -o .\CortexM3\ARM_GCC_484\Debug\Pin26.o
arm-none-eabi-gcc.exe -mcpu=cortex-m3 -mthumb -Wno-main -I. -I.\Generated_Source\PSoC5 -Wa,-alh=.\CortexM3\ARM_GCC_484\Debug/Pin27.lst -g -D DEBUG -Wall -ffunction-sections -O0 -c .\Generated_Source\PSoC5\Pin27.c -o .\CortexM3\ARM_GCC_484\Debug\Pin27.o
arm-none-eabi-gcc.exe -mcpu=cortex-m3 -mthumb -Wno-main -I. -I.\Generated_Source\PSoC5 -Wa,-alh=.\CortexM3\ARM_GCC_484\Debug/Pin29.lst -g -D DEBUG -Wall -ffunction-sections -O0 -c .\Generated_Source\PSoC5\Pin29.c -o .\CortexM3\ARM_GCC_484\Debug\Pin29.o
arm-none-eabi-gcc.exe -mcpu=cortex-m3 -mthumb -Wno-main -I. -I.\Generated_Source\PSoC5 -Wa,-alh=.\CortexM3\ARM_GCC_484\Debug/Pin30.lst -g -D DEBUG -Wall -ffunction-sections -O0 -c .\Generated_Source\PSoC5\Pin30.c -o .\CortexM3\ARM_GCC_484\Debug\Pin30.o
arm-none-eabi-gcc.exe -mcpu=cortex-m3 -mthumb -Wno-main -I. -I.\Generated_Source\PSoC5 -Wa,-alh=.\CortexM3\ARM_GCC_484\Debug/Pin31.lst -g -D DEBUG -Wall -ffunction-sections -O0 -c .\Generated_Source\PSoC5\Pin31.c -o .\CortexM3\ARM_GCC_484\Debug\Pin31.o
arm-none-eabi-gcc.exe -mcpu=cortex-m3 -mthumb -Wno-main -I. -I.\Generated_Source\PSoC5 -Wa,-alh=.\CortexM3\ARM_GCC_484\Debug/Pin33.lst -g -D DEBUG -Wall -ffunction-sections -O0 -c .\Generated_Source\PSoC5\Pin33.c -o .\CortexM3\ARM_GCC_484\Debug\Pin33.o
arm-none-eabi-gcc.exe -mcpu=cortex-m3 -mthumb -Wno-main -I. -I.\Generated_Source\PSoC5 -Wa,-alh=.\CortexM3\ARM_GCC_484\Debug/Pin34.lst -g -D DEBUG -Wall -ffunction-sections -O0 -c .\Generated_Source\PSoC5\Pin34.c -o .\CortexM3\ARM_GCC_484\Debug\Pin34.o
arm-none-eabi-gcc.exe -mcpu=cortex-m3 -mthumb -Wno-main -I. -I.\Generated_Source\PSoC5 -Wa,-alh=.\CortexM3\ARM_GCC_484\Debug/Pin35.lst -g -D DEBUG -Wall -ffunction-sections -O0 -c .\Generated_Source\PSoC5\Pin35.c -o .\CortexM3\ARM_GCC_484\Debug\Pin35.o
arm-none-eabi-gcc.exe -mcpu=cortex-m3 -mthumb -Wno-main -I. -I.\Generated_Source\PSoC5 -Wa,-alh=.\CortexM3\ARM_GCC_484\Debug/Pin37.lst -g -D DEBUG -Wall -ffunction-sections -O0 -c .\Generated_Source\PSoC5\Pin37.c -o .\CortexM3\ARM_GCC_484\Debug\Pin37.o
arm-none-eabi-gcc.exe -mcpu=cortex-m3 -mthumb -Wno-main -I. -I.\Generated_Source\PSoC5 -Wa,-alh=.\CortexM3\ARM_GCC_484\Debug/Pin38.lst -g -D DEBUG -Wall -ffunction-sections -O0 -c .\Generated_Source\PSoC5\Pin38.c -o .\CortexM3\ARM_GCC_484\Debug\Pin38.o
arm-none-eabi-gcc.exe -mcpu=cortex-m3 -mthumb -Wno-main -I. -I.\Generated_Source\PSoC5 -Wa,-alh=.\CortexM3\ARM_GCC_484\Debug/Pin39.lst -g -D DEBUG -Wall -ffunction-sections -O0 -c .\Generated_Source\PSoC5\Pin39.c -o .\CortexM3\ARM_GCC_484\Debug\Pin39.o
arm-none-eabi-gcc.exe -mcpu=cortex-m3 -mthumb -Wno-main -I. -I.\Generated_Source\PSoC5 -Wa,-alh=.\CortexM3\ARM_GCC_484\Debug/Telit_PWR.lst -g -D DEBUG -Wall -ffunction-sections -O0 -c .\Generated_Source\PSoC5\Telit_PWR.c -o .\CortexM3\ARM_GCC_484\Debug\Telit_PWR.o
arm-none-eabi-gcc.exe -mcpu=cortex-m3 -mthumb -Wno-main -I. -I.\Generated_Source\PSoC5 -Wa,-alh=.\CortexM3\ARM_GCC_484\Debug/Telit_RST.lst -g -D DEBUG -Wall -ffunction-sections -O0 -c .\Generated_Source\PSoC5\Telit_RST.c -o .\CortexM3\ARM_GCC_484\Debug\Telit_RST.o
arm-none-eabi-gcc.exe -mcpu=cortex-m3 -mthumb -Wno-main -I. -I.\Generated_Source\PSoC5 -Wa,-alh=.\CortexM3\ARM_GCC_484\Debug/Telit_ON.lst -g -D DEBUG -Wall -ffunction-sections -O0 -c .\Generated_Source\PSoC5\Telit_ON.c -o .\CortexM3\ARM_GCC_484\Debug\Telit_ON.o
arm-none-eabi-gcc.exe -mcpu=cortex-m3 -mthumb -Wno-main -I. -I.\Generated_Source\PSoC5 -Wa,-alh=.\CortexM3\ARM_GCC_484\Debug/VBAT_READ_EN.lst -g -D DEBUG -Wall -ffunction-sections -O0 -c .\Generated_Source\PSoC5\VBAT_READ_EN.c -o .\CortexM3\ARM_GCC_484\Debug\VBAT_READ_EN.o
arm-none-eabi-gcc.exe -mcpu=cortex-m3 -mthumb -Wno-main -I. -I.\Generated_Source\PSoC5 -Wa,-alh=.\CortexM3\ARM_GCC_484\Debug/Telit_UART.lst -g -D DEBUG -Wall -ffunction-sections -O0 -c .\Generated_Source\PSoC5\Telit_UART.c -o .\CortexM3\ARM_GCC_484\Debug\Telit_UART.o
arm-none-eabi-gcc.exe -mcpu=cortex-m3 -mthumb -Wno-main -I. -I.\Generated_Source\PSoC5 -Wa,-alh=.\CortexM3\ARM_GCC_484\Debug/Telit_UART_PM.lst -g -D DEBUG -Wall -ffunction-sections -O0 -c .\Generated_Source\PSoC5\Telit_UART_PM.c -o .\CortexM3\ARM_GCC_484\Debug\Telit_UART_PM.o
arm-none-eabi-gcc.exe -mcpu=cortex-m3 -mthumb -Wno-main -I. -I.\Generated_Source\PSoC5 -Wa,-alh=.\CortexM3\ARM_GCC_484\Debug/Telit_UART_INT.lst -g -D DEBUG -Wall -ffunction-sections -O0 -c .\Generated_Source\PSoC5\Telit_UART_INT.c -o .\CortexM3\ARM_GCC_484\Debug\Telit_UART_INT.o
arm-none-eabi-gcc.exe -mcpu=cortex-m3 -mthumb -Wno-main -I. -I.\Generated_Source\PSoC5 -Wa,-alh=.\CortexM3\ARM_GCC_484\Debug/Telit_UART_BOOT.lst -g -D DEBUG -Wall -ffunction-sections -O0 -c .\Generated_Source\PSoC5\Telit_UART_BOOT.c -o .\CortexM3\ARM_GCC_484\Debug\Telit_UART_BOOT.o
arm-none-eabi-gcc.exe -mcpu=cortex-m3 -mthumb -Wno-main -I. -I.\Generated_Source\PSoC5 -Wa,-alh=.\CortexM3\ARM_GCC_484\Debug/Telit_isr_rx.lst -g -D DEBUG -Wall -ffunction-sections -O0 -c .\Generated_Source\PSoC5\Telit_isr_rx.c -o .\CortexM3\ARM_GCC_484\Debug\Telit_isr_rx.o
arm-none-eabi-gcc.exe -mcpu=cortex-m3 -mthumb -Wno-main -I. -I.\Generated_Source\PSoC5 -Wa,-alh=.\CortexM3\ARM_GCC_484\Debug/Telit_tx.lst -g -D DEBUG -Wall -ffunction-sections -O0 -c .\Generated_Source\PSoC5\Telit_tx.c -o .\CortexM3\ARM_GCC_484\Debug\Telit_tx.o
arm-none-eabi-gcc.exe -mcpu=cortex-m3 -mthumb -Wno-main -I. -I.\Generated_Source\PSoC5 -Wa,-alh=.\CortexM3\ARM_GCC_484\Debug/Telit_ControlReg.lst -g -D DEBUG -Wall -ffunction-sections -O0 -c .\Generated_Source\PSoC5\Telit_ControlReg.c -o .\CortexM3\ARM_GCC_484\Debug\Telit_ControlReg.o
arm-none-eabi-gcc.exe -mcpu=cortex-m3 -mthumb -Wno-main -I. -I.\Generated_Source\PSoC5 -Wa,-alh=.\CortexM3\ARM_GCC_484\Debug/Telit_UART_IntClock.lst -g -D DEBUG -Wall -ffunction-sections -O0 -c .\Generated_Source\PSoC5\Telit_UART_IntClock.c -o .\CortexM3\ARM_GCC_484\Debug\Telit_UART_IntClock.o
arm-none-eabi-gcc.exe -mcpu=cortex-m3 -mthumb -Wno-main -I. -I.\Generated_Source\PSoC5 -Wa,-alh=.\CortexM3\ARM_GCC_484\Debug/sleep_isr.lst -g -D DEBUG -Wall -ffunction-sections -O0 -c .\Generated_Source\PSoC5\sleep_isr.c -o .\CortexM3\ARM_GCC_484\Debug\sleep_isr.o
arm-none-eabi-gcc.exe -mcpu=cortex-m3 -mthumb -Wno-main -I. -I.\Generated_Source\PSoC5 -Wa,-alh=.\CortexM3\ARM_GCC_484\Debug/SleepTimer.lst -g -D DEBUG -Wall -ffunction-sections -O0 -c .\Generated_Source\PSoC5\SleepTimer.c -o .\CortexM3\ARM_GCC_484\Debug\SleepTimer.o
arm-none-eabi-gcc.exe -mcpu=cortex-m3 -mthumb -Wno-main -I. -I.\Generated_Source\PSoC5 -Wa,-alh=.\CortexM3\ARM_GCC_484\Debug/Ultrasonic_ON.lst -g -D DEBUG -Wall -ffunction-sections -O0 -c .\Generated_Source\PSoC5\Ultrasonic_ON.c -o .\CortexM3\ARM_GCC_484\Debug\Ultrasonic_ON.o
arm-none-eabi-gcc.exe -mcpu=cortex-m3 -mthumb -Wno-main -I. -I.\Generated_Source\PSoC5 -Wa,-alh=.\CortexM3\ARM_GCC_484\Debug/uart_ultrasonic.lst -g -D DEBUG -Wall -ffunction-sections -O0 -c .\Generated_Source\PSoC5\uart_ultrasonic.c -o .\CortexM3\ARM_GCC_484\Debug\uart_ultrasonic.o
arm-none-eabi-gcc.exe -mcpu=cortex-m3 -mthumb -Wno-main -I. -I.\Generated_Source\PSoC5 -Wa,-alh=.\CortexM3\ARM_GCC_484\Debug/uart_ultrasonic_PM.lst -g -D DEBUG -Wall -ffunction-sections -O0 -c .\Generated_Source\PSoC5\uart_ultrasonic_PM.c -o .\CortexM3\ARM_GCC_484\Debug\uart_ultrasonic_PM.o
arm-none-eabi-gcc.exe -mcpu=cortex-m3 -mthumb -Wno-main -I. -I.\Generated_Source\PSoC5 -Wa,-alh=.\CortexM3\ARM_GCC_484\Debug/uart_ultrasonic_INT.lst -g -D DEBUG -Wall -ffunction-sections -O0 -c .\Generated_Source\PSoC5\uart_ultrasonic_INT.c -o .\CortexM3\ARM_GCC_484\Debug\uart_ultrasonic_INT.o
arm-none-eabi-gcc.exe -mcpu=cortex-m3 -mthumb -Wno-main -I. -I.\Generated_Source\PSoC5 -Wa,-alh=.\CortexM3\ARM_GCC_484\Debug/uart_ultrasonic_BOOT.lst -g -D DEBUG -Wall -ffunction-sections -O0 -c .\Generated_Source\PSoC5\uart_ultrasonic_BOOT.c -o .\CortexM3\ARM_GCC_484\Debug\uart_ultrasonic_BOOT.o
arm-none-eabi-gcc.exe -mcpu=cortex-m3 -mthumb -Wno-main -I. -I.\Generated_Source\PSoC5 -Wa,-alh=.\CortexM3\ARM_GCC_484\Debug/isr_byte_ultrasonic_rx.lst -g -D DEBUG -Wall -ffunction-sections -O0 -c .\Generated_Source\PSoC5\isr_byte_ultrasonic_rx.c -o .\CortexM3\ARM_GCC_484\Debug\isr_byte_ultrasonic_rx.o
arm-none-eabi-gcc.exe -mcpu=cortex-m3 -mthumb -Wno-main -I. -I.\Generated_Source\PSoC5 -Wa,-alh=.\CortexM3\ARM_GCC_484\Debug/uart_ultrasonic_IntClock.lst -g -D DEBUG -Wall -ffunction-sections -O0 -c .\Generated_Source\PSoC5\uart_ultrasonic_IntClock.c -o .\CortexM3\ARM_GCC_484\Debug\uart_ultrasonic_IntClock.o
arm-none-eabi-ar.exe -rs ".\CortexM3\ARM_GCC_484\Debug\Cell Board.a" .\CortexM3\ARM_GCC_484\Debug\cyfitter_cfg.o .\CortexM3\ARM_GCC_484\Debug\CyBootAsmGnu.o .\CortexM3\ARM_GCC_484\Debug\CyDmac.o .\CortexM3\ARM_GCC_484\Debug\CyFlash.o .\CortexM3\ARM_GCC_484\Debug\CyLib.o .\CortexM3\ARM_GCC_484\Debug\cyPm.o .\CortexM3\ARM_GCC_484\Debug\CySpc.o .\CortexM3\ARM_GCC_484\Debug\cyutils.o .\CortexM3\ARM_GCC_484\Debug\LED.o .\CortexM3\ARM_GCC_484\Debug\Pin1.o .\CortexM3\ARM_GCC_484\Debug\Pin2.o .\CortexM3\ARM_GCC_484\Debug\Pin4.o .\CortexM3\ARM_GCC_484\Debug\Pin5.o .\CortexM3\ARM_GCC_484\Debug\Pin9.o .\CortexM3\ARM_GCC_484\Debug\Pin10.o .\CortexM3\ARM_GCC_484\Debug\Pin11.o .\CortexM3\ARM_GCC_484\Debug\Pin12.o .\CortexM3\ARM_GCC_484\Debug\Pin14.o .\CortexM3\ARM_GCC_484\Debug\Pin15.o .\CortexM3\ARM_GCC_484\Debug\Pin17.o .\CortexM3\ARM_GCC_484\Debug\Pin18.o .\CortexM3\ARM_GCC_484\Debug\Pin19.o .\CortexM3\ARM_GCC_484\Debug\Pin20.o .\CortexM3\ARM_GCC_484\Debug\Pin24.o .\CortexM3\ARM_GCC_484\Debug\Pin25.o .\CortexM3\ARM_GCC_484\Debug\Pin26.o .\CortexM3\ARM_GCC_484\Debug\Pin27.o .\CortexM3\ARM_GCC_484\Debug\Pin29.o .\CortexM3\ARM_GCC_484\Debug\Pin30.o .\CortexM3\ARM_GCC_484\Debug\Pin31.o .\CortexM3\ARM_GCC_484\Debug\Pin33.o .\CortexM3\ARM_GCC_484\Debug\Pin34.o .\CortexM3\ARM_GCC_484\Debug\Pin35.o .\CortexM3\ARM_GCC_484\Debug\Pin37.o .\CortexM3\ARM_GCC_484\Debug\Pin38.o .\CortexM3\ARM_GCC_484\Debug\Pin39.o .\CortexM3\ARM_GCC_484\Debug\Telit_PWR.o .\CortexM3\ARM_GCC_484\Debug\Telit_RST.o .\CortexM3\ARM_GCC_484\Debug\Telit_ON.o .\CortexM3\ARM_GCC_484\Debug\VBAT_READ_EN.o .\CortexM3\ARM_GCC_484\Debug\Telit_UART.o .\CortexM3\ARM_GCC_484\Debug\Telit_UART_PM.o .\CortexM3\ARM_GCC_484\Debug\Telit_UART_INT.o .\CortexM3\ARM_GCC_484\Debug\Telit_UART_BOOT.o .\CortexM3\ARM_GCC_484\Debug\Telit_isr_rx.o .\CortexM3\ARM_GCC_484\Debug\Telit_tx.o .\CortexM3\ARM_GCC_484\Debug\Telit_ControlReg.o .\CortexM3\ARM_GCC_484\Debug\Telit_UART_IntClock.o .\CortexM3\ARM_GCC_484\Debug\sleep_isr.o .\CortexM3\ARM_GCC_484\Debug\SleepTimer.o .\CortexM3\ARM_GCC_484\Debug\Ultrasonic_ON.o .\CortexM3\ARM_GCC_484\Debug\uart_ultrasonic.o .\CortexM3\ARM_GCC_484\Debug\uart_ultrasonic_PM.o .\CortexM3\ARM_GCC_484\Debug\uart_ultrasonic_INT.o .\CortexM3\ARM_GCC_484\Debug\uart_ultrasonic_BOOT.o .\CortexM3\ARM_GCC_484\Debug\isr_byte_ultrasonic_rx.o .\CortexM3\ARM_GCC_484\Debug\uart_ultrasonic_IntClock.o
arm-none-eabi-ar.exe: creating .\CortexM3\ARM_GCC_484\Debug\Cell Board.a
arm-none-eabi-gcc.exe -Wl,--start-group -o ".\CortexM3\ARM_GCC_484\Debug\Cell Board.elf" .\CortexM3\ARM_GCC_484\Debug\main.o .\CortexM3\ARM_GCC_484\Debug\packet.o .\CortexM3\ARM_GCC_484\Debug\modem.o .\CortexM3\ARM_GCC_484\Debug\ultrasonic.o .\CortexM3\ARM_GCC_484\Debug\cymetadata.o .\CortexM3\ARM_GCC_484\Debug\Cm3Start.o ".\CortexM3\ARM_GCC_484\Debug\Cell Board.a" "C:\Program Files (x86)\Cypress\PSoC Creator\3.1\PSoC Creator\psoc\content\cycomponentlibrary\CyComponentLibrary.cylib\CortexM3\ARM_GCC_484\Debug\CyComponentLibrary.a" -mthumb -march=armv7-m -mfix-cortex-m3-ldrd "-Wl,-Map,.\CortexM3\ARM_GCC_484\Debug/Cell Board.map" -T .\Generated_Source\PSoC5\cm3gcc.ld -g -specs=nano.specs "-u _printf_float" "" -Wl,--gc-sections -Wl,--end-group
cyelftool.exe -C "D:\psoc5\Cell Board\Cell Board.cydsn\CortexM3\ARM_GCC_484\Debug\Cell Board.elf" --flash_size 262144 --flash_row_size 256
cyelftool.exe -S "D:\psoc5\Cell Board\Cell Board.cydsn\CortexM3\ARM_GCC_484\Debug\Cell Board.elf"
Flash used: 27072 of 262144 bytes (10.3 %).
SRAM used: 23349 of 65536 bytes (35.6 %). Stack: 16384 bytes. Heap: 4096 bytes.
--------------- Rebuild Succeeded: 01/25/2016 17:43:58 ---------------
