ARM GAS  C:\Users\Matthew\AppData\Local\Temp\ccrkHddh.s 			page 1


   1              		.syntax unified
   2              		.cpu cortex-m3
   3              		.fpu softvfp
   4              		.eabi_attribute 20, 1
   5              		.eabi_attribute 21, 1
   6              		.eabi_attribute 23, 3
   7              		.eabi_attribute 24, 1
   8              		.eabi_attribute 25, 1
   9              		.eabi_attribute 26, 1
  10              		.eabi_attribute 30, 6
  11              		.eabi_attribute 34, 1
  12              		.eabi_attribute 18, 4
  13              		.thumb
  14              		.file	"Pin31.c"
  15              		.text
  16              	.Ltext0:
  17              		.cfi_sections	.debug_frame
  18              		.section	.text.Pin31_Write,"ax",%progbits
  19              		.align	2
  20              		.global	Pin31_Write
  21              		.thumb
  22              		.thumb_func
  23              		.type	Pin31_Write, %function
  24              	Pin31_Write:
  25              	.LFB0:
  26              		.file 1 ".\\Generated_Source\\PSoC5\\Pin31.c"
   1:.\Generated_Source\PSoC5/Pin31.c **** /*******************************************************************************
   2:.\Generated_Source\PSoC5/Pin31.c **** * File Name: Pin31.c  
   3:.\Generated_Source\PSoC5/Pin31.c **** * Version 2.10
   4:.\Generated_Source\PSoC5/Pin31.c **** *
   5:.\Generated_Source\PSoC5/Pin31.c **** * Description:
   6:.\Generated_Source\PSoC5/Pin31.c **** *  This file contains API to enable firmware control of a Pins component.
   7:.\Generated_Source\PSoC5/Pin31.c **** *
   8:.\Generated_Source\PSoC5/Pin31.c **** * Note:
   9:.\Generated_Source\PSoC5/Pin31.c **** *
  10:.\Generated_Source\PSoC5/Pin31.c **** ********************************************************************************
  11:.\Generated_Source\PSoC5/Pin31.c **** * Copyright 2008-2014, Cypress Semiconductor Corporation.  All rights reserved.
  12:.\Generated_Source\PSoC5/Pin31.c **** * You may use this file only in accordance with the license, terms, conditions, 
  13:.\Generated_Source\PSoC5/Pin31.c **** * disclaimers, and limitations in the end user license agreement accompanying 
  14:.\Generated_Source\PSoC5/Pin31.c **** * the software package with which this file was provided.
  15:.\Generated_Source\PSoC5/Pin31.c **** *******************************************************************************/
  16:.\Generated_Source\PSoC5/Pin31.c **** 
  17:.\Generated_Source\PSoC5/Pin31.c **** #include "cytypes.h"
  18:.\Generated_Source\PSoC5/Pin31.c **** #include "Pin31.h"
  19:.\Generated_Source\PSoC5/Pin31.c **** 
  20:.\Generated_Source\PSoC5/Pin31.c **** /* APIs are not generated for P15[7:6] on PSoC 5 */
  21:.\Generated_Source\PSoC5/Pin31.c **** #if !(CY_PSOC5A &&\
  22:.\Generated_Source\PSoC5/Pin31.c **** 	 Pin31__PORT == 15 && ((Pin31__MASK & 0xC0) != 0))
  23:.\Generated_Source\PSoC5/Pin31.c **** 
  24:.\Generated_Source\PSoC5/Pin31.c **** 
  25:.\Generated_Source\PSoC5/Pin31.c **** /*******************************************************************************
  26:.\Generated_Source\PSoC5/Pin31.c **** * Function Name: Pin31_Write
  27:.\Generated_Source\PSoC5/Pin31.c **** ********************************************************************************
  28:.\Generated_Source\PSoC5/Pin31.c **** *
  29:.\Generated_Source\PSoC5/Pin31.c **** * Summary:
  30:.\Generated_Source\PSoC5/Pin31.c **** *  Assign a new value to the digital port's data output register.  
  31:.\Generated_Source\PSoC5/Pin31.c **** *
ARM GAS  C:\Users\Matthew\AppData\Local\Temp\ccrkHddh.s 			page 2


  32:.\Generated_Source\PSoC5/Pin31.c **** * Parameters:  
  33:.\Generated_Source\PSoC5/Pin31.c **** *  prtValue:  The value to be assigned to the Digital Port. 
  34:.\Generated_Source\PSoC5/Pin31.c **** *
  35:.\Generated_Source\PSoC5/Pin31.c **** * Return: 
  36:.\Generated_Source\PSoC5/Pin31.c **** *  None
  37:.\Generated_Source\PSoC5/Pin31.c **** *  
  38:.\Generated_Source\PSoC5/Pin31.c **** *******************************************************************************/
  39:.\Generated_Source\PSoC5/Pin31.c **** void Pin31_Write(uint8 value) 
  40:.\Generated_Source\PSoC5/Pin31.c **** {
  27              		.loc 1 40 0
  28              		.cfi_startproc
  29              		@ args = 0, pretend = 0, frame = 16
  30              		@ frame_needed = 1, uses_anonymous_args = 0
  31              		@ link register save eliminated.
  32 0000 80B4     		push	{r7}
  33              		.cfi_def_cfa_offset 4
  34              		.cfi_offset 7, -4
  35 0002 85B0     		sub	sp, sp, #20
  36              		.cfi_def_cfa_offset 24
  37 0004 00AF     		add	r7, sp, #0
  38              		.cfi_def_cfa_register 7
  39 0006 0346     		mov	r3, r0
  40 0008 FB71     		strb	r3, [r7, #7]
  41:.\Generated_Source\PSoC5/Pin31.c ****     uint8 staticBits = (Pin31_DR & (uint8)(~Pin31_MASK));
  41              		.loc 1 41 0
  42 000a 094B     		ldr	r3, .L2
  43 000c 1B78     		ldrb	r3, [r3]
  44 000e DBB2     		uxtb	r3, r3
  45 0010 03F07F03 		and	r3, r3, #127
  46 0014 FB73     		strb	r3, [r7, #15]
  42:.\Generated_Source\PSoC5/Pin31.c ****     Pin31_DR = staticBits | ((uint8)(value << Pin31_SHIFT) & Pin31_MASK);
  47              		.loc 1 42 0
  48 0016 064B     		ldr	r3, .L2
  49 0018 FA79     		ldrb	r2, [r7, #7]
  50 001a D201     		lsls	r2, r2, #7
  51 001c D1B2     		uxtb	r1, r2
  52 001e FA7B     		ldrb	r2, [r7, #15]
  53 0020 0A43     		orrs	r2, r2, r1
  54 0022 D2B2     		uxtb	r2, r2
  55 0024 1A70     		strb	r2, [r3]
  43:.\Generated_Source\PSoC5/Pin31.c **** }
  56              		.loc 1 43 0
  57 0026 1437     		adds	r7, r7, #20
  58 0028 BD46     		mov	sp, r7
  59              		@ sp needed
  60 002a 5DF8047B 		ldr	r7, [sp], #4
  61 002e 7047     		bx	lr
  62              	.L3:
  63              		.align	2
  64              	.L2:
  65 0030 20510040 		.word	1073762592
  66              		.cfi_endproc
  67              	.LFE0:
  68              		.size	Pin31_Write, .-Pin31_Write
  69              		.section	.text.Pin31_SetDriveMode,"ax",%progbits
  70              		.align	2
  71              		.global	Pin31_SetDriveMode
ARM GAS  C:\Users\Matthew\AppData\Local\Temp\ccrkHddh.s 			page 3


  72              		.thumb
  73              		.thumb_func
  74              		.type	Pin31_SetDriveMode, %function
  75              	Pin31_SetDriveMode:
  76              	.LFB1:
  44:.\Generated_Source\PSoC5/Pin31.c **** 
  45:.\Generated_Source\PSoC5/Pin31.c **** 
  46:.\Generated_Source\PSoC5/Pin31.c **** /*******************************************************************************
  47:.\Generated_Source\PSoC5/Pin31.c **** * Function Name: Pin31_SetDriveMode
  48:.\Generated_Source\PSoC5/Pin31.c **** ********************************************************************************
  49:.\Generated_Source\PSoC5/Pin31.c **** *
  50:.\Generated_Source\PSoC5/Pin31.c **** * Summary:
  51:.\Generated_Source\PSoC5/Pin31.c **** *  Change the drive mode on the pins of the port.
  52:.\Generated_Source\PSoC5/Pin31.c **** * 
  53:.\Generated_Source\PSoC5/Pin31.c **** * Parameters:  
  54:.\Generated_Source\PSoC5/Pin31.c **** *  mode:  Change the pins to one of the following drive modes.
  55:.\Generated_Source\PSoC5/Pin31.c **** *
  56:.\Generated_Source\PSoC5/Pin31.c **** *  Pin31_DM_STRONG     Strong Drive 
  57:.\Generated_Source\PSoC5/Pin31.c **** *  Pin31_DM_OD_HI      Open Drain, Drives High 
  58:.\Generated_Source\PSoC5/Pin31.c **** *  Pin31_DM_OD_LO      Open Drain, Drives Low 
  59:.\Generated_Source\PSoC5/Pin31.c **** *  Pin31_DM_RES_UP     Resistive Pull Up 
  60:.\Generated_Source\PSoC5/Pin31.c **** *  Pin31_DM_RES_DWN    Resistive Pull Down 
  61:.\Generated_Source\PSoC5/Pin31.c **** *  Pin31_DM_RES_UPDWN  Resistive Pull Up/Down 
  62:.\Generated_Source\PSoC5/Pin31.c **** *  Pin31_DM_DIG_HIZ    High Impedance Digital 
  63:.\Generated_Source\PSoC5/Pin31.c **** *  Pin31_DM_ALG_HIZ    High Impedance Analog 
  64:.\Generated_Source\PSoC5/Pin31.c **** *
  65:.\Generated_Source\PSoC5/Pin31.c **** * Return: 
  66:.\Generated_Source\PSoC5/Pin31.c **** *  None
  67:.\Generated_Source\PSoC5/Pin31.c **** *
  68:.\Generated_Source\PSoC5/Pin31.c **** *******************************************************************************/
  69:.\Generated_Source\PSoC5/Pin31.c **** void Pin31_SetDriveMode(uint8 mode) 
  70:.\Generated_Source\PSoC5/Pin31.c **** {
  77              		.loc 1 70 0
  78              		.cfi_startproc
  79              		@ args = 0, pretend = 0, frame = 8
  80              		@ frame_needed = 1, uses_anonymous_args = 0
  81              		@ link register save eliminated.
  82 0000 80B4     		push	{r7}
  83              		.cfi_def_cfa_offset 4
  84              		.cfi_offset 7, -4
  85 0002 83B0     		sub	sp, sp, #12
  86              		.cfi_def_cfa_offset 16
  87 0004 00AF     		add	r7, sp, #0
  88              		.cfi_def_cfa_register 7
  89 0006 0346     		mov	r3, r0
  90 0008 FB71     		strb	r3, [r7, #7]
  71:.\Generated_Source\PSoC5/Pin31.c **** 	CyPins_SetPinDriveMode(Pin31_0, mode);
  91              		.loc 1 71 0
  92 000a 0A4B     		ldr	r3, .L5
  93 000c 094A     		ldr	r2, .L5
  94 000e 1278     		ldrb	r2, [r2]
  95 0010 D2B2     		uxtb	r2, r2
  96 0012 D2B2     		uxtb	r2, r2
  97 0014 22F00E02 		bic	r2, r2, #14
  98 0018 D1B2     		uxtb	r1, r2
  99 001a FA79     		ldrb	r2, [r7, #7]	@ zero_extendqisi2
 100 001c 02F00E02 		and	r2, r2, #14
ARM GAS  C:\Users\Matthew\AppData\Local\Temp\ccrkHddh.s 			page 4


 101 0020 D2B2     		uxtb	r2, r2
 102 0022 0A43     		orrs	r2, r2, r1
 103 0024 D2B2     		uxtb	r2, r2
 104 0026 D2B2     		uxtb	r2, r2
 105 0028 1A70     		strb	r2, [r3]
  72:.\Generated_Source\PSoC5/Pin31.c **** }
 106              		.loc 1 72 0
 107 002a 0C37     		adds	r7, r7, #12
 108 002c BD46     		mov	sp, r7
 109              		@ sp needed
 110 002e 5DF8047B 		ldr	r7, [sp], #4
 111 0032 7047     		bx	lr
 112              	.L6:
 113              		.align	2
 114              	.L5:
 115 0034 17500040 		.word	1073762327
 116              		.cfi_endproc
 117              	.LFE1:
 118              		.size	Pin31_SetDriveMode, .-Pin31_SetDriveMode
 119              		.section	.text.Pin31_Read,"ax",%progbits
 120              		.align	2
 121              		.global	Pin31_Read
 122              		.thumb
 123              		.thumb_func
 124              		.type	Pin31_Read, %function
 125              	Pin31_Read:
 126              	.LFB2:
  73:.\Generated_Source\PSoC5/Pin31.c **** 
  74:.\Generated_Source\PSoC5/Pin31.c **** 
  75:.\Generated_Source\PSoC5/Pin31.c **** /*******************************************************************************
  76:.\Generated_Source\PSoC5/Pin31.c **** * Function Name: Pin31_Read
  77:.\Generated_Source\PSoC5/Pin31.c **** ********************************************************************************
  78:.\Generated_Source\PSoC5/Pin31.c **** *
  79:.\Generated_Source\PSoC5/Pin31.c **** * Summary:
  80:.\Generated_Source\PSoC5/Pin31.c **** *  Read the current value on the pins of the Digital Port in right justified 
  81:.\Generated_Source\PSoC5/Pin31.c **** *  form.
  82:.\Generated_Source\PSoC5/Pin31.c **** *
  83:.\Generated_Source\PSoC5/Pin31.c **** * Parameters:  
  84:.\Generated_Source\PSoC5/Pin31.c **** *  None
  85:.\Generated_Source\PSoC5/Pin31.c **** *
  86:.\Generated_Source\PSoC5/Pin31.c **** * Return: 
  87:.\Generated_Source\PSoC5/Pin31.c **** *  Returns the current value of the Digital Port as a right justified number
  88:.\Generated_Source\PSoC5/Pin31.c **** *  
  89:.\Generated_Source\PSoC5/Pin31.c **** * Note:
  90:.\Generated_Source\PSoC5/Pin31.c **** *  Macro Pin31_ReadPS calls this function. 
  91:.\Generated_Source\PSoC5/Pin31.c **** *  
  92:.\Generated_Source\PSoC5/Pin31.c **** *******************************************************************************/
  93:.\Generated_Source\PSoC5/Pin31.c **** uint8 Pin31_Read(void) 
  94:.\Generated_Source\PSoC5/Pin31.c **** {
 127              		.loc 1 94 0
 128              		.cfi_startproc
 129              		@ args = 0, pretend = 0, frame = 0
 130              		@ frame_needed = 1, uses_anonymous_args = 0
 131              		@ link register save eliminated.
 132 0000 80B4     		push	{r7}
 133              		.cfi_def_cfa_offset 4
 134              		.cfi_offset 7, -4
ARM GAS  C:\Users\Matthew\AppData\Local\Temp\ccrkHddh.s 			page 5


 135 0002 00AF     		add	r7, sp, #0
 136              		.cfi_def_cfa_register 7
  95:.\Generated_Source\PSoC5/Pin31.c ****     return (Pin31_PS & Pin31_MASK) >> Pin31_SHIFT;
 137              		.loc 1 95 0
 138 0004 044B     		ldr	r3, .L9
 139 0006 1B78     		ldrb	r3, [r3]
 140 0008 DBB2     		uxtb	r3, r3
 141 000a DB09     		lsrs	r3, r3, #7
 142 000c DBB2     		uxtb	r3, r3
  96:.\Generated_Source\PSoC5/Pin31.c **** }
 143              		.loc 1 96 0
 144 000e 1846     		mov	r0, r3
 145 0010 BD46     		mov	sp, r7
 146              		@ sp needed
 147 0012 5DF8047B 		ldr	r7, [sp], #4
 148 0016 7047     		bx	lr
 149              	.L10:
 150              		.align	2
 151              	.L9:
 152 0018 21510040 		.word	1073762593
 153              		.cfi_endproc
 154              	.LFE2:
 155              		.size	Pin31_Read, .-Pin31_Read
 156              		.section	.text.Pin31_ReadDataReg,"ax",%progbits
 157              		.align	2
 158              		.global	Pin31_ReadDataReg
 159              		.thumb
 160              		.thumb_func
 161              		.type	Pin31_ReadDataReg, %function
 162              	Pin31_ReadDataReg:
 163              	.LFB3:
  97:.\Generated_Source\PSoC5/Pin31.c **** 
  98:.\Generated_Source\PSoC5/Pin31.c **** 
  99:.\Generated_Source\PSoC5/Pin31.c **** /*******************************************************************************
 100:.\Generated_Source\PSoC5/Pin31.c **** * Function Name: Pin31_ReadDataReg
 101:.\Generated_Source\PSoC5/Pin31.c **** ********************************************************************************
 102:.\Generated_Source\PSoC5/Pin31.c **** *
 103:.\Generated_Source\PSoC5/Pin31.c **** * Summary:
 104:.\Generated_Source\PSoC5/Pin31.c **** *  Read the current value assigned to a Digital Port's data output register
 105:.\Generated_Source\PSoC5/Pin31.c **** *
 106:.\Generated_Source\PSoC5/Pin31.c **** * Parameters:  
 107:.\Generated_Source\PSoC5/Pin31.c **** *  None 
 108:.\Generated_Source\PSoC5/Pin31.c **** *
 109:.\Generated_Source\PSoC5/Pin31.c **** * Return: 
 110:.\Generated_Source\PSoC5/Pin31.c **** *  Returns the current value assigned to the Digital Port's data output register
 111:.\Generated_Source\PSoC5/Pin31.c **** *  
 112:.\Generated_Source\PSoC5/Pin31.c **** *******************************************************************************/
 113:.\Generated_Source\PSoC5/Pin31.c **** uint8 Pin31_ReadDataReg(void) 
 114:.\Generated_Source\PSoC5/Pin31.c **** {
 164              		.loc 1 114 0
 165              		.cfi_startproc
 166              		@ args = 0, pretend = 0, frame = 0
 167              		@ frame_needed = 1, uses_anonymous_args = 0
 168              		@ link register save eliminated.
 169 0000 80B4     		push	{r7}
 170              		.cfi_def_cfa_offset 4
 171              		.cfi_offset 7, -4
ARM GAS  C:\Users\Matthew\AppData\Local\Temp\ccrkHddh.s 			page 6


 172 0002 00AF     		add	r7, sp, #0
 173              		.cfi_def_cfa_register 7
 115:.\Generated_Source\PSoC5/Pin31.c ****     return (Pin31_DR & Pin31_MASK) >> Pin31_SHIFT;
 174              		.loc 1 115 0
 175 0004 044B     		ldr	r3, .L13
 176 0006 1B78     		ldrb	r3, [r3]
 177 0008 DBB2     		uxtb	r3, r3
 178 000a DB09     		lsrs	r3, r3, #7
 179 000c DBB2     		uxtb	r3, r3
 116:.\Generated_Source\PSoC5/Pin31.c **** }
 180              		.loc 1 116 0
 181 000e 1846     		mov	r0, r3
 182 0010 BD46     		mov	sp, r7
 183              		@ sp needed
 184 0012 5DF8047B 		ldr	r7, [sp], #4
 185 0016 7047     		bx	lr
 186              	.L14:
 187              		.align	2
 188              	.L13:
 189 0018 20510040 		.word	1073762592
 190              		.cfi_endproc
 191              	.LFE3:
 192              		.size	Pin31_ReadDataReg, .-Pin31_ReadDataReg
 193              		.text
 194              	.Letext0:
 195              		.file 2 ".\\Generated_Source\\PSoC5\\cytypes.h"
 196              		.section	.debug_info,"",%progbits
 197              	.Ldebug_info0:
 198 0000 19010000 		.4byte	0x119
 199 0004 0400     		.2byte	0x4
 200 0006 00000000 		.4byte	.Ldebug_abbrev0
 201 000a 04       		.byte	0x4
 202 000b 01       		.uleb128 0x1
 203 000c 08010000 		.4byte	.LASF20
 204 0010 01       		.byte	0x1
 205 0011 AB000000 		.4byte	.LASF21
 206 0015 2F000000 		.4byte	.LASF22
 207 0019 00000000 		.4byte	.Ldebug_ranges0+0
 208 001d 00000000 		.4byte	0
 209 0021 00000000 		.4byte	.Ldebug_line0
 210 0025 02       		.uleb128 0x2
 211 0026 01       		.byte	0x1
 212 0027 06       		.byte	0x6
 213 0028 B0010000 		.4byte	.LASF0
 214 002c 02       		.uleb128 0x2
 215 002d 01       		.byte	0x1
 216 002e 08       		.byte	0x8
 217 002f 6C000000 		.4byte	.LASF1
 218 0033 02       		.uleb128 0x2
 219 0034 02       		.byte	0x2
 220 0035 05       		.byte	0x5
 221 0036 97010000 		.4byte	.LASF2
 222 003a 02       		.uleb128 0x2
 223 003b 02       		.byte	0x2
 224 003c 07       		.byte	0x7
 225 003d 91000000 		.4byte	.LASF3
 226 0041 02       		.uleb128 0x2
ARM GAS  C:\Users\Matthew\AppData\Local\Temp\ccrkHddh.s 			page 7


 227 0042 04       		.byte	0x4
 228 0043 05       		.byte	0x5
 229 0044 A7010000 		.4byte	.LASF4
 230 0048 02       		.uleb128 0x2
 231 0049 04       		.byte	0x4
 232 004a 07       		.byte	0x7
 233 004b 7F000000 		.4byte	.LASF5
 234 004f 02       		.uleb128 0x2
 235 0050 08       		.byte	0x8
 236 0051 05       		.byte	0x5
 237 0052 84010000 		.4byte	.LASF6
 238 0056 02       		.uleb128 0x2
 239 0057 08       		.byte	0x8
 240 0058 07       		.byte	0x7
 241 0059 EC000000 		.4byte	.LASF7
 242 005d 03       		.uleb128 0x3
 243 005e 04       		.byte	0x4
 244 005f 05       		.byte	0x5
 245 0060 696E7400 		.ascii	"int\000"
 246 0064 02       		.uleb128 0x2
 247 0065 04       		.byte	0x4
 248 0066 07       		.byte	0x7
 249 0067 DF000000 		.4byte	.LASF8
 250 006b 04       		.uleb128 0x4
 251 006c A1010000 		.4byte	.LASF12
 252 0070 02       		.byte	0x2
 253 0071 A1       		.byte	0xa1
 254 0072 2C000000 		.4byte	0x2c
 255 0076 02       		.uleb128 0x2
 256 0077 04       		.byte	0x4
 257 0078 04       		.byte	0x4
 258 0079 66000000 		.4byte	.LASF9
 259 007d 02       		.uleb128 0x2
 260 007e 08       		.byte	0x8
 261 007f 04       		.byte	0x4
 262 0080 A4000000 		.4byte	.LASF10
 263 0084 02       		.uleb128 0x2
 264 0085 01       		.byte	0x1
 265 0086 08       		.byte	0x8
 266 0087 92010000 		.4byte	.LASF11
 267 008b 05       		.uleb128 0x5
 268 008c 7A000000 		.4byte	.LASF13
 269 0090 02       		.byte	0x2
 270 0091 4B01     		.2byte	0x14b
 271 0093 97000000 		.4byte	0x97
 272 0097 06       		.uleb128 0x6
 273 0098 6B000000 		.4byte	0x6b
 274 009c 07       		.uleb128 0x7
 275 009d 11000000 		.4byte	.LASF14
 276 00a1 01       		.byte	0x1
 277 00a2 27       		.byte	0x27
 278 00a3 00000000 		.4byte	.LFB0
 279 00a7 34000000 		.4byte	.LFE0-.LFB0
 280 00ab 01       		.uleb128 0x1
 281 00ac 9C       		.byte	0x9c
 282 00ad CE000000 		.4byte	0xce
 283 00b1 08       		.uleb128 0x8
ARM GAS  C:\Users\Matthew\AppData\Local\Temp\ccrkHddh.s 			page 8


 284 00b2 00000000 		.4byte	.LASF16
 285 00b6 01       		.byte	0x1
 286 00b7 27       		.byte	0x27
 287 00b8 6B000000 		.4byte	0x6b
 288 00bc 02       		.uleb128 0x2
 289 00bd 91       		.byte	0x91
 290 00be 6F       		.sleb128 -17
 291 00bf 09       		.uleb128 0x9
 292 00c0 06000000 		.4byte	.LASF23
 293 00c4 01       		.byte	0x1
 294 00c5 29       		.byte	0x29
 295 00c6 6B000000 		.4byte	0x6b
 296 00ca 02       		.uleb128 0x2
 297 00cb 91       		.byte	0x91
 298 00cc 77       		.sleb128 -9
 299 00cd 00       		.byte	0
 300 00ce 07       		.uleb128 0x7
 301 00cf CC000000 		.4byte	.LASF15
 302 00d3 01       		.byte	0x1
 303 00d4 45       		.byte	0x45
 304 00d5 00000000 		.4byte	.LFB1
 305 00d9 38000000 		.4byte	.LFE1-.LFB1
 306 00dd 01       		.uleb128 0x1
 307 00de 9C       		.byte	0x9c
 308 00df F2000000 		.4byte	0xf2
 309 00e3 08       		.uleb128 0x8
 310 00e4 03010000 		.4byte	.LASF17
 311 00e8 01       		.byte	0x1
 312 00e9 45       		.byte	0x45
 313 00ea 6B000000 		.4byte	0x6b
 314 00ee 02       		.uleb128 0x2
 315 00ef 91       		.byte	0x91
 316 00f0 77       		.sleb128 -9
 317 00f1 00       		.byte	0
 318 00f2 0A       		.uleb128 0xa
 319 00f3 BC010000 		.4byte	.LASF18
 320 00f7 01       		.byte	0x1
 321 00f8 5D       		.byte	0x5d
 322 00f9 6B000000 		.4byte	0x6b
 323 00fd 00000000 		.4byte	.LFB2
 324 0101 1C000000 		.4byte	.LFE2-.LFB2
 325 0105 01       		.uleb128 0x1
 326 0106 9C       		.byte	0x9c
 327 0107 0A       		.uleb128 0xa
 328 0108 1D000000 		.4byte	.LASF19
 329 010c 01       		.byte	0x1
 330 010d 71       		.byte	0x71
 331 010e 6B000000 		.4byte	0x6b
 332 0112 00000000 		.4byte	.LFB3
 333 0116 1C000000 		.4byte	.LFE3-.LFB3
 334 011a 01       		.uleb128 0x1
 335 011b 9C       		.byte	0x9c
 336 011c 00       		.byte	0
 337              		.section	.debug_abbrev,"",%progbits
 338              	.Ldebug_abbrev0:
 339 0000 01       		.uleb128 0x1
 340 0001 11       		.uleb128 0x11
ARM GAS  C:\Users\Matthew\AppData\Local\Temp\ccrkHddh.s 			page 9


 341 0002 01       		.byte	0x1
 342 0003 25       		.uleb128 0x25
 343 0004 0E       		.uleb128 0xe
 344 0005 13       		.uleb128 0x13
 345 0006 0B       		.uleb128 0xb
 346 0007 03       		.uleb128 0x3
 347 0008 0E       		.uleb128 0xe
 348 0009 1B       		.uleb128 0x1b
 349 000a 0E       		.uleb128 0xe
 350 000b 55       		.uleb128 0x55
 351 000c 17       		.uleb128 0x17
 352 000d 11       		.uleb128 0x11
 353 000e 01       		.uleb128 0x1
 354 000f 10       		.uleb128 0x10
 355 0010 17       		.uleb128 0x17
 356 0011 00       		.byte	0
 357 0012 00       		.byte	0
 358 0013 02       		.uleb128 0x2
 359 0014 24       		.uleb128 0x24
 360 0015 00       		.byte	0
 361 0016 0B       		.uleb128 0xb
 362 0017 0B       		.uleb128 0xb
 363 0018 3E       		.uleb128 0x3e
 364 0019 0B       		.uleb128 0xb
 365 001a 03       		.uleb128 0x3
 366 001b 0E       		.uleb128 0xe
 367 001c 00       		.byte	0
 368 001d 00       		.byte	0
 369 001e 03       		.uleb128 0x3
 370 001f 24       		.uleb128 0x24
 371 0020 00       		.byte	0
 372 0021 0B       		.uleb128 0xb
 373 0022 0B       		.uleb128 0xb
 374 0023 3E       		.uleb128 0x3e
 375 0024 0B       		.uleb128 0xb
 376 0025 03       		.uleb128 0x3
 377 0026 08       		.uleb128 0x8
 378 0027 00       		.byte	0
 379 0028 00       		.byte	0
 380 0029 04       		.uleb128 0x4
 381 002a 16       		.uleb128 0x16
 382 002b 00       		.byte	0
 383 002c 03       		.uleb128 0x3
 384 002d 0E       		.uleb128 0xe
 385 002e 3A       		.uleb128 0x3a
 386 002f 0B       		.uleb128 0xb
 387 0030 3B       		.uleb128 0x3b
 388 0031 0B       		.uleb128 0xb
 389 0032 49       		.uleb128 0x49
 390 0033 13       		.uleb128 0x13
 391 0034 00       		.byte	0
 392 0035 00       		.byte	0
 393 0036 05       		.uleb128 0x5
 394 0037 16       		.uleb128 0x16
 395 0038 00       		.byte	0
 396 0039 03       		.uleb128 0x3
 397 003a 0E       		.uleb128 0xe
ARM GAS  C:\Users\Matthew\AppData\Local\Temp\ccrkHddh.s 			page 10


 398 003b 3A       		.uleb128 0x3a
 399 003c 0B       		.uleb128 0xb
 400 003d 3B       		.uleb128 0x3b
 401 003e 05       		.uleb128 0x5
 402 003f 49       		.uleb128 0x49
 403 0040 13       		.uleb128 0x13
 404 0041 00       		.byte	0
 405 0042 00       		.byte	0
 406 0043 06       		.uleb128 0x6
 407 0044 35       		.uleb128 0x35
 408 0045 00       		.byte	0
 409 0046 49       		.uleb128 0x49
 410 0047 13       		.uleb128 0x13
 411 0048 00       		.byte	0
 412 0049 00       		.byte	0
 413 004a 07       		.uleb128 0x7
 414 004b 2E       		.uleb128 0x2e
 415 004c 01       		.byte	0x1
 416 004d 3F       		.uleb128 0x3f
 417 004e 19       		.uleb128 0x19
 418 004f 03       		.uleb128 0x3
 419 0050 0E       		.uleb128 0xe
 420 0051 3A       		.uleb128 0x3a
 421 0052 0B       		.uleb128 0xb
 422 0053 3B       		.uleb128 0x3b
 423 0054 0B       		.uleb128 0xb
 424 0055 27       		.uleb128 0x27
 425 0056 19       		.uleb128 0x19
 426 0057 11       		.uleb128 0x11
 427 0058 01       		.uleb128 0x1
 428 0059 12       		.uleb128 0x12
 429 005a 06       		.uleb128 0x6
 430 005b 40       		.uleb128 0x40
 431 005c 18       		.uleb128 0x18
 432 005d 9742     		.uleb128 0x2117
 433 005f 19       		.uleb128 0x19
 434 0060 01       		.uleb128 0x1
 435 0061 13       		.uleb128 0x13
 436 0062 00       		.byte	0
 437 0063 00       		.byte	0
 438 0064 08       		.uleb128 0x8
 439 0065 05       		.uleb128 0x5
 440 0066 00       		.byte	0
 441 0067 03       		.uleb128 0x3
 442 0068 0E       		.uleb128 0xe
 443 0069 3A       		.uleb128 0x3a
 444 006a 0B       		.uleb128 0xb
 445 006b 3B       		.uleb128 0x3b
 446 006c 0B       		.uleb128 0xb
 447 006d 49       		.uleb128 0x49
 448 006e 13       		.uleb128 0x13
 449 006f 02       		.uleb128 0x2
 450 0070 18       		.uleb128 0x18
 451 0071 00       		.byte	0
 452 0072 00       		.byte	0
 453 0073 09       		.uleb128 0x9
 454 0074 34       		.uleb128 0x34
ARM GAS  C:\Users\Matthew\AppData\Local\Temp\ccrkHddh.s 			page 11


 455 0075 00       		.byte	0
 456 0076 03       		.uleb128 0x3
 457 0077 0E       		.uleb128 0xe
 458 0078 3A       		.uleb128 0x3a
 459 0079 0B       		.uleb128 0xb
 460 007a 3B       		.uleb128 0x3b
 461 007b 0B       		.uleb128 0xb
 462 007c 49       		.uleb128 0x49
 463 007d 13       		.uleb128 0x13
 464 007e 02       		.uleb128 0x2
 465 007f 18       		.uleb128 0x18
 466 0080 00       		.byte	0
 467 0081 00       		.byte	0
 468 0082 0A       		.uleb128 0xa
 469 0083 2E       		.uleb128 0x2e
 470 0084 00       		.byte	0
 471 0085 3F       		.uleb128 0x3f
 472 0086 19       		.uleb128 0x19
 473 0087 03       		.uleb128 0x3
 474 0088 0E       		.uleb128 0xe
 475 0089 3A       		.uleb128 0x3a
 476 008a 0B       		.uleb128 0xb
 477 008b 3B       		.uleb128 0x3b
 478 008c 0B       		.uleb128 0xb
 479 008d 27       		.uleb128 0x27
 480 008e 19       		.uleb128 0x19
 481 008f 49       		.uleb128 0x49
 482 0090 13       		.uleb128 0x13
 483 0091 11       		.uleb128 0x11
 484 0092 01       		.uleb128 0x1
 485 0093 12       		.uleb128 0x12
 486 0094 06       		.uleb128 0x6
 487 0095 40       		.uleb128 0x40
 488 0096 18       		.uleb128 0x18
 489 0097 9742     		.uleb128 0x2117
 490 0099 19       		.uleb128 0x19
 491 009a 00       		.byte	0
 492 009b 00       		.byte	0
 493 009c 00       		.byte	0
 494              		.section	.debug_aranges,"",%progbits
 495 0000 34000000 		.4byte	0x34
 496 0004 0200     		.2byte	0x2
 497 0006 00000000 		.4byte	.Ldebug_info0
 498 000a 04       		.byte	0x4
 499 000b 00       		.byte	0
 500 000c 0000     		.2byte	0
 501 000e 0000     		.2byte	0
 502 0010 00000000 		.4byte	.LFB0
 503 0014 34000000 		.4byte	.LFE0-.LFB0
 504 0018 00000000 		.4byte	.LFB1
 505 001c 38000000 		.4byte	.LFE1-.LFB1
 506 0020 00000000 		.4byte	.LFB2
 507 0024 1C000000 		.4byte	.LFE2-.LFB2
 508 0028 00000000 		.4byte	.LFB3
 509 002c 1C000000 		.4byte	.LFE3-.LFB3
 510 0030 00000000 		.4byte	0
 511 0034 00000000 		.4byte	0
ARM GAS  C:\Users\Matthew\AppData\Local\Temp\ccrkHddh.s 			page 12


 512              		.section	.debug_ranges,"",%progbits
 513              	.Ldebug_ranges0:
 514 0000 00000000 		.4byte	.LFB0
 515 0004 34000000 		.4byte	.LFE0
 516 0008 00000000 		.4byte	.LFB1
 517 000c 38000000 		.4byte	.LFE1
 518 0010 00000000 		.4byte	.LFB2
 519 0014 1C000000 		.4byte	.LFE2
 520 0018 00000000 		.4byte	.LFB3
 521 001c 1C000000 		.4byte	.LFE3
 522 0020 00000000 		.4byte	0
 523 0024 00000000 		.4byte	0
 524              		.section	.debug_line,"",%progbits
 525              	.Ldebug_line0:
 526 0000 92000000 		.section	.debug_str,"MS",%progbits,1
 526      02004400 
 526      00000201 
 526      FB0E0D00 
 526      01010101 
 527              	.LASF16:
 528 0000 76616C75 		.ascii	"value\000"
 528      6500
 529              	.LASF23:
 530 0006 73746174 		.ascii	"staticBits\000"
 530      69634269 
 530      747300
 531              	.LASF14:
 532 0011 50696E33 		.ascii	"Pin31_Write\000"
 532      315F5772 
 532      69746500 
 533              	.LASF19:
 534 001d 50696E33 		.ascii	"Pin31_ReadDataReg\000"
 534      315F5265 
 534      61644461 
 534      74615265 
 534      6700
 535              	.LASF22:
 536 002f 433A5C55 		.ascii	"C:\\Users\\Matthew\\github\\IoT\\CellBoard\\Cell Bo"
 536      73657273 
 536      5C4D6174 
 536      74686577 
 536      5C676974 
 537 005c 6172642E 		.ascii	"ard.cydsn\000"
 537      63796473 
 537      6E00
 538              	.LASF9:
 539 0066 666C6F61 		.ascii	"float\000"
 539      7400
 540              	.LASF1:
 541 006c 756E7369 		.ascii	"unsigned char\000"
 541      676E6564 
 541      20636861 
 541      7200
 542              	.LASF13:
 543 007a 72656738 		.ascii	"reg8\000"
 543      00
 544              	.LASF5:
ARM GAS  C:\Users\Matthew\AppData\Local\Temp\ccrkHddh.s 			page 13


 545 007f 6C6F6E67 		.ascii	"long unsigned int\000"
 545      20756E73 
 545      69676E65 
 545      6420696E 
 545      7400
 546              	.LASF3:
 547 0091 73686F72 		.ascii	"short unsigned int\000"
 547      7420756E 
 547      7369676E 
 547      65642069 
 547      6E7400
 548              	.LASF10:
 549 00a4 646F7562 		.ascii	"double\000"
 549      6C6500
 550              	.LASF21:
 551 00ab 2E5C4765 		.ascii	".\\Generated_Source\\PSoC5\\Pin31.c\000"
 551      6E657261 
 551      7465645F 
 551      536F7572 
 551      63655C50 
 552              	.LASF15:
 553 00cc 50696E33 		.ascii	"Pin31_SetDriveMode\000"
 553      315F5365 
 553      74447269 
 553      76654D6F 
 553      646500
 554              	.LASF8:
 555 00df 756E7369 		.ascii	"unsigned int\000"
 555      676E6564 
 555      20696E74 
 555      00
 556              	.LASF7:
 557 00ec 6C6F6E67 		.ascii	"long long unsigned int\000"
 557      206C6F6E 
 557      6720756E 
 557      7369676E 
 557      65642069 
 558              	.LASF17:
 559 0103 6D6F6465 		.ascii	"mode\000"
 559      00
 560              	.LASF20:
 561 0108 474E5520 		.ascii	"GNU C 4.8.4 20140526 (release) [ARM/embedded-4_8-br"
 561      4320342E 
 561      382E3420 
 561      32303134 
 561      30353236 
 562 013b 616E6368 		.ascii	"anch revision 211358] -mcpu=cortex-m3 -mthumb -g -O"
 562      20726576 
 562      6973696F 
 562      6E203231 
 562      31333538 
 563 016e 30202D66 		.ascii	"0 -ffunction-sections\000"
 563      66756E63 
 563      74696F6E 
 563      2D736563 
 563      74696F6E 
 564              	.LASF6:
ARM GAS  C:\Users\Matthew\AppData\Local\Temp\ccrkHddh.s 			page 14


 565 0184 6C6F6E67 		.ascii	"long long int\000"
 565      206C6F6E 
 565      6720696E 
 565      7400
 566              	.LASF11:
 567 0192 63686172 		.ascii	"char\000"
 567      00
 568              	.LASF2:
 569 0197 73686F72 		.ascii	"short int\000"
 569      7420696E 
 569      7400
 570              	.LASF12:
 571 01a1 75696E74 		.ascii	"uint8\000"
 571      3800
 572              	.LASF4:
 573 01a7 6C6F6E67 		.ascii	"long int\000"
 573      20696E74 
 573      00
 574              	.LASF0:
 575 01b0 7369676E 		.ascii	"signed char\000"
 575      65642063 
 575      68617200 
 576              	.LASF18:
 577 01bc 50696E33 		.ascii	"Pin31_Read\000"
 577      315F5265 
 577      616400
 578              		.ident	"GCC: (GNU Tools for ARM Embedded Processors) 4.8.4 20140526 (release) [ARM/embedded-4_8-br
