ARM GAS  C:\Users\Matthew\AppData\Local\Temp\ccF6WP3a.s 			page 1


   1              		.syntax unified
   2              		.cpu cortex-m3
   3              		.fpu softvfp
   4              		.eabi_attribute 20, 1
   5              		.eabi_attribute 21, 1
   6              		.eabi_attribute 23, 3
   7              		.eabi_attribute 24, 1
   8              		.eabi_attribute 25, 1
   9              		.eabi_attribute 26, 1
  10              		.eabi_attribute 30, 6
  11              		.eabi_attribute 34, 1
  12              		.eabi_attribute 18, 4
  13              		.thumb
  14              		.file	"Telit_UART_PM.c"
  15              		.text
  16              	.Ltext0:
  17              		.cfi_sections	.debug_frame
  18              		.bss
  19              		.align	2
  20              	Telit_UART_backup:
  21 0000 000000   		.space	3
  22 0003 00       		.section	.text.Telit_UART_SaveConfig,"ax",%progbits
  23              		.align	2
  24              		.global	Telit_UART_SaveConfig
  25              		.thumb
  26              		.thumb_func
  27              		.type	Telit_UART_SaveConfig, %function
  28              	Telit_UART_SaveConfig:
  29              	.LFB0:
  30              		.file 1 ".\\Generated_Source\\PSoC5\\Telit_UART_PM.c"
   1:.\Generated_Source\PSoC5/Telit_UART_PM.c **** /*******************************************************************************
   2:.\Generated_Source\PSoC5/Telit_UART_PM.c **** * File Name: Telit_UART_PM.c
   3:.\Generated_Source\PSoC5/Telit_UART_PM.c **** * Version 2.30
   4:.\Generated_Source\PSoC5/Telit_UART_PM.c **** *
   5:.\Generated_Source\PSoC5/Telit_UART_PM.c **** * Description:
   6:.\Generated_Source\PSoC5/Telit_UART_PM.c **** *  This file provides Sleep/WakeUp APIs functionality.
   7:.\Generated_Source\PSoC5/Telit_UART_PM.c **** *
   8:.\Generated_Source\PSoC5/Telit_UART_PM.c **** * Note:
   9:.\Generated_Source\PSoC5/Telit_UART_PM.c **** *
  10:.\Generated_Source\PSoC5/Telit_UART_PM.c **** ********************************************************************************
  11:.\Generated_Source\PSoC5/Telit_UART_PM.c **** * Copyright 2008-2012, Cypress Semiconductor Corporation.  All rights reserved.
  12:.\Generated_Source\PSoC5/Telit_UART_PM.c **** * You may use this file only in accordance with the license, terms, conditions,
  13:.\Generated_Source\PSoC5/Telit_UART_PM.c **** * disclaimers, and limitations in the end user license agreement accompanying
  14:.\Generated_Source\PSoC5/Telit_UART_PM.c **** * the software package with which this file was provided.
  15:.\Generated_Source\PSoC5/Telit_UART_PM.c **** *******************************************************************************/
  16:.\Generated_Source\PSoC5/Telit_UART_PM.c **** 
  17:.\Generated_Source\PSoC5/Telit_UART_PM.c **** #include "Telit_UART.h"
  18:.\Generated_Source\PSoC5/Telit_UART_PM.c **** 
  19:.\Generated_Source\PSoC5/Telit_UART_PM.c **** 
  20:.\Generated_Source\PSoC5/Telit_UART_PM.c **** /***************************************
  21:.\Generated_Source\PSoC5/Telit_UART_PM.c **** * Local data allocation
  22:.\Generated_Source\PSoC5/Telit_UART_PM.c **** ***************************************/
  23:.\Generated_Source\PSoC5/Telit_UART_PM.c **** 
  24:.\Generated_Source\PSoC5/Telit_UART_PM.c **** static Telit_UART_BACKUP_STRUCT  Telit_UART_backup =
  25:.\Generated_Source\PSoC5/Telit_UART_PM.c **** {
  26:.\Generated_Source\PSoC5/Telit_UART_PM.c ****     /* enableState - disabled */
  27:.\Generated_Source\PSoC5/Telit_UART_PM.c ****     0u,
ARM GAS  C:\Users\Matthew\AppData\Local\Temp\ccF6WP3a.s 			page 2


  28:.\Generated_Source\PSoC5/Telit_UART_PM.c **** };
  29:.\Generated_Source\PSoC5/Telit_UART_PM.c **** 
  30:.\Generated_Source\PSoC5/Telit_UART_PM.c **** 
  31:.\Generated_Source\PSoC5/Telit_UART_PM.c **** 
  32:.\Generated_Source\PSoC5/Telit_UART_PM.c **** /*******************************************************************************
  33:.\Generated_Source\PSoC5/Telit_UART_PM.c **** * Function Name: Telit_UART_SaveConfig
  34:.\Generated_Source\PSoC5/Telit_UART_PM.c **** ********************************************************************************
  35:.\Generated_Source\PSoC5/Telit_UART_PM.c **** *
  36:.\Generated_Source\PSoC5/Telit_UART_PM.c **** * Summary:
  37:.\Generated_Source\PSoC5/Telit_UART_PM.c **** *  Saves the current user configuration.
  38:.\Generated_Source\PSoC5/Telit_UART_PM.c **** *
  39:.\Generated_Source\PSoC5/Telit_UART_PM.c **** * Parameters:
  40:.\Generated_Source\PSoC5/Telit_UART_PM.c **** *  None.
  41:.\Generated_Source\PSoC5/Telit_UART_PM.c **** *
  42:.\Generated_Source\PSoC5/Telit_UART_PM.c **** * Return:
  43:.\Generated_Source\PSoC5/Telit_UART_PM.c **** *  None.
  44:.\Generated_Source\PSoC5/Telit_UART_PM.c **** *
  45:.\Generated_Source\PSoC5/Telit_UART_PM.c **** * Global Variables:
  46:.\Generated_Source\PSoC5/Telit_UART_PM.c **** *  Telit_UART_backup - modified when non-retention registers are saved.
  47:.\Generated_Source\PSoC5/Telit_UART_PM.c **** *
  48:.\Generated_Source\PSoC5/Telit_UART_PM.c **** * Reentrant:
  49:.\Generated_Source\PSoC5/Telit_UART_PM.c **** *  No.
  50:.\Generated_Source\PSoC5/Telit_UART_PM.c **** *
  51:.\Generated_Source\PSoC5/Telit_UART_PM.c **** *******************************************************************************/
  52:.\Generated_Source\PSoC5/Telit_UART_PM.c **** void Telit_UART_SaveConfig(void)
  53:.\Generated_Source\PSoC5/Telit_UART_PM.c **** {
  31              		.loc 1 53 0
  32              		.cfi_startproc
  33              		@ args = 0, pretend = 0, frame = 0
  34              		@ frame_needed = 1, uses_anonymous_args = 0
  35              		@ link register save eliminated.
  36 0000 80B4     		push	{r7}
  37              		.cfi_def_cfa_offset 4
  38              		.cfi_offset 7, -4
  39 0002 00AF     		add	r7, sp, #0
  40              		.cfi_def_cfa_register 7
  54:.\Generated_Source\PSoC5/Telit_UART_PM.c ****     #if (CY_UDB_V0)
  55:.\Generated_Source\PSoC5/Telit_UART_PM.c **** 
  56:.\Generated_Source\PSoC5/Telit_UART_PM.c ****         #if(Telit_UART_CONTROL_REG_REMOVED == 0u)
  57:.\Generated_Source\PSoC5/Telit_UART_PM.c ****             Telit_UART_backup.cr = Telit_UART_CONTROL_REG;
  58:.\Generated_Source\PSoC5/Telit_UART_PM.c ****         #endif /* End Telit_UART_CONTROL_REG_REMOVED */
  59:.\Generated_Source\PSoC5/Telit_UART_PM.c **** 
  60:.\Generated_Source\PSoC5/Telit_UART_PM.c ****         #if( (Telit_UART_RX_ENABLED) || (Telit_UART_HD_ENABLED) )
  61:.\Generated_Source\PSoC5/Telit_UART_PM.c ****             Telit_UART_backup.rx_period = Telit_UART_RXBITCTR_PERIOD_REG;
  62:.\Generated_Source\PSoC5/Telit_UART_PM.c ****             Telit_UART_backup.rx_mask = Telit_UART_RXSTATUS_MASK_REG;
  63:.\Generated_Source\PSoC5/Telit_UART_PM.c ****             #if (Telit_UART_RXHW_ADDRESS_ENABLED)
  64:.\Generated_Source\PSoC5/Telit_UART_PM.c ****                 Telit_UART_backup.rx_addr1 = Telit_UART_RXADDRESS1_REG;
  65:.\Generated_Source\PSoC5/Telit_UART_PM.c ****                 Telit_UART_backup.rx_addr2 = Telit_UART_RXADDRESS2_REG;
  66:.\Generated_Source\PSoC5/Telit_UART_PM.c ****             #endif /* End Telit_UART_RXHW_ADDRESS_ENABLED */
  67:.\Generated_Source\PSoC5/Telit_UART_PM.c ****         #endif /* End Telit_UART_RX_ENABLED | Telit_UART_HD_ENABLED*/
  68:.\Generated_Source\PSoC5/Telit_UART_PM.c **** 
  69:.\Generated_Source\PSoC5/Telit_UART_PM.c ****         #if(Telit_UART_TX_ENABLED)
  70:.\Generated_Source\PSoC5/Telit_UART_PM.c ****             #if(Telit_UART_TXCLKGEN_DP)
  71:.\Generated_Source\PSoC5/Telit_UART_PM.c ****                 Telit_UART_backup.tx_clk_ctr = Telit_UART_TXBITCLKGEN_CTR_REG;
  72:.\Generated_Source\PSoC5/Telit_UART_PM.c ****                 Telit_UART_backup.tx_clk_compl = Telit_UART_TXBITCLKTX_COMPLETE_REG;
  73:.\Generated_Source\PSoC5/Telit_UART_PM.c ****             #else
  74:.\Generated_Source\PSoC5/Telit_UART_PM.c ****                 Telit_UART_backup.tx_period = Telit_UART_TXBITCTR_PERIOD_REG;
ARM GAS  C:\Users\Matthew\AppData\Local\Temp\ccF6WP3a.s 			page 3


  75:.\Generated_Source\PSoC5/Telit_UART_PM.c ****             #endif /*End Telit_UART_TXCLKGEN_DP */
  76:.\Generated_Source\PSoC5/Telit_UART_PM.c ****             Telit_UART_backup.tx_mask = Telit_UART_TXSTATUS_MASK_REG;
  77:.\Generated_Source\PSoC5/Telit_UART_PM.c ****         #endif /*End Telit_UART_TX_ENABLED */
  78:.\Generated_Source\PSoC5/Telit_UART_PM.c **** 
  79:.\Generated_Source\PSoC5/Telit_UART_PM.c **** 
  80:.\Generated_Source\PSoC5/Telit_UART_PM.c ****     #else /* CY_UDB_V1 */
  81:.\Generated_Source\PSoC5/Telit_UART_PM.c **** 
  82:.\Generated_Source\PSoC5/Telit_UART_PM.c ****         #if(Telit_UART_CONTROL_REG_REMOVED == 0u)
  83:.\Generated_Source\PSoC5/Telit_UART_PM.c ****             Telit_UART_backup.cr = Telit_UART_CONTROL_REG;
  84:.\Generated_Source\PSoC5/Telit_UART_PM.c ****         #endif /* End Telit_UART_CONTROL_REG_REMOVED */
  85:.\Generated_Source\PSoC5/Telit_UART_PM.c **** 
  86:.\Generated_Source\PSoC5/Telit_UART_PM.c ****     #endif  /* End CY_UDB_V0 */
  87:.\Generated_Source\PSoC5/Telit_UART_PM.c **** }
  41              		.loc 1 87 0
  42 0004 BD46     		mov	sp, r7
  43              		@ sp needed
  44 0006 5DF8047B 		ldr	r7, [sp], #4
  45 000a 7047     		bx	lr
  46              		.cfi_endproc
  47              	.LFE0:
  48              		.size	Telit_UART_SaveConfig, .-Telit_UART_SaveConfig
  49              		.section	.text.Telit_UART_RestoreConfig,"ax",%progbits
  50              		.align	2
  51              		.global	Telit_UART_RestoreConfig
  52              		.thumb
  53              		.thumb_func
  54              		.type	Telit_UART_RestoreConfig, %function
  55              	Telit_UART_RestoreConfig:
  56              	.LFB1:
  88:.\Generated_Source\PSoC5/Telit_UART_PM.c **** 
  89:.\Generated_Source\PSoC5/Telit_UART_PM.c **** 
  90:.\Generated_Source\PSoC5/Telit_UART_PM.c **** /*******************************************************************************
  91:.\Generated_Source\PSoC5/Telit_UART_PM.c **** * Function Name: Telit_UART_RestoreConfig
  92:.\Generated_Source\PSoC5/Telit_UART_PM.c **** ********************************************************************************
  93:.\Generated_Source\PSoC5/Telit_UART_PM.c **** *
  94:.\Generated_Source\PSoC5/Telit_UART_PM.c **** * Summary:
  95:.\Generated_Source\PSoC5/Telit_UART_PM.c **** *  Restores the current user configuration.
  96:.\Generated_Source\PSoC5/Telit_UART_PM.c **** *
  97:.\Generated_Source\PSoC5/Telit_UART_PM.c **** * Parameters:
  98:.\Generated_Source\PSoC5/Telit_UART_PM.c **** *  None.
  99:.\Generated_Source\PSoC5/Telit_UART_PM.c **** *
 100:.\Generated_Source\PSoC5/Telit_UART_PM.c **** * Return:
 101:.\Generated_Source\PSoC5/Telit_UART_PM.c **** *  None.
 102:.\Generated_Source\PSoC5/Telit_UART_PM.c **** *
 103:.\Generated_Source\PSoC5/Telit_UART_PM.c **** * Global Variables:
 104:.\Generated_Source\PSoC5/Telit_UART_PM.c **** *  Telit_UART_backup - used when non-retention registers are restored.
 105:.\Generated_Source\PSoC5/Telit_UART_PM.c **** *
 106:.\Generated_Source\PSoC5/Telit_UART_PM.c **** * Reentrant:
 107:.\Generated_Source\PSoC5/Telit_UART_PM.c **** *  No.
 108:.\Generated_Source\PSoC5/Telit_UART_PM.c **** *
 109:.\Generated_Source\PSoC5/Telit_UART_PM.c **** *******************************************************************************/
 110:.\Generated_Source\PSoC5/Telit_UART_PM.c **** void Telit_UART_RestoreConfig(void)
 111:.\Generated_Source\PSoC5/Telit_UART_PM.c **** {
  57              		.loc 1 111 0
  58              		.cfi_startproc
  59              		@ args = 0, pretend = 0, frame = 0
  60              		@ frame_needed = 1, uses_anonymous_args = 0
ARM GAS  C:\Users\Matthew\AppData\Local\Temp\ccF6WP3a.s 			page 4


  61              		@ link register save eliminated.
  62 0000 80B4     		push	{r7}
  63              		.cfi_def_cfa_offset 4
  64              		.cfi_offset 7, -4
  65 0002 00AF     		add	r7, sp, #0
  66              		.cfi_def_cfa_register 7
 112:.\Generated_Source\PSoC5/Telit_UART_PM.c **** 
 113:.\Generated_Source\PSoC5/Telit_UART_PM.c ****     #if (CY_UDB_V0)
 114:.\Generated_Source\PSoC5/Telit_UART_PM.c **** 
 115:.\Generated_Source\PSoC5/Telit_UART_PM.c ****         #if(Telit_UART_CONTROL_REG_REMOVED == 0u)
 116:.\Generated_Source\PSoC5/Telit_UART_PM.c ****             Telit_UART_CONTROL_REG = Telit_UART_backup.cr;
 117:.\Generated_Source\PSoC5/Telit_UART_PM.c ****         #endif /* End Telit_UART_CONTROL_REG_REMOVED */
 118:.\Generated_Source\PSoC5/Telit_UART_PM.c **** 
 119:.\Generated_Source\PSoC5/Telit_UART_PM.c ****         #if( (Telit_UART_RX_ENABLED) || (Telit_UART_HD_ENABLED) )
 120:.\Generated_Source\PSoC5/Telit_UART_PM.c ****             Telit_UART_RXBITCTR_PERIOD_REG = Telit_UART_backup.rx_period;
 121:.\Generated_Source\PSoC5/Telit_UART_PM.c ****             Telit_UART_RXSTATUS_MASK_REG = Telit_UART_backup.rx_mask;
 122:.\Generated_Source\PSoC5/Telit_UART_PM.c ****             #if (Telit_UART_RXHW_ADDRESS_ENABLED)
 123:.\Generated_Source\PSoC5/Telit_UART_PM.c ****                 Telit_UART_RXADDRESS1_REG = Telit_UART_backup.rx_addr1;
 124:.\Generated_Source\PSoC5/Telit_UART_PM.c ****                 Telit_UART_RXADDRESS2_REG = Telit_UART_backup.rx_addr2;
 125:.\Generated_Source\PSoC5/Telit_UART_PM.c ****             #endif /* End Telit_UART_RXHW_ADDRESS_ENABLED */
 126:.\Generated_Source\PSoC5/Telit_UART_PM.c ****         #endif  /* End (Telit_UART_RX_ENABLED) || (Telit_UART_HD_ENABLED) */
 127:.\Generated_Source\PSoC5/Telit_UART_PM.c **** 
 128:.\Generated_Source\PSoC5/Telit_UART_PM.c ****         #if(Telit_UART_TX_ENABLED)
 129:.\Generated_Source\PSoC5/Telit_UART_PM.c ****             #if(Telit_UART_TXCLKGEN_DP)
 130:.\Generated_Source\PSoC5/Telit_UART_PM.c ****                 Telit_UART_TXBITCLKGEN_CTR_REG = Telit_UART_backup.tx_clk_ctr;
 131:.\Generated_Source\PSoC5/Telit_UART_PM.c ****                 Telit_UART_TXBITCLKTX_COMPLETE_REG = Telit_UART_backup.tx_clk_compl;
 132:.\Generated_Source\PSoC5/Telit_UART_PM.c ****             #else
 133:.\Generated_Source\PSoC5/Telit_UART_PM.c ****                 Telit_UART_TXBITCTR_PERIOD_REG = Telit_UART_backup.tx_period;
 134:.\Generated_Source\PSoC5/Telit_UART_PM.c ****             #endif /*End Telit_UART_TXCLKGEN_DP */
 135:.\Generated_Source\PSoC5/Telit_UART_PM.c ****             Telit_UART_TXSTATUS_MASK_REG = Telit_UART_backup.tx_mask;
 136:.\Generated_Source\PSoC5/Telit_UART_PM.c ****         #endif /*End Telit_UART_TX_ENABLED */
 137:.\Generated_Source\PSoC5/Telit_UART_PM.c **** 
 138:.\Generated_Source\PSoC5/Telit_UART_PM.c ****     #else /* CY_UDB_V1 */
 139:.\Generated_Source\PSoC5/Telit_UART_PM.c **** 
 140:.\Generated_Source\PSoC5/Telit_UART_PM.c ****         #if(Telit_UART_CONTROL_REG_REMOVED == 0u)
 141:.\Generated_Source\PSoC5/Telit_UART_PM.c ****             Telit_UART_CONTROL_REG = Telit_UART_backup.cr;
 142:.\Generated_Source\PSoC5/Telit_UART_PM.c ****         #endif /* End Telit_UART_CONTROL_REG_REMOVED */
 143:.\Generated_Source\PSoC5/Telit_UART_PM.c **** 
 144:.\Generated_Source\PSoC5/Telit_UART_PM.c ****     #endif  /* End CY_UDB_V0 */
 145:.\Generated_Source\PSoC5/Telit_UART_PM.c **** }
  67              		.loc 1 145 0
  68 0004 BD46     		mov	sp, r7
  69              		@ sp needed
  70 0006 5DF8047B 		ldr	r7, [sp], #4
  71 000a 7047     		bx	lr
  72              		.cfi_endproc
  73              	.LFE1:
  74              		.size	Telit_UART_RestoreConfig, .-Telit_UART_RestoreConfig
  75              		.section	.text.Telit_UART_Sleep,"ax",%progbits
  76              		.align	2
  77              		.global	Telit_UART_Sleep
  78              		.thumb
  79              		.thumb_func
  80              		.type	Telit_UART_Sleep, %function
  81              	Telit_UART_Sleep:
  82              	.LFB2:
 146:.\Generated_Source\PSoC5/Telit_UART_PM.c **** 
ARM GAS  C:\Users\Matthew\AppData\Local\Temp\ccF6WP3a.s 			page 5


 147:.\Generated_Source\PSoC5/Telit_UART_PM.c **** 
 148:.\Generated_Source\PSoC5/Telit_UART_PM.c **** /*******************************************************************************
 149:.\Generated_Source\PSoC5/Telit_UART_PM.c **** * Function Name: Telit_UART_Sleep
 150:.\Generated_Source\PSoC5/Telit_UART_PM.c **** ********************************************************************************
 151:.\Generated_Source\PSoC5/Telit_UART_PM.c **** *
 152:.\Generated_Source\PSoC5/Telit_UART_PM.c **** * Summary:
 153:.\Generated_Source\PSoC5/Telit_UART_PM.c **** *  Stops and saves the user configuration. Should be called
 154:.\Generated_Source\PSoC5/Telit_UART_PM.c **** *  just prior to entering sleep.
 155:.\Generated_Source\PSoC5/Telit_UART_PM.c **** *
 156:.\Generated_Source\PSoC5/Telit_UART_PM.c **** *
 157:.\Generated_Source\PSoC5/Telit_UART_PM.c **** * Parameters:
 158:.\Generated_Source\PSoC5/Telit_UART_PM.c **** *  None.
 159:.\Generated_Source\PSoC5/Telit_UART_PM.c **** *
 160:.\Generated_Source\PSoC5/Telit_UART_PM.c **** * Return:
 161:.\Generated_Source\PSoC5/Telit_UART_PM.c **** *  None.
 162:.\Generated_Source\PSoC5/Telit_UART_PM.c **** *
 163:.\Generated_Source\PSoC5/Telit_UART_PM.c **** * Global Variables:
 164:.\Generated_Source\PSoC5/Telit_UART_PM.c **** *  Telit_UART_backup - modified when non-retention registers are saved.
 165:.\Generated_Source\PSoC5/Telit_UART_PM.c **** *
 166:.\Generated_Source\PSoC5/Telit_UART_PM.c **** * Reentrant:
 167:.\Generated_Source\PSoC5/Telit_UART_PM.c **** *  No.
 168:.\Generated_Source\PSoC5/Telit_UART_PM.c **** *
 169:.\Generated_Source\PSoC5/Telit_UART_PM.c **** *******************************************************************************/
 170:.\Generated_Source\PSoC5/Telit_UART_PM.c **** void Telit_UART_Sleep(void)
 171:.\Generated_Source\PSoC5/Telit_UART_PM.c **** {
  83              		.loc 1 171 0
  84              		.cfi_startproc
  85              		@ args = 0, pretend = 0, frame = 0
  86              		@ frame_needed = 1, uses_anonymous_args = 0
  87 0000 80B5     		push	{r7, lr}
  88              		.cfi_def_cfa_offset 8
  89              		.cfi_offset 7, -8
  90              		.cfi_offset 14, -4
  91 0002 00AF     		add	r7, sp, #0
  92              		.cfi_def_cfa_register 7
 172:.\Generated_Source\PSoC5/Telit_UART_PM.c **** 
 173:.\Generated_Source\PSoC5/Telit_UART_PM.c ****     #if(Telit_UART_RX_ENABLED || Telit_UART_HD_ENABLED)
 174:.\Generated_Source\PSoC5/Telit_UART_PM.c ****         if((Telit_UART_RXSTATUS_ACTL_REG  & Telit_UART_INT_ENABLE) != 0u)
  93              		.loc 1 174 0
  94 0004 094B     		ldr	r3, .L6
  95 0006 1B78     		ldrb	r3, [r3]
  96 0008 DBB2     		uxtb	r3, r3
  97 000a 03F01003 		and	r3, r3, #16
  98 000e 002B     		cmp	r3, #0
  99 0010 03D0     		beq	.L4
 175:.\Generated_Source\PSoC5/Telit_UART_PM.c ****         {
 176:.\Generated_Source\PSoC5/Telit_UART_PM.c ****             Telit_UART_backup.enableState = 1u;
 100              		.loc 1 176 0
 101 0012 074B     		ldr	r3, .L6+4
 102 0014 0122     		movs	r2, #1
 103 0016 1A70     		strb	r2, [r3]
 104 0018 02E0     		b	.L5
 105              	.L4:
 177:.\Generated_Source\PSoC5/Telit_UART_PM.c ****         }
 178:.\Generated_Source\PSoC5/Telit_UART_PM.c ****         else
 179:.\Generated_Source\PSoC5/Telit_UART_PM.c ****         {
 180:.\Generated_Source\PSoC5/Telit_UART_PM.c ****             Telit_UART_backup.enableState = 0u;
ARM GAS  C:\Users\Matthew\AppData\Local\Temp\ccF6WP3a.s 			page 6


 106              		.loc 1 180 0
 107 001a 054B     		ldr	r3, .L6+4
 108 001c 0022     		movs	r2, #0
 109 001e 1A70     		strb	r2, [r3]
 110              	.L5:
 181:.\Generated_Source\PSoC5/Telit_UART_PM.c ****         }
 182:.\Generated_Source\PSoC5/Telit_UART_PM.c ****     #else
 183:.\Generated_Source\PSoC5/Telit_UART_PM.c ****         if((Telit_UART_TXSTATUS_ACTL_REG  & Telit_UART_INT_ENABLE) !=0u)
 184:.\Generated_Source\PSoC5/Telit_UART_PM.c ****         {
 185:.\Generated_Source\PSoC5/Telit_UART_PM.c ****             Telit_UART_backup.enableState = 1u;
 186:.\Generated_Source\PSoC5/Telit_UART_PM.c ****         }
 187:.\Generated_Source\PSoC5/Telit_UART_PM.c ****         else
 188:.\Generated_Source\PSoC5/Telit_UART_PM.c ****         {
 189:.\Generated_Source\PSoC5/Telit_UART_PM.c ****             Telit_UART_backup.enableState = 0u;
 190:.\Generated_Source\PSoC5/Telit_UART_PM.c ****         }
 191:.\Generated_Source\PSoC5/Telit_UART_PM.c ****     #endif /* End Telit_UART_RX_ENABLED || Telit_UART_HD_ENABLED*/
 192:.\Generated_Source\PSoC5/Telit_UART_PM.c **** 
 193:.\Generated_Source\PSoC5/Telit_UART_PM.c ****     Telit_UART_Stop();
 111              		.loc 1 193 0
 112 0020 FFF7FEFF 		bl	Telit_UART_Stop
 194:.\Generated_Source\PSoC5/Telit_UART_PM.c ****     Telit_UART_SaveConfig();
 113              		.loc 1 194 0
 114 0024 FFF7FEFF 		bl	Telit_UART_SaveConfig
 195:.\Generated_Source\PSoC5/Telit_UART_PM.c **** }
 115              		.loc 1 195 0
 116 0028 80BD     		pop	{r7, pc}
 117              	.L7:
 118 002a 00BF     		.align	2
 119              	.L6:
 120 002c 95650040 		.word	1073767829
 121 0030 00000000 		.word	Telit_UART_backup
 122              		.cfi_endproc
 123              	.LFE2:
 124              		.size	Telit_UART_Sleep, .-Telit_UART_Sleep
 125              		.section	.text.Telit_UART_Wakeup,"ax",%progbits
 126              		.align	2
 127              		.global	Telit_UART_Wakeup
 128              		.thumb
 129              		.thumb_func
 130              		.type	Telit_UART_Wakeup, %function
 131              	Telit_UART_Wakeup:
 132              	.LFB3:
 196:.\Generated_Source\PSoC5/Telit_UART_PM.c **** 
 197:.\Generated_Source\PSoC5/Telit_UART_PM.c **** 
 198:.\Generated_Source\PSoC5/Telit_UART_PM.c **** /*******************************************************************************
 199:.\Generated_Source\PSoC5/Telit_UART_PM.c **** * Function Name: Telit_UART_Wakeup
 200:.\Generated_Source\PSoC5/Telit_UART_PM.c **** ********************************************************************************
 201:.\Generated_Source\PSoC5/Telit_UART_PM.c **** *
 202:.\Generated_Source\PSoC5/Telit_UART_PM.c **** * Summary:
 203:.\Generated_Source\PSoC5/Telit_UART_PM.c **** *  Restores and enables the user configuration. Should be called
 204:.\Generated_Source\PSoC5/Telit_UART_PM.c **** *  just after awaking from sleep.
 205:.\Generated_Source\PSoC5/Telit_UART_PM.c **** *
 206:.\Generated_Source\PSoC5/Telit_UART_PM.c **** * Parameters:
 207:.\Generated_Source\PSoC5/Telit_UART_PM.c **** *  None.
 208:.\Generated_Source\PSoC5/Telit_UART_PM.c **** *
 209:.\Generated_Source\PSoC5/Telit_UART_PM.c **** * Return:
 210:.\Generated_Source\PSoC5/Telit_UART_PM.c **** *  None.
ARM GAS  C:\Users\Matthew\AppData\Local\Temp\ccF6WP3a.s 			page 7


 211:.\Generated_Source\PSoC5/Telit_UART_PM.c **** *
 212:.\Generated_Source\PSoC5/Telit_UART_PM.c **** * Global Variables:
 213:.\Generated_Source\PSoC5/Telit_UART_PM.c **** *  Telit_UART_backup - used when non-retention registers are restored.
 214:.\Generated_Source\PSoC5/Telit_UART_PM.c **** *
 215:.\Generated_Source\PSoC5/Telit_UART_PM.c **** * Reentrant:
 216:.\Generated_Source\PSoC5/Telit_UART_PM.c **** *  No.
 217:.\Generated_Source\PSoC5/Telit_UART_PM.c **** *
 218:.\Generated_Source\PSoC5/Telit_UART_PM.c **** *******************************************************************************/
 219:.\Generated_Source\PSoC5/Telit_UART_PM.c **** void Telit_UART_Wakeup(void)
 220:.\Generated_Source\PSoC5/Telit_UART_PM.c **** {
 133              		.loc 1 220 0
 134              		.cfi_startproc
 135              		@ args = 0, pretend = 0, frame = 0
 136              		@ frame_needed = 1, uses_anonymous_args = 0
 137 0000 80B5     		push	{r7, lr}
 138              		.cfi_def_cfa_offset 8
 139              		.cfi_offset 7, -8
 140              		.cfi_offset 14, -4
 141 0002 00AF     		add	r7, sp, #0
 142              		.cfi_def_cfa_register 7
 221:.\Generated_Source\PSoC5/Telit_UART_PM.c ****     Telit_UART_RestoreConfig();
 143              		.loc 1 221 0
 144 0004 FFF7FEFF 		bl	Telit_UART_RestoreConfig
 222:.\Generated_Source\PSoC5/Telit_UART_PM.c ****     #if( (Telit_UART_RX_ENABLED) || (Telit_UART_HD_ENABLED) )
 223:.\Generated_Source\PSoC5/Telit_UART_PM.c ****         Telit_UART_ClearRxBuffer();
 145              		.loc 1 223 0
 146 0008 FFF7FEFF 		bl	Telit_UART_ClearRxBuffer
 224:.\Generated_Source\PSoC5/Telit_UART_PM.c ****     #endif /* End (Telit_UART_RX_ENABLED) || (Telit_UART_HD_ENABLED) */
 225:.\Generated_Source\PSoC5/Telit_UART_PM.c ****     #if(Telit_UART_TX_ENABLED || Telit_UART_HD_ENABLED)
 226:.\Generated_Source\PSoC5/Telit_UART_PM.c ****         Telit_UART_ClearTxBuffer();
 147              		.loc 1 226 0
 148 000c FFF7FEFF 		bl	Telit_UART_ClearTxBuffer
 227:.\Generated_Source\PSoC5/Telit_UART_PM.c ****     #endif /* End Telit_UART_TX_ENABLED || Telit_UART_HD_ENABLED */
 228:.\Generated_Source\PSoC5/Telit_UART_PM.c **** 
 229:.\Generated_Source\PSoC5/Telit_UART_PM.c ****     if(Telit_UART_backup.enableState != 0u)
 149              		.loc 1 229 0
 150 0010 034B     		ldr	r3, .L10
 151 0012 1B78     		ldrb	r3, [r3]	@ zero_extendqisi2
 152 0014 002B     		cmp	r3, #0
 153 0016 01D0     		beq	.L8
 230:.\Generated_Source\PSoC5/Telit_UART_PM.c ****     {
 231:.\Generated_Source\PSoC5/Telit_UART_PM.c ****         Telit_UART_Enable();
 154              		.loc 1 231 0
 155 0018 FFF7FEFF 		bl	Telit_UART_Enable
 156              	.L8:
 232:.\Generated_Source\PSoC5/Telit_UART_PM.c ****     }
 233:.\Generated_Source\PSoC5/Telit_UART_PM.c **** }
 157              		.loc 1 233 0
 158 001c 80BD     		pop	{r7, pc}
 159              	.L11:
 160 001e 00BF     		.align	2
 161              	.L10:
 162 0020 00000000 		.word	Telit_UART_backup
 163              		.cfi_endproc
 164              	.LFE3:
 165              		.size	Telit_UART_Wakeup, .-Telit_UART_Wakeup
 166              		.text
ARM GAS  C:\Users\Matthew\AppData\Local\Temp\ccF6WP3a.s 			page 8


 167              	.Letext0:
 168              		.file 2 ".\\Generated_Source\\PSoC5\\cytypes.h"
 169              		.file 3 ".\\Generated_Source\\PSoC5\\Telit_UART.h"
 170              		.section	.debug_info,"",%progbits
 171              	.Ldebug_info0:
 172 0000 31010000 		.4byte	0x131
 173 0004 0400     		.2byte	0x4
 174 0006 00000000 		.4byte	.Ldebug_abbrev0
 175 000a 04       		.byte	0x4
 176 000b 01       		.uleb128 0x1
 177 000c 96010000 		.4byte	.LASF23
 178 0010 01       		.byte	0x1
 179 0011 77000000 		.4byte	.LASF24
 180 0015 40000000 		.4byte	.LASF25
 181 0019 00000000 		.4byte	.Ldebug_ranges0+0
 182 001d 00000000 		.4byte	0
 183 0021 00000000 		.4byte	.Ldebug_line0
 184 0025 02       		.uleb128 0x2
 185 0026 01       		.byte	0x1
 186 0027 06       		.byte	0x6
 187 0028 5F010000 		.4byte	.LASF0
 188 002c 02       		.uleb128 0x2
 189 002d 01       		.byte	0x1
 190 002e 08       		.byte	0x8
 191 002f F6000000 		.4byte	.LASF1
 192 0033 02       		.uleb128 0x2
 193 0034 02       		.byte	0x2
 194 0035 05       		.byte	0x5
 195 0036 71010000 		.4byte	.LASF2
 196 003a 02       		.uleb128 0x2
 197 003b 02       		.byte	0x2
 198 003c 07       		.byte	0x7
 199 003d 4C010000 		.4byte	.LASF3
 200 0041 02       		.uleb128 0x2
 201 0042 04       		.byte	0x4
 202 0043 05       		.byte	0x5
 203 0044 1A010000 		.4byte	.LASF4
 204 0048 02       		.uleb128 0x2
 205 0049 04       		.byte	0x4
 206 004a 07       		.byte	0x7
 207 004b A6000000 		.4byte	.LASF5
 208 004f 02       		.uleb128 0x2
 209 0050 08       		.byte	0x8
 210 0051 05       		.byte	0x5
 211 0052 00000000 		.4byte	.LASF6
 212 0056 02       		.uleb128 0x2
 213 0057 08       		.byte	0x8
 214 0058 07       		.byte	0x7
 215 0059 C2000000 		.4byte	.LASF7
 216 005d 03       		.uleb128 0x3
 217 005e 04       		.byte	0x4
 218 005f 05       		.byte	0x5
 219 0060 696E7400 		.ascii	"int\000"
 220 0064 02       		.uleb128 0x2
 221 0065 04       		.byte	0x4
 222 0066 07       		.byte	0x7
 223 0067 1A000000 		.4byte	.LASF8
ARM GAS  C:\Users\Matthew\AppData\Local\Temp\ccF6WP3a.s 			page 9


 224 006b 04       		.uleb128 0x4
 225 006c A0000000 		.4byte	.LASF12
 226 0070 02       		.byte	0x2
 227 0071 A1       		.byte	0xa1
 228 0072 2C000000 		.4byte	0x2c
 229 0076 02       		.uleb128 0x2
 230 0077 04       		.byte	0x4
 231 0078 04       		.byte	0x4
 232 0079 6B010000 		.4byte	.LASF9
 233 007d 02       		.uleb128 0x2
 234 007e 08       		.byte	0x8
 235 007f 04       		.byte	0x4
 236 0080 23010000 		.4byte	.LASF10
 237 0084 02       		.uleb128 0x2
 238 0085 01       		.byte	0x1
 239 0086 08       		.byte	0x8
 240 0087 04010000 		.4byte	.LASF11
 241 008b 05       		.uleb128 0x5
 242 008c 7B010000 		.4byte	.LASF13
 243 0090 02       		.byte	0x2
 244 0091 4B01     		.2byte	0x14b
 245 0093 97000000 		.4byte	0x97
 246 0097 06       		.uleb128 0x6
 247 0098 6B000000 		.4byte	0x6b
 248 009c 02       		.uleb128 0x2
 249 009d 04       		.byte	0x4
 250 009e 07       		.byte	0x7
 251 009f 43010000 		.4byte	.LASF14
 252 00a3 07       		.uleb128 0x7
 253 00a4 2A010000 		.4byte	.LASF26
 254 00a8 03       		.byte	0x3
 255 00a9 03       		.byte	0x3
 256 00aa 45       		.byte	0x45
 257 00ab D4000000 		.4byte	0xd4
 258 00af 08       		.uleb128 0x8
 259 00b0 0E000000 		.4byte	.LASF15
 260 00b4 03       		.byte	0x3
 261 00b5 47       		.byte	0x47
 262 00b6 6B000000 		.4byte	0x6b
 263 00ba 00       		.byte	0
 264 00bb 08       		.uleb128 0x8
 265 00bc B8000000 		.4byte	.LASF16
 266 00c0 03       		.byte	0x3
 267 00c1 4D       		.byte	0x4d
 268 00c2 6B000000 		.4byte	0x6b
 269 00c6 01       		.byte	0x1
 270 00c7 08       		.uleb128 0x8
 271 00c8 EB000000 		.4byte	.LASF17
 272 00cc 03       		.byte	0x3
 273 00cd 59       		.byte	0x59
 274 00ce 6B000000 		.4byte	0x6b
 275 00d2 02       		.byte	0x2
 276 00d3 00       		.byte	0
 277 00d4 04       		.uleb128 0x4
 278 00d5 27000000 		.4byte	.LASF18
 279 00d9 03       		.byte	0x3
 280 00da 64       		.byte	0x64
ARM GAS  C:\Users\Matthew\AppData\Local\Temp\ccF6WP3a.s 			page 10


 281 00db A3000000 		.4byte	0xa3
 282 00df 09       		.uleb128 0x9
 283 00e0 80010000 		.4byte	.LASF19
 284 00e4 01       		.byte	0x1
 285 00e5 34       		.byte	0x34
 286 00e6 00000000 		.4byte	.LFB0
 287 00ea 0C000000 		.4byte	.LFE0-.LFB0
 288 00ee 01       		.uleb128 0x1
 289 00ef 9C       		.byte	0x9c
 290 00f0 09       		.uleb128 0x9
 291 00f1 24020000 		.4byte	.LASF20
 292 00f5 01       		.byte	0x1
 293 00f6 6E       		.byte	0x6e
 294 00f7 00000000 		.4byte	.LFB1
 295 00fb 0C000000 		.4byte	.LFE1-.LFB1
 296 00ff 01       		.uleb128 0x1
 297 0100 9C       		.byte	0x9c
 298 0101 0A       		.uleb128 0xa
 299 0102 09010000 		.4byte	.LASF21
 300 0106 01       		.byte	0x1
 301 0107 AA       		.byte	0xaa
 302 0108 00000000 		.4byte	.LFB2
 303 010c 34000000 		.4byte	.LFE2-.LFB2
 304 0110 01       		.uleb128 0x1
 305 0111 9C       		.byte	0x9c
 306 0112 0A       		.uleb128 0xa
 307 0113 D9000000 		.4byte	.LASF22
 308 0117 01       		.byte	0x1
 309 0118 DB       		.byte	0xdb
 310 0119 00000000 		.4byte	.LFB3
 311 011d 24000000 		.4byte	.LFE3-.LFB3
 312 0121 01       		.uleb128 0x1
 313 0122 9C       		.byte	0x9c
 314 0123 0B       		.uleb128 0xb
 315 0124 12020000 		.4byte	.LASF27
 316 0128 01       		.byte	0x1
 317 0129 18       		.byte	0x18
 318 012a D4000000 		.4byte	0xd4
 319 012e 05       		.uleb128 0x5
 320 012f 03       		.byte	0x3
 321 0130 00000000 		.4byte	Telit_UART_backup
 322 0134 00       		.byte	0
 323              		.section	.debug_abbrev,"",%progbits
 324              	.Ldebug_abbrev0:
 325 0000 01       		.uleb128 0x1
 326 0001 11       		.uleb128 0x11
 327 0002 01       		.byte	0x1
 328 0003 25       		.uleb128 0x25
 329 0004 0E       		.uleb128 0xe
 330 0005 13       		.uleb128 0x13
 331 0006 0B       		.uleb128 0xb
 332 0007 03       		.uleb128 0x3
 333 0008 0E       		.uleb128 0xe
 334 0009 1B       		.uleb128 0x1b
 335 000a 0E       		.uleb128 0xe
 336 000b 55       		.uleb128 0x55
 337 000c 17       		.uleb128 0x17
ARM GAS  C:\Users\Matthew\AppData\Local\Temp\ccF6WP3a.s 			page 11


 338 000d 11       		.uleb128 0x11
 339 000e 01       		.uleb128 0x1
 340 000f 10       		.uleb128 0x10
 341 0010 17       		.uleb128 0x17
 342 0011 00       		.byte	0
 343 0012 00       		.byte	0
 344 0013 02       		.uleb128 0x2
 345 0014 24       		.uleb128 0x24
 346 0015 00       		.byte	0
 347 0016 0B       		.uleb128 0xb
 348 0017 0B       		.uleb128 0xb
 349 0018 3E       		.uleb128 0x3e
 350 0019 0B       		.uleb128 0xb
 351 001a 03       		.uleb128 0x3
 352 001b 0E       		.uleb128 0xe
 353 001c 00       		.byte	0
 354 001d 00       		.byte	0
 355 001e 03       		.uleb128 0x3
 356 001f 24       		.uleb128 0x24
 357 0020 00       		.byte	0
 358 0021 0B       		.uleb128 0xb
 359 0022 0B       		.uleb128 0xb
 360 0023 3E       		.uleb128 0x3e
 361 0024 0B       		.uleb128 0xb
 362 0025 03       		.uleb128 0x3
 363 0026 08       		.uleb128 0x8
 364 0027 00       		.byte	0
 365 0028 00       		.byte	0
 366 0029 04       		.uleb128 0x4
 367 002a 16       		.uleb128 0x16
 368 002b 00       		.byte	0
 369 002c 03       		.uleb128 0x3
 370 002d 0E       		.uleb128 0xe
 371 002e 3A       		.uleb128 0x3a
 372 002f 0B       		.uleb128 0xb
 373 0030 3B       		.uleb128 0x3b
 374 0031 0B       		.uleb128 0xb
 375 0032 49       		.uleb128 0x49
 376 0033 13       		.uleb128 0x13
 377 0034 00       		.byte	0
 378 0035 00       		.byte	0
 379 0036 05       		.uleb128 0x5
 380 0037 16       		.uleb128 0x16
 381 0038 00       		.byte	0
 382 0039 03       		.uleb128 0x3
 383 003a 0E       		.uleb128 0xe
 384 003b 3A       		.uleb128 0x3a
 385 003c 0B       		.uleb128 0xb
 386 003d 3B       		.uleb128 0x3b
 387 003e 05       		.uleb128 0x5
 388 003f 49       		.uleb128 0x49
 389 0040 13       		.uleb128 0x13
 390 0041 00       		.byte	0
 391 0042 00       		.byte	0
 392 0043 06       		.uleb128 0x6
 393 0044 35       		.uleb128 0x35
 394 0045 00       		.byte	0
ARM GAS  C:\Users\Matthew\AppData\Local\Temp\ccF6WP3a.s 			page 12


 395 0046 49       		.uleb128 0x49
 396 0047 13       		.uleb128 0x13
 397 0048 00       		.byte	0
 398 0049 00       		.byte	0
 399 004a 07       		.uleb128 0x7
 400 004b 13       		.uleb128 0x13
 401 004c 01       		.byte	0x1
 402 004d 03       		.uleb128 0x3
 403 004e 0E       		.uleb128 0xe
 404 004f 0B       		.uleb128 0xb
 405 0050 0B       		.uleb128 0xb
 406 0051 3A       		.uleb128 0x3a
 407 0052 0B       		.uleb128 0xb
 408 0053 3B       		.uleb128 0x3b
 409 0054 0B       		.uleb128 0xb
 410 0055 01       		.uleb128 0x1
 411 0056 13       		.uleb128 0x13
 412 0057 00       		.byte	0
 413 0058 00       		.byte	0
 414 0059 08       		.uleb128 0x8
 415 005a 0D       		.uleb128 0xd
 416 005b 00       		.byte	0
 417 005c 03       		.uleb128 0x3
 418 005d 0E       		.uleb128 0xe
 419 005e 3A       		.uleb128 0x3a
 420 005f 0B       		.uleb128 0xb
 421 0060 3B       		.uleb128 0x3b
 422 0061 0B       		.uleb128 0xb
 423 0062 49       		.uleb128 0x49
 424 0063 13       		.uleb128 0x13
 425 0064 38       		.uleb128 0x38
 426 0065 0B       		.uleb128 0xb
 427 0066 00       		.byte	0
 428 0067 00       		.byte	0
 429 0068 09       		.uleb128 0x9
 430 0069 2E       		.uleb128 0x2e
 431 006a 00       		.byte	0
 432 006b 3F       		.uleb128 0x3f
 433 006c 19       		.uleb128 0x19
 434 006d 03       		.uleb128 0x3
 435 006e 0E       		.uleb128 0xe
 436 006f 3A       		.uleb128 0x3a
 437 0070 0B       		.uleb128 0xb
 438 0071 3B       		.uleb128 0x3b
 439 0072 0B       		.uleb128 0xb
 440 0073 27       		.uleb128 0x27
 441 0074 19       		.uleb128 0x19
 442 0075 11       		.uleb128 0x11
 443 0076 01       		.uleb128 0x1
 444 0077 12       		.uleb128 0x12
 445 0078 06       		.uleb128 0x6
 446 0079 40       		.uleb128 0x40
 447 007a 18       		.uleb128 0x18
 448 007b 9742     		.uleb128 0x2117
 449 007d 19       		.uleb128 0x19
 450 007e 00       		.byte	0
 451 007f 00       		.byte	0
ARM GAS  C:\Users\Matthew\AppData\Local\Temp\ccF6WP3a.s 			page 13


 452 0080 0A       		.uleb128 0xa
 453 0081 2E       		.uleb128 0x2e
 454 0082 00       		.byte	0
 455 0083 3F       		.uleb128 0x3f
 456 0084 19       		.uleb128 0x19
 457 0085 03       		.uleb128 0x3
 458 0086 0E       		.uleb128 0xe
 459 0087 3A       		.uleb128 0x3a
 460 0088 0B       		.uleb128 0xb
 461 0089 3B       		.uleb128 0x3b
 462 008a 0B       		.uleb128 0xb
 463 008b 27       		.uleb128 0x27
 464 008c 19       		.uleb128 0x19
 465 008d 11       		.uleb128 0x11
 466 008e 01       		.uleb128 0x1
 467 008f 12       		.uleb128 0x12
 468 0090 06       		.uleb128 0x6
 469 0091 40       		.uleb128 0x40
 470 0092 18       		.uleb128 0x18
 471 0093 9642     		.uleb128 0x2116
 472 0095 19       		.uleb128 0x19
 473 0096 00       		.byte	0
 474 0097 00       		.byte	0
 475 0098 0B       		.uleb128 0xb
 476 0099 34       		.uleb128 0x34
 477 009a 00       		.byte	0
 478 009b 03       		.uleb128 0x3
 479 009c 0E       		.uleb128 0xe
 480 009d 3A       		.uleb128 0x3a
 481 009e 0B       		.uleb128 0xb
 482 009f 3B       		.uleb128 0x3b
 483 00a0 0B       		.uleb128 0xb
 484 00a1 49       		.uleb128 0x49
 485 00a2 13       		.uleb128 0x13
 486 00a3 02       		.uleb128 0x2
 487 00a4 18       		.uleb128 0x18
 488 00a5 00       		.byte	0
 489 00a6 00       		.byte	0
 490 00a7 00       		.byte	0
 491              		.section	.debug_aranges,"",%progbits
 492 0000 34000000 		.4byte	0x34
 493 0004 0200     		.2byte	0x2
 494 0006 00000000 		.4byte	.Ldebug_info0
 495 000a 04       		.byte	0x4
 496 000b 00       		.byte	0
 497 000c 0000     		.2byte	0
 498 000e 0000     		.2byte	0
 499 0010 00000000 		.4byte	.LFB0
 500 0014 0C000000 		.4byte	.LFE0-.LFB0
 501 0018 00000000 		.4byte	.LFB1
 502 001c 0C000000 		.4byte	.LFE1-.LFB1
 503 0020 00000000 		.4byte	.LFB2
 504 0024 34000000 		.4byte	.LFE2-.LFB2
 505 0028 00000000 		.4byte	.LFB3
 506 002c 24000000 		.4byte	.LFE3-.LFB3
 507 0030 00000000 		.4byte	0
 508 0034 00000000 		.4byte	0
ARM GAS  C:\Users\Matthew\AppData\Local\Temp\ccF6WP3a.s 			page 14


 509              		.section	.debug_ranges,"",%progbits
 510              	.Ldebug_ranges0:
 511 0000 00000000 		.4byte	.LFB0
 512 0004 0C000000 		.4byte	.LFE0
 513 0008 00000000 		.4byte	.LFB1
 514 000c 0C000000 		.4byte	.LFE1
 515 0010 00000000 		.4byte	.LFB2
 516 0014 34000000 		.4byte	.LFE2
 517 0018 00000000 		.4byte	.LFB3
 518 001c 24000000 		.4byte	.LFE3
 519 0020 00000000 		.4byte	0
 520 0024 00000000 		.4byte	0
 521              		.section	.debug_line,"",%progbits
 522              	.Ldebug_line0:
 523 0000 B5000000 		.section	.debug_str,"MS",%progbits,1
 523      02005C00 
 523      00000201 
 523      FB0E0D00 
 523      01010101 
 524              	.LASF6:
 525 0000 6C6F6E67 		.ascii	"long long int\000"
 525      206C6F6E 
 525      6720696E 
 525      7400
 526              	.LASF15:
 527 000e 656E6162 		.ascii	"enableState\000"
 527      6C655374 
 527      61746500 
 528              	.LASF8:
 529 001a 756E7369 		.ascii	"unsigned int\000"
 529      676E6564 
 529      20696E74 
 529      00
 530              	.LASF18:
 531 0027 54656C69 		.ascii	"Telit_UART_BACKUP_STRUCT\000"
 531      745F5541 
 531      52545F42 
 531      41434B55 
 531      505F5354 
 532              	.LASF25:
 533 0040 433A5C55 		.ascii	"C:\\Users\\Matthew\\github\\IoT\\CellBoard\\Cell Bo"
 533      73657273 
 533      5C4D6174 
 533      74686577 
 533      5C676974 
 534 006d 6172642E 		.ascii	"ard.cydsn\000"
 534      63796473 
 534      6E00
 535              	.LASF24:
 536 0077 2E5C4765 		.ascii	".\\Generated_Source\\PSoC5\\Telit_UART_PM.c\000"
 536      6E657261 
 536      7465645F 
 536      536F7572 
 536      63655C50 
 537              	.LASF12:
 538 00a0 75696E74 		.ascii	"uint8\000"
 538      3800
ARM GAS  C:\Users\Matthew\AppData\Local\Temp\ccF6WP3a.s 			page 15


 539              	.LASF5:
 540 00a6 6C6F6E67 		.ascii	"long unsigned int\000"
 540      20756E73 
 540      69676E65 
 540      6420696E 
 540      7400
 541              	.LASF16:
 542 00b8 72785F70 		.ascii	"rx_period\000"
 542      6572696F 
 542      6400
 543              	.LASF7:
 544 00c2 6C6F6E67 		.ascii	"long long unsigned int\000"
 544      206C6F6E 
 544      6720756E 
 544      7369676E 
 544      65642069 
 545              	.LASF22:
 546 00d9 54656C69 		.ascii	"Telit_UART_Wakeup\000"
 546      745F5541 
 546      52545F57 
 546      616B6575 
 546      7000
 547              	.LASF17:
 548 00eb 74785F63 		.ascii	"tx_clk_ctr\000"
 548      6C6B5F63 
 548      747200
 549              	.LASF1:
 550 00f6 756E7369 		.ascii	"unsigned char\000"
 550      676E6564 
 550      20636861 
 550      7200
 551              	.LASF11:
 552 0104 63686172 		.ascii	"char\000"
 552      00
 553              	.LASF21:
 554 0109 54656C69 		.ascii	"Telit_UART_Sleep\000"
 554      745F5541 
 554      52545F53 
 554      6C656570 
 554      00
 555              	.LASF4:
 556 011a 6C6F6E67 		.ascii	"long int\000"
 556      20696E74 
 556      00
 557              	.LASF10:
 558 0123 646F7562 		.ascii	"double\000"
 558      6C6500
 559              	.LASF26:
 560 012a 54656C69 		.ascii	"Telit_UART_backupStruct_\000"
 560      745F5541 
 560      52545F62 
 560      61636B75 
 560      70537472 
 561              	.LASF14:
 562 0143 73697A65 		.ascii	"sizetype\000"
 562      74797065 
 562      00
ARM GAS  C:\Users\Matthew\AppData\Local\Temp\ccF6WP3a.s 			page 16


 563              	.LASF3:
 564 014c 73686F72 		.ascii	"short unsigned int\000"
 564      7420756E 
 564      7369676E 
 564      65642069 
 564      6E7400
 565              	.LASF0:
 566 015f 7369676E 		.ascii	"signed char\000"
 566      65642063 
 566      68617200 
 567              	.LASF9:
 568 016b 666C6F61 		.ascii	"float\000"
 568      7400
 569              	.LASF2:
 570 0171 73686F72 		.ascii	"short int\000"
 570      7420696E 
 570      7400
 571              	.LASF13:
 572 017b 72656738 		.ascii	"reg8\000"
 572      00
 573              	.LASF19:
 574 0180 54656C69 		.ascii	"Telit_UART_SaveConfig\000"
 574      745F5541 
 574      52545F53 
 574      61766543 
 574      6F6E6669 
 575              	.LASF23:
 576 0196 474E5520 		.ascii	"GNU C 4.8.4 20140526 (release) [ARM/embedded-4_8-br"
 576      4320342E 
 576      382E3420 
 576      32303134 
 576      30353236 
 577 01c9 616E6368 		.ascii	"anch revision 211358] -mcpu=cortex-m3 -mthumb -g -O"
 577      20726576 
 577      6973696F 
 577      6E203231 
 577      31333538 
 578 01fc 30202D66 		.ascii	"0 -ffunction-sections\000"
 578      66756E63 
 578      74696F6E 
 578      2D736563 
 578      74696F6E 
 579              	.LASF27:
 580 0212 54656C69 		.ascii	"Telit_UART_backup\000"
 580      745F5541 
 580      52545F62 
 580      61636B75 
 580      7000
 581              	.LASF20:
 582 0224 54656C69 		.ascii	"Telit_UART_RestoreConfig\000"
 582      745F5541 
 582      52545F52 
 582      6573746F 
 582      7265436F 
 583              		.ident	"GCC: (GNU Tools for ARM Embedded Processors) 4.8.4 20140526 (release) [ARM/embedded-4_8-br
