ARM GAS  C:\Users\BRANKO~1\AppData\Local\Temp\ccz2X7Ud.s 			page 1


   1              		.syntax unified
   2              		.cpu cortex-m3
   3              		.fpu softvfp
   4              		.eabi_attribute 20, 1
   5              		.eabi_attribute 21, 1
   6              		.eabi_attribute 23, 3
   7              		.eabi_attribute 24, 1
   8              		.eabi_attribute 25, 1
   9              		.eabi_attribute 26, 1
  10              		.eabi_attribute 30, 6
  11              		.eabi_attribute 34, 1
  12              		.eabi_attribute 18, 4
  13              		.thumb
  14              		.file	"WaveDAC8_1_VDAC8.c"
  15              		.text
  16              	.Ltext0:
  17              		.cfi_sections	.debug_frame
  18              		.global	WaveDAC8_1_VDAC8_initVar
  19              		.bss
  20              		.type	WaveDAC8_1_VDAC8_initVar, %object
  21              		.size	WaveDAC8_1_VDAC8_initVar, 1
  22              	WaveDAC8_1_VDAC8_initVar:
  23 0000 00       		.space	1
  24              		.section	.text.WaveDAC8_1_VDAC8_Init,"ax",%progbits
  25              		.align	2
  26              		.global	WaveDAC8_1_VDAC8_Init
  27              		.thumb
  28              		.thumb_func
  29              		.type	WaveDAC8_1_VDAC8_Init, %function
  30              	WaveDAC8_1_VDAC8_Init:
  31              	.LFB0:
  32              		.file 1 ".\\Generated_Source\\PSoC5\\WaveDAC8_1_VDAC8.c"
   1:.\Generated_Source\PSoC5/WaveDAC8_1_VDAC8.c **** /*******************************************************************************
   2:.\Generated_Source\PSoC5/WaveDAC8_1_VDAC8.c **** * File Name: WaveDAC8_1_VDAC8.c  
   3:.\Generated_Source\PSoC5/WaveDAC8_1_VDAC8.c **** * Version 1.90
   4:.\Generated_Source\PSoC5/WaveDAC8_1_VDAC8.c **** *
   5:.\Generated_Source\PSoC5/WaveDAC8_1_VDAC8.c **** * Description:
   6:.\Generated_Source\PSoC5/WaveDAC8_1_VDAC8.c **** *  This file provides the source code to the API for the 8-bit Voltage DAC 
   7:.\Generated_Source\PSoC5/WaveDAC8_1_VDAC8.c **** *  (VDAC8) User Module.
   8:.\Generated_Source\PSoC5/WaveDAC8_1_VDAC8.c **** *
   9:.\Generated_Source\PSoC5/WaveDAC8_1_VDAC8.c **** * Note:
  10:.\Generated_Source\PSoC5/WaveDAC8_1_VDAC8.c **** *  Any unusual or non-standard behavior should be noted here. Other-
  11:.\Generated_Source\PSoC5/WaveDAC8_1_VDAC8.c **** *  wise, this section should remain blank.
  12:.\Generated_Source\PSoC5/WaveDAC8_1_VDAC8.c **** *
  13:.\Generated_Source\PSoC5/WaveDAC8_1_VDAC8.c **** ********************************************************************************
  14:.\Generated_Source\PSoC5/WaveDAC8_1_VDAC8.c **** * Copyright 2008-2012, Cypress Semiconductor Corporation.  All rights reserved.
  15:.\Generated_Source\PSoC5/WaveDAC8_1_VDAC8.c **** * You may use this file only in accordance with the license, terms, conditions, 
  16:.\Generated_Source\PSoC5/WaveDAC8_1_VDAC8.c **** * disclaimers, and limitations in the end user license agreement accompanying 
  17:.\Generated_Source\PSoC5/WaveDAC8_1_VDAC8.c **** * the software package with which this file was provided.
  18:.\Generated_Source\PSoC5/WaveDAC8_1_VDAC8.c **** *******************************************************************************/
  19:.\Generated_Source\PSoC5/WaveDAC8_1_VDAC8.c **** 
  20:.\Generated_Source\PSoC5/WaveDAC8_1_VDAC8.c **** #include "cytypes.h"
  21:.\Generated_Source\PSoC5/WaveDAC8_1_VDAC8.c **** #include "WaveDAC8_1_VDAC8.h"
  22:.\Generated_Source\PSoC5/WaveDAC8_1_VDAC8.c **** 
  23:.\Generated_Source\PSoC5/WaveDAC8_1_VDAC8.c **** #if (CY_PSOC5A)
  24:.\Generated_Source\PSoC5/WaveDAC8_1_VDAC8.c **** #include <CyLib.h>
  25:.\Generated_Source\PSoC5/WaveDAC8_1_VDAC8.c **** #endif /* CY_PSOC5A */
ARM GAS  C:\Users\BRANKO~1\AppData\Local\Temp\ccz2X7Ud.s 			page 2


  26:.\Generated_Source\PSoC5/WaveDAC8_1_VDAC8.c **** 
  27:.\Generated_Source\PSoC5/WaveDAC8_1_VDAC8.c **** uint8 WaveDAC8_1_VDAC8_initVar = 0u;
  28:.\Generated_Source\PSoC5/WaveDAC8_1_VDAC8.c **** 
  29:.\Generated_Source\PSoC5/WaveDAC8_1_VDAC8.c **** #if (CY_PSOC5A)
  30:.\Generated_Source\PSoC5/WaveDAC8_1_VDAC8.c ****     static uint8 WaveDAC8_1_VDAC8_restoreVal = 0u;
  31:.\Generated_Source\PSoC5/WaveDAC8_1_VDAC8.c **** #endif /* CY_PSOC5A */
  32:.\Generated_Source\PSoC5/WaveDAC8_1_VDAC8.c **** 
  33:.\Generated_Source\PSoC5/WaveDAC8_1_VDAC8.c **** #if (CY_PSOC5A)
  34:.\Generated_Source\PSoC5/WaveDAC8_1_VDAC8.c ****     static WaveDAC8_1_VDAC8_backupStruct WaveDAC8_1_VDAC8_backup;
  35:.\Generated_Source\PSoC5/WaveDAC8_1_VDAC8.c **** #endif /* CY_PSOC5A */
  36:.\Generated_Source\PSoC5/WaveDAC8_1_VDAC8.c **** 
  37:.\Generated_Source\PSoC5/WaveDAC8_1_VDAC8.c **** 
  38:.\Generated_Source\PSoC5/WaveDAC8_1_VDAC8.c **** /*******************************************************************************
  39:.\Generated_Source\PSoC5/WaveDAC8_1_VDAC8.c **** * Function Name: WaveDAC8_1_VDAC8_Init
  40:.\Generated_Source\PSoC5/WaveDAC8_1_VDAC8.c **** ********************************************************************************
  41:.\Generated_Source\PSoC5/WaveDAC8_1_VDAC8.c **** * Summary:
  42:.\Generated_Source\PSoC5/WaveDAC8_1_VDAC8.c **** *  Initialize to the schematic state.
  43:.\Generated_Source\PSoC5/WaveDAC8_1_VDAC8.c **** * 
  44:.\Generated_Source\PSoC5/WaveDAC8_1_VDAC8.c **** * Parameters:
  45:.\Generated_Source\PSoC5/WaveDAC8_1_VDAC8.c **** *  void:
  46:.\Generated_Source\PSoC5/WaveDAC8_1_VDAC8.c **** *
  47:.\Generated_Source\PSoC5/WaveDAC8_1_VDAC8.c **** * Return:
  48:.\Generated_Source\PSoC5/WaveDAC8_1_VDAC8.c **** *  void
  49:.\Generated_Source\PSoC5/WaveDAC8_1_VDAC8.c **** *
  50:.\Generated_Source\PSoC5/WaveDAC8_1_VDAC8.c **** * Theory:
  51:.\Generated_Source\PSoC5/WaveDAC8_1_VDAC8.c **** *
  52:.\Generated_Source\PSoC5/WaveDAC8_1_VDAC8.c **** * Side Effects:
  53:.\Generated_Source\PSoC5/WaveDAC8_1_VDAC8.c **** *
  54:.\Generated_Source\PSoC5/WaveDAC8_1_VDAC8.c **** *******************************************************************************/
  55:.\Generated_Source\PSoC5/WaveDAC8_1_VDAC8.c **** void WaveDAC8_1_VDAC8_Init(void) 
  56:.\Generated_Source\PSoC5/WaveDAC8_1_VDAC8.c **** {
  33              		.loc 1 56 0
  34              		.cfi_startproc
  35              		@ args = 0, pretend = 0, frame = 0
  36              		@ frame_needed = 1, uses_anonymous_args = 0
  37 0000 80B5     		push	{r7, lr}
  38              		.cfi_def_cfa_offset 8
  39              		.cfi_offset 7, -8
  40              		.cfi_offset 14, -4
  41 0002 00AF     		add	r7, sp, #0
  42              		.cfi_def_cfa_register 7
  57:.\Generated_Source\PSoC5/WaveDAC8_1_VDAC8.c ****     WaveDAC8_1_VDAC8_CR0 = (WaveDAC8_1_VDAC8_MODE_V );
  43              		.loc 1 57 0
  44 0004 0A4B     		ldr	r3, .L2
  45 0006 0022     		movs	r2, #0
  46 0008 1A70     		strb	r2, [r3]
  58:.\Generated_Source\PSoC5/WaveDAC8_1_VDAC8.c **** 
  59:.\Generated_Source\PSoC5/WaveDAC8_1_VDAC8.c ****     /* Set default data source */
  60:.\Generated_Source\PSoC5/WaveDAC8_1_VDAC8.c ****     #if(WaveDAC8_1_VDAC8_DEFAULT_DATA_SRC != 0 )
  61:.\Generated_Source\PSoC5/WaveDAC8_1_VDAC8.c ****         WaveDAC8_1_VDAC8_CR1 = (WaveDAC8_1_VDAC8_DEFAULT_CNTL | WaveDAC8_1_VDAC8_DACBUS_ENABLE) ;
  62:.\Generated_Source\PSoC5/WaveDAC8_1_VDAC8.c ****     #else
  63:.\Generated_Source\PSoC5/WaveDAC8_1_VDAC8.c ****         WaveDAC8_1_VDAC8_CR1 = (WaveDAC8_1_VDAC8_DEFAULT_CNTL | WaveDAC8_1_VDAC8_DACBUS_DISABLE) ;
  47              		.loc 1 63 0
  48 000a 0A4B     		ldr	r3, .L2+4
  49 000c 0022     		movs	r2, #0
  50 000e 1A70     		strb	r2, [r3]
  64:.\Generated_Source\PSoC5/WaveDAC8_1_VDAC8.c ****     #endif /* (WaveDAC8_1_VDAC8_DEFAULT_DATA_SRC != 0 ) */
ARM GAS  C:\Users\BRANKO~1\AppData\Local\Temp\ccz2X7Ud.s 			page 3


  65:.\Generated_Source\PSoC5/WaveDAC8_1_VDAC8.c **** 
  66:.\Generated_Source\PSoC5/WaveDAC8_1_VDAC8.c ****     /* Set default strobe mode */
  67:.\Generated_Source\PSoC5/WaveDAC8_1_VDAC8.c ****     #if(WaveDAC8_1_VDAC8_DEFAULT_STRB != 0)
  68:.\Generated_Source\PSoC5/WaveDAC8_1_VDAC8.c ****         WaveDAC8_1_VDAC8_Strobe |= WaveDAC8_1_VDAC8_STRB_EN ;
  51              		.loc 1 68 0
  52 0010 094B     		ldr	r3, .L2+8
  53 0012 094A     		ldr	r2, .L2+8
  54 0014 1278     		ldrb	r2, [r2]
  55 0016 D2B2     		uxtb	r2, r2
  56 0018 42F00802 		orr	r2, r2, #8
  57 001c D2B2     		uxtb	r2, r2
  58 001e 1A70     		strb	r2, [r3]
  69:.\Generated_Source\PSoC5/WaveDAC8_1_VDAC8.c ****     #endif/* (WaveDAC8_1_VDAC8_DEFAULT_STRB != 0) */
  70:.\Generated_Source\PSoC5/WaveDAC8_1_VDAC8.c **** 
  71:.\Generated_Source\PSoC5/WaveDAC8_1_VDAC8.c ****     /* Set default range */
  72:.\Generated_Source\PSoC5/WaveDAC8_1_VDAC8.c ****     WaveDAC8_1_VDAC8_SetRange(WaveDAC8_1_VDAC8_DEFAULT_RANGE); 
  59              		.loc 1 72 0
  60 0020 0020     		movs	r0, #0
  61 0022 FFF7FEFF 		bl	WaveDAC8_1_VDAC8_SetRange
  73:.\Generated_Source\PSoC5/WaveDAC8_1_VDAC8.c **** 
  74:.\Generated_Source\PSoC5/WaveDAC8_1_VDAC8.c ****     /* Set default speed */
  75:.\Generated_Source\PSoC5/WaveDAC8_1_VDAC8.c ****     WaveDAC8_1_VDAC8_SetSpeed(WaveDAC8_1_VDAC8_DEFAULT_SPEED);
  62              		.loc 1 75 0
  63 0026 0220     		movs	r0, #2
  64 0028 FFF7FEFF 		bl	WaveDAC8_1_VDAC8_SetSpeed
  76:.\Generated_Source\PSoC5/WaveDAC8_1_VDAC8.c **** }
  65              		.loc 1 76 0
  66 002c 80BD     		pop	{r7, pc}
  67              	.L3:
  68 002e 00BF     		.align	2
  69              	.L2:
  70 0030 20580040 		.word	1073764384
  71 0034 21580040 		.word	1073764385
  72 0038 875A0040 		.word	1073764999
  73              		.cfi_endproc
  74              	.LFE0:
  75              		.size	WaveDAC8_1_VDAC8_Init, .-WaveDAC8_1_VDAC8_Init
  76              		.section	.text.WaveDAC8_1_VDAC8_Enable,"ax",%progbits
  77              		.align	2
  78              		.global	WaveDAC8_1_VDAC8_Enable
  79              		.thumb
  80              		.thumb_func
  81              		.type	WaveDAC8_1_VDAC8_Enable, %function
  82              	WaveDAC8_1_VDAC8_Enable:
  83              	.LFB1:
  77:.\Generated_Source\PSoC5/WaveDAC8_1_VDAC8.c **** 
  78:.\Generated_Source\PSoC5/WaveDAC8_1_VDAC8.c **** 
  79:.\Generated_Source\PSoC5/WaveDAC8_1_VDAC8.c **** /*******************************************************************************
  80:.\Generated_Source\PSoC5/WaveDAC8_1_VDAC8.c **** * Function Name: WaveDAC8_1_VDAC8_Enable
  81:.\Generated_Source\PSoC5/WaveDAC8_1_VDAC8.c **** ********************************************************************************
  82:.\Generated_Source\PSoC5/WaveDAC8_1_VDAC8.c **** * Summary:
  83:.\Generated_Source\PSoC5/WaveDAC8_1_VDAC8.c **** *  Enable the VDAC8
  84:.\Generated_Source\PSoC5/WaveDAC8_1_VDAC8.c **** * 
  85:.\Generated_Source\PSoC5/WaveDAC8_1_VDAC8.c **** * Parameters:
  86:.\Generated_Source\PSoC5/WaveDAC8_1_VDAC8.c **** *  void
  87:.\Generated_Source\PSoC5/WaveDAC8_1_VDAC8.c **** *
  88:.\Generated_Source\PSoC5/WaveDAC8_1_VDAC8.c **** * Return:
ARM GAS  C:\Users\BRANKO~1\AppData\Local\Temp\ccz2X7Ud.s 			page 4


  89:.\Generated_Source\PSoC5/WaveDAC8_1_VDAC8.c **** *  void
  90:.\Generated_Source\PSoC5/WaveDAC8_1_VDAC8.c **** *
  91:.\Generated_Source\PSoC5/WaveDAC8_1_VDAC8.c **** * Theory:
  92:.\Generated_Source\PSoC5/WaveDAC8_1_VDAC8.c **** *
  93:.\Generated_Source\PSoC5/WaveDAC8_1_VDAC8.c **** * Side Effects:
  94:.\Generated_Source\PSoC5/WaveDAC8_1_VDAC8.c **** *
  95:.\Generated_Source\PSoC5/WaveDAC8_1_VDAC8.c **** *******************************************************************************/
  96:.\Generated_Source\PSoC5/WaveDAC8_1_VDAC8.c **** void WaveDAC8_1_VDAC8_Enable(void) 
  97:.\Generated_Source\PSoC5/WaveDAC8_1_VDAC8.c **** {
  84              		.loc 1 97 0
  85              		.cfi_startproc
  86              		@ args = 0, pretend = 0, frame = 0
  87              		@ frame_needed = 1, uses_anonymous_args = 0
  88              		@ link register save eliminated.
  89 0000 80B4     		push	{r7}
  90              		.cfi_def_cfa_offset 4
  91              		.cfi_offset 7, -4
  92 0002 00AF     		add	r7, sp, #0
  93              		.cfi_def_cfa_register 7
  98:.\Generated_Source\PSoC5/WaveDAC8_1_VDAC8.c ****     WaveDAC8_1_VDAC8_PWRMGR |= WaveDAC8_1_VDAC8_ACT_PWR_EN;
  94              		.loc 1 98 0
  95 0004 094B     		ldr	r3, .L5
  96 0006 094A     		ldr	r2, .L5
  97 0008 1278     		ldrb	r2, [r2]
  98 000a D2B2     		uxtb	r2, r2
  99 000c 42F00102 		orr	r2, r2, #1
 100 0010 D2B2     		uxtb	r2, r2
 101 0012 1A70     		strb	r2, [r3]
  99:.\Generated_Source\PSoC5/WaveDAC8_1_VDAC8.c ****     WaveDAC8_1_VDAC8_STBY_PWRMGR |= WaveDAC8_1_VDAC8_STBY_PWR_EN;
 102              		.loc 1 99 0
 103 0014 064B     		ldr	r3, .L5+4
 104 0016 064A     		ldr	r2, .L5+4
 105 0018 1278     		ldrb	r2, [r2]
 106 001a D2B2     		uxtb	r2, r2
 107 001c 42F00102 		orr	r2, r2, #1
 108 0020 D2B2     		uxtb	r2, r2
 109 0022 1A70     		strb	r2, [r3]
 100:.\Generated_Source\PSoC5/WaveDAC8_1_VDAC8.c **** 
 101:.\Generated_Source\PSoC5/WaveDAC8_1_VDAC8.c ****     /*This is to restore the value of register CR0 ,
 102:.\Generated_Source\PSoC5/WaveDAC8_1_VDAC8.c ****     which is modified  in Stop API , this prevents misbehaviour of VDAC */
 103:.\Generated_Source\PSoC5/WaveDAC8_1_VDAC8.c ****     #if (CY_PSOC5A)
 104:.\Generated_Source\PSoC5/WaveDAC8_1_VDAC8.c ****         if(WaveDAC8_1_VDAC8_restoreVal == 1u) 
 105:.\Generated_Source\PSoC5/WaveDAC8_1_VDAC8.c ****         {
 106:.\Generated_Source\PSoC5/WaveDAC8_1_VDAC8.c ****              WaveDAC8_1_VDAC8_CR0 = WaveDAC8_1_VDAC8_backup.data_value;
 107:.\Generated_Source\PSoC5/WaveDAC8_1_VDAC8.c ****              WaveDAC8_1_VDAC8_restoreVal = 0u;
 108:.\Generated_Source\PSoC5/WaveDAC8_1_VDAC8.c ****         }
 109:.\Generated_Source\PSoC5/WaveDAC8_1_VDAC8.c ****     #endif /* CY_PSOC5A */
 110:.\Generated_Source\PSoC5/WaveDAC8_1_VDAC8.c **** }
 110              		.loc 1 110 0
 111 0024 BD46     		mov	sp, r7
 112              		@ sp needed
 113 0026 5DF8047B 		ldr	r7, [sp], #4
 114 002a 7047     		bx	lr
 115              	.L6:
 116              		.align	2
 117              	.L5:
 118 002c A8430040 		.word	1073759144
ARM GAS  C:\Users\BRANKO~1\AppData\Local\Temp\ccz2X7Ud.s 			page 5


 119 0030 B8430040 		.word	1073759160
 120              		.cfi_endproc
 121              	.LFE1:
 122              		.size	WaveDAC8_1_VDAC8_Enable, .-WaveDAC8_1_VDAC8_Enable
 123              		.section	.text.WaveDAC8_1_VDAC8_Start,"ax",%progbits
 124              		.align	2
 125              		.global	WaveDAC8_1_VDAC8_Start
 126              		.thumb
 127              		.thumb_func
 128              		.type	WaveDAC8_1_VDAC8_Start, %function
 129              	WaveDAC8_1_VDAC8_Start:
 130              	.LFB2:
 111:.\Generated_Source\PSoC5/WaveDAC8_1_VDAC8.c **** 
 112:.\Generated_Source\PSoC5/WaveDAC8_1_VDAC8.c **** 
 113:.\Generated_Source\PSoC5/WaveDAC8_1_VDAC8.c **** /*******************************************************************************
 114:.\Generated_Source\PSoC5/WaveDAC8_1_VDAC8.c **** * Function Name: WaveDAC8_1_VDAC8_Start
 115:.\Generated_Source\PSoC5/WaveDAC8_1_VDAC8.c **** ********************************************************************************
 116:.\Generated_Source\PSoC5/WaveDAC8_1_VDAC8.c **** *
 117:.\Generated_Source\PSoC5/WaveDAC8_1_VDAC8.c **** * Summary:
 118:.\Generated_Source\PSoC5/WaveDAC8_1_VDAC8.c **** *  The start function initializes the voltage DAC with the default values, 
 119:.\Generated_Source\PSoC5/WaveDAC8_1_VDAC8.c **** *  and sets the power to the given level.  A power level of 0, is the same as
 120:.\Generated_Source\PSoC5/WaveDAC8_1_VDAC8.c **** *  executing the stop function.
 121:.\Generated_Source\PSoC5/WaveDAC8_1_VDAC8.c **** *
 122:.\Generated_Source\PSoC5/WaveDAC8_1_VDAC8.c **** * Parameters:
 123:.\Generated_Source\PSoC5/WaveDAC8_1_VDAC8.c **** *  Power: Sets power level between off (0) and (3) high power
 124:.\Generated_Source\PSoC5/WaveDAC8_1_VDAC8.c **** *
 125:.\Generated_Source\PSoC5/WaveDAC8_1_VDAC8.c **** * Return:
 126:.\Generated_Source\PSoC5/WaveDAC8_1_VDAC8.c **** *  void 
 127:.\Generated_Source\PSoC5/WaveDAC8_1_VDAC8.c **** *
 128:.\Generated_Source\PSoC5/WaveDAC8_1_VDAC8.c **** * Global variables:
 129:.\Generated_Source\PSoC5/WaveDAC8_1_VDAC8.c **** *  WaveDAC8_1_VDAC8_initVar: Is modified when this function is called for the 
 130:.\Generated_Source\PSoC5/WaveDAC8_1_VDAC8.c **** *  first time. Is used to ensure that initialization happens only once.
 131:.\Generated_Source\PSoC5/WaveDAC8_1_VDAC8.c **** *
 132:.\Generated_Source\PSoC5/WaveDAC8_1_VDAC8.c **** *******************************************************************************/
 133:.\Generated_Source\PSoC5/WaveDAC8_1_VDAC8.c **** void WaveDAC8_1_VDAC8_Start(void)  
 134:.\Generated_Source\PSoC5/WaveDAC8_1_VDAC8.c **** {
 131              		.loc 1 134 0
 132              		.cfi_startproc
 133              		@ args = 0, pretend = 0, frame = 0
 134              		@ frame_needed = 1, uses_anonymous_args = 0
 135 0000 80B5     		push	{r7, lr}
 136              		.cfi_def_cfa_offset 8
 137              		.cfi_offset 7, -8
 138              		.cfi_offset 14, -4
 139 0002 00AF     		add	r7, sp, #0
 140              		.cfi_def_cfa_register 7
 135:.\Generated_Source\PSoC5/WaveDAC8_1_VDAC8.c ****     /* Hardware initiazation only needs to occure the first time */
 136:.\Generated_Source\PSoC5/WaveDAC8_1_VDAC8.c ****     if(WaveDAC8_1_VDAC8_initVar == 0u)
 141              		.loc 1 136 0
 142 0004 074B     		ldr	r3, .L9
 143 0006 1B78     		ldrb	r3, [r3]	@ zero_extendqisi2
 144 0008 002B     		cmp	r3, #0
 145 000a 04D1     		bne	.L8
 137:.\Generated_Source\PSoC5/WaveDAC8_1_VDAC8.c ****     { 
 138:.\Generated_Source\PSoC5/WaveDAC8_1_VDAC8.c ****         WaveDAC8_1_VDAC8_Init();
 146              		.loc 1 138 0
 147 000c FFF7FEFF 		bl	WaveDAC8_1_VDAC8_Init
ARM GAS  C:\Users\BRANKO~1\AppData\Local\Temp\ccz2X7Ud.s 			page 6


 139:.\Generated_Source\PSoC5/WaveDAC8_1_VDAC8.c ****         WaveDAC8_1_VDAC8_initVar = 1u;
 148              		.loc 1 139 0
 149 0010 044B     		ldr	r3, .L9
 150 0012 0122     		movs	r2, #1
 151 0014 1A70     		strb	r2, [r3]
 152              	.L8:
 140:.\Generated_Source\PSoC5/WaveDAC8_1_VDAC8.c ****     }
 141:.\Generated_Source\PSoC5/WaveDAC8_1_VDAC8.c **** 
 142:.\Generated_Source\PSoC5/WaveDAC8_1_VDAC8.c ****     /* Enable power to DAC */
 143:.\Generated_Source\PSoC5/WaveDAC8_1_VDAC8.c ****     WaveDAC8_1_VDAC8_Enable();
 153              		.loc 1 143 0
 154 0016 FFF7FEFF 		bl	WaveDAC8_1_VDAC8_Enable
 144:.\Generated_Source\PSoC5/WaveDAC8_1_VDAC8.c **** 
 145:.\Generated_Source\PSoC5/WaveDAC8_1_VDAC8.c ****     /* Set default value */
 146:.\Generated_Source\PSoC5/WaveDAC8_1_VDAC8.c ****     WaveDAC8_1_VDAC8_SetValue(WaveDAC8_1_VDAC8_DEFAULT_DATA); 
 155              		.loc 1 146 0
 156 001a 6420     		movs	r0, #100
 157 001c FFF7FEFF 		bl	WaveDAC8_1_VDAC8_SetValue
 147:.\Generated_Source\PSoC5/WaveDAC8_1_VDAC8.c **** }
 158              		.loc 1 147 0
 159 0020 80BD     		pop	{r7, pc}
 160              	.L10:
 161 0022 00BF     		.align	2
 162              	.L9:
 163 0024 00000000 		.word	WaveDAC8_1_VDAC8_initVar
 164              		.cfi_endproc
 165              	.LFE2:
 166              		.size	WaveDAC8_1_VDAC8_Start, .-WaveDAC8_1_VDAC8_Start
 167              		.section	.text.WaveDAC8_1_VDAC8_Stop,"ax",%progbits
 168              		.align	2
 169              		.global	WaveDAC8_1_VDAC8_Stop
 170              		.thumb
 171              		.thumb_func
 172              		.type	WaveDAC8_1_VDAC8_Stop, %function
 173              	WaveDAC8_1_VDAC8_Stop:
 174              	.LFB3:
 148:.\Generated_Source\PSoC5/WaveDAC8_1_VDAC8.c **** 
 149:.\Generated_Source\PSoC5/WaveDAC8_1_VDAC8.c **** 
 150:.\Generated_Source\PSoC5/WaveDAC8_1_VDAC8.c **** /*******************************************************************************
 151:.\Generated_Source\PSoC5/WaveDAC8_1_VDAC8.c **** * Function Name: WaveDAC8_1_VDAC8_Stop
 152:.\Generated_Source\PSoC5/WaveDAC8_1_VDAC8.c **** ********************************************************************************
 153:.\Generated_Source\PSoC5/WaveDAC8_1_VDAC8.c **** *
 154:.\Generated_Source\PSoC5/WaveDAC8_1_VDAC8.c **** * Summary:
 155:.\Generated_Source\PSoC5/WaveDAC8_1_VDAC8.c **** *  Powers down DAC to lowest power state.
 156:.\Generated_Source\PSoC5/WaveDAC8_1_VDAC8.c **** *
 157:.\Generated_Source\PSoC5/WaveDAC8_1_VDAC8.c **** * Parameters:
 158:.\Generated_Source\PSoC5/WaveDAC8_1_VDAC8.c **** *  void
 159:.\Generated_Source\PSoC5/WaveDAC8_1_VDAC8.c **** *
 160:.\Generated_Source\PSoC5/WaveDAC8_1_VDAC8.c **** * Return:
 161:.\Generated_Source\PSoC5/WaveDAC8_1_VDAC8.c **** *  void
 162:.\Generated_Source\PSoC5/WaveDAC8_1_VDAC8.c **** *
 163:.\Generated_Source\PSoC5/WaveDAC8_1_VDAC8.c **** * Theory:
 164:.\Generated_Source\PSoC5/WaveDAC8_1_VDAC8.c **** *
 165:.\Generated_Source\PSoC5/WaveDAC8_1_VDAC8.c **** * Side Effects:
 166:.\Generated_Source\PSoC5/WaveDAC8_1_VDAC8.c **** *
 167:.\Generated_Source\PSoC5/WaveDAC8_1_VDAC8.c **** *******************************************************************************/
 168:.\Generated_Source\PSoC5/WaveDAC8_1_VDAC8.c **** void WaveDAC8_1_VDAC8_Stop(void) 
ARM GAS  C:\Users\BRANKO~1\AppData\Local\Temp\ccz2X7Ud.s 			page 7


 169:.\Generated_Source\PSoC5/WaveDAC8_1_VDAC8.c **** {
 175              		.loc 1 169 0
 176              		.cfi_startproc
 177              		@ args = 0, pretend = 0, frame = 0
 178              		@ frame_needed = 1, uses_anonymous_args = 0
 179              		@ link register save eliminated.
 180 0000 80B4     		push	{r7}
 181              		.cfi_def_cfa_offset 4
 182              		.cfi_offset 7, -4
 183 0002 00AF     		add	r7, sp, #0
 184              		.cfi_def_cfa_register 7
 170:.\Generated_Source\PSoC5/WaveDAC8_1_VDAC8.c ****     /* Disble power to DAC */
 171:.\Generated_Source\PSoC5/WaveDAC8_1_VDAC8.c ****     WaveDAC8_1_VDAC8_PWRMGR &= (uint8)(~WaveDAC8_1_VDAC8_ACT_PWR_EN);
 185              		.loc 1 171 0
 186 0004 094B     		ldr	r3, .L12
 187 0006 094A     		ldr	r2, .L12
 188 0008 1278     		ldrb	r2, [r2]
 189 000a D2B2     		uxtb	r2, r2
 190 000c 22F00102 		bic	r2, r2, #1
 191 0010 D2B2     		uxtb	r2, r2
 192 0012 1A70     		strb	r2, [r3]
 172:.\Generated_Source\PSoC5/WaveDAC8_1_VDAC8.c ****     WaveDAC8_1_VDAC8_STBY_PWRMGR &= (uint8)(~WaveDAC8_1_VDAC8_STBY_PWR_EN);
 193              		.loc 1 172 0
 194 0014 064B     		ldr	r3, .L12+4
 195 0016 064A     		ldr	r2, .L12+4
 196 0018 1278     		ldrb	r2, [r2]
 197 001a D2B2     		uxtb	r2, r2
 198 001c 22F00102 		bic	r2, r2, #1
 199 0020 D2B2     		uxtb	r2, r2
 200 0022 1A70     		strb	r2, [r3]
 173:.\Generated_Source\PSoC5/WaveDAC8_1_VDAC8.c **** 
 174:.\Generated_Source\PSoC5/WaveDAC8_1_VDAC8.c ****     /* This is a work around for PSoC5A  ,
 175:.\Generated_Source\PSoC5/WaveDAC8_1_VDAC8.c ****     this sets VDAC to current mode with output off */
 176:.\Generated_Source\PSoC5/WaveDAC8_1_VDAC8.c ****     #if (CY_PSOC5A)
 177:.\Generated_Source\PSoC5/WaveDAC8_1_VDAC8.c ****         WaveDAC8_1_VDAC8_backup.data_value = WaveDAC8_1_VDAC8_CR0;
 178:.\Generated_Source\PSoC5/WaveDAC8_1_VDAC8.c ****         WaveDAC8_1_VDAC8_CR0 = WaveDAC8_1_VDAC8_CUR_MODE_OUT_OFF;
 179:.\Generated_Source\PSoC5/WaveDAC8_1_VDAC8.c ****         WaveDAC8_1_VDAC8_restoreVal = 1u;
 180:.\Generated_Source\PSoC5/WaveDAC8_1_VDAC8.c ****     #endif /* CY_PSOC5A */
 181:.\Generated_Source\PSoC5/WaveDAC8_1_VDAC8.c **** }
 201              		.loc 1 181 0
 202 0024 BD46     		mov	sp, r7
 203              		@ sp needed
 204 0026 5DF8047B 		ldr	r7, [sp], #4
 205 002a 7047     		bx	lr
 206              	.L13:
 207              		.align	2
 208              	.L12:
 209 002c A8430040 		.word	1073759144
 210 0030 B8430040 		.word	1073759160
 211              		.cfi_endproc
 212              	.LFE3:
 213              		.size	WaveDAC8_1_VDAC8_Stop, .-WaveDAC8_1_VDAC8_Stop
 214              		.section	.text.WaveDAC8_1_VDAC8_SetSpeed,"ax",%progbits
 215              		.align	2
 216              		.global	WaveDAC8_1_VDAC8_SetSpeed
 217              		.thumb
 218              		.thumb_func
ARM GAS  C:\Users\BRANKO~1\AppData\Local\Temp\ccz2X7Ud.s 			page 8


 219              		.type	WaveDAC8_1_VDAC8_SetSpeed, %function
 220              	WaveDAC8_1_VDAC8_SetSpeed:
 221              	.LFB4:
 182:.\Generated_Source\PSoC5/WaveDAC8_1_VDAC8.c **** 
 183:.\Generated_Source\PSoC5/WaveDAC8_1_VDAC8.c **** 
 184:.\Generated_Source\PSoC5/WaveDAC8_1_VDAC8.c **** /*******************************************************************************
 185:.\Generated_Source\PSoC5/WaveDAC8_1_VDAC8.c **** * Function Name: WaveDAC8_1_VDAC8_SetSpeed
 186:.\Generated_Source\PSoC5/WaveDAC8_1_VDAC8.c **** ********************************************************************************
 187:.\Generated_Source\PSoC5/WaveDAC8_1_VDAC8.c **** *
 188:.\Generated_Source\PSoC5/WaveDAC8_1_VDAC8.c **** * Summary:
 189:.\Generated_Source\PSoC5/WaveDAC8_1_VDAC8.c **** *  Set DAC speed
 190:.\Generated_Source\PSoC5/WaveDAC8_1_VDAC8.c **** *
 191:.\Generated_Source\PSoC5/WaveDAC8_1_VDAC8.c **** * Parameters:
 192:.\Generated_Source\PSoC5/WaveDAC8_1_VDAC8.c **** *  power: Sets speed value
 193:.\Generated_Source\PSoC5/WaveDAC8_1_VDAC8.c **** *
 194:.\Generated_Source\PSoC5/WaveDAC8_1_VDAC8.c **** * Return:
 195:.\Generated_Source\PSoC5/WaveDAC8_1_VDAC8.c **** *  void
 196:.\Generated_Source\PSoC5/WaveDAC8_1_VDAC8.c **** *
 197:.\Generated_Source\PSoC5/WaveDAC8_1_VDAC8.c **** * Theory:
 198:.\Generated_Source\PSoC5/WaveDAC8_1_VDAC8.c **** *
 199:.\Generated_Source\PSoC5/WaveDAC8_1_VDAC8.c **** * Side Effects:
 200:.\Generated_Source\PSoC5/WaveDAC8_1_VDAC8.c **** *
 201:.\Generated_Source\PSoC5/WaveDAC8_1_VDAC8.c **** *******************************************************************************/
 202:.\Generated_Source\PSoC5/WaveDAC8_1_VDAC8.c **** void WaveDAC8_1_VDAC8_SetSpeed(uint8 speed) 
 203:.\Generated_Source\PSoC5/WaveDAC8_1_VDAC8.c **** {
 222              		.loc 1 203 0
 223              		.cfi_startproc
 224              		@ args = 0, pretend = 0, frame = 8
 225              		@ frame_needed = 1, uses_anonymous_args = 0
 226              		@ link register save eliminated.
 227 0000 80B4     		push	{r7}
 228              		.cfi_def_cfa_offset 4
 229              		.cfi_offset 7, -4
 230 0002 83B0     		sub	sp, sp, #12
 231              		.cfi_def_cfa_offset 16
 232 0004 00AF     		add	r7, sp, #0
 233              		.cfi_def_cfa_register 7
 234 0006 0346     		mov	r3, r0
 235 0008 FB71     		strb	r3, [r7, #7]
 204:.\Generated_Source\PSoC5/WaveDAC8_1_VDAC8.c ****     /* Clear power mask then write in new value */
 205:.\Generated_Source\PSoC5/WaveDAC8_1_VDAC8.c ****     WaveDAC8_1_VDAC8_CR0 &= (uint8)(~WaveDAC8_1_VDAC8_HS_MASK);
 236              		.loc 1 205 0
 237 000a 0C4B     		ldr	r3, .L15
 238 000c 0B4A     		ldr	r2, .L15
 239 000e 1278     		ldrb	r2, [r2]
 240 0010 D2B2     		uxtb	r2, r2
 241 0012 22F00202 		bic	r2, r2, #2
 242 0016 D2B2     		uxtb	r2, r2
 243 0018 1A70     		strb	r2, [r3]
 206:.\Generated_Source\PSoC5/WaveDAC8_1_VDAC8.c ****     WaveDAC8_1_VDAC8_CR0 |=  (speed & WaveDAC8_1_VDAC8_HS_MASK);
 244              		.loc 1 206 0
 245 001a 084B     		ldr	r3, .L15
 246 001c 074A     		ldr	r2, .L15
 247 001e 1278     		ldrb	r2, [r2]
 248 0020 D1B2     		uxtb	r1, r2
 249 0022 FA79     		ldrb	r2, [r7, #7]
 250 0024 02F00202 		and	r2, r2, #2
ARM GAS  C:\Users\BRANKO~1\AppData\Local\Temp\ccz2X7Ud.s 			page 9


 251 0028 D2B2     		uxtb	r2, r2
 252 002a 0A43     		orrs	r2, r2, r1
 253 002c D2B2     		uxtb	r2, r2
 254 002e 1A70     		strb	r2, [r3]
 207:.\Generated_Source\PSoC5/WaveDAC8_1_VDAC8.c **** }
 255              		.loc 1 207 0
 256 0030 0C37     		adds	r7, r7, #12
 257 0032 BD46     		mov	sp, r7
 258              		@ sp needed
 259 0034 5DF8047B 		ldr	r7, [sp], #4
 260 0038 7047     		bx	lr
 261              	.L16:
 262 003a 00BF     		.align	2
 263              	.L15:
 264 003c 20580040 		.word	1073764384
 265              		.cfi_endproc
 266              	.LFE4:
 267              		.size	WaveDAC8_1_VDAC8_SetSpeed, .-WaveDAC8_1_VDAC8_SetSpeed
 268              		.section	.text.WaveDAC8_1_VDAC8_SetRange,"ax",%progbits
 269              		.align	2
 270              		.global	WaveDAC8_1_VDAC8_SetRange
 271              		.thumb
 272              		.thumb_func
 273              		.type	WaveDAC8_1_VDAC8_SetRange, %function
 274              	WaveDAC8_1_VDAC8_SetRange:
 275              	.LFB5:
 208:.\Generated_Source\PSoC5/WaveDAC8_1_VDAC8.c **** 
 209:.\Generated_Source\PSoC5/WaveDAC8_1_VDAC8.c **** 
 210:.\Generated_Source\PSoC5/WaveDAC8_1_VDAC8.c **** /*******************************************************************************
 211:.\Generated_Source\PSoC5/WaveDAC8_1_VDAC8.c **** * Function Name: WaveDAC8_1_VDAC8_SetRange
 212:.\Generated_Source\PSoC5/WaveDAC8_1_VDAC8.c **** ********************************************************************************
 213:.\Generated_Source\PSoC5/WaveDAC8_1_VDAC8.c **** *
 214:.\Generated_Source\PSoC5/WaveDAC8_1_VDAC8.c **** * Summary:
 215:.\Generated_Source\PSoC5/WaveDAC8_1_VDAC8.c **** *  Set one of three current ranges.
 216:.\Generated_Source\PSoC5/WaveDAC8_1_VDAC8.c **** *
 217:.\Generated_Source\PSoC5/WaveDAC8_1_VDAC8.c **** * Parameters:
 218:.\Generated_Source\PSoC5/WaveDAC8_1_VDAC8.c **** *  Range: Sets one of Three valid ranges.
 219:.\Generated_Source\PSoC5/WaveDAC8_1_VDAC8.c **** *
 220:.\Generated_Source\PSoC5/WaveDAC8_1_VDAC8.c **** * Return:
 221:.\Generated_Source\PSoC5/WaveDAC8_1_VDAC8.c **** *  void 
 222:.\Generated_Source\PSoC5/WaveDAC8_1_VDAC8.c **** *
 223:.\Generated_Source\PSoC5/WaveDAC8_1_VDAC8.c **** * Theory:
 224:.\Generated_Source\PSoC5/WaveDAC8_1_VDAC8.c **** *
 225:.\Generated_Source\PSoC5/WaveDAC8_1_VDAC8.c **** * Side Effects:
 226:.\Generated_Source\PSoC5/WaveDAC8_1_VDAC8.c **** *
 227:.\Generated_Source\PSoC5/WaveDAC8_1_VDAC8.c **** *******************************************************************************/
 228:.\Generated_Source\PSoC5/WaveDAC8_1_VDAC8.c **** void WaveDAC8_1_VDAC8_SetRange(uint8 range) 
 229:.\Generated_Source\PSoC5/WaveDAC8_1_VDAC8.c **** {
 276              		.loc 1 229 0
 277              		.cfi_startproc
 278              		@ args = 0, pretend = 0, frame = 8
 279              		@ frame_needed = 1, uses_anonymous_args = 0
 280 0000 80B5     		push	{r7, lr}
 281              		.cfi_def_cfa_offset 8
 282              		.cfi_offset 7, -8
 283              		.cfi_offset 14, -4
 284 0002 82B0     		sub	sp, sp, #8
ARM GAS  C:\Users\BRANKO~1\AppData\Local\Temp\ccz2X7Ud.s 			page 10


 285              		.cfi_def_cfa_offset 16
 286 0004 00AF     		add	r7, sp, #0
 287              		.cfi_def_cfa_register 7
 288 0006 0346     		mov	r3, r0
 289 0008 FB71     		strb	r3, [r7, #7]
 230:.\Generated_Source\PSoC5/WaveDAC8_1_VDAC8.c ****     WaveDAC8_1_VDAC8_CR0 &= (uint8)(~WaveDAC8_1_VDAC8_RANGE_MASK);      /* Clear existing mode */
 290              		.loc 1 230 0
 291 000a 0C4B     		ldr	r3, .L18
 292 000c 0B4A     		ldr	r2, .L18
 293 000e 1278     		ldrb	r2, [r2]
 294 0010 D2B2     		uxtb	r2, r2
 295 0012 22F00C02 		bic	r2, r2, #12
 296 0016 D2B2     		uxtb	r2, r2
 297 0018 1A70     		strb	r2, [r3]
 231:.\Generated_Source\PSoC5/WaveDAC8_1_VDAC8.c ****     WaveDAC8_1_VDAC8_CR0 |= (range & WaveDAC8_1_VDAC8_RANGE_MASK);      /*  Set Range  */
 298              		.loc 1 231 0
 299 001a 084B     		ldr	r3, .L18
 300 001c 074A     		ldr	r2, .L18
 301 001e 1278     		ldrb	r2, [r2]
 302 0020 D1B2     		uxtb	r1, r2
 303 0022 FA79     		ldrb	r2, [r7, #7]
 304 0024 02F00C02 		and	r2, r2, #12
 305 0028 D2B2     		uxtb	r2, r2
 306 002a 0A43     		orrs	r2, r2, r1
 307 002c D2B2     		uxtb	r2, r2
 308 002e 1A70     		strb	r2, [r3]
 232:.\Generated_Source\PSoC5/WaveDAC8_1_VDAC8.c ****     WaveDAC8_1_VDAC8_DacTrim();
 309              		.loc 1 232 0
 310 0030 FFF7FEFF 		bl	WaveDAC8_1_VDAC8_DacTrim
 233:.\Generated_Source\PSoC5/WaveDAC8_1_VDAC8.c **** }
 311              		.loc 1 233 0
 312 0034 0837     		adds	r7, r7, #8
 313 0036 BD46     		mov	sp, r7
 314              		@ sp needed
 315 0038 80BD     		pop	{r7, pc}
 316              	.L19:
 317 003a 00BF     		.align	2
 318              	.L18:
 319 003c 20580040 		.word	1073764384
 320              		.cfi_endproc
 321              	.LFE5:
 322              		.size	WaveDAC8_1_VDAC8_SetRange, .-WaveDAC8_1_VDAC8_SetRange
 323              		.section	.text.WaveDAC8_1_VDAC8_SetValue,"ax",%progbits
 324              		.align	2
 325              		.global	WaveDAC8_1_VDAC8_SetValue
 326              		.thumb
 327              		.thumb_func
 328              		.type	WaveDAC8_1_VDAC8_SetValue, %function
 329              	WaveDAC8_1_VDAC8_SetValue:
 330              	.LFB6:
 234:.\Generated_Source\PSoC5/WaveDAC8_1_VDAC8.c **** 
 235:.\Generated_Source\PSoC5/WaveDAC8_1_VDAC8.c **** 
 236:.\Generated_Source\PSoC5/WaveDAC8_1_VDAC8.c **** /*******************************************************************************
 237:.\Generated_Source\PSoC5/WaveDAC8_1_VDAC8.c **** * Function Name: WaveDAC8_1_VDAC8_SetValue
 238:.\Generated_Source\PSoC5/WaveDAC8_1_VDAC8.c **** ********************************************************************************
 239:.\Generated_Source\PSoC5/WaveDAC8_1_VDAC8.c **** *
 240:.\Generated_Source\PSoC5/WaveDAC8_1_VDAC8.c **** * Summary:
ARM GAS  C:\Users\BRANKO~1\AppData\Local\Temp\ccz2X7Ud.s 			page 11


 241:.\Generated_Source\PSoC5/WaveDAC8_1_VDAC8.c **** *  Set 8-bit DAC value
 242:.\Generated_Source\PSoC5/WaveDAC8_1_VDAC8.c **** *
 243:.\Generated_Source\PSoC5/WaveDAC8_1_VDAC8.c **** * Parameters:  
 244:.\Generated_Source\PSoC5/WaveDAC8_1_VDAC8.c **** *  value:  Sets DAC value between 0 and 255.
 245:.\Generated_Source\PSoC5/WaveDAC8_1_VDAC8.c **** *
 246:.\Generated_Source\PSoC5/WaveDAC8_1_VDAC8.c **** * Return: 
 247:.\Generated_Source\PSoC5/WaveDAC8_1_VDAC8.c **** *  void 
 248:.\Generated_Source\PSoC5/WaveDAC8_1_VDAC8.c **** *
 249:.\Generated_Source\PSoC5/WaveDAC8_1_VDAC8.c **** * Theory: 
 250:.\Generated_Source\PSoC5/WaveDAC8_1_VDAC8.c **** *
 251:.\Generated_Source\PSoC5/WaveDAC8_1_VDAC8.c **** * Side Effects:
 252:.\Generated_Source\PSoC5/WaveDAC8_1_VDAC8.c **** *
 253:.\Generated_Source\PSoC5/WaveDAC8_1_VDAC8.c **** *******************************************************************************/
 254:.\Generated_Source\PSoC5/WaveDAC8_1_VDAC8.c **** void WaveDAC8_1_VDAC8_SetValue(uint8 value) 
 255:.\Generated_Source\PSoC5/WaveDAC8_1_VDAC8.c **** {
 331              		.loc 1 255 0
 332              		.cfi_startproc
 333              		@ args = 0, pretend = 0, frame = 8
 334              		@ frame_needed = 1, uses_anonymous_args = 0
 335              		@ link register save eliminated.
 336 0000 80B4     		push	{r7}
 337              		.cfi_def_cfa_offset 4
 338              		.cfi_offset 7, -4
 339 0002 83B0     		sub	sp, sp, #12
 340              		.cfi_def_cfa_offset 16
 341 0004 00AF     		add	r7, sp, #0
 342              		.cfi_def_cfa_register 7
 343 0006 0346     		mov	r3, r0
 344 0008 FB71     		strb	r3, [r7, #7]
 256:.\Generated_Source\PSoC5/WaveDAC8_1_VDAC8.c ****     #if (CY_PSOC5A)
 257:.\Generated_Source\PSoC5/WaveDAC8_1_VDAC8.c ****         uint8 WaveDAC8_1_VDAC8_intrStatus = CyEnterCriticalSection();
 258:.\Generated_Source\PSoC5/WaveDAC8_1_VDAC8.c ****     #endif /* CY_PSOC5A */
 259:.\Generated_Source\PSoC5/WaveDAC8_1_VDAC8.c **** 
 260:.\Generated_Source\PSoC5/WaveDAC8_1_VDAC8.c ****     WaveDAC8_1_VDAC8_Data = value;                /*  Set Value  */
 345              		.loc 1 260 0
 346 000a 044B     		ldr	r3, .L21
 347 000c FA79     		ldrb	r2, [r7, #7]
 348 000e 1A70     		strb	r2, [r3]
 261:.\Generated_Source\PSoC5/WaveDAC8_1_VDAC8.c **** 
 262:.\Generated_Source\PSoC5/WaveDAC8_1_VDAC8.c ****     /* PSOC5A requires a double write */
 263:.\Generated_Source\PSoC5/WaveDAC8_1_VDAC8.c ****     /* Exit Critical Section */
 264:.\Generated_Source\PSoC5/WaveDAC8_1_VDAC8.c ****     #if (CY_PSOC5A)
 265:.\Generated_Source\PSoC5/WaveDAC8_1_VDAC8.c ****         WaveDAC8_1_VDAC8_Data = value;
 266:.\Generated_Source\PSoC5/WaveDAC8_1_VDAC8.c ****         CyExitCriticalSection(WaveDAC8_1_VDAC8_intrStatus);
 267:.\Generated_Source\PSoC5/WaveDAC8_1_VDAC8.c ****     #endif /* CY_PSOC5A */
 268:.\Generated_Source\PSoC5/WaveDAC8_1_VDAC8.c **** }
 349              		.loc 1 268 0
 350 0010 0C37     		adds	r7, r7, #12
 351 0012 BD46     		mov	sp, r7
 352              		@ sp needed
 353 0014 5DF8047B 		ldr	r7, [sp], #4
 354 0018 7047     		bx	lr
 355              	.L22:
 356 001a 00BF     		.align	2
 357              	.L21:
 358 001c 805B0040 		.word	1073765248
 359              		.cfi_endproc
ARM GAS  C:\Users\BRANKO~1\AppData\Local\Temp\ccz2X7Ud.s 			page 12


 360              	.LFE6:
 361              		.size	WaveDAC8_1_VDAC8_SetValue, .-WaveDAC8_1_VDAC8_SetValue
 362              		.section	.text.WaveDAC8_1_VDAC8_DacTrim,"ax",%progbits
 363              		.align	2
 364              		.global	WaveDAC8_1_VDAC8_DacTrim
 365              		.thumb
 366              		.thumb_func
 367              		.type	WaveDAC8_1_VDAC8_DacTrim, %function
 368              	WaveDAC8_1_VDAC8_DacTrim:
 369              	.LFB7:
 269:.\Generated_Source\PSoC5/WaveDAC8_1_VDAC8.c **** 
 270:.\Generated_Source\PSoC5/WaveDAC8_1_VDAC8.c **** 
 271:.\Generated_Source\PSoC5/WaveDAC8_1_VDAC8.c **** /*******************************************************************************
 272:.\Generated_Source\PSoC5/WaveDAC8_1_VDAC8.c **** * Function Name: WaveDAC8_1_VDAC8_DacTrim
 273:.\Generated_Source\PSoC5/WaveDAC8_1_VDAC8.c **** ********************************************************************************
 274:.\Generated_Source\PSoC5/WaveDAC8_1_VDAC8.c **** *
 275:.\Generated_Source\PSoC5/WaveDAC8_1_VDAC8.c **** * Summary:
 276:.\Generated_Source\PSoC5/WaveDAC8_1_VDAC8.c **** *  Set the trim value for the given range.
 277:.\Generated_Source\PSoC5/WaveDAC8_1_VDAC8.c **** *
 278:.\Generated_Source\PSoC5/WaveDAC8_1_VDAC8.c **** * Parameters:
 279:.\Generated_Source\PSoC5/WaveDAC8_1_VDAC8.c **** *  range:  1V or 4V range.  See constants.
 280:.\Generated_Source\PSoC5/WaveDAC8_1_VDAC8.c **** *
 281:.\Generated_Source\PSoC5/WaveDAC8_1_VDAC8.c **** * Return:
 282:.\Generated_Source\PSoC5/WaveDAC8_1_VDAC8.c **** *  void
 283:.\Generated_Source\PSoC5/WaveDAC8_1_VDAC8.c **** *
 284:.\Generated_Source\PSoC5/WaveDAC8_1_VDAC8.c **** * Theory: 
 285:.\Generated_Source\PSoC5/WaveDAC8_1_VDAC8.c **** *
 286:.\Generated_Source\PSoC5/WaveDAC8_1_VDAC8.c **** * Side Effects:
 287:.\Generated_Source\PSoC5/WaveDAC8_1_VDAC8.c **** *
 288:.\Generated_Source\PSoC5/WaveDAC8_1_VDAC8.c **** *******************************************************************************/
 289:.\Generated_Source\PSoC5/WaveDAC8_1_VDAC8.c **** void WaveDAC8_1_VDAC8_DacTrim(void) 
 290:.\Generated_Source\PSoC5/WaveDAC8_1_VDAC8.c **** {
 370              		.loc 1 290 0
 371              		.cfi_startproc
 372              		@ args = 0, pretend = 0, frame = 8
 373              		@ frame_needed = 1, uses_anonymous_args = 0
 374              		@ link register save eliminated.
 375 0000 80B4     		push	{r7}
 376              		.cfi_def_cfa_offset 4
 377              		.cfi_offset 7, -4
 378 0002 83B0     		sub	sp, sp, #12
 379              		.cfi_def_cfa_offset 16
 380 0004 00AF     		add	r7, sp, #0
 381              		.cfi_def_cfa_register 7
 291:.\Generated_Source\PSoC5/WaveDAC8_1_VDAC8.c ****     uint8 mode;
 292:.\Generated_Source\PSoC5/WaveDAC8_1_VDAC8.c **** 
 293:.\Generated_Source\PSoC5/WaveDAC8_1_VDAC8.c ****     mode = (uint8)((WaveDAC8_1_VDAC8_CR0 & WaveDAC8_1_VDAC8_RANGE_MASK) >> 2) + WaveDAC8_1_VDAC8_TR
 382              		.loc 1 293 0
 383 0006 0B4B     		ldr	r3, .L24
 384 0008 1B78     		ldrb	r3, [r3]
 385 000a DBB2     		uxtb	r3, r3
 386 000c 03F00C03 		and	r3, r3, #12
 387 0010 9B08     		lsrs	r3, r3, #2
 388 0012 DBB2     		uxtb	r3, r3
 389 0014 0633     		adds	r3, r3, #6
 390 0016 FB71     		strb	r3, [r7, #7]
 294:.\Generated_Source\PSoC5/WaveDAC8_1_VDAC8.c ****     WaveDAC8_1_VDAC8_TR = CY_GET_XTND_REG8((uint8 *)(WaveDAC8_1_VDAC8_DAC_TRIM_BASE + mode));
ARM GAS  C:\Users\BRANKO~1\AppData\Local\Temp\ccz2X7Ud.s 			page 13


 391              		.loc 1 294 0
 392 0018 074A     		ldr	r2, .L24+4
 393 001a FB79     		ldrb	r3, [r7, #7]	@ zero_extendqisi2
 394 001c 03F19243 		add	r3, r3, #1224736768
 395 0020 03F59073 		add	r3, r3, #288
 396 0024 1B78     		ldrb	r3, [r3]
 397 0026 DBB2     		uxtb	r3, r3
 398 0028 1370     		strb	r3, [r2]
 295:.\Generated_Source\PSoC5/WaveDAC8_1_VDAC8.c **** }
 399              		.loc 1 295 0
 400 002a 0C37     		adds	r7, r7, #12
 401 002c BD46     		mov	sp, r7
 402              		@ sp needed
 403 002e 5DF8047B 		ldr	r7, [sp], #4
 404 0032 7047     		bx	lr
 405              	.L25:
 406              		.align	2
 407              	.L24:
 408 0034 20580040 		.word	1073764384
 409 0038 08460040 		.word	1073759752
 410              		.cfi_endproc
 411              	.LFE7:
 412              		.size	WaveDAC8_1_VDAC8_DacTrim, .-WaveDAC8_1_VDAC8_DacTrim
 413              		.text
 414              	.Letext0:
 415              		.file 2 ".\\Generated_Source\\PSoC5\\cytypes.h"
 416              		.section	.debug_info,"",%progbits
 417              	.Ldebug_info0:
 418 0000 80010000 		.4byte	0x180
 419 0004 0400     		.2byte	0x4
 420 0006 00000000 		.4byte	.Ldebug_abbrev0
 421 000a 04       		.byte	0x4
 422 000b 01       		.uleb128 0x1
 423 000c 4B010000 		.4byte	.LASF25
 424 0010 01       		.byte	0x1
 425 0011 DD010000 		.4byte	.LASF26
 426 0015 1A000000 		.4byte	.LASF27
 427 0019 00000000 		.4byte	.Ldebug_ranges0+0
 428 001d 00000000 		.4byte	0
 429 0021 00000000 		.4byte	.Ldebug_line0
 430 0025 02       		.uleb128 0x2
 431 0026 01       		.byte	0x1
 432 0027 06       		.byte	0x6
 433 0028 54020000 		.4byte	.LASF0
 434 002c 02       		.uleb128 0x2
 435 002d 01       		.byte	0x1
 436 002e 08       		.byte	0x8
 437 002f 97000000 		.4byte	.LASF1
 438 0033 02       		.uleb128 0x2
 439 0034 02       		.byte	0x2
 440 0035 05       		.byte	0x5
 441 0036 22020000 		.4byte	.LASF2
 442 003a 02       		.uleb128 0x2
 443 003b 02       		.byte	0x2
 444 003c 07       		.byte	0x7
 445 003d EB000000 		.4byte	.LASF3
 446 0041 02       		.uleb128 0x2
ARM GAS  C:\Users\BRANKO~1\AppData\Local\Temp\ccz2X7Ud.s 			page 14


 447 0042 04       		.byte	0x4
 448 0043 05       		.byte	0x5
 449 0044 4B020000 		.4byte	.LASF4
 450 0048 02       		.uleb128 0x2
 451 0049 04       		.byte	0x4
 452 004a 07       		.byte	0x7
 453 004b C0000000 		.4byte	.LASF5
 454 004f 02       		.uleb128 0x2
 455 0050 08       		.byte	0x8
 456 0051 05       		.byte	0x5
 457 0052 0F020000 		.4byte	.LASF6
 458 0056 02       		.uleb128 0x2
 459 0057 08       		.byte	0x8
 460 0058 07       		.byte	0x7
 461 0059 2F010000 		.4byte	.LASF7
 462 005d 03       		.uleb128 0x3
 463 005e 04       		.byte	0x4
 464 005f 05       		.byte	0x5
 465 0060 696E7400 		.ascii	"int\000"
 466 0064 02       		.uleb128 0x2
 467 0065 04       		.byte	0x4
 468 0066 07       		.byte	0x7
 469 0067 22010000 		.4byte	.LASF8
 470 006b 04       		.uleb128 0x4
 471 006c 2C020000 		.4byte	.LASF12
 472 0070 02       		.byte	0x2
 473 0071 A1       		.byte	0xa1
 474 0072 2C000000 		.4byte	0x2c
 475 0076 02       		.uleb128 0x2
 476 0077 04       		.byte	0x4
 477 0078 04       		.byte	0x4
 478 0079 91000000 		.4byte	.LASF9
 479 007d 02       		.uleb128 0x2
 480 007e 08       		.byte	0x8
 481 007f 04       		.byte	0x4
 482 0080 04010000 		.4byte	.LASF10
 483 0084 02       		.uleb128 0x2
 484 0085 01       		.byte	0x1
 485 0086 08       		.byte	0x8
 486 0087 1D020000 		.4byte	.LASF11
 487 008b 05       		.uleb128 0x5
 488 008c BB000000 		.4byte	.LASF13
 489 0090 02       		.byte	0x2
 490 0091 4B01     		.2byte	0x14b
 491 0093 97000000 		.4byte	0x97
 492 0097 06       		.uleb128 0x6
 493 0098 6B000000 		.4byte	0x6b
 494 009c 07       		.uleb128 0x7
 495 009d A5000000 		.4byte	.LASF14
 496 00a1 01       		.byte	0x1
 497 00a2 37       		.byte	0x37
 498 00a3 00000000 		.4byte	.LFB0
 499 00a7 3C000000 		.4byte	.LFE0-.LFB0
 500 00ab 01       		.uleb128 0x1
 501 00ac 9C       		.byte	0x9c
 502 00ad 08       		.uleb128 0x8
 503 00ae 3F000000 		.4byte	.LASF15
ARM GAS  C:\Users\BRANKO~1\AppData\Local\Temp\ccz2X7Ud.s 			page 15


 504 00b2 01       		.byte	0x1
 505 00b3 60       		.byte	0x60
 506 00b4 00000000 		.4byte	.LFB1
 507 00b8 34000000 		.4byte	.LFE1-.LFB1
 508 00bc 01       		.uleb128 0x1
 509 00bd 9C       		.byte	0x9c
 510 00be 07       		.uleb128 0x7
 511 00bf 0B010000 		.4byte	.LASF16
 512 00c3 01       		.byte	0x1
 513 00c4 85       		.byte	0x85
 514 00c5 00000000 		.4byte	.LFB2
 515 00c9 28000000 		.4byte	.LFE2-.LFB2
 516 00cd 01       		.uleb128 0x1
 517 00ce 9C       		.byte	0x9c
 518 00cf 08       		.uleb128 0x8
 519 00d0 C7010000 		.4byte	.LASF17
 520 00d4 01       		.byte	0x1
 521 00d5 A8       		.byte	0xa8
 522 00d6 00000000 		.4byte	.LFB3
 523 00da 34000000 		.4byte	.LFE3-.LFB3
 524 00de 01       		.uleb128 0x1
 525 00df 9C       		.byte	0x9c
 526 00e0 09       		.uleb128 0x9
 527 00e1 77000000 		.4byte	.LASF18
 528 00e5 01       		.byte	0x1
 529 00e6 CA       		.byte	0xca
 530 00e7 00000000 		.4byte	.LFB4
 531 00eb 40000000 		.4byte	.LFE4-.LFB4
 532 00ef 01       		.uleb128 0x1
 533 00f0 9C       		.byte	0x9c
 534 00f1 04010000 		.4byte	0x104
 535 00f5 0A       		.uleb128 0xa
 536 00f6 09020000 		.4byte	.LASF20
 537 00fa 01       		.byte	0x1
 538 00fb CA       		.byte	0xca
 539 00fc 6B000000 		.4byte	0x6b
 540 0100 02       		.uleb128 0x2
 541 0101 91       		.byte	0x91
 542 0102 77       		.sleb128 -9
 543 0103 00       		.byte	0
 544 0104 0B       		.uleb128 0xb
 545 0105 00000000 		.4byte	.LASF19
 546 0109 01       		.byte	0x1
 547 010a E4       		.byte	0xe4
 548 010b 00000000 		.4byte	.LFB5
 549 010f 40000000 		.4byte	.LFE5-.LFB5
 550 0113 01       		.uleb128 0x1
 551 0114 9C       		.byte	0x9c
 552 0115 28010000 		.4byte	0x128
 553 0119 0A       		.uleb128 0xa
 554 011a FE000000 		.4byte	.LASF21
 555 011e 01       		.byte	0x1
 556 011f E4       		.byte	0xe4
 557 0120 6B000000 		.4byte	0x6b
 558 0124 02       		.uleb128 0x2
 559 0125 91       		.byte	0x91
 560 0126 77       		.sleb128 -9
ARM GAS  C:\Users\BRANKO~1\AppData\Local\Temp\ccz2X7Ud.s 			page 16


 561 0127 00       		.byte	0
 562 0128 09       		.uleb128 0x9
 563 0129 5D000000 		.4byte	.LASF22
 564 012d 01       		.byte	0x1
 565 012e FE       		.byte	0xfe
 566 012f 00000000 		.4byte	.LFB6
 567 0133 20000000 		.4byte	.LFE6-.LFB6
 568 0137 01       		.uleb128 0x1
 569 0138 9C       		.byte	0x9c
 570 0139 4C010000 		.4byte	0x14c
 571 013d 0A       		.uleb128 0xa
 572 013e 57000000 		.4byte	.LASF23
 573 0142 01       		.byte	0x1
 574 0143 FE       		.byte	0xfe
 575 0144 6B000000 		.4byte	0x6b
 576 0148 02       		.uleb128 0x2
 577 0149 91       		.byte	0x91
 578 014a 77       		.sleb128 -9
 579 014b 00       		.byte	0
 580 014c 0C       		.uleb128 0xc
 581 014d D2000000 		.4byte	.LASF24
 582 0151 01       		.byte	0x1
 583 0152 2101     		.2byte	0x121
 584 0154 00000000 		.4byte	.LFB7
 585 0158 3C000000 		.4byte	.LFE7-.LFB7
 586 015c 01       		.uleb128 0x1
 587 015d 9C       		.byte	0x9c
 588 015e 72010000 		.4byte	0x172
 589 0162 0D       		.uleb128 0xd
 590 0163 46010000 		.4byte	.LASF28
 591 0167 01       		.byte	0x1
 592 0168 2301     		.2byte	0x123
 593 016a 6B000000 		.4byte	0x6b
 594 016e 02       		.uleb128 0x2
 595 016f 91       		.byte	0x91
 596 0170 77       		.sleb128 -9
 597 0171 00       		.byte	0
 598 0172 0E       		.uleb128 0xe
 599 0173 32020000 		.4byte	.LASF29
 600 0177 01       		.byte	0x1
 601 0178 1B       		.byte	0x1b
 602 0179 6B000000 		.4byte	0x6b
 603 017d 05       		.uleb128 0x5
 604 017e 03       		.byte	0x3
 605 017f 00000000 		.4byte	WaveDAC8_1_VDAC8_initVar
 606 0183 00       		.byte	0
 607              		.section	.debug_abbrev,"",%progbits
 608              	.Ldebug_abbrev0:
 609 0000 01       		.uleb128 0x1
 610 0001 11       		.uleb128 0x11
 611 0002 01       		.byte	0x1
 612 0003 25       		.uleb128 0x25
 613 0004 0E       		.uleb128 0xe
 614 0005 13       		.uleb128 0x13
 615 0006 0B       		.uleb128 0xb
 616 0007 03       		.uleb128 0x3
 617 0008 0E       		.uleb128 0xe
ARM GAS  C:\Users\BRANKO~1\AppData\Local\Temp\ccz2X7Ud.s 			page 17


 618 0009 1B       		.uleb128 0x1b
 619 000a 0E       		.uleb128 0xe
 620 000b 55       		.uleb128 0x55
 621 000c 17       		.uleb128 0x17
 622 000d 11       		.uleb128 0x11
 623 000e 01       		.uleb128 0x1
 624 000f 10       		.uleb128 0x10
 625 0010 17       		.uleb128 0x17
 626 0011 00       		.byte	0
 627 0012 00       		.byte	0
 628 0013 02       		.uleb128 0x2
 629 0014 24       		.uleb128 0x24
 630 0015 00       		.byte	0
 631 0016 0B       		.uleb128 0xb
 632 0017 0B       		.uleb128 0xb
 633 0018 3E       		.uleb128 0x3e
 634 0019 0B       		.uleb128 0xb
 635 001a 03       		.uleb128 0x3
 636 001b 0E       		.uleb128 0xe
 637 001c 00       		.byte	0
 638 001d 00       		.byte	0
 639 001e 03       		.uleb128 0x3
 640 001f 24       		.uleb128 0x24
 641 0020 00       		.byte	0
 642 0021 0B       		.uleb128 0xb
 643 0022 0B       		.uleb128 0xb
 644 0023 3E       		.uleb128 0x3e
 645 0024 0B       		.uleb128 0xb
 646 0025 03       		.uleb128 0x3
 647 0026 08       		.uleb128 0x8
 648 0027 00       		.byte	0
 649 0028 00       		.byte	0
 650 0029 04       		.uleb128 0x4
 651 002a 16       		.uleb128 0x16
 652 002b 00       		.byte	0
 653 002c 03       		.uleb128 0x3
 654 002d 0E       		.uleb128 0xe
 655 002e 3A       		.uleb128 0x3a
 656 002f 0B       		.uleb128 0xb
 657 0030 3B       		.uleb128 0x3b
 658 0031 0B       		.uleb128 0xb
 659 0032 49       		.uleb128 0x49
 660 0033 13       		.uleb128 0x13
 661 0034 00       		.byte	0
 662 0035 00       		.byte	0
 663 0036 05       		.uleb128 0x5
 664 0037 16       		.uleb128 0x16
 665 0038 00       		.byte	0
 666 0039 03       		.uleb128 0x3
 667 003a 0E       		.uleb128 0xe
 668 003b 3A       		.uleb128 0x3a
 669 003c 0B       		.uleb128 0xb
 670 003d 3B       		.uleb128 0x3b
 671 003e 05       		.uleb128 0x5
 672 003f 49       		.uleb128 0x49
 673 0040 13       		.uleb128 0x13
 674 0041 00       		.byte	0
ARM GAS  C:\Users\BRANKO~1\AppData\Local\Temp\ccz2X7Ud.s 			page 18


 675 0042 00       		.byte	0
 676 0043 06       		.uleb128 0x6
 677 0044 35       		.uleb128 0x35
 678 0045 00       		.byte	0
 679 0046 49       		.uleb128 0x49
 680 0047 13       		.uleb128 0x13
 681 0048 00       		.byte	0
 682 0049 00       		.byte	0
 683 004a 07       		.uleb128 0x7
 684 004b 2E       		.uleb128 0x2e
 685 004c 00       		.byte	0
 686 004d 3F       		.uleb128 0x3f
 687 004e 19       		.uleb128 0x19
 688 004f 03       		.uleb128 0x3
 689 0050 0E       		.uleb128 0xe
 690 0051 3A       		.uleb128 0x3a
 691 0052 0B       		.uleb128 0xb
 692 0053 3B       		.uleb128 0x3b
 693 0054 0B       		.uleb128 0xb
 694 0055 27       		.uleb128 0x27
 695 0056 19       		.uleb128 0x19
 696 0057 11       		.uleb128 0x11
 697 0058 01       		.uleb128 0x1
 698 0059 12       		.uleb128 0x12
 699 005a 06       		.uleb128 0x6
 700 005b 40       		.uleb128 0x40
 701 005c 18       		.uleb128 0x18
 702 005d 9642     		.uleb128 0x2116
 703 005f 19       		.uleb128 0x19
 704 0060 00       		.byte	0
 705 0061 00       		.byte	0
 706 0062 08       		.uleb128 0x8
 707 0063 2E       		.uleb128 0x2e
 708 0064 00       		.byte	0
 709 0065 3F       		.uleb128 0x3f
 710 0066 19       		.uleb128 0x19
 711 0067 03       		.uleb128 0x3
 712 0068 0E       		.uleb128 0xe
 713 0069 3A       		.uleb128 0x3a
 714 006a 0B       		.uleb128 0xb
 715 006b 3B       		.uleb128 0x3b
 716 006c 0B       		.uleb128 0xb
 717 006d 27       		.uleb128 0x27
 718 006e 19       		.uleb128 0x19
 719 006f 11       		.uleb128 0x11
 720 0070 01       		.uleb128 0x1
 721 0071 12       		.uleb128 0x12
 722 0072 06       		.uleb128 0x6
 723 0073 40       		.uleb128 0x40
 724 0074 18       		.uleb128 0x18
 725 0075 9742     		.uleb128 0x2117
 726 0077 19       		.uleb128 0x19
 727 0078 00       		.byte	0
 728 0079 00       		.byte	0
 729 007a 09       		.uleb128 0x9
 730 007b 2E       		.uleb128 0x2e
 731 007c 01       		.byte	0x1
ARM GAS  C:\Users\BRANKO~1\AppData\Local\Temp\ccz2X7Ud.s 			page 19


 732 007d 3F       		.uleb128 0x3f
 733 007e 19       		.uleb128 0x19
 734 007f 03       		.uleb128 0x3
 735 0080 0E       		.uleb128 0xe
 736 0081 3A       		.uleb128 0x3a
 737 0082 0B       		.uleb128 0xb
 738 0083 3B       		.uleb128 0x3b
 739 0084 0B       		.uleb128 0xb
 740 0085 27       		.uleb128 0x27
 741 0086 19       		.uleb128 0x19
 742 0087 11       		.uleb128 0x11
 743 0088 01       		.uleb128 0x1
 744 0089 12       		.uleb128 0x12
 745 008a 06       		.uleb128 0x6
 746 008b 40       		.uleb128 0x40
 747 008c 18       		.uleb128 0x18
 748 008d 9742     		.uleb128 0x2117
 749 008f 19       		.uleb128 0x19
 750 0090 01       		.uleb128 0x1
 751 0091 13       		.uleb128 0x13
 752 0092 00       		.byte	0
 753 0093 00       		.byte	0
 754 0094 0A       		.uleb128 0xa
 755 0095 05       		.uleb128 0x5
 756 0096 00       		.byte	0
 757 0097 03       		.uleb128 0x3
 758 0098 0E       		.uleb128 0xe
 759 0099 3A       		.uleb128 0x3a
 760 009a 0B       		.uleb128 0xb
 761 009b 3B       		.uleb128 0x3b
 762 009c 0B       		.uleb128 0xb
 763 009d 49       		.uleb128 0x49
 764 009e 13       		.uleb128 0x13
 765 009f 02       		.uleb128 0x2
 766 00a0 18       		.uleb128 0x18
 767 00a1 00       		.byte	0
 768 00a2 00       		.byte	0
 769 00a3 0B       		.uleb128 0xb
 770 00a4 2E       		.uleb128 0x2e
 771 00a5 01       		.byte	0x1
 772 00a6 3F       		.uleb128 0x3f
 773 00a7 19       		.uleb128 0x19
 774 00a8 03       		.uleb128 0x3
 775 00a9 0E       		.uleb128 0xe
 776 00aa 3A       		.uleb128 0x3a
 777 00ab 0B       		.uleb128 0xb
 778 00ac 3B       		.uleb128 0x3b
 779 00ad 0B       		.uleb128 0xb
 780 00ae 27       		.uleb128 0x27
 781 00af 19       		.uleb128 0x19
 782 00b0 11       		.uleb128 0x11
 783 00b1 01       		.uleb128 0x1
 784 00b2 12       		.uleb128 0x12
 785 00b3 06       		.uleb128 0x6
 786 00b4 40       		.uleb128 0x40
 787 00b5 18       		.uleb128 0x18
 788 00b6 9642     		.uleb128 0x2116
ARM GAS  C:\Users\BRANKO~1\AppData\Local\Temp\ccz2X7Ud.s 			page 20


 789 00b8 19       		.uleb128 0x19
 790 00b9 01       		.uleb128 0x1
 791 00ba 13       		.uleb128 0x13
 792 00bb 00       		.byte	0
 793 00bc 00       		.byte	0
 794 00bd 0C       		.uleb128 0xc
 795 00be 2E       		.uleb128 0x2e
 796 00bf 01       		.byte	0x1
 797 00c0 3F       		.uleb128 0x3f
 798 00c1 19       		.uleb128 0x19
 799 00c2 03       		.uleb128 0x3
 800 00c3 0E       		.uleb128 0xe
 801 00c4 3A       		.uleb128 0x3a
 802 00c5 0B       		.uleb128 0xb
 803 00c6 3B       		.uleb128 0x3b
 804 00c7 05       		.uleb128 0x5
 805 00c8 27       		.uleb128 0x27
 806 00c9 19       		.uleb128 0x19
 807 00ca 11       		.uleb128 0x11
 808 00cb 01       		.uleb128 0x1
 809 00cc 12       		.uleb128 0x12
 810 00cd 06       		.uleb128 0x6
 811 00ce 40       		.uleb128 0x40
 812 00cf 18       		.uleb128 0x18
 813 00d0 9742     		.uleb128 0x2117
 814 00d2 19       		.uleb128 0x19
 815 00d3 01       		.uleb128 0x1
 816 00d4 13       		.uleb128 0x13
 817 00d5 00       		.byte	0
 818 00d6 00       		.byte	0
 819 00d7 0D       		.uleb128 0xd
 820 00d8 34       		.uleb128 0x34
 821 00d9 00       		.byte	0
 822 00da 03       		.uleb128 0x3
 823 00db 0E       		.uleb128 0xe
 824 00dc 3A       		.uleb128 0x3a
 825 00dd 0B       		.uleb128 0xb
 826 00de 3B       		.uleb128 0x3b
 827 00df 05       		.uleb128 0x5
 828 00e0 49       		.uleb128 0x49
 829 00e1 13       		.uleb128 0x13
 830 00e2 02       		.uleb128 0x2
 831 00e3 18       		.uleb128 0x18
 832 00e4 00       		.byte	0
 833 00e5 00       		.byte	0
 834 00e6 0E       		.uleb128 0xe
 835 00e7 34       		.uleb128 0x34
 836 00e8 00       		.byte	0
 837 00e9 03       		.uleb128 0x3
 838 00ea 0E       		.uleb128 0xe
 839 00eb 3A       		.uleb128 0x3a
 840 00ec 0B       		.uleb128 0xb
 841 00ed 3B       		.uleb128 0x3b
 842 00ee 0B       		.uleb128 0xb
 843 00ef 49       		.uleb128 0x49
 844 00f0 13       		.uleb128 0x13
 845 00f1 3F       		.uleb128 0x3f
ARM GAS  C:\Users\BRANKO~1\AppData\Local\Temp\ccz2X7Ud.s 			page 21


 846 00f2 19       		.uleb128 0x19
 847 00f3 02       		.uleb128 0x2
 848 00f4 18       		.uleb128 0x18
 849 00f5 00       		.byte	0
 850 00f6 00       		.byte	0
 851 00f7 00       		.byte	0
 852              		.section	.debug_aranges,"",%progbits
 853 0000 54000000 		.4byte	0x54
 854 0004 0200     		.2byte	0x2
 855 0006 00000000 		.4byte	.Ldebug_info0
 856 000a 04       		.byte	0x4
 857 000b 00       		.byte	0
 858 000c 0000     		.2byte	0
 859 000e 0000     		.2byte	0
 860 0010 00000000 		.4byte	.LFB0
 861 0014 3C000000 		.4byte	.LFE0-.LFB0
 862 0018 00000000 		.4byte	.LFB1
 863 001c 34000000 		.4byte	.LFE1-.LFB1
 864 0020 00000000 		.4byte	.LFB2
 865 0024 28000000 		.4byte	.LFE2-.LFB2
 866 0028 00000000 		.4byte	.LFB3
 867 002c 34000000 		.4byte	.LFE3-.LFB3
 868 0030 00000000 		.4byte	.LFB4
 869 0034 40000000 		.4byte	.LFE4-.LFB4
 870 0038 00000000 		.4byte	.LFB5
 871 003c 40000000 		.4byte	.LFE5-.LFB5
 872 0040 00000000 		.4byte	.LFB6
 873 0044 20000000 		.4byte	.LFE6-.LFB6
 874 0048 00000000 		.4byte	.LFB7
 875 004c 3C000000 		.4byte	.LFE7-.LFB7
 876 0050 00000000 		.4byte	0
 877 0054 00000000 		.4byte	0
 878              		.section	.debug_ranges,"",%progbits
 879              	.Ldebug_ranges0:
 880 0000 00000000 		.4byte	.LFB0
 881 0004 3C000000 		.4byte	.LFE0
 882 0008 00000000 		.4byte	.LFB1
 883 000c 34000000 		.4byte	.LFE1
 884 0010 00000000 		.4byte	.LFB2
 885 0014 28000000 		.4byte	.LFE2
 886 0018 00000000 		.4byte	.LFB3
 887 001c 34000000 		.4byte	.LFE3
 888 0020 00000000 		.4byte	.LFB4
 889 0024 40000000 		.4byte	.LFE4
 890 0028 00000000 		.4byte	.LFB5
 891 002c 40000000 		.4byte	.LFE5
 892 0030 00000000 		.4byte	.LFB6
 893 0034 20000000 		.4byte	.LFE6
 894 0038 00000000 		.4byte	.LFB7
 895 003c 3C000000 		.4byte	.LFE7
 896 0040 00000000 		.4byte	0
 897 0044 00000000 		.4byte	0
 898              		.section	.debug_line,"",%progbits
 899              	.Ldebug_line0:
 900 0000 F6000000 		.section	.debug_str,"MS",%progbits,1
 900      02004F00 
 900      00000201 
ARM GAS  C:\Users\BRANKO~1\AppData\Local\Temp\ccz2X7Ud.s 			page 22


 900      FB0E0D00 
 900      01010101 
 901              	.LASF19:
 902 0000 57617665 		.ascii	"WaveDAC8_1_VDAC8_SetRange\000"
 902      44414338 
 902      5F315F56 
 902      44414338 
 902      5F536574 
 903              	.LASF27:
 904 001a 443A5C70 		.ascii	"D:\\psoc5\\Cell Board\\Cell Board.cydsn\000"
 904      736F6335 
 904      5C43656C 
 904      6C20426F 
 904      6172645C 
 905              	.LASF15:
 906 003f 57617665 		.ascii	"WaveDAC8_1_VDAC8_Enable\000"
 906      44414338 
 906      5F315F56 
 906      44414338 
 906      5F456E61 
 907              	.LASF23:
 908 0057 76616C75 		.ascii	"value\000"
 908      6500
 909              	.LASF22:
 910 005d 57617665 		.ascii	"WaveDAC8_1_VDAC8_SetValue\000"
 910      44414338 
 910      5F315F56 
 910      44414338 
 910      5F536574 
 911              	.LASF18:
 912 0077 57617665 		.ascii	"WaveDAC8_1_VDAC8_SetSpeed\000"
 912      44414338 
 912      5F315F56 
 912      44414338 
 912      5F536574 
 913              	.LASF9:
 914 0091 666C6F61 		.ascii	"float\000"
 914      7400
 915              	.LASF1:
 916 0097 756E7369 		.ascii	"unsigned char\000"
 916      676E6564 
 916      20636861 
 916      7200
 917              	.LASF14:
 918 00a5 57617665 		.ascii	"WaveDAC8_1_VDAC8_Init\000"
 918      44414338 
 918      5F315F56 
 918      44414338 
 918      5F496E69 
 919              	.LASF13:
 920 00bb 72656738 		.ascii	"reg8\000"
 920      00
 921              	.LASF5:
 922 00c0 6C6F6E67 		.ascii	"long unsigned int\000"
 922      20756E73 
 922      69676E65 
 922      6420696E 
ARM GAS  C:\Users\BRANKO~1\AppData\Local\Temp\ccz2X7Ud.s 			page 23


 922      7400
 923              	.LASF24:
 924 00d2 57617665 		.ascii	"WaveDAC8_1_VDAC8_DacTrim\000"
 924      44414338 
 924      5F315F56 
 924      44414338 
 924      5F446163 
 925              	.LASF3:
 926 00eb 73686F72 		.ascii	"short unsigned int\000"
 926      7420756E 
 926      7369676E 
 926      65642069 
 926      6E7400
 927              	.LASF21:
 928 00fe 72616E67 		.ascii	"range\000"
 928      6500
 929              	.LASF10:
 930 0104 646F7562 		.ascii	"double\000"
 930      6C6500
 931              	.LASF16:
 932 010b 57617665 		.ascii	"WaveDAC8_1_VDAC8_Start\000"
 932      44414338 
 932      5F315F56 
 932      44414338 
 932      5F537461 
 933              	.LASF8:
 934 0122 756E7369 		.ascii	"unsigned int\000"
 934      676E6564 
 934      20696E74 
 934      00
 935              	.LASF7:
 936 012f 6C6F6E67 		.ascii	"long long unsigned int\000"
 936      206C6F6E 
 936      6720756E 
 936      7369676E 
 936      65642069 
 937              	.LASF28:
 938 0146 6D6F6465 		.ascii	"mode\000"
 938      00
 939              	.LASF25:
 940 014b 474E5520 		.ascii	"GNU C 4.8.4 20140526 (release) [ARM/embedded-4_8-br"
 940      4320342E 
 940      382E3420 
 940      32303134 
 940      30353236 
 941 017e 616E6368 		.ascii	"anch revision 211358] -mcpu=cortex-m3 -mthumb -g -O"
 941      20726576 
 941      6973696F 
 941      6E203231 
 941      31333538 
 942 01b1 30202D66 		.ascii	"0 -ffunction-sections\000"
 942      66756E63 
 942      74696F6E 
 942      2D736563 
 942      74696F6E 
 943              	.LASF17:
 944 01c7 57617665 		.ascii	"WaveDAC8_1_VDAC8_Stop\000"
ARM GAS  C:\Users\BRANKO~1\AppData\Local\Temp\ccz2X7Ud.s 			page 24


 944      44414338 
 944      5F315F56 
 944      44414338 
 944      5F53746F 
 945              	.LASF26:
 946 01dd 2E5C4765 		.ascii	".\\Generated_Source\\PSoC5\\WaveDAC8_1_VDAC8.c\000"
 946      6E657261 
 946      7465645F 
 946      536F7572 
 946      63655C50 
 947              	.LASF20:
 948 0209 73706565 		.ascii	"speed\000"
 948      6400
 949              	.LASF6:
 950 020f 6C6F6E67 		.ascii	"long long int\000"
 950      206C6F6E 
 950      6720696E 
 950      7400
 951              	.LASF11:
 952 021d 63686172 		.ascii	"char\000"
 952      00
 953              	.LASF2:
 954 0222 73686F72 		.ascii	"short int\000"
 954      7420696E 
 954      7400
 955              	.LASF12:
 956 022c 75696E74 		.ascii	"uint8\000"
 956      3800
 957              	.LASF29:
 958 0232 57617665 		.ascii	"WaveDAC8_1_VDAC8_initVar\000"
 958      44414338 
 958      5F315F56 
 958      44414338 
 958      5F696E69 
 959              	.LASF4:
 960 024b 6C6F6E67 		.ascii	"long int\000"
 960      20696E74 
 960      00
 961              	.LASF0:
 962 0254 7369676E 		.ascii	"signed char\000"
 962      65642063 
 962      68617200 
 963              		.ident	"GCC: (GNU Tools for ARM Embedded Processors) 4.8.4 20140526 (release) [ARM/embedded-4_8-br
