--------------- Build Started: 04/15/2016 01:19:16 Project: Cell Board, Configuration: ARM GCC 4.9-2015-q1-update Debug ---------------
The code generation step is up to date.
arm-none-eabi-gcc.exe -mcpu=cortex-m3 -mthumb -Wno-main -I. -IGenerated_Source\PSoC5 -Wa,-alh=.\CortexM3\ARM_GCC_493\Debug/main.lst -g -D DEBUG -Wall -ffunction-sections -O0 -ffat-lto-objects -c .\main.c -o .\CortexM3\ARM_GCC_493\Debug\main.o
.\main.c: In function 'main':
.\main.c:40:8: warning: unused variable 'x' [-Wunused-variable]
  uint8 x = modem_set_non_cyclic_sleep();//modem_shutdown();
        ^
arm-none-eabi-gcc.exe -mcpu=cortex-m3 -mthumb -Wno-main -I. -IGenerated_Source\PSoC5 -Wa,-alh=.\CortexM3\ARM_GCC_493\Debug/modem.lst -g -D DEBUG -Wall -ffunction-sections -O0 -ffat-lto-objects -c .\modem.c -o .\CortexM3\ARM_GCC_493\Debug\modem.o
.\modem.c: In function 'modem_get_serial_number':
.\modem.c:482:8: warning: unused variable 'x' [-Wunused-variable]
  uint8 x = 0;
        ^
arm-none-eabi-gcc.exe -mcpu=cortex-m3 -mthumb -Wno-main -I. -IGenerated_Source\PSoC5 -Wa,-alh=.\CortexM3\ARM_GCC_493\Debug/packet.lst -g -D DEBUG -Wall -ffunction-sections -O0 -ffat-lto-objects -c .\packet.c -o .\CortexM3\ARM_GCC_493\Debug\packet.o
.\packet.c: In function 'clear_packet':
.\packet.c:104:27: warning: argument to 'sizeof' in 'memset' call is the same expression as the destination; did you mean to provide an explicit length? [-Wsizeof-pointer-memaccess]
     memset(packet,0,sizeof(packet));
                           ^
arm-none-eabi-ar.exe -rs ".\CortexM3\ARM_GCC_493\Debug\Cell Board.a" .\CortexM3\ARM_GCC_493\Debug\cyfitter_cfg.o .\CortexM3\ARM_GCC_493\Debug\CyBootAsmGnu.o .\CortexM3\ARM_GCC_493\Debug\CyDmac.o .\CortexM3\ARM_GCC_493\Debug\CyFlash.o .\CortexM3\ARM_GCC_493\Debug\CyLib.o .\CortexM3\ARM_GCC_493\Debug\cyPm.o .\CortexM3\ARM_GCC_493\Debug\CySpc.o .\CortexM3\ARM_GCC_493\Debug\cyutils.o .\CortexM3\ARM_GCC_493\Debug\LED.o .\CortexM3\ARM_GCC_493\Debug\Telit_PWR.o .\CortexM3\ARM_GCC_493\Debug\Telit_RST.o .\CortexM3\ARM_GCC_493\Debug\Telit_ON.o .\CortexM3\ARM_GCC_493\Debug\Telit_UART.o .\CortexM3\ARM_GCC_493\Debug\Telit_UART_PM.o .\CortexM3\ARM_GCC_493\Debug\Telit_UART_INT.o .\CortexM3\ARM_GCC_493\Debug\Telit_UART_BOOT.o .\CortexM3\ARM_GCC_493\Debug\Telit_isr_rx.o .\CortexM3\ARM_GCC_493\Debug\Telit_tx.o .\CortexM3\ARM_GCC_493\Debug\Telit_UART_IntClock.o .\CortexM3\ARM_GCC_493\Debug\sleep_isr.o .\CortexM3\ARM_GCC_493\Debug\SleepTimer.o
arm-none-eabi-ar.exe: creating .\CortexM3\ARM_GCC_493\Debug\Cell Board.a
arm-none-eabi-gcc.exe -Wl,--start-group -o ".\CortexM3\ARM_GCC_493\Debug\Cell Board.elf" .\CortexM3\ARM_GCC_493\Debug\main.o .\CortexM3\ARM_GCC_493\Debug\utilities.o .\CortexM3\ARM_GCC_493\Debug\modem.o .\CortexM3\ARM_GCC_493\Debug\packet.o .\CortexM3\ARM_GCC_493\Debug\cymetadata.o .\CortexM3\ARM_GCC_493\Debug\Cm3Start.o ".\CortexM3\ARM_GCC_493\Debug\Cell Board.a" "C:\Program Files (x86)\Cypress\PSoC Creator\3.3\PSoC Creator\psoc\content\cycomponentlibrary\CyComponentLibrary.cylib\CortexM3\ARM_GCC_493\Debug\CyComponentLibrary.a" -mcpu=cortex-m3 -mthumb -g -ffunction-sections -O0 -L Generated_Source\PSoC5 "-Wl,-Map,.\CortexM3\ARM_GCC_493\Debug/Cell Board.map" -T Generated_Source\PSoC5\cm3gcc.ld -specs=nano.specs -Wl,--gc-sections -Wl,--end-group
cyelftool.exe -C "C:\Users\cps\Documents\kLab\IoT\CellBoard\Cell Board.cydsn\CortexM3\ARM_GCC_493\Debug\Cell Board.elf" --flash_row_size 256 --flash_size 262144
cyelftool.exe -S "C:\Users\cps\Documents\kLab\IoT\CellBoard\Cell Board.cydsn\CortexM3\ARM_GCC_493\Debug\Cell Board.elf"
Flash used: 16128 of 262144 bytes (6.2 %).
SRAM used: 22341 of 65536 bytes (34.1 %). Stack: 16384 bytes. Heap: 4096 bytes.
--------------- Build Succeeded: 04/15/2016 01:19:17 ---------------
