ARM GAS  C:\Users\cps\AppData\Local\Temp\ccRYr45n.s 			page 1


   1              		.syntax unified
   2              		.cpu cortex-m3
   3              		.fpu softvfp
   4              		.eabi_attribute 20, 1
   5              		.eabi_attribute 21, 1
   6              		.eabi_attribute 23, 3
   7              		.eabi_attribute 24, 1
   8              		.eabi_attribute 25, 1
   9              		.eabi_attribute 26, 1
  10              		.eabi_attribute 30, 6
  11              		.eabi_attribute 34, 1
  12              		.eabi_attribute 18, 4
  13              		.thumb
  14              		.file	"Cm3Start.c"
  15              		.text
  16              	.Ltext0:
  17              		.cfi_sections	.debug_frame
  18              		.section	.noinit,"aw",%progbits
  19              		.align	2
  20              		.type	cySysNoInitDataValid, %object
  21              		.size	cySysNoInitDataValid, 4
  22              	cySysNoInitDataValid:
  23 0000 00000000 		.space	4
  24              		.global	CyRamVectors
  25              		.section	.ramvectors,"aw",%progbits
  26              		.align	8
  27              		.type	CyRamVectors, %object
  28              		.size	CyRamVectors, 192
  29              	CyRamVectors:
  30 0000 00000000 		.space	192
  30      00000000 
  30      00000000 
  30      00000000 
  30      00000000 
  31 00c0 00000000 		.section	.text.IntDefaultHandler,"ax",%progbits
  31      00000000 
  31      00000000 
  31      00000000 
  31      00000000 
  32              		.align	2
  33              		.global	IntDefaultHandler
  34              		.thumb
  35              		.thumb_func
  36              		.type	IntDefaultHandler, %function
  37              	IntDefaultHandler:
  38              	.LFB0:
  39              		.file 1 ".\\Generated_Source\\PSoC5\\Cm3Start.c"
   1:.\Generated_Source\PSoC5/Cm3Start.c **** /*******************************************************************************
   2:.\Generated_Source\PSoC5/Cm3Start.c **** * File Name: Cm3Start.c
   3:.\Generated_Source\PSoC5/Cm3Start.c **** * Version 4.20
   4:.\Generated_Source\PSoC5/Cm3Start.c **** *
   5:.\Generated_Source\PSoC5/Cm3Start.c **** *  Description:
   6:.\Generated_Source\PSoC5/Cm3Start.c **** *  Startup code for the ARM CM3.
   7:.\Generated_Source\PSoC5/Cm3Start.c **** *
   8:.\Generated_Source\PSoC5/Cm3Start.c **** ********************************************************************************
   9:.\Generated_Source\PSoC5/Cm3Start.c **** * Copyright 2008-2014, Cypress Semiconductor Corporation. All rights reserved.
  10:.\Generated_Source\PSoC5/Cm3Start.c **** * You may use this file only in accordance with the license, terms, conditions,
ARM GAS  C:\Users\cps\AppData\Local\Temp\ccRYr45n.s 			page 2


  11:.\Generated_Source\PSoC5/Cm3Start.c **** * disclaimers, and limitations in the end user license agreement accompanying
  12:.\Generated_Source\PSoC5/Cm3Start.c **** * the software package with which this file was provided.
  13:.\Generated_Source\PSoC5/Cm3Start.c **** *******************************************************************************/
  14:.\Generated_Source\PSoC5/Cm3Start.c **** 
  15:.\Generated_Source\PSoC5/Cm3Start.c **** #include <limits.h>
  16:.\Generated_Source\PSoC5/Cm3Start.c **** #include "cydevice_trm.h"
  17:.\Generated_Source\PSoC5/Cm3Start.c **** #include "cytypes.h"
  18:.\Generated_Source\PSoC5/Cm3Start.c **** #include "cyfitter_cfg.h"
  19:.\Generated_Source\PSoC5/Cm3Start.c **** #include "CyLib.h"
  20:.\Generated_Source\PSoC5/Cm3Start.c **** #include "CyDmac.h"
  21:.\Generated_Source\PSoC5/Cm3Start.c **** #include "cyfitter.h"
  22:.\Generated_Source\PSoC5/Cm3Start.c **** 
  23:.\Generated_Source\PSoC5/Cm3Start.c **** #define CY_NUM_INTERRUPTS           (32u)
  24:.\Generated_Source\PSoC5/Cm3Start.c **** #define CY_NUM_VECTORS              (CYINT_IRQ_BASE + CY_NUM_INTERRUPTS)
  25:.\Generated_Source\PSoC5/Cm3Start.c **** #define CY_NUM_ROM_VECTORS          (4u)
  26:.\Generated_Source\PSoC5/Cm3Start.c **** #define CY_NVIC_APINT_PTR           ((reg32 *) CYREG_NVIC_APPLN_INTR)
  27:.\Generated_Source\PSoC5/Cm3Start.c **** #define CY_NVIC_CFG_CTRL_PTR        ((reg32 *) CYREG_NVIC_CFG_CONTROL)
  28:.\Generated_Source\PSoC5/Cm3Start.c **** #define CY_NVIC_APINT_PRIGROUP_3_5  (0x00000400u)  /* Priority group 3.5 split */
  29:.\Generated_Source\PSoC5/Cm3Start.c **** #define CY_NVIC_APINT_VECTKEY       (0x05FA0000u)  /* This key is required in order to write the NV
  30:.\Generated_Source\PSoC5/Cm3Start.c **** #define CY_NVIC_CFG_STACKALIGN      (0x00000200u)  /* This specifies that the exception stack must 
  31:.\Generated_Source\PSoC5/Cm3Start.c **** 
  32:.\Generated_Source\PSoC5/Cm3Start.c **** 
  33:.\Generated_Source\PSoC5/Cm3Start.c **** /* Extern functions */
  34:.\Generated_Source\PSoC5/Cm3Start.c **** extern void CyBtldr_CheckLaunch(void);
  35:.\Generated_Source\PSoC5/Cm3Start.c **** 
  36:.\Generated_Source\PSoC5/Cm3Start.c **** /* Function prototypes */
  37:.\Generated_Source\PSoC5/Cm3Start.c **** void initialize_psoc(void);
  38:.\Generated_Source\PSoC5/Cm3Start.c **** CY_ISR(IntDefaultHandler);
  39:.\Generated_Source\PSoC5/Cm3Start.c **** void Reset(void);
  40:.\Generated_Source\PSoC5/Cm3Start.c **** CY_ISR(IntDefaultHandler);
  41:.\Generated_Source\PSoC5/Cm3Start.c **** 
  42:.\Generated_Source\PSoC5/Cm3Start.c **** #if defined(__ARMCC_VERSION)
  43:.\Generated_Source\PSoC5/Cm3Start.c ****     #define INITIAL_STACK_POINTER ((cyisraddress)(uint32)&Image$$ARM_LIB_STACK$$ZI$$Limit)
  44:.\Generated_Source\PSoC5/Cm3Start.c **** #elif defined (__GNUC__)
  45:.\Generated_Source\PSoC5/Cm3Start.c ****     #define INITIAL_STACK_POINTER (&__cy_stack)
  46:.\Generated_Source\PSoC5/Cm3Start.c **** #elif defined (__ICCARM__)
  47:.\Generated_Source\PSoC5/Cm3Start.c ****     #pragma language=extended
  48:.\Generated_Source\PSoC5/Cm3Start.c ****     #pragma segment="CSTACK"
  49:.\Generated_Source\PSoC5/Cm3Start.c ****     #define INITIAL_STACK_POINTER  { .__ptr = __sfe( "CSTACK" ) }
  50:.\Generated_Source\PSoC5/Cm3Start.c **** 
  51:.\Generated_Source\PSoC5/Cm3Start.c ****     extern void __iar_program_start( void );
  52:.\Generated_Source\PSoC5/Cm3Start.c ****     extern void __iar_data_init3 (void);
  53:.\Generated_Source\PSoC5/Cm3Start.c **** #endif  /* (__ARMCC_VERSION) */
  54:.\Generated_Source\PSoC5/Cm3Start.c **** 
  55:.\Generated_Source\PSoC5/Cm3Start.c **** #if defined(__GNUC__)
  56:.\Generated_Source\PSoC5/Cm3Start.c ****     #include <errno.h>
  57:.\Generated_Source\PSoC5/Cm3Start.c ****     extern int  errno;
  58:.\Generated_Source\PSoC5/Cm3Start.c ****     extern int  end;
  59:.\Generated_Source\PSoC5/Cm3Start.c **** #endif  /* defined(__GNUC__) */
  60:.\Generated_Source\PSoC5/Cm3Start.c **** 
  61:.\Generated_Source\PSoC5/Cm3Start.c **** /* Global variables */
  62:.\Generated_Source\PSoC5/Cm3Start.c **** #if !defined (__ICCARM__)
  63:.\Generated_Source\PSoC5/Cm3Start.c ****     CY_NOINIT static uint32 cySysNoInitDataValid;
  64:.\Generated_Source\PSoC5/Cm3Start.c **** #endif  /* !defined (__ICCARM__) */
  65:.\Generated_Source\PSoC5/Cm3Start.c **** 
  66:.\Generated_Source\PSoC5/Cm3Start.c **** 
  67:.\Generated_Source\PSoC5/Cm3Start.c **** /*******************************************************************************
ARM GAS  C:\Users\cps\AppData\Local\Temp\ccRYr45n.s 			page 3


  68:.\Generated_Source\PSoC5/Cm3Start.c **** * Default Ram Interrupt Vector table storage area. Must be 256-byte aligned.
  69:.\Generated_Source\PSoC5/Cm3Start.c **** *******************************************************************************/
  70:.\Generated_Source\PSoC5/Cm3Start.c **** #if defined (__ICCARM__)
  71:.\Generated_Source\PSoC5/Cm3Start.c ****     #pragma location=".ramvectors"
  72:.\Generated_Source\PSoC5/Cm3Start.c ****     #pragma data_alignment=256
  73:.\Generated_Source\PSoC5/Cm3Start.c **** #else
  74:.\Generated_Source\PSoC5/Cm3Start.c ****     CY_SECTION(".ramvectors")
  75:.\Generated_Source\PSoC5/Cm3Start.c ****     CY_ALIGN(256)
  76:.\Generated_Source\PSoC5/Cm3Start.c **** #endif  /* defined (__ICCARM__) */
  77:.\Generated_Source\PSoC5/Cm3Start.c **** cyisraddress CyRamVectors[CY_NUM_VECTORS];
  78:.\Generated_Source\PSoC5/Cm3Start.c **** 
  79:.\Generated_Source\PSoC5/Cm3Start.c **** 
  80:.\Generated_Source\PSoC5/Cm3Start.c **** /*******************************************************************************
  81:.\Generated_Source\PSoC5/Cm3Start.c **** * Function Name: IntDefaultHandler
  82:.\Generated_Source\PSoC5/Cm3Start.c **** ********************************************************************************
  83:.\Generated_Source\PSoC5/Cm3Start.c **** *
  84:.\Generated_Source\PSoC5/Cm3Start.c **** * Summary:
  85:.\Generated_Source\PSoC5/Cm3Start.c **** *  This function is called for all interrupts, other than a reset that gets
  86:.\Generated_Source\PSoC5/Cm3Start.c **** *  called before the system is setup.
  87:.\Generated_Source\PSoC5/Cm3Start.c **** *
  88:.\Generated_Source\PSoC5/Cm3Start.c **** * Parameters:
  89:.\Generated_Source\PSoC5/Cm3Start.c **** *  None
  90:.\Generated_Source\PSoC5/Cm3Start.c **** *
  91:.\Generated_Source\PSoC5/Cm3Start.c **** * Return:
  92:.\Generated_Source\PSoC5/Cm3Start.c **** *  None
  93:.\Generated_Source\PSoC5/Cm3Start.c **** *
  94:.\Generated_Source\PSoC5/Cm3Start.c **** * Theory:
  95:.\Generated_Source\PSoC5/Cm3Start.c **** *  Any value other than zero is acceptable.
  96:.\Generated_Source\PSoC5/Cm3Start.c **** *
  97:.\Generated_Source\PSoC5/Cm3Start.c **** *******************************************************************************/
  98:.\Generated_Source\PSoC5/Cm3Start.c **** CY_ISR(IntDefaultHandler)
  99:.\Generated_Source\PSoC5/Cm3Start.c **** {
  40              		.loc 1 99 0
  41              		.cfi_startproc
  42              		@ args = 0, pretend = 0, frame = 0
  43              		@ frame_needed = 1, uses_anonymous_args = 0
  44              		@ link register save eliminated.
  45 0000 80B4     		push	{r7}
  46              		.cfi_def_cfa_offset 4
  47              		.cfi_offset 7, -4
  48 0002 00AF     		add	r7, sp, #0
  49              		.cfi_def_cfa_register 7
  50              	.L2:
 100:.\Generated_Source\PSoC5/Cm3Start.c **** 
 101:.\Generated_Source\PSoC5/Cm3Start.c ****     while(1)
 102:.\Generated_Source\PSoC5/Cm3Start.c ****     {
 103:.\Generated_Source\PSoC5/Cm3Start.c ****         /***********************************************************************
 104:.\Generated_Source\PSoC5/Cm3Start.c ****         * We must not get here. If we do, a serious problem occurs, so go
 105:.\Generated_Source\PSoC5/Cm3Start.c ****         * into an infinite loop.
 106:.\Generated_Source\PSoC5/Cm3Start.c ****         ***********************************************************************/
 107:.\Generated_Source\PSoC5/Cm3Start.c ****     }
  51              		.loc 1 107 0 discriminator 1
  52 0004 FEE7     		b	.L2
  53              		.cfi_endproc
  54              	.LFE0:
  55              		.size	IntDefaultHandler, .-IntDefaultHandler
  56              		.section	.text._exit,"ax",%progbits
ARM GAS  C:\Users\cps\AppData\Local\Temp\ccRYr45n.s 			page 4


  57              		.align	2
  58              		.weak	_exit
  59              		.thumb
  60              		.thumb_func
  61              		.type	_exit, %function
  62              	_exit:
  63              	.LFB1:
 108:.\Generated_Source\PSoC5/Cm3Start.c **** }
 109:.\Generated_Source\PSoC5/Cm3Start.c **** 
 110:.\Generated_Source\PSoC5/Cm3Start.c **** 
 111:.\Generated_Source\PSoC5/Cm3Start.c **** #if defined(__ARMCC_VERSION)
 112:.\Generated_Source\PSoC5/Cm3Start.c **** 
 113:.\Generated_Source\PSoC5/Cm3Start.c **** /* Local function for device reset. */
 114:.\Generated_Source\PSoC5/Cm3Start.c **** extern void Reset(void);
 115:.\Generated_Source\PSoC5/Cm3Start.c **** 
 116:.\Generated_Source\PSoC5/Cm3Start.c **** /* Application entry point. */
 117:.\Generated_Source\PSoC5/Cm3Start.c **** extern void $Super$$main(void);
 118:.\Generated_Source\PSoC5/Cm3Start.c **** 
 119:.\Generated_Source\PSoC5/Cm3Start.c **** /* Linker-generated Stack Base addresses, Two Region and One Region */
 120:.\Generated_Source\PSoC5/Cm3Start.c **** extern uint32 Image$$ARM_LIB_STACK$$ZI$$Limit;
 121:.\Generated_Source\PSoC5/Cm3Start.c **** 
 122:.\Generated_Source\PSoC5/Cm3Start.c **** /* RealView C Library initialization. */
 123:.\Generated_Source\PSoC5/Cm3Start.c **** extern int __main(void);
 124:.\Generated_Source\PSoC5/Cm3Start.c **** 
 125:.\Generated_Source\PSoC5/Cm3Start.c **** 
 126:.\Generated_Source\PSoC5/Cm3Start.c **** /*******************************************************************************
 127:.\Generated_Source\PSoC5/Cm3Start.c **** * Function Name: Reset
 128:.\Generated_Source\PSoC5/Cm3Start.c **** ********************************************************************************
 129:.\Generated_Source\PSoC5/Cm3Start.c **** *
 130:.\Generated_Source\PSoC5/Cm3Start.c **** * Summary:
 131:.\Generated_Source\PSoC5/Cm3Start.c **** *  This function handles the reset interrupt for the RVDS/MDK toolchains.
 132:.\Generated_Source\PSoC5/Cm3Start.c **** *  This is the first bit of code that is executed at startup.
 133:.\Generated_Source\PSoC5/Cm3Start.c **** *
 134:.\Generated_Source\PSoC5/Cm3Start.c **** * Parameters:
 135:.\Generated_Source\PSoC5/Cm3Start.c **** *  None
 136:.\Generated_Source\PSoC5/Cm3Start.c **** *
 137:.\Generated_Source\PSoC5/Cm3Start.c **** * Return:
 138:.\Generated_Source\PSoC5/Cm3Start.c **** *  None
 139:.\Generated_Source\PSoC5/Cm3Start.c **** *
 140:.\Generated_Source\PSoC5/Cm3Start.c **** *******************************************************************************/
 141:.\Generated_Source\PSoC5/Cm3Start.c **** void Reset(void)
 142:.\Generated_Source\PSoC5/Cm3Start.c **** {
 143:.\Generated_Source\PSoC5/Cm3Start.c ****     #if(CYDEV_PROJ_TYPE != CYDEV_PROJ_TYPE_LOADABLE)
 144:.\Generated_Source\PSoC5/Cm3Start.c **** 
 145:.\Generated_Source\PSoC5/Cm3Start.c ****         /* For PSoC 5LP, debugging is enabled by default */
 146:.\Generated_Source\PSoC5/Cm3Start.c ****         #if(CYDEV_DEBUGGING_ENABLE == 0)
 147:.\Generated_Source\PSoC5/Cm3Start.c ****             *(reg32 *)(CYDEV_DEBUG_ENABLE_REGISTER) |= CYDEV_DEBUG_ENABLE_MASK;
 148:.\Generated_Source\PSoC5/Cm3Start.c ****         #endif /* (CYDEV_DEBUGGING_ENABLE) */
 149:.\Generated_Source\PSoC5/Cm3Start.c **** 
 150:.\Generated_Source\PSoC5/Cm3Start.c ****         /* Reset Status Register has Read-to-clear SW access mode.
 151:.\Generated_Source\PSoC5/Cm3Start.c ****         * Preserve current RESET_SR0 state to make it available for next reading.
 152:.\Generated_Source\PSoC5/Cm3Start.c ****         */
 153:.\Generated_Source\PSoC5/Cm3Start.c ****         *(reg32 *)(CYREG_PHUB_CFGMEM23_CFG1) = *(reg32 *)(CYREG_RESET_SR0);
 154:.\Generated_Source\PSoC5/Cm3Start.c **** 
 155:.\Generated_Source\PSoC5/Cm3Start.c ****     #endif  /* (CYDEV_PROJ_TYPE != CYDEV_PROJ_TYPE_LOADABLE) */
 156:.\Generated_Source\PSoC5/Cm3Start.c **** 
 157:.\Generated_Source\PSoC5/Cm3Start.c ****     #if(CYDEV_BOOTLOADER_ENABLE)
ARM GAS  C:\Users\cps\AppData\Local\Temp\ccRYr45n.s 			page 5


 158:.\Generated_Source\PSoC5/Cm3Start.c ****         CyBtldr_CheckLaunch();
 159:.\Generated_Source\PSoC5/Cm3Start.c ****     #endif /* (CYDEV_BOOTLOADER_ENABLE) */
 160:.\Generated_Source\PSoC5/Cm3Start.c **** 
 161:.\Generated_Source\PSoC5/Cm3Start.c ****     __main();
 162:.\Generated_Source\PSoC5/Cm3Start.c **** }
 163:.\Generated_Source\PSoC5/Cm3Start.c **** 
 164:.\Generated_Source\PSoC5/Cm3Start.c **** 
 165:.\Generated_Source\PSoC5/Cm3Start.c **** /*******************************************************************************
 166:.\Generated_Source\PSoC5/Cm3Start.c **** * Function Name: $Sub$$main
 167:.\Generated_Source\PSoC5/Cm3Start.c **** ********************************************************************************
 168:.\Generated_Source\PSoC5/Cm3Start.c **** *
 169:.\Generated_Source\PSoC5/Cm3Start.c **** * Summary:
 170:.\Generated_Source\PSoC5/Cm3Start.c **** *  This function is called immediately before the users main
 171:.\Generated_Source\PSoC5/Cm3Start.c **** *
 172:.\Generated_Source\PSoC5/Cm3Start.c **** * Parameters:
 173:.\Generated_Source\PSoC5/Cm3Start.c **** *  None
 174:.\Generated_Source\PSoC5/Cm3Start.c **** *
 175:.\Generated_Source\PSoC5/Cm3Start.c **** * Return:
 176:.\Generated_Source\PSoC5/Cm3Start.c **** *  None
 177:.\Generated_Source\PSoC5/Cm3Start.c **** *
 178:.\Generated_Source\PSoC5/Cm3Start.c **** *******************************************************************************/
 179:.\Generated_Source\PSoC5/Cm3Start.c **** void $Sub$$main(void)
 180:.\Generated_Source\PSoC5/Cm3Start.c **** {
 181:.\Generated_Source\PSoC5/Cm3Start.c ****     initialize_psoc();
 182:.\Generated_Source\PSoC5/Cm3Start.c **** 
 183:.\Generated_Source\PSoC5/Cm3Start.c ****     /* Call original main */
 184:.\Generated_Source\PSoC5/Cm3Start.c ****     $Super$$main();
 185:.\Generated_Source\PSoC5/Cm3Start.c **** 
 186:.\Generated_Source\PSoC5/Cm3Start.c ****     while (1)
 187:.\Generated_Source\PSoC5/Cm3Start.c ****     {
 188:.\Generated_Source\PSoC5/Cm3Start.c ****         /* If main returns, it is undefined what we should do. */
 189:.\Generated_Source\PSoC5/Cm3Start.c ****     }
 190:.\Generated_Source\PSoC5/Cm3Start.c **** }
 191:.\Generated_Source\PSoC5/Cm3Start.c **** 
 192:.\Generated_Source\PSoC5/Cm3Start.c **** #elif defined(__GNUC__)
 193:.\Generated_Source\PSoC5/Cm3Start.c **** 
 194:.\Generated_Source\PSoC5/Cm3Start.c **** void Start_c(void);
 195:.\Generated_Source\PSoC5/Cm3Start.c **** 
 196:.\Generated_Source\PSoC5/Cm3Start.c **** /* Stack Base address */
 197:.\Generated_Source\PSoC5/Cm3Start.c **** extern void __cy_stack(void);
 198:.\Generated_Source\PSoC5/Cm3Start.c **** 
 199:.\Generated_Source\PSoC5/Cm3Start.c **** /* Application entry point. */
 200:.\Generated_Source\PSoC5/Cm3Start.c **** extern int main(void);
 201:.\Generated_Source\PSoC5/Cm3Start.c **** 
 202:.\Generated_Source\PSoC5/Cm3Start.c **** /* Static objects constructors initializer */
 203:.\Generated_Source\PSoC5/Cm3Start.c **** extern void __libc_init_array(void);
 204:.\Generated_Source\PSoC5/Cm3Start.c **** 
 205:.\Generated_Source\PSoC5/Cm3Start.c **** typedef unsigned char __cy_byte_align8 __attribute ((aligned (8)));
 206:.\Generated_Source\PSoC5/Cm3Start.c **** 
 207:.\Generated_Source\PSoC5/Cm3Start.c **** struct __cy_region
 208:.\Generated_Source\PSoC5/Cm3Start.c **** {
 209:.\Generated_Source\PSoC5/Cm3Start.c ****     __cy_byte_align8 *init; /* Initial contents of this region.  */
 210:.\Generated_Source\PSoC5/Cm3Start.c ****     __cy_byte_align8 *data; /* Start address of region.  */
 211:.\Generated_Source\PSoC5/Cm3Start.c ****     size_t init_size;       /* Size of initial data.  */
 212:.\Generated_Source\PSoC5/Cm3Start.c ****     size_t zero_size;       /* Additional size to be zeroed.  */
 213:.\Generated_Source\PSoC5/Cm3Start.c **** };
 214:.\Generated_Source\PSoC5/Cm3Start.c **** 
ARM GAS  C:\Users\cps\AppData\Local\Temp\ccRYr45n.s 			page 6


 215:.\Generated_Source\PSoC5/Cm3Start.c **** extern const struct __cy_region __cy_regions[];
 216:.\Generated_Source\PSoC5/Cm3Start.c **** extern const char __cy_region_num __attribute__((weak));
 217:.\Generated_Source\PSoC5/Cm3Start.c **** #define __cy_region_num ((size_t)&__cy_region_num)
 218:.\Generated_Source\PSoC5/Cm3Start.c **** 
 219:.\Generated_Source\PSoC5/Cm3Start.c **** 
 220:.\Generated_Source\PSoC5/Cm3Start.c **** /*******************************************************************************
 221:.\Generated_Source\PSoC5/Cm3Start.c **** * System Calls of the Red Hat newlib C Library
 222:.\Generated_Source\PSoC5/Cm3Start.c **** *******************************************************************************/
 223:.\Generated_Source\PSoC5/Cm3Start.c **** 
 224:.\Generated_Source\PSoC5/Cm3Start.c **** 
 225:.\Generated_Source\PSoC5/Cm3Start.c **** /*******************************************************************************
 226:.\Generated_Source\PSoC5/Cm3Start.c **** * Function Name: _exit
 227:.\Generated_Source\PSoC5/Cm3Start.c **** ********************************************************************************
 228:.\Generated_Source\PSoC5/Cm3Start.c **** *
 229:.\Generated_Source\PSoC5/Cm3Start.c **** * Summary:
 230:.\Generated_Source\PSoC5/Cm3Start.c **** *  Exit a program without cleaning up files. If your system doesn't provide
 231:.\Generated_Source\PSoC5/Cm3Start.c **** *  this, it is best to avoid linking with subroutines that require it (exit,
 232:.\Generated_Source\PSoC5/Cm3Start.c **** *  system).
 233:.\Generated_Source\PSoC5/Cm3Start.c **** *
 234:.\Generated_Source\PSoC5/Cm3Start.c **** * Parameters:
 235:.\Generated_Source\PSoC5/Cm3Start.c **** *  status: Status caused program exit.
 236:.\Generated_Source\PSoC5/Cm3Start.c **** *
 237:.\Generated_Source\PSoC5/Cm3Start.c **** * Return:
 238:.\Generated_Source\PSoC5/Cm3Start.c **** *  None
 239:.\Generated_Source\PSoC5/Cm3Start.c **** *
 240:.\Generated_Source\PSoC5/Cm3Start.c **** *******************************************************************************/
 241:.\Generated_Source\PSoC5/Cm3Start.c **** __attribute__((weak))
 242:.\Generated_Source\PSoC5/Cm3Start.c **** void _exit(int status)
 243:.\Generated_Source\PSoC5/Cm3Start.c **** {
  64              		.loc 1 243 0
  65              		.cfi_startproc
  66              		@ args = 0, pretend = 0, frame = 16
  67              		@ frame_needed = 1, uses_anonymous_args = 0
  68              		@ link register save eliminated.
  69 0000 80B4     		push	{r7}
  70              		.cfi_def_cfa_offset 4
  71              		.cfi_offset 7, -4
  72 0002 85B0     		sub	sp, sp, #20
  73              		.cfi_def_cfa_offset 24
  74 0004 00AF     		add	r7, sp, #0
  75              		.cfi_def_cfa_register 7
  76 0006 7860     		str	r0, [r7, #4]
 244:.\Generated_Source\PSoC5/Cm3Start.c ****     /* Cause divide by 0 exception */
 245:.\Generated_Source\PSoC5/Cm3Start.c ****     int x = status / (int) INT_MAX;
  77              		.loc 1 245 0
  78 0008 7B68     		ldr	r3, [r7, #4]
  79 000a 064A     		ldr	r2, .L5
  80 000c 82FB0312 		smull	r1, r2, r2, r3
  81 0010 5217     		asrs	r2, r2, #29
  82 0012 DB17     		asrs	r3, r3, #31
  83 0014 D31A     		subs	r3, r2, r3
  84 0016 FB60     		str	r3, [r7, #12]
 246:.\Generated_Source\PSoC5/Cm3Start.c ****     x = 4 / x;
  85              		.loc 1 246 0
  86 0018 0422     		movs	r2, #4
  87 001a FB68     		ldr	r3, [r7, #12]
  88 001c 92FBF3F3 		sdiv	r3, r2, r3
ARM GAS  C:\Users\cps\AppData\Local\Temp\ccRYr45n.s 			page 7


  89 0020 FB60     		str	r3, [r7, #12]
  90              	.L4:
 247:.\Generated_Source\PSoC5/Cm3Start.c **** 
 248:.\Generated_Source\PSoC5/Cm3Start.c ****     while(1)
 249:.\Generated_Source\PSoC5/Cm3Start.c ****     {
 250:.\Generated_Source\PSoC5/Cm3Start.c **** 
 251:.\Generated_Source\PSoC5/Cm3Start.c ****     }
  91              		.loc 1 251 0 discriminator 1
  92 0022 FEE7     		b	.L4
  93              	.L6:
  94              		.align	2
  95              	.L5:
  96 0024 01000040 		.word	1073741825
  97              		.cfi_endproc
  98              	.LFE1:
  99              		.size	_exit, .-_exit
 100              		.section	.text._sbrk,"ax",%progbits
 101              		.align	2
 102              		.weak	_sbrk
 103              		.thumb
 104              		.thumb_func
 105              		.type	_sbrk, %function
 106              	_sbrk:
 107              	.LFB2:
 252:.\Generated_Source\PSoC5/Cm3Start.c **** }
 253:.\Generated_Source\PSoC5/Cm3Start.c **** 
 254:.\Generated_Source\PSoC5/Cm3Start.c **** 
 255:.\Generated_Source\PSoC5/Cm3Start.c **** /*******************************************************************************
 256:.\Generated_Source\PSoC5/Cm3Start.c **** * Function Name: _sbrk
 257:.\Generated_Source\PSoC5/Cm3Start.c **** ********************************************************************************
 258:.\Generated_Source\PSoC5/Cm3Start.c **** *
 259:.\Generated_Source\PSoC5/Cm3Start.c **** * Summary:
 260:.\Generated_Source\PSoC5/Cm3Start.c **** *  Increase program data space. As malloc and related functions depend on this,
 261:.\Generated_Source\PSoC5/Cm3Start.c **** *  it is useful to have a working implementation. The following suffices for a
 262:.\Generated_Source\PSoC5/Cm3Start.c **** *  standalone system; it exploits the symbol end automatically defined by the
 263:.\Generated_Source\PSoC5/Cm3Start.c **** *  GNU linker.
 264:.\Generated_Source\PSoC5/Cm3Start.c **** *
 265:.\Generated_Source\PSoC5/Cm3Start.c **** * Parameters:
 266:.\Generated_Source\PSoC5/Cm3Start.c **** *  nbytes: The number of bytes requested (if the parameter value is positive)
 267:.\Generated_Source\PSoC5/Cm3Start.c **** *  from the heap or returned back to the heap (if the parameter value is
 268:.\Generated_Source\PSoC5/Cm3Start.c **** *  negative).
 269:.\Generated_Source\PSoC5/Cm3Start.c **** *
 270:.\Generated_Source\PSoC5/Cm3Start.c **** * Return:
 271:.\Generated_Source\PSoC5/Cm3Start.c **** *  None
 272:.\Generated_Source\PSoC5/Cm3Start.c **** *
 273:.\Generated_Source\PSoC5/Cm3Start.c **** *******************************************************************************/
 274:.\Generated_Source\PSoC5/Cm3Start.c **** __attribute__((weak))
 275:.\Generated_Source\PSoC5/Cm3Start.c **** void * _sbrk (int nbytes)
 276:.\Generated_Source\PSoC5/Cm3Start.c **** {
 108              		.loc 1 276 0
 109              		.cfi_startproc
 110              		@ args = 0, pretend = 0, frame = 16
 111              		@ frame_needed = 1, uses_anonymous_args = 0
 112 0000 80B5     		push	{r7, lr}
 113              		.cfi_def_cfa_offset 8
 114              		.cfi_offset 7, -8
 115              		.cfi_offset 14, -4
ARM GAS  C:\Users\cps\AppData\Local\Temp\ccRYr45n.s 			page 8


 116 0002 84B0     		sub	sp, sp, #16
 117              		.cfi_def_cfa_offset 24
 118 0004 00AF     		add	r7, sp, #0
 119              		.cfi_def_cfa_register 7
 120 0006 7860     		str	r0, [r7, #4]
 277:.\Generated_Source\PSoC5/Cm3Start.c ****     extern int  end;            /* Symbol defined by linker map. Start of free memory (as symbol). 
 278:.\Generated_Source\PSoC5/Cm3Start.c ****     void *      returnValue;
 279:.\Generated_Source\PSoC5/Cm3Start.c **** 
 280:.\Generated_Source\PSoC5/Cm3Start.c ****     /* The statically held previous end of the heap, with its initialization. */
 281:.\Generated_Source\PSoC5/Cm3Start.c ****     static void *heapPointer = (void *) &end;                 /* Previous end */
 282:.\Generated_Source\PSoC5/Cm3Start.c **** 
 283:.\Generated_Source\PSoC5/Cm3Start.c ****     if (((heapPointer + nbytes) - (void *) &end) <= CYDEV_HEAP_SIZE)
 121              		.loc 1 283 0
 122 0008 104B     		ldr	r3, .L11
 123 000a 1A68     		ldr	r2, [r3]
 124 000c 7B68     		ldr	r3, [r7, #4]
 125 000e 1344     		add	r3, r3, r2
 126 0010 1A46     		mov	r2, r3
 127 0012 0F4B     		ldr	r3, .L11+4
 128 0014 D31A     		subs	r3, r2, r3
 129 0016 B3F5805F 		cmp	r3, #4096
 130 001a 09DC     		bgt	.L8
 284:.\Generated_Source\PSoC5/Cm3Start.c ****     {
 285:.\Generated_Source\PSoC5/Cm3Start.c ****         returnValue  = heapPointer;
 131              		.loc 1 285 0
 132 001c 0B4B     		ldr	r3, .L11
 133 001e 1B68     		ldr	r3, [r3]
 134 0020 FB60     		str	r3, [r7, #12]
 286:.\Generated_Source\PSoC5/Cm3Start.c ****         heapPointer += nbytes;
 135              		.loc 1 286 0
 136 0022 0A4B     		ldr	r3, .L11
 137 0024 1A68     		ldr	r2, [r3]
 138 0026 7B68     		ldr	r3, [r7, #4]
 139 0028 1344     		add	r3, r3, r2
 140 002a 084A     		ldr	r2, .L11
 141 002c 1360     		str	r3, [r2]
 142 002e 07E0     		b	.L9
 143              	.L8:
 287:.\Generated_Source\PSoC5/Cm3Start.c ****     }
 288:.\Generated_Source\PSoC5/Cm3Start.c ****     else
 289:.\Generated_Source\PSoC5/Cm3Start.c ****     {
 290:.\Generated_Source\PSoC5/Cm3Start.c ****         errno = ENOMEM;
 144              		.loc 1 290 0
 145 0030 FFF7FEFF 		bl	__errno
 146 0034 0246     		mov	r2, r0
 147 0036 0C23     		movs	r3, #12
 148 0038 1360     		str	r3, [r2]
 291:.\Generated_Source\PSoC5/Cm3Start.c ****         returnValue = (void *) -1;
 149              		.loc 1 291 0
 150 003a 4FF0FF33 		mov	r3, #-1
 151 003e FB60     		str	r3, [r7, #12]
 152              	.L9:
 292:.\Generated_Source\PSoC5/Cm3Start.c ****     }
 293:.\Generated_Source\PSoC5/Cm3Start.c **** 
 294:.\Generated_Source\PSoC5/Cm3Start.c ****     return (returnValue);
 153              		.loc 1 294 0
 154 0040 FB68     		ldr	r3, [r7, #12]
ARM GAS  C:\Users\cps\AppData\Local\Temp\ccRYr45n.s 			page 9


 295:.\Generated_Source\PSoC5/Cm3Start.c **** }
 155              		.loc 1 295 0
 156 0042 1846     		mov	r0, r3
 157 0044 1037     		adds	r7, r7, #16
 158              		.cfi_def_cfa_offset 8
 159 0046 BD46     		mov	sp, r7
 160              		.cfi_def_cfa_register 13
 161              		@ sp needed
 162 0048 80BD     		pop	{r7, pc}
 163              	.L12:
 164 004a 00BF     		.align	2
 165              	.L11:
 166 004c 00000000 		.word	heapPointer.4939
 167 0050 00000000 		.word	end
 168              		.cfi_endproc
 169              	.LFE2:
 170              		.size	_sbrk, .-_sbrk
 171              		.section	.text.Reset,"ax",%progbits
 172              		.align	2
 173              		.global	Reset
 174              		.thumb
 175              		.thumb_func
 176              		.type	Reset, %function
 177              	Reset:
 178              	.LFB3:
 296:.\Generated_Source\PSoC5/Cm3Start.c **** 
 297:.\Generated_Source\PSoC5/Cm3Start.c **** 
 298:.\Generated_Source\PSoC5/Cm3Start.c **** /*******************************************************************************
 299:.\Generated_Source\PSoC5/Cm3Start.c **** * Function Name: Reset
 300:.\Generated_Source\PSoC5/Cm3Start.c **** ********************************************************************************
 301:.\Generated_Source\PSoC5/Cm3Start.c **** *
 302:.\Generated_Source\PSoC5/Cm3Start.c **** * Summary:
 303:.\Generated_Source\PSoC5/Cm3Start.c **** *  This function handles the reset interrupt for the GCC toolchain. This is the
 304:.\Generated_Source\PSoC5/Cm3Start.c **** *  first bit of code that is executed at startup.
 305:.\Generated_Source\PSoC5/Cm3Start.c **** *
 306:.\Generated_Source\PSoC5/Cm3Start.c **** * Parameters:
 307:.\Generated_Source\PSoC5/Cm3Start.c **** *  None
 308:.\Generated_Source\PSoC5/Cm3Start.c **** *
 309:.\Generated_Source\PSoC5/Cm3Start.c **** * Return:
 310:.\Generated_Source\PSoC5/Cm3Start.c **** *  None
 311:.\Generated_Source\PSoC5/Cm3Start.c **** *
 312:.\Generated_Source\PSoC5/Cm3Start.c **** *******************************************************************************/
 313:.\Generated_Source\PSoC5/Cm3Start.c **** void Reset(void)
 314:.\Generated_Source\PSoC5/Cm3Start.c **** {
 179              		.loc 1 314 0
 180              		.cfi_startproc
 181              		@ args = 0, pretend = 0, frame = 0
 182              		@ frame_needed = 1, uses_anonymous_args = 0
 183 0000 80B5     		push	{r7, lr}
 184              		.cfi_def_cfa_offset 8
 185              		.cfi_offset 7, -8
 186              		.cfi_offset 14, -4
 187 0002 00AF     		add	r7, sp, #0
 188              		.cfi_def_cfa_register 7
 315:.\Generated_Source\PSoC5/Cm3Start.c ****     #if(CYDEV_PROJ_TYPE != CYDEV_PROJ_TYPE_LOADABLE)
 316:.\Generated_Source\PSoC5/Cm3Start.c **** 
 317:.\Generated_Source\PSoC5/Cm3Start.c ****         /* For PSoC 5LP, debugging is enabled by default */
ARM GAS  C:\Users\cps\AppData\Local\Temp\ccRYr45n.s 			page 10


 318:.\Generated_Source\PSoC5/Cm3Start.c ****         #if(CYDEV_DEBUGGING_ENABLE == 0)
 319:.\Generated_Source\PSoC5/Cm3Start.c ****             *(reg32 *)(CYDEV_DEBUG_ENABLE_REGISTER) |= CYDEV_DEBUG_ENABLE_MASK;
 320:.\Generated_Source\PSoC5/Cm3Start.c ****         #endif /* (CYDEV_DEBUGGING_ENABLE) */
 321:.\Generated_Source\PSoC5/Cm3Start.c **** 
 322:.\Generated_Source\PSoC5/Cm3Start.c ****         /* Reset Status Register has Read-to-clear SW access mode.
 323:.\Generated_Source\PSoC5/Cm3Start.c ****         * Preserve current RESET_SR0 state to make it available for next reading.
 324:.\Generated_Source\PSoC5/Cm3Start.c ****         */
 325:.\Generated_Source\PSoC5/Cm3Start.c ****         *(reg32 *)(CYREG_PHUB_CFGMEM23_CFG1) = *(reg32 *)(CYREG_RESET_SR0);
 189              		.loc 1 325 0
 190 0004 024A     		ldr	r2, .L14
 191 0006 034B     		ldr	r3, .L14+4
 192 0008 1B68     		ldr	r3, [r3]
 193 000a 1360     		str	r3, [r2]
 326:.\Generated_Source\PSoC5/Cm3Start.c **** 
 327:.\Generated_Source\PSoC5/Cm3Start.c ****     #endif  /* (CYDEV_PROJ_TYPE != CYDEV_PROJ_TYPE_LOADABLE) */
 328:.\Generated_Source\PSoC5/Cm3Start.c **** 
 329:.\Generated_Source\PSoC5/Cm3Start.c ****     #if(CYDEV_BOOTLOADER_ENABLE)
 330:.\Generated_Source\PSoC5/Cm3Start.c ****         CyBtldr_CheckLaunch();
 331:.\Generated_Source\PSoC5/Cm3Start.c ****     #endif /* (CYDEV_BOOTLOADER_ENABLE) */
 332:.\Generated_Source\PSoC5/Cm3Start.c **** 
 333:.\Generated_Source\PSoC5/Cm3Start.c ****     Start_c();
 194              		.loc 1 333 0
 195 000c FFF7FEFF 		bl	Start_c
 196              	.L15:
 197              		.align	2
 198              	.L14:
 199 0010 BC760040 		.word	1073772220
 200 0014 FA460040 		.word	1073759994
 201              		.cfi_endproc
 202              	.LFE3:
 203              		.size	Reset, .-Reset
 204              		.section	.text.Start_c,"ax",%progbits
 205              		.align	2
 206              		.global	Start_c
 207              		.thumb
 208              		.thumb_func
 209              		.type	Start_c, %function
 210              	Start_c:
 211              	.LFB4:
 334:.\Generated_Source\PSoC5/Cm3Start.c **** }
 335:.\Generated_Source\PSoC5/Cm3Start.c **** 
 336:.\Generated_Source\PSoC5/Cm3Start.c **** 
 337:.\Generated_Source\PSoC5/Cm3Start.c **** /*******************************************************************************
 338:.\Generated_Source\PSoC5/Cm3Start.c **** * Function Name: Start_c
 339:.\Generated_Source\PSoC5/Cm3Start.c **** ********************************************************************************
 340:.\Generated_Source\PSoC5/Cm3Start.c **** *
 341:.\Generated_Source\PSoC5/Cm3Start.c **** * Summary:
 342:.\Generated_Source\PSoC5/Cm3Start.c **** *  This function handles initializing the .data and .bss sections in
 343:.\Generated_Source\PSoC5/Cm3Start.c **** *  preparation for running the standard C code.  Once initialization is complete
 344:.\Generated_Source\PSoC5/Cm3Start.c **** *  it will call main(). This function will never return.
 345:.\Generated_Source\PSoC5/Cm3Start.c **** *
 346:.\Generated_Source\PSoC5/Cm3Start.c **** * Parameters:
 347:.\Generated_Source\PSoC5/Cm3Start.c **** *  None
 348:.\Generated_Source\PSoC5/Cm3Start.c **** *
 349:.\Generated_Source\PSoC5/Cm3Start.c **** * Return:
 350:.\Generated_Source\PSoC5/Cm3Start.c **** *  None
 351:.\Generated_Source\PSoC5/Cm3Start.c **** *
ARM GAS  C:\Users\cps\AppData\Local\Temp\ccRYr45n.s 			page 11


 352:.\Generated_Source\PSoC5/Cm3Start.c **** *******************************************************************************/
 353:.\Generated_Source\PSoC5/Cm3Start.c **** void Start_c(void)  __attribute__ ((noreturn));
 354:.\Generated_Source\PSoC5/Cm3Start.c **** void Start_c(void)
 355:.\Generated_Source\PSoC5/Cm3Start.c **** {
 212              		.loc 1 355 0
 213              		.cfi_startproc
 214              		@ args = 0, pretend = 0, frame = 24
 215              		@ frame_needed = 1, uses_anonymous_args = 0
 216 0000 80B5     		push	{r7, lr}
 217              		.cfi_def_cfa_offset 8
 218              		.cfi_offset 7, -8
 219              		.cfi_offset 14, -4
 220 0002 86B0     		sub	sp, sp, #24
 221              		.cfi_def_cfa_offset 32
 222 0004 00AF     		add	r7, sp, #0
 223              		.cfi_def_cfa_register 7
 356:.\Generated_Source\PSoC5/Cm3Start.c ****     unsigned regions = __cy_region_num;
 224              		.loc 1 356 0
 225 0006 224B     		ldr	r3, .L24
 226 0008 7B61     		str	r3, [r7, #20]
 357:.\Generated_Source\PSoC5/Cm3Start.c ****     const struct __cy_region *rptr = __cy_regions;
 227              		.loc 1 357 0
 228 000a 224B     		ldr	r3, .L24+4
 229 000c 3B61     		str	r3, [r7, #16]
 358:.\Generated_Source\PSoC5/Cm3Start.c **** 
 359:.\Generated_Source\PSoC5/Cm3Start.c ****     /* Initialize memory */
 360:.\Generated_Source\PSoC5/Cm3Start.c ****     for (regions = __cy_region_num; regions != 0u; regions--)
 230              		.loc 1 360 0
 231 000e 204B     		ldr	r3, .L24
 232 0010 7B61     		str	r3, [r7, #20]
 233 0012 35E0     		b	.L17
 234              	.L22:
 235              	.LBB2:
 361:.\Generated_Source\PSoC5/Cm3Start.c ****     {
 362:.\Generated_Source\PSoC5/Cm3Start.c ****         uint32 *src = (uint32 *)rptr->init;
 236              		.loc 1 362 0
 237 0014 3B69     		ldr	r3, [r7, #16]
 238 0016 1B68     		ldr	r3, [r3]
 239 0018 FB60     		str	r3, [r7, #12]
 363:.\Generated_Source\PSoC5/Cm3Start.c ****         uint32 *dst = (uint32 *)rptr->data;
 240              		.loc 1 363 0
 241 001a 3B69     		ldr	r3, [r7, #16]
 242 001c 5B68     		ldr	r3, [r3, #4]
 243 001e BB60     		str	r3, [r7, #8]
 364:.\Generated_Source\PSoC5/Cm3Start.c ****         unsigned limit = rptr->init_size;
 244              		.loc 1 364 0
 245 0020 3B69     		ldr	r3, [r7, #16]
 246 0022 9B68     		ldr	r3, [r3, #8]
 247 0024 3B60     		str	r3, [r7]
 365:.\Generated_Source\PSoC5/Cm3Start.c ****         unsigned count;
 366:.\Generated_Source\PSoC5/Cm3Start.c **** 
 367:.\Generated_Source\PSoC5/Cm3Start.c ****         for (count = 0u; count != limit; count += sizeof (uint32))
 248              		.loc 1 367 0
 249 0026 0023     		movs	r3, #0
 250 0028 7B60     		str	r3, [r7, #4]
 251 002a 0CE0     		b	.L18
 252              	.L19:
ARM GAS  C:\Users\cps\AppData\Local\Temp\ccRYr45n.s 			page 12


 368:.\Generated_Source\PSoC5/Cm3Start.c ****         {
 369:.\Generated_Source\PSoC5/Cm3Start.c ****             *dst = *src;
 253              		.loc 1 369 0 discriminator 3
 254 002c FB68     		ldr	r3, [r7, #12]
 255 002e 1A68     		ldr	r2, [r3]
 256 0030 BB68     		ldr	r3, [r7, #8]
 257 0032 1A60     		str	r2, [r3]
 370:.\Generated_Source\PSoC5/Cm3Start.c ****             dst++;
 258              		.loc 1 370 0 discriminator 3
 259 0034 BB68     		ldr	r3, [r7, #8]
 260 0036 0433     		adds	r3, r3, #4
 261 0038 BB60     		str	r3, [r7, #8]
 371:.\Generated_Source\PSoC5/Cm3Start.c ****             src++;
 262              		.loc 1 371 0 discriminator 3
 263 003a FB68     		ldr	r3, [r7, #12]
 264 003c 0433     		adds	r3, r3, #4
 265 003e FB60     		str	r3, [r7, #12]
 367:.\Generated_Source\PSoC5/Cm3Start.c ****         {
 266              		.loc 1 367 0 discriminator 3
 267 0040 7B68     		ldr	r3, [r7, #4]
 268 0042 0433     		adds	r3, r3, #4
 269 0044 7B60     		str	r3, [r7, #4]
 270              	.L18:
 367:.\Generated_Source\PSoC5/Cm3Start.c ****         {
 271              		.loc 1 367 0 is_stmt 0 discriminator 1
 272 0046 7A68     		ldr	r2, [r7, #4]
 273 0048 3B68     		ldr	r3, [r7]
 274 004a 9A42     		cmp	r2, r3
 275 004c EED1     		bne	.L19
 372:.\Generated_Source\PSoC5/Cm3Start.c ****         }
 373:.\Generated_Source\PSoC5/Cm3Start.c ****         limit = rptr->zero_size;
 276              		.loc 1 373 0 is_stmt 1
 277 004e 3B69     		ldr	r3, [r7, #16]
 278 0050 DB68     		ldr	r3, [r3, #12]
 279 0052 3B60     		str	r3, [r7]
 374:.\Generated_Source\PSoC5/Cm3Start.c ****         for (count = 0u; count != limit; count += sizeof (uint32))
 280              		.loc 1 374 0
 281 0054 0023     		movs	r3, #0
 282 0056 7B60     		str	r3, [r7, #4]
 283 0058 08E0     		b	.L20
 284              	.L21:
 375:.\Generated_Source\PSoC5/Cm3Start.c ****         {
 376:.\Generated_Source\PSoC5/Cm3Start.c ****             *dst = 0u;
 285              		.loc 1 376 0 discriminator 3
 286 005a BB68     		ldr	r3, [r7, #8]
 287 005c 0022     		movs	r2, #0
 288 005e 1A60     		str	r2, [r3]
 377:.\Generated_Source\PSoC5/Cm3Start.c ****             dst++;
 289              		.loc 1 377 0 discriminator 3
 290 0060 BB68     		ldr	r3, [r7, #8]
 291 0062 0433     		adds	r3, r3, #4
 292 0064 BB60     		str	r3, [r7, #8]
 374:.\Generated_Source\PSoC5/Cm3Start.c ****         for (count = 0u; count != limit; count += sizeof (uint32))
 293              		.loc 1 374 0 discriminator 3
 294 0066 7B68     		ldr	r3, [r7, #4]
 295 0068 0433     		adds	r3, r3, #4
 296 006a 7B60     		str	r3, [r7, #4]
ARM GAS  C:\Users\cps\AppData\Local\Temp\ccRYr45n.s 			page 13


 297              	.L20:
 374:.\Generated_Source\PSoC5/Cm3Start.c ****         for (count = 0u; count != limit; count += sizeof (uint32))
 298              		.loc 1 374 0 is_stmt 0 discriminator 1
 299 006c 7A68     		ldr	r2, [r7, #4]
 300 006e 3B68     		ldr	r3, [r7]
 301 0070 9A42     		cmp	r2, r3
 302 0072 F2D1     		bne	.L21
 378:.\Generated_Source\PSoC5/Cm3Start.c ****         }
 379:.\Generated_Source\PSoC5/Cm3Start.c **** 
 380:.\Generated_Source\PSoC5/Cm3Start.c ****         rptr++;
 303              		.loc 1 380 0 is_stmt 1 discriminator 2
 304 0074 3B69     		ldr	r3, [r7, #16]
 305 0076 1033     		adds	r3, r3, #16
 306 0078 3B61     		str	r3, [r7, #16]
 307              	.LBE2:
 360:.\Generated_Source\PSoC5/Cm3Start.c ****     {
 308              		.loc 1 360 0 discriminator 2
 309 007a 7B69     		ldr	r3, [r7, #20]
 310 007c 013B     		subs	r3, r3, #1
 311 007e 7B61     		str	r3, [r7, #20]
 312              	.L17:
 360:.\Generated_Source\PSoC5/Cm3Start.c ****     {
 313              		.loc 1 360 0 is_stmt 0 discriminator 1
 314 0080 7B69     		ldr	r3, [r7, #20]
 315 0082 002B     		cmp	r3, #0
 316 0084 C6D1     		bne	.L22
 381:.\Generated_Source\PSoC5/Cm3Start.c ****     }
 382:.\Generated_Source\PSoC5/Cm3Start.c **** 
 383:.\Generated_Source\PSoC5/Cm3Start.c ****     /* Invoke static objects constructors */
 384:.\Generated_Source\PSoC5/Cm3Start.c ****     __libc_init_array();
 317              		.loc 1 384 0 is_stmt 1
 318 0086 FFF7FEFF 		bl	__libc_init_array
 385:.\Generated_Source\PSoC5/Cm3Start.c ****     (void) main();
 319              		.loc 1 385 0
 320 008a FFF7FEFF 		bl	main
 321              	.L23:
 386:.\Generated_Source\PSoC5/Cm3Start.c **** 
 387:.\Generated_Source\PSoC5/Cm3Start.c ****     while (1)
 388:.\Generated_Source\PSoC5/Cm3Start.c ****     {
 389:.\Generated_Source\PSoC5/Cm3Start.c ****         /* If main returns, make sure we don't return. */
 390:.\Generated_Source\PSoC5/Cm3Start.c ****     }
 322              		.loc 1 390 0 discriminator 1
 323 008e FEE7     		b	.L23
 324              	.L25:
 325              		.align	2
 326              	.L24:
 327 0090 00000000 		.word	__cy_region_num
 328 0094 00000000 		.word	__cy_regions
 329              		.cfi_endproc
 330              	.LFE4:
 331              		.size	Start_c, .-Start_c
 332              		.global	RomVectors
 333              		.section	.romvectors,"a",%progbits
 334              		.align	2
 335              		.type	RomVectors, %object
 336              		.size	RomVectors, 16
 337              	RomVectors:
ARM GAS  C:\Users\cps\AppData\Local\Temp\ccRYr45n.s 			page 14


 338 0000 00000000 		.word	__cy_stack
 339 0004 00000000 		.word	Reset
 340 0008 00000000 		.word	IntDefaultHandler
 341 000c 00000000 		.word	IntDefaultHandler
 342              		.section	.text.initialize_psoc,"ax",%progbits
 343              		.align	2
 344              		.global	initialize_psoc
 345              		.thumb
 346              		.thumb_func
 347              		.type	initialize_psoc, %function
 348              	initialize_psoc:
 349              	.LFB5:
 391:.\Generated_Source\PSoC5/Cm3Start.c **** }
 392:.\Generated_Source\PSoC5/Cm3Start.c **** 
 393:.\Generated_Source\PSoC5/Cm3Start.c **** 
 394:.\Generated_Source\PSoC5/Cm3Start.c **** #elif defined (__ICCARM__)
 395:.\Generated_Source\PSoC5/Cm3Start.c **** 
 396:.\Generated_Source\PSoC5/Cm3Start.c **** /*******************************************************************************
 397:.\Generated_Source\PSoC5/Cm3Start.c **** * Function Name: __low_level_init
 398:.\Generated_Source\PSoC5/Cm3Start.c **** ********************************************************************************
 399:.\Generated_Source\PSoC5/Cm3Start.c **** *
 400:.\Generated_Source\PSoC5/Cm3Start.c **** * Summary:
 401:.\Generated_Source\PSoC5/Cm3Start.c **** *  This function performs early initializations for the IAR Embedded
 402:.\Generated_Source\PSoC5/Cm3Start.c **** *  Workbench IDE. It is executed in the context of a reset interrupt handler
 403:.\Generated_Source\PSoC5/Cm3Start.c **** *  before the data sections are initialized.
 404:.\Generated_Source\PSoC5/Cm3Start.c **** *
 405:.\Generated_Source\PSoC5/Cm3Start.c **** * Parameters:
 406:.\Generated_Source\PSoC5/Cm3Start.c **** *  None
 407:.\Generated_Source\PSoC5/Cm3Start.c **** *
 408:.\Generated_Source\PSoC5/Cm3Start.c **** * Return:
 409:.\Generated_Source\PSoC5/Cm3Start.c **** *  The value that determines whether or not data sections should be initialized
 410:.\Generated_Source\PSoC5/Cm3Start.c **** *  by the system startup code:
 411:.\Generated_Source\PSoC5/Cm3Start.c **** *    0 - skip data sections initialization;
 412:.\Generated_Source\PSoC5/Cm3Start.c **** *    1 - initialize data sections;
 413:.\Generated_Source\PSoC5/Cm3Start.c **** *
 414:.\Generated_Source\PSoC5/Cm3Start.c **** *******************************************************************************/
 415:.\Generated_Source\PSoC5/Cm3Start.c **** int __low_level_init(void)
 416:.\Generated_Source\PSoC5/Cm3Start.c **** {
 417:.\Generated_Source\PSoC5/Cm3Start.c ****     #if(CYDEV_PROJ_TYPE != CYDEV_PROJ_TYPE_LOADABLE)
 418:.\Generated_Source\PSoC5/Cm3Start.c **** 
 419:.\Generated_Source\PSoC5/Cm3Start.c ****         /* For PSoC 5LP, debugging is enabled by default */
 420:.\Generated_Source\PSoC5/Cm3Start.c ****         #if(CYDEV_DEBUGGING_ENABLE == 0)
 421:.\Generated_Source\PSoC5/Cm3Start.c ****             *(reg32 *)(CYDEV_DEBUG_ENABLE_REGISTER) |= CYDEV_DEBUG_ENABLE_MASK;
 422:.\Generated_Source\PSoC5/Cm3Start.c ****         #endif /* (CYDEV_DEBUGGING_ENABLE) */
 423:.\Generated_Source\PSoC5/Cm3Start.c **** 
 424:.\Generated_Source\PSoC5/Cm3Start.c ****         /* Reset Status Register has Read-to-clear SW access mode.
 425:.\Generated_Source\PSoC5/Cm3Start.c ****         * Preserve current RESET_SR0 state to make it available for next reading.
 426:.\Generated_Source\PSoC5/Cm3Start.c ****         */
 427:.\Generated_Source\PSoC5/Cm3Start.c ****         *(reg32 *)(CYREG_PHUB_CFGMEM23_CFG1) = *(reg32 *)(CYREG_RESET_SR0);
 428:.\Generated_Source\PSoC5/Cm3Start.c **** 
 429:.\Generated_Source\PSoC5/Cm3Start.c ****     #endif  /* (CYDEV_PROJ_TYPE != CYDEV_PROJ_TYPE_LOADABLE) */
 430:.\Generated_Source\PSoC5/Cm3Start.c **** 
 431:.\Generated_Source\PSoC5/Cm3Start.c ****     #if (CYDEV_BOOTLOADER_ENABLE)
 432:.\Generated_Source\PSoC5/Cm3Start.c ****         CyBtldr_CheckLaunch();
 433:.\Generated_Source\PSoC5/Cm3Start.c ****     #endif /* CYDEV_BOOTLOADER_ENABLE */
 434:.\Generated_Source\PSoC5/Cm3Start.c **** 
 435:.\Generated_Source\PSoC5/Cm3Start.c ****     /* Initialize data sections */
ARM GAS  C:\Users\cps\AppData\Local\Temp\ccRYr45n.s 			page 15


 436:.\Generated_Source\PSoC5/Cm3Start.c ****     __iar_data_init3();
 437:.\Generated_Source\PSoC5/Cm3Start.c **** 
 438:.\Generated_Source\PSoC5/Cm3Start.c ****     initialize_psoc();
 439:.\Generated_Source\PSoC5/Cm3Start.c **** 
 440:.\Generated_Source\PSoC5/Cm3Start.c ****     return 0;
 441:.\Generated_Source\PSoC5/Cm3Start.c **** }
 442:.\Generated_Source\PSoC5/Cm3Start.c **** 
 443:.\Generated_Source\PSoC5/Cm3Start.c **** #endif /* __GNUC__ */
 444:.\Generated_Source\PSoC5/Cm3Start.c **** 
 445:.\Generated_Source\PSoC5/Cm3Start.c **** 
 446:.\Generated_Source\PSoC5/Cm3Start.c **** /*******************************************************************************
 447:.\Generated_Source\PSoC5/Cm3Start.c **** *
 448:.\Generated_Source\PSoC5/Cm3Start.c **** * Default Rom Interrupt Vector table.
 449:.\Generated_Source\PSoC5/Cm3Start.c **** *
 450:.\Generated_Source\PSoC5/Cm3Start.c **** *******************************************************************************/
 451:.\Generated_Source\PSoC5/Cm3Start.c **** #if defined(__ARMCC_VERSION)
 452:.\Generated_Source\PSoC5/Cm3Start.c ****     /* Suppress diagnostic message 1296-D: extended constant initialiser used */
 453:.\Generated_Source\PSoC5/Cm3Start.c ****     #pragma diag_suppress 1296
 454:.\Generated_Source\PSoC5/Cm3Start.c **** #endif  /* defined(__ARMCC_VERSION) */
 455:.\Generated_Source\PSoC5/Cm3Start.c **** 
 456:.\Generated_Source\PSoC5/Cm3Start.c **** #if defined (__ICCARM__)
 457:.\Generated_Source\PSoC5/Cm3Start.c ****     #pragma location=".romvectors"
 458:.\Generated_Source\PSoC5/Cm3Start.c ****     const intvec_elem __vector_table[CY_NUM_ROM_VECTORS] =
 459:.\Generated_Source\PSoC5/Cm3Start.c **** #else
 460:.\Generated_Source\PSoC5/Cm3Start.c ****     CY_SECTION(".romvectors")
 461:.\Generated_Source\PSoC5/Cm3Start.c ****     const cyisraddress RomVectors[CY_NUM_ROM_VECTORS] =
 462:.\Generated_Source\PSoC5/Cm3Start.c **** #endif  /* defined (__ICCARM__) */
 463:.\Generated_Source\PSoC5/Cm3Start.c **** {
 464:.\Generated_Source\PSoC5/Cm3Start.c ****     INITIAL_STACK_POINTER,   /* Initial stack pointer  0 */
 465:.\Generated_Source\PSoC5/Cm3Start.c ****     #if defined (__ICCARM__) /* Reset handler          1 */
 466:.\Generated_Source\PSoC5/Cm3Start.c ****         __iar_program_start,
 467:.\Generated_Source\PSoC5/Cm3Start.c ****     #else
 468:.\Generated_Source\PSoC5/Cm3Start.c ****         (cyisraddress)&Reset,
 469:.\Generated_Source\PSoC5/Cm3Start.c ****     #endif  /* defined (__ICCARM__) */
 470:.\Generated_Source\PSoC5/Cm3Start.c ****     &IntDefaultHandler,      /* NMI handler            2 */
 471:.\Generated_Source\PSoC5/Cm3Start.c ****     &IntDefaultHandler,      /* Hard fault handler     3 */
 472:.\Generated_Source\PSoC5/Cm3Start.c **** };
 473:.\Generated_Source\PSoC5/Cm3Start.c **** 
 474:.\Generated_Source\PSoC5/Cm3Start.c **** #if defined(__ARMCC_VERSION)
 475:.\Generated_Source\PSoC5/Cm3Start.c ****     #pragma diag_default 1296
 476:.\Generated_Source\PSoC5/Cm3Start.c **** #endif  /* defined(__ARMCC_VERSION) */
 477:.\Generated_Source\PSoC5/Cm3Start.c **** 
 478:.\Generated_Source\PSoC5/Cm3Start.c **** 
 479:.\Generated_Source\PSoC5/Cm3Start.c **** /*******************************************************************************
 480:.\Generated_Source\PSoC5/Cm3Start.c **** * Function Name: initialize_psoc
 481:.\Generated_Source\PSoC5/Cm3Start.c **** ********************************************************************************
 482:.\Generated_Source\PSoC5/Cm3Start.c **** *
 483:.\Generated_Source\PSoC5/Cm3Start.c **** * Summary:
 484:.\Generated_Source\PSoC5/Cm3Start.c **** *  This function used to initialize the PSoC chip before calling main.
 485:.\Generated_Source\PSoC5/Cm3Start.c **** *
 486:.\Generated_Source\PSoC5/Cm3Start.c **** * Parameters:
 487:.\Generated_Source\PSoC5/Cm3Start.c **** *  None
 488:.\Generated_Source\PSoC5/Cm3Start.c **** *
 489:.\Generated_Source\PSoC5/Cm3Start.c **** * Return:
 490:.\Generated_Source\PSoC5/Cm3Start.c **** *  None
 491:.\Generated_Source\PSoC5/Cm3Start.c **** *
 492:.\Generated_Source\PSoC5/Cm3Start.c **** *******************************************************************************/
ARM GAS  C:\Users\cps\AppData\Local\Temp\ccRYr45n.s 			page 16


 493:.\Generated_Source\PSoC5/Cm3Start.c **** #if (defined(__GNUC__) && !defined(__ARMCC_VERSION))
 494:.\Generated_Source\PSoC5/Cm3Start.c **** __attribute__ ((constructor(101)))
 495:.\Generated_Source\PSoC5/Cm3Start.c **** #endif
 496:.\Generated_Source\PSoC5/Cm3Start.c **** void initialize_psoc(void)
 497:.\Generated_Source\PSoC5/Cm3Start.c **** {
 350              		.loc 1 497 0
 351              		.cfi_startproc
 352              		@ args = 0, pretend = 0, frame = 8
 353              		@ frame_needed = 1, uses_anonymous_args = 0
 354 0000 80B5     		push	{r7, lr}
 355              		.cfi_def_cfa_offset 8
 356              		.cfi_offset 7, -8
 357              		.cfi_offset 14, -4
 358 0002 82B0     		sub	sp, sp, #8
 359              		.cfi_def_cfa_offset 16
 360 0004 00AF     		add	r7, sp, #0
 361              		.cfi_def_cfa_register 7
 498:.\Generated_Source\PSoC5/Cm3Start.c ****     uint32 i;
 499:.\Generated_Source\PSoC5/Cm3Start.c **** 
 500:.\Generated_Source\PSoC5/Cm3Start.c ****     /* Set Priority group 5. */
 501:.\Generated_Source\PSoC5/Cm3Start.c **** 
 502:.\Generated_Source\PSoC5/Cm3Start.c ****     /* Writes to NVIC_APINT register require the VECTKEY in the upper half */
 503:.\Generated_Source\PSoC5/Cm3Start.c ****     *CY_NVIC_APINT_PTR = CY_NVIC_APINT_VECTKEY | CY_NVIC_APINT_PRIGROUP_3_5;
 362              		.loc 1 503 0
 363 0006 174B     		ldr	r3, .L31
 364 0008 174A     		ldr	r2, .L31+4
 365 000a 1A60     		str	r2, [r3]
 504:.\Generated_Source\PSoC5/Cm3Start.c ****     *CY_NVIC_CFG_CTRL_PTR |= CY_NVIC_CFG_STACKALIGN;
 366              		.loc 1 504 0
 367 000c 174A     		ldr	r2, .L31+8
 368 000e 174B     		ldr	r3, .L31+8
 369 0010 1B68     		ldr	r3, [r3]
 370 0012 43F40073 		orr	r3, r3, #512
 371 0016 1360     		str	r3, [r2]
 505:.\Generated_Source\PSoC5/Cm3Start.c **** 
 506:.\Generated_Source\PSoC5/Cm3Start.c ****     /* Set Ram interrupt vectors to default functions. */
 507:.\Generated_Source\PSoC5/Cm3Start.c ****     for (i = 0u; i < CY_NUM_VECTORS; i++)
 372              		.loc 1 507 0
 373 0018 0023     		movs	r3, #0
 374 001a 7B60     		str	r3, [r7, #4]
 375 001c 0FE0     		b	.L27
 376              	.L30:
 508:.\Generated_Source\PSoC5/Cm3Start.c ****     {
 509:.\Generated_Source\PSoC5/Cm3Start.c ****         #if defined (__ICCARM__)
 510:.\Generated_Source\PSoC5/Cm3Start.c ****             CyRamVectors[i] = (i < CY_NUM_ROM_VECTORS) ? __vector_table[i].__fun : &IntDefaultHandl
 511:.\Generated_Source\PSoC5/Cm3Start.c ****         #else
 512:.\Generated_Source\PSoC5/Cm3Start.c ****             CyRamVectors[i] = (i < CY_NUM_ROM_VECTORS) ? RomVectors[i] : &IntDefaultHandler;
 377              		.loc 1 512 0
 378 001e 7B68     		ldr	r3, [r7, #4]
 379 0020 032B     		cmp	r3, #3
 380 0022 04D8     		bhi	.L28
 381              		.loc 1 512 0 is_stmt 0 discriminator 1
 382 0024 124A     		ldr	r2, .L31+12
 383 0026 7B68     		ldr	r3, [r7, #4]
 384 0028 52F82330 		ldr	r3, [r2, r3, lsl #2]
 385 002c 00E0     		b	.L29
 386              	.L28:
ARM GAS  C:\Users\cps\AppData\Local\Temp\ccRYr45n.s 			page 17


 387              		.loc 1 512 0 discriminator 2
 388 002e 114B     		ldr	r3, .L31+16
 389              	.L29:
 390              		.loc 1 512 0 discriminator 4
 391 0030 1149     		ldr	r1, .L31+20
 392 0032 7A68     		ldr	r2, [r7, #4]
 393 0034 41F82230 		str	r3, [r1, r2, lsl #2]
 507:.\Generated_Source\PSoC5/Cm3Start.c ****     {
 394              		.loc 1 507 0 is_stmt 1 discriminator 4
 395 0038 7B68     		ldr	r3, [r7, #4]
 396 003a 0133     		adds	r3, r3, #1
 397 003c 7B60     		str	r3, [r7, #4]
 398              	.L27:
 507:.\Generated_Source\PSoC5/Cm3Start.c ****     {
 399              		.loc 1 507 0 is_stmt 0 discriminator 2
 400 003e 7B68     		ldr	r3, [r7, #4]
 401 0040 2F2B     		cmp	r3, #47
 402 0042 ECD9     		bls	.L30
 513:.\Generated_Source\PSoC5/Cm3Start.c ****         #endif  /* defined (__ICCARM__) */
 514:.\Generated_Source\PSoC5/Cm3Start.c ****     }
 515:.\Generated_Source\PSoC5/Cm3Start.c **** 
 516:.\Generated_Source\PSoC5/Cm3Start.c ****     /* Was stored in CFGMEM to avoid being cleared while SRAM gets cleared */
 517:.\Generated_Source\PSoC5/Cm3Start.c ****     CyResetStatus = CY_GET_REG8(CYREG_PHUB_CFGMEM23_CFG1);
 403              		.loc 1 517 0 is_stmt 1
 404 0044 0D4B     		ldr	r3, .L31+24
 405 0046 1B78     		ldrb	r3, [r3]
 406 0048 DAB2     		uxtb	r2, r3
 407 004a 0D4B     		ldr	r3, .L31+28
 408 004c 1A70     		strb	r2, [r3]
 518:.\Generated_Source\PSoC5/Cm3Start.c **** 
 519:.\Generated_Source\PSoC5/Cm3Start.c ****     /* Point NVIC at RAM vector table. */
 520:.\Generated_Source\PSoC5/Cm3Start.c ****     *CYINT_VECT_TABLE = CyRamVectors;
 409              		.loc 1 520 0
 410 004e 0D4B     		ldr	r3, .L31+32
 411 0050 094A     		ldr	r2, .L31+20
 412 0052 1A60     		str	r2, [r3]
 521:.\Generated_Source\PSoC5/Cm3Start.c **** 
 522:.\Generated_Source\PSoC5/Cm3Start.c ****     /* Initialize the configuration registers. */
 523:.\Generated_Source\PSoC5/Cm3Start.c ****     cyfitter_cfg();
 413              		.loc 1 523 0
 414 0054 FFF7FEFF 		bl	cyfitter_cfg
 524:.\Generated_Source\PSoC5/Cm3Start.c **** 
 525:.\Generated_Source\PSoC5/Cm3Start.c ****     #if(0u != DMA_CHANNELS_USED__MASK0)
 526:.\Generated_Source\PSoC5/Cm3Start.c **** 
 527:.\Generated_Source\PSoC5/Cm3Start.c ****         /* Setup DMA - only necessary if design contains DMA component. */
 528:.\Generated_Source\PSoC5/Cm3Start.c ****         CyDmacConfigure();
 529:.\Generated_Source\PSoC5/Cm3Start.c **** 
 530:.\Generated_Source\PSoC5/Cm3Start.c ****     #endif  /* (0u != DMA_CHANNELS_USED__MASK0) */
 531:.\Generated_Source\PSoC5/Cm3Start.c **** 
 532:.\Generated_Source\PSoC5/Cm3Start.c ****     #if !defined (__ICCARM__)
 533:.\Generated_Source\PSoC5/Cm3Start.c ****         /* Actually, no need to clean this variable, just to make compiler happy. */
 534:.\Generated_Source\PSoC5/Cm3Start.c ****         cySysNoInitDataValid = 0u;
 415              		.loc 1 534 0
 416 0058 0B4B     		ldr	r3, .L31+36
 417 005a 0022     		movs	r2, #0
 418 005c 1A60     		str	r2, [r3]
 535:.\Generated_Source\PSoC5/Cm3Start.c ****     #endif  /* !defined (__ICCARM__) */
ARM GAS  C:\Users\cps\AppData\Local\Temp\ccRYr45n.s 			page 18


 536:.\Generated_Source\PSoC5/Cm3Start.c **** }
 419              		.loc 1 536 0
 420 005e 0837     		adds	r7, r7, #8
 421              		.cfi_def_cfa_offset 8
 422 0060 BD46     		mov	sp, r7
 423              		.cfi_def_cfa_register 13
 424              		@ sp needed
 425 0062 80BD     		pop	{r7, pc}
 426              	.L32:
 427              		.align	2
 428              	.L31:
 429 0064 0CED00E0 		.word	-536810228
 430 0068 0004FA05 		.word	100271104
 431 006c 14ED00E0 		.word	-536810220
 432 0070 00000000 		.word	RomVectors
 433 0074 00000000 		.word	IntDefaultHandler
 434 0078 00000000 		.word	CyRamVectors
 435 007c BC760040 		.word	1073772220
 436 0080 00000000 		.word	CyResetStatus
 437 0084 08ED00E0 		.word	-536810232
 438 0088 00000000 		.word	cySysNoInitDataValid
 439              		.cfi_endproc
 440              	.LFE5:
 441              		.size	initialize_psoc, .-initialize_psoc
 442              		.section	.init_array,"aw",%init_array
 443              		.align	2
 444 0000 00000000 		.word	initialize_psoc(target1)
 445              		.data
 446              		.align	2
 447              		.type	heapPointer.4939, %object
 448              		.size	heapPointer.4939, 4
 449              	heapPointer.4939:
 450 0000 00000000 		.word	end
 451              		.weak	__cy_region_num
 452              		.text
 453              	.Letext0:
 454              		.file 2 ".\\Generated_Source\\PSoC5\\cytypes.h"
 455              		.file 3 "c:\\program files (x86)\\cypress\\psoc creator\\3.3\\psoc creator\\import\\gnu\\arm\\4.9.
 456              		.file 4 ".\\Generated_Source\\PSoC5\\CyLib.h"
 457              		.section	.debug_info,"",%progbits
 458              	.Ldebug_info0:
 459 0000 1F030000 		.4byte	0x31f
 460 0004 0400     		.2byte	0x4
 461 0006 00000000 		.4byte	.Ldebug_abbrev0
 462 000a 04       		.byte	0x4
 463 000b 01       		.uleb128 0x1
 464 000c 4C010000 		.4byte	.LASF43
 465 0010 01       		.byte	0x1
 466 0011 00000000 		.4byte	.LASF44
 467 0015 F3000000 		.4byte	.LASF45
 468 0019 00000000 		.4byte	.Ldebug_ranges0+0
 469 001d 00000000 		.4byte	0
 470 0021 00000000 		.4byte	.Ldebug_line0
 471 0025 02       		.uleb128 0x2
 472 0026 01       		.byte	0x1
 473 0027 06       		.byte	0x6
 474 0028 8C020000 		.4byte	.LASF0
ARM GAS  C:\Users\cps\AppData\Local\Temp\ccRYr45n.s 			page 19


 475 002c 02       		.uleb128 0x2
 476 002d 01       		.byte	0x1
 477 002e 08       		.byte	0x8
 478 002f A1000000 		.4byte	.LASF1
 479 0033 02       		.uleb128 0x2
 480 0034 02       		.byte	0x2
 481 0035 05       		.byte	0x5
 482 0036 6B020000 		.4byte	.LASF2
 483 003a 02       		.uleb128 0x2
 484 003b 02       		.byte	0x2
 485 003c 07       		.byte	0x7
 486 003d 58000000 		.4byte	.LASF3
 487 0041 02       		.uleb128 0x2
 488 0042 04       		.byte	0x4
 489 0043 05       		.byte	0x5
 490 0044 75020000 		.4byte	.LASF4
 491 0048 02       		.uleb128 0x2
 492 0049 04       		.byte	0x4
 493 004a 07       		.byte	0x7
 494 004b C6000000 		.4byte	.LASF5
 495 004f 02       		.uleb128 0x2
 496 0050 08       		.byte	0x8
 497 0051 05       		.byte	0x5
 498 0052 58020000 		.4byte	.LASF6
 499 0056 02       		.uleb128 0x2
 500 0057 08       		.byte	0x8
 501 0058 07       		.byte	0x7
 502 0059 05020000 		.4byte	.LASF7
 503 005d 03       		.uleb128 0x3
 504 005e 04       		.byte	0x4
 505 005f 05       		.byte	0x5
 506 0060 696E7400 		.ascii	"int\000"
 507 0064 02       		.uleb128 0x2
 508 0065 04       		.byte	0x4
 509 0066 07       		.byte	0x7
 510 0067 F8010000 		.4byte	.LASF8
 511 006b 04       		.uleb128 0x4
 512 006c ED000000 		.4byte	.LASF9
 513 0070 02       		.byte	0x2
 514 0071 A1       		.byte	0xa1
 515 0072 2C000000 		.4byte	0x2c
 516 0076 04       		.uleb128 0x4
 517 0077 F1010000 		.4byte	.LASF10
 518 007b 02       		.byte	0x2
 519 007c A3       		.byte	0xa3
 520 007d 48000000 		.4byte	0x48
 521 0081 02       		.uleb128 0x2
 522 0082 04       		.byte	0x4
 523 0083 04       		.byte	0x4
 524 0084 96000000 		.4byte	.LASF11
 525 0088 02       		.uleb128 0x2
 526 0089 08       		.byte	0x8
 527 008a 04       		.byte	0x4
 528 008b DA010000 		.4byte	.LASF12
 529 008f 02       		.uleb128 0x2
 530 0090 01       		.byte	0x1
 531 0091 08       		.byte	0x8
ARM GAS  C:\Users\cps\AppData\Local\Temp\ccRYr45n.s 			page 20


 532 0092 66020000 		.4byte	.LASF13
 533 0096 05       		.uleb128 0x5
 534 0097 4A020000 		.4byte	.LASF14
 535 009b 02       		.byte	0x2
 536 009c 4B01     		.2byte	0x14b
 537 009e A2000000 		.4byte	0xa2
 538 00a2 06       		.uleb128 0x6
 539 00a3 6B000000 		.4byte	0x6b
 540 00a7 05       		.uleb128 0x5
 541 00a8 24000000 		.4byte	.LASF15
 542 00ac 02       		.byte	0x2
 543 00ad 4D01     		.2byte	0x14d
 544 00af B3000000 		.4byte	0xb3
 545 00b3 06       		.uleb128 0x6
 546 00b4 76000000 		.4byte	0x76
 547 00b8 05       		.uleb128 0x5
 548 00b9 22020000 		.4byte	.LASF16
 549 00bd 02       		.byte	0x2
 550 00be 5D01     		.2byte	0x15d
 551 00c0 C4000000 		.4byte	0xc4
 552 00c4 07       		.uleb128 0x7
 553 00c5 04       		.byte	0x4
 554 00c6 CA000000 		.4byte	0xca
 555 00ca 08       		.uleb128 0x8
 556 00cb 04       		.uleb128 0x4
 557 00cc 2A000000 		.4byte	.LASF17
 558 00d0 03       		.byte	0x3
 559 00d1 D4       		.byte	0xd4
 560 00d2 64000000 		.4byte	0x64
 561 00d6 02       		.uleb128 0x2
 562 00d7 04       		.byte	0x4
 563 00d8 07       		.byte	0x7
 564 00d9 4F020000 		.4byte	.LASF18
 565 00dd 09       		.uleb128 0x9
 566 00de 04       		.byte	0x4
 567 00df 0A       		.uleb128 0xa
 568 00e0 8F000000 		.4byte	0x8f
 569 00e4 04       		.uleb128 0x4
 570 00e5 39020000 		.4byte	.LASF19
 571 00e9 01       		.byte	0x1
 572 00ea CD       		.byte	0xcd
 573 00eb 2C000000 		.4byte	0x2c
 574 00ef 0B       		.uleb128 0xb
 575 00f0 BA020000 		.4byte	.LASF46
 576 00f4 10       		.byte	0x10
 577 00f5 01       		.byte	0x1
 578 00f6 CF       		.byte	0xcf
 579 00f7 2C010000 		.4byte	0x12c
 580 00fb 0C       		.uleb128 0xc
 581 00fc 7B000000 		.4byte	.LASF20
 582 0100 01       		.byte	0x1
 583 0101 D1       		.byte	0xd1
 584 0102 2C010000 		.4byte	0x12c
 585 0106 00       		.byte	0
 586 0107 0C       		.uleb128 0xc
 587 0108 9C000000 		.4byte	.LASF21
 588 010c 01       		.byte	0x1
ARM GAS  C:\Users\cps\AppData\Local\Temp\ccRYr45n.s 			page 21


 589 010d D2       		.byte	0xd2
 590 010e 2C010000 		.4byte	0x12c
 591 0112 04       		.byte	0x4
 592 0113 0C       		.uleb128 0xc
 593 0114 2F020000 		.4byte	.LASF22
 594 0118 01       		.byte	0x1
 595 0119 D3       		.byte	0xd3
 596 011a CB000000 		.4byte	0xcb
 597 011e 08       		.byte	0x8
 598 011f 0C       		.uleb128 0xc
 599 0120 87000000 		.4byte	.LASF23
 600 0124 01       		.byte	0x1
 601 0125 D4       		.byte	0xd4
 602 0126 CB000000 		.4byte	0xcb
 603 012a 0C       		.byte	0xc
 604 012b 00       		.byte	0
 605 012c 07       		.uleb128 0x7
 606 012d 04       		.byte	0x4
 607 012e E4000000 		.4byte	0xe4
 608 0132 0D       		.uleb128 0xd
 609 0133 34010000 		.4byte	.LASF28
 610 0137 01       		.byte	0x1
 611 0138 62       		.byte	0x62
 612 0139 00000000 		.4byte	.LFB0
 613 013d 06000000 		.4byte	.LFE0-.LFB0
 614 0141 01       		.uleb128 0x1
 615 0142 9C       		.byte	0x9c
 616 0143 0E       		.uleb128 0xe
 617 0144 2E010000 		.4byte	.LASF30
 618 0148 01       		.byte	0x1
 619 0149 F2       		.byte	0xf2
 620 014a 00000000 		.4byte	.LFB1
 621 014e 28000000 		.4byte	.LFE1-.LFB1
 622 0152 01       		.uleb128 0x1
 623 0153 9C       		.byte	0x9c
 624 0154 73010000 		.4byte	0x173
 625 0158 0F       		.uleb128 0xf
 626 0159 80000000 		.4byte	.LASF24
 627 015d 01       		.byte	0x1
 628 015e F2       		.byte	0xf2
 629 015f 5D000000 		.4byte	0x5d
 630 0163 02       		.uleb128 0x2
 631 0164 91       		.byte	0x91
 632 0165 6C       		.sleb128 -20
 633 0166 10       		.uleb128 0x10
 634 0167 7800     		.ascii	"x\000"
 635 0169 01       		.byte	0x1
 636 016a F5       		.byte	0xf5
 637 016b 5D000000 		.4byte	0x5d
 638 016f 02       		.uleb128 0x2
 639 0170 91       		.byte	0x91
 640 0171 74       		.sleb128 -12
 641 0172 00       		.byte	0
 642 0173 11       		.uleb128 0x11
 643 0174 46010000 		.4byte	.LASF47
 644 0178 01       		.byte	0x1
 645 0179 1301     		.2byte	0x113
ARM GAS  C:\Users\cps\AppData\Local\Temp\ccRYr45n.s 			page 22


 646 017b DD000000 		.4byte	0xdd
 647 017f 00000000 		.4byte	.LFB2
 648 0183 54000000 		.4byte	.LFE2-.LFB2
 649 0187 01       		.uleb128 0x1
 650 0188 9C       		.byte	0x9c
 651 0189 CA010000 		.4byte	0x1ca
 652 018d 12       		.uleb128 0x12
 653 018e B3020000 		.4byte	.LASF25
 654 0192 01       		.byte	0x1
 655 0193 1301     		.2byte	0x113
 656 0195 5D000000 		.4byte	0x5d
 657 0199 02       		.uleb128 0x2
 658 019a 91       		.byte	0x91
 659 019b 6C       		.sleb128 -20
 660 019c 13       		.uleb128 0x13
 661 019d 656E6400 		.ascii	"end\000"
 662 01a1 01       		.byte	0x1
 663 01a2 1501     		.2byte	0x115
 664 01a4 5D000000 		.4byte	0x5d
 665 01a8 14       		.uleb128 0x14
 666 01a9 AF000000 		.4byte	.LASF26
 667 01ad 01       		.byte	0x1
 668 01ae 1601     		.2byte	0x116
 669 01b0 DD000000 		.4byte	0xdd
 670 01b4 02       		.uleb128 0x2
 671 01b5 91       		.byte	0x91
 672 01b6 74       		.sleb128 -12
 673 01b7 14       		.uleb128 0x14
 674 01b8 4C000000 		.4byte	.LASF27
 675 01bc 01       		.byte	0x1
 676 01bd 1901     		.2byte	0x119
 677 01bf DD000000 		.4byte	0xdd
 678 01c3 05       		.uleb128 0x5
 679 01c4 03       		.byte	0x3
 680 01c5 00000000 		.4byte	heapPointer.4939
 681 01c9 00       		.byte	0
 682 01ca 15       		.uleb128 0x15
 683 01cb 98020000 		.4byte	.LASF29
 684 01cf 01       		.byte	0x1
 685 01d0 3901     		.2byte	0x139
 686 01d2 00000000 		.4byte	.LFB3
 687 01d6 18000000 		.4byte	.LFE3-.LFB3
 688 01da 01       		.uleb128 0x1
 689 01db 9C       		.byte	0x9c
 690 01dc 16       		.uleb128 0x16
 691 01dd 3E000000 		.4byte	.LASF31
 692 01e1 01       		.byte	0x1
 693 01e2 6201     		.2byte	0x162
 694 01e4 00000000 		.4byte	.LFB4
 695 01e8 98000000 		.4byte	.LFE4-.LFB4
 696 01ec 01       		.uleb128 0x1
 697 01ed 9C       		.byte	0x9c
 698 01ee 57020000 		.4byte	0x257
 699 01f2 14       		.uleb128 0x14
 700 01f3 AB020000 		.4byte	.LASF32
 701 01f7 01       		.byte	0x1
 702 01f8 6401     		.2byte	0x164
ARM GAS  C:\Users\cps\AppData\Local\Temp\ccRYr45n.s 			page 23


 703 01fa 64000000 		.4byte	0x64
 704 01fe 02       		.uleb128 0x2
 705 01ff 91       		.byte	0x91
 706 0200 74       		.sleb128 -12
 707 0201 14       		.uleb128 0x14
 708 0202 91000000 		.4byte	.LASF33
 709 0206 01       		.byte	0x1
 710 0207 6501     		.2byte	0x165
 711 0209 57020000 		.4byte	0x257
 712 020d 02       		.uleb128 0x2
 713 020e 91       		.byte	0x91
 714 020f 70       		.sleb128 -16
 715 0210 17       		.uleb128 0x17
 716 0211 14000000 		.4byte	.LBB2
 717 0215 66000000 		.4byte	.LBE2-.LBB2
 718 0219 18       		.uleb128 0x18
 719 021a 73726300 		.ascii	"src\000"
 720 021e 01       		.byte	0x1
 721 021f 6A01     		.2byte	0x16a
 722 0221 62020000 		.4byte	0x262
 723 0225 02       		.uleb128 0x2
 724 0226 91       		.byte	0x91
 725 0227 6C       		.sleb128 -20
 726 0228 18       		.uleb128 0x18
 727 0229 64737400 		.ascii	"dst\000"
 728 022d 01       		.byte	0x1
 729 022e 6B01     		.2byte	0x16b
 730 0230 62020000 		.4byte	0x262
 731 0234 02       		.uleb128 0x2
 732 0235 91       		.byte	0x91
 733 0236 68       		.sleb128 -24
 734 0237 14       		.uleb128 0x14
 735 0238 1C020000 		.4byte	.LASF34
 736 023c 01       		.byte	0x1
 737 023d 6C01     		.2byte	0x16c
 738 023f 64000000 		.4byte	0x64
 739 0243 02       		.uleb128 0x2
 740 0244 91       		.byte	0x91
 741 0245 60       		.sleb128 -32
 742 0246 14       		.uleb128 0x14
 743 0247 46000000 		.4byte	.LASF35
 744 024b 01       		.byte	0x1
 745 024c 6D01     		.2byte	0x16d
 746 024e 64000000 		.4byte	0x64
 747 0252 02       		.uleb128 0x2
 748 0253 91       		.byte	0x91
 749 0254 64       		.sleb128 -28
 750 0255 00       		.byte	0
 751 0256 00       		.byte	0
 752 0257 07       		.uleb128 0x7
 753 0258 04       		.byte	0x4
 754 0259 5D020000 		.4byte	0x25d
 755 025d 0A       		.uleb128 0xa
 756 025e EF000000 		.4byte	0xef
 757 0262 07       		.uleb128 0x7
 758 0263 04       		.byte	0x4
 759 0264 76000000 		.4byte	0x76
ARM GAS  C:\Users\cps\AppData\Local\Temp\ccRYr45n.s 			page 24


 760 0268 16       		.uleb128 0x16
 761 0269 E1010000 		.4byte	.LASF36
 762 026d 01       		.byte	0x1
 763 026e F001     		.2byte	0x1f0
 764 0270 00000000 		.4byte	.LFB5
 765 0274 8C000000 		.4byte	.LFE5-.LFB5
 766 0278 01       		.uleb128 0x1
 767 0279 9C       		.byte	0x9c
 768 027a 8C020000 		.4byte	0x28c
 769 027e 18       		.uleb128 0x18
 770 027f 6900     		.ascii	"i\000"
 771 0281 01       		.byte	0x1
 772 0282 F201     		.2byte	0x1f2
 773 0284 76000000 		.4byte	0x76
 774 0288 02       		.uleb128 0x2
 775 0289 91       		.byte	0x91
 776 028a 74       		.sleb128 -12
 777 028b 00       		.byte	0
 778 028c 19       		.uleb128 0x19
 779 028d D8000000 		.4byte	.LASF37
 780 0291 01       		.byte	0x1
 781 0292 3F       		.byte	0x3f
 782 0293 76000000 		.4byte	0x76
 783 0297 05       		.uleb128 0x5
 784 0298 03       		.byte	0x3
 785 0299 00000000 		.4byte	cySysNoInitDataValid
 786 029d 1A       		.uleb128 0x1a
 787 029e 7E020000 		.4byte	.LASF38
 788 02a2 04       		.byte	0x4
 789 02a3 2D       		.byte	0x2d
 790 02a4 6B000000 		.4byte	0x6b
 791 02a8 13       		.uleb128 0x13
 792 02a9 656E6400 		.ascii	"end\000"
 793 02ad 01       		.byte	0x1
 794 02ae 1501     		.2byte	0x115
 795 02b0 5D000000 		.4byte	0x5d
 796 02b4 1B       		.uleb128 0x1b
 797 02b5 B8000000 		.4byte	0xb8
 798 02b9 C4020000 		.4byte	0x2c4
 799 02bd 1C       		.uleb128 0x1c
 800 02be D6000000 		.4byte	0xd6
 801 02c2 2F       		.byte	0x2f
 802 02c3 00       		.byte	0
 803 02c4 1D       		.uleb128 0x1d
 804 02c5 31000000 		.4byte	.LASF39
 805 02c9 01       		.byte	0x1
 806 02ca 4D       		.byte	0x4d
 807 02cb B4020000 		.4byte	0x2b4
 808 02cf 05       		.uleb128 0x5
 809 02d0 03       		.byte	0x3
 810 02d1 00000000 		.4byte	CyRamVectors
 811 02d5 1B       		.uleb128 0x1b
 812 02d6 EF000000 		.4byte	0xef
 813 02da E0020000 		.4byte	0x2e0
 814 02de 1E       		.uleb128 0x1e
 815 02df 00       		.byte	0
 816 02e0 1A       		.uleb128 0x1a
ARM GAS  C:\Users\cps\AppData\Local\Temp\ccRYr45n.s 			page 25


 817 02e1 9E020000 		.4byte	.LASF40
 818 02e5 01       		.byte	0x1
 819 02e6 D7       		.byte	0xd7
 820 02e7 EB020000 		.4byte	0x2eb
 821 02eb 0A       		.uleb128 0xa
 822 02ec D5020000 		.4byte	0x2d5
 823 02f0 1A       		.uleb128 0x1a
 824 02f1 6B000000 		.4byte	.LASF41
 825 02f5 01       		.byte	0x1
 826 02f6 D8       		.byte	0xd8
 827 02f7 DF000000 		.4byte	0xdf
 828 02fb 1B       		.uleb128 0x1b
 829 02fc B8000000 		.4byte	0xb8
 830 0300 0B030000 		.4byte	0x30b
 831 0304 1C       		.uleb128 0x1c
 832 0305 D6000000 		.4byte	0xd6
 833 0309 03       		.byte	0x3
 834 030a 00       		.byte	0
 835 030b 1F       		.uleb128 0x1f
 836 030c BB000000 		.4byte	.LASF42
 837 0310 01       		.byte	0x1
 838 0311 CD01     		.2byte	0x1cd
 839 0313 1D030000 		.4byte	0x31d
 840 0317 05       		.uleb128 0x5
 841 0318 03       		.byte	0x3
 842 0319 00000000 		.4byte	RomVectors
 843 031d 0A       		.uleb128 0xa
 844 031e FB020000 		.4byte	0x2fb
 845 0322 00       		.byte	0
 846              		.section	.debug_abbrev,"",%progbits
 847              	.Ldebug_abbrev0:
 848 0000 01       		.uleb128 0x1
 849 0001 11       		.uleb128 0x11
 850 0002 01       		.byte	0x1
 851 0003 25       		.uleb128 0x25
 852 0004 0E       		.uleb128 0xe
 853 0005 13       		.uleb128 0x13
 854 0006 0B       		.uleb128 0xb
 855 0007 03       		.uleb128 0x3
 856 0008 0E       		.uleb128 0xe
 857 0009 1B       		.uleb128 0x1b
 858 000a 0E       		.uleb128 0xe
 859 000b 55       		.uleb128 0x55
 860 000c 17       		.uleb128 0x17
 861 000d 11       		.uleb128 0x11
 862 000e 01       		.uleb128 0x1
 863 000f 10       		.uleb128 0x10
 864 0010 17       		.uleb128 0x17
 865 0011 00       		.byte	0
 866 0012 00       		.byte	0
 867 0013 02       		.uleb128 0x2
 868 0014 24       		.uleb128 0x24
 869 0015 00       		.byte	0
 870 0016 0B       		.uleb128 0xb
 871 0017 0B       		.uleb128 0xb
 872 0018 3E       		.uleb128 0x3e
 873 0019 0B       		.uleb128 0xb
ARM GAS  C:\Users\cps\AppData\Local\Temp\ccRYr45n.s 			page 26


 874 001a 03       		.uleb128 0x3
 875 001b 0E       		.uleb128 0xe
 876 001c 00       		.byte	0
 877 001d 00       		.byte	0
 878 001e 03       		.uleb128 0x3
 879 001f 24       		.uleb128 0x24
 880 0020 00       		.byte	0
 881 0021 0B       		.uleb128 0xb
 882 0022 0B       		.uleb128 0xb
 883 0023 3E       		.uleb128 0x3e
 884 0024 0B       		.uleb128 0xb
 885 0025 03       		.uleb128 0x3
 886 0026 08       		.uleb128 0x8
 887 0027 00       		.byte	0
 888 0028 00       		.byte	0
 889 0029 04       		.uleb128 0x4
 890 002a 16       		.uleb128 0x16
 891 002b 00       		.byte	0
 892 002c 03       		.uleb128 0x3
 893 002d 0E       		.uleb128 0xe
 894 002e 3A       		.uleb128 0x3a
 895 002f 0B       		.uleb128 0xb
 896 0030 3B       		.uleb128 0x3b
 897 0031 0B       		.uleb128 0xb
 898 0032 49       		.uleb128 0x49
 899 0033 13       		.uleb128 0x13
 900 0034 00       		.byte	0
 901 0035 00       		.byte	0
 902 0036 05       		.uleb128 0x5
 903 0037 16       		.uleb128 0x16
 904 0038 00       		.byte	0
 905 0039 03       		.uleb128 0x3
 906 003a 0E       		.uleb128 0xe
 907 003b 3A       		.uleb128 0x3a
 908 003c 0B       		.uleb128 0xb
 909 003d 3B       		.uleb128 0x3b
 910 003e 05       		.uleb128 0x5
 911 003f 49       		.uleb128 0x49
 912 0040 13       		.uleb128 0x13
 913 0041 00       		.byte	0
 914 0042 00       		.byte	0
 915 0043 06       		.uleb128 0x6
 916 0044 35       		.uleb128 0x35
 917 0045 00       		.byte	0
 918 0046 49       		.uleb128 0x49
 919 0047 13       		.uleb128 0x13
 920 0048 00       		.byte	0
 921 0049 00       		.byte	0
 922 004a 07       		.uleb128 0x7
 923 004b 0F       		.uleb128 0xf
 924 004c 00       		.byte	0
 925 004d 0B       		.uleb128 0xb
 926 004e 0B       		.uleb128 0xb
 927 004f 49       		.uleb128 0x49
 928 0050 13       		.uleb128 0x13
 929 0051 00       		.byte	0
 930 0052 00       		.byte	0
ARM GAS  C:\Users\cps\AppData\Local\Temp\ccRYr45n.s 			page 27


 931 0053 08       		.uleb128 0x8
 932 0054 15       		.uleb128 0x15
 933 0055 00       		.byte	0
 934 0056 27       		.uleb128 0x27
 935 0057 19       		.uleb128 0x19
 936 0058 00       		.byte	0
 937 0059 00       		.byte	0
 938 005a 09       		.uleb128 0x9
 939 005b 0F       		.uleb128 0xf
 940 005c 00       		.byte	0
 941 005d 0B       		.uleb128 0xb
 942 005e 0B       		.uleb128 0xb
 943 005f 00       		.byte	0
 944 0060 00       		.byte	0
 945 0061 0A       		.uleb128 0xa
 946 0062 26       		.uleb128 0x26
 947 0063 00       		.byte	0
 948 0064 49       		.uleb128 0x49
 949 0065 13       		.uleb128 0x13
 950 0066 00       		.byte	0
 951 0067 00       		.byte	0
 952 0068 0B       		.uleb128 0xb
 953 0069 13       		.uleb128 0x13
 954 006a 01       		.byte	0x1
 955 006b 03       		.uleb128 0x3
 956 006c 0E       		.uleb128 0xe
 957 006d 0B       		.uleb128 0xb
 958 006e 0B       		.uleb128 0xb
 959 006f 3A       		.uleb128 0x3a
 960 0070 0B       		.uleb128 0xb
 961 0071 3B       		.uleb128 0x3b
 962 0072 0B       		.uleb128 0xb
 963 0073 01       		.uleb128 0x1
 964 0074 13       		.uleb128 0x13
 965 0075 00       		.byte	0
 966 0076 00       		.byte	0
 967 0077 0C       		.uleb128 0xc
 968 0078 0D       		.uleb128 0xd
 969 0079 00       		.byte	0
 970 007a 03       		.uleb128 0x3
 971 007b 0E       		.uleb128 0xe
 972 007c 3A       		.uleb128 0x3a
 973 007d 0B       		.uleb128 0xb
 974 007e 3B       		.uleb128 0x3b
 975 007f 0B       		.uleb128 0xb
 976 0080 49       		.uleb128 0x49
 977 0081 13       		.uleb128 0x13
 978 0082 38       		.uleb128 0x38
 979 0083 0B       		.uleb128 0xb
 980 0084 00       		.byte	0
 981 0085 00       		.byte	0
 982 0086 0D       		.uleb128 0xd
 983 0087 2E       		.uleb128 0x2e
 984 0088 00       		.byte	0
 985 0089 3F       		.uleb128 0x3f
 986 008a 19       		.uleb128 0x19
 987 008b 03       		.uleb128 0x3
ARM GAS  C:\Users\cps\AppData\Local\Temp\ccRYr45n.s 			page 28


 988 008c 0E       		.uleb128 0xe
 989 008d 3A       		.uleb128 0x3a
 990 008e 0B       		.uleb128 0xb
 991 008f 3B       		.uleb128 0x3b
 992 0090 0B       		.uleb128 0xb
 993 0091 27       		.uleb128 0x27
 994 0092 19       		.uleb128 0x19
 995 0093 11       		.uleb128 0x11
 996 0094 01       		.uleb128 0x1
 997 0095 12       		.uleb128 0x12
 998 0096 06       		.uleb128 0x6
 999 0097 40       		.uleb128 0x40
 1000 0098 18       		.uleb128 0x18
 1001 0099 9742     		.uleb128 0x2117
 1002 009b 19       		.uleb128 0x19
 1003 009c 00       		.byte	0
 1004 009d 00       		.byte	0
 1005 009e 0E       		.uleb128 0xe
 1006 009f 2E       		.uleb128 0x2e
 1007 00a0 01       		.byte	0x1
 1008 00a1 3F       		.uleb128 0x3f
 1009 00a2 19       		.uleb128 0x19
 1010 00a3 03       		.uleb128 0x3
 1011 00a4 0E       		.uleb128 0xe
 1012 00a5 3A       		.uleb128 0x3a
 1013 00a6 0B       		.uleb128 0xb
 1014 00a7 3B       		.uleb128 0x3b
 1015 00a8 0B       		.uleb128 0xb
 1016 00a9 27       		.uleb128 0x27
 1017 00aa 19       		.uleb128 0x19
 1018 00ab 11       		.uleb128 0x11
 1019 00ac 01       		.uleb128 0x1
 1020 00ad 12       		.uleb128 0x12
 1021 00ae 06       		.uleb128 0x6
 1022 00af 40       		.uleb128 0x40
 1023 00b0 18       		.uleb128 0x18
 1024 00b1 9742     		.uleb128 0x2117
 1025 00b3 19       		.uleb128 0x19
 1026 00b4 01       		.uleb128 0x1
 1027 00b5 13       		.uleb128 0x13
 1028 00b6 00       		.byte	0
 1029 00b7 00       		.byte	0
 1030 00b8 0F       		.uleb128 0xf
 1031 00b9 05       		.uleb128 0x5
 1032 00ba 00       		.byte	0
 1033 00bb 03       		.uleb128 0x3
 1034 00bc 0E       		.uleb128 0xe
 1035 00bd 3A       		.uleb128 0x3a
 1036 00be 0B       		.uleb128 0xb
 1037 00bf 3B       		.uleb128 0x3b
 1038 00c0 0B       		.uleb128 0xb
 1039 00c1 49       		.uleb128 0x49
 1040 00c2 13       		.uleb128 0x13
 1041 00c3 02       		.uleb128 0x2
 1042 00c4 18       		.uleb128 0x18
 1043 00c5 00       		.byte	0
 1044 00c6 00       		.byte	0
ARM GAS  C:\Users\cps\AppData\Local\Temp\ccRYr45n.s 			page 29


 1045 00c7 10       		.uleb128 0x10
 1046 00c8 34       		.uleb128 0x34
 1047 00c9 00       		.byte	0
 1048 00ca 03       		.uleb128 0x3
 1049 00cb 08       		.uleb128 0x8
 1050 00cc 3A       		.uleb128 0x3a
 1051 00cd 0B       		.uleb128 0xb
 1052 00ce 3B       		.uleb128 0x3b
 1053 00cf 0B       		.uleb128 0xb
 1054 00d0 49       		.uleb128 0x49
 1055 00d1 13       		.uleb128 0x13
 1056 00d2 02       		.uleb128 0x2
 1057 00d3 18       		.uleb128 0x18
 1058 00d4 00       		.byte	0
 1059 00d5 00       		.byte	0
 1060 00d6 11       		.uleb128 0x11
 1061 00d7 2E       		.uleb128 0x2e
 1062 00d8 01       		.byte	0x1
 1063 00d9 3F       		.uleb128 0x3f
 1064 00da 19       		.uleb128 0x19
 1065 00db 03       		.uleb128 0x3
 1066 00dc 0E       		.uleb128 0xe
 1067 00dd 3A       		.uleb128 0x3a
 1068 00de 0B       		.uleb128 0xb
 1069 00df 3B       		.uleb128 0x3b
 1070 00e0 05       		.uleb128 0x5
 1071 00e1 27       		.uleb128 0x27
 1072 00e2 19       		.uleb128 0x19
 1073 00e3 49       		.uleb128 0x49
 1074 00e4 13       		.uleb128 0x13
 1075 00e5 11       		.uleb128 0x11
 1076 00e6 01       		.uleb128 0x1
 1077 00e7 12       		.uleb128 0x12
 1078 00e8 06       		.uleb128 0x6
 1079 00e9 40       		.uleb128 0x40
 1080 00ea 18       		.uleb128 0x18
 1081 00eb 9642     		.uleb128 0x2116
 1082 00ed 19       		.uleb128 0x19
 1083 00ee 01       		.uleb128 0x1
 1084 00ef 13       		.uleb128 0x13
 1085 00f0 00       		.byte	0
 1086 00f1 00       		.byte	0
 1087 00f2 12       		.uleb128 0x12
 1088 00f3 05       		.uleb128 0x5
 1089 00f4 00       		.byte	0
 1090 00f5 03       		.uleb128 0x3
 1091 00f6 0E       		.uleb128 0xe
 1092 00f7 3A       		.uleb128 0x3a
 1093 00f8 0B       		.uleb128 0xb
 1094 00f9 3B       		.uleb128 0x3b
 1095 00fa 05       		.uleb128 0x5
 1096 00fb 49       		.uleb128 0x49
 1097 00fc 13       		.uleb128 0x13
 1098 00fd 02       		.uleb128 0x2
 1099 00fe 18       		.uleb128 0x18
 1100 00ff 00       		.byte	0
 1101 0100 00       		.byte	0
ARM GAS  C:\Users\cps\AppData\Local\Temp\ccRYr45n.s 			page 30


 1102 0101 13       		.uleb128 0x13
 1103 0102 34       		.uleb128 0x34
 1104 0103 00       		.byte	0
 1105 0104 03       		.uleb128 0x3
 1106 0105 08       		.uleb128 0x8
 1107 0106 3A       		.uleb128 0x3a
 1108 0107 0B       		.uleb128 0xb
 1109 0108 3B       		.uleb128 0x3b
 1110 0109 05       		.uleb128 0x5
 1111 010a 49       		.uleb128 0x49
 1112 010b 13       		.uleb128 0x13
 1113 010c 3F       		.uleb128 0x3f
 1114 010d 19       		.uleb128 0x19
 1115 010e 3C       		.uleb128 0x3c
 1116 010f 19       		.uleb128 0x19
 1117 0110 00       		.byte	0
 1118 0111 00       		.byte	0
 1119 0112 14       		.uleb128 0x14
 1120 0113 34       		.uleb128 0x34
 1121 0114 00       		.byte	0
 1122 0115 03       		.uleb128 0x3
 1123 0116 0E       		.uleb128 0xe
 1124 0117 3A       		.uleb128 0x3a
 1125 0118 0B       		.uleb128 0xb
 1126 0119 3B       		.uleb128 0x3b
 1127 011a 05       		.uleb128 0x5
 1128 011b 49       		.uleb128 0x49
 1129 011c 13       		.uleb128 0x13
 1130 011d 02       		.uleb128 0x2
 1131 011e 18       		.uleb128 0x18
 1132 011f 00       		.byte	0
 1133 0120 00       		.byte	0
 1134 0121 15       		.uleb128 0x15
 1135 0122 2E       		.uleb128 0x2e
 1136 0123 00       		.byte	0
 1137 0124 3F       		.uleb128 0x3f
 1138 0125 19       		.uleb128 0x19
 1139 0126 03       		.uleb128 0x3
 1140 0127 0E       		.uleb128 0xe
 1141 0128 3A       		.uleb128 0x3a
 1142 0129 0B       		.uleb128 0xb
 1143 012a 3B       		.uleb128 0x3b
 1144 012b 05       		.uleb128 0x5
 1145 012c 27       		.uleb128 0x27
 1146 012d 19       		.uleb128 0x19
 1147 012e 11       		.uleb128 0x11
 1148 012f 01       		.uleb128 0x1
 1149 0130 12       		.uleb128 0x12
 1150 0131 06       		.uleb128 0x6
 1151 0132 40       		.uleb128 0x40
 1152 0133 18       		.uleb128 0x18
 1153 0134 9642     		.uleb128 0x2116
 1154 0136 19       		.uleb128 0x19
 1155 0137 00       		.byte	0
 1156 0138 00       		.byte	0
 1157 0139 16       		.uleb128 0x16
 1158 013a 2E       		.uleb128 0x2e
ARM GAS  C:\Users\cps\AppData\Local\Temp\ccRYr45n.s 			page 31


 1159 013b 01       		.byte	0x1
 1160 013c 3F       		.uleb128 0x3f
 1161 013d 19       		.uleb128 0x19
 1162 013e 03       		.uleb128 0x3
 1163 013f 0E       		.uleb128 0xe
 1164 0140 3A       		.uleb128 0x3a
 1165 0141 0B       		.uleb128 0xb
 1166 0142 3B       		.uleb128 0x3b
 1167 0143 05       		.uleb128 0x5
 1168 0144 27       		.uleb128 0x27
 1169 0145 19       		.uleb128 0x19
 1170 0146 11       		.uleb128 0x11
 1171 0147 01       		.uleb128 0x1
 1172 0148 12       		.uleb128 0x12
 1173 0149 06       		.uleb128 0x6
 1174 014a 40       		.uleb128 0x40
 1175 014b 18       		.uleb128 0x18
 1176 014c 9642     		.uleb128 0x2116
 1177 014e 19       		.uleb128 0x19
 1178 014f 01       		.uleb128 0x1
 1179 0150 13       		.uleb128 0x13
 1180 0151 00       		.byte	0
 1181 0152 00       		.byte	0
 1182 0153 17       		.uleb128 0x17
 1183 0154 0B       		.uleb128 0xb
 1184 0155 01       		.byte	0x1
 1185 0156 11       		.uleb128 0x11
 1186 0157 01       		.uleb128 0x1
 1187 0158 12       		.uleb128 0x12
 1188 0159 06       		.uleb128 0x6
 1189 015a 00       		.byte	0
 1190 015b 00       		.byte	0
 1191 015c 18       		.uleb128 0x18
 1192 015d 34       		.uleb128 0x34
 1193 015e 00       		.byte	0
 1194 015f 03       		.uleb128 0x3
 1195 0160 08       		.uleb128 0x8
 1196 0161 3A       		.uleb128 0x3a
 1197 0162 0B       		.uleb128 0xb
 1198 0163 3B       		.uleb128 0x3b
 1199 0164 05       		.uleb128 0x5
 1200 0165 49       		.uleb128 0x49
 1201 0166 13       		.uleb128 0x13
 1202 0167 02       		.uleb128 0x2
 1203 0168 18       		.uleb128 0x18
 1204 0169 00       		.byte	0
 1205 016a 00       		.byte	0
 1206 016b 19       		.uleb128 0x19
 1207 016c 34       		.uleb128 0x34
 1208 016d 00       		.byte	0
 1209 016e 03       		.uleb128 0x3
 1210 016f 0E       		.uleb128 0xe
 1211 0170 3A       		.uleb128 0x3a
 1212 0171 0B       		.uleb128 0xb
 1213 0172 3B       		.uleb128 0x3b
 1214 0173 0B       		.uleb128 0xb
 1215 0174 49       		.uleb128 0x49
ARM GAS  C:\Users\cps\AppData\Local\Temp\ccRYr45n.s 			page 32


 1216 0175 13       		.uleb128 0x13
 1217 0176 02       		.uleb128 0x2
 1218 0177 18       		.uleb128 0x18
 1219 0178 00       		.byte	0
 1220 0179 00       		.byte	0
 1221 017a 1A       		.uleb128 0x1a
 1222 017b 34       		.uleb128 0x34
 1223 017c 00       		.byte	0
 1224 017d 03       		.uleb128 0x3
 1225 017e 0E       		.uleb128 0xe
 1226 017f 3A       		.uleb128 0x3a
 1227 0180 0B       		.uleb128 0xb
 1228 0181 3B       		.uleb128 0x3b
 1229 0182 0B       		.uleb128 0xb
 1230 0183 49       		.uleb128 0x49
 1231 0184 13       		.uleb128 0x13
 1232 0185 3F       		.uleb128 0x3f
 1233 0186 19       		.uleb128 0x19
 1234 0187 3C       		.uleb128 0x3c
 1235 0188 19       		.uleb128 0x19
 1236 0189 00       		.byte	0
 1237 018a 00       		.byte	0
 1238 018b 1B       		.uleb128 0x1b
 1239 018c 01       		.uleb128 0x1
 1240 018d 01       		.byte	0x1
 1241 018e 49       		.uleb128 0x49
 1242 018f 13       		.uleb128 0x13
 1243 0190 01       		.uleb128 0x1
 1244 0191 13       		.uleb128 0x13
 1245 0192 00       		.byte	0
 1246 0193 00       		.byte	0
 1247 0194 1C       		.uleb128 0x1c
 1248 0195 21       		.uleb128 0x21
 1249 0196 00       		.byte	0
 1250 0197 49       		.uleb128 0x49
 1251 0198 13       		.uleb128 0x13
 1252 0199 2F       		.uleb128 0x2f
 1253 019a 0B       		.uleb128 0xb
 1254 019b 00       		.byte	0
 1255 019c 00       		.byte	0
 1256 019d 1D       		.uleb128 0x1d
 1257 019e 34       		.uleb128 0x34
 1258 019f 00       		.byte	0
 1259 01a0 03       		.uleb128 0x3
 1260 01a1 0E       		.uleb128 0xe
 1261 01a2 3A       		.uleb128 0x3a
 1262 01a3 0B       		.uleb128 0xb
 1263 01a4 3B       		.uleb128 0x3b
 1264 01a5 0B       		.uleb128 0xb
 1265 01a6 49       		.uleb128 0x49
 1266 01a7 13       		.uleb128 0x13
 1267 01a8 3F       		.uleb128 0x3f
 1268 01a9 19       		.uleb128 0x19
 1269 01aa 02       		.uleb128 0x2
 1270 01ab 18       		.uleb128 0x18
 1271 01ac 00       		.byte	0
 1272 01ad 00       		.byte	0
ARM GAS  C:\Users\cps\AppData\Local\Temp\ccRYr45n.s 			page 33


 1273 01ae 1E       		.uleb128 0x1e
 1274 01af 21       		.uleb128 0x21
 1275 01b0 00       		.byte	0
 1276 01b1 00       		.byte	0
 1277 01b2 00       		.byte	0
 1278 01b3 1F       		.uleb128 0x1f
 1279 01b4 34       		.uleb128 0x34
 1280 01b5 00       		.byte	0
 1281 01b6 03       		.uleb128 0x3
 1282 01b7 0E       		.uleb128 0xe
 1283 01b8 3A       		.uleb128 0x3a
 1284 01b9 0B       		.uleb128 0xb
 1285 01ba 3B       		.uleb128 0x3b
 1286 01bb 05       		.uleb128 0x5
 1287 01bc 49       		.uleb128 0x49
 1288 01bd 13       		.uleb128 0x13
 1289 01be 3F       		.uleb128 0x3f
 1290 01bf 19       		.uleb128 0x19
 1291 01c0 02       		.uleb128 0x2
 1292 01c1 18       		.uleb128 0x18
 1293 01c2 00       		.byte	0
 1294 01c3 00       		.byte	0
 1295 01c4 00       		.byte	0
 1296              		.section	.debug_aranges,"",%progbits
 1297 0000 44000000 		.4byte	0x44
 1298 0004 0200     		.2byte	0x2
 1299 0006 00000000 		.4byte	.Ldebug_info0
 1300 000a 04       		.byte	0x4
 1301 000b 00       		.byte	0
 1302 000c 0000     		.2byte	0
 1303 000e 0000     		.2byte	0
 1304 0010 00000000 		.4byte	.LFB0
 1305 0014 06000000 		.4byte	.LFE0-.LFB0
 1306 0018 00000000 		.4byte	.LFB1
 1307 001c 28000000 		.4byte	.LFE1-.LFB1
 1308 0020 00000000 		.4byte	.LFB2
 1309 0024 54000000 		.4byte	.LFE2-.LFB2
 1310 0028 00000000 		.4byte	.LFB3
 1311 002c 18000000 		.4byte	.LFE3-.LFB3
 1312 0030 00000000 		.4byte	.LFB4
 1313 0034 98000000 		.4byte	.LFE4-.LFB4
 1314 0038 00000000 		.4byte	.LFB5
 1315 003c 8C000000 		.4byte	.LFE5-.LFB5
 1316 0040 00000000 		.4byte	0
 1317 0044 00000000 		.4byte	0
 1318              		.section	.debug_ranges,"",%progbits
 1319              	.Ldebug_ranges0:
 1320 0000 00000000 		.4byte	.LFB0
 1321 0004 06000000 		.4byte	.LFE0
 1322 0008 00000000 		.4byte	.LFB1
 1323 000c 28000000 		.4byte	.LFE1
 1324 0010 00000000 		.4byte	.LFB2
 1325 0014 54000000 		.4byte	.LFE2
 1326 0018 00000000 		.4byte	.LFB3
 1327 001c 18000000 		.4byte	.LFE3
 1328 0020 00000000 		.4byte	.LFB4
 1329 0024 98000000 		.4byte	.LFE4
ARM GAS  C:\Users\cps\AppData\Local\Temp\ccRYr45n.s 			page 34


 1330 0028 00000000 		.4byte	.LFB5
 1331 002c 8C000000 		.4byte	.LFE5
 1332 0030 00000000 		.4byte	0
 1333 0034 00000000 		.4byte	0
 1334              		.section	.debug_line,"",%progbits
 1335              	.Ldebug_line0:
 1336 0000 D1010000 		.section	.debug_str,"MS",%progbits,1
 1336      0200D400 
 1336      00000201 
 1336      FB0E0D00 
 1336      01010101 
 1337              	.LASF44:
 1338 0000 2E5C4765 		.ascii	".\\Generated_Source\\PSoC5\\Cm3Start.c\000"
 1338      6E657261 
 1338      7465645F 
 1338      536F7572 
 1338      63655C50 
 1339              	.LASF15:
 1340 0024 72656733 		.ascii	"reg32\000"
 1340      3200
 1341              	.LASF17:
 1342 002a 73697A65 		.ascii	"size_t\000"
 1342      5F7400
 1343              	.LASF39:
 1344 0031 43795261 		.ascii	"CyRamVectors\000"
 1344      6D566563 
 1344      746F7273 
 1344      00
 1345              	.LASF31:
 1346 003e 53746172 		.ascii	"Start_c\000"
 1346      745F6300 
 1347              	.LASF35:
 1348 0046 636F756E 		.ascii	"count\000"
 1348      7400
 1349              	.LASF27:
 1350 004c 68656170 		.ascii	"heapPointer\000"
 1350      506F696E 
 1350      74657200 
 1351              	.LASF3:
 1352 0058 73686F72 		.ascii	"short unsigned int\000"
 1352      7420756E 
 1352      7369676E 
 1352      65642069 
 1352      6E7400
 1353              	.LASF41:
 1354 006b 5F5F6379 		.ascii	"__cy_region_num\000"
 1354      5F726567 
 1354      696F6E5F 
 1354      6E756D00 
 1355              	.LASF20:
 1356 007b 696E6974 		.ascii	"init\000"
 1356      00
 1357              	.LASF24:
 1358 0080 73746174 		.ascii	"status\000"
 1358      757300
 1359              	.LASF23:
 1360 0087 7A65726F 		.ascii	"zero_size\000"
ARM GAS  C:\Users\cps\AppData\Local\Temp\ccRYr45n.s 			page 35


 1360      5F73697A 
 1360      6500
 1361              	.LASF33:
 1362 0091 72707472 		.ascii	"rptr\000"
 1362      00
 1363              	.LASF11:
 1364 0096 666C6F61 		.ascii	"float\000"
 1364      7400
 1365              	.LASF21:
 1366 009c 64617461 		.ascii	"data\000"
 1366      00
 1367              	.LASF1:
 1368 00a1 756E7369 		.ascii	"unsigned char\000"
 1368      676E6564 
 1368      20636861 
 1368      7200
 1369              	.LASF26:
 1370 00af 72657475 		.ascii	"returnValue\000"
 1370      726E5661 
 1370      6C756500 
 1371              	.LASF42:
 1372 00bb 526F6D56 		.ascii	"RomVectors\000"
 1372      6563746F 
 1372      727300
 1373              	.LASF5:
 1374 00c6 6C6F6E67 		.ascii	"long unsigned int\000"
 1374      20756E73 
 1374      69676E65 
 1374      6420696E 
 1374      7400
 1375              	.LASF37:
 1376 00d8 63795379 		.ascii	"cySysNoInitDataValid\000"
 1376      734E6F49 
 1376      6E697444 
 1376      61746156 
 1376      616C6964 
 1377              	.LASF9:
 1378 00ed 75696E74 		.ascii	"uint8\000"
 1378      3800
 1379              	.LASF45:
 1380 00f3 433A5C55 		.ascii	"C:\\Users\\cps\\Documents\\kLab\\IoT\\CellBoard\\Ce"
 1380      73657273 
 1380      5C637073 
 1380      5C446F63 
 1380      756D656E 
 1381 011f 6C6C2042 		.ascii	"ll Board.cydsn\000"
 1381      6F617264 
 1381      2E637964 
 1381      736E00
 1382              	.LASF30:
 1383 012e 5F657869 		.ascii	"_exit\000"
 1383      7400
 1384              	.LASF28:
 1385 0134 496E7444 		.ascii	"IntDefaultHandler\000"
 1385      65666175 
 1385      6C744861 
 1385      6E646C65 
ARM GAS  C:\Users\cps\AppData\Local\Temp\ccRYr45n.s 			page 36


 1385      7200
 1386              	.LASF47:
 1387 0146 5F736272 		.ascii	"_sbrk\000"
 1387      6B00
 1388              	.LASF43:
 1389 014c 474E5520 		.ascii	"GNU C 4.9.3 20150303 (release) [ARM/embedded-4_9-br"
 1389      4320342E 
 1389      392E3320 
 1389      32303135 
 1389      30333033 
 1390 017f 616E6368 		.ascii	"anch revision 221220] -mcpu=cortex-m3 -mthumb -g -O"
 1390      20726576 
 1390      6973696F 
 1390      6E203232 
 1390      31323230 
 1391 01b2 30202D66 		.ascii	"0 -ffunction-sections -ffat-lto-objects\000"
 1391      66756E63 
 1391      74696F6E 
 1391      2D736563 
 1391      74696F6E 
 1392              	.LASF12:
 1393 01da 646F7562 		.ascii	"double\000"
 1393      6C6500
 1394              	.LASF36:
 1395 01e1 696E6974 		.ascii	"initialize_psoc\000"
 1395      69616C69 
 1395      7A655F70 
 1395      736F6300 
 1396              	.LASF10:
 1397 01f1 75696E74 		.ascii	"uint32\000"
 1397      333200
 1398              	.LASF8:
 1399 01f8 756E7369 		.ascii	"unsigned int\000"
 1399      676E6564 
 1399      20696E74 
 1399      00
 1400              	.LASF7:
 1401 0205 6C6F6E67 		.ascii	"long long unsigned int\000"
 1401      206C6F6E 
 1401      6720756E 
 1401      7369676E 
 1401      65642069 
 1402              	.LASF34:
 1403 021c 6C696D69 		.ascii	"limit\000"
 1403      7400
 1404              	.LASF16:
 1405 0222 63796973 		.ascii	"cyisraddress\000"
 1405      72616464 
 1405      72657373 
 1405      00
 1406              	.LASF22:
 1407 022f 696E6974 		.ascii	"init_size\000"
 1407      5F73697A 
 1407      6500
 1408              	.LASF19:
 1409 0239 5F5F6379 		.ascii	"__cy_byte_align8\000"
 1409      5F627974 
ARM GAS  C:\Users\cps\AppData\Local\Temp\ccRYr45n.s 			page 37


 1409      655F616C 
 1409      69676E38 
 1409      00
 1410              	.LASF14:
 1411 024a 72656738 		.ascii	"reg8\000"
 1411      00
 1412              	.LASF18:
 1413 024f 73697A65 		.ascii	"sizetype\000"
 1413      74797065 
 1413      00
 1414              	.LASF6:
 1415 0258 6C6F6E67 		.ascii	"long long int\000"
 1415      206C6F6E 
 1415      6720696E 
 1415      7400
 1416              	.LASF13:
 1417 0266 63686172 		.ascii	"char\000"
 1417      00
 1418              	.LASF2:
 1419 026b 73686F72 		.ascii	"short int\000"
 1419      7420696E 
 1419      7400
 1420              	.LASF4:
 1421 0275 6C6F6E67 		.ascii	"long int\000"
 1421      20696E74 
 1421      00
 1422              	.LASF38:
 1423 027e 43795265 		.ascii	"CyResetStatus\000"
 1423      73657453 
 1423      74617475 
 1423      7300
 1424              	.LASF0:
 1425 028c 7369676E 		.ascii	"signed char\000"
 1425      65642063 
 1425      68617200 
 1426              	.LASF29:
 1427 0298 52657365 		.ascii	"Reset\000"
 1427      7400
 1428              	.LASF40:
 1429 029e 5F5F6379 		.ascii	"__cy_regions\000"
 1429      5F726567 
 1429      696F6E73 
 1429      00
 1430              	.LASF32:
 1431 02ab 72656769 		.ascii	"regions\000"
 1431      6F6E7300 
 1432              	.LASF25:
 1433 02b3 6E627974 		.ascii	"nbytes\000"
 1433      657300
 1434              	.LASF46:
 1435 02ba 5F5F6379 		.ascii	"__cy_region\000"
 1435      5F726567 
 1435      696F6E00 
 1436              		.ident	"GCC: (GNU Tools for ARM Embedded Processors) 4.9.3 20150303 (release) [ARM/embedded-4_9-br
