ARM GAS  C:\Users\cps\AppData\Local\Temp\ccz1ybQi.s 			page 1


   1              		.syntax unified
   2              		.cpu cortex-m3
   3              		.fpu softvfp
   4              		.eabi_attribute 20, 1
   5              		.eabi_attribute 21, 1
   6              		.eabi_attribute 23, 3
   7              		.eabi_attribute 24, 1
   8              		.eabi_attribute 25, 1
   9              		.eabi_attribute 26, 1
  10              		.eabi_attribute 30, 6
  11              		.eabi_attribute 34, 1
  12              		.eabi_attribute 18, 4
  13              		.thumb
  14              		.file	"cymetadata.c"
  15              		.text
  16              	.Ltext0:
  17              		.cfi_sections	.debug_frame
  18              		.global	cy_meta_configecc
  19              		.section	.cyconfigecc,"a",%progbits
  20              		.align	2
  21              		.type	cy_meta_configecc, %object
  22              		.size	cy_meta_configecc, 960
  23              	cy_meta_configecc:
  24 0000 02       		.byte	2
  25 0001 52       		.byte	82
  26 0002 00       		.byte	0
  27 0003 40       		.byte	64
  28 0004 01       		.byte	1
  29 0005 64       		.byte	100
  30 0006 00       		.byte	0
  31 0007 40       		.byte	64
  32 0008 02       		.byte	2
  33 0009 65       		.byte	101
  34 000a 00       		.byte	0
  35 000b 40       		.byte	64
  36 000c 55       		.byte	85
  37 000d 06       		.byte	6
  38 000e 01       		.byte	1
  39 000f 40       		.byte	64
  40 0010 32       		.byte	50
  41 0011 07       		.byte	7
  42 0012 01       		.byte	1
  43 0013 40       		.byte	64
  44 0014 3F       		.byte	63
  45 0015 14       		.byte	20
  46 0016 01       		.byte	1
  47 0017 40       		.byte	64
  48 0018 40       		.byte	64
  49 0019 15       		.byte	21
  50 001a 01       		.byte	1
  51 001b 40       		.byte	64
  52 001c 48       		.byte	72
  53 001d 16       		.byte	22
  54 001e 01       		.byte	1
  55 001f 40       		.byte	64
  56 0020 3A       		.byte	58
  57 0021 17       		.byte	23
ARM GAS  C:\Users\cps\AppData\Local\Temp\ccz1ybQi.s 			page 2


  58 0022 01       		.byte	1
  59 0023 40       		.byte	64
  60 0024 03       		.byte	3
  61 0025 40       		.byte	64
  62 0026 01       		.byte	1
  63 0027 40       		.byte	64
  64 0028 02       		.byte	2
  65 0029 41       		.byte	65
  66 002a 01       		.byte	1
  67 002b 40       		.byte	64
  68 002c 02       		.byte	2
  69 002d 42       		.byte	66
  70 002e 01       		.byte	1
  71 002f 40       		.byte	64
  72 0030 04       		.byte	4
  73 0031 43       		.byte	67
  74 0032 01       		.byte	1
  75 0033 40       		.byte	64
  76 0034 01       		.byte	1
  77 0035 48       		.byte	72
  78 0036 01       		.byte	1
  79 0037 40       		.byte	64
  80 0038 0B       		.byte	11
  81 0039 49       		.byte	73
  82 003a 01       		.byte	1
  83 003b 40       		.byte	64
  84 003c 04       		.byte	4
  85 003d 50       		.byte	80
  86 003e 01       		.byte	1
  87 003f 40       		.byte	64
  88 0040 01       		.byte	1
  89 0041 51       		.byte	81
  90 0042 01       		.byte	1
  91 0043 40       		.byte	64
  92 0044 19       		.byte	25
  93 0045 40       		.byte	64
  94 0046 1C       		.byte	28
  95 0047 80       		.byte	-128
  96 0048 87       		.byte	-121
  97 0049 0F       		.byte	15
  98 004a 84       		.byte	-124
  99 004b 38       		.byte	56
 100 004c 87       		.byte	-121
 101 004d 72       		.byte	114
 102 004e 0C       		.byte	12
 103 004f 10       		.byte	16
 104 0050 0D       		.byte	13
 105 0051 04       		.byte	4
 106 0052 0E       		.byte	14
 107 0053 0C       		.byte	12
 108 0054 11       		.byte	17
 109 0055 03       		.byte	3
 110 0056 12       		.byte	18
 111 0057 03       		.byte	3
 112 0058 17       		.byte	23
 113 0059 02       		.byte	2
 114 005a 1A       		.byte	26
ARM GAS  C:\Users\cps\AppData\Local\Temp\ccz1ybQi.s 			page 3


 115 005b 10       		.byte	16
 116 005c 1C       		.byte	28
 117 005d 0C       		.byte	12
 118 005e 1D       		.byte	29
 119 005f 01       		.byte	1
 120 0060 1E       		.byte	30
 121 0061 11       		.byte	17
 122 0062 20       		.byte	32
 123 0063 1C       		.byte	28
 124 0064 21       		.byte	33
 125 0065 03       		.byte	3
 126 0066 22       		.byte	34
 127 0067 02       		.byte	2
 128 0068 24       		.byte	36
 129 0069 09       		.byte	9
 130 006a 26       		.byte	38
 131 006b 10       		.byte	16
 132 006c 28       		.byte	40
 133 006d 14       		.byte	20
 134 006e 30       		.byte	48
 135 006f 1F       		.byte	31
 136 0070 32       		.byte	50
 137 0071 1F       		.byte	31
 138 0072 33       		.byte	51
 139 0073 03       		.byte	3
 140 0074 35       		.byte	53
 141 0075 04       		.byte	4
 142 0076 39       		.byte	57
 143 0077 08       		.byte	8
 144 0078 3F       		.byte	63
 145 0079 04       		.byte	4
 146 007a 40       		.byte	64
 147 007b 02       		.byte	2
 148 007c 45       		.byte	69
 149 007d 15       		.byte	21
 150 007e 46       		.byte	70
 151 007f 51       		.byte	81
 152 0080 48       		.byte	72
 153 0081 0F       		.byte	15
 154 0082 49       		.byte	73
 155 0083 FF       		.byte	-1
 156 0084 4A       		.byte	74
 157 0085 07       		.byte	7
 158 0086 4B       		.byte	75
 159 0087 FF       		.byte	-1
 160 0088 4C       		.byte	76
 161 0089 40       		.byte	64
 162 008a 4D       		.byte	77
 163 008b 20       		.byte	32
 164 008c 4E       		.byte	78
 165 008d F0       		.byte	-16
 166 008e 4F       		.byte	79
 167 008f 05       		.byte	5
 168 0090 50       		.byte	80
 169 0091 08       		.byte	8
 170 0092 58       		.byte	88
 171 0093 04       		.byte	4
ARM GAS  C:\Users\cps\AppData\Local\Temp\ccz1ybQi.s 			page 4


 172 0094 59       		.byte	89
 173 0095 04       		.byte	4
 174 0096 5A       		.byte	90
 175 0097 04       		.byte	4
 176 0098 5F       		.byte	95
 177 0099 01       		.byte	1
 178 009a 60       		.byte	96
 179 009b 40       		.byte	64
 180 009c 61       		.byte	97
 181 009d A8       		.byte	-88
 182 009e 62       		.byte	98
 183 009f 40       		.byte	64
 184 00a0 63       		.byte	99
 185 00a1 20       		.byte	32
 186 00a2 82       		.byte	-126
 187 00a3 01       		.byte	1
 188 00a4 87       		.byte	-121
 189 00a5 0E       		.byte	14
 190 00a6 89       		.byte	-119
 191 00a7 08       		.byte	8
 192 00a8 8C       		.byte	-116
 193 00a9 01       		.byte	1
 194 00aa 90       		.byte	-112
 195 00ab 01       		.byte	1
 196 00ac 9D       		.byte	-99
 197 00ad 08       		.byte	8
 198 00ae 9F       		.byte	-97
 199 00af 02       		.byte	2
 200 00b0 A0       		.byte	-96
 201 00b1 02       		.byte	2
 202 00b2 A1       		.byte	-95
 203 00b3 02       		.byte	2
 204 00b4 A3       		.byte	-93
 205 00b5 0C       		.byte	12
 206 00b6 A5       		.byte	-91
 207 00b7 01       		.byte	1
 208 00b8 A6       		.byte	-90
 209 00b9 01       		.byte	1
 210 00ba AA       		.byte	-86
 211 00bb 01       		.byte	1
 212 00bc AD       		.byte	-83
 213 00bd 02       		.byte	2
 214 00be AF       		.byte	-81
 215 00bf 04       		.byte	4
 216 00c0 B0       		.byte	-80
 217 00c1 01       		.byte	1
 218 00c2 B2       		.byte	-78
 219 00c3 02       		.byte	2
 220 00c4 B3       		.byte	-77
 221 00c5 01       		.byte	1
 222 00c6 B7       		.byte	-73
 223 00c7 0E       		.byte	14
 224 00c8 BB       		.byte	-69
 225 00c9 80       		.byte	-128
 226 00ca BE       		.byte	-66
 227 00cb 05       		.byte	5
 228 00cc BF       		.byte	-65
ARM GAS  C:\Users\cps\AppData\Local\Temp\ccz1ybQi.s 			page 5


 229 00cd 04       		.byte	4
 230 00ce C0       		.byte	-64
 231 00cf 43       		.byte	67
 232 00d0 C1       		.byte	-63
 233 00d1 05       		.byte	5
 234 00d2 C5       		.byte	-59
 235 00d3 0E       		.byte	14
 236 00d4 C6       		.byte	-58
 237 00d5 B0       		.byte	-80
 238 00d6 C7       		.byte	-57
 239 00d7 0C       		.byte	12
 240 00d8 C8       		.byte	-56
 241 00d9 19       		.byte	25
 242 00da C9       		.byte	-55
 243 00db FF       		.byte	-1
 244 00dc CA       		.byte	-54
 245 00dd FF       		.byte	-1
 246 00de CB       		.byte	-53
 247 00df FF       		.byte	-1
 248 00e0 CE       		.byte	-50
 249 00e1 F0       		.byte	-16
 250 00e2 CF       		.byte	-49
 251 00e3 44       		.byte	68
 252 00e4 D0       		.byte	-48
 253 00e5 0C       		.byte	12
 254 00e6 D4       		.byte	-44
 255 00e7 01       		.byte	1
 256 00e8 D8       		.byte	-40
 257 00e9 04       		.byte	4
 258 00ea D9       		.byte	-39
 259 00eb 04       		.byte	4
 260 00ec DA       		.byte	-38
 261 00ed 04       		.byte	4
 262 00ee DB       		.byte	-37
 263 00ef 04       		.byte	4
 264 00f0 DF       		.byte	-33
 265 00f1 01       		.byte	1
 266 00f2 E6       		.byte	-26
 267 00f3 C0       		.byte	-64
 268 00f4 EA       		.byte	-22
 269 00f5 40       		.byte	64
 270 00f6 EB       		.byte	-21
 271 00f7 02       		.byte	2
 272 00f8 01       		.byte	1
 273 00f9 80       		.byte	-128
 274 00fa 02       		.byte	2
 275 00fb 82       		.byte	-126
 276 00fc 05       		.byte	5
 277 00fd 80       		.byte	-128
 278 00fe 0B       		.byte	11
 279 00ff 80       		.byte	-128
 280 0100 0E       		.byte	14
 281 0101 81       		.byte	-127
 282 0102 0F       		.byte	15
 283 0103 08       		.byte	8
 284 0104 10       		.byte	16
 285 0105 88       		.byte	-120
ARM GAS  C:\Users\cps\AppData\Local\Temp\ccz1ybQi.s 			page 6


 286 0106 13       		.byte	19
 287 0107 28       		.byte	40
 288 0108 15       		.byte	21
 289 0109 20       		.byte	32
 290 010a 17       		.byte	23
 291 010b 0A       		.byte	10
 292 010c 18       		.byte	24
 293 010d 10       		.byte	16
 294 010e 1A       		.byte	26
 295 010f 40       		.byte	64
 296 0110 1E       		.byte	30
 297 0111 90       		.byte	-112
 298 0112 22       		.byte	34
 299 0113 84       		.byte	-124
 300 0114 23       		.byte	35
 301 0115 02       		.byte	2
 302 0116 24       		.byte	36
 303 0117 04       		.byte	4
 304 0118 27       		.byte	39
 305 0119 18       		.byte	24
 306 011a 29       		.byte	41
 307 011b 84       		.byte	-124
 308 011c 2B       		.byte	43
 309 011d 80       		.byte	-128
 310 011e 2E       		.byte	46
 311 011f 01       		.byte	1
 312 0120 2F       		.byte	47
 313 0121 C0       		.byte	-64
 314 0122 32       		.byte	50
 315 0123 80       		.byte	-128
 316 0124 36       		.byte	54
 317 0125 82       		.byte	-126
 318 0126 37       		.byte	55
 319 0127 09       		.byte	9
 320 0128 38       		.byte	56
 321 0129 04       		.byte	4
 322 012a 3A       		.byte	58
 323 012b 10       		.byte	16
 324 012c 3F       		.byte	63
 325 012d 80       		.byte	-128
 326 012e 40       		.byte	64
 327 012f 10       		.byte	16
 328 0130 43       		.byte	67
 329 0131 01       		.byte	1
 330 0132 47       		.byte	71
 331 0133 10       		.byte	16
 332 0134 49       		.byte	73
 333 0135 04       		.byte	4
 334 0136 4B       		.byte	75
 335 0137 80       		.byte	-128
 336 0138 4C       		.byte	76
 337 0139 80       		.byte	-128
 338 013a 4F       		.byte	79
 339 013b 08       		.byte	8
 340 013c 50       		.byte	80
 341 013d 08       		.byte	8
 342 013e 51       		.byte	81
ARM GAS  C:\Users\cps\AppData\Local\Temp\ccz1ybQi.s 			page 7


 343 013f 14       		.byte	20
 344 0140 56       		.byte	86
 345 0141 10       		.byte	16
 346 0142 57       		.byte	87
 347 0143 40       		.byte	64
 348 0144 58       		.byte	88
 349 0145 02       		.byte	2
 350 0146 5A       		.byte	90
 351 0147 48       		.byte	72
 352 0148 5B       		.byte	91
 353 0149 20       		.byte	32
 354 014a C0       		.byte	-64
 355 014b 89       		.byte	-119
 356 014c C2       		.byte	-62
 357 014d D8       		.byte	-40
 358 014e C4       		.byte	-60
 359 014f 7E       		.byte	126
 360 0150 CA       		.byte	-54
 361 0151 8B       		.byte	-117
 362 0152 CC       		.byte	-52
 363 0153 D8       		.byte	-40
 364 0154 CE       		.byte	-50
 365 0155 16       		.byte	22
 366 0156 D0       		.byte	-48
 367 0157 23       		.byte	35
 368 0158 D2       		.byte	-46
 369 0159 08       		.byte	8
 370 015a D6       		.byte	-42
 371 015b 0F       		.byte	15
 372 015c 00       		.byte	0
 373 015d 23       		.byte	35
 374 015e 01       		.byte	1
 375 015f FF       		.byte	-1
 376 0160 02       		.byte	2
 377 0161 0C       		.byte	12
 378 0162 04       		.byte	4
 379 0163 0C       		.byte	12
 380 0164 05       		.byte	5
 381 0165 18       		.byte	24
 382 0166 06       		.byte	6
 383 0167 23       		.byte	35
 384 0168 09       		.byte	9
 385 0169 08       		.byte	8
 386 016a 0C       		.byte	12
 387 016b 2F       		.byte	47
 388 016c 0D       		.byte	13
 389 016d E7       		.byte	-25
 390 016e 0F       		.byte	15
 391 016f 18       		.byte	24
 392 0170 10       		.byte	16
 393 0171 01       		.byte	1
 394 0172 12       		.byte	18
 395 0173 10       		.byte	16
 396 0174 13       		.byte	19
 397 0175 04       		.byte	4
 398 0176 16       		.byte	22
 399 0177 23       		.byte	35
ARM GAS  C:\Users\cps\AppData\Local\Temp\ccz1ybQi.s 			page 8


 400 0178 17       		.byte	23
 401 0179 E3       		.byte	-29
 402 017a 18       		.byte	24
 403 017b 0F       		.byte	15
 404 017c 19       		.byte	25
 405 017d 3C       		.byte	60
 406 017e 1A       		.byte	26
 407 017f 20       		.byte	32
 408 0180 1B       		.byte	27
 409 0181 C2       		.byte	-62
 410 0182 1C       		.byte	28
 411 0183 02       		.byte	2
 412 0184 1D       		.byte	29
 413 0185 10       		.byte	16
 414 0186 20       		.byte	32
 415 0187 08       		.byte	8
 416 0188 21       		.byte	33
 417 0189 80       		.byte	-128
 418 018a 24       		.byte	36
 419 018b 04       		.byte	4
 420 018c 25       		.byte	37
 421 018d 1C       		.byte	28
 422 018e 27       		.byte	39
 423 018f E1       		.byte	-31
 424 0190 28       		.byte	40
 425 0191 0C       		.byte	12
 426 0192 29       		.byte	41
 427 0193 44       		.byte	68
 428 0194 2C       		.byte	44
 429 0195 03       		.byte	3
 430 0196 2D       		.byte	45
 431 0197 C0       		.byte	-64
 432 0198 30       		.byte	48
 433 0199 0F       		.byte	15
 434 019a 33       		.byte	51
 435 019b 38       		.byte	56
 436 019c 34       		.byte	52
 437 019d 2C       		.byte	44
 438 019e 35       		.byte	53
 439 019f 1F       		.byte	31
 440 01a0 36       		.byte	54
 441 01a1 10       		.byte	16
 442 01a2 37       		.byte	55
 443 01a3 C0       		.byte	-64
 444 01a4 3A       		.byte	58
 445 01a5 22       		.byte	34
 446 01a6 3B       		.byte	59
 447 01a7 20       		.byte	32
 448 01a8 54       		.byte	84
 449 01a9 18       		.byte	24
 450 01aa 56       		.byte	86
 451 01ab 04       		.byte	4
 452 01ac 58       		.byte	88
 453 01ad 04       		.byte	4
 454 01ae 59       		.byte	89
 455 01af 04       		.byte	4
 456 01b0 5B       		.byte	91
ARM GAS  C:\Users\cps\AppData\Local\Temp\ccz1ybQi.s 			page 9


 457 01b1 04       		.byte	4
 458 01b2 5F       		.byte	95
 459 01b3 01       		.byte	1
 460 01b4 80       		.byte	-128
 461 01b5 01       		.byte	1
 462 01b6 86       		.byte	-122
 463 01b7 02       		.byte	2
 464 01b8 8C       		.byte	-116
 465 01b9 01       		.byte	1
 466 01ba 91       		.byte	-111
 467 01bb 01       		.byte	1
 468 01bc 92       		.byte	-110
 469 01bd 02       		.byte	2
 470 01be 99       		.byte	-103
 471 01bf 01       		.byte	1
 472 01c0 9A       		.byte	-102
 473 01c1 01       		.byte	1
 474 01c2 A1       		.byte	-95
 475 01c3 01       		.byte	1
 476 01c4 A5       		.byte	-91
 477 01c5 01       		.byte	1
 478 01c6 A6       		.byte	-90
 479 01c7 01       		.byte	1
 480 01c8 B0       		.byte	-80
 481 01c9 01       		.byte	1
 482 01ca B1       		.byte	-79
 483 01cb 01       		.byte	1
 484 01cc B4       		.byte	-76
 485 01cd 02       		.byte	2
 486 01ce B8       		.byte	-72
 487 01cf 02       		.byte	2
 488 01d0 BE       		.byte	-66
 489 01d1 10       		.byte	16
 490 01d2 BF       		.byte	-65
 491 01d3 01       		.byte	1
 492 01d4 D8       		.byte	-40
 493 01d5 04       		.byte	4
 494 01d6 D9       		.byte	-39
 495 01d7 04       		.byte	4
 496 01d8 DF       		.byte	-33
 497 01d9 01       		.byte	1
 498 01da 01       		.byte	1
 499 01db 02       		.byte	2
 500 01dc 02       		.byte	2
 501 01dd 20       		.byte	32
 502 01de 03       		.byte	3
 503 01df 01       		.byte	1
 504 01e0 04       		.byte	4
 505 01e1 08       		.byte	8
 506 01e2 05       		.byte	5
 507 01e3 02       		.byte	2
 508 01e4 06       		.byte	6
 509 01e5 01       		.byte	1
 510 01e6 07       		.byte	7
 511 01e7 01       		.byte	1
 512 01e8 08       		.byte	8
 513 01e9 40       		.byte	64
ARM GAS  C:\Users\cps\AppData\Local\Temp\ccz1ybQi.s 			page 10


 514 01ea 09       		.byte	9
 515 01eb 01       		.byte	1
 516 01ec 0A       		.byte	10
 517 01ed 24       		.byte	36
 518 01ee 0E       		.byte	14
 519 01ef 84       		.byte	-124
 520 01f0 10       		.byte	16
 521 01f1 81       		.byte	-127
 522 01f2 12       		.byte	18
 523 01f3 14       		.byte	20
 524 01f4 13       		.byte	19
 525 01f5 24       		.byte	36
 526 01f6 17       		.byte	23
 527 01f7 08       		.byte	8
 528 01f8 19       		.byte	25
 529 01f9 02       		.byte	2
 530 01fa 1A       		.byte	26
 531 01fb 06       		.byte	6
 532 01fc 1B       		.byte	27
 533 01fd 20       		.byte	32
 534 01fe 1C       		.byte	28
 535 01ff 04       		.byte	4
 536 0200 1E       		.byte	30
 537 0201 80       		.byte	-128
 538 0202 22       		.byte	34
 539 0203 20       		.byte	32
 540 0204 23       		.byte	35
 541 0205 1A       		.byte	26
 542 0206 27       		.byte	39
 543 0207 40       		.byte	64
 544 0208 28       		.byte	40
 545 0209 41       		.byte	65
 546 020a 29       		.byte	41
 547 020b 20       		.byte	32
 548 020c 2A       		.byte	42
 549 020d 80       		.byte	-128
 550 020e 2B       		.byte	43
 551 020f 20       		.byte	32
 552 0210 2D       		.byte	45
 553 0211 02       		.byte	2
 554 0212 2F       		.byte	47
 555 0213 60       		.byte	96
 556 0214 30       		.byte	48
 557 0215 80       		.byte	-128
 558 0216 32       		.byte	50
 559 0217 21       		.byte	33
 560 0218 33       		.byte	51
 561 0219 08       		.byte	8
 562 021a 36       		.byte	54
 563 021b 20       		.byte	32
 564 021c 37       		.byte	55
 565 021d 01       		.byte	1
 566 021e 3A       		.byte	58
 567 021f 15       		.byte	21
 568 0220 3B       		.byte	59
 569 0221 80       		.byte	-128
 570 0222 5B       		.byte	91
ARM GAS  C:\Users\cps\AppData\Local\Temp\ccz1ybQi.s 			page 11


 571 0223 02       		.byte	2
 572 0224 60       		.byte	96
 573 0225 44       		.byte	68
 574 0226 61       		.byte	97
 575 0227 80       		.byte	-128
 576 0228 81       		.byte	-127
 577 0229 21       		.byte	33
 578 022a 8C       		.byte	-116
 579 022b 40       		.byte	64
 580 022c 90       		.byte	-112
 581 022d 08       		.byte	8
 582 022e 92       		.byte	-110
 583 022f 20       		.byte	32
 584 0230 93       		.byte	-109
 585 0231 04       		.byte	4
 586 0232 97       		.byte	-105
 587 0233 90       		.byte	-112
 588 0234 98       		.byte	-104
 589 0235 40       		.byte	64
 590 0236 9A       		.byte	-102
 591 0237 80       		.byte	-128
 592 0238 9B       		.byte	-101
 593 0239 21       		.byte	33
 594 023a 9D       		.byte	-99
 595 023b 20       		.byte	32
 596 023c 9F       		.byte	-97
 597 023d 40       		.byte	64
 598 023e A0       		.byte	-96
 599 023f 80       		.byte	-128
 600 0240 A1       		.byte	-95
 601 0241 80       		.byte	-128
 602 0242 A3       		.byte	-93
 603 0243 08       		.byte	8
 604 0244 A9       		.byte	-87
 605 0245 01       		.byte	1
 606 0246 AE       		.byte	-82
 607 0247 84       		.byte	-124
 608 0248 C0       		.byte	-64
 609 0249 BD       		.byte	-67
 610 024a C2       		.byte	-62
 611 024b 5F       		.byte	95
 612 024c C4       		.byte	-60
 613 024d 2F       		.byte	47
 614 024e CA       		.byte	-54
 615 024f CF       		.byte	-49
 616 0250 CC       		.byte	-52
 617 0251 AF       		.byte	-81
 618 0252 CE       		.byte	-50
 619 0253 0F       		.byte	15
 620 0254 D6       		.byte	-42
 621 0255 01       		.byte	1
 622 0256 D8       		.byte	-40
 623 0257 0D       		.byte	13
 624 0258 E2       		.byte	-30
 625 0259 40       		.byte	64
 626 025a 09       		.byte	9
 627 025b 01       		.byte	1
ARM GAS  C:\Users\cps\AppData\Local\Temp\ccz1ybQi.s 			page 12


 628 025c 0C       		.byte	12
 629 025d 06       		.byte	6
 630 025e 12       		.byte	18
 631 025f 05       		.byte	5
 632 0260 18       		.byte	24
 633 0261 02       		.byte	2
 634 0262 1E       		.byte	30
 635 0263 03       		.byte	3
 636 0264 26       		.byte	38
 637 0265 07       		.byte	7
 638 0266 31       		.byte	49
 639 0267 01       		.byte	1
 640 0268 36       		.byte	54
 641 0269 07       		.byte	7
 642 026a 3A       		.byte	58
 643 026b 80       		.byte	-128
 644 026c 3B       		.byte	59
 645 026d 80       		.byte	-128
 646 026e 3F       		.byte	63
 647 026f 01       		.byte	1
 648 0270 58       		.byte	88
 649 0271 04       		.byte	4
 650 0272 59       		.byte	89
 651 0273 04       		.byte	4
 652 0274 5F       		.byte	95
 653 0275 01       		.byte	1
 654 0276 80       		.byte	-128
 655 0277 44       		.byte	68
 656 0278 82       		.byte	-126
 657 0279 31       		.byte	49
 658 027a 85       		.byte	-123
 659 027b 06       		.byte	6
 660 027c 87       		.byte	-121
 661 027d 08       		.byte	8
 662 027e 88       		.byte	-120
 663 027f 22       		.byte	34
 664 0280 8A       		.byte	-118
 665 0281 51       		.byte	81
 666 0282 8B       		.byte	-117
 667 0283 01       		.byte	1
 668 0284 97       		.byte	-105
 669 0285 01       		.byte	1
 670 0286 98       		.byte	-104
 671 0287 01       		.byte	1
 672 0288 9A       		.byte	-102
 673 0289 0E       		.byte	14
 674 028a 9D       		.byte	-99
 675 028b 12       		.byte	18
 676 028c A1       		.byte	-95
 677 028d 06       		.byte	6
 678 028e A3       		.byte	-93
 679 028f 08       		.byte	8
 680 0290 A4       		.byte	-92
 681 0291 E7       		.byte	-25
 682 0292 A7       		.byte	-89
 683 0293 1C       		.byte	28
 684 0294 A8       		.byte	-88
ARM GAS  C:\Users\cps\AppData\Local\Temp\ccz1ybQi.s 			page 13


 685 0295 E7       		.byte	-25
 686 0296 AC       		.byte	-84
 687 0297 80       		.byte	-128
 688 0298 AD       		.byte	-83
 689 0299 06       		.byte	6
 690 029a AF       		.byte	-81
 691 029b 18       		.byte	24
 692 029c B0       		.byte	-80
 693 029d 60       		.byte	96
 694 029e B1       		.byte	-79
 695 029f 1E       		.byte	30
 696 02a0 B2       		.byte	-78
 697 02a1 80       		.byte	-128
 698 02a2 B4       		.byte	-76
 699 02a3 07       		.byte	7
 700 02a4 B6       		.byte	-74
 701 02a5 18       		.byte	24
 702 02a6 B7       		.byte	-73
 703 02a7 01       		.byte	1
 704 02a8 BB       		.byte	-69
 705 02a9 02       		.byte	2
 706 02aa BE       		.byte	-66
 707 02ab 40       		.byte	64
 708 02ac BF       		.byte	-65
 709 02ad 40       		.byte	64
 710 02ae C0       		.byte	-64
 711 02af 53       		.byte	83
 712 02b0 C1       		.byte	-63
 713 02b1 04       		.byte	4
 714 02b2 C2       		.byte	-62
 715 02b3 06       		.byte	6
 716 02b4 C4       		.byte	-60
 717 02b5 01       		.byte	1
 718 02b6 C5       		.byte	-59
 719 02b7 0C       		.byte	12
 720 02b8 C7       		.byte	-57
 721 02b9 0E       		.byte	14
 722 02ba C8       		.byte	-56
 723 02bb 11       		.byte	17
 724 02bc C9       		.byte	-55
 725 02bd FF       		.byte	-1
 726 02be CA       		.byte	-54
 727 02bf FF       		.byte	-1
 728 02c0 CB       		.byte	-53
 729 02c1 FF       		.byte	-1
 730 02c2 CC       		.byte	-52
 731 02c3 62       		.byte	98
 732 02c4 CD       		.byte	-51
 733 02c5 A0       		.byte	-96
 734 02c6 CE       		.byte	-50
 735 02c7 F0       		.byte	-16
 736 02c8 CF       		.byte	-49
 737 02c9 41       		.byte	65
 738 02ca D0       		.byte	-48
 739 02cb 0C       		.byte	12
 740 02cc D6       		.byte	-42
 741 02cd 02       		.byte	2
ARM GAS  C:\Users\cps\AppData\Local\Temp\ccz1ybQi.s 			page 14


 742 02ce D7       		.byte	-41
 743 02cf 10       		.byte	16
 744 02d0 D8       		.byte	-40
 745 02d1 04       		.byte	4
 746 02d2 D9       		.byte	-39
 747 02d3 04       		.byte	4
 748 02d4 DA       		.byte	-38
 749 02d5 04       		.byte	4
 750 02d6 DB       		.byte	-37
 751 02d7 04       		.byte	4
 752 02d8 DF       		.byte	-33
 753 02d9 01       		.byte	1
 754 02da E6       		.byte	-26
 755 02db 40       		.byte	64
 756 02dc E7       		.byte	-25
 757 02dd 02       		.byte	2
 758 02de E9       		.byte	-23
 759 02df 10       		.byte	16
 760 02e0 EA       		.byte	-22
 761 02e1 30       		.byte	48
 762 02e2 EB       		.byte	-21
 763 02e3 10       		.byte	16
 764 02e4 ED       		.byte	-19
 765 02e5 10       		.byte	16
 766 02e6 EE       		.byte	-18
 767 02e7 10       		.byte	16
 768 02e8 EF       		.byte	-17
 769 02e9 12       		.byte	18
 770 02ea 01       		.byte	1
 771 02eb 22       		.byte	34
 772 02ec 07       		.byte	7
 773 02ed 02       		.byte	2
 774 02ee 0A       		.byte	10
 775 02ef 04       		.byte	4
 776 02f0 0C       		.byte	12
 777 02f1 01       		.byte	1
 778 02f2 0E       		.byte	14
 779 02f3 02       		.byte	2
 780 02f4 0F       		.byte	15
 781 02f5 48       		.byte	72
 782 02f6 10       		.byte	16
 783 02f7 02       		.byte	2
 784 02f8 11       		.byte	17
 785 02f9 14       		.byte	20
 786 02fa 14       		.byte	20
 787 02fb 20       		.byte	32
 788 02fc 17       		.byte	23
 789 02fd 08       		.byte	8
 790 02fe 18       		.byte	24
 791 02ff 01       		.byte	1
 792 0300 19       		.byte	25
 793 0301 02       		.byte	2
 794 0302 1A       		.byte	26
 795 0303 24       		.byte	36
 796 0304 1B       		.byte	27
 797 0305 08       		.byte	8
 798 0306 1E       		.byte	30
ARM GAS  C:\Users\cps\AppData\Local\Temp\ccz1ybQi.s 			page 15


 799 0307 02       		.byte	2
 800 0308 1F       		.byte	31
 801 0309 80       		.byte	-128
 802 030a 21       		.byte	33
 803 030b 80       		.byte	-128
 804 030c 22       		.byte	34
 805 030d 02       		.byte	2
 806 030e 23       		.byte	35
 807 030f 40       		.byte	64
 808 0310 25       		.byte	37
 809 0311 01       		.byte	1
 810 0312 27       		.byte	39
 811 0313 01       		.byte	1
 812 0314 28       		.byte	40
 813 0315 21       		.byte	33
 814 0316 2B       		.byte	43
 815 0317 80       		.byte	-128
 816 0318 2C       		.byte	44
 817 0319 40       		.byte	64
 818 031a 2D       		.byte	45
 819 031b 02       		.byte	2
 820 031c 31       		.byte	49
 821 031d 04       		.byte	4
 822 031e 32       		.byte	50
 823 031f 80       		.byte	-128
 824 0320 39       		.byte	57
 825 0321 08       		.byte	8
 826 0322 3B       		.byte	59
 827 0323 10       		.byte	16
 828 0324 3E       		.byte	62
 829 0325 10       		.byte	16
 830 0326 40       		.byte	64
 831 0327 01       		.byte	1
 832 0328 43       		.byte	67
 833 0329 09       		.byte	9
 834 032a 49       		.byte	73
 835 032b 04       		.byte	4
 836 032c 4B       		.byte	75
 837 032d 90       		.byte	-112
 838 032e 50       		.byte	80
 839 032f 04       		.byte	4
 840 0330 5B       		.byte	91
 841 0331 40       		.byte	64
 842 0332 68       		.byte	104
 843 0333 02       		.byte	2
 844 0334 69       		.byte	105
 845 0335 14       		.byte	20
 846 0336 70       		.byte	112
 847 0337 80       		.byte	-128
 848 0338 73       		.byte	115
 849 0339 24       		.byte	36
 850 033a 91       		.byte	-111
 851 033b 08       		.byte	8
 852 033c 92       		.byte	-110
 853 033d 10       		.byte	16
 854 033e 9B       		.byte	-101
 855 033f 0A       		.byte	10
ARM GAS  C:\Users\cps\AppData\Local\Temp\ccz1ybQi.s 			page 16


 856 0340 A2       		.byte	-94
 857 0341 80       		.byte	-128
 858 0342 A3       		.byte	-93
 859 0343 04       		.byte	4
 860 0344 A6       		.byte	-90
 861 0345 02       		.byte	2
 862 0346 A7       		.byte	-89
 863 0347 80       		.byte	-128
 864 0348 A8       		.byte	-88
 865 0349 02       		.byte	2
 866 034a A9       		.byte	-87
 867 034b 04       		.byte	4
 868 034c C0       		.byte	-64
 869 034d 8A       		.byte	-118
 870 034e C2       		.byte	-62
 871 034f D2       		.byte	-46
 872 0350 C4       		.byte	-60
 873 0351 27       		.byte	39
 874 0352 CA       		.byte	-54
 875 0353 0B       		.byte	11
 876 0354 CC       		.byte	-52
 877 0355 0A       		.byte	10
 878 0356 CE       		.byte	-50
 879 0357 26       		.byte	38
 880 0358 D0       		.byte	-48
 881 0359 0B       		.byte	11
 882 035a D2       		.byte	-46
 883 035b 0C       		.byte	12
 884 035c D6       		.byte	-42
 885 035d 08       		.byte	8
 886 035e 33       		.byte	51
 887 035f 80       		.byte	-128
 888 0360 37       		.byte	55
 889 0361 80       		.byte	-128
 890 0362 CC       		.byte	-52
 891 0363 30       		.byte	48
 892 0364 9F       		.byte	-97
 893 0365 80       		.byte	-128
 894 0366 A7       		.byte	-89
 895 0367 80       		.byte	-128
 896 0368 9F       		.byte	-97
 897 0369 80       		.byte	-128
 898 036a A7       		.byte	-89
 899 036b 80       		.byte	-128
 900 036c 27       		.byte	39
 901 036d 80       		.byte	-128
 902 036e 9F       		.byte	-97
 903 036f 80       		.byte	-128
 904 0370 A7       		.byte	-89
 905 0371 80       		.byte	-128
 906 0372 C8       		.byte	-56
 907 0373 80       		.byte	-128
 908 0374 A7       		.byte	-89
 909 0375 80       		.byte	-128
 910 0376 0E       		.byte	14
 911 0377 02       		.byte	2
 912 0378 60       		.byte	96
ARM GAS  C:\Users\cps\AppData\Local\Temp\ccz1ybQi.s 			page 17


 913 0379 10       		.byte	16
 914 037a 82       		.byte	-126
 915 037b 01       		.byte	1
 916 037c 8F       		.byte	-113
 917 037d 80       		.byte	-128
 918 037e 90       		.byte	-112
 919 037f 10       		.byte	16
 920 0380 A7       		.byte	-89
 921 0381 80       		.byte	-128
 922 0382 A8       		.byte	-88
 923 0383 10       		.byte	16
 924 0384 C2       		.byte	-62
 925 0385 80       		.byte	-128
 926 0386 D8       		.byte	-40
 927 0387 40       		.byte	64
 928 0388 E4       		.byte	-28
 929 0389 80       		.byte	-128
 930 038a EE       		.byte	-18
 931 038b 80       		.byte	-128
 932 038c 00       		.byte	0
 933 038d 01       		.byte	1
 934 038e 0A       		.byte	10
 935 038f 01       		.byte	1
 936 0390 10       		.byte	16
 937 0391 01       		.byte	1
 938 0392 1A       		.byte	26
 939 0393 01       		.byte	1
 940 0394 00       		.byte	0
 941 0395 0B       		.byte	11
 942 0396 00       		.byte	0
 943 0397 00       		.byte	0
 944 0398 00       		.byte	0
 945 0399 10       		.byte	16
 946 039a 00       		.byte	0
 947 039b 00       		.byte	0
 948 039c 00       		.byte	0
 949 039d 00       		.byte	0
 950 039e 00       		.byte	0
 951 039f 00       		.byte	0
 952 03a0 03       		.byte	3
 953 03a1 00       		.byte	0
 954 03a2 00       		.byte	0
 955 03a3 03       		.byte	3
 956 03a4 03       		.byte	3
 957 03a5 00       		.byte	0
 958 03a6 00       		.byte	0
 959 03a7 00       		.byte	0
 960 03a8 00       		.byte	0
 961 03a9 00       		.byte	0
 962 03aa 00       		.byte	0
 963 03ab 00       		.byte	0
 964 03ac 00       		.byte	0
 965 03ad 01       		.byte	1
 966 03ae 01       		.byte	1
 967 03af 00       		.byte	0
 968 03b0 00       		.byte	0
 969 03b1 00       		.byte	0
ARM GAS  C:\Users\cps\AppData\Local\Temp\ccz1ybQi.s 			page 18


 970 03b2 00       		.byte	0
 971 03b3 00       		.byte	0
 972 03b4 40       		.byte	64
 973 03b5 00       		.byte	0
 974 03b6 80       		.byte	-128
 975 03b7 40       		.byte	64
 976 03b8 40       		.byte	64
 977 03b9 00       		.byte	0
 978 03ba 40       		.byte	64
 979 03bb 00       		.byte	0
 980 03bc 00       		.byte	0
 981 03bd 00       		.byte	0
 982 03be 00       		.byte	0
 983 03bf 00       		.byte	0
 984              		.global	cy_meta_custnvl
 985              		.section	.cycustnvl,"a",%progbits
 986              		.align	2
 987              		.type	cy_meta_custnvl, %object
 988              		.size	cy_meta_custnvl, 4
 989              	cy_meta_custnvl:
 990 0000 00       		.byte	0
 991 0001 00       		.byte	0
 992 0002 40       		.byte	64
 993 0003 05       		.byte	5
 994              		.global	cy_meta_wonvl
 995              		.section	.cywolatch,"a",%progbits
 996              		.align	2
 997              		.type	cy_meta_wonvl, %object
 998              		.size	cy_meta_wonvl, 4
 999              	cy_meta_wonvl:
 1000 0000 BC       		.byte	-68
 1001 0001 90       		.byte	-112
 1002 0002 AC       		.byte	-84
 1003 0003 AF       		.byte	-81
 1004              		.global	cy_meta_flashprotect
 1005              		.section	.cyflashprotect,"a",%progbits
 1006              		.align	2
 1007              		.type	cy_meta_flashprotect, %object
 1008              		.size	cy_meta_flashprotect, 256
 1009              	cy_meta_flashprotect:
 1010 0000 00000000 		.space	256
 1010      00000000 
 1010      00000000 
 1010      00000000 
 1010      00000000 
 1011              		.global	cy_metadata
 1012              		.section	.cymeta,"a",%progbits
 1013              		.align	2
 1014              		.type	cy_metadata, %object
 1015              		.size	cy_metadata, 12
 1016              	cy_metadata:
 1017 0000 00       		.byte	0
 1018 0001 01       		.byte	1
 1019 0002 2E       		.byte	46
 1020 0003 16       		.byte	22
 1021 0004 10       		.byte	16
 1022 0005 69       		.byte	105
ARM GAS  C:\Users\cps\AppData\Local\Temp\ccz1ybQi.s 			page 19


 1023 0006 00       		.byte	0
 1024 0007 01       		.byte	1
 1025 0008 00       		.byte	0
 1026 0009 00       		.byte	0
 1027 000a 00       		.byte	0
 1028 000b 00       		.byte	0
 1029              		.text
 1030              	.Letext0:
 1031              		.file 1 ".\\Generated_Source\\PSoC5\\cymetadata.c"
 1032              		.file 2 ".\\Generated_Source\\PSoC5\\cytypes.h"
 1033              		.section	.debug_info,"",%progbits
 1034              	.Ldebug_info0:
 1035 0000 36010000 		.4byte	0x136
 1036 0004 0400     		.2byte	0x4
 1037 0006 00000000 		.4byte	.Ldebug_abbrev0
 1038 000a 04       		.byte	0x4
 1039 000b 01       		.uleb128 0x1
 1040 000c 00000000 		.4byte	.LASF18
 1041 0010 01       		.byte	0x1
 1042 0011 8E000000 		.4byte	.LASF19
 1043 0015 F9000000 		.4byte	.LASF20
 1044 0019 00000000 		.4byte	.Ldebug_line0
 1045 001d 02       		.uleb128 0x2
 1046 001e 01       		.byte	0x1
 1047 001f 06       		.byte	0x6
 1048 0020 D9010000 		.4byte	.LASF0
 1049 0024 02       		.uleb128 0x2
 1050 0025 01       		.byte	0x1
 1051 0026 08       		.byte	0x8
 1052 0027 C6000000 		.4byte	.LASF1
 1053 002b 02       		.uleb128 0x2
 1054 002c 02       		.byte	0x2
 1055 002d 05       		.byte	0x5
 1056 002e C0010000 		.4byte	.LASF2
 1057 0032 02       		.uleb128 0x2
 1058 0033 02       		.byte	0x2
 1059 0034 07       		.byte	0x7
 1060 0035 E6000000 		.4byte	.LASF3
 1061 0039 02       		.uleb128 0x2
 1062 003a 04       		.byte	0x4
 1063 003b 05       		.byte	0x5
 1064 003c D0010000 		.4byte	.LASF4
 1065 0040 02       		.uleb128 0x2
 1066 0041 04       		.byte	0x4
 1067 0042 07       		.byte	0x7
 1068 0043 D4000000 		.4byte	.LASF5
 1069 0047 02       		.uleb128 0x2
 1070 0048 08       		.byte	0x8
 1071 0049 05       		.byte	0x5
 1072 004a AD010000 		.4byte	.LASF6
 1073 004e 02       		.uleb128 0x2
 1074 004f 08       		.byte	0x8
 1075 0050 07       		.byte	0x7
 1076 0051 6A010000 		.4byte	.LASF7
 1077 0055 03       		.uleb128 0x3
 1078 0056 04       		.byte	0x4
 1079 0057 05       		.byte	0x5
ARM GAS  C:\Users\cps\AppData\Local\Temp\ccz1ybQi.s 			page 20


 1080 0058 696E7400 		.ascii	"int\000"
 1081 005c 02       		.uleb128 0x2
 1082 005d 04       		.byte	0x4
 1083 005e 07       		.byte	0x7
 1084 005f 5D010000 		.4byte	.LASF8
 1085 0063 04       		.uleb128 0x4
 1086 0064 CA010000 		.4byte	.LASF21
 1087 0068 02       		.byte	0x2
 1088 0069 A1       		.byte	0xa1
 1089 006a 24000000 		.4byte	0x24
 1090 006e 02       		.uleb128 0x2
 1091 006f 04       		.byte	0x4
 1092 0070 04       		.byte	0x4
 1093 0071 C0000000 		.4byte	.LASF9
 1094 0075 02       		.uleb128 0x2
 1095 0076 08       		.byte	0x8
 1096 0077 04       		.byte	0x4
 1097 0078 34010000 		.4byte	.LASF10
 1098 007c 02       		.uleb128 0x2
 1099 007d 01       		.byte	0x1
 1100 007e 08       		.byte	0x8
 1101 007f BB010000 		.4byte	.LASF11
 1102 0083 05       		.uleb128 0x5
 1103 0084 63000000 		.4byte	0x63
 1104 0088 94000000 		.4byte	0x94
 1105 008c 06       		.uleb128 0x6
 1106 008d 94000000 		.4byte	0x94
 1107 0091 BF03     		.2byte	0x3bf
 1108 0093 00       		.byte	0
 1109 0094 02       		.uleb128 0x2
 1110 0095 04       		.byte	0x4
 1111 0096 07       		.byte	0x7
 1112 0097 A4010000 		.4byte	.LASF12
 1113 009b 07       		.uleb128 0x7
 1114 009c 4B010000 		.4byte	.LASF13
 1115 00a0 01       		.byte	0x1
 1116 00a1 1F       		.byte	0x1f
 1117 00a2 AC000000 		.4byte	0xac
 1118 00a6 05       		.uleb128 0x5
 1119 00a7 03       		.byte	0x3
 1120 00a8 00000000 		.4byte	cy_meta_configecc
 1121 00ac 08       		.uleb128 0x8
 1122 00ad 83000000 		.4byte	0x83
 1123 00b1 05       		.uleb128 0x5
 1124 00b2 63000000 		.4byte	0x63
 1125 00b6 C1000000 		.4byte	0xc1
 1126 00ba 09       		.uleb128 0x9
 1127 00bb 94000000 		.4byte	0x94
 1128 00bf 03       		.byte	0x3
 1129 00c0 00       		.byte	0
 1130 00c1 07       		.uleb128 0x7
 1131 00c2 3B010000 		.4byte	.LASF14
 1132 00c6 01       		.byte	0x1
 1133 00c7 A4       		.byte	0xa4
 1134 00c8 D2000000 		.4byte	0xd2
 1135 00cc 05       		.uleb128 0x5
 1136 00cd 03       		.byte	0x3
ARM GAS  C:\Users\cps\AppData\Local\Temp\ccz1ybQi.s 			page 21


 1137 00ce 00000000 		.4byte	cy_meta_custnvl
 1138 00d2 08       		.uleb128 0x8
 1139 00d3 B1000000 		.4byte	0xb1
 1140 00d7 07       		.uleb128 0x7
 1141 00d8 96010000 		.4byte	.LASF15
 1142 00dc 01       		.byte	0x1
 1143 00dd B2       		.byte	0xb2
 1144 00de E8000000 		.4byte	0xe8
 1145 00e2 05       		.uleb128 0x5
 1146 00e3 03       		.byte	0x3
 1147 00e4 00000000 		.4byte	cy_meta_wonvl
 1148 00e8 08       		.uleb128 0x8
 1149 00e9 B1000000 		.4byte	0xb1
 1150 00ed 05       		.uleb128 0x5
 1151 00ee 63000000 		.4byte	0x63
 1152 00f2 FD000000 		.4byte	0xfd
 1153 00f6 09       		.uleb128 0x9
 1154 00f7 94000000 		.4byte	0x94
 1155 00fb FF       		.byte	0xff
 1156 00fc 00       		.byte	0
 1157 00fd 07       		.uleb128 0x7
 1158 00fe 81010000 		.4byte	.LASF16
 1159 0102 01       		.byte	0x1
 1160 0103 C0       		.byte	0xc0
 1161 0104 0E010000 		.4byte	0x10e
 1162 0108 05       		.uleb128 0x5
 1163 0109 03       		.byte	0x3
 1164 010a 00000000 		.4byte	cy_meta_flashprotect
 1165 010e 08       		.uleb128 0x8
 1166 010f ED000000 		.4byte	0xed
 1167 0113 05       		.uleb128 0x5
 1168 0114 63000000 		.4byte	0x63
 1169 0118 23010000 		.4byte	0x123
 1170 011c 09       		.uleb128 0x9
 1171 011d 94000000 		.4byte	0x94
 1172 0121 0B       		.byte	0xb
 1173 0122 00       		.byte	0
 1174 0123 07       		.uleb128 0x7
 1175 0124 B4000000 		.4byte	.LASF17
 1176 0128 01       		.byte	0x1
 1177 0129 ED       		.byte	0xed
 1178 012a 34010000 		.4byte	0x134
 1179 012e 05       		.uleb128 0x5
 1180 012f 03       		.byte	0x3
 1181 0130 00000000 		.4byte	cy_metadata
 1182 0134 08       		.uleb128 0x8
 1183 0135 13010000 		.4byte	0x113
 1184 0139 00       		.byte	0
 1185              		.section	.debug_abbrev,"",%progbits
 1186              	.Ldebug_abbrev0:
 1187 0000 01       		.uleb128 0x1
 1188 0001 11       		.uleb128 0x11
 1189 0002 01       		.byte	0x1
 1190 0003 25       		.uleb128 0x25
 1191 0004 0E       		.uleb128 0xe
 1192 0005 13       		.uleb128 0x13
 1193 0006 0B       		.uleb128 0xb
ARM GAS  C:\Users\cps\AppData\Local\Temp\ccz1ybQi.s 			page 22


 1194 0007 03       		.uleb128 0x3
 1195 0008 0E       		.uleb128 0xe
 1196 0009 1B       		.uleb128 0x1b
 1197 000a 0E       		.uleb128 0xe
 1198 000b 10       		.uleb128 0x10
 1199 000c 17       		.uleb128 0x17
 1200 000d 00       		.byte	0
 1201 000e 00       		.byte	0
 1202 000f 02       		.uleb128 0x2
 1203 0010 24       		.uleb128 0x24
 1204 0011 00       		.byte	0
 1205 0012 0B       		.uleb128 0xb
 1206 0013 0B       		.uleb128 0xb
 1207 0014 3E       		.uleb128 0x3e
 1208 0015 0B       		.uleb128 0xb
 1209 0016 03       		.uleb128 0x3
 1210 0017 0E       		.uleb128 0xe
 1211 0018 00       		.byte	0
 1212 0019 00       		.byte	0
 1213 001a 03       		.uleb128 0x3
 1214 001b 24       		.uleb128 0x24
 1215 001c 00       		.byte	0
 1216 001d 0B       		.uleb128 0xb
 1217 001e 0B       		.uleb128 0xb
 1218 001f 3E       		.uleb128 0x3e
 1219 0020 0B       		.uleb128 0xb
 1220 0021 03       		.uleb128 0x3
 1221 0022 08       		.uleb128 0x8
 1222 0023 00       		.byte	0
 1223 0024 00       		.byte	0
 1224 0025 04       		.uleb128 0x4
 1225 0026 16       		.uleb128 0x16
 1226 0027 00       		.byte	0
 1227 0028 03       		.uleb128 0x3
 1228 0029 0E       		.uleb128 0xe
 1229 002a 3A       		.uleb128 0x3a
 1230 002b 0B       		.uleb128 0xb
 1231 002c 3B       		.uleb128 0x3b
 1232 002d 0B       		.uleb128 0xb
 1233 002e 49       		.uleb128 0x49
 1234 002f 13       		.uleb128 0x13
 1235 0030 00       		.byte	0
 1236 0031 00       		.byte	0
 1237 0032 05       		.uleb128 0x5
 1238 0033 01       		.uleb128 0x1
 1239 0034 01       		.byte	0x1
 1240 0035 49       		.uleb128 0x49
 1241 0036 13       		.uleb128 0x13
 1242 0037 01       		.uleb128 0x1
 1243 0038 13       		.uleb128 0x13
 1244 0039 00       		.byte	0
 1245 003a 00       		.byte	0
 1246 003b 06       		.uleb128 0x6
 1247 003c 21       		.uleb128 0x21
 1248 003d 00       		.byte	0
 1249 003e 49       		.uleb128 0x49
 1250 003f 13       		.uleb128 0x13
ARM GAS  C:\Users\cps\AppData\Local\Temp\ccz1ybQi.s 			page 23


 1251 0040 2F       		.uleb128 0x2f
 1252 0041 05       		.uleb128 0x5
 1253 0042 00       		.byte	0
 1254 0043 00       		.byte	0
 1255 0044 07       		.uleb128 0x7
 1256 0045 34       		.uleb128 0x34
 1257 0046 00       		.byte	0
 1258 0047 03       		.uleb128 0x3
 1259 0048 0E       		.uleb128 0xe
 1260 0049 3A       		.uleb128 0x3a
 1261 004a 0B       		.uleb128 0xb
 1262 004b 3B       		.uleb128 0x3b
 1263 004c 0B       		.uleb128 0xb
 1264 004d 49       		.uleb128 0x49
 1265 004e 13       		.uleb128 0x13
 1266 004f 3F       		.uleb128 0x3f
 1267 0050 19       		.uleb128 0x19
 1268 0051 02       		.uleb128 0x2
 1269 0052 18       		.uleb128 0x18
 1270 0053 00       		.byte	0
 1271 0054 00       		.byte	0
 1272 0055 08       		.uleb128 0x8
 1273 0056 26       		.uleb128 0x26
 1274 0057 00       		.byte	0
 1275 0058 49       		.uleb128 0x49
 1276 0059 13       		.uleb128 0x13
 1277 005a 00       		.byte	0
 1278 005b 00       		.byte	0
 1279 005c 09       		.uleb128 0x9
 1280 005d 21       		.uleb128 0x21
 1281 005e 00       		.byte	0
 1282 005f 49       		.uleb128 0x49
 1283 0060 13       		.uleb128 0x13
 1284 0061 2F       		.uleb128 0x2f
 1285 0062 0B       		.uleb128 0xb
 1286 0063 00       		.byte	0
 1287 0064 00       		.byte	0
 1288 0065 00       		.byte	0
 1289              		.section	.debug_aranges,"",%progbits
 1290 0000 14000000 		.4byte	0x14
 1291 0004 0200     		.2byte	0x2
 1292 0006 00000000 		.4byte	.Ldebug_info0
 1293 000a 04       		.byte	0x4
 1294 000b 00       		.byte	0
 1295 000c 0000     		.2byte	0
 1296 000e 0000     		.2byte	0
 1297 0010 00000000 		.4byte	0
 1298 0014 00000000 		.4byte	0
 1299              		.section	.debug_line,"",%progbits
 1300              	.Ldebug_line0:
 1301 0000 4F000000 		.section	.debug_str,"MS",%progbits,1
 1301      02004900 
 1301      00000201 
 1301      FB0E0D00 
 1301      01010101 
 1302              	.LASF18:
 1303 0000 474E5520 		.ascii	"GNU C 4.9.3 20150303 (release) [ARM/embedded-4_9-br"
ARM GAS  C:\Users\cps\AppData\Local\Temp\ccz1ybQi.s 			page 24


 1303      4320342E 
 1303      392E3320 
 1303      32303135 
 1303      30333033 
 1304 0033 616E6368 		.ascii	"anch revision 221220] -mcpu=cortex-m3 -mthumb -g -O"
 1304      20726576 
 1304      6973696F 
 1304      6E203232 
 1304      31323230 
 1305 0066 30202D66 		.ascii	"0 -ffunction-sections -ffat-lto-objects\000"
 1305      66756E63 
 1305      74696F6E 
 1305      2D736563 
 1305      74696F6E 
 1306              	.LASF19:
 1307 008e 2E5C4765 		.ascii	".\\Generated_Source\\PSoC5\\cymetadata.c\000"
 1307      6E657261 
 1307      7465645F 
 1307      536F7572 
 1307      63655C50 
 1308              	.LASF17:
 1309 00b4 63795F6D 		.ascii	"cy_metadata\000"
 1309      65746164 
 1309      61746100 
 1310              	.LASF9:
 1311 00c0 666C6F61 		.ascii	"float\000"
 1311      7400
 1312              	.LASF1:
 1313 00c6 756E7369 		.ascii	"unsigned char\000"
 1313      676E6564 
 1313      20636861 
 1313      7200
 1314              	.LASF5:
 1315 00d4 6C6F6E67 		.ascii	"long unsigned int\000"
 1315      20756E73 
 1315      69676E65 
 1315      6420696E 
 1315      7400
 1316              	.LASF3:
 1317 00e6 73686F72 		.ascii	"short unsigned int\000"
 1317      7420756E 
 1317      7369676E 
 1317      65642069 
 1317      6E7400
 1318              	.LASF20:
 1319 00f9 433A5C55 		.ascii	"C:\\Users\\cps\\Documents\\kLab\\IoT\\CellBoard\\Ce"
 1319      73657273 
 1319      5C637073 
 1319      5C446F63 
 1319      756D656E 
 1320 0125 6C6C2042 		.ascii	"ll Board.cydsn\000"
 1320      6F617264 
 1320      2E637964 
 1320      736E00
 1321              	.LASF10:
 1322 0134 646F7562 		.ascii	"double\000"
 1322      6C6500
ARM GAS  C:\Users\cps\AppData\Local\Temp\ccz1ybQi.s 			page 25


 1323              	.LASF14:
 1324 013b 63795F6D 		.ascii	"cy_meta_custnvl\000"
 1324      6574615F 
 1324      63757374 
 1324      6E766C00 
 1325              	.LASF13:
 1326 014b 63795F6D 		.ascii	"cy_meta_configecc\000"
 1326      6574615F 
 1326      636F6E66 
 1326      69676563 
 1326      6300
 1327              	.LASF8:
 1328 015d 756E7369 		.ascii	"unsigned int\000"
 1328      676E6564 
 1328      20696E74 
 1328      00
 1329              	.LASF7:
 1330 016a 6C6F6E67 		.ascii	"long long unsigned int\000"
 1330      206C6F6E 
 1330      6720756E 
 1330      7369676E 
 1330      65642069 
 1331              	.LASF16:
 1332 0181 63795F6D 		.ascii	"cy_meta_flashprotect\000"
 1332      6574615F 
 1332      666C6173 
 1332      6870726F 
 1332      74656374 
 1333              	.LASF15:
 1334 0196 63795F6D 		.ascii	"cy_meta_wonvl\000"
 1334      6574615F 
 1334      776F6E76 
 1334      6C00
 1335              	.LASF12:
 1336 01a4 73697A65 		.ascii	"sizetype\000"
 1336      74797065 
 1336      00
 1337              	.LASF6:
 1338 01ad 6C6F6E67 		.ascii	"long long int\000"
 1338      206C6F6E 
 1338      6720696E 
 1338      7400
 1339              	.LASF11:
 1340 01bb 63686172 		.ascii	"char\000"
 1340      00
 1341              	.LASF2:
 1342 01c0 73686F72 		.ascii	"short int\000"
 1342      7420696E 
 1342      7400
 1343              	.LASF21:
 1344 01ca 75696E74 		.ascii	"uint8\000"
 1344      3800
 1345              	.LASF4:
 1346 01d0 6C6F6E67 		.ascii	"long int\000"
 1346      20696E74 
 1346      00
 1347              	.LASF0:
ARM GAS  C:\Users\cps\AppData\Local\Temp\ccz1ybQi.s 			page 26


 1348 01d9 7369676E 		.ascii	"signed char\000"
 1348      65642063 
 1348      68617200 
 1349              		.ident	"GCC: (GNU Tools for ARM Embedded Processors) 4.9.3 20150303 (release) [ARM/embedded-4_9-br
