ARM GAS  C:\Users\cps\AppData\Local\Temp\cc2vaqAo.s 			page 1


   1              		.syntax unified
   2              		.cpu cortex-m3
   3              		.fpu softvfp
   4              		.eabi_attribute 20, 1
   5              		.eabi_attribute 21, 1
   6              		.eabi_attribute 23, 3
   7              		.eabi_attribute 24, 1
   8              		.eabi_attribute 25, 1
   9              		.eabi_attribute 26, 1
  10              		.eabi_attribute 30, 6
  11              		.eabi_attribute 34, 1
  12              		.eabi_attribute 18, 4
  13              		.thumb
  14              		.file	"cyutils.c"
  15              		.text
  16              	.Ltext0:
  17              		.cfi_sections	.debug_frame
  18              		.section	.text.CySetReg24,"ax",%progbits
  19              		.align	2
  20              		.global	CySetReg24
  21              		.thumb
  22              		.thumb_func
  23              		.type	CySetReg24, %function
  24              	CySetReg24:
  25              	.LFB0:
  26              		.file 1 ".\\Generated_Source\\PSoC5\\cyutils.c"
   1:.\Generated_Source\PSoC5/cyutils.c **** /*******************************************************************************
   2:.\Generated_Source\PSoC5/cyutils.c **** * FILENAME: cyutils.c
   3:.\Generated_Source\PSoC5/cyutils.c **** * Version 4.20
   4:.\Generated_Source\PSoC5/cyutils.c **** *
   5:.\Generated_Source\PSoC5/cyutils.c **** *  Description:
   6:.\Generated_Source\PSoC5/cyutils.c **** *   CyUtils provides a function to handle 24-bit value writes.
   7:.\Generated_Source\PSoC5/cyutils.c **** *
   8:.\Generated_Source\PSoC5/cyutils.c **** ********************************************************************************
   9:.\Generated_Source\PSoC5/cyutils.c **** * Copyright 2008-2014, Cypress Semiconductor Corporation.  All rights reserved.
  10:.\Generated_Source\PSoC5/cyutils.c **** * You may use this file only in accordance with the license, terms, conditions,
  11:.\Generated_Source\PSoC5/cyutils.c **** * disclaimers, and limitations in the end user license agreement accompanying
  12:.\Generated_Source\PSoC5/cyutils.c **** * the software package with which this file was provided.
  13:.\Generated_Source\PSoC5/cyutils.c **** *******************************************************************************/
  14:.\Generated_Source\PSoC5/cyutils.c **** 
  15:.\Generated_Source\PSoC5/cyutils.c **** #include "cytypes.h"
  16:.\Generated_Source\PSoC5/cyutils.c **** 
  17:.\Generated_Source\PSoC5/cyutils.c **** #if (!CY_PSOC3)
  18:.\Generated_Source\PSoC5/cyutils.c **** 
  19:.\Generated_Source\PSoC5/cyutils.c ****     /***************************************************************************
  20:.\Generated_Source\PSoC5/cyutils.c ****     * Function Name: CySetReg24
  21:.\Generated_Source\PSoC5/cyutils.c ****     ****************************************************************************
  22:.\Generated_Source\PSoC5/cyutils.c ****     *
  23:.\Generated_Source\PSoC5/cyutils.c ****     * Summary:
  24:.\Generated_Source\PSoC5/cyutils.c ****     *  Writes a 24-bit value to the specified register.
  25:.\Generated_Source\PSoC5/cyutils.c ****     *
  26:.\Generated_Source\PSoC5/cyutils.c ****     * Parameters:
  27:.\Generated_Source\PSoC5/cyutils.c ****     *  addr : the address where data must be written.
  28:.\Generated_Source\PSoC5/cyutils.c ****     *  value: the data that must be written.
  29:.\Generated_Source\PSoC5/cyutils.c ****     *
  30:.\Generated_Source\PSoC5/cyutils.c ****     * Return:
  31:.\Generated_Source\PSoC5/cyutils.c ****     *  None
ARM GAS  C:\Users\cps\AppData\Local\Temp\cc2vaqAo.s 			page 2


  32:.\Generated_Source\PSoC5/cyutils.c ****     *
  33:.\Generated_Source\PSoC5/cyutils.c ****     * Reentrant:
  34:.\Generated_Source\PSoC5/cyutils.c ****     *  No
  35:.\Generated_Source\PSoC5/cyutils.c ****     *
  36:.\Generated_Source\PSoC5/cyutils.c ****     ***************************************************************************/
  37:.\Generated_Source\PSoC5/cyutils.c ****     void CySetReg24(uint32 volatile * addr, uint32 value)
  38:.\Generated_Source\PSoC5/cyutils.c ****     {
  27              		.loc 1 38 0
  28              		.cfi_startproc
  29              		@ args = 0, pretend = 0, frame = 16
  30              		@ frame_needed = 1, uses_anonymous_args = 0
  31              		@ link register save eliminated.
  32 0000 80B4     		push	{r7}
  33              		.cfi_def_cfa_offset 4
  34              		.cfi_offset 7, -4
  35 0002 85B0     		sub	sp, sp, #20
  36              		.cfi_def_cfa_offset 24
  37 0004 00AF     		add	r7, sp, #0
  38              		.cfi_def_cfa_register 7
  39 0006 7860     		str	r0, [r7, #4]
  40 0008 3960     		str	r1, [r7]
  39:.\Generated_Source\PSoC5/cyutils.c ****         uint8 volatile *tmpAddr;
  40:.\Generated_Source\PSoC5/cyutils.c **** 
  41:.\Generated_Source\PSoC5/cyutils.c ****         tmpAddr = (uint8 volatile *) addr;
  41              		.loc 1 41 0
  42 000a 7B68     		ldr	r3, [r7, #4]
  43 000c FB60     		str	r3, [r7, #12]
  42:.\Generated_Source\PSoC5/cyutils.c **** 
  43:.\Generated_Source\PSoC5/cyutils.c ****         tmpAddr[0u] = (uint8) value;
  44              		.loc 1 43 0
  45 000e 3B68     		ldr	r3, [r7]
  46 0010 DAB2     		uxtb	r2, r3
  47 0012 FB68     		ldr	r3, [r7, #12]
  48 0014 1A70     		strb	r2, [r3]
  44:.\Generated_Source\PSoC5/cyutils.c ****         tmpAddr[1u] = (uint8) (value >> 8u);
  49              		.loc 1 44 0
  50 0016 FB68     		ldr	r3, [r7, #12]
  51 0018 0133     		adds	r3, r3, #1
  52 001a 3A68     		ldr	r2, [r7]
  53 001c 120A     		lsrs	r2, r2, #8
  54 001e D2B2     		uxtb	r2, r2
  55 0020 1A70     		strb	r2, [r3]
  45:.\Generated_Source\PSoC5/cyutils.c ****         tmpAddr[2u] = (uint8) (value >> 16u);
  56              		.loc 1 45 0
  57 0022 FB68     		ldr	r3, [r7, #12]
  58 0024 0233     		adds	r3, r3, #2
  59 0026 3A68     		ldr	r2, [r7]
  60 0028 120C     		lsrs	r2, r2, #16
  61 002a D2B2     		uxtb	r2, r2
  62 002c 1A70     		strb	r2, [r3]
  46:.\Generated_Source\PSoC5/cyutils.c ****     }
  63              		.loc 1 46 0
  64 002e 1437     		adds	r7, r7, #20
  65              		.cfi_def_cfa_offset 4
  66 0030 BD46     		mov	sp, r7
  67              		.cfi_def_cfa_register 13
  68              		@ sp needed
ARM GAS  C:\Users\cps\AppData\Local\Temp\cc2vaqAo.s 			page 3


  69 0032 5DF8047B 		ldr	r7, [sp], #4
  70              		.cfi_restore 7
  71              		.cfi_def_cfa_offset 0
  72 0036 7047     		bx	lr
  73              		.cfi_endproc
  74              	.LFE0:
  75              		.size	CySetReg24, .-CySetReg24
  76              		.text
  77              	.Letext0:
  78              		.file 2 ".\\Generated_Source\\PSoC5\\cytypes.h"
  79              		.section	.debug_info,"",%progbits
  80              	.Ldebug_info0:
  81 0000 E9000000 		.4byte	0xe9
  82 0004 0400     		.2byte	0x4
  83 0006 00000000 		.4byte	.Ldebug_abbrev0
  84 000a 04       		.byte	0x4
  85 000b 01       		.uleb128 0x1
  86 000c 34000000 		.4byte	.LASF16
  87 0010 01       		.byte	0x1
  88 0011 06000000 		.4byte	.LASF17
  89 0015 08010000 		.4byte	.LASF18
  90 0019 00000000 		.4byte	.Ldebug_ranges0+0
  91 001d 00000000 		.4byte	0
  92 0021 00000000 		.4byte	.Ldebug_line0
  93 0025 02       		.uleb128 0x2
  94 0026 01       		.byte	0x1
  95 0027 06       		.byte	0x6
  96 0028 A1010000 		.4byte	.LASF0
  97 002c 02       		.uleb128 0x2
  98 002d 01       		.byte	0x1
  99 002e 08       		.byte	0x8
 100 002f CD000000 		.4byte	.LASF1
 101 0033 02       		.uleb128 0x2
 102 0034 02       		.byte	0x2
 103 0035 05       		.byte	0x5
 104 0036 88010000 		.4byte	.LASF2
 105 003a 02       		.uleb128 0x2
 106 003b 02       		.byte	0x2
 107 003c 07       		.byte	0x7
 108 003d F5000000 		.4byte	.LASF3
 109 0041 02       		.uleb128 0x2
 110 0042 04       		.byte	0x4
 111 0043 05       		.byte	0x5
 112 0044 98010000 		.4byte	.LASF4
 113 0048 02       		.uleb128 0x2
 114 0049 04       		.byte	0x4
 115 004a 07       		.byte	0x7
 116 004b E3000000 		.4byte	.LASF5
 117 004f 02       		.uleb128 0x2
 118 0050 08       		.byte	0x8
 119 0051 05       		.byte	0x5
 120 0052 75010000 		.4byte	.LASF6
 121 0056 02       		.uleb128 0x2
 122 0057 08       		.byte	0x8
 123 0058 07       		.byte	0x7
 124 0059 5E010000 		.4byte	.LASF7
 125 005d 03       		.uleb128 0x3
ARM GAS  C:\Users\cps\AppData\Local\Temp\cc2vaqAo.s 			page 4


 126 005e 04       		.byte	0x4
 127 005f 05       		.byte	0x5
 128 0060 696E7400 		.ascii	"int\000"
 129 0064 02       		.uleb128 0x2
 130 0065 04       		.byte	0x4
 131 0066 07       		.byte	0x7
 132 0067 51010000 		.4byte	.LASF8
 133 006b 04       		.uleb128 0x4
 134 006c 92010000 		.4byte	.LASF9
 135 0070 02       		.byte	0x2
 136 0071 A1       		.byte	0xa1
 137 0072 2C000000 		.4byte	0x2c
 138 0076 04       		.uleb128 0x4
 139 0077 4A010000 		.4byte	.LASF10
 140 007b 02       		.byte	0x2
 141 007c A3       		.byte	0xa3
 142 007d 48000000 		.4byte	0x48
 143 0081 02       		.uleb128 0x2
 144 0082 04       		.byte	0x4
 145 0083 04       		.byte	0x4
 146 0084 C7000000 		.4byte	.LASF11
 147 0088 02       		.uleb128 0x2
 148 0089 08       		.byte	0x8
 149 008a 04       		.byte	0x4
 150 008b 43010000 		.4byte	.LASF12
 151 008f 02       		.uleb128 0x2
 152 0090 01       		.byte	0x1
 153 0091 08       		.byte	0x8
 154 0092 83010000 		.4byte	.LASF13
 155 0096 05       		.uleb128 0x5
 156 0097 6B000000 		.4byte	0x6b
 157 009b 05       		.uleb128 0x5
 158 009c 76000000 		.4byte	0x76
 159 00a0 06       		.uleb128 0x6
 160 00a1 29000000 		.4byte	.LASF19
 161 00a5 01       		.byte	0x1
 162 00a6 25       		.byte	0x25
 163 00a7 00000000 		.4byte	.LFB0
 164 00ab 38000000 		.4byte	.LFE0-.LFB0
 165 00af 01       		.uleb128 0x1
 166 00b0 9C       		.byte	0x9c
 167 00b1 E0000000 		.4byte	0xe0
 168 00b5 07       		.uleb128 0x7
 169 00b6 C2000000 		.4byte	.LASF14
 170 00ba 01       		.byte	0x1
 171 00bb 25       		.byte	0x25
 172 00bc E0000000 		.4byte	0xe0
 173 00c0 02       		.uleb128 0x2
 174 00c1 91       		.byte	0x91
 175 00c2 6C       		.sleb128 -20
 176 00c3 07       		.uleb128 0x7
 177 00c4 00000000 		.4byte	.LASF15
 178 00c8 01       		.byte	0x1
 179 00c9 25       		.byte	0x25
 180 00ca 76000000 		.4byte	0x76
 181 00ce 02       		.uleb128 0x2
 182 00cf 91       		.byte	0x91
ARM GAS  C:\Users\cps\AppData\Local\Temp\cc2vaqAo.s 			page 5


 183 00d0 68       		.sleb128 -24
 184 00d1 08       		.uleb128 0x8
 185 00d2 DB000000 		.4byte	.LASF20
 186 00d6 01       		.byte	0x1
 187 00d7 27       		.byte	0x27
 188 00d8 E6000000 		.4byte	0xe6
 189 00dc 02       		.uleb128 0x2
 190 00dd 91       		.byte	0x91
 191 00de 74       		.sleb128 -12
 192 00df 00       		.byte	0
 193 00e0 09       		.uleb128 0x9
 194 00e1 04       		.byte	0x4
 195 00e2 9B000000 		.4byte	0x9b
 196 00e6 09       		.uleb128 0x9
 197 00e7 04       		.byte	0x4
 198 00e8 96000000 		.4byte	0x96
 199 00ec 00       		.byte	0
 200              		.section	.debug_abbrev,"",%progbits
 201              	.Ldebug_abbrev0:
 202 0000 01       		.uleb128 0x1
 203 0001 11       		.uleb128 0x11
 204 0002 01       		.byte	0x1
 205 0003 25       		.uleb128 0x25
 206 0004 0E       		.uleb128 0xe
 207 0005 13       		.uleb128 0x13
 208 0006 0B       		.uleb128 0xb
 209 0007 03       		.uleb128 0x3
 210 0008 0E       		.uleb128 0xe
 211 0009 1B       		.uleb128 0x1b
 212 000a 0E       		.uleb128 0xe
 213 000b 55       		.uleb128 0x55
 214 000c 17       		.uleb128 0x17
 215 000d 11       		.uleb128 0x11
 216 000e 01       		.uleb128 0x1
 217 000f 10       		.uleb128 0x10
 218 0010 17       		.uleb128 0x17
 219 0011 00       		.byte	0
 220 0012 00       		.byte	0
 221 0013 02       		.uleb128 0x2
 222 0014 24       		.uleb128 0x24
 223 0015 00       		.byte	0
 224 0016 0B       		.uleb128 0xb
 225 0017 0B       		.uleb128 0xb
 226 0018 3E       		.uleb128 0x3e
 227 0019 0B       		.uleb128 0xb
 228 001a 03       		.uleb128 0x3
 229 001b 0E       		.uleb128 0xe
 230 001c 00       		.byte	0
 231 001d 00       		.byte	0
 232 001e 03       		.uleb128 0x3
 233 001f 24       		.uleb128 0x24
 234 0020 00       		.byte	0
 235 0021 0B       		.uleb128 0xb
 236 0022 0B       		.uleb128 0xb
 237 0023 3E       		.uleb128 0x3e
 238 0024 0B       		.uleb128 0xb
 239 0025 03       		.uleb128 0x3
ARM GAS  C:\Users\cps\AppData\Local\Temp\cc2vaqAo.s 			page 6


 240 0026 08       		.uleb128 0x8
 241 0027 00       		.byte	0
 242 0028 00       		.byte	0
 243 0029 04       		.uleb128 0x4
 244 002a 16       		.uleb128 0x16
 245 002b 00       		.byte	0
 246 002c 03       		.uleb128 0x3
 247 002d 0E       		.uleb128 0xe
 248 002e 3A       		.uleb128 0x3a
 249 002f 0B       		.uleb128 0xb
 250 0030 3B       		.uleb128 0x3b
 251 0031 0B       		.uleb128 0xb
 252 0032 49       		.uleb128 0x49
 253 0033 13       		.uleb128 0x13
 254 0034 00       		.byte	0
 255 0035 00       		.byte	0
 256 0036 05       		.uleb128 0x5
 257 0037 35       		.uleb128 0x35
 258 0038 00       		.byte	0
 259 0039 49       		.uleb128 0x49
 260 003a 13       		.uleb128 0x13
 261 003b 00       		.byte	0
 262 003c 00       		.byte	0
 263 003d 06       		.uleb128 0x6
 264 003e 2E       		.uleb128 0x2e
 265 003f 01       		.byte	0x1
 266 0040 3F       		.uleb128 0x3f
 267 0041 19       		.uleb128 0x19
 268 0042 03       		.uleb128 0x3
 269 0043 0E       		.uleb128 0xe
 270 0044 3A       		.uleb128 0x3a
 271 0045 0B       		.uleb128 0xb
 272 0046 3B       		.uleb128 0x3b
 273 0047 0B       		.uleb128 0xb
 274 0048 27       		.uleb128 0x27
 275 0049 19       		.uleb128 0x19
 276 004a 11       		.uleb128 0x11
 277 004b 01       		.uleb128 0x1
 278 004c 12       		.uleb128 0x12
 279 004d 06       		.uleb128 0x6
 280 004e 40       		.uleb128 0x40
 281 004f 18       		.uleb128 0x18
 282 0050 9742     		.uleb128 0x2117
 283 0052 19       		.uleb128 0x19
 284 0053 01       		.uleb128 0x1
 285 0054 13       		.uleb128 0x13
 286 0055 00       		.byte	0
 287 0056 00       		.byte	0
 288 0057 07       		.uleb128 0x7
 289 0058 05       		.uleb128 0x5
 290 0059 00       		.byte	0
 291 005a 03       		.uleb128 0x3
 292 005b 0E       		.uleb128 0xe
 293 005c 3A       		.uleb128 0x3a
 294 005d 0B       		.uleb128 0xb
 295 005e 3B       		.uleb128 0x3b
 296 005f 0B       		.uleb128 0xb
ARM GAS  C:\Users\cps\AppData\Local\Temp\cc2vaqAo.s 			page 7


 297 0060 49       		.uleb128 0x49
 298 0061 13       		.uleb128 0x13
 299 0062 02       		.uleb128 0x2
 300 0063 18       		.uleb128 0x18
 301 0064 00       		.byte	0
 302 0065 00       		.byte	0
 303 0066 08       		.uleb128 0x8
 304 0067 34       		.uleb128 0x34
 305 0068 00       		.byte	0
 306 0069 03       		.uleb128 0x3
 307 006a 0E       		.uleb128 0xe
 308 006b 3A       		.uleb128 0x3a
 309 006c 0B       		.uleb128 0xb
 310 006d 3B       		.uleb128 0x3b
 311 006e 0B       		.uleb128 0xb
 312 006f 49       		.uleb128 0x49
 313 0070 13       		.uleb128 0x13
 314 0071 02       		.uleb128 0x2
 315 0072 18       		.uleb128 0x18
 316 0073 00       		.byte	0
 317 0074 00       		.byte	0
 318 0075 09       		.uleb128 0x9
 319 0076 0F       		.uleb128 0xf
 320 0077 00       		.byte	0
 321 0078 0B       		.uleb128 0xb
 322 0079 0B       		.uleb128 0xb
 323 007a 49       		.uleb128 0x49
 324 007b 13       		.uleb128 0x13
 325 007c 00       		.byte	0
 326 007d 00       		.byte	0
 327 007e 00       		.byte	0
 328              		.section	.debug_aranges,"",%progbits
 329 0000 1C000000 		.4byte	0x1c
 330 0004 0200     		.2byte	0x2
 331 0006 00000000 		.4byte	.Ldebug_info0
 332 000a 04       		.byte	0x4
 333 000b 00       		.byte	0
 334 000c 0000     		.2byte	0
 335 000e 0000     		.2byte	0
 336 0010 00000000 		.4byte	.LFB0
 337 0014 38000000 		.4byte	.LFE0-.LFB0
 338 0018 00000000 		.4byte	0
 339 001c 00000000 		.4byte	0
 340              		.section	.debug_ranges,"",%progbits
 341              	.Ldebug_ranges0:
 342 0000 00000000 		.4byte	.LFB0
 343 0004 38000000 		.4byte	.LFE0
 344 0008 00000000 		.4byte	0
 345 000c 00000000 		.4byte	0
 346              		.section	.debug_line,"",%progbits
 347              	.Ldebug_line0:
 348 0000 60000000 		.section	.debug_str,"MS",%progbits,1
 348      02004600 
 348      00000201 
 348      FB0E0D00 
 348      01010101 
 349              	.LASF15:
ARM GAS  C:\Users\cps\AppData\Local\Temp\cc2vaqAo.s 			page 8


 350 0000 76616C75 		.ascii	"value\000"
 350      6500
 351              	.LASF17:
 352 0006 2E5C4765 		.ascii	".\\Generated_Source\\PSoC5\\cyutils.c\000"
 352      6E657261 
 352      7465645F 
 352      536F7572 
 352      63655C50 
 353              	.LASF19:
 354 0029 43795365 		.ascii	"CySetReg24\000"
 354      74526567 
 354      323400
 355              	.LASF16:
 356 0034 474E5520 		.ascii	"GNU C 4.9.3 20150303 (release) [ARM/embedded-4_9-br"
 356      4320342E 
 356      392E3320 
 356      32303135 
 356      30333033 
 357 0067 616E6368 		.ascii	"anch revision 221220] -mcpu=cortex-m3 -mthumb -g -O"
 357      20726576 
 357      6973696F 
 357      6E203232 
 357      31323230 
 358 009a 30202D66 		.ascii	"0 -ffunction-sections -ffat-lto-objects\000"
 358      66756E63 
 358      74696F6E 
 358      2D736563 
 358      74696F6E 
 359              	.LASF14:
 360 00c2 61646472 		.ascii	"addr\000"
 360      00
 361              	.LASF11:
 362 00c7 666C6F61 		.ascii	"float\000"
 362      7400
 363              	.LASF1:
 364 00cd 756E7369 		.ascii	"unsigned char\000"
 364      676E6564 
 364      20636861 
 364      7200
 365              	.LASF20:
 366 00db 746D7041 		.ascii	"tmpAddr\000"
 366      64647200 
 367              	.LASF5:
 368 00e3 6C6F6E67 		.ascii	"long unsigned int\000"
 368      20756E73 
 368      69676E65 
 368      6420696E 
 368      7400
 369              	.LASF3:
 370 00f5 73686F72 		.ascii	"short unsigned int\000"
 370      7420756E 
 370      7369676E 
 370      65642069 
 370      6E7400
 371              	.LASF18:
 372 0108 433A5C55 		.ascii	"C:\\Users\\cps\\Documents\\kLab\\IoT\\CellBoard\\Ce"
 372      73657273 
ARM GAS  C:\Users\cps\AppData\Local\Temp\cc2vaqAo.s 			page 9


 372      5C637073 
 372      5C446F63 
 372      756D656E 
 373 0134 6C6C2042 		.ascii	"ll Board.cydsn\000"
 373      6F617264 
 373      2E637964 
 373      736E00
 374              	.LASF12:
 375 0143 646F7562 		.ascii	"double\000"
 375      6C6500
 376              	.LASF10:
 377 014a 75696E74 		.ascii	"uint32\000"
 377      333200
 378              	.LASF8:
 379 0151 756E7369 		.ascii	"unsigned int\000"
 379      676E6564 
 379      20696E74 
 379      00
 380              	.LASF7:
 381 015e 6C6F6E67 		.ascii	"long long unsigned int\000"
 381      206C6F6E 
 381      6720756E 
 381      7369676E 
 381      65642069 
 382              	.LASF6:
 383 0175 6C6F6E67 		.ascii	"long long int\000"
 383      206C6F6E 
 383      6720696E 
 383      7400
 384              	.LASF13:
 385 0183 63686172 		.ascii	"char\000"
 385      00
 386              	.LASF2:
 387 0188 73686F72 		.ascii	"short int\000"
 387      7420696E 
 387      7400
 388              	.LASF9:
 389 0192 75696E74 		.ascii	"uint8\000"
 389      3800
 390              	.LASF4:
 391 0198 6C6F6E67 		.ascii	"long int\000"
 391      20696E74 
 391      00
 392              	.LASF0:
 393 01a1 7369676E 		.ascii	"signed char\000"
 393      65642063 
 393      68617200 
 394              		.ident	"GCC: (GNU Tools for ARM Embedded Processors) 4.9.3 20150303 (release) [ARM/embedded-4_9-br
