ARM GAS  C:\Users\cps\AppData\Local\Temp\cc0zhkrT.s 			page 1


   1              		.syntax unified
   2              		.cpu cortex-m3
   3              		.fpu softvfp
   4              		.eabi_attribute 20, 1
   5              		.eabi_attribute 21, 1
   6              		.eabi_attribute 23, 3
   7              		.eabi_attribute 24, 1
   8              		.eabi_attribute 25, 1
   9              		.eabi_attribute 26, 1
  10              		.eabi_attribute 30, 6
  11              		.eabi_attribute 34, 1
  12              		.eabi_attribute 18, 4
  13              		.thumb
  14              		.file	"Telit_ControlReg.c"
  15              		.text
  16              	.Ltext0:
  17              		.cfi_sections	.debug_frame
  18              		.section	.text.Telit_ControlReg_Write,"ax",%progbits
  19              		.align	2
  20              		.global	Telit_ControlReg_Write
  21              		.thumb
  22              		.thumb_func
  23              		.type	Telit_ControlReg_Write, %function
  24              	Telit_ControlReg_Write:
  25              	.LFB0:
  26              		.file 1 ".\\Generated_Source\\PSoC5\\Telit_ControlReg.c"
   1:.\Generated_Source\PSoC5/Telit_ControlReg.c **** /*******************************************************************************
   2:.\Generated_Source\PSoC5/Telit_ControlReg.c **** * File Name: Telit_ControlReg.c  
   3:.\Generated_Source\PSoC5/Telit_ControlReg.c **** * Version 1.70
   4:.\Generated_Source\PSoC5/Telit_ControlReg.c **** *
   5:.\Generated_Source\PSoC5/Telit_ControlReg.c **** * Description:
   6:.\Generated_Source\PSoC5/Telit_ControlReg.c **** *  This file contains API to enable firmware control of a Control Register.
   7:.\Generated_Source\PSoC5/Telit_ControlReg.c **** *
   8:.\Generated_Source\PSoC5/Telit_ControlReg.c **** * Note:
   9:.\Generated_Source\PSoC5/Telit_ControlReg.c **** *
  10:.\Generated_Source\PSoC5/Telit_ControlReg.c **** ********************************************************************************
  11:.\Generated_Source\PSoC5/Telit_ControlReg.c **** * Copyright 2008-2012, Cypress Semiconductor Corporation.  All rights reserved.
  12:.\Generated_Source\PSoC5/Telit_ControlReg.c **** * You may use this file only in accordance with the license, terms, conditions, 
  13:.\Generated_Source\PSoC5/Telit_ControlReg.c **** * disclaimers, and limitations in the end user license agreement accompanying 
  14:.\Generated_Source\PSoC5/Telit_ControlReg.c **** * the software package with which this file was provided.
  15:.\Generated_Source\PSoC5/Telit_ControlReg.c **** *******************************************************************************/
  16:.\Generated_Source\PSoC5/Telit_ControlReg.c **** 
  17:.\Generated_Source\PSoC5/Telit_ControlReg.c **** #include "Telit_ControlReg.h"
  18:.\Generated_Source\PSoC5/Telit_ControlReg.c **** 
  19:.\Generated_Source\PSoC5/Telit_ControlReg.c **** #if !defined(Telit_ControlReg_Sync_ctrl_reg__REMOVED) /* Check for removal by optimization */
  20:.\Generated_Source\PSoC5/Telit_ControlReg.c **** 
  21:.\Generated_Source\PSoC5/Telit_ControlReg.c **** /*******************************************************************************
  22:.\Generated_Source\PSoC5/Telit_ControlReg.c **** * Function Name: Telit_ControlReg_Write
  23:.\Generated_Source\PSoC5/Telit_ControlReg.c **** ********************************************************************************
  24:.\Generated_Source\PSoC5/Telit_ControlReg.c **** *
  25:.\Generated_Source\PSoC5/Telit_ControlReg.c **** * Summary:
  26:.\Generated_Source\PSoC5/Telit_ControlReg.c **** *  Write a byte to the Control Register.
  27:.\Generated_Source\PSoC5/Telit_ControlReg.c **** *
  28:.\Generated_Source\PSoC5/Telit_ControlReg.c **** * Parameters:
  29:.\Generated_Source\PSoC5/Telit_ControlReg.c **** *  control:  The value to be assigned to the Control Register.
  30:.\Generated_Source\PSoC5/Telit_ControlReg.c **** *
  31:.\Generated_Source\PSoC5/Telit_ControlReg.c **** * Return:
ARM GAS  C:\Users\cps\AppData\Local\Temp\cc0zhkrT.s 			page 2


  32:.\Generated_Source\PSoC5/Telit_ControlReg.c **** *  None.
  33:.\Generated_Source\PSoC5/Telit_ControlReg.c **** *
  34:.\Generated_Source\PSoC5/Telit_ControlReg.c **** *******************************************************************************/
  35:.\Generated_Source\PSoC5/Telit_ControlReg.c **** void Telit_ControlReg_Write(uint8 control) 
  36:.\Generated_Source\PSoC5/Telit_ControlReg.c **** {
  27              		.loc 1 36 0
  28              		.cfi_startproc
  29              		@ args = 0, pretend = 0, frame = 8
  30              		@ frame_needed = 1, uses_anonymous_args = 0
  31              		@ link register save eliminated.
  32 0000 80B4     		push	{r7}
  33              		.cfi_def_cfa_offset 4
  34              		.cfi_offset 7, -4
  35 0002 83B0     		sub	sp, sp, #12
  36              		.cfi_def_cfa_offset 16
  37 0004 00AF     		add	r7, sp, #0
  38              		.cfi_def_cfa_register 7
  39 0006 0346     		mov	r3, r0
  40 0008 FB71     		strb	r3, [r7, #7]
  37:.\Generated_Source\PSoC5/Telit_ControlReg.c ****     Telit_ControlReg_Control = control;
  41              		.loc 1 37 0
  42 000a 044A     		ldr	r2, .L2
  43 000c FB79     		ldrb	r3, [r7, #7]
  44 000e 1370     		strb	r3, [r2]
  38:.\Generated_Source\PSoC5/Telit_ControlReg.c **** }
  45              		.loc 1 38 0
  46 0010 0C37     		adds	r7, r7, #12
  47              		.cfi_def_cfa_offset 4
  48 0012 BD46     		mov	sp, r7
  49              		.cfi_def_cfa_register 13
  50              		@ sp needed
  51 0014 5DF8047B 		ldr	r7, [sp], #4
  52              		.cfi_restore 7
  53              		.cfi_def_cfa_offset 0
  54 0018 7047     		bx	lr
  55              	.L3:
  56 001a 00BF     		.align	2
  57              	.L2:
  58 001c 76650040 		.word	1073767798
  59              		.cfi_endproc
  60              	.LFE0:
  61              		.size	Telit_ControlReg_Write, .-Telit_ControlReg_Write
  62              		.section	.text.Telit_ControlReg_Read,"ax",%progbits
  63              		.align	2
  64              		.global	Telit_ControlReg_Read
  65              		.thumb
  66              		.thumb_func
  67              		.type	Telit_ControlReg_Read, %function
  68              	Telit_ControlReg_Read:
  69              	.LFB1:
  39:.\Generated_Source\PSoC5/Telit_ControlReg.c **** 
  40:.\Generated_Source\PSoC5/Telit_ControlReg.c **** 
  41:.\Generated_Source\PSoC5/Telit_ControlReg.c **** /*******************************************************************************
  42:.\Generated_Source\PSoC5/Telit_ControlReg.c **** * Function Name: Telit_ControlReg_Read
  43:.\Generated_Source\PSoC5/Telit_ControlReg.c **** ********************************************************************************
  44:.\Generated_Source\PSoC5/Telit_ControlReg.c **** *
  45:.\Generated_Source\PSoC5/Telit_ControlReg.c **** * Summary:
ARM GAS  C:\Users\cps\AppData\Local\Temp\cc0zhkrT.s 			page 3


  46:.\Generated_Source\PSoC5/Telit_ControlReg.c **** *  Reads the current value assigned to the Control Register.
  47:.\Generated_Source\PSoC5/Telit_ControlReg.c **** *
  48:.\Generated_Source\PSoC5/Telit_ControlReg.c **** * Parameters:
  49:.\Generated_Source\PSoC5/Telit_ControlReg.c **** *  None.
  50:.\Generated_Source\PSoC5/Telit_ControlReg.c **** *
  51:.\Generated_Source\PSoC5/Telit_ControlReg.c **** * Return:
  52:.\Generated_Source\PSoC5/Telit_ControlReg.c **** *  Returns the current value in the Control Register.
  53:.\Generated_Source\PSoC5/Telit_ControlReg.c **** *
  54:.\Generated_Source\PSoC5/Telit_ControlReg.c **** *******************************************************************************/
  55:.\Generated_Source\PSoC5/Telit_ControlReg.c **** uint8 Telit_ControlReg_Read(void) 
  56:.\Generated_Source\PSoC5/Telit_ControlReg.c **** {
  70              		.loc 1 56 0
  71              		.cfi_startproc
  72              		@ args = 0, pretend = 0, frame = 0
  73              		@ frame_needed = 1, uses_anonymous_args = 0
  74              		@ link register save eliminated.
  75 0000 80B4     		push	{r7}
  76              		.cfi_def_cfa_offset 4
  77              		.cfi_offset 7, -4
  78 0002 00AF     		add	r7, sp, #0
  79              		.cfi_def_cfa_register 7
  57:.\Generated_Source\PSoC5/Telit_ControlReg.c ****     return Telit_ControlReg_Control;
  80              		.loc 1 57 0
  81 0004 034B     		ldr	r3, .L6
  82 0006 1B78     		ldrb	r3, [r3]
  83 0008 DBB2     		uxtb	r3, r3
  58:.\Generated_Source\PSoC5/Telit_ControlReg.c **** }
  84              		.loc 1 58 0
  85 000a 1846     		mov	r0, r3
  86 000c BD46     		mov	sp, r7
  87              		.cfi_def_cfa_register 13
  88              		@ sp needed
  89 000e 5DF8047B 		ldr	r7, [sp], #4
  90              		.cfi_restore 7
  91              		.cfi_def_cfa_offset 0
  92 0012 7047     		bx	lr
  93              	.L7:
  94              		.align	2
  95              	.L6:
  96 0014 76650040 		.word	1073767798
  97              		.cfi_endproc
  98              	.LFE1:
  99              		.size	Telit_ControlReg_Read, .-Telit_ControlReg_Read
 100              		.text
 101              	.Letext0:
 102              		.file 2 ".\\Generated_Source\\PSoC5\\cytypes.h"
 103              		.section	.debug_info,"",%progbits
 104              	.Ldebug_info0:
 105 0000 D2000000 		.4byte	0xd2
 106 0004 0400     		.2byte	0x4
 107 0006 00000000 		.4byte	.Ldebug_abbrev0
 108 000a 04       		.byte	0x4
 109 000b 01       		.uleb128 0x1
 110 000c 0E000000 		.4byte	.LASF14
 111 0010 01       		.byte	0x1
 112 0011 5F010000 		.4byte	.LASF15
 113 0015 E2000000 		.4byte	.LASF16
ARM GAS  C:\Users\cps\AppData\Local\Temp\cc0zhkrT.s 			page 4


 114 0019 00000000 		.4byte	.Ldebug_ranges0+0
 115 001d 00000000 		.4byte	0
 116 0021 00000000 		.4byte	.Ldebug_line0
 117 0025 02       		.uleb128 0x2
 118 0026 01       		.byte	0x1
 119 0027 06       		.byte	0x6
 120 0028 BF010000 		.4byte	.LASF0
 121 002c 02       		.uleb128 0x2
 122 002d 01       		.byte	0x1
 123 002e 08       		.byte	0x8
 124 002f A2000000 		.4byte	.LASF1
 125 0033 02       		.uleb128 0x2
 126 0034 02       		.byte	0x2
 127 0035 05       		.byte	0x5
 128 0036 90010000 		.4byte	.LASF2
 129 003a 02       		.uleb128 0x2
 130 003b 02       		.byte	0x2
 131 003c 07       		.byte	0x7
 132 003d C7000000 		.4byte	.LASF3
 133 0041 02       		.uleb128 0x2
 134 0042 04       		.byte	0x4
 135 0043 05       		.byte	0x5
 136 0044 A0010000 		.4byte	.LASF4
 137 0048 02       		.uleb128 0x2
 138 0049 04       		.byte	0x4
 139 004a 07       		.byte	0x7
 140 004b B5000000 		.4byte	.LASF5
 141 004f 02       		.uleb128 0x2
 142 0050 08       		.byte	0x8
 143 0051 05       		.byte	0x5
 144 0052 00000000 		.4byte	.LASF6
 145 0056 02       		.uleb128 0x2
 146 0057 08       		.byte	0x8
 147 0058 07       		.byte	0x7
 148 0059 48010000 		.4byte	.LASF7
 149 005d 03       		.uleb128 0x3
 150 005e 04       		.byte	0x4
 151 005f 05       		.byte	0x5
 152 0060 696E7400 		.ascii	"int\000"
 153 0064 02       		.uleb128 0x2
 154 0065 04       		.byte	0x4
 155 0066 07       		.byte	0x7
 156 0067 24010000 		.4byte	.LASF8
 157 006b 04       		.uleb128 0x4
 158 006c 9A010000 		.4byte	.LASF12
 159 0070 02       		.byte	0x2
 160 0071 A1       		.byte	0xa1
 161 0072 2C000000 		.4byte	0x2c
 162 0076 02       		.uleb128 0x2
 163 0077 04       		.byte	0x4
 164 0078 04       		.byte	0x4
 165 0079 9C000000 		.4byte	.LASF9
 166 007d 02       		.uleb128 0x2
 167 007e 08       		.byte	0x8
 168 007f 04       		.byte	0x4
 169 0080 1D010000 		.4byte	.LASF10
 170 0084 02       		.uleb128 0x2
ARM GAS  C:\Users\cps\AppData\Local\Temp\cc0zhkrT.s 			page 5


 171 0085 01       		.byte	0x1
 172 0086 08       		.byte	0x8
 173 0087 8B010000 		.4byte	.LASF11
 174 008b 05       		.uleb128 0x5
 175 008c B0000000 		.4byte	.LASF13
 176 0090 02       		.byte	0x2
 177 0091 4B01     		.2byte	0x14b
 178 0093 97000000 		.4byte	0x97
 179 0097 06       		.uleb128 0x6
 180 0098 6B000000 		.4byte	0x6b
 181 009c 07       		.uleb128 0x7
 182 009d 31010000 		.4byte	.LASF17
 183 00a1 01       		.byte	0x1
 184 00a2 23       		.byte	0x23
 185 00a3 00000000 		.4byte	.LFB0
 186 00a7 20000000 		.4byte	.LFE0-.LFB0
 187 00ab 01       		.uleb128 0x1
 188 00ac 9C       		.byte	0x9c
 189 00ad C0000000 		.4byte	0xc0
 190 00b1 08       		.uleb128 0x8
 191 00b2 DA000000 		.4byte	.LASF18
 192 00b6 01       		.byte	0x1
 193 00b7 23       		.byte	0x23
 194 00b8 6B000000 		.4byte	0x6b
 195 00bc 02       		.uleb128 0x2
 196 00bd 91       		.byte	0x91
 197 00be 77       		.sleb128 -9
 198 00bf 00       		.byte	0
 199 00c0 09       		.uleb128 0x9
 200 00c1 A9010000 		.4byte	.LASF19
 201 00c5 01       		.byte	0x1
 202 00c6 37       		.byte	0x37
 203 00c7 6B000000 		.4byte	0x6b
 204 00cb 00000000 		.4byte	.LFB1
 205 00cf 18000000 		.4byte	.LFE1-.LFB1
 206 00d3 01       		.uleb128 0x1
 207 00d4 9C       		.byte	0x9c
 208 00d5 00       		.byte	0
 209              		.section	.debug_abbrev,"",%progbits
 210              	.Ldebug_abbrev0:
 211 0000 01       		.uleb128 0x1
 212 0001 11       		.uleb128 0x11
 213 0002 01       		.byte	0x1
 214 0003 25       		.uleb128 0x25
 215 0004 0E       		.uleb128 0xe
 216 0005 13       		.uleb128 0x13
 217 0006 0B       		.uleb128 0xb
 218 0007 03       		.uleb128 0x3
 219 0008 0E       		.uleb128 0xe
 220 0009 1B       		.uleb128 0x1b
 221 000a 0E       		.uleb128 0xe
 222 000b 55       		.uleb128 0x55
 223 000c 17       		.uleb128 0x17
 224 000d 11       		.uleb128 0x11
 225 000e 01       		.uleb128 0x1
 226 000f 10       		.uleb128 0x10
 227 0010 17       		.uleb128 0x17
ARM GAS  C:\Users\cps\AppData\Local\Temp\cc0zhkrT.s 			page 6


 228 0011 00       		.byte	0
 229 0012 00       		.byte	0
 230 0013 02       		.uleb128 0x2
 231 0014 24       		.uleb128 0x24
 232 0015 00       		.byte	0
 233 0016 0B       		.uleb128 0xb
 234 0017 0B       		.uleb128 0xb
 235 0018 3E       		.uleb128 0x3e
 236 0019 0B       		.uleb128 0xb
 237 001a 03       		.uleb128 0x3
 238 001b 0E       		.uleb128 0xe
 239 001c 00       		.byte	0
 240 001d 00       		.byte	0
 241 001e 03       		.uleb128 0x3
 242 001f 24       		.uleb128 0x24
 243 0020 00       		.byte	0
 244 0021 0B       		.uleb128 0xb
 245 0022 0B       		.uleb128 0xb
 246 0023 3E       		.uleb128 0x3e
 247 0024 0B       		.uleb128 0xb
 248 0025 03       		.uleb128 0x3
 249 0026 08       		.uleb128 0x8
 250 0027 00       		.byte	0
 251 0028 00       		.byte	0
 252 0029 04       		.uleb128 0x4
 253 002a 16       		.uleb128 0x16
 254 002b 00       		.byte	0
 255 002c 03       		.uleb128 0x3
 256 002d 0E       		.uleb128 0xe
 257 002e 3A       		.uleb128 0x3a
 258 002f 0B       		.uleb128 0xb
 259 0030 3B       		.uleb128 0x3b
 260 0031 0B       		.uleb128 0xb
 261 0032 49       		.uleb128 0x49
 262 0033 13       		.uleb128 0x13
 263 0034 00       		.byte	0
 264 0035 00       		.byte	0
 265 0036 05       		.uleb128 0x5
 266 0037 16       		.uleb128 0x16
 267 0038 00       		.byte	0
 268 0039 03       		.uleb128 0x3
 269 003a 0E       		.uleb128 0xe
 270 003b 3A       		.uleb128 0x3a
 271 003c 0B       		.uleb128 0xb
 272 003d 3B       		.uleb128 0x3b
 273 003e 05       		.uleb128 0x5
 274 003f 49       		.uleb128 0x49
 275 0040 13       		.uleb128 0x13
 276 0041 00       		.byte	0
 277 0042 00       		.byte	0
 278 0043 06       		.uleb128 0x6
 279 0044 35       		.uleb128 0x35
 280 0045 00       		.byte	0
 281 0046 49       		.uleb128 0x49
 282 0047 13       		.uleb128 0x13
 283 0048 00       		.byte	0
 284 0049 00       		.byte	0
ARM GAS  C:\Users\cps\AppData\Local\Temp\cc0zhkrT.s 			page 7


 285 004a 07       		.uleb128 0x7
 286 004b 2E       		.uleb128 0x2e
 287 004c 01       		.byte	0x1
 288 004d 3F       		.uleb128 0x3f
 289 004e 19       		.uleb128 0x19
 290 004f 03       		.uleb128 0x3
 291 0050 0E       		.uleb128 0xe
 292 0051 3A       		.uleb128 0x3a
 293 0052 0B       		.uleb128 0xb
 294 0053 3B       		.uleb128 0x3b
 295 0054 0B       		.uleb128 0xb
 296 0055 27       		.uleb128 0x27
 297 0056 19       		.uleb128 0x19
 298 0057 11       		.uleb128 0x11
 299 0058 01       		.uleb128 0x1
 300 0059 12       		.uleb128 0x12
 301 005a 06       		.uleb128 0x6
 302 005b 40       		.uleb128 0x40
 303 005c 18       		.uleb128 0x18
 304 005d 9742     		.uleb128 0x2117
 305 005f 19       		.uleb128 0x19
 306 0060 01       		.uleb128 0x1
 307 0061 13       		.uleb128 0x13
 308 0062 00       		.byte	0
 309 0063 00       		.byte	0
 310 0064 08       		.uleb128 0x8
 311 0065 05       		.uleb128 0x5
 312 0066 00       		.byte	0
 313 0067 03       		.uleb128 0x3
 314 0068 0E       		.uleb128 0xe
 315 0069 3A       		.uleb128 0x3a
 316 006a 0B       		.uleb128 0xb
 317 006b 3B       		.uleb128 0x3b
 318 006c 0B       		.uleb128 0xb
 319 006d 49       		.uleb128 0x49
 320 006e 13       		.uleb128 0x13
 321 006f 02       		.uleb128 0x2
 322 0070 18       		.uleb128 0x18
 323 0071 00       		.byte	0
 324 0072 00       		.byte	0
 325 0073 09       		.uleb128 0x9
 326 0074 2E       		.uleb128 0x2e
 327 0075 00       		.byte	0
 328 0076 3F       		.uleb128 0x3f
 329 0077 19       		.uleb128 0x19
 330 0078 03       		.uleb128 0x3
 331 0079 0E       		.uleb128 0xe
 332 007a 3A       		.uleb128 0x3a
 333 007b 0B       		.uleb128 0xb
 334 007c 3B       		.uleb128 0x3b
 335 007d 0B       		.uleb128 0xb
 336 007e 27       		.uleb128 0x27
 337 007f 19       		.uleb128 0x19
 338 0080 49       		.uleb128 0x49
 339 0081 13       		.uleb128 0x13
 340 0082 11       		.uleb128 0x11
 341 0083 01       		.uleb128 0x1
ARM GAS  C:\Users\cps\AppData\Local\Temp\cc0zhkrT.s 			page 8


 342 0084 12       		.uleb128 0x12
 343 0085 06       		.uleb128 0x6
 344 0086 40       		.uleb128 0x40
 345 0087 18       		.uleb128 0x18
 346 0088 9742     		.uleb128 0x2117
 347 008a 19       		.uleb128 0x19
 348 008b 00       		.byte	0
 349 008c 00       		.byte	0
 350 008d 00       		.byte	0
 351              		.section	.debug_aranges,"",%progbits
 352 0000 24000000 		.4byte	0x24
 353 0004 0200     		.2byte	0x2
 354 0006 00000000 		.4byte	.Ldebug_info0
 355 000a 04       		.byte	0x4
 356 000b 00       		.byte	0
 357 000c 0000     		.2byte	0
 358 000e 0000     		.2byte	0
 359 0010 00000000 		.4byte	.LFB0
 360 0014 20000000 		.4byte	.LFE0-.LFB0
 361 0018 00000000 		.4byte	.LFB1
 362 001c 18000000 		.4byte	.LFE1-.LFB1
 363 0020 00000000 		.4byte	0
 364 0024 00000000 		.4byte	0
 365              		.section	.debug_ranges,"",%progbits
 366              	.Ldebug_ranges0:
 367 0000 00000000 		.4byte	.LFB0
 368 0004 20000000 		.4byte	.LFE0
 369 0008 00000000 		.4byte	.LFB1
 370 000c 18000000 		.4byte	.LFE1
 371 0010 00000000 		.4byte	0
 372 0014 00000000 		.4byte	0
 373              		.section	.debug_line,"",%progbits
 374              	.Ldebug_line0:
 375 0000 77000000 		.section	.debug_str,"MS",%progbits,1
 375      02004F00 
 375      00000201 
 375      FB0E0D00 
 375      01010101 
 376              	.LASF6:
 377 0000 6C6F6E67 		.ascii	"long long int\000"
 377      206C6F6E 
 377      6720696E 
 377      7400
 378              	.LASF14:
 379 000e 474E5520 		.ascii	"GNU C 4.9.3 20150303 (release) [ARM/embedded-4_9-br"
 379      4320342E 
 379      392E3320 
 379      32303135 
 379      30333033 
 380 0041 616E6368 		.ascii	"anch revision 221220] -mcpu=cortex-m3 -mthumb -g -O"
 380      20726576 
 380      6973696F 
 380      6E203232 
 380      31323230 
 381 0074 30202D66 		.ascii	"0 -ffunction-sections -ffat-lto-objects\000"
 381      66756E63 
 381      74696F6E 
ARM GAS  C:\Users\cps\AppData\Local\Temp\cc0zhkrT.s 			page 9


 381      2D736563 
 381      74696F6E 
 382              	.LASF9:
 383 009c 666C6F61 		.ascii	"float\000"
 383      7400
 384              	.LASF1:
 385 00a2 756E7369 		.ascii	"unsigned char\000"
 385      676E6564 
 385      20636861 
 385      7200
 386              	.LASF13:
 387 00b0 72656738 		.ascii	"reg8\000"
 387      00
 388              	.LASF5:
 389 00b5 6C6F6E67 		.ascii	"long unsigned int\000"
 389      20756E73 
 389      69676E65 
 389      6420696E 
 389      7400
 390              	.LASF3:
 391 00c7 73686F72 		.ascii	"short unsigned int\000"
 391      7420756E 
 391      7369676E 
 391      65642069 
 391      6E7400
 392              	.LASF18:
 393 00da 636F6E74 		.ascii	"control\000"
 393      726F6C00 
 394              	.LASF16:
 395 00e2 433A5C55 		.ascii	"C:\\Users\\cps\\Documents\\kLab\\IoT\\CellBoard\\Ce"
 395      73657273 
 395      5C637073 
 395      5C446F63 
 395      756D656E 
 396 010e 6C6C2042 		.ascii	"ll Board.cydsn\000"
 396      6F617264 
 396      2E637964 
 396      736E00
 397              	.LASF10:
 398 011d 646F7562 		.ascii	"double\000"
 398      6C6500
 399              	.LASF8:
 400 0124 756E7369 		.ascii	"unsigned int\000"
 400      676E6564 
 400      20696E74 
 400      00
 401              	.LASF17:
 402 0131 54656C69 		.ascii	"Telit_ControlReg_Write\000"
 402      745F436F 
 402      6E74726F 
 402      6C526567 
 402      5F577269 
 403              	.LASF7:
 404 0148 6C6F6E67 		.ascii	"long long unsigned int\000"
 404      206C6F6E 
 404      6720756E 
 404      7369676E 
ARM GAS  C:\Users\cps\AppData\Local\Temp\cc0zhkrT.s 			page 10


 404      65642069 
 405              	.LASF15:
 406 015f 2E5C4765 		.ascii	".\\Generated_Source\\PSoC5\\Telit_ControlReg.c\000"
 406      6E657261 
 406      7465645F 
 406      536F7572 
 406      63655C50 
 407              	.LASF11:
 408 018b 63686172 		.ascii	"char\000"
 408      00
 409              	.LASF2:
 410 0190 73686F72 		.ascii	"short int\000"
 410      7420696E 
 410      7400
 411              	.LASF12:
 412 019a 75696E74 		.ascii	"uint8\000"
 412      3800
 413              	.LASF4:
 414 01a0 6C6F6E67 		.ascii	"long int\000"
 414      20696E74 
 414      00
 415              	.LASF19:
 416 01a9 54656C69 		.ascii	"Telit_ControlReg_Read\000"
 416      745F436F 
 416      6E74726F 
 416      6C526567 
 416      5F526561 
 417              	.LASF0:
 418 01bf 7369676E 		.ascii	"signed char\000"
 418      65642063 
 418      68617200 
 419              		.ident	"GCC: (GNU Tools for ARM Embedded Processors) 4.9.3 20150303 (release) [ARM/embedded-4_9-br
