ARM GAS  C:\Users\karunmj\AppData\Local\Temp\ccyr6PCr.s 			page 1


   1              		.syntax unified
   2              		.cpu cortex-m3
   3              		.fpu softvfp
   4              		.eabi_attribute 20, 1
   5              		.eabi_attribute 21, 1
   6              		.eabi_attribute 23, 3
   7              		.eabi_attribute 24, 1
   8              		.eabi_attribute 25, 1
   9              		.eabi_attribute 26, 1
  10              		.eabi_attribute 30, 6
  11              		.eabi_attribute 18, 4
  12              		.thumb
  13              		.file	"NEOMOTE_1_NEO_RTC_INT1.c"
  14              		.section	.debug_abbrev,"",%progbits
  15              	.Ldebug_abbrev0:
  16              		.section	.debug_info,"",%progbits
  17              	.Ldebug_info0:
  18              		.section	.debug_line,"",%progbits
  19              	.Ldebug_line0:
  20 0000 CF000000 		.text
  20      02006F00 
  20      00000201 
  20      FB0E0D00 
  20      01010101 
  21              	.Ltext0:
  22              		.cfi_sections	.debug_frame
  23              		.section	.text.NEOMOTE_1_NEO_RTC_INT1_Write,"ax",%progbits
  24              		.align	2
  25              		.global	NEOMOTE_1_NEO_RTC_INT1_Write
  26              		.thumb
  27              		.thumb_func
  28              		.type	NEOMOTE_1_NEO_RTC_INT1_Write, %function
  29              	NEOMOTE_1_NEO_RTC_INT1_Write:
  30              	.LFB0:
  31              		.file 1 ".\\Generated_Source\\PSoC5\\NEOMOTE_1_NEO_RTC_INT1.c"
   1:.\Generated_Source\PSoC5/NEOMOTE_1_NEO_RTC_INT1.c **** /*******************************************************************************
   2:.\Generated_Source\PSoC5/NEOMOTE_1_NEO_RTC_INT1.c **** * File Name: NEOMOTE_1_NEO_RTC_INT1.c  
   3:.\Generated_Source\PSoC5/NEOMOTE_1_NEO_RTC_INT1.c **** * Version 1.90
   4:.\Generated_Source\PSoC5/NEOMOTE_1_NEO_RTC_INT1.c **** *
   5:.\Generated_Source\PSoC5/NEOMOTE_1_NEO_RTC_INT1.c **** * Description:
   6:.\Generated_Source\PSoC5/NEOMOTE_1_NEO_RTC_INT1.c **** *  This file contains API to enable firmware control of a Pins component.
   7:.\Generated_Source\PSoC5/NEOMOTE_1_NEO_RTC_INT1.c **** *
   8:.\Generated_Source\PSoC5/NEOMOTE_1_NEO_RTC_INT1.c **** * Note:
   9:.\Generated_Source\PSoC5/NEOMOTE_1_NEO_RTC_INT1.c **** *
  10:.\Generated_Source\PSoC5/NEOMOTE_1_NEO_RTC_INT1.c **** ********************************************************************************
  11:.\Generated_Source\PSoC5/NEOMOTE_1_NEO_RTC_INT1.c **** * Copyright 2008-2012, Cypress Semiconductor Corporation.  All rights reserved.
  12:.\Generated_Source\PSoC5/NEOMOTE_1_NEO_RTC_INT1.c **** * You may use this file only in accordance with the license, terms, conditions, 
  13:.\Generated_Source\PSoC5/NEOMOTE_1_NEO_RTC_INT1.c **** * disclaimers, and limitations in the end user license agreement accompanying 
  14:.\Generated_Source\PSoC5/NEOMOTE_1_NEO_RTC_INT1.c **** * the software package with which this file was provided.
  15:.\Generated_Source\PSoC5/NEOMOTE_1_NEO_RTC_INT1.c **** *******************************************************************************/
  16:.\Generated_Source\PSoC5/NEOMOTE_1_NEO_RTC_INT1.c **** 
  17:.\Generated_Source\PSoC5/NEOMOTE_1_NEO_RTC_INT1.c **** #include "cytypes.h"
  18:.\Generated_Source\PSoC5/NEOMOTE_1_NEO_RTC_INT1.c **** #include "NEOMOTE_1_NEO_RTC_INT1.h"
  19:.\Generated_Source\PSoC5/NEOMOTE_1_NEO_RTC_INT1.c **** 
  20:.\Generated_Source\PSoC5/NEOMOTE_1_NEO_RTC_INT1.c **** /* APIs are not generated for P15[7:6] on PSoC 5 */
  21:.\Generated_Source\PSoC5/NEOMOTE_1_NEO_RTC_INT1.c **** #if !(CY_PSOC5A &&\
  22:.\Generated_Source\PSoC5/NEOMOTE_1_NEO_RTC_INT1.c **** 	 NEOMOTE_1_NEO_RTC_INT1__PORT == 15 && ((NEOMOTE_1_NEO_RTC_INT1__MASK & 0xC0) != 0))
ARM GAS  C:\Users\karunmj\AppData\Local\Temp\ccyr6PCr.s 			page 2


  23:.\Generated_Source\PSoC5/NEOMOTE_1_NEO_RTC_INT1.c **** 
  24:.\Generated_Source\PSoC5/NEOMOTE_1_NEO_RTC_INT1.c **** 
  25:.\Generated_Source\PSoC5/NEOMOTE_1_NEO_RTC_INT1.c **** /*******************************************************************************
  26:.\Generated_Source\PSoC5/NEOMOTE_1_NEO_RTC_INT1.c **** * Function Name: NEOMOTE_1_NEO_RTC_INT1_Write
  27:.\Generated_Source\PSoC5/NEOMOTE_1_NEO_RTC_INT1.c **** ********************************************************************************
  28:.\Generated_Source\PSoC5/NEOMOTE_1_NEO_RTC_INT1.c **** *
  29:.\Generated_Source\PSoC5/NEOMOTE_1_NEO_RTC_INT1.c **** * Summary:
  30:.\Generated_Source\PSoC5/NEOMOTE_1_NEO_RTC_INT1.c **** *  Assign a new value to the digital port's data output register.  
  31:.\Generated_Source\PSoC5/NEOMOTE_1_NEO_RTC_INT1.c **** *
  32:.\Generated_Source\PSoC5/NEOMOTE_1_NEO_RTC_INT1.c **** * Parameters:  
  33:.\Generated_Source\PSoC5/NEOMOTE_1_NEO_RTC_INT1.c **** *  prtValue:  The value to be assigned to the Digital Port. 
  34:.\Generated_Source\PSoC5/NEOMOTE_1_NEO_RTC_INT1.c **** *
  35:.\Generated_Source\PSoC5/NEOMOTE_1_NEO_RTC_INT1.c **** * Return: 
  36:.\Generated_Source\PSoC5/NEOMOTE_1_NEO_RTC_INT1.c **** *  None
  37:.\Generated_Source\PSoC5/NEOMOTE_1_NEO_RTC_INT1.c **** *  
  38:.\Generated_Source\PSoC5/NEOMOTE_1_NEO_RTC_INT1.c **** *******************************************************************************/
  39:.\Generated_Source\PSoC5/NEOMOTE_1_NEO_RTC_INT1.c **** void NEOMOTE_1_NEO_RTC_INT1_Write(uint8 value) 
  40:.\Generated_Source\PSoC5/NEOMOTE_1_NEO_RTC_INT1.c **** {
  32              		.loc 1 40 0
  33              		.cfi_startproc
  34              		@ args = 0, pretend = 0, frame = 16
  35              		@ frame_needed = 1, uses_anonymous_args = 0
  36              		@ link register save eliminated.
  37 0000 80B4     		push	{r7}
  38              	.LCFI0:
  39              		.cfi_def_cfa_offset 4
  40 0002 85B0     		sub	sp, sp, #20
  41              	.LCFI1:
  42              		.cfi_def_cfa_offset 24
  43 0004 00AF     		add	r7, sp, #0
  44              		.cfi_offset 7, -4
  45              	.LCFI2:
  46              		.cfi_def_cfa_register 7
  47 0006 0346     		mov	r3, r0
  48 0008 FB71     		strb	r3, [r7, #7]
  41:.\Generated_Source\PSoC5/NEOMOTE_1_NEO_RTC_INT1.c ****     uint8 staticBits = (NEOMOTE_1_NEO_RTC_INT1_DR & (uint8)(~NEOMOTE_1_NEO_RTC_INT1_MASK));
  49              		.loc 1 41 0
  50 000a 45F21013 		movw	r3, #:lower16:1073762576
  51 000e C4F20003 		movt	r3, #:upper16:1073762576
  52 0012 1B78     		ldrb	r3, [r3, #0]
  53 0014 DBB2     		uxtb	r3, r3
  54 0016 23F04003 		bic	r3, r3, #64
  55 001a FB73     		strb	r3, [r7, #15]
  42:.\Generated_Source\PSoC5/NEOMOTE_1_NEO_RTC_INT1.c ****     NEOMOTE_1_NEO_RTC_INT1_DR = staticBits | ((uint8)(value << NEOMOTE_1_NEO_RTC_INT1_SHIFT) & NEOM
  56              		.loc 1 42 0
  57 001c 45F21013 		movw	r3, #:lower16:1073762576
  58 0020 C4F20003 		movt	r3, #:upper16:1073762576
  59 0024 FA79     		ldrb	r2, [r7, #7]
  60 0026 4FEA8212 		lsl	r2, r2, #6
  61 002a D2B2     		uxtb	r2, r2
  62 002c 02F04002 		and	r2, r2, #64
  63 0030 F97B     		ldrb	r1, [r7, #15]
  64 0032 42EA0102 		orr	r2, r2, r1
  65 0036 D2B2     		uxtb	r2, r2
  66 0038 1A70     		strb	r2, [r3, #0]
  43:.\Generated_Source\PSoC5/NEOMOTE_1_NEO_RTC_INT1.c **** }
  67              		.loc 1 43 0
ARM GAS  C:\Users\karunmj\AppData\Local\Temp\ccyr6PCr.s 			page 3


  68 003a 07F11407 		add	r7, r7, #20
  69 003e BD46     		mov	sp, r7
  70 0040 80BC     		pop	{r7}
  71 0042 7047     		bx	lr
  72              		.cfi_endproc
  73              	.LFE0:
  74              		.size	NEOMOTE_1_NEO_RTC_INT1_Write, .-NEOMOTE_1_NEO_RTC_INT1_Write
  75              		.section	.text.NEOMOTE_1_NEO_RTC_INT1_SetDriveMode,"ax",%progbits
  76              		.align	2
  77              		.global	NEOMOTE_1_NEO_RTC_INT1_SetDriveMode
  78              		.thumb
  79              		.thumb_func
  80              		.type	NEOMOTE_1_NEO_RTC_INT1_SetDriveMode, %function
  81              	NEOMOTE_1_NEO_RTC_INT1_SetDriveMode:
  82              	.LFB1:
  44:.\Generated_Source\PSoC5/NEOMOTE_1_NEO_RTC_INT1.c **** 
  45:.\Generated_Source\PSoC5/NEOMOTE_1_NEO_RTC_INT1.c **** 
  46:.\Generated_Source\PSoC5/NEOMOTE_1_NEO_RTC_INT1.c **** /*******************************************************************************
  47:.\Generated_Source\PSoC5/NEOMOTE_1_NEO_RTC_INT1.c **** * Function Name: NEOMOTE_1_NEO_RTC_INT1_SetDriveMode
  48:.\Generated_Source\PSoC5/NEOMOTE_1_NEO_RTC_INT1.c **** ********************************************************************************
  49:.\Generated_Source\PSoC5/NEOMOTE_1_NEO_RTC_INT1.c **** *
  50:.\Generated_Source\PSoC5/NEOMOTE_1_NEO_RTC_INT1.c **** * Summary:
  51:.\Generated_Source\PSoC5/NEOMOTE_1_NEO_RTC_INT1.c **** *  Change the drive mode on the pins of the port.
  52:.\Generated_Source\PSoC5/NEOMOTE_1_NEO_RTC_INT1.c **** * 
  53:.\Generated_Source\PSoC5/NEOMOTE_1_NEO_RTC_INT1.c **** * Parameters:  
  54:.\Generated_Source\PSoC5/NEOMOTE_1_NEO_RTC_INT1.c **** *  mode:  Change the pins to this drive mode.
  55:.\Generated_Source\PSoC5/NEOMOTE_1_NEO_RTC_INT1.c **** *
  56:.\Generated_Source\PSoC5/NEOMOTE_1_NEO_RTC_INT1.c **** * Return: 
  57:.\Generated_Source\PSoC5/NEOMOTE_1_NEO_RTC_INT1.c **** *  None
  58:.\Generated_Source\PSoC5/NEOMOTE_1_NEO_RTC_INT1.c **** *
  59:.\Generated_Source\PSoC5/NEOMOTE_1_NEO_RTC_INT1.c **** *******************************************************************************/
  60:.\Generated_Source\PSoC5/NEOMOTE_1_NEO_RTC_INT1.c **** void NEOMOTE_1_NEO_RTC_INT1_SetDriveMode(uint8 mode) 
  61:.\Generated_Source\PSoC5/NEOMOTE_1_NEO_RTC_INT1.c **** {
  83              		.loc 1 61 0
  84              		.cfi_startproc
  85              		@ args = 0, pretend = 0, frame = 8
  86              		@ frame_needed = 1, uses_anonymous_args = 0
  87              		@ link register save eliminated.
  88 0000 80B4     		push	{r7}
  89              	.LCFI3:
  90              		.cfi_def_cfa_offset 4
  91 0002 83B0     		sub	sp, sp, #12
  92              	.LCFI4:
  93              		.cfi_def_cfa_offset 16
  94 0004 00AF     		add	r7, sp, #0
  95              		.cfi_offset 7, -4
  96              	.LCFI5:
  97              		.cfi_def_cfa_register 7
  98 0006 0346     		mov	r3, r0
  99 0008 FB71     		strb	r3, [r7, #7]
  62:.\Generated_Source\PSoC5/NEOMOTE_1_NEO_RTC_INT1.c **** 	CyPins_SetPinDriveMode(NEOMOTE_1_NEO_RTC_INT1_0, mode);
 100              		.loc 1 62 0
 101 000a 45F20E03 		movw	r3, #:lower16:1073762318
 102 000e C4F20003 		movt	r3, #:upper16:1073762318
 103 0012 45F20E02 		movw	r2, #:lower16:1073762318
 104 0016 C4F20002 		movt	r2, #:upper16:1073762318
 105 001a 1278     		ldrb	r2, [r2, #0]
ARM GAS  C:\Users\karunmj\AppData\Local\Temp\ccyr6PCr.s 			page 4


 106 001c D2B2     		uxtb	r2, r2
 107 001e D1B2     		uxtb	r1, r2
 108 0020 01F0F101 		and	r1, r1, #241
 109 0024 FA79     		ldrb	r2, [r7, #7]	@ zero_extendqisi2
 110 0026 D2B2     		uxtb	r2, r2
 111 0028 02F00E02 		and	r2, r2, #14
 112 002c 41EA0202 		orr	r2, r1, r2
 113 0030 D2B2     		uxtb	r2, r2
 114 0032 D2B2     		uxtb	r2, r2
 115 0034 1A70     		strb	r2, [r3, #0]
  63:.\Generated_Source\PSoC5/NEOMOTE_1_NEO_RTC_INT1.c **** }
 116              		.loc 1 63 0
 117 0036 07F10C07 		add	r7, r7, #12
 118 003a BD46     		mov	sp, r7
 119 003c 80BC     		pop	{r7}
 120 003e 7047     		bx	lr
 121              		.cfi_endproc
 122              	.LFE1:
 123              		.size	NEOMOTE_1_NEO_RTC_INT1_SetDriveMode, .-NEOMOTE_1_NEO_RTC_INT1_SetDriveMode
 124              		.section	.text.NEOMOTE_1_NEO_RTC_INT1_Read,"ax",%progbits
 125              		.align	2
 126              		.global	NEOMOTE_1_NEO_RTC_INT1_Read
 127              		.thumb
 128              		.thumb_func
 129              		.type	NEOMOTE_1_NEO_RTC_INT1_Read, %function
 130              	NEOMOTE_1_NEO_RTC_INT1_Read:
 131              	.LFB2:
  64:.\Generated_Source\PSoC5/NEOMOTE_1_NEO_RTC_INT1.c **** 
  65:.\Generated_Source\PSoC5/NEOMOTE_1_NEO_RTC_INT1.c **** 
  66:.\Generated_Source\PSoC5/NEOMOTE_1_NEO_RTC_INT1.c **** /*******************************************************************************
  67:.\Generated_Source\PSoC5/NEOMOTE_1_NEO_RTC_INT1.c **** * Function Name: NEOMOTE_1_NEO_RTC_INT1_Read
  68:.\Generated_Source\PSoC5/NEOMOTE_1_NEO_RTC_INT1.c **** ********************************************************************************
  69:.\Generated_Source\PSoC5/NEOMOTE_1_NEO_RTC_INT1.c **** *
  70:.\Generated_Source\PSoC5/NEOMOTE_1_NEO_RTC_INT1.c **** * Summary:
  71:.\Generated_Source\PSoC5/NEOMOTE_1_NEO_RTC_INT1.c **** *  Read the current value on the pins of the Digital Port in right justified 
  72:.\Generated_Source\PSoC5/NEOMOTE_1_NEO_RTC_INT1.c **** *  form.
  73:.\Generated_Source\PSoC5/NEOMOTE_1_NEO_RTC_INT1.c **** *
  74:.\Generated_Source\PSoC5/NEOMOTE_1_NEO_RTC_INT1.c **** * Parameters:  
  75:.\Generated_Source\PSoC5/NEOMOTE_1_NEO_RTC_INT1.c **** *  None
  76:.\Generated_Source\PSoC5/NEOMOTE_1_NEO_RTC_INT1.c **** *
  77:.\Generated_Source\PSoC5/NEOMOTE_1_NEO_RTC_INT1.c **** * Return: 
  78:.\Generated_Source\PSoC5/NEOMOTE_1_NEO_RTC_INT1.c **** *  Returns the current value of the Digital Port as a right justified number
  79:.\Generated_Source\PSoC5/NEOMOTE_1_NEO_RTC_INT1.c **** *  
  80:.\Generated_Source\PSoC5/NEOMOTE_1_NEO_RTC_INT1.c **** * Note:
  81:.\Generated_Source\PSoC5/NEOMOTE_1_NEO_RTC_INT1.c **** *  Macro NEOMOTE_1_NEO_RTC_INT1_ReadPS calls this function. 
  82:.\Generated_Source\PSoC5/NEOMOTE_1_NEO_RTC_INT1.c **** *  
  83:.\Generated_Source\PSoC5/NEOMOTE_1_NEO_RTC_INT1.c **** *******************************************************************************/
  84:.\Generated_Source\PSoC5/NEOMOTE_1_NEO_RTC_INT1.c **** uint8 NEOMOTE_1_NEO_RTC_INT1_Read(void) 
  85:.\Generated_Source\PSoC5/NEOMOTE_1_NEO_RTC_INT1.c **** {
 132              		.loc 1 85 0
 133              		.cfi_startproc
 134              		@ args = 0, pretend = 0, frame = 0
 135              		@ frame_needed = 1, uses_anonymous_args = 0
 136              		@ link register save eliminated.
 137 0000 80B4     		push	{r7}
 138              	.LCFI6:
 139              		.cfi_def_cfa_offset 4
ARM GAS  C:\Users\karunmj\AppData\Local\Temp\ccyr6PCr.s 			page 5


 140 0002 00AF     		add	r7, sp, #0
 141              		.cfi_offset 7, -4
 142              	.LCFI7:
 143              		.cfi_def_cfa_register 7
  86:.\Generated_Source\PSoC5/NEOMOTE_1_NEO_RTC_INT1.c ****     return (NEOMOTE_1_NEO_RTC_INT1_PS & NEOMOTE_1_NEO_RTC_INT1_MASK) >> NEOMOTE_1_NEO_RTC_INT1_SHIF
 144              		.loc 1 86 0
 145 0004 45F21113 		movw	r3, #:lower16:1073762577
 146 0008 C4F20003 		movt	r3, #:upper16:1073762577
 147 000c 1B78     		ldrb	r3, [r3, #0]
 148 000e DBB2     		uxtb	r3, r3
 149 0010 03F04003 		and	r3, r3, #64
 150 0014 4FEA9313 		lsr	r3, r3, #6
 151 0018 DBB2     		uxtb	r3, r3
  87:.\Generated_Source\PSoC5/NEOMOTE_1_NEO_RTC_INT1.c **** }
 152              		.loc 1 87 0
 153 001a 1846     		mov	r0, r3
 154 001c BD46     		mov	sp, r7
 155 001e 80BC     		pop	{r7}
 156 0020 7047     		bx	lr
 157              		.cfi_endproc
 158              	.LFE2:
 159              		.size	NEOMOTE_1_NEO_RTC_INT1_Read, .-NEOMOTE_1_NEO_RTC_INT1_Read
 160 0022 00BF     		.section	.text.NEOMOTE_1_NEO_RTC_INT1_ReadDataReg,"ax",%progbits
 161              		.align	2
 162              		.global	NEOMOTE_1_NEO_RTC_INT1_ReadDataReg
 163              		.thumb
 164              		.thumb_func
 165              		.type	NEOMOTE_1_NEO_RTC_INT1_ReadDataReg, %function
 166              	NEOMOTE_1_NEO_RTC_INT1_ReadDataReg:
 167              	.LFB3:
  88:.\Generated_Source\PSoC5/NEOMOTE_1_NEO_RTC_INT1.c **** 
  89:.\Generated_Source\PSoC5/NEOMOTE_1_NEO_RTC_INT1.c **** 
  90:.\Generated_Source\PSoC5/NEOMOTE_1_NEO_RTC_INT1.c **** /*******************************************************************************
  91:.\Generated_Source\PSoC5/NEOMOTE_1_NEO_RTC_INT1.c **** * Function Name: NEOMOTE_1_NEO_RTC_INT1_ReadDataReg
  92:.\Generated_Source\PSoC5/NEOMOTE_1_NEO_RTC_INT1.c **** ********************************************************************************
  93:.\Generated_Source\PSoC5/NEOMOTE_1_NEO_RTC_INT1.c **** *
  94:.\Generated_Source\PSoC5/NEOMOTE_1_NEO_RTC_INT1.c **** * Summary:
  95:.\Generated_Source\PSoC5/NEOMOTE_1_NEO_RTC_INT1.c **** *  Read the current value assigned to a Digital Port's data output register
  96:.\Generated_Source\PSoC5/NEOMOTE_1_NEO_RTC_INT1.c **** *
  97:.\Generated_Source\PSoC5/NEOMOTE_1_NEO_RTC_INT1.c **** * Parameters:  
  98:.\Generated_Source\PSoC5/NEOMOTE_1_NEO_RTC_INT1.c **** *  None 
  99:.\Generated_Source\PSoC5/NEOMOTE_1_NEO_RTC_INT1.c **** *
 100:.\Generated_Source\PSoC5/NEOMOTE_1_NEO_RTC_INT1.c **** * Return: 
 101:.\Generated_Source\PSoC5/NEOMOTE_1_NEO_RTC_INT1.c **** *  Returns the current value assigned to the Digital Port's data output register
 102:.\Generated_Source\PSoC5/NEOMOTE_1_NEO_RTC_INT1.c **** *  
 103:.\Generated_Source\PSoC5/NEOMOTE_1_NEO_RTC_INT1.c **** *******************************************************************************/
 104:.\Generated_Source\PSoC5/NEOMOTE_1_NEO_RTC_INT1.c **** uint8 NEOMOTE_1_NEO_RTC_INT1_ReadDataReg(void) 
 105:.\Generated_Source\PSoC5/NEOMOTE_1_NEO_RTC_INT1.c **** {
 168              		.loc 1 105 0
 169              		.cfi_startproc
 170              		@ args = 0, pretend = 0, frame = 0
 171              		@ frame_needed = 1, uses_anonymous_args = 0
 172              		@ link register save eliminated.
 173 0000 80B4     		push	{r7}
 174              	.LCFI8:
 175              		.cfi_def_cfa_offset 4
 176 0002 00AF     		add	r7, sp, #0
ARM GAS  C:\Users\karunmj\AppData\Local\Temp\ccyr6PCr.s 			page 6


 177              		.cfi_offset 7, -4
 178              	.LCFI9:
 179              		.cfi_def_cfa_register 7
 106:.\Generated_Source\PSoC5/NEOMOTE_1_NEO_RTC_INT1.c ****     return (NEOMOTE_1_NEO_RTC_INT1_DR & NEOMOTE_1_NEO_RTC_INT1_MASK) >> NEOMOTE_1_NEO_RTC_INT1_SHIF
 180              		.loc 1 106 0
 181 0004 45F21013 		movw	r3, #:lower16:1073762576
 182 0008 C4F20003 		movt	r3, #:upper16:1073762576
 183 000c 1B78     		ldrb	r3, [r3, #0]
 184 000e DBB2     		uxtb	r3, r3
 185 0010 03F04003 		and	r3, r3, #64
 186 0014 4FEA9313 		lsr	r3, r3, #6
 187 0018 DBB2     		uxtb	r3, r3
 107:.\Generated_Source\PSoC5/NEOMOTE_1_NEO_RTC_INT1.c **** }
 188              		.loc 1 107 0
 189 001a 1846     		mov	r0, r3
 190 001c BD46     		mov	sp, r7
 191 001e 80BC     		pop	{r7}
 192 0020 7047     		bx	lr
 193              		.cfi_endproc
 194              	.LFE3:
 195              		.size	NEOMOTE_1_NEO_RTC_INT1_ReadDataReg, .-NEOMOTE_1_NEO_RTC_INT1_ReadDataReg
 196 0022 00BF     		.section	.text.NEOMOTE_1_NEO_RTC_INT1_ClearInterrupt,"ax",%progbits
 197              		.align	2
 198              		.global	NEOMOTE_1_NEO_RTC_INT1_ClearInterrupt
 199              		.thumb
 200              		.thumb_func
 201              		.type	NEOMOTE_1_NEO_RTC_INT1_ClearInterrupt, %function
 202              	NEOMOTE_1_NEO_RTC_INT1_ClearInterrupt:
 203              	.LFB4:
 108:.\Generated_Source\PSoC5/NEOMOTE_1_NEO_RTC_INT1.c **** 
 109:.\Generated_Source\PSoC5/NEOMOTE_1_NEO_RTC_INT1.c **** 
 110:.\Generated_Source\PSoC5/NEOMOTE_1_NEO_RTC_INT1.c **** /* If Interrupts Are Enabled for this Pins component */ 
 111:.\Generated_Source\PSoC5/NEOMOTE_1_NEO_RTC_INT1.c **** #if defined(NEOMOTE_1_NEO_RTC_INT1_INTSTAT) 
 112:.\Generated_Source\PSoC5/NEOMOTE_1_NEO_RTC_INT1.c **** 
 113:.\Generated_Source\PSoC5/NEOMOTE_1_NEO_RTC_INT1.c ****     /*******************************************************************************
 114:.\Generated_Source\PSoC5/NEOMOTE_1_NEO_RTC_INT1.c ****     * Function Name: NEOMOTE_1_NEO_RTC_INT1_ClearInterrupt
 115:.\Generated_Source\PSoC5/NEOMOTE_1_NEO_RTC_INT1.c ****     ********************************************************************************
 116:.\Generated_Source\PSoC5/NEOMOTE_1_NEO_RTC_INT1.c ****     * Summary:
 117:.\Generated_Source\PSoC5/NEOMOTE_1_NEO_RTC_INT1.c ****     *  Clears any active interrupts attached to port and returns the value of the 
 118:.\Generated_Source\PSoC5/NEOMOTE_1_NEO_RTC_INT1.c ****     *  interrupt status register.
 119:.\Generated_Source\PSoC5/NEOMOTE_1_NEO_RTC_INT1.c ****     *
 120:.\Generated_Source\PSoC5/NEOMOTE_1_NEO_RTC_INT1.c ****     * Parameters:  
 121:.\Generated_Source\PSoC5/NEOMOTE_1_NEO_RTC_INT1.c ****     *  None 
 122:.\Generated_Source\PSoC5/NEOMOTE_1_NEO_RTC_INT1.c ****     *
 123:.\Generated_Source\PSoC5/NEOMOTE_1_NEO_RTC_INT1.c ****     * Return: 
 124:.\Generated_Source\PSoC5/NEOMOTE_1_NEO_RTC_INT1.c ****     *  Returns the value of the interrupt status register
 125:.\Generated_Source\PSoC5/NEOMOTE_1_NEO_RTC_INT1.c ****     *  
 126:.\Generated_Source\PSoC5/NEOMOTE_1_NEO_RTC_INT1.c ****     *******************************************************************************/
 127:.\Generated_Source\PSoC5/NEOMOTE_1_NEO_RTC_INT1.c ****     uint8 NEOMOTE_1_NEO_RTC_INT1_ClearInterrupt(void) 
 128:.\Generated_Source\PSoC5/NEOMOTE_1_NEO_RTC_INT1.c ****     {
 204              		.loc 1 128 0
 205              		.cfi_startproc
 206              		@ args = 0, pretend = 0, frame = 0
 207              		@ frame_needed = 1, uses_anonymous_args = 0
 208              		@ link register save eliminated.
 209 0000 80B4     		push	{r7}
 210              	.LCFI10:
ARM GAS  C:\Users\karunmj\AppData\Local\Temp\ccyr6PCr.s 			page 7


 211              		.cfi_def_cfa_offset 4
 212 0002 00AF     		add	r7, sp, #0
 213              		.cfi_offset 7, -4
 214              	.LCFI11:
 215              		.cfi_def_cfa_register 7
 129:.\Generated_Source\PSoC5/NEOMOTE_1_NEO_RTC_INT1.c ****         return (NEOMOTE_1_NEO_RTC_INT1_INTSTAT & NEOMOTE_1_NEO_RTC_INT1_MASK) >> NEOMOTE_1_NEO_RTC_
 216              		.loc 1 129 0
 217 0004 44F28153 		movw	r3, #:lower16:1073759617
 218 0008 C4F20003 		movt	r3, #:upper16:1073759617
 219 000c 1B78     		ldrb	r3, [r3, #0]
 220 000e DBB2     		uxtb	r3, r3
 221 0010 03F04003 		and	r3, r3, #64
 222 0014 4FEA9313 		lsr	r3, r3, #6
 223 0018 DBB2     		uxtb	r3, r3
 130:.\Generated_Source\PSoC5/NEOMOTE_1_NEO_RTC_INT1.c ****     }
 224              		.loc 1 130 0
 225 001a 1846     		mov	r0, r3
 226 001c BD46     		mov	sp, r7
 227 001e 80BC     		pop	{r7}
 228 0020 7047     		bx	lr
 229              		.cfi_endproc
 230              	.LFE4:
 231              		.size	NEOMOTE_1_NEO_RTC_INT1_ClearInterrupt, .-NEOMOTE_1_NEO_RTC_INT1_ClearInterrupt
 232 0022 00BF     		.text
 233              	.Letext0:
 234              		.section	.debug_loc,"",%progbits
 235              	.Ldebug_loc0:
 236              	.LLST0:
 237 0000 00000000 		.4byte	.LFB0
 238 0004 02000000 		.4byte	.LCFI0
 239 0008 0100     		.2byte	0x1
 240 000a 5D       		.byte	0x5d
 241 000b 02000000 		.4byte	.LCFI0
 242 000f 04000000 		.4byte	.LCFI1
 243 0013 0200     		.2byte	0x2
 244 0015 7D       		.byte	0x7d
 245 0016 04       		.sleb128 4
 246 0017 04000000 		.4byte	.LCFI1
 247 001b 06000000 		.4byte	.LCFI2
 248 001f 0200     		.2byte	0x2
 249 0021 7D       		.byte	0x7d
 250 0022 18       		.sleb128 24
 251 0023 06000000 		.4byte	.LCFI2
 252 0027 44000000 		.4byte	.LFE0
 253 002b 0200     		.2byte	0x2
 254 002d 77       		.byte	0x77
 255 002e 18       		.sleb128 24
 256 002f 00000000 		.4byte	0x0
 257 0033 00000000 		.4byte	0x0
 258              	.LLST1:
 259 0037 00000000 		.4byte	.LFB1
 260 003b 02000000 		.4byte	.LCFI3
 261 003f 0100     		.2byte	0x1
 262 0041 5D       		.byte	0x5d
 263 0042 02000000 		.4byte	.LCFI3
 264 0046 04000000 		.4byte	.LCFI4
 265 004a 0200     		.2byte	0x2
ARM GAS  C:\Users\karunmj\AppData\Local\Temp\ccyr6PCr.s 			page 8


 266 004c 7D       		.byte	0x7d
 267 004d 04       		.sleb128 4
 268 004e 04000000 		.4byte	.LCFI4
 269 0052 06000000 		.4byte	.LCFI5
 270 0056 0200     		.2byte	0x2
 271 0058 7D       		.byte	0x7d
 272 0059 10       		.sleb128 16
 273 005a 06000000 		.4byte	.LCFI5
 274 005e 40000000 		.4byte	.LFE1
 275 0062 0200     		.2byte	0x2
 276 0064 77       		.byte	0x77
 277 0065 10       		.sleb128 16
 278 0066 00000000 		.4byte	0x0
 279 006a 00000000 		.4byte	0x0
 280              	.LLST2:
 281 006e 00000000 		.4byte	.LFB2
 282 0072 02000000 		.4byte	.LCFI6
 283 0076 0100     		.2byte	0x1
 284 0078 5D       		.byte	0x5d
 285 0079 02000000 		.4byte	.LCFI6
 286 007d 04000000 		.4byte	.LCFI7
 287 0081 0200     		.2byte	0x2
 288 0083 7D       		.byte	0x7d
 289 0084 04       		.sleb128 4
 290 0085 04000000 		.4byte	.LCFI7
 291 0089 22000000 		.4byte	.LFE2
 292 008d 0200     		.2byte	0x2
 293 008f 77       		.byte	0x77
 294 0090 04       		.sleb128 4
 295 0091 00000000 		.4byte	0x0
 296 0095 00000000 		.4byte	0x0
 297              	.LLST3:
 298 0099 00000000 		.4byte	.LFB3
 299 009d 02000000 		.4byte	.LCFI8
 300 00a1 0100     		.2byte	0x1
 301 00a3 5D       		.byte	0x5d
 302 00a4 02000000 		.4byte	.LCFI8
 303 00a8 04000000 		.4byte	.LCFI9
 304 00ac 0200     		.2byte	0x2
 305 00ae 7D       		.byte	0x7d
 306 00af 04       		.sleb128 4
 307 00b0 04000000 		.4byte	.LCFI9
 308 00b4 22000000 		.4byte	.LFE3
 309 00b8 0200     		.2byte	0x2
 310 00ba 77       		.byte	0x77
 311 00bb 04       		.sleb128 4
 312 00bc 00000000 		.4byte	0x0
 313 00c0 00000000 		.4byte	0x0
 314              	.LLST4:
 315 00c4 00000000 		.4byte	.LFB4
 316 00c8 02000000 		.4byte	.LCFI10
 317 00cc 0100     		.2byte	0x1
 318 00ce 5D       		.byte	0x5d
 319 00cf 02000000 		.4byte	.LCFI10
 320 00d3 04000000 		.4byte	.LCFI11
 321 00d7 0200     		.2byte	0x2
 322 00d9 7D       		.byte	0x7d
ARM GAS  C:\Users\karunmj\AppData\Local\Temp\ccyr6PCr.s 			page 9


 323 00da 04       		.sleb128 4
 324 00db 04000000 		.4byte	.LCFI11
 325 00df 22000000 		.4byte	.LFE4
 326 00e3 0200     		.2byte	0x2
 327 00e5 77       		.byte	0x77
 328 00e6 04       		.sleb128 4
 329 00e7 00000000 		.4byte	0x0
 330 00eb 00000000 		.4byte	0x0
 331              		.file 2 ".\\Generated_Source\\PSoC5\\/cytypes.h"
 332              		.section	.debug_info
 333 0000 35010000 		.4byte	0x135
 334 0004 0200     		.2byte	0x2
 335 0006 00000000 		.4byte	.Ldebug_abbrev0
 336 000a 04       		.byte	0x4
 337 000b 01       		.uleb128 0x1
 338 000c 7D010000 		.4byte	.LASF19
 339 0010 01       		.byte	0x1
 340 0011 8E010000 		.4byte	.LASF20
 341 0015 68000000 		.4byte	.LASF21
 342 0019 00000000 		.4byte	0x0
 343 001d 00000000 		.4byte	0x0
 344 0021 00000000 		.4byte	.Ldebug_ranges0+0x0
 345 0025 00000000 		.4byte	.Ldebug_line0
 346 0029 02       		.uleb128 0x2
 347 002a 01       		.byte	0x1
 348 002b 06       		.byte	0x6
 349 002c D9010000 		.4byte	.LASF0
 350 0030 02       		.uleb128 0x2
 351 0031 01       		.byte	0x1
 352 0032 08       		.byte	0x8
 353 0033 B7000000 		.4byte	.LASF1
 354 0037 02       		.uleb128 0x2
 355 0038 02       		.byte	0x2
 356 0039 05       		.byte	0x5
 357 003a C0010000 		.4byte	.LASF2
 358 003e 02       		.uleb128 0x2
 359 003f 02       		.byte	0x2
 360 0040 07       		.byte	0x7
 361 0041 D7000000 		.4byte	.LASF3
 362 0045 02       		.uleb128 0x2
 363 0046 04       		.byte	0x4
 364 0047 05       		.byte	0x5
 365 0048 D0010000 		.4byte	.LASF4
 366 004c 02       		.uleb128 0x2
 367 004d 04       		.byte	0x4
 368 004e 07       		.byte	0x7
 369 004f C5000000 		.4byte	.LASF5
 370 0053 02       		.uleb128 0x2
 371 0054 08       		.byte	0x8
 372 0055 05       		.byte	0x5
 373 0056 00000000 		.4byte	.LASF6
 374 005a 02       		.uleb128 0x2
 375 005b 08       		.byte	0x8
 376 005c 07       		.byte	0x7
 377 005d 3E010000 		.4byte	.LASF7
 378 0061 03       		.uleb128 0x3
 379 0062 04       		.byte	0x4
ARM GAS  C:\Users\karunmj\AppData\Local\Temp\ccyr6PCr.s 			page 10


 380 0063 05       		.byte	0x5
 381 0064 696E7400 		.ascii	"int\000"
 382 0068 02       		.uleb128 0x2
 383 0069 04       		.byte	0x4
 384 006a 07       		.byte	0x7
 385 006b 15010000 		.4byte	.LASF8
 386 006f 04       		.uleb128 0x4
 387 0070 CA010000 		.4byte	.LASF22
 388 0074 02       		.byte	0x2
 389 0075 4C       		.byte	0x4c
 390 0076 30000000 		.4byte	0x30
 391 007a 02       		.uleb128 0x2
 392 007b 04       		.byte	0x4
 393 007c 04       		.byte	0x4
 394 007d 62000000 		.4byte	.LASF9
 395 0081 02       		.uleb128 0x2
 396 0082 08       		.byte	0x8
 397 0083 04       		.byte	0x4
 398 0084 0E010000 		.4byte	.LASF10
 399 0088 02       		.uleb128 0x2
 400 0089 01       		.byte	0x1
 401 008a 08       		.byte	0x8
 402 008b 89010000 		.4byte	.LASF11
 403 008f 05       		.uleb128 0x5
 404 0090 01       		.byte	0x1
 405 0091 1F000000 		.4byte	.LASF12
 406 0095 01       		.byte	0x1
 407 0096 27       		.byte	0x27
 408 0097 01       		.byte	0x1
 409 0098 00000000 		.4byte	.LFB0
 410 009c 44000000 		.4byte	.LFE0
 411 00a0 00000000 		.4byte	.LLST0
 412 00a4 C5000000 		.4byte	0xc5
 413 00a8 06       		.uleb128 0x6
 414 00a9 0E000000 		.4byte	.LASF14
 415 00ad 01       		.byte	0x1
 416 00ae 27       		.byte	0x27
 417 00af 6F000000 		.4byte	0x6f
 418 00b3 02       		.byte	0x2
 419 00b4 91       		.byte	0x91
 420 00b5 6F       		.sleb128 -17
 421 00b6 07       		.uleb128 0x7
 422 00b7 14000000 		.4byte	.LASF23
 423 00bb 01       		.byte	0x1
 424 00bc 29       		.byte	0x29
 425 00bd 6F000000 		.4byte	0x6f
 426 00c1 02       		.byte	0x2
 427 00c2 91       		.byte	0x91
 428 00c3 77       		.sleb128 -9
 429 00c4 00       		.byte	0x0
 430 00c5 05       		.uleb128 0x5
 431 00c6 01       		.byte	0x1
 432 00c7 EA000000 		.4byte	.LASF13
 433 00cb 01       		.byte	0x1
 434 00cc 3C       		.byte	0x3c
 435 00cd 01       		.byte	0x1
 436 00ce 00000000 		.4byte	.LFB1
ARM GAS  C:\Users\karunmj\AppData\Local\Temp\ccyr6PCr.s 			page 11


 437 00d2 40000000 		.4byte	.LFE1
 438 00d6 37000000 		.4byte	.LLST1
 439 00da ED000000 		.4byte	0xed
 440 00de 06       		.uleb128 0x6
 441 00df 78010000 		.4byte	.LASF15
 442 00e3 01       		.byte	0x1
 443 00e4 3C       		.byte	0x3c
 444 00e5 6F000000 		.4byte	0x6f
 445 00e9 02       		.byte	0x2
 446 00ea 91       		.byte	0x91
 447 00eb 77       		.sleb128 -9
 448 00ec 00       		.byte	0x0
 449 00ed 08       		.uleb128 0x8
 450 00ee 01       		.byte	0x1
 451 00ef 22010000 		.4byte	.LASF16
 452 00f3 01       		.byte	0x1
 453 00f4 54       		.byte	0x54
 454 00f5 01       		.byte	0x1
 455 00f6 6F000000 		.4byte	0x6f
 456 00fa 00000000 		.4byte	.LFB2
 457 00fe 22000000 		.4byte	.LFE2
 458 0102 6E000000 		.4byte	.LLST2
 459 0106 08       		.uleb128 0x8
 460 0107 01       		.byte	0x1
 461 0108 55010000 		.4byte	.LASF17
 462 010c 01       		.byte	0x1
 463 010d 68       		.byte	0x68
 464 010e 01       		.byte	0x1
 465 010f 6F000000 		.4byte	0x6f
 466 0113 00000000 		.4byte	.LFB3
 467 0117 22000000 		.4byte	.LFE3
 468 011b 99000000 		.4byte	.LLST3
 469 011f 08       		.uleb128 0x8
 470 0120 01       		.byte	0x1
 471 0121 3C000000 		.4byte	.LASF18
 472 0125 01       		.byte	0x1
 473 0126 7F       		.byte	0x7f
 474 0127 01       		.byte	0x1
 475 0128 6F000000 		.4byte	0x6f
 476 012c 00000000 		.4byte	.LFB4
 477 0130 22000000 		.4byte	.LFE4
 478 0134 C4000000 		.4byte	.LLST4
 479 0138 00       		.byte	0x0
 480              		.section	.debug_abbrev
 481 0000 01       		.uleb128 0x1
 482 0001 11       		.uleb128 0x11
 483 0002 01       		.byte	0x1
 484 0003 25       		.uleb128 0x25
 485 0004 0E       		.uleb128 0xe
 486 0005 13       		.uleb128 0x13
 487 0006 0B       		.uleb128 0xb
 488 0007 03       		.uleb128 0x3
 489 0008 0E       		.uleb128 0xe
 490 0009 1B       		.uleb128 0x1b
 491 000a 0E       		.uleb128 0xe
 492 000b 11       		.uleb128 0x11
 493 000c 01       		.uleb128 0x1
ARM GAS  C:\Users\karunmj\AppData\Local\Temp\ccyr6PCr.s 			page 12


 494 000d 52       		.uleb128 0x52
 495 000e 01       		.uleb128 0x1
 496 000f 55       		.uleb128 0x55
 497 0010 06       		.uleb128 0x6
 498 0011 10       		.uleb128 0x10
 499 0012 06       		.uleb128 0x6
 500 0013 00       		.byte	0x0
 501 0014 00       		.byte	0x0
 502 0015 02       		.uleb128 0x2
 503 0016 24       		.uleb128 0x24
 504 0017 00       		.byte	0x0
 505 0018 0B       		.uleb128 0xb
 506 0019 0B       		.uleb128 0xb
 507 001a 3E       		.uleb128 0x3e
 508 001b 0B       		.uleb128 0xb
 509 001c 03       		.uleb128 0x3
 510 001d 0E       		.uleb128 0xe
 511 001e 00       		.byte	0x0
 512 001f 00       		.byte	0x0
 513 0020 03       		.uleb128 0x3
 514 0021 24       		.uleb128 0x24
 515 0022 00       		.byte	0x0
 516 0023 0B       		.uleb128 0xb
 517 0024 0B       		.uleb128 0xb
 518 0025 3E       		.uleb128 0x3e
 519 0026 0B       		.uleb128 0xb
 520 0027 03       		.uleb128 0x3
 521 0028 08       		.uleb128 0x8
 522 0029 00       		.byte	0x0
 523 002a 00       		.byte	0x0
 524 002b 04       		.uleb128 0x4
 525 002c 16       		.uleb128 0x16
 526 002d 00       		.byte	0x0
 527 002e 03       		.uleb128 0x3
 528 002f 0E       		.uleb128 0xe
 529 0030 3A       		.uleb128 0x3a
 530 0031 0B       		.uleb128 0xb
 531 0032 3B       		.uleb128 0x3b
 532 0033 0B       		.uleb128 0xb
 533 0034 49       		.uleb128 0x49
 534 0035 13       		.uleb128 0x13
 535 0036 00       		.byte	0x0
 536 0037 00       		.byte	0x0
 537 0038 05       		.uleb128 0x5
 538 0039 2E       		.uleb128 0x2e
 539 003a 01       		.byte	0x1
 540 003b 3F       		.uleb128 0x3f
 541 003c 0C       		.uleb128 0xc
 542 003d 03       		.uleb128 0x3
 543 003e 0E       		.uleb128 0xe
 544 003f 3A       		.uleb128 0x3a
 545 0040 0B       		.uleb128 0xb
 546 0041 3B       		.uleb128 0x3b
 547 0042 0B       		.uleb128 0xb
 548 0043 27       		.uleb128 0x27
 549 0044 0C       		.uleb128 0xc
 550 0045 11       		.uleb128 0x11
ARM GAS  C:\Users\karunmj\AppData\Local\Temp\ccyr6PCr.s 			page 13


 551 0046 01       		.uleb128 0x1
 552 0047 12       		.uleb128 0x12
 553 0048 01       		.uleb128 0x1
 554 0049 40       		.uleb128 0x40
 555 004a 06       		.uleb128 0x6
 556 004b 01       		.uleb128 0x1
 557 004c 13       		.uleb128 0x13
 558 004d 00       		.byte	0x0
 559 004e 00       		.byte	0x0
 560 004f 06       		.uleb128 0x6
 561 0050 05       		.uleb128 0x5
 562 0051 00       		.byte	0x0
 563 0052 03       		.uleb128 0x3
 564 0053 0E       		.uleb128 0xe
 565 0054 3A       		.uleb128 0x3a
 566 0055 0B       		.uleb128 0xb
 567 0056 3B       		.uleb128 0x3b
 568 0057 0B       		.uleb128 0xb
 569 0058 49       		.uleb128 0x49
 570 0059 13       		.uleb128 0x13
 571 005a 02       		.uleb128 0x2
 572 005b 0A       		.uleb128 0xa
 573 005c 00       		.byte	0x0
 574 005d 00       		.byte	0x0
 575 005e 07       		.uleb128 0x7
 576 005f 34       		.uleb128 0x34
 577 0060 00       		.byte	0x0
 578 0061 03       		.uleb128 0x3
 579 0062 0E       		.uleb128 0xe
 580 0063 3A       		.uleb128 0x3a
 581 0064 0B       		.uleb128 0xb
 582 0065 3B       		.uleb128 0x3b
 583 0066 0B       		.uleb128 0xb
 584 0067 49       		.uleb128 0x49
 585 0068 13       		.uleb128 0x13
 586 0069 02       		.uleb128 0x2
 587 006a 0A       		.uleb128 0xa
 588 006b 00       		.byte	0x0
 589 006c 00       		.byte	0x0
 590 006d 08       		.uleb128 0x8
 591 006e 2E       		.uleb128 0x2e
 592 006f 00       		.byte	0x0
 593 0070 3F       		.uleb128 0x3f
 594 0071 0C       		.uleb128 0xc
 595 0072 03       		.uleb128 0x3
 596 0073 0E       		.uleb128 0xe
 597 0074 3A       		.uleb128 0x3a
 598 0075 0B       		.uleb128 0xb
 599 0076 3B       		.uleb128 0x3b
 600 0077 0B       		.uleb128 0xb
 601 0078 27       		.uleb128 0x27
 602 0079 0C       		.uleb128 0xc
 603 007a 49       		.uleb128 0x49
 604 007b 13       		.uleb128 0x13
 605 007c 11       		.uleb128 0x11
 606 007d 01       		.uleb128 0x1
 607 007e 12       		.uleb128 0x12
ARM GAS  C:\Users\karunmj\AppData\Local\Temp\ccyr6PCr.s 			page 14


 608 007f 01       		.uleb128 0x1
 609 0080 40       		.uleb128 0x40
 610 0081 06       		.uleb128 0x6
 611 0082 00       		.byte	0x0
 612 0083 00       		.byte	0x0
 613 0084 00       		.byte	0x0
 614              		.section	.debug_pubnames,"",%progbits
 615 0000 C8000000 		.4byte	0xc8
 616 0004 0200     		.2byte	0x2
 617 0006 00000000 		.4byte	.Ldebug_info0
 618 000a 39010000 		.4byte	0x139
 619 000e 8F000000 		.4byte	0x8f
 620 0012 4E454F4D 		.ascii	"NEOMOTE_1_NEO_RTC_INT1_Write\000"
 620      4F54455F 
 620      315F4E45 
 620      4F5F5254 
 620      435F494E 
 621 002f C5000000 		.4byte	0xc5
 622 0033 4E454F4D 		.ascii	"NEOMOTE_1_NEO_RTC_INT1_SetDriveMode\000"
 622      4F54455F 
 622      315F4E45 
 622      4F5F5254 
 622      435F494E 
 623 0057 ED000000 		.4byte	0xed
 624 005b 4E454F4D 		.ascii	"NEOMOTE_1_NEO_RTC_INT1_Read\000"
 624      4F54455F 
 624      315F4E45 
 624      4F5F5254 
 624      435F494E 
 625 0077 06010000 		.4byte	0x106
 626 007b 4E454F4D 		.ascii	"NEOMOTE_1_NEO_RTC_INT1_ReadDataReg\000"
 626      4F54455F 
 626      315F4E45 
 626      4F5F5254 
 626      435F494E 
 627 009e 1F010000 		.4byte	0x11f
 628 00a2 4E454F4D 		.ascii	"NEOMOTE_1_NEO_RTC_INT1_ClearInterrupt\000"
 628      4F54455F 
 628      315F4E45 
 628      4F5F5254 
 628      435F494E 
 629 00c8 00000000 		.4byte	0x0
 630              		.section	.debug_aranges,"",%progbits
 631 0000 3C000000 		.4byte	0x3c
 632 0004 0200     		.2byte	0x2
 633 0006 00000000 		.4byte	.Ldebug_info0
 634 000a 04       		.byte	0x4
 635 000b 00       		.byte	0x0
 636 000c 0000     		.2byte	0x0
 637 000e 0000     		.2byte	0x0
 638 0010 00000000 		.4byte	.LFB0
 639 0014 44000000 		.4byte	.LFE0-.LFB0
 640 0018 00000000 		.4byte	.LFB1
 641 001c 40000000 		.4byte	.LFE1-.LFB1
 642 0020 00000000 		.4byte	.LFB2
 643 0024 22000000 		.4byte	.LFE2-.LFB2
 644 0028 00000000 		.4byte	.LFB3
ARM GAS  C:\Users\karunmj\AppData\Local\Temp\ccyr6PCr.s 			page 15


 645 002c 22000000 		.4byte	.LFE3-.LFB3
 646 0030 00000000 		.4byte	.LFB4
 647 0034 22000000 		.4byte	.LFE4-.LFB4
 648 0038 00000000 		.4byte	0x0
 649 003c 00000000 		.4byte	0x0
 650              		.section	.debug_ranges,"",%progbits
 651              	.Ldebug_ranges0:
 652 0000 00000000 		.4byte	.Ltext0
 653 0004 00000000 		.4byte	.Letext0
 654 0008 00000000 		.4byte	.LFB0
 655 000c 44000000 		.4byte	.LFE0
 656 0010 00000000 		.4byte	.LFB1
 657 0014 40000000 		.4byte	.LFE1
 658 0018 00000000 		.4byte	.LFB2
 659 001c 22000000 		.4byte	.LFE2
 660 0020 00000000 		.4byte	.LFB3
 661 0024 22000000 		.4byte	.LFE3
 662 0028 00000000 		.4byte	.LFB4
 663 002c 22000000 		.4byte	.LFE4
 664 0030 00000000 		.4byte	0x0
 665 0034 00000000 		.4byte	0x0
 666              		.section	.debug_str,"MS",%progbits,1
 667              	.LASF6:
 668 0000 6C6F6E67 		.ascii	"long long int\000"
 668      206C6F6E 
 668      6720696E 
 668      7400
 669              	.LASF14:
 670 000e 76616C75 		.ascii	"value\000"
 670      6500
 671              	.LASF23:
 672 0014 73746174 		.ascii	"staticBits\000"
 672      69634269 
 672      747300
 673              	.LASF12:
 674 001f 4E454F4D 		.ascii	"NEOMOTE_1_NEO_RTC_INT1_Write\000"
 674      4F54455F 
 674      315F4E45 
 674      4F5F5254 
 674      435F494E 
 675              	.LASF18:
 676 003c 4E454F4D 		.ascii	"NEOMOTE_1_NEO_RTC_INT1_ClearInterrupt\000"
 676      4F54455F 
 676      315F4E45 
 676      4F5F5254 
 676      435F494E 
 677              	.LASF9:
 678 0062 666C6F61 		.ascii	"float\000"
 678      7400
 679              	.LASF21:
 680 0068 433A5C55 		.ascii	"C:\\Users\\karunmj\\Documents\\GitHub\\m2m\\hardwar"
 680      73657273 
 680      5C6B6172 
 680      756E6D6A 
 680      5C446F63 
 681 0095 655C7073 		.ascii	"e\\psoc5\\PSoC_Datalogger_SMS.cydsn\000"
 681      6F63355C 
ARM GAS  C:\Users\karunmj\AppData\Local\Temp\ccyr6PCr.s 			page 16


 681      50536F43 
 681      5F446174 
 681      616C6F67 
 682              	.LASF1:
 683 00b7 756E7369 		.ascii	"unsigned char\000"
 683      676E6564 
 683      20636861 
 683      7200
 684              	.LASF5:
 685 00c5 6C6F6E67 		.ascii	"long unsigned int\000"
 685      20756E73 
 685      69676E65 
 685      6420696E 
 685      7400
 686              	.LASF3:
 687 00d7 73686F72 		.ascii	"short unsigned int\000"
 687      7420756E 
 687      7369676E 
 687      65642069 
 687      6E7400
 688              	.LASF13:
 689 00ea 4E454F4D 		.ascii	"NEOMOTE_1_NEO_RTC_INT1_SetDriveMode\000"
 689      4F54455F 
 689      315F4E45 
 689      4F5F5254 
 689      435F494E 
 690              	.LASF10:
 691 010e 646F7562 		.ascii	"double\000"
 691      6C6500
 692              	.LASF8:
 693 0115 756E7369 		.ascii	"unsigned int\000"
 693      676E6564 
 693      20696E74 
 693      00
 694              	.LASF16:
 695 0122 4E454F4D 		.ascii	"NEOMOTE_1_NEO_RTC_INT1_Read\000"
 695      4F54455F 
 695      315F4E45 
 695      4F5F5254 
 695      435F494E 
 696              	.LASF7:
 697 013e 6C6F6E67 		.ascii	"long long unsigned int\000"
 697      206C6F6E 
 697      6720756E 
 697      7369676E 
 697      65642069 
 698              	.LASF17:
 699 0155 4E454F4D 		.ascii	"NEOMOTE_1_NEO_RTC_INT1_ReadDataReg\000"
 699      4F54455F 
 699      315F4E45 
 699      4F5F5254 
 699      435F494E 
 700              	.LASF15:
 701 0178 6D6F6465 		.ascii	"mode\000"
 701      00
 702              	.LASF19:
 703 017d 474E5520 		.ascii	"GNU C 4.4.1\000"
ARM GAS  C:\Users\karunmj\AppData\Local\Temp\ccyr6PCr.s 			page 17


 703      4320342E 
 703      342E3100 
 704              	.LASF11:
 705 0189 63686172 		.ascii	"char\000"
 705      00
 706              	.LASF20:
 707 018e 2E5C4765 		.ascii	".\\Generated_Source\\PSoC5\\NEOMOTE_1_NEO_RTC_INT1."
 707      6E657261 
 707      7465645F 
 707      536F7572 
 707      63655C50 
 708 01be 6300     		.ascii	"c\000"
 709              	.LASF2:
 710 01c0 73686F72 		.ascii	"short int\000"
 710      7420696E 
 710      7400
 711              	.LASF22:
 712 01ca 75696E74 		.ascii	"uint8\000"
 712      3800
 713              	.LASF4:
 714 01d0 6C6F6E67 		.ascii	"long int\000"
 714      20696E74 
 714      00
 715              	.LASF0:
 716 01d9 7369676E 		.ascii	"signed char\000"
 716      65642063 
 716      68617200 
 717              		.ident	"GCC: (Sourcery G++ Lite 2010q1-188) 4.4.1"
