ARM GAS  C:\Users\karunmj\AppData\Local\Temp\ccUsbZik.s 			page 1


   1              		.syntax unified
   2              		.cpu cortex-m3
   3              		.fpu softvfp
   4              		.eabi_attribute 20, 1
   5              		.eabi_attribute 21, 1
   6              		.eabi_attribute 23, 3
   7              		.eabi_attribute 24, 1
   8              		.eabi_attribute 25, 1
   9              		.eabi_attribute 26, 1
  10              		.eabi_attribute 30, 6
  11              		.eabi_attribute 18, 4
  12              		.thumb
  13              		.file	"uart_solinst_PM.c"
  14              		.section	.debug_abbrev,"",%progbits
  15              	.Ldebug_abbrev0:
  16              		.section	.debug_info,"",%progbits
  17              	.Ldebug_info0:
  18              		.section	.debug_line,"",%progbits
  19              	.Ldebug_line0:
  20 0000 D5000000 		.text
  20      02007A00 
  20      00000201 
  20      FB0E0D00 
  20      01010101 
  21              	.Ltext0:
  22              		.cfi_sections	.debug_frame
  23              		.bss
  24              		.align	2
  25              	uart_solinst_backup:
  26 0000 00000000 		.space	4
  27              		.section	.text.uart_solinst_SaveConfig,"ax",%progbits
  28              		.align	2
  29              		.global	uart_solinst_SaveConfig
  30              		.thumb
  31              		.thumb_func
  32              		.type	uart_solinst_SaveConfig, %function
  33              	uart_solinst_SaveConfig:
  34              	.LFB0:
  35              		.file 1 ".\\Generated_Source\\PSoC5\\uart_solinst_PM.c"
   1:.\Generated_Source\PSoC5/uart_solinst_PM.c **** /*******************************************************************************
   2:.\Generated_Source\PSoC5/uart_solinst_PM.c **** * File Name: uart_solinst_PM.c
   3:.\Generated_Source\PSoC5/uart_solinst_PM.c **** * Version 2.30
   4:.\Generated_Source\PSoC5/uart_solinst_PM.c **** *
   5:.\Generated_Source\PSoC5/uart_solinst_PM.c **** * Description:
   6:.\Generated_Source\PSoC5/uart_solinst_PM.c **** *  This file provides Sleep/WakeUp APIs functionality.
   7:.\Generated_Source\PSoC5/uart_solinst_PM.c **** *
   8:.\Generated_Source\PSoC5/uart_solinst_PM.c **** * Note:
   9:.\Generated_Source\PSoC5/uart_solinst_PM.c **** *
  10:.\Generated_Source\PSoC5/uart_solinst_PM.c **** ********************************************************************************
  11:.\Generated_Source\PSoC5/uart_solinst_PM.c **** * Copyright 2008-2012, Cypress Semiconductor Corporation.  All rights reserved.
  12:.\Generated_Source\PSoC5/uart_solinst_PM.c **** * You may use this file only in accordance with the license, terms, conditions,
  13:.\Generated_Source\PSoC5/uart_solinst_PM.c **** * disclaimers, and limitations in the end user license agreement accompanying
  14:.\Generated_Source\PSoC5/uart_solinst_PM.c **** * the software package with which this file was provided.
  15:.\Generated_Source\PSoC5/uart_solinst_PM.c **** *******************************************************************************/
  16:.\Generated_Source\PSoC5/uart_solinst_PM.c **** 
  17:.\Generated_Source\PSoC5/uart_solinst_PM.c **** #include "uart_solinst.h"
  18:.\Generated_Source\PSoC5/uart_solinst_PM.c **** 
ARM GAS  C:\Users\karunmj\AppData\Local\Temp\ccUsbZik.s 			page 2


  19:.\Generated_Source\PSoC5/uart_solinst_PM.c **** 
  20:.\Generated_Source\PSoC5/uart_solinst_PM.c **** /***************************************
  21:.\Generated_Source\PSoC5/uart_solinst_PM.c **** * Local data allocation
  22:.\Generated_Source\PSoC5/uart_solinst_PM.c **** ***************************************/
  23:.\Generated_Source\PSoC5/uart_solinst_PM.c **** 
  24:.\Generated_Source\PSoC5/uart_solinst_PM.c **** static uart_solinst_BACKUP_STRUCT  uart_solinst_backup =
  25:.\Generated_Source\PSoC5/uart_solinst_PM.c **** {
  26:.\Generated_Source\PSoC5/uart_solinst_PM.c ****     /* enableState - disabled */
  27:.\Generated_Source\PSoC5/uart_solinst_PM.c ****     0u,
  28:.\Generated_Source\PSoC5/uart_solinst_PM.c **** };
  29:.\Generated_Source\PSoC5/uart_solinst_PM.c **** 
  30:.\Generated_Source\PSoC5/uart_solinst_PM.c **** 
  31:.\Generated_Source\PSoC5/uart_solinst_PM.c **** 
  32:.\Generated_Source\PSoC5/uart_solinst_PM.c **** /*******************************************************************************
  33:.\Generated_Source\PSoC5/uart_solinst_PM.c **** * Function Name: uart_solinst_SaveConfig
  34:.\Generated_Source\PSoC5/uart_solinst_PM.c **** ********************************************************************************
  35:.\Generated_Source\PSoC5/uart_solinst_PM.c **** *
  36:.\Generated_Source\PSoC5/uart_solinst_PM.c **** * Summary:
  37:.\Generated_Source\PSoC5/uart_solinst_PM.c **** *  Saves the current user configuration.
  38:.\Generated_Source\PSoC5/uart_solinst_PM.c **** *
  39:.\Generated_Source\PSoC5/uart_solinst_PM.c **** * Parameters:
  40:.\Generated_Source\PSoC5/uart_solinst_PM.c **** *  None.
  41:.\Generated_Source\PSoC5/uart_solinst_PM.c **** *
  42:.\Generated_Source\PSoC5/uart_solinst_PM.c **** * Return:
  43:.\Generated_Source\PSoC5/uart_solinst_PM.c **** *  None.
  44:.\Generated_Source\PSoC5/uart_solinst_PM.c **** *
  45:.\Generated_Source\PSoC5/uart_solinst_PM.c **** * Global Variables:
  46:.\Generated_Source\PSoC5/uart_solinst_PM.c **** *  uart_solinst_backup - modified when non-retention registers are saved.
  47:.\Generated_Source\PSoC5/uart_solinst_PM.c **** *
  48:.\Generated_Source\PSoC5/uart_solinst_PM.c **** * Reentrant:
  49:.\Generated_Source\PSoC5/uart_solinst_PM.c **** *  No.
  50:.\Generated_Source\PSoC5/uart_solinst_PM.c **** *
  51:.\Generated_Source\PSoC5/uart_solinst_PM.c **** *******************************************************************************/
  52:.\Generated_Source\PSoC5/uart_solinst_PM.c **** void uart_solinst_SaveConfig(void)
  53:.\Generated_Source\PSoC5/uart_solinst_PM.c **** {
  36              		.loc 1 53 0
  37              		.cfi_startproc
  38              		@ args = 0, pretend = 0, frame = 0
  39              		@ frame_needed = 1, uses_anonymous_args = 0
  40              		@ link register save eliminated.
  41 0000 80B4     		push	{r7}
  42              	.LCFI0:
  43              		.cfi_def_cfa_offset 4
  44 0002 00AF     		add	r7, sp, #0
  45              		.cfi_offset 7, -4
  46              	.LCFI1:
  47              		.cfi_def_cfa_register 7
  54:.\Generated_Source\PSoC5/uart_solinst_PM.c ****     #if (CY_UDB_V0)
  55:.\Generated_Source\PSoC5/uart_solinst_PM.c **** 
  56:.\Generated_Source\PSoC5/uart_solinst_PM.c ****         #if(uart_solinst_CONTROL_REG_REMOVED == 0u)
  57:.\Generated_Source\PSoC5/uart_solinst_PM.c ****             uart_solinst_backup.cr = uart_solinst_CONTROL_REG;
  58:.\Generated_Source\PSoC5/uart_solinst_PM.c ****         #endif /* End uart_solinst_CONTROL_REG_REMOVED */
  59:.\Generated_Source\PSoC5/uart_solinst_PM.c **** 
  60:.\Generated_Source\PSoC5/uart_solinst_PM.c ****         #if( (uart_solinst_RX_ENABLED) || (uart_solinst_HD_ENABLED) )
  61:.\Generated_Source\PSoC5/uart_solinst_PM.c ****             uart_solinst_backup.rx_period = uart_solinst_RXBITCTR_PERIOD_REG;
  62:.\Generated_Source\PSoC5/uart_solinst_PM.c ****             uart_solinst_backup.rx_mask = uart_solinst_RXSTATUS_MASK_REG;
  63:.\Generated_Source\PSoC5/uart_solinst_PM.c ****             #if (uart_solinst_RXHW_ADDRESS_ENABLED)
ARM GAS  C:\Users\karunmj\AppData\Local\Temp\ccUsbZik.s 			page 3


  64:.\Generated_Source\PSoC5/uart_solinst_PM.c ****                 uart_solinst_backup.rx_addr1 = uart_solinst_RXADDRESS1_REG;
  65:.\Generated_Source\PSoC5/uart_solinst_PM.c ****                 uart_solinst_backup.rx_addr2 = uart_solinst_RXADDRESS2_REG;
  66:.\Generated_Source\PSoC5/uart_solinst_PM.c ****             #endif /* End uart_solinst_RXHW_ADDRESS_ENABLED */
  67:.\Generated_Source\PSoC5/uart_solinst_PM.c ****         #endif /* End uart_solinst_RX_ENABLED | uart_solinst_HD_ENABLED*/
  68:.\Generated_Source\PSoC5/uart_solinst_PM.c **** 
  69:.\Generated_Source\PSoC5/uart_solinst_PM.c ****         #if(uart_solinst_TX_ENABLED)
  70:.\Generated_Source\PSoC5/uart_solinst_PM.c ****             #if(uart_solinst_TXCLKGEN_DP)
  71:.\Generated_Source\PSoC5/uart_solinst_PM.c ****                 uart_solinst_backup.tx_clk_ctr = uart_solinst_TXBITCLKGEN_CTR_REG;
  72:.\Generated_Source\PSoC5/uart_solinst_PM.c ****                 uart_solinst_backup.tx_clk_compl = uart_solinst_TXBITCLKTX_COMPLETE_REG;
  73:.\Generated_Source\PSoC5/uart_solinst_PM.c ****             #else
  74:.\Generated_Source\PSoC5/uart_solinst_PM.c ****                 uart_solinst_backup.tx_period = uart_solinst_TXBITCTR_PERIOD_REG;
  75:.\Generated_Source\PSoC5/uart_solinst_PM.c ****             #endif /*End uart_solinst_TXCLKGEN_DP */
  76:.\Generated_Source\PSoC5/uart_solinst_PM.c ****             uart_solinst_backup.tx_mask = uart_solinst_TXSTATUS_MASK_REG;
  77:.\Generated_Source\PSoC5/uart_solinst_PM.c ****         #endif /*End uart_solinst_TX_ENABLED */
  78:.\Generated_Source\PSoC5/uart_solinst_PM.c **** 
  79:.\Generated_Source\PSoC5/uart_solinst_PM.c **** 
  80:.\Generated_Source\PSoC5/uart_solinst_PM.c ****     #else /* CY_UDB_V1 */
  81:.\Generated_Source\PSoC5/uart_solinst_PM.c **** 
  82:.\Generated_Source\PSoC5/uart_solinst_PM.c ****         #if(uart_solinst_CONTROL_REG_REMOVED == 0u)
  83:.\Generated_Source\PSoC5/uart_solinst_PM.c ****             uart_solinst_backup.cr = uart_solinst_CONTROL_REG;
  48              		.loc 1 83 0
  49 0004 46F27943 		movw	r3, #:lower16:1073767545
  50 0008 C4F20003 		movt	r3, #:upper16:1073767545
  51 000c 1B78     		ldrb	r3, [r3, #0]
  52 000e DAB2     		uxtb	r2, r3
  53 0010 40F20003 		movw	r3, #:lower16:uart_solinst_backup
  54 0014 C0F20003 		movt	r3, #:upper16:uart_solinst_backup
  55 0018 5A70     		strb	r2, [r3, #1]
  84:.\Generated_Source\PSoC5/uart_solinst_PM.c ****         #endif /* End uart_solinst_CONTROL_REG_REMOVED */
  85:.\Generated_Source\PSoC5/uart_solinst_PM.c **** 
  86:.\Generated_Source\PSoC5/uart_solinst_PM.c ****     #endif  /* End CY_UDB_V0 */
  87:.\Generated_Source\PSoC5/uart_solinst_PM.c **** }
  56              		.loc 1 87 0
  57 001a BD46     		mov	sp, r7
  58 001c 80BC     		pop	{r7}
  59 001e 7047     		bx	lr
  60              		.cfi_endproc
  61              	.LFE0:
  62              		.size	uart_solinst_SaveConfig, .-uart_solinst_SaveConfig
  63              		.section	.text.uart_solinst_RestoreConfig,"ax",%progbits
  64              		.align	2
  65              		.global	uart_solinst_RestoreConfig
  66              		.thumb
  67              		.thumb_func
  68              		.type	uart_solinst_RestoreConfig, %function
  69              	uart_solinst_RestoreConfig:
  70              	.LFB1:
  88:.\Generated_Source\PSoC5/uart_solinst_PM.c **** 
  89:.\Generated_Source\PSoC5/uart_solinst_PM.c **** 
  90:.\Generated_Source\PSoC5/uart_solinst_PM.c **** /*******************************************************************************
  91:.\Generated_Source\PSoC5/uart_solinst_PM.c **** * Function Name: uart_solinst_RestoreConfig
  92:.\Generated_Source\PSoC5/uart_solinst_PM.c **** ********************************************************************************
  93:.\Generated_Source\PSoC5/uart_solinst_PM.c **** *
  94:.\Generated_Source\PSoC5/uart_solinst_PM.c **** * Summary:
  95:.\Generated_Source\PSoC5/uart_solinst_PM.c **** *  Restores the current user configuration.
  96:.\Generated_Source\PSoC5/uart_solinst_PM.c **** *
  97:.\Generated_Source\PSoC5/uart_solinst_PM.c **** * Parameters:
ARM GAS  C:\Users\karunmj\AppData\Local\Temp\ccUsbZik.s 			page 4


  98:.\Generated_Source\PSoC5/uart_solinst_PM.c **** *  None.
  99:.\Generated_Source\PSoC5/uart_solinst_PM.c **** *
 100:.\Generated_Source\PSoC5/uart_solinst_PM.c **** * Return:
 101:.\Generated_Source\PSoC5/uart_solinst_PM.c **** *  None.
 102:.\Generated_Source\PSoC5/uart_solinst_PM.c **** *
 103:.\Generated_Source\PSoC5/uart_solinst_PM.c **** * Global Variables:
 104:.\Generated_Source\PSoC5/uart_solinst_PM.c **** *  uart_solinst_backup - used when non-retention registers are restored.
 105:.\Generated_Source\PSoC5/uart_solinst_PM.c **** *
 106:.\Generated_Source\PSoC5/uart_solinst_PM.c **** * Reentrant:
 107:.\Generated_Source\PSoC5/uart_solinst_PM.c **** *  No.
 108:.\Generated_Source\PSoC5/uart_solinst_PM.c **** *
 109:.\Generated_Source\PSoC5/uart_solinst_PM.c **** *******************************************************************************/
 110:.\Generated_Source\PSoC5/uart_solinst_PM.c **** void uart_solinst_RestoreConfig(void)
 111:.\Generated_Source\PSoC5/uart_solinst_PM.c **** {
  71              		.loc 1 111 0
  72              		.cfi_startproc
  73              		@ args = 0, pretend = 0, frame = 0
  74              		@ frame_needed = 1, uses_anonymous_args = 0
  75              		@ link register save eliminated.
  76 0000 80B4     		push	{r7}
  77              	.LCFI2:
  78              		.cfi_def_cfa_offset 4
  79 0002 00AF     		add	r7, sp, #0
  80              		.cfi_offset 7, -4
  81              	.LCFI3:
  82              		.cfi_def_cfa_register 7
 112:.\Generated_Source\PSoC5/uart_solinst_PM.c **** 
 113:.\Generated_Source\PSoC5/uart_solinst_PM.c ****     #if (CY_UDB_V0)
 114:.\Generated_Source\PSoC5/uart_solinst_PM.c **** 
 115:.\Generated_Source\PSoC5/uart_solinst_PM.c ****         #if(uart_solinst_CONTROL_REG_REMOVED == 0u)
 116:.\Generated_Source\PSoC5/uart_solinst_PM.c ****             uart_solinst_CONTROL_REG = uart_solinst_backup.cr;
 117:.\Generated_Source\PSoC5/uart_solinst_PM.c ****         #endif /* End uart_solinst_CONTROL_REG_REMOVED */
 118:.\Generated_Source\PSoC5/uart_solinst_PM.c **** 
 119:.\Generated_Source\PSoC5/uart_solinst_PM.c ****         #if( (uart_solinst_RX_ENABLED) || (uart_solinst_HD_ENABLED) )
 120:.\Generated_Source\PSoC5/uart_solinst_PM.c ****             uart_solinst_RXBITCTR_PERIOD_REG = uart_solinst_backup.rx_period;
 121:.\Generated_Source\PSoC5/uart_solinst_PM.c ****             uart_solinst_RXSTATUS_MASK_REG = uart_solinst_backup.rx_mask;
 122:.\Generated_Source\PSoC5/uart_solinst_PM.c ****             #if (uart_solinst_RXHW_ADDRESS_ENABLED)
 123:.\Generated_Source\PSoC5/uart_solinst_PM.c ****                 uart_solinst_RXADDRESS1_REG = uart_solinst_backup.rx_addr1;
 124:.\Generated_Source\PSoC5/uart_solinst_PM.c ****                 uart_solinst_RXADDRESS2_REG = uart_solinst_backup.rx_addr2;
 125:.\Generated_Source\PSoC5/uart_solinst_PM.c ****             #endif /* End uart_solinst_RXHW_ADDRESS_ENABLED */
 126:.\Generated_Source\PSoC5/uart_solinst_PM.c ****         #endif  /* End (uart_solinst_RX_ENABLED) || (uart_solinst_HD_ENABLED) */
 127:.\Generated_Source\PSoC5/uart_solinst_PM.c **** 
 128:.\Generated_Source\PSoC5/uart_solinst_PM.c ****         #if(uart_solinst_TX_ENABLED)
 129:.\Generated_Source\PSoC5/uart_solinst_PM.c ****             #if(uart_solinst_TXCLKGEN_DP)
 130:.\Generated_Source\PSoC5/uart_solinst_PM.c ****                 uart_solinst_TXBITCLKGEN_CTR_REG = uart_solinst_backup.tx_clk_ctr;
 131:.\Generated_Source\PSoC5/uart_solinst_PM.c ****                 uart_solinst_TXBITCLKTX_COMPLETE_REG = uart_solinst_backup.tx_clk_compl;
 132:.\Generated_Source\PSoC5/uart_solinst_PM.c ****             #else
 133:.\Generated_Source\PSoC5/uart_solinst_PM.c ****                 uart_solinst_TXBITCTR_PERIOD_REG = uart_solinst_backup.tx_period;
 134:.\Generated_Source\PSoC5/uart_solinst_PM.c ****             #endif /*End uart_solinst_TXCLKGEN_DP */
 135:.\Generated_Source\PSoC5/uart_solinst_PM.c ****             uart_solinst_TXSTATUS_MASK_REG = uart_solinst_backup.tx_mask;
 136:.\Generated_Source\PSoC5/uart_solinst_PM.c ****         #endif /*End uart_solinst_TX_ENABLED */
 137:.\Generated_Source\PSoC5/uart_solinst_PM.c **** 
 138:.\Generated_Source\PSoC5/uart_solinst_PM.c ****     #else /* CY_UDB_V1 */
 139:.\Generated_Source\PSoC5/uart_solinst_PM.c **** 
 140:.\Generated_Source\PSoC5/uart_solinst_PM.c ****         #if(uart_solinst_CONTROL_REG_REMOVED == 0u)
 141:.\Generated_Source\PSoC5/uart_solinst_PM.c ****             uart_solinst_CONTROL_REG = uart_solinst_backup.cr;
  83              		.loc 1 141 0
ARM GAS  C:\Users\karunmj\AppData\Local\Temp\ccUsbZik.s 			page 5


  84 0004 46F27943 		movw	r3, #:lower16:1073767545
  85 0008 C4F20003 		movt	r3, #:upper16:1073767545
  86 000c 40F20002 		movw	r2, #:lower16:uart_solinst_backup
  87 0010 C0F20002 		movt	r2, #:upper16:uart_solinst_backup
  88 0014 5278     		ldrb	r2, [r2, #1]	@ zero_extendqisi2
  89 0016 1A70     		strb	r2, [r3, #0]
 142:.\Generated_Source\PSoC5/uart_solinst_PM.c ****         #endif /* End uart_solinst_CONTROL_REG_REMOVED */
 143:.\Generated_Source\PSoC5/uart_solinst_PM.c **** 
 144:.\Generated_Source\PSoC5/uart_solinst_PM.c ****     #endif  /* End CY_UDB_V0 */
 145:.\Generated_Source\PSoC5/uart_solinst_PM.c **** }
  90              		.loc 1 145 0
  91 0018 BD46     		mov	sp, r7
  92 001a 80BC     		pop	{r7}
  93 001c 7047     		bx	lr
  94              		.cfi_endproc
  95              	.LFE1:
  96              		.size	uart_solinst_RestoreConfig, .-uart_solinst_RestoreConfig
  97 001e 00BF     		.section	.text.uart_solinst_Sleep,"ax",%progbits
  98              		.align	2
  99              		.global	uart_solinst_Sleep
 100              		.thumb
 101              		.thumb_func
 102              		.type	uart_solinst_Sleep, %function
 103              	uart_solinst_Sleep:
 104              	.LFB2:
 146:.\Generated_Source\PSoC5/uart_solinst_PM.c **** 
 147:.\Generated_Source\PSoC5/uart_solinst_PM.c **** 
 148:.\Generated_Source\PSoC5/uart_solinst_PM.c **** /*******************************************************************************
 149:.\Generated_Source\PSoC5/uart_solinst_PM.c **** * Function Name: uart_solinst_Sleep
 150:.\Generated_Source\PSoC5/uart_solinst_PM.c **** ********************************************************************************
 151:.\Generated_Source\PSoC5/uart_solinst_PM.c **** *
 152:.\Generated_Source\PSoC5/uart_solinst_PM.c **** * Summary:
 153:.\Generated_Source\PSoC5/uart_solinst_PM.c **** *  Stops and saves the user configuration. Should be called
 154:.\Generated_Source\PSoC5/uart_solinst_PM.c **** *  just prior to entering sleep.
 155:.\Generated_Source\PSoC5/uart_solinst_PM.c **** *
 156:.\Generated_Source\PSoC5/uart_solinst_PM.c **** *
 157:.\Generated_Source\PSoC5/uart_solinst_PM.c **** * Parameters:
 158:.\Generated_Source\PSoC5/uart_solinst_PM.c **** *  None.
 159:.\Generated_Source\PSoC5/uart_solinst_PM.c **** *
 160:.\Generated_Source\PSoC5/uart_solinst_PM.c **** * Return:
 161:.\Generated_Source\PSoC5/uart_solinst_PM.c **** *  None.
 162:.\Generated_Source\PSoC5/uart_solinst_PM.c **** *
 163:.\Generated_Source\PSoC5/uart_solinst_PM.c **** * Global Variables:
 164:.\Generated_Source\PSoC5/uart_solinst_PM.c **** *  uart_solinst_backup - modified when non-retention registers are saved.
 165:.\Generated_Source\PSoC5/uart_solinst_PM.c **** *
 166:.\Generated_Source\PSoC5/uart_solinst_PM.c **** * Reentrant:
 167:.\Generated_Source\PSoC5/uart_solinst_PM.c **** *  No.
 168:.\Generated_Source\PSoC5/uart_solinst_PM.c **** *
 169:.\Generated_Source\PSoC5/uart_solinst_PM.c **** *******************************************************************************/
 170:.\Generated_Source\PSoC5/uart_solinst_PM.c **** void uart_solinst_Sleep(void)
 171:.\Generated_Source\PSoC5/uart_solinst_PM.c **** {
 105              		.loc 1 171 0
 106              		.cfi_startproc
 107              		@ args = 0, pretend = 0, frame = 0
 108              		@ frame_needed = 1, uses_anonymous_args = 0
 109 0000 80B5     		push	{r7, lr}
 110              	.LCFI4:
ARM GAS  C:\Users\karunmj\AppData\Local\Temp\ccUsbZik.s 			page 6


 111              		.cfi_def_cfa_offset 8
 112 0002 00AF     		add	r7, sp, #0
 113              		.cfi_offset 14, -4
 114              		.cfi_offset 7, -8
 115              	.LCFI5:
 116              		.cfi_def_cfa_register 7
 172:.\Generated_Source\PSoC5/uart_solinst_PM.c **** 
 173:.\Generated_Source\PSoC5/uart_solinst_PM.c ****     #if(uart_solinst_RX_ENABLED || uart_solinst_HD_ENABLED)
 174:.\Generated_Source\PSoC5/uart_solinst_PM.c ****         if((uart_solinst_RXSTATUS_ACTL_REG  & uart_solinst_INT_ENABLE) != 0u)
 117              		.loc 1 174 0
 118 0004 46F29D43 		movw	r3, #:lower16:1073767581
 119 0008 C4F20003 		movt	r3, #:upper16:1073767581
 120 000c 1B78     		ldrb	r3, [r3, #0]
 121 000e DBB2     		uxtb	r3, r3
 122 0010 03F01003 		and	r3, r3, #16
 123 0014 002B     		cmp	r3, #0
 124 0016 07D0     		beq	.L6
 175:.\Generated_Source\PSoC5/uart_solinst_PM.c ****         {
 176:.\Generated_Source\PSoC5/uart_solinst_PM.c ****             uart_solinst_backup.enableState = 1u;
 125              		.loc 1 176 0
 126 0018 40F20003 		movw	r3, #:lower16:uart_solinst_backup
 127 001c C0F20003 		movt	r3, #:upper16:uart_solinst_backup
 128 0020 4FF00102 		mov	r2, #1
 129 0024 1A70     		strb	r2, [r3, #0]
 130 0026 06E0     		b	.L7
 131              	.L6:
 177:.\Generated_Source\PSoC5/uart_solinst_PM.c ****         }
 178:.\Generated_Source\PSoC5/uart_solinst_PM.c ****         else
 179:.\Generated_Source\PSoC5/uart_solinst_PM.c ****         {
 180:.\Generated_Source\PSoC5/uart_solinst_PM.c ****             uart_solinst_backup.enableState = 0u;
 132              		.loc 1 180 0
 133 0028 40F20003 		movw	r3, #:lower16:uart_solinst_backup
 134 002c C0F20003 		movt	r3, #:upper16:uart_solinst_backup
 135 0030 4FF00002 		mov	r2, #0
 136 0034 1A70     		strb	r2, [r3, #0]
 137              	.L7:
 181:.\Generated_Source\PSoC5/uart_solinst_PM.c ****         }
 182:.\Generated_Source\PSoC5/uart_solinst_PM.c ****     #else
 183:.\Generated_Source\PSoC5/uart_solinst_PM.c ****         if((uart_solinst_TXSTATUS_ACTL_REG  & uart_solinst_INT_ENABLE) !=0u)
 184:.\Generated_Source\PSoC5/uart_solinst_PM.c ****         {
 185:.\Generated_Source\PSoC5/uart_solinst_PM.c ****             uart_solinst_backup.enableState = 1u;
 186:.\Generated_Source\PSoC5/uart_solinst_PM.c ****         }
 187:.\Generated_Source\PSoC5/uart_solinst_PM.c ****         else
 188:.\Generated_Source\PSoC5/uart_solinst_PM.c ****         {
 189:.\Generated_Source\PSoC5/uart_solinst_PM.c ****             uart_solinst_backup.enableState = 0u;
 190:.\Generated_Source\PSoC5/uart_solinst_PM.c ****         }
 191:.\Generated_Source\PSoC5/uart_solinst_PM.c ****     #endif /* End uart_solinst_RX_ENABLED || uart_solinst_HD_ENABLED*/
 192:.\Generated_Source\PSoC5/uart_solinst_PM.c **** 
 193:.\Generated_Source\PSoC5/uart_solinst_PM.c ****     uart_solinst_Stop();
 138              		.loc 1 193 0
 139 0036 FFF7FEFF 		bl	uart_solinst_Stop
 194:.\Generated_Source\PSoC5/uart_solinst_PM.c ****     uart_solinst_SaveConfig();
 140              		.loc 1 194 0
 141 003a FFF7FEFF 		bl	uart_solinst_SaveConfig
 195:.\Generated_Source\PSoC5/uart_solinst_PM.c **** }
 142              		.loc 1 195 0
 143 003e 80BD     		pop	{r7, pc}
ARM GAS  C:\Users\karunmj\AppData\Local\Temp\ccUsbZik.s 			page 7


 144              		.cfi_endproc
 145              	.LFE2:
 146              		.size	uart_solinst_Sleep, .-uart_solinst_Sleep
 147              		.section	.text.uart_solinst_Wakeup,"ax",%progbits
 148              		.align	2
 149              		.global	uart_solinst_Wakeup
 150              		.thumb
 151              		.thumb_func
 152              		.type	uart_solinst_Wakeup, %function
 153              	uart_solinst_Wakeup:
 154              	.LFB3:
 196:.\Generated_Source\PSoC5/uart_solinst_PM.c **** 
 197:.\Generated_Source\PSoC5/uart_solinst_PM.c **** 
 198:.\Generated_Source\PSoC5/uart_solinst_PM.c **** /*******************************************************************************
 199:.\Generated_Source\PSoC5/uart_solinst_PM.c **** * Function Name: uart_solinst_Wakeup
 200:.\Generated_Source\PSoC5/uart_solinst_PM.c **** ********************************************************************************
 201:.\Generated_Source\PSoC5/uart_solinst_PM.c **** *
 202:.\Generated_Source\PSoC5/uart_solinst_PM.c **** * Summary:
 203:.\Generated_Source\PSoC5/uart_solinst_PM.c **** *  Restores and enables the user configuration. Should be called
 204:.\Generated_Source\PSoC5/uart_solinst_PM.c **** *  just after awaking from sleep.
 205:.\Generated_Source\PSoC5/uart_solinst_PM.c **** *
 206:.\Generated_Source\PSoC5/uart_solinst_PM.c **** * Parameters:
 207:.\Generated_Source\PSoC5/uart_solinst_PM.c **** *  None.
 208:.\Generated_Source\PSoC5/uart_solinst_PM.c **** *
 209:.\Generated_Source\PSoC5/uart_solinst_PM.c **** * Return:
 210:.\Generated_Source\PSoC5/uart_solinst_PM.c **** *  None.
 211:.\Generated_Source\PSoC5/uart_solinst_PM.c **** *
 212:.\Generated_Source\PSoC5/uart_solinst_PM.c **** * Global Variables:
 213:.\Generated_Source\PSoC5/uart_solinst_PM.c **** *  uart_solinst_backup - used when non-retention registers are restored.
 214:.\Generated_Source\PSoC5/uart_solinst_PM.c **** *
 215:.\Generated_Source\PSoC5/uart_solinst_PM.c **** * Reentrant:
 216:.\Generated_Source\PSoC5/uart_solinst_PM.c **** *  No.
 217:.\Generated_Source\PSoC5/uart_solinst_PM.c **** *
 218:.\Generated_Source\PSoC5/uart_solinst_PM.c **** *******************************************************************************/
 219:.\Generated_Source\PSoC5/uart_solinst_PM.c **** void uart_solinst_Wakeup(void)
 220:.\Generated_Source\PSoC5/uart_solinst_PM.c **** {
 155              		.loc 1 220 0
 156              		.cfi_startproc
 157              		@ args = 0, pretend = 0, frame = 0
 158              		@ frame_needed = 1, uses_anonymous_args = 0
 159 0000 80B5     		push	{r7, lr}
 160              	.LCFI6:
 161              		.cfi_def_cfa_offset 8
 162 0002 00AF     		add	r7, sp, #0
 163              		.cfi_offset 14, -4
 164              		.cfi_offset 7, -8
 165              	.LCFI7:
 166              		.cfi_def_cfa_register 7
 221:.\Generated_Source\PSoC5/uart_solinst_PM.c ****     uart_solinst_RestoreConfig();
 167              		.loc 1 221 0
 168 0004 FFF7FEFF 		bl	uart_solinst_RestoreConfig
 222:.\Generated_Source\PSoC5/uart_solinst_PM.c ****     #if( (uart_solinst_RX_ENABLED) || (uart_solinst_HD_ENABLED) )
 223:.\Generated_Source\PSoC5/uart_solinst_PM.c ****         uart_solinst_ClearRxBuffer();
 169              		.loc 1 223 0
 170 0008 FFF7FEFF 		bl	uart_solinst_ClearRxBuffer
 224:.\Generated_Source\PSoC5/uart_solinst_PM.c ****     #endif /* End (uart_solinst_RX_ENABLED) || (uart_solinst_HD_ENABLED) */
 225:.\Generated_Source\PSoC5/uart_solinst_PM.c ****     #if(uart_solinst_TX_ENABLED || uart_solinst_HD_ENABLED)
ARM GAS  C:\Users\karunmj\AppData\Local\Temp\ccUsbZik.s 			page 8


 226:.\Generated_Source\PSoC5/uart_solinst_PM.c ****         uart_solinst_ClearTxBuffer();
 171              		.loc 1 226 0
 172 000c FFF7FEFF 		bl	uart_solinst_ClearTxBuffer
 227:.\Generated_Source\PSoC5/uart_solinst_PM.c ****     #endif /* End uart_solinst_TX_ENABLED || uart_solinst_HD_ENABLED */
 228:.\Generated_Source\PSoC5/uart_solinst_PM.c **** 
 229:.\Generated_Source\PSoC5/uart_solinst_PM.c ****     if(uart_solinst_backup.enableState != 0u)
 173              		.loc 1 229 0
 174 0010 40F20003 		movw	r3, #:lower16:uart_solinst_backup
 175 0014 C0F20003 		movt	r3, #:upper16:uart_solinst_backup
 176 0018 1B78     		ldrb	r3, [r3, #0]	@ zero_extendqisi2
 177 001a 002B     		cmp	r3, #0
 178 001c 01D0     		beq	.L11
 230:.\Generated_Source\PSoC5/uart_solinst_PM.c ****     {
 231:.\Generated_Source\PSoC5/uart_solinst_PM.c ****         uart_solinst_Enable();
 179              		.loc 1 231 0
 180 001e FFF7FEFF 		bl	uart_solinst_Enable
 181              	.L11:
 232:.\Generated_Source\PSoC5/uart_solinst_PM.c ****     }
 233:.\Generated_Source\PSoC5/uart_solinst_PM.c **** }
 182              		.loc 1 233 0
 183 0022 80BD     		pop	{r7, pc}
 184              		.cfi_endproc
 185              	.LFE3:
 186              		.size	uart_solinst_Wakeup, .-uart_solinst_Wakeup
 187              		.text
 188              	.Letext0:
 189              		.section	.debug_loc,"",%progbits
 190              	.Ldebug_loc0:
 191              	.LLST0:
 192 0000 00000000 		.4byte	.LFB0
 193 0004 02000000 		.4byte	.LCFI0
 194 0008 0100     		.2byte	0x1
 195 000a 5D       		.byte	0x5d
 196 000b 02000000 		.4byte	.LCFI0
 197 000f 04000000 		.4byte	.LCFI1
 198 0013 0200     		.2byte	0x2
 199 0015 7D       		.byte	0x7d
 200 0016 04       		.sleb128 4
 201 0017 04000000 		.4byte	.LCFI1
 202 001b 20000000 		.4byte	.LFE0
 203 001f 0200     		.2byte	0x2
 204 0021 77       		.byte	0x77
 205 0022 04       		.sleb128 4
 206 0023 00000000 		.4byte	0x0
 207 0027 00000000 		.4byte	0x0
 208              	.LLST1:
 209 002b 00000000 		.4byte	.LFB1
 210 002f 02000000 		.4byte	.LCFI2
 211 0033 0100     		.2byte	0x1
 212 0035 5D       		.byte	0x5d
 213 0036 02000000 		.4byte	.LCFI2
 214 003a 04000000 		.4byte	.LCFI3
 215 003e 0200     		.2byte	0x2
 216 0040 7D       		.byte	0x7d
 217 0041 04       		.sleb128 4
 218 0042 04000000 		.4byte	.LCFI3
 219 0046 1E000000 		.4byte	.LFE1
ARM GAS  C:\Users\karunmj\AppData\Local\Temp\ccUsbZik.s 			page 9


 220 004a 0200     		.2byte	0x2
 221 004c 77       		.byte	0x77
 222 004d 04       		.sleb128 4
 223 004e 00000000 		.4byte	0x0
 224 0052 00000000 		.4byte	0x0
 225              	.LLST2:
 226 0056 00000000 		.4byte	.LFB2
 227 005a 02000000 		.4byte	.LCFI4
 228 005e 0100     		.2byte	0x1
 229 0060 5D       		.byte	0x5d
 230 0061 02000000 		.4byte	.LCFI4
 231 0065 04000000 		.4byte	.LCFI5
 232 0069 0200     		.2byte	0x2
 233 006b 7D       		.byte	0x7d
 234 006c 08       		.sleb128 8
 235 006d 04000000 		.4byte	.LCFI5
 236 0071 40000000 		.4byte	.LFE2
 237 0075 0200     		.2byte	0x2
 238 0077 77       		.byte	0x77
 239 0078 08       		.sleb128 8
 240 0079 00000000 		.4byte	0x0
 241 007d 00000000 		.4byte	0x0
 242              	.LLST3:
 243 0081 00000000 		.4byte	.LFB3
 244 0085 02000000 		.4byte	.LCFI6
 245 0089 0100     		.2byte	0x1
 246 008b 5D       		.byte	0x5d
 247 008c 02000000 		.4byte	.LCFI6
 248 0090 04000000 		.4byte	.LCFI7
 249 0094 0200     		.2byte	0x2
 250 0096 7D       		.byte	0x7d
 251 0097 08       		.sleb128 8
 252 0098 04000000 		.4byte	.LCFI7
 253 009c 24000000 		.4byte	.LFE3
 254 00a0 0200     		.2byte	0x2
 255 00a2 77       		.byte	0x77
 256 00a3 08       		.sleb128 8
 257 00a4 00000000 		.4byte	0x0
 258 00a8 00000000 		.4byte	0x0
 259              		.file 2 ".\\Generated_Source\\PSoC5\\/uart_solinst.h"
 260              		.file 3 ".\\Generated_Source\\PSoC5\\/cytypes.h"
 261              		.section	.debug_info
 262 0000 43010000 		.4byte	0x143
 263 0004 0200     		.2byte	0x2
 264 0006 00000000 		.4byte	.Ldebug_abbrev0
 265 000a 04       		.byte	0x4
 266 000b 01       		.uleb128 0x1
 267 000c 16010000 		.4byte	.LASF21
 268 0010 01       		.byte	0x1
 269 0011 A4000000 		.4byte	.LASF22
 270 0015 27000000 		.4byte	.LASF23
 271 0019 00000000 		.4byte	0x0
 272 001d 00000000 		.4byte	0x0
 273 0021 00000000 		.4byte	.Ldebug_ranges0+0x0
 274 0025 00000000 		.4byte	.Ldebug_line0
 275 0029 02       		.uleb128 0x2
 276 002a 01       		.byte	0x1
ARM GAS  C:\Users\karunmj\AppData\Local\Temp\ccUsbZik.s 			page 10


 277 002b 06       		.byte	0x6
 278 002c B1010000 		.4byte	.LASF0
 279 0030 02       		.uleb128 0x2
 280 0031 01       		.byte	0x1
 281 0032 08       		.byte	0x8
 282 0033 22010000 		.4byte	.LASF1
 283 0037 02       		.uleb128 0x2
 284 0038 02       		.byte	0x2
 285 0039 05       		.byte	0x5
 286 003a CE010000 		.4byte	.LASF2
 287 003e 02       		.uleb128 0x2
 288 003f 02       		.byte	0x2
 289 0040 07       		.byte	0x7
 290 0041 9E010000 		.4byte	.LASF3
 291 0045 02       		.uleb128 0x2
 292 0046 04       		.byte	0x4
 293 0047 05       		.byte	0x5
 294 0048 5F010000 		.4byte	.LASF4
 295 004c 02       		.uleb128 0x2
 296 004d 04       		.byte	0x4
 297 004e 07       		.byte	0x7
 298 004f D5000000 		.4byte	.LASF5
 299 0053 02       		.uleb128 0x2
 300 0054 08       		.byte	0x8
 301 0055 05       		.byte	0x5
 302 0056 00000000 		.4byte	.LASF6
 303 005a 02       		.uleb128 0x2
 304 005b 08       		.byte	0x8
 305 005c 07       		.byte	0x7
 306 005d FF000000 		.4byte	.LASF7
 307 0061 03       		.uleb128 0x3
 308 0062 04       		.byte	0x4
 309 0063 05       		.byte	0x5
 310 0064 696E7400 		.ascii	"int\000"
 311 0068 02       		.uleb128 0x2
 312 0069 04       		.byte	0x4
 313 006a 07       		.byte	0x7
 314 006b 1A000000 		.4byte	.LASF8
 315 006f 04       		.uleb128 0x4
 316 0070 CF000000 		.4byte	.LASF15
 317 0074 03       		.byte	0x3
 318 0075 4C       		.byte	0x4c
 319 0076 30000000 		.4byte	0x30
 320 007a 02       		.uleb128 0x2
 321 007b 04       		.byte	0x4
 322 007c 04       		.byte	0x4
 323 007d C8010000 		.4byte	.LASF9
 324 0081 02       		.uleb128 0x2
 325 0082 08       		.byte	0x8
 326 0083 04       		.byte	0x4
 327 0084 97010000 		.4byte	.LASF10
 328 0088 02       		.uleb128 0x2
 329 0089 01       		.byte	0x1
 330 008a 08       		.byte	0x8
 331 008b E2010000 		.4byte	.LASF11
 332 008f 05       		.uleb128 0x5
 333 0090 04       		.byte	0x4
ARM GAS  C:\Users\karunmj\AppData\Local\Temp\ccUsbZik.s 			page 11


 334 0091 07       		.byte	0x7
 335 0092 06       		.uleb128 0x6
 336 0093 76000000 		.4byte	.LASF24
 337 0097 04       		.byte	0x4
 338 0098 02       		.byte	0x2
 339 0099 46       		.byte	0x46
 340 009a D6000000 		.4byte	0xd6
 341 009e 07       		.uleb128 0x7
 342 009f 0E000000 		.4byte	.LASF12
 343 00a3 02       		.byte	0x2
 344 00a4 47       		.byte	0x47
 345 00a5 6F000000 		.4byte	0x6f
 346 00a9 02       		.byte	0x2
 347 00aa 23       		.byte	0x23
 348 00ab 00       		.uleb128 0x0
 349 00ac 08       		.uleb128 0x8
 350 00ad 637200   		.ascii	"cr\000"
 351 00b0 02       		.byte	0x2
 352 00b1 4A       		.byte	0x4a
 353 00b2 6F000000 		.4byte	0x6f
 354 00b6 02       		.byte	0x2
 355 00b7 23       		.byte	0x23
 356 00b8 01       		.uleb128 0x1
 357 00b9 07       		.uleb128 0x7
 358 00ba D8010000 		.4byte	.LASF13
 359 00be 02       		.byte	0x2
 360 00bf 4D       		.byte	0x4d
 361 00c0 6F000000 		.4byte	0x6f
 362 00c4 02       		.byte	0x2
 363 00c5 23       		.byte	0x23
 364 00c6 02       		.uleb128 0x2
 365 00c7 07       		.uleb128 0x7
 366 00c8 BD010000 		.4byte	.LASF14
 367 00cc 02       		.byte	0x2
 368 00cd 59       		.byte	0x59
 369 00ce 6F000000 		.4byte	0x6f
 370 00d2 02       		.byte	0x2
 371 00d3 23       		.byte	0x23
 372 00d4 03       		.uleb128 0x3
 373 00d5 00       		.byte	0x0
 374 00d6 04       		.uleb128 0x4
 375 00d7 7C010000 		.4byte	.LASF16
 376 00db 02       		.byte	0x2
 377 00dc 64       		.byte	0x64
 378 00dd 92000000 		.4byte	0x92
 379 00e1 09       		.uleb128 0x9
 380 00e2 01       		.byte	0x1
 381 00e3 E7000000 		.4byte	.LASF17
 382 00e7 01       		.byte	0x1
 383 00e8 34       		.byte	0x34
 384 00e9 01       		.byte	0x1
 385 00ea 00000000 		.4byte	.LFB0
 386 00ee 20000000 		.4byte	.LFE0
 387 00f2 00000000 		.4byte	.LLST0
 388 00f6 09       		.uleb128 0x9
 389 00f7 01       		.byte	0x1
 390 00f8 30010000 		.4byte	.LASF18
ARM GAS  C:\Users\karunmj\AppData\Local\Temp\ccUsbZik.s 			page 12


 391 00fc 01       		.byte	0x1
 392 00fd 6E       		.byte	0x6e
 393 00fe 01       		.byte	0x1
 394 00ff 00000000 		.4byte	.LFB1
 395 0103 1E000000 		.4byte	.LFE1
 396 0107 2B000000 		.4byte	.LLST1
 397 010b 09       		.uleb128 0x9
 398 010c 01       		.byte	0x1
 399 010d 91000000 		.4byte	.LASF19
 400 0111 01       		.byte	0x1
 401 0112 AA       		.byte	0xaa
 402 0113 01       		.byte	0x1
 403 0114 00000000 		.4byte	.LFB2
 404 0118 40000000 		.4byte	.LFE2
 405 011c 56000000 		.4byte	.LLST2
 406 0120 09       		.uleb128 0x9
 407 0121 01       		.byte	0x1
 408 0122 4B010000 		.4byte	.LASF20
 409 0126 01       		.byte	0x1
 410 0127 DB       		.byte	0xdb
 411 0128 01       		.byte	0x1
 412 0129 00000000 		.4byte	.LFB3
 413 012d 24000000 		.4byte	.LFE3
 414 0131 81000000 		.4byte	.LLST3
 415 0135 0A       		.uleb128 0xa
 416 0136 68010000 		.4byte	.LASF25
 417 013a 01       		.byte	0x1
 418 013b 18       		.byte	0x18
 419 013c D6000000 		.4byte	0xd6
 420 0140 05       		.byte	0x5
 421 0141 03       		.byte	0x3
 422 0142 00000000 		.4byte	uart_solinst_backup
 423 0146 00       		.byte	0x0
 424              		.section	.debug_abbrev
 425 0000 01       		.uleb128 0x1
 426 0001 11       		.uleb128 0x11
 427 0002 01       		.byte	0x1
 428 0003 25       		.uleb128 0x25
 429 0004 0E       		.uleb128 0xe
 430 0005 13       		.uleb128 0x13
 431 0006 0B       		.uleb128 0xb
 432 0007 03       		.uleb128 0x3
 433 0008 0E       		.uleb128 0xe
 434 0009 1B       		.uleb128 0x1b
 435 000a 0E       		.uleb128 0xe
 436 000b 11       		.uleb128 0x11
 437 000c 01       		.uleb128 0x1
 438 000d 52       		.uleb128 0x52
 439 000e 01       		.uleb128 0x1
 440 000f 55       		.uleb128 0x55
 441 0010 06       		.uleb128 0x6
 442 0011 10       		.uleb128 0x10
 443 0012 06       		.uleb128 0x6
 444 0013 00       		.byte	0x0
 445 0014 00       		.byte	0x0
 446 0015 02       		.uleb128 0x2
 447 0016 24       		.uleb128 0x24
ARM GAS  C:\Users\karunmj\AppData\Local\Temp\ccUsbZik.s 			page 13


 448 0017 00       		.byte	0x0
 449 0018 0B       		.uleb128 0xb
 450 0019 0B       		.uleb128 0xb
 451 001a 3E       		.uleb128 0x3e
 452 001b 0B       		.uleb128 0xb
 453 001c 03       		.uleb128 0x3
 454 001d 0E       		.uleb128 0xe
 455 001e 00       		.byte	0x0
 456 001f 00       		.byte	0x0
 457 0020 03       		.uleb128 0x3
 458 0021 24       		.uleb128 0x24
 459 0022 00       		.byte	0x0
 460 0023 0B       		.uleb128 0xb
 461 0024 0B       		.uleb128 0xb
 462 0025 3E       		.uleb128 0x3e
 463 0026 0B       		.uleb128 0xb
 464 0027 03       		.uleb128 0x3
 465 0028 08       		.uleb128 0x8
 466 0029 00       		.byte	0x0
 467 002a 00       		.byte	0x0
 468 002b 04       		.uleb128 0x4
 469 002c 16       		.uleb128 0x16
 470 002d 00       		.byte	0x0
 471 002e 03       		.uleb128 0x3
 472 002f 0E       		.uleb128 0xe
 473 0030 3A       		.uleb128 0x3a
 474 0031 0B       		.uleb128 0xb
 475 0032 3B       		.uleb128 0x3b
 476 0033 0B       		.uleb128 0xb
 477 0034 49       		.uleb128 0x49
 478 0035 13       		.uleb128 0x13
 479 0036 00       		.byte	0x0
 480 0037 00       		.byte	0x0
 481 0038 05       		.uleb128 0x5
 482 0039 24       		.uleb128 0x24
 483 003a 00       		.byte	0x0
 484 003b 0B       		.uleb128 0xb
 485 003c 0B       		.uleb128 0xb
 486 003d 3E       		.uleb128 0x3e
 487 003e 0B       		.uleb128 0xb
 488 003f 00       		.byte	0x0
 489 0040 00       		.byte	0x0
 490 0041 06       		.uleb128 0x6
 491 0042 13       		.uleb128 0x13
 492 0043 01       		.byte	0x1
 493 0044 03       		.uleb128 0x3
 494 0045 0E       		.uleb128 0xe
 495 0046 0B       		.uleb128 0xb
 496 0047 0B       		.uleb128 0xb
 497 0048 3A       		.uleb128 0x3a
 498 0049 0B       		.uleb128 0xb
 499 004a 3B       		.uleb128 0x3b
 500 004b 0B       		.uleb128 0xb
 501 004c 01       		.uleb128 0x1
 502 004d 13       		.uleb128 0x13
 503 004e 00       		.byte	0x0
 504 004f 00       		.byte	0x0
ARM GAS  C:\Users\karunmj\AppData\Local\Temp\ccUsbZik.s 			page 14


 505 0050 07       		.uleb128 0x7
 506 0051 0D       		.uleb128 0xd
 507 0052 00       		.byte	0x0
 508 0053 03       		.uleb128 0x3
 509 0054 0E       		.uleb128 0xe
 510 0055 3A       		.uleb128 0x3a
 511 0056 0B       		.uleb128 0xb
 512 0057 3B       		.uleb128 0x3b
 513 0058 0B       		.uleb128 0xb
 514 0059 49       		.uleb128 0x49
 515 005a 13       		.uleb128 0x13
 516 005b 38       		.uleb128 0x38
 517 005c 0A       		.uleb128 0xa
 518 005d 00       		.byte	0x0
 519 005e 00       		.byte	0x0
 520 005f 08       		.uleb128 0x8
 521 0060 0D       		.uleb128 0xd
 522 0061 00       		.byte	0x0
 523 0062 03       		.uleb128 0x3
 524 0063 08       		.uleb128 0x8
 525 0064 3A       		.uleb128 0x3a
 526 0065 0B       		.uleb128 0xb
 527 0066 3B       		.uleb128 0x3b
 528 0067 0B       		.uleb128 0xb
 529 0068 49       		.uleb128 0x49
 530 0069 13       		.uleb128 0x13
 531 006a 38       		.uleb128 0x38
 532 006b 0A       		.uleb128 0xa
 533 006c 00       		.byte	0x0
 534 006d 00       		.byte	0x0
 535 006e 09       		.uleb128 0x9
 536 006f 2E       		.uleb128 0x2e
 537 0070 00       		.byte	0x0
 538 0071 3F       		.uleb128 0x3f
 539 0072 0C       		.uleb128 0xc
 540 0073 03       		.uleb128 0x3
 541 0074 0E       		.uleb128 0xe
 542 0075 3A       		.uleb128 0x3a
 543 0076 0B       		.uleb128 0xb
 544 0077 3B       		.uleb128 0x3b
 545 0078 0B       		.uleb128 0xb
 546 0079 27       		.uleb128 0x27
 547 007a 0C       		.uleb128 0xc
 548 007b 11       		.uleb128 0x11
 549 007c 01       		.uleb128 0x1
 550 007d 12       		.uleb128 0x12
 551 007e 01       		.uleb128 0x1
 552 007f 40       		.uleb128 0x40
 553 0080 06       		.uleb128 0x6
 554 0081 00       		.byte	0x0
 555 0082 00       		.byte	0x0
 556 0083 0A       		.uleb128 0xa
 557 0084 34       		.uleb128 0x34
 558 0085 00       		.byte	0x0
 559 0086 03       		.uleb128 0x3
 560 0087 0E       		.uleb128 0xe
 561 0088 3A       		.uleb128 0x3a
ARM GAS  C:\Users\karunmj\AppData\Local\Temp\ccUsbZik.s 			page 15


 562 0089 0B       		.uleb128 0xb
 563 008a 3B       		.uleb128 0x3b
 564 008b 0B       		.uleb128 0xb
 565 008c 49       		.uleb128 0x49
 566 008d 13       		.uleb128 0x13
 567 008e 02       		.uleb128 0x2
 568 008f 0A       		.uleb128 0xa
 569 0090 00       		.byte	0x0
 570 0091 00       		.byte	0x0
 571 0092 00       		.byte	0x0
 572              		.section	.debug_pubnames,"",%progbits
 573 0000 78000000 		.4byte	0x78
 574 0004 0200     		.2byte	0x2
 575 0006 00000000 		.4byte	.Ldebug_info0
 576 000a 47010000 		.4byte	0x147
 577 000e E1000000 		.4byte	0xe1
 578 0012 75617274 		.ascii	"uart_solinst_SaveConfig\000"
 578      5F736F6C 
 578      696E7374 
 578      5F536176 
 578      65436F6E 
 579 002a F6000000 		.4byte	0xf6
 580 002e 75617274 		.ascii	"uart_solinst_RestoreConfig\000"
 580      5F736F6C 
 580      696E7374 
 580      5F526573 
 580      746F7265 
 581 0049 0B010000 		.4byte	0x10b
 582 004d 75617274 		.ascii	"uart_solinst_Sleep\000"
 582      5F736F6C 
 582      696E7374 
 582      5F536C65 
 582      657000
 583 0060 20010000 		.4byte	0x120
 584 0064 75617274 		.ascii	"uart_solinst_Wakeup\000"
 584      5F736F6C 
 584      696E7374 
 584      5F57616B 
 584      65757000 
 585 0078 00000000 		.4byte	0x0
 586              		.section	.debug_aranges,"",%progbits
 587 0000 34000000 		.4byte	0x34
 588 0004 0200     		.2byte	0x2
 589 0006 00000000 		.4byte	.Ldebug_info0
 590 000a 04       		.byte	0x4
 591 000b 00       		.byte	0x0
 592 000c 0000     		.2byte	0x0
 593 000e 0000     		.2byte	0x0
 594 0010 00000000 		.4byte	.LFB0
 595 0014 20000000 		.4byte	.LFE0-.LFB0
 596 0018 00000000 		.4byte	.LFB1
 597 001c 1E000000 		.4byte	.LFE1-.LFB1
 598 0020 00000000 		.4byte	.LFB2
 599 0024 40000000 		.4byte	.LFE2-.LFB2
 600 0028 00000000 		.4byte	.LFB3
 601 002c 24000000 		.4byte	.LFE3-.LFB3
 602 0030 00000000 		.4byte	0x0
ARM GAS  C:\Users\karunmj\AppData\Local\Temp\ccUsbZik.s 			page 16


 603 0034 00000000 		.4byte	0x0
 604              		.section	.debug_ranges,"",%progbits
 605              	.Ldebug_ranges0:
 606 0000 00000000 		.4byte	.Ltext0
 607 0004 00000000 		.4byte	.Letext0
 608 0008 00000000 		.4byte	.LFB0
 609 000c 20000000 		.4byte	.LFE0
 610 0010 00000000 		.4byte	.LFB1
 611 0014 1E000000 		.4byte	.LFE1
 612 0018 00000000 		.4byte	.LFB2
 613 001c 40000000 		.4byte	.LFE2
 614 0020 00000000 		.4byte	.LFB3
 615 0024 24000000 		.4byte	.LFE3
 616 0028 00000000 		.4byte	0x0
 617 002c 00000000 		.4byte	0x0
 618              		.section	.debug_str,"MS",%progbits,1
 619              	.LASF6:
 620 0000 6C6F6E67 		.ascii	"long long int\000"
 620      206C6F6E 
 620      6720696E 
 620      7400
 621              	.LASF12:
 622 000e 656E6162 		.ascii	"enableState\000"
 622      6C655374 
 622      61746500 
 623              	.LASF8:
 624 001a 756E7369 		.ascii	"unsigned int\000"
 624      676E6564 
 624      20696E74 
 624      00
 625              	.LASF23:
 626 0027 433A5C55 		.ascii	"C:\\Users\\karunmj\\Documents\\GitHub\\m2m\\hardwar"
 626      73657273 
 626      5C6B6172 
 626      756E6D6A 
 626      5C446F63 
 627 0054 655C7073 		.ascii	"e\\psoc5\\PSoC_Datalogger_SMS.cydsn\000"
 627      6F63355C 
 627      50536F43 
 627      5F446174 
 627      616C6F67 
 628              	.LASF24:
 629 0076 75617274 		.ascii	"uart_solinst_backupStruct_\000"
 629      5F736F6C 
 629      696E7374 
 629      5F626163 
 629      6B757053 
 630              	.LASF19:
 631 0091 75617274 		.ascii	"uart_solinst_Sleep\000"
 631      5F736F6C 
 631      696E7374 
 631      5F536C65 
 631      657000
 632              	.LASF22:
 633 00a4 2E5C4765 		.ascii	".\\Generated_Source\\PSoC5\\uart_solinst_PM.c\000"
 633      6E657261 
 633      7465645F 
ARM GAS  C:\Users\karunmj\AppData\Local\Temp\ccUsbZik.s 			page 17


 633      536F7572 
 633      63655C50 
 634              	.LASF15:
 635 00cf 75696E74 		.ascii	"uint8\000"
 635      3800
 636              	.LASF5:
 637 00d5 6C6F6E67 		.ascii	"long unsigned int\000"
 637      20756E73 
 637      69676E65 
 637      6420696E 
 637      7400
 638              	.LASF17:
 639 00e7 75617274 		.ascii	"uart_solinst_SaveConfig\000"
 639      5F736F6C 
 639      696E7374 
 639      5F536176 
 639      65436F6E 
 640              	.LASF7:
 641 00ff 6C6F6E67 		.ascii	"long long unsigned int\000"
 641      206C6F6E 
 641      6720756E 
 641      7369676E 
 641      65642069 
 642              	.LASF21:
 643 0116 474E5520 		.ascii	"GNU C 4.4.1\000"
 643      4320342E 
 643      342E3100 
 644              	.LASF1:
 645 0122 756E7369 		.ascii	"unsigned char\000"
 645      676E6564 
 645      20636861 
 645      7200
 646              	.LASF18:
 647 0130 75617274 		.ascii	"uart_solinst_RestoreConfig\000"
 647      5F736F6C 
 647      696E7374 
 647      5F526573 
 647      746F7265 
 648              	.LASF20:
 649 014b 75617274 		.ascii	"uart_solinst_Wakeup\000"
 649      5F736F6C 
 649      696E7374 
 649      5F57616B 
 649      65757000 
 650              	.LASF4:
 651 015f 6C6F6E67 		.ascii	"long int\000"
 651      20696E74 
 651      00
 652              	.LASF25:
 653 0168 75617274 		.ascii	"uart_solinst_backup\000"
 653      5F736F6C 
 653      696E7374 
 653      5F626163 
 653      6B757000 
 654              	.LASF16:
 655 017c 75617274 		.ascii	"uart_solinst_BACKUP_STRUCT\000"
 655      5F736F6C 
ARM GAS  C:\Users\karunmj\AppData\Local\Temp\ccUsbZik.s 			page 18


 655      696E7374 
 655      5F424143 
 655      4B55505F 
 656              	.LASF10:
 657 0197 646F7562 		.ascii	"double\000"
 657      6C6500
 658              	.LASF3:
 659 019e 73686F72 		.ascii	"short unsigned int\000"
 659      7420756E 
 659      7369676E 
 659      65642069 
 659      6E7400
 660              	.LASF0:
 661 01b1 7369676E 		.ascii	"signed char\000"
 661      65642063 
 661      68617200 
 662              	.LASF14:
 663 01bd 74785F63 		.ascii	"tx_clk_ctr\000"
 663      6C6B5F63 
 663      747200
 664              	.LASF9:
 665 01c8 666C6F61 		.ascii	"float\000"
 665      7400
 666              	.LASF2:
 667 01ce 73686F72 		.ascii	"short int\000"
 667      7420696E 
 667      7400
 668              	.LASF13:
 669 01d8 72785F70 		.ascii	"rx_period\000"
 669      6572696F 
 669      6400
 670              	.LASF11:
 671 01e2 63686172 		.ascii	"char\000"
 671      00
 672              		.ident	"GCC: (Sourcery G++ Lite 2010q1-188) 4.4.1"
