ARM GAS  C:\Users\karunmj\AppData\Local\Temp\ccdMpK2j.s 			page 1


   1              		.syntax unified
   2              		.cpu cortex-m3
   3              		.fpu softvfp
   4              		.eabi_attribute 20, 1
   5              		.eabi_attribute 21, 1
   6              		.eabi_attribute 23, 3
   7              		.eabi_attribute 24, 1
   8              		.eabi_attribute 25, 1
   9              		.eabi_attribute 26, 1
  10              		.eabi_attribute 30, 6
  11              		.eabi_attribute 18, 4
  12              		.thumb
  13              		.file	"SCCT_Comp_1.c"
  14              		.section	.debug_abbrev,"",%progbits
  15              	.Ldebug_abbrev0:
  16              		.section	.debug_info,"",%progbits
  17              	.Ldebug_info0:
  18              		.section	.debug_line,"",%progbits
  19              	.Ldebug_line0:
  20 0000 C3000000 		.text
  20      02006400 
  20      00000201 
  20      FB0E0D00 
  20      01010101 
  21              	.Ltext0:
  22              		.cfi_sections	.debug_frame
  23              		.global	SCCT_Comp_1_initVar
  24              		.bss
  25              		.type	SCCT_Comp_1_initVar, %object
  26              		.size	SCCT_Comp_1_initVar, 1
  27              	SCCT_Comp_1_initVar:
  28 0000 00       		.space	1
  29              		.section	.text.SCCT_Comp_1_Init,"ax",%progbits
  30              		.align	2
  31              		.global	SCCT_Comp_1_Init
  32              		.thumb
  33              		.thumb_func
  34              		.type	SCCT_Comp_1_Init, %function
  35              	SCCT_Comp_1_Init:
  36              	.LFB0:
  37              		.file 1 ".\\Generated_Source\\PSoC5\\SCCT_Comp_1.c"
   1:.\Generated_Source\PSoC5/SCCT_Comp_1.c **** /*******************************************************************************
   2:.\Generated_Source\PSoC5/SCCT_Comp_1.c **** * File Name: SCCT_Comp_1.c
   3:.\Generated_Source\PSoC5/SCCT_Comp_1.c **** * Version 1.0
   4:.\Generated_Source\PSoC5/SCCT_Comp_1.c **** *
   5:.\Generated_Source\PSoC5/SCCT_Comp_1.c **** * Description:
   6:.\Generated_Source\PSoC5/SCCT_Comp_1.c **** *  This file provides the source code to the API for the SCCT Comparator
   7:.\Generated_Source\PSoC5/SCCT_Comp_1.c **** *  component.
   8:.\Generated_Source\PSoC5/SCCT_Comp_1.c **** *
   9:.\Generated_Source\PSoC5/SCCT_Comp_1.c **** * Note:
  10:.\Generated_Source\PSoC5/SCCT_Comp_1.c **** *  None.
  11:.\Generated_Source\PSoC5/SCCT_Comp_1.c **** *
  12:.\Generated_Source\PSoC5/SCCT_Comp_1.c **** ********************************************************************************
  13:.\Generated_Source\PSoC5/SCCT_Comp_1.c **** * Copyright 2013, Cypress Semiconductor Corporation. All rights reserved.
  14:.\Generated_Source\PSoC5/SCCT_Comp_1.c **** * You may use this file only in accordance with the license, terms, conditions,
  15:.\Generated_Source\PSoC5/SCCT_Comp_1.c **** * disclaimers, and limitations in the end user license agreement accompanying
  16:.\Generated_Source\PSoC5/SCCT_Comp_1.c **** * the software package with which this file was provided.
ARM GAS  C:\Users\karunmj\AppData\Local\Temp\ccdMpK2j.s 			page 2


  17:.\Generated_Source\PSoC5/SCCT_Comp_1.c **** *******************************************************************************/
  18:.\Generated_Source\PSoC5/SCCT_Comp_1.c **** 
  19:.\Generated_Source\PSoC5/SCCT_Comp_1.c **** #include "SCCT_Comp_1.h"
  20:.\Generated_Source\PSoC5/SCCT_Comp_1.c **** #include "CyLib.h"
  21:.\Generated_Source\PSoC5/SCCT_Comp_1.c **** 
  22:.\Generated_Source\PSoC5/SCCT_Comp_1.c **** #if (1u == CYDEV_VARIABLE_VDDA)
  23:.\Generated_Source\PSoC5/SCCT_Comp_1.c ****     #include "CyScBoostClk.h"
  24:.\Generated_Source\PSoC5/SCCT_Comp_1.c **** #endif /* 1u == CYDEV_VARIABLE_VDDA */
  25:.\Generated_Source\PSoC5/SCCT_Comp_1.c **** 
  26:.\Generated_Source\PSoC5/SCCT_Comp_1.c **** uint8 SCCT_Comp_1_initVar = 0u;
  27:.\Generated_Source\PSoC5/SCCT_Comp_1.c **** 
  28:.\Generated_Source\PSoC5/SCCT_Comp_1.c **** 
  29:.\Generated_Source\PSoC5/SCCT_Comp_1.c **** /*******************************************************************************
  30:.\Generated_Source\PSoC5/SCCT_Comp_1.c **** * Function Name: SCCT_Comp_1_Init
  31:.\Generated_Source\PSoC5/SCCT_Comp_1.c **** ********************************************************************************
  32:.\Generated_Source\PSoC5/SCCT_Comp_1.c **** *
  33:.\Generated_Source\PSoC5/SCCT_Comp_1.c **** * Summary:
  34:.\Generated_Source\PSoC5/SCCT_Comp_1.c **** *  Initializes or restores the SCCT_Comp_1 according to the customizer
  35:.\Generated_Source\PSoC5/SCCT_Comp_1.c **** *  settings. It is not necessary to call SCCT_Comp_1_Init() because the
  36:.\Generated_Source\PSoC5/SCCT_Comp_1.c **** *  SCCT_Comp_1_Start() API calls this function and is the preferred method
  37:.\Generated_Source\PSoC5/SCCT_Comp_1.c **** *  to begin SCCT_Comp_1 operation.
  38:.\Generated_Source\PSoC5/SCCT_Comp_1.c **** *
  39:.\Generated_Source\PSoC5/SCCT_Comp_1.c **** * Parameters:
  40:.\Generated_Source\PSoC5/SCCT_Comp_1.c **** *  None.
  41:.\Generated_Source\PSoC5/SCCT_Comp_1.c **** *
  42:.\Generated_Source\PSoC5/SCCT_Comp_1.c **** * Return:
  43:.\Generated_Source\PSoC5/SCCT_Comp_1.c **** *  None.
  44:.\Generated_Source\PSoC5/SCCT_Comp_1.c **** *
  45:.\Generated_Source\PSoC5/SCCT_Comp_1.c **** *******************************************************************************/
  46:.\Generated_Source\PSoC5/SCCT_Comp_1.c **** void SCCT_Comp_1_Init(void) 
  47:.\Generated_Source\PSoC5/SCCT_Comp_1.c **** {
  38              		.loc 1 47 0
  39              		.cfi_startproc
  40              		@ args = 0, pretend = 0, frame = 0
  41              		@ frame_needed = 1, uses_anonymous_args = 0
  42              		@ link register save eliminated.
  43 0000 80B4     		push	{r7}
  44              	.LCFI0:
  45              		.cfi_def_cfa_offset 4
  46 0002 00AF     		add	r7, sp, #0
  47              		.cfi_offset 7, -4
  48              	.LCFI1:
  49              		.cfi_def_cfa_register 7
  48:.\Generated_Source\PSoC5/SCCT_Comp_1.c ****     /* Set Naked Op-Amp - Comparator mode */
  49:.\Generated_Source\PSoC5/SCCT_Comp_1.c ****     SCCT_Comp_1_CR0_REG = SCCT_Comp_1_MODE_COMPARATOR;
  50              		.loc 1 49 0
  51 0004 45F60003 		movw	r3, #:lower16:1073764352
  52 0008 C4F20003 		movt	r3, #:upper16:1073764352
  53 000c 4FF02002 		mov	r2, #32
  54 0010 1A70     		strb	r2, [r3, #0]
  50:.\Generated_Source\PSoC5/SCCT_Comp_1.c **** 
  51:.\Generated_Source\PSoC5/SCCT_Comp_1.c ****     /* Reset SCCT_Comp_1 Control Register 1 to initial value */
  52:.\Generated_Source\PSoC5/SCCT_Comp_1.c ****     SCCT_Comp_1_CR1_REG = 0u;
  55              		.loc 1 52 0
  56 0012 45F60103 		movw	r3, #:lower16:1073764353
  57 0016 C4F20003 		movt	r3, #:upper16:1073764353
  58 001a 4FF00002 		mov	r2, #0
ARM GAS  C:\Users\karunmj\AppData\Local\Temp\ccdMpK2j.s 			page 3


  59 001e 1A70     		strb	r2, [r3, #0]
  53:.\Generated_Source\PSoC5/SCCT_Comp_1.c **** 
  54:.\Generated_Source\PSoC5/SCCT_Comp_1.c ****     /* Set bias current to normal operation */
  55:.\Generated_Source\PSoC5/SCCT_Comp_1.c ****     SCCT_Comp_1_CR2_REG = SCCT_Comp_1_BIAS;
  60              		.loc 1 55 0
  61 0020 45F60203 		movw	r3, #:lower16:1073764354
  62 0024 C4F20003 		movt	r3, #:upper16:1073764354
  63 0028 4FF00102 		mov	r2, #1
  64 002c 1A70     		strb	r2, [r3, #0]
  56:.\Generated_Source\PSoC5/SCCT_Comp_1.c **** }
  65              		.loc 1 56 0
  66 002e BD46     		mov	sp, r7
  67 0030 80BC     		pop	{r7}
  68 0032 7047     		bx	lr
  69              		.cfi_endproc
  70              	.LFE0:
  71              		.size	SCCT_Comp_1_Init, .-SCCT_Comp_1_Init
  72              		.section	.text.SCCT_Comp_1_Enable,"ax",%progbits
  73              		.align	2
  74              		.global	SCCT_Comp_1_Enable
  75              		.thumb
  76              		.thumb_func
  77              		.type	SCCT_Comp_1_Enable, %function
  78              	SCCT_Comp_1_Enable:
  79              	.LFB1:
  57:.\Generated_Source\PSoC5/SCCT_Comp_1.c **** 
  58:.\Generated_Source\PSoC5/SCCT_Comp_1.c **** 
  59:.\Generated_Source\PSoC5/SCCT_Comp_1.c **** /*******************************************************************************
  60:.\Generated_Source\PSoC5/SCCT_Comp_1.c **** * Function Name: SCCT_Comp_1_Enable
  61:.\Generated_Source\PSoC5/SCCT_Comp_1.c **** ********************************************************************************
  62:.\Generated_Source\PSoC5/SCCT_Comp_1.c **** *
  63:.\Generated_Source\PSoC5/SCCT_Comp_1.c **** * Summary:
  64:.\Generated_Source\PSoC5/SCCT_Comp_1.c **** *  Activates the hardware and begins SCCT_Comp_1 operation. It is not
  65:.\Generated_Source\PSoC5/SCCT_Comp_1.c **** *  necessary to call SCCT_Comp_1_Enable() because the
  66:.\Generated_Source\PSoC5/SCCT_Comp_1.c **** *  SCCT_Comp_1_Start() API calls this function, which is the preferred
  67:.\Generated_Source\PSoC5/SCCT_Comp_1.c **** *  method to begin SCCT_Comp_1 operation.
  68:.\Generated_Source\PSoC5/SCCT_Comp_1.c **** *
  69:.\Generated_Source\PSoC5/SCCT_Comp_1.c **** * Parameters:
  70:.\Generated_Source\PSoC5/SCCT_Comp_1.c **** *  None.
  71:.\Generated_Source\PSoC5/SCCT_Comp_1.c **** *
  72:.\Generated_Source\PSoC5/SCCT_Comp_1.c **** * Return:
  73:.\Generated_Source\PSoC5/SCCT_Comp_1.c **** *  None.
  74:.\Generated_Source\PSoC5/SCCT_Comp_1.c **** *
  75:.\Generated_Source\PSoC5/SCCT_Comp_1.c **** *******************************************************************************/
  76:.\Generated_Source\PSoC5/SCCT_Comp_1.c **** void SCCT_Comp_1_Enable(void) 
  77:.\Generated_Source\PSoC5/SCCT_Comp_1.c **** {
  80              		.loc 1 77 0
  81              		.cfi_startproc
  82              		@ args = 0, pretend = 0, frame = 8
  83              		@ frame_needed = 1, uses_anonymous_args = 0
  84 0000 80B5     		push	{r7, lr}
  85              	.LCFI2:
  86              		.cfi_def_cfa_offset 8
  87 0002 82B0     		sub	sp, sp, #8
  88              	.LCFI3:
  89              		.cfi_def_cfa_offset 16
  90 0004 00AF     		add	r7, sp, #0
ARM GAS  C:\Users\karunmj\AppData\Local\Temp\ccdMpK2j.s 			page 4


  91              		.cfi_offset 14, -4
  92              		.cfi_offset 7, -8
  93              	.LCFI4:
  94              		.cfi_def_cfa_register 7
  78:.\Generated_Source\PSoC5/SCCT_Comp_1.c ****     uint8 enableInterrupts;
  79:.\Generated_Source\PSoC5/SCCT_Comp_1.c **** 
  80:.\Generated_Source\PSoC5/SCCT_Comp_1.c ****     enableInterrupts = CyEnterCriticalSection();
  95              		.loc 1 80 0
  96 0006 FFF7FEFF 		bl	CyEnterCriticalSection
  97 000a 0346     		mov	r3, r0
  98 000c FB71     		strb	r3, [r7, #7]
  81:.\Generated_Source\PSoC5/SCCT_Comp_1.c **** 
  82:.\Generated_Source\PSoC5/SCCT_Comp_1.c ****     /* Enable power to the SCCT_Comp_1 in Active mode */
  83:.\Generated_Source\PSoC5/SCCT_Comp_1.c ****     SCCT_Comp_1_PM_ACT_CFG_REG |= SCCT_Comp_1_ACT_PWR_EN;
  99              		.loc 1 83 0
 100 000e 44F2A933 		movw	r3, #:lower16:1073759145
 101 0012 C4F20003 		movt	r3, #:upper16:1073759145
 102 0016 44F2A932 		movw	r2, #:lower16:1073759145
 103 001a C4F20002 		movt	r2, #:upper16:1073759145
 104 001e 1278     		ldrb	r2, [r2, #0]
 105 0020 D2B2     		uxtb	r2, r2
 106 0022 42F00102 		orr	r2, r2, #1
 107 0026 D2B2     		uxtb	r2, r2
 108 0028 1A70     		strb	r2, [r3, #0]
  84:.\Generated_Source\PSoC5/SCCT_Comp_1.c **** 
  85:.\Generated_Source\PSoC5/SCCT_Comp_1.c ****     /* Enable the power to the SCCT_Comp_1 in Alternative active mode */
  86:.\Generated_Source\PSoC5/SCCT_Comp_1.c ****     SCCT_Comp_1_PM_STBY_CFG_REG |= SCCT_Comp_1_STBY_PWR_EN;
 109              		.loc 1 86 0
 110 002a 44F2B933 		movw	r3, #:lower16:1073759161
 111 002e C4F20003 		movt	r3, #:upper16:1073759161
 112 0032 44F2B932 		movw	r2, #:lower16:1073759161
 113 0036 C4F20002 		movt	r2, #:upper16:1073759161
 114 003a 1278     		ldrb	r2, [r2, #0]
 115 003c D2B2     		uxtb	r2, r2
 116 003e 42F00102 		orr	r2, r2, #1
 117 0042 D2B2     		uxtb	r2, r2
 118 0044 1A70     		strb	r2, [r3, #0]
  87:.\Generated_Source\PSoC5/SCCT_Comp_1.c **** 
  88:.\Generated_Source\PSoC5/SCCT_Comp_1.c ****     /* SCCT_Comp_1 internal Pump Clock Selection */
  89:.\Generated_Source\PSoC5/SCCT_Comp_1.c ****     SCCT_Comp_1_PUMP_CR1_REG |= SCCT_Comp_1_PUMP_CR1_SC_CLKSEL;
 119              		.loc 1 89 0
 120 0046 45F67703 		movw	r3, #:lower16:1073764471
 121 004a C4F20003 		movt	r3, #:upper16:1073764471
 122 004e 45F67702 		movw	r2, #:lower16:1073764471
 123 0052 C4F20002 		movt	r2, #:upper16:1073764471
 124 0056 1278     		ldrb	r2, [r2, #0]
 125 0058 D2B2     		uxtb	r2, r2
 126 005a 6FEA4262 		mvn	r2, r2, lsl #25
 127 005e 6FEA5262 		mvn	r2, r2, lsr #25
 128 0062 D2B2     		uxtb	r2, r2
 129 0064 1A70     		strb	r2, [r3, #0]
  90:.\Generated_Source\PSoC5/SCCT_Comp_1.c **** 
  91:.\Generated_Source\PSoC5/SCCT_Comp_1.c ****     #if (1u == CYDEV_VARIABLE_VDDA)
  92:.\Generated_Source\PSoC5/SCCT_Comp_1.c **** 
  93:.\Generated_Source\PSoC5/SCCT_Comp_1.c ****         if (1u == CyScPumpEnabled)
  94:.\Generated_Source\PSoC5/SCCT_Comp_1.c ****         {
  95:.\Generated_Source\PSoC5/SCCT_Comp_1.c ****             SCCT_Comp_1_BSTCLK_REG &= (uint8)(~SCCT_Comp_1_BST_CLK_INDEX_MASK);
ARM GAS  C:\Users\karunmj\AppData\Local\Temp\ccdMpK2j.s 			page 5


  96:.\Generated_Source\PSoC5/SCCT_Comp_1.c ****             SCCT_Comp_1_BSTCLK_REG |= (SCCT_Comp_1_BST_CLK_EN | CyScBoostClk__INDEX);
  97:.\Generated_Source\PSoC5/SCCT_Comp_1.c ****             SCCT_Comp_1_SC_MISC_REG |= SCCT_Comp_1_PUMP_FORCE;
  98:.\Generated_Source\PSoC5/SCCT_Comp_1.c ****             CyScBoostClk_Start();
  99:.\Generated_Source\PSoC5/SCCT_Comp_1.c ****         }
 100:.\Generated_Source\PSoC5/SCCT_Comp_1.c ****         else
 101:.\Generated_Source\PSoC5/SCCT_Comp_1.c ****         {
 102:.\Generated_Source\PSoC5/SCCT_Comp_1.c ****             SCCT_Comp_1_BSTCLK_REG &= (uint8)(~SCCT_Comp_1_BST_CLK_EN);
 103:.\Generated_Source\PSoC5/SCCT_Comp_1.c ****             SCCT_Comp_1_SC_MISC_REG &= (uint8)(~SCCT_Comp_1_PUMP_FORCE);
 104:.\Generated_Source\PSoC5/SCCT_Comp_1.c ****         }
 105:.\Generated_Source\PSoC5/SCCT_Comp_1.c **** 
 106:.\Generated_Source\PSoC5/SCCT_Comp_1.c ****     #endif /* 1u == CYDEV_VARIABLE_VDDA */
 107:.\Generated_Source\PSoC5/SCCT_Comp_1.c **** 
 108:.\Generated_Source\PSoC5/SCCT_Comp_1.c ****     CyExitCriticalSection(enableInterrupts);
 130              		.loc 1 108 0
 131 0066 FB79     		ldrb	r3, [r7, #7]	@ zero_extendqisi2
 132 0068 1846     		mov	r0, r3
 133 006a FFF7FEFF 		bl	CyExitCriticalSection
 109:.\Generated_Source\PSoC5/SCCT_Comp_1.c **** 
 110:.\Generated_Source\PSoC5/SCCT_Comp_1.c ****     /* Enable clock (aclk) to the SCCT_Comp_1 and disable dynamic control */
 111:.\Generated_Source\PSoC5/SCCT_Comp_1.c ****     SCCT_Comp_1_SC_CLK_REG = SCCT_Comp_1_CLK_EN;
 134              		.loc 1 111 0
 135 006e 45F60B23 		movw	r3, #:lower16:1073764875
 136 0072 C4F20003 		movt	r3, #:upper16:1073764875
 137 0076 4FF00802 		mov	r2, #8
 138 007a 1A70     		strb	r2, [r3, #0]
 112:.\Generated_Source\PSoC5/SCCT_Comp_1.c **** }
 139              		.loc 1 112 0
 140 007c 07F10807 		add	r7, r7, #8
 141 0080 BD46     		mov	sp, r7
 142 0082 80BD     		pop	{r7, pc}
 143              		.cfi_endproc
 144              	.LFE1:
 145              		.size	SCCT_Comp_1_Enable, .-SCCT_Comp_1_Enable
 146              		.section	.text.SCCT_Comp_1_Start,"ax",%progbits
 147              		.align	2
 148              		.global	SCCT_Comp_1_Start
 149              		.thumb
 150              		.thumb_func
 151              		.type	SCCT_Comp_1_Start, %function
 152              	SCCT_Comp_1_Start:
 153              	.LFB2:
 113:.\Generated_Source\PSoC5/SCCT_Comp_1.c **** 
 114:.\Generated_Source\PSoC5/SCCT_Comp_1.c **** 
 115:.\Generated_Source\PSoC5/SCCT_Comp_1.c **** /*******************************************************************************
 116:.\Generated_Source\PSoC5/SCCT_Comp_1.c **** * Function Name: SCCT_Comp_1_Start
 117:.\Generated_Source\PSoC5/SCCT_Comp_1.c **** ********************************************************************************
 118:.\Generated_Source\PSoC5/SCCT_Comp_1.c **** *
 119:.\Generated_Source\PSoC5/SCCT_Comp_1.c **** * Summary:
 120:.\Generated_Source\PSoC5/SCCT_Comp_1.c **** *  Performs all of the required initialization for the SCCT_Comp_1 and
 121:.\Generated_Source\PSoC5/SCCT_Comp_1.c **** *  enables power to the SCCT_Comp_1. The first time the routine is
 122:.\Generated_Source\PSoC5/SCCT_Comp_1.c **** *  executed, the SCCT_Comp_1 is initialized to the configuration from the
 123:.\Generated_Source\PSoC5/SCCT_Comp_1.c **** *  customizer. When called to restart the SCCT_Comp_1 following a
 124:.\Generated_Source\PSoC5/SCCT_Comp_1.c **** *  SCCT_Comp_1_Stop() call, the current SCCT_Comp_1 parameter
 125:.\Generated_Source\PSoC5/SCCT_Comp_1.c **** *  settings are retained.
 126:.\Generated_Source\PSoC5/SCCT_Comp_1.c **** *
 127:.\Generated_Source\PSoC5/SCCT_Comp_1.c **** * Parameters:
 128:.\Generated_Source\PSoC5/SCCT_Comp_1.c **** *  None.
ARM GAS  C:\Users\karunmj\AppData\Local\Temp\ccdMpK2j.s 			page 6


 129:.\Generated_Source\PSoC5/SCCT_Comp_1.c **** *
 130:.\Generated_Source\PSoC5/SCCT_Comp_1.c **** * Return:
 131:.\Generated_Source\PSoC5/SCCT_Comp_1.c **** *  None.
 132:.\Generated_Source\PSoC5/SCCT_Comp_1.c **** *
 133:.\Generated_Source\PSoC5/SCCT_Comp_1.c **** * Global variables:
 134:.\Generated_Source\PSoC5/SCCT_Comp_1.c **** *  SCCT_Comp_1_initVar - used to check initial configuration, modified on
 135:.\Generated_Source\PSoC5/SCCT_Comp_1.c **** *  first function call.
 136:.\Generated_Source\PSoC5/SCCT_Comp_1.c **** *
 137:.\Generated_Source\PSoC5/SCCT_Comp_1.c **** * Reentrant:
 138:.\Generated_Source\PSoC5/SCCT_Comp_1.c **** *  No.
 139:.\Generated_Source\PSoC5/SCCT_Comp_1.c **** *
 140:.\Generated_Source\PSoC5/SCCT_Comp_1.c **** * Side Effect:
 141:.\Generated_Source\PSoC5/SCCT_Comp_1.c **** *  If the initVar variable is already set, this function only calls the
 142:.\Generated_Source\PSoC5/SCCT_Comp_1.c **** *  SCCT_Comp_1_Enable() function.
 143:.\Generated_Source\PSoC5/SCCT_Comp_1.c **** *
 144:.\Generated_Source\PSoC5/SCCT_Comp_1.c **** *******************************************************************************/
 145:.\Generated_Source\PSoC5/SCCT_Comp_1.c **** void SCCT_Comp_1_Start(void) 
 146:.\Generated_Source\PSoC5/SCCT_Comp_1.c **** {
 154              		.loc 1 146 0
 155              		.cfi_startproc
 156              		@ args = 0, pretend = 0, frame = 0
 157              		@ frame_needed = 1, uses_anonymous_args = 0
 158 0000 80B5     		push	{r7, lr}
 159              	.LCFI5:
 160              		.cfi_def_cfa_offset 8
 161 0002 00AF     		add	r7, sp, #0
 162              		.cfi_offset 14, -4
 163              		.cfi_offset 7, -8
 164              	.LCFI6:
 165              		.cfi_def_cfa_register 7
 147:.\Generated_Source\PSoC5/SCCT_Comp_1.c ****     if (0u == SCCT_Comp_1_initVar)
 166              		.loc 1 147 0
 167 0004 40F20003 		movw	r3, #:lower16:SCCT_Comp_1_initVar
 168 0008 C0F20003 		movt	r3, #:upper16:SCCT_Comp_1_initVar
 169 000c 1B78     		ldrb	r3, [r3, #0]	@ zero_extendqisi2
 170 000e 002B     		cmp	r3, #0
 171 0010 08D1     		bne	.L6
 148:.\Generated_Source\PSoC5/SCCT_Comp_1.c ****     {
 149:.\Generated_Source\PSoC5/SCCT_Comp_1.c ****         SCCT_Comp_1_Init();
 172              		.loc 1 149 0
 173 0012 FFF7FEFF 		bl	SCCT_Comp_1_Init
 150:.\Generated_Source\PSoC5/SCCT_Comp_1.c ****         SCCT_Comp_1_initVar = 1u;
 174              		.loc 1 150 0
 175 0016 40F20003 		movw	r3, #:lower16:SCCT_Comp_1_initVar
 176 001a C0F20003 		movt	r3, #:upper16:SCCT_Comp_1_initVar
 177 001e 4FF00102 		mov	r2, #1
 178 0022 1A70     		strb	r2, [r3, #0]
 179              	.L6:
 151:.\Generated_Source\PSoC5/SCCT_Comp_1.c ****     }
 152:.\Generated_Source\PSoC5/SCCT_Comp_1.c **** 
 153:.\Generated_Source\PSoC5/SCCT_Comp_1.c ****     SCCT_Comp_1_Enable();
 180              		.loc 1 153 0
 181 0024 FFF7FEFF 		bl	SCCT_Comp_1_Enable
 154:.\Generated_Source\PSoC5/SCCT_Comp_1.c **** }
 182              		.loc 1 154 0
 183 0028 80BD     		pop	{r7, pc}
 184              		.cfi_endproc
ARM GAS  C:\Users\karunmj\AppData\Local\Temp\ccdMpK2j.s 			page 7


 185              	.LFE2:
 186              		.size	SCCT_Comp_1_Start, .-SCCT_Comp_1_Start
 187 002a 00BF     		.section	.text.SCCT_Comp_1_Stop,"ax",%progbits
 188              		.align	2
 189              		.global	SCCT_Comp_1_Stop
 190              		.thumb
 191              		.thumb_func
 192              		.type	SCCT_Comp_1_Stop, %function
 193              	SCCT_Comp_1_Stop:
 194              	.LFB3:
 155:.\Generated_Source\PSoC5/SCCT_Comp_1.c **** 
 156:.\Generated_Source\PSoC5/SCCT_Comp_1.c **** 
 157:.\Generated_Source\PSoC5/SCCT_Comp_1.c **** /*******************************************************************************
 158:.\Generated_Source\PSoC5/SCCT_Comp_1.c **** * Function Name: SCCT_Comp_1_Stop
 159:.\Generated_Source\PSoC5/SCCT_Comp_1.c **** ********************************************************************************
 160:.\Generated_Source\PSoC5/SCCT_Comp_1.c **** *
 161:.\Generated_Source\PSoC5/SCCT_Comp_1.c **** * Summary:
 162:.\Generated_Source\PSoC5/SCCT_Comp_1.c **** *  Turns off the SCCT_Comp_1. It will disable the related SC/CT block.
 163:.\Generated_Source\PSoC5/SCCT_Comp_1.c **** *
 164:.\Generated_Source\PSoC5/SCCT_Comp_1.c **** * Parameters:
 165:.\Generated_Source\PSoC5/SCCT_Comp_1.c **** *  None.
 166:.\Generated_Source\PSoC5/SCCT_Comp_1.c **** *
 167:.\Generated_Source\PSoC5/SCCT_Comp_1.c **** * Return:
 168:.\Generated_Source\PSoC5/SCCT_Comp_1.c **** *  None.
 169:.\Generated_Source\PSoC5/SCCT_Comp_1.c **** *
 170:.\Generated_Source\PSoC5/SCCT_Comp_1.c **** *******************************************************************************/
 171:.\Generated_Source\PSoC5/SCCT_Comp_1.c **** void SCCT_Comp_1_Stop(void) 
 172:.\Generated_Source\PSoC5/SCCT_Comp_1.c **** {
 195              		.loc 1 172 0
 196              		.cfi_startproc
 197              		@ args = 0, pretend = 0, frame = 8
 198              		@ frame_needed = 1, uses_anonymous_args = 0
 199 0000 80B5     		push	{r7, lr}
 200              	.LCFI7:
 201              		.cfi_def_cfa_offset 8
 202 0002 82B0     		sub	sp, sp, #8
 203              	.LCFI8:
 204              		.cfi_def_cfa_offset 16
 205 0004 00AF     		add	r7, sp, #0
 206              		.cfi_offset 14, -4
 207              		.cfi_offset 7, -8
 208              	.LCFI9:
 209              		.cfi_def_cfa_register 7
 173:.\Generated_Source\PSoC5/SCCT_Comp_1.c ****     uint8 enableInterrupts;    
 174:.\Generated_Source\PSoC5/SCCT_Comp_1.c **** 
 175:.\Generated_Source\PSoC5/SCCT_Comp_1.c ****     enableInterrupts = CyEnterCriticalSection();
 210              		.loc 1 175 0
 211 0006 FFF7FEFF 		bl	CyEnterCriticalSection
 212 000a 0346     		mov	r3, r0
 213 000c FB71     		strb	r3, [r7, #7]
 176:.\Generated_Source\PSoC5/SCCT_Comp_1.c **** 
 177:.\Generated_Source\PSoC5/SCCT_Comp_1.c ****     /* Disble power to the SCCT_Comp_1 in Active mode template */
 178:.\Generated_Source\PSoC5/SCCT_Comp_1.c ****     SCCT_Comp_1_PM_ACT_CFG_REG &= (uint8)(~SCCT_Comp_1_ACT_PWR_EN);
 214              		.loc 1 178 0
 215 000e 44F2A933 		movw	r3, #:lower16:1073759145
 216 0012 C4F20003 		movt	r3, #:upper16:1073759145
 217 0016 44F2A932 		movw	r2, #:lower16:1073759145
ARM GAS  C:\Users\karunmj\AppData\Local\Temp\ccdMpK2j.s 			page 8


 218 001a C4F20002 		movt	r2, #:upper16:1073759145
 219 001e 1278     		ldrb	r2, [r2, #0]
 220 0020 D2B2     		uxtb	r2, r2
 221 0022 02F0FE02 		and	r2, r2, #254
 222 0026 1A70     		strb	r2, [r3, #0]
 179:.\Generated_Source\PSoC5/SCCT_Comp_1.c **** 
 180:.\Generated_Source\PSoC5/SCCT_Comp_1.c ****     /* Disble power to the SCCT_Comp_1 in Alternative Active mode template */
 181:.\Generated_Source\PSoC5/SCCT_Comp_1.c ****     SCCT_Comp_1_PM_STBY_CFG_REG &= (uint8)(~SCCT_Comp_1_STBY_PWR_EN);
 223              		.loc 1 181 0
 224 0028 44F2B933 		movw	r3, #:lower16:1073759161
 225 002c C4F20003 		movt	r3, #:upper16:1073759161
 226 0030 44F2B932 		movw	r2, #:lower16:1073759161
 227 0034 C4F20002 		movt	r2, #:upper16:1073759161
 228 0038 1278     		ldrb	r2, [r2, #0]
 229 003a D2B2     		uxtb	r2, r2
 230 003c 02F0FE02 		and	r2, r2, #254
 231 0040 1A70     		strb	r2, [r3, #0]
 182:.\Generated_Source\PSoC5/SCCT_Comp_1.c **** 
 183:.\Generated_Source\PSoC5/SCCT_Comp_1.c ****     #if (1u == CYDEV_VARIABLE_VDDA)
 184:.\Generated_Source\PSoC5/SCCT_Comp_1.c **** 
 185:.\Generated_Source\PSoC5/SCCT_Comp_1.c ****         SCCT_Comp_1_BSTCLK_REG &= (uint8)(~SCCT_Comp_1_BST_CLK_EN);
 186:.\Generated_Source\PSoC5/SCCT_Comp_1.c **** 
 187:.\Generated_Source\PSoC5/SCCT_Comp_1.c ****         /* Disable pumps only if there aren't any SC/CT block in use */
 188:.\Generated_Source\PSoC5/SCCT_Comp_1.c ****         if (0u == (SCCT_Comp_1_PM_ACT_CFG_REG & SCCT_Comp_1_PM_ACT_CFG_MASK))
 189:.\Generated_Source\PSoC5/SCCT_Comp_1.c ****         {
 190:.\Generated_Source\PSoC5/SCCT_Comp_1.c ****             SCCT_Comp_1_SC_MISC_REG &= (uint8)(~SCCT_Comp_1_PUMP_FORCE);
 191:.\Generated_Source\PSoC5/SCCT_Comp_1.c ****             SCCT_Comp_1_PUMP_CR1_REG &= (uint8)(~SCCT_Comp_1_PUMP_CR1_SC_CLKSEL);
 192:.\Generated_Source\PSoC5/SCCT_Comp_1.c ****             CyScBoostClk_Stop();
 193:.\Generated_Source\PSoC5/SCCT_Comp_1.c ****         }
 194:.\Generated_Source\PSoC5/SCCT_Comp_1.c **** 
 195:.\Generated_Source\PSoC5/SCCT_Comp_1.c ****     #endif /* 1u == CYDEV_VARIABLE_VDDA */
 196:.\Generated_Source\PSoC5/SCCT_Comp_1.c **** 
 197:.\Generated_Source\PSoC5/SCCT_Comp_1.c ****     CyExitCriticalSection(enableInterrupts);
 232              		.loc 1 197 0
 233 0042 FB79     		ldrb	r3, [r7, #7]	@ zero_extendqisi2
 234 0044 1846     		mov	r0, r3
 235 0046 FFF7FEFF 		bl	CyExitCriticalSection
 198:.\Generated_Source\PSoC5/SCCT_Comp_1.c ****     
 199:.\Generated_Source\PSoC5/SCCT_Comp_1.c ****     /* Disable clock (aclk) to SCCT_Comp_1 */
 200:.\Generated_Source\PSoC5/SCCT_Comp_1.c ****     SCCT_Comp_1_SC_CLK_REG &= (uint8)(~SCCT_Comp_1_CLK_EN);
 236              		.loc 1 200 0
 237 004a 45F60B23 		movw	r3, #:lower16:1073764875
 238 004e C4F20003 		movt	r3, #:upper16:1073764875
 239 0052 45F60B22 		movw	r2, #:lower16:1073764875
 240 0056 C4F20002 		movt	r2, #:upper16:1073764875
 241 005a 1278     		ldrb	r2, [r2, #0]
 242 005c D2B2     		uxtb	r2, r2
 243 005e 02F0F702 		and	r2, r2, #247
 244 0062 1A70     		strb	r2, [r3, #0]
 201:.\Generated_Source\PSoC5/SCCT_Comp_1.c **** }
 245              		.loc 1 201 0
 246 0064 07F10807 		add	r7, r7, #8
 247 0068 BD46     		mov	sp, r7
 248 006a 80BD     		pop	{r7, pc}
 249              		.cfi_endproc
 250              	.LFE3:
 251              		.size	SCCT_Comp_1_Stop, .-SCCT_Comp_1_Stop
ARM GAS  C:\Users\karunmj\AppData\Local\Temp\ccdMpK2j.s 			page 9


 252              		.text
 253              	.Letext0:
 254              		.section	.debug_loc,"",%progbits
 255              	.Ldebug_loc0:
 256              	.LLST0:
 257 0000 00000000 		.4byte	.LFB0
 258 0004 02000000 		.4byte	.LCFI0
 259 0008 0100     		.2byte	0x1
 260 000a 5D       		.byte	0x5d
 261 000b 02000000 		.4byte	.LCFI0
 262 000f 04000000 		.4byte	.LCFI1
 263 0013 0200     		.2byte	0x2
 264 0015 7D       		.byte	0x7d
 265 0016 04       		.sleb128 4
 266 0017 04000000 		.4byte	.LCFI1
 267 001b 34000000 		.4byte	.LFE0
 268 001f 0200     		.2byte	0x2
 269 0021 77       		.byte	0x77
 270 0022 04       		.sleb128 4
 271 0023 00000000 		.4byte	0x0
 272 0027 00000000 		.4byte	0x0
 273              	.LLST1:
 274 002b 00000000 		.4byte	.LFB1
 275 002f 02000000 		.4byte	.LCFI2
 276 0033 0100     		.2byte	0x1
 277 0035 5D       		.byte	0x5d
 278 0036 02000000 		.4byte	.LCFI2
 279 003a 04000000 		.4byte	.LCFI3
 280 003e 0200     		.2byte	0x2
 281 0040 7D       		.byte	0x7d
 282 0041 08       		.sleb128 8
 283 0042 04000000 		.4byte	.LCFI3
 284 0046 06000000 		.4byte	.LCFI4
 285 004a 0200     		.2byte	0x2
 286 004c 7D       		.byte	0x7d
 287 004d 10       		.sleb128 16
 288 004e 06000000 		.4byte	.LCFI4
 289 0052 84000000 		.4byte	.LFE1
 290 0056 0200     		.2byte	0x2
 291 0058 77       		.byte	0x77
 292 0059 10       		.sleb128 16
 293 005a 00000000 		.4byte	0x0
 294 005e 00000000 		.4byte	0x0
 295              	.LLST2:
 296 0062 00000000 		.4byte	.LFB2
 297 0066 02000000 		.4byte	.LCFI5
 298 006a 0100     		.2byte	0x1
 299 006c 5D       		.byte	0x5d
 300 006d 02000000 		.4byte	.LCFI5
 301 0071 04000000 		.4byte	.LCFI6
 302 0075 0200     		.2byte	0x2
 303 0077 7D       		.byte	0x7d
 304 0078 08       		.sleb128 8
 305 0079 04000000 		.4byte	.LCFI6
 306 007d 2A000000 		.4byte	.LFE2
 307 0081 0200     		.2byte	0x2
 308 0083 77       		.byte	0x77
ARM GAS  C:\Users\karunmj\AppData\Local\Temp\ccdMpK2j.s 			page 10


 309 0084 08       		.sleb128 8
 310 0085 00000000 		.4byte	0x0
 311 0089 00000000 		.4byte	0x0
 312              	.LLST3:
 313 008d 00000000 		.4byte	.LFB3
 314 0091 02000000 		.4byte	.LCFI7
 315 0095 0100     		.2byte	0x1
 316 0097 5D       		.byte	0x5d
 317 0098 02000000 		.4byte	.LCFI7
 318 009c 04000000 		.4byte	.LCFI8
 319 00a0 0200     		.2byte	0x2
 320 00a2 7D       		.byte	0x7d
 321 00a3 08       		.sleb128 8
 322 00a4 04000000 		.4byte	.LCFI8
 323 00a8 06000000 		.4byte	.LCFI9
 324 00ac 0200     		.2byte	0x2
 325 00ae 7D       		.byte	0x7d
 326 00af 10       		.sleb128 16
 327 00b0 06000000 		.4byte	.LCFI9
 328 00b4 6C000000 		.4byte	.LFE3
 329 00b8 0200     		.2byte	0x2
 330 00ba 77       		.byte	0x77
 331 00bb 10       		.sleb128 16
 332 00bc 00000000 		.4byte	0x0
 333 00c0 00000000 		.4byte	0x0
 334              		.file 2 ".\\Generated_Source\\PSoC5\\/cytypes.h"
 335              		.section	.debug_info
 336 0000 1B010000 		.4byte	0x11b
 337 0004 0200     		.2byte	0x2
 338 0006 00000000 		.4byte	.Ldebug_abbrev0
 339 000a 04       		.byte	0x4
 340 000b 01       		.uleb128 0x1
 341 000c 94000000 		.4byte	.LASF17
 342 0010 01       		.byte	0x1
 343 0011 45010000 		.4byte	.LASF18
 344 0015 FE000000 		.4byte	.LASF19
 345 0019 00000000 		.4byte	0x0
 346 001d 00000000 		.4byte	0x0
 347 0021 00000000 		.4byte	.Ldebug_ranges0+0x0
 348 0025 00000000 		.4byte	.Ldebug_line0
 349 0029 02       		.uleb128 0x2
 350 002a 01       		.byte	0x1
 351 002b 06       		.byte	0x6
 352 002c E2000000 		.4byte	.LASF0
 353 0030 02       		.uleb128 0x2
 354 0031 01       		.byte	0x1
 355 0032 08       		.byte	0x8
 356 0033 A0000000 		.4byte	.LASF1
 357 0037 02       		.uleb128 0x2
 358 0038 02       		.byte	0x2
 359 0039 05       		.byte	0x5
 360 003a F4000000 		.4byte	.LASF2
 361 003e 02       		.uleb128 0x2
 362 003f 02       		.byte	0x2
 363 0040 07       		.byte	0x7
 364 0041 CF000000 		.4byte	.LASF3
 365 0045 02       		.uleb128 0x2
ARM GAS  C:\Users\karunmj\AppData\Local\Temp\ccdMpK2j.s 			page 11


 366 0046 04       		.byte	0x4
 367 0047 05       		.byte	0x5
 368 0048 BF000000 		.4byte	.LASF4
 369 004c 02       		.uleb128 0x2
 370 004d 04       		.byte	0x4
 371 004e 07       		.byte	0x7
 372 004f 46000000 		.4byte	.LASF5
 373 0053 02       		.uleb128 0x2
 374 0054 08       		.byte	0x8
 375 0055 05       		.byte	0x5
 376 0056 00000000 		.4byte	.LASF6
 377 005a 02       		.uleb128 0x2
 378 005b 08       		.byte	0x8
 379 005c 07       		.byte	0x7
 380 005d 58000000 		.4byte	.LASF7
 381 0061 03       		.uleb128 0x3
 382 0062 04       		.byte	0x4
 383 0063 05       		.byte	0x5
 384 0064 696E7400 		.ascii	"int\000"
 385 0068 02       		.uleb128 0x2
 386 0069 04       		.byte	0x4
 387 006a 07       		.byte	0x7
 388 006b 22000000 		.4byte	.LASF8
 389 006f 04       		.uleb128 0x4
 390 0070 40000000 		.4byte	.LASF20
 391 0074 02       		.byte	0x2
 392 0075 4C       		.byte	0x4c
 393 0076 30000000 		.4byte	0x30
 394 007a 02       		.uleb128 0x2
 395 007b 04       		.byte	0x4
 396 007c 04       		.byte	0x4
 397 007d EE000000 		.4byte	.LASF9
 398 0081 02       		.uleb128 0x2
 399 0082 08       		.byte	0x8
 400 0083 04       		.byte	0x4
 401 0084 C8000000 		.4byte	.LASF10
 402 0088 02       		.uleb128 0x2
 403 0089 01       		.byte	0x1
 404 008a 08       		.byte	0x8
 405 008b 6C010000 		.4byte	.LASF11
 406 008f 05       		.uleb128 0x5
 407 0090 04       		.byte	0x4
 408 0091 07       		.byte	0x7
 409 0092 06       		.uleb128 0x6
 410 0093 01       		.byte	0x1
 411 0094 71010000 		.4byte	.LASF12
 412 0098 01       		.byte	0x1
 413 0099 2E       		.byte	0x2e
 414 009a 01       		.byte	0x1
 415 009b 00000000 		.4byte	.LFB0
 416 009f 34000000 		.4byte	.LFE0
 417 00a3 00000000 		.4byte	.LLST0
 418 00a7 07       		.uleb128 0x7
 419 00a8 01       		.byte	0x1
 420 00a9 6F000000 		.4byte	.LASF14
 421 00ad 01       		.byte	0x1
 422 00ae 4C       		.byte	0x4c
ARM GAS  C:\Users\karunmj\AppData\Local\Temp\ccdMpK2j.s 			page 12


 423 00af 01       		.byte	0x1
 424 00b0 00000000 		.4byte	.LFB1
 425 00b4 84000000 		.4byte	.LFE1
 426 00b8 2B000000 		.4byte	.LLST1
 427 00bc CF000000 		.4byte	0xcf
 428 00c0 08       		.uleb128 0x8
 429 00c1 2F000000 		.4byte	.LASF16
 430 00c5 01       		.byte	0x1
 431 00c6 4E       		.byte	0x4e
 432 00c7 6F000000 		.4byte	0x6f
 433 00cb 02       		.byte	0x2
 434 00cc 91       		.byte	0x91
 435 00cd 77       		.sleb128 -9
 436 00ce 00       		.byte	0x0
 437 00cf 06       		.uleb128 0x6
 438 00d0 01       		.byte	0x1
 439 00d1 82000000 		.4byte	.LASF13
 440 00d5 01       		.byte	0x1
 441 00d6 91       		.byte	0x91
 442 00d7 01       		.byte	0x1
 443 00d8 00000000 		.4byte	.LFB2
 444 00dc 2A000000 		.4byte	.LFE2
 445 00e0 62000000 		.4byte	.LLST2
 446 00e4 07       		.uleb128 0x7
 447 00e5 01       		.byte	0x1
 448 00e6 AE000000 		.4byte	.LASF15
 449 00ea 01       		.byte	0x1
 450 00eb AB       		.byte	0xab
 451 00ec 01       		.byte	0x1
 452 00ed 00000000 		.4byte	.LFB3
 453 00f1 6C000000 		.4byte	.LFE3
 454 00f5 8D000000 		.4byte	.LLST3
 455 00f9 0C010000 		.4byte	0x10c
 456 00fd 08       		.uleb128 0x8
 457 00fe 2F000000 		.4byte	.LASF16
 458 0102 01       		.byte	0x1
 459 0103 AD       		.byte	0xad
 460 0104 6F000000 		.4byte	0x6f
 461 0108 02       		.byte	0x2
 462 0109 91       		.byte	0x91
 463 010a 77       		.sleb128 -9
 464 010b 00       		.byte	0x0
 465 010c 09       		.uleb128 0x9
 466 010d 0E000000 		.4byte	.LASF21
 467 0111 01       		.byte	0x1
 468 0112 1A       		.byte	0x1a
 469 0113 6F000000 		.4byte	0x6f
 470 0117 01       		.byte	0x1
 471 0118 05       		.byte	0x5
 472 0119 03       		.byte	0x3
 473 011a 00000000 		.4byte	SCCT_Comp_1_initVar
 474 011e 00       		.byte	0x0
 475              		.section	.debug_abbrev
 476 0000 01       		.uleb128 0x1
 477 0001 11       		.uleb128 0x11
 478 0002 01       		.byte	0x1
 479 0003 25       		.uleb128 0x25
ARM GAS  C:\Users\karunmj\AppData\Local\Temp\ccdMpK2j.s 			page 13


 480 0004 0E       		.uleb128 0xe
 481 0005 13       		.uleb128 0x13
 482 0006 0B       		.uleb128 0xb
 483 0007 03       		.uleb128 0x3
 484 0008 0E       		.uleb128 0xe
 485 0009 1B       		.uleb128 0x1b
 486 000a 0E       		.uleb128 0xe
 487 000b 11       		.uleb128 0x11
 488 000c 01       		.uleb128 0x1
 489 000d 52       		.uleb128 0x52
 490 000e 01       		.uleb128 0x1
 491 000f 55       		.uleb128 0x55
 492 0010 06       		.uleb128 0x6
 493 0011 10       		.uleb128 0x10
 494 0012 06       		.uleb128 0x6
 495 0013 00       		.byte	0x0
 496 0014 00       		.byte	0x0
 497 0015 02       		.uleb128 0x2
 498 0016 24       		.uleb128 0x24
 499 0017 00       		.byte	0x0
 500 0018 0B       		.uleb128 0xb
 501 0019 0B       		.uleb128 0xb
 502 001a 3E       		.uleb128 0x3e
 503 001b 0B       		.uleb128 0xb
 504 001c 03       		.uleb128 0x3
 505 001d 0E       		.uleb128 0xe
 506 001e 00       		.byte	0x0
 507 001f 00       		.byte	0x0
 508 0020 03       		.uleb128 0x3
 509 0021 24       		.uleb128 0x24
 510 0022 00       		.byte	0x0
 511 0023 0B       		.uleb128 0xb
 512 0024 0B       		.uleb128 0xb
 513 0025 3E       		.uleb128 0x3e
 514 0026 0B       		.uleb128 0xb
 515 0027 03       		.uleb128 0x3
 516 0028 08       		.uleb128 0x8
 517 0029 00       		.byte	0x0
 518 002a 00       		.byte	0x0
 519 002b 04       		.uleb128 0x4
 520 002c 16       		.uleb128 0x16
 521 002d 00       		.byte	0x0
 522 002e 03       		.uleb128 0x3
 523 002f 0E       		.uleb128 0xe
 524 0030 3A       		.uleb128 0x3a
 525 0031 0B       		.uleb128 0xb
 526 0032 3B       		.uleb128 0x3b
 527 0033 0B       		.uleb128 0xb
 528 0034 49       		.uleb128 0x49
 529 0035 13       		.uleb128 0x13
 530 0036 00       		.byte	0x0
 531 0037 00       		.byte	0x0
 532 0038 05       		.uleb128 0x5
 533 0039 24       		.uleb128 0x24
 534 003a 00       		.byte	0x0
 535 003b 0B       		.uleb128 0xb
 536 003c 0B       		.uleb128 0xb
ARM GAS  C:\Users\karunmj\AppData\Local\Temp\ccdMpK2j.s 			page 14


 537 003d 3E       		.uleb128 0x3e
 538 003e 0B       		.uleb128 0xb
 539 003f 00       		.byte	0x0
 540 0040 00       		.byte	0x0
 541 0041 06       		.uleb128 0x6
 542 0042 2E       		.uleb128 0x2e
 543 0043 00       		.byte	0x0
 544 0044 3F       		.uleb128 0x3f
 545 0045 0C       		.uleb128 0xc
 546 0046 03       		.uleb128 0x3
 547 0047 0E       		.uleb128 0xe
 548 0048 3A       		.uleb128 0x3a
 549 0049 0B       		.uleb128 0xb
 550 004a 3B       		.uleb128 0x3b
 551 004b 0B       		.uleb128 0xb
 552 004c 27       		.uleb128 0x27
 553 004d 0C       		.uleb128 0xc
 554 004e 11       		.uleb128 0x11
 555 004f 01       		.uleb128 0x1
 556 0050 12       		.uleb128 0x12
 557 0051 01       		.uleb128 0x1
 558 0052 40       		.uleb128 0x40
 559 0053 06       		.uleb128 0x6
 560 0054 00       		.byte	0x0
 561 0055 00       		.byte	0x0
 562 0056 07       		.uleb128 0x7
 563 0057 2E       		.uleb128 0x2e
 564 0058 01       		.byte	0x1
 565 0059 3F       		.uleb128 0x3f
 566 005a 0C       		.uleb128 0xc
 567 005b 03       		.uleb128 0x3
 568 005c 0E       		.uleb128 0xe
 569 005d 3A       		.uleb128 0x3a
 570 005e 0B       		.uleb128 0xb
 571 005f 3B       		.uleb128 0x3b
 572 0060 0B       		.uleb128 0xb
 573 0061 27       		.uleb128 0x27
 574 0062 0C       		.uleb128 0xc
 575 0063 11       		.uleb128 0x11
 576 0064 01       		.uleb128 0x1
 577 0065 12       		.uleb128 0x12
 578 0066 01       		.uleb128 0x1
 579 0067 40       		.uleb128 0x40
 580 0068 06       		.uleb128 0x6
 581 0069 01       		.uleb128 0x1
 582 006a 13       		.uleb128 0x13
 583 006b 00       		.byte	0x0
 584 006c 00       		.byte	0x0
 585 006d 08       		.uleb128 0x8
 586 006e 34       		.uleb128 0x34
 587 006f 00       		.byte	0x0
 588 0070 03       		.uleb128 0x3
 589 0071 0E       		.uleb128 0xe
 590 0072 3A       		.uleb128 0x3a
 591 0073 0B       		.uleb128 0xb
 592 0074 3B       		.uleb128 0x3b
 593 0075 0B       		.uleb128 0xb
ARM GAS  C:\Users\karunmj\AppData\Local\Temp\ccdMpK2j.s 			page 15


 594 0076 49       		.uleb128 0x49
 595 0077 13       		.uleb128 0x13
 596 0078 02       		.uleb128 0x2
 597 0079 0A       		.uleb128 0xa
 598 007a 00       		.byte	0x0
 599 007b 00       		.byte	0x0
 600 007c 09       		.uleb128 0x9
 601 007d 34       		.uleb128 0x34
 602 007e 00       		.byte	0x0
 603 007f 03       		.uleb128 0x3
 604 0080 0E       		.uleb128 0xe
 605 0081 3A       		.uleb128 0x3a
 606 0082 0B       		.uleb128 0xb
 607 0083 3B       		.uleb128 0x3b
 608 0084 0B       		.uleb128 0xb
 609 0085 49       		.uleb128 0x49
 610 0086 13       		.uleb128 0x13
 611 0087 3F       		.uleb128 0x3f
 612 0088 0C       		.uleb128 0xc
 613 0089 02       		.uleb128 0x2
 614 008a 0A       		.uleb128 0xa
 615 008b 00       		.byte	0x0
 616 008c 00       		.byte	0x0
 617 008d 00       		.byte	0x0
 618              		.section	.debug_pubnames,"",%progbits
 619 0000 7D000000 		.4byte	0x7d
 620 0004 0200     		.2byte	0x2
 621 0006 00000000 		.4byte	.Ldebug_info0
 622 000a 1F010000 		.4byte	0x11f
 623 000e 92000000 		.4byte	0x92
 624 0012 53434354 		.ascii	"SCCT_Comp_1_Init\000"
 624      5F436F6D 
 624      705F315F 
 624      496E6974 
 624      00
 625 0023 A7000000 		.4byte	0xa7
 626 0027 53434354 		.ascii	"SCCT_Comp_1_Enable\000"
 626      5F436F6D 
 626      705F315F 
 626      456E6162 
 626      6C6500
 627 003a CF000000 		.4byte	0xcf
 628 003e 53434354 		.ascii	"SCCT_Comp_1_Start\000"
 628      5F436F6D 
 628      705F315F 
 628      53746172 
 628      7400
 629 0050 E4000000 		.4byte	0xe4
 630 0054 53434354 		.ascii	"SCCT_Comp_1_Stop\000"
 630      5F436F6D 
 630      705F315F 
 630      53746F70 
 630      00
 631 0065 0C010000 		.4byte	0x10c
 632 0069 53434354 		.ascii	"SCCT_Comp_1_initVar\000"
 632      5F436F6D 
 632      705F315F 
ARM GAS  C:\Users\karunmj\AppData\Local\Temp\ccdMpK2j.s 			page 16


 632      696E6974 
 632      56617200 
 633 007d 00000000 		.4byte	0x0
 634              		.section	.debug_aranges,"",%progbits
 635 0000 34000000 		.4byte	0x34
 636 0004 0200     		.2byte	0x2
 637 0006 00000000 		.4byte	.Ldebug_info0
 638 000a 04       		.byte	0x4
 639 000b 00       		.byte	0x0
 640 000c 0000     		.2byte	0x0
 641 000e 0000     		.2byte	0x0
 642 0010 00000000 		.4byte	.LFB0
 643 0014 34000000 		.4byte	.LFE0-.LFB0
 644 0018 00000000 		.4byte	.LFB1
 645 001c 84000000 		.4byte	.LFE1-.LFB1
 646 0020 00000000 		.4byte	.LFB2
 647 0024 2A000000 		.4byte	.LFE2-.LFB2
 648 0028 00000000 		.4byte	.LFB3
 649 002c 6C000000 		.4byte	.LFE3-.LFB3
 650 0030 00000000 		.4byte	0x0
 651 0034 00000000 		.4byte	0x0
 652              		.section	.debug_ranges,"",%progbits
 653              	.Ldebug_ranges0:
 654 0000 00000000 		.4byte	.Ltext0
 655 0004 00000000 		.4byte	.Letext0
 656 0008 00000000 		.4byte	.LFB0
 657 000c 34000000 		.4byte	.LFE0
 658 0010 00000000 		.4byte	.LFB1
 659 0014 84000000 		.4byte	.LFE1
 660 0018 00000000 		.4byte	.LFB2
 661 001c 2A000000 		.4byte	.LFE2
 662 0020 00000000 		.4byte	.LFB3
 663 0024 6C000000 		.4byte	.LFE3
 664 0028 00000000 		.4byte	0x0
 665 002c 00000000 		.4byte	0x0
 666              		.section	.debug_str,"MS",%progbits,1
 667              	.LASF6:
 668 0000 6C6F6E67 		.ascii	"long long int\000"
 668      206C6F6E 
 668      6720696E 
 668      7400
 669              	.LASF21:
 670 000e 53434354 		.ascii	"SCCT_Comp_1_initVar\000"
 670      5F436F6D 
 670      705F315F 
 670      696E6974 
 670      56617200 
 671              	.LASF8:
 672 0022 756E7369 		.ascii	"unsigned int\000"
 672      676E6564 
 672      20696E74 
 672      00
 673              	.LASF16:
 674 002f 656E6162 		.ascii	"enableInterrupts\000"
 674      6C65496E 
 674      74657272 
 674      75707473 
ARM GAS  C:\Users\karunmj\AppData\Local\Temp\ccdMpK2j.s 			page 17


 674      00
 675              	.LASF20:
 676 0040 75696E74 		.ascii	"uint8\000"
 676      3800
 677              	.LASF5:
 678 0046 6C6F6E67 		.ascii	"long unsigned int\000"
 678      20756E73 
 678      69676E65 
 678      6420696E 
 678      7400
 679              	.LASF7:
 680 0058 6C6F6E67 		.ascii	"long long unsigned int\000"
 680      206C6F6E 
 680      6720756E 
 680      7369676E 
 680      65642069 
 681              	.LASF14:
 682 006f 53434354 		.ascii	"SCCT_Comp_1_Enable\000"
 682      5F436F6D 
 682      705F315F 
 682      456E6162 
 682      6C6500
 683              	.LASF13:
 684 0082 53434354 		.ascii	"SCCT_Comp_1_Start\000"
 684      5F436F6D 
 684      705F315F 
 684      53746172 
 684      7400
 685              	.LASF17:
 686 0094 474E5520 		.ascii	"GNU C 4.4.1\000"
 686      4320342E 
 686      342E3100 
 687              	.LASF1:
 688 00a0 756E7369 		.ascii	"unsigned char\000"
 688      676E6564 
 688      20636861 
 688      7200
 689              	.LASF15:
 690 00ae 53434354 		.ascii	"SCCT_Comp_1_Stop\000"
 690      5F436F6D 
 690      705F315F 
 690      53746F70 
 690      00
 691              	.LASF4:
 692 00bf 6C6F6E67 		.ascii	"long int\000"
 692      20696E74 
 692      00
 693              	.LASF10:
 694 00c8 646F7562 		.ascii	"double\000"
 694      6C6500
 695              	.LASF3:
 696 00cf 73686F72 		.ascii	"short unsigned int\000"
 696      7420756E 
 696      7369676E 
 696      65642069 
 696      6E7400
 697              	.LASF0:
ARM GAS  C:\Users\karunmj\AppData\Local\Temp\ccdMpK2j.s 			page 18


 698 00e2 7369676E 		.ascii	"signed char\000"
 698      65642063 
 698      68617200 
 699              	.LASF9:
 700 00ee 666C6F61 		.ascii	"float\000"
 700      7400
 701              	.LASF2:
 702 00f4 73686F72 		.ascii	"short int\000"
 702      7420696E 
 702      7400
 703              	.LASF19:
 704 00fe 433A5C55 		.ascii	"C:\\Users\\karunmj\\Documents\\GitHub\\m2m\\hardwar"
 704      73657273 
 704      5C6B6172 
 704      756E6D6A 
 704      5C446F63 
 705 012b 655C7073 		.ascii	"e\\psoc5\\AutoSampler.cydsn\000"
 705      6F63355C 
 705      4175746F 
 705      53616D70 
 705      6C65722E 
 706              	.LASF18:
 707 0145 2E5C4765 		.ascii	".\\Generated_Source\\PSoC5\\SCCT_Comp_1.c\000"
 707      6E657261 
 707      7465645F 
 707      536F7572 
 707      63655C50 
 708              	.LASF11:
 709 016c 63686172 		.ascii	"char\000"
 709      00
 710              	.LASF12:
 711 0171 53434354 		.ascii	"SCCT_Comp_1_Init\000"
 711      5F436F6D 
 711      705F315F 
 711      496E6974 
 711      00
 712              		.ident	"GCC: (Sourcery G++ Lite 2010q1-188) 4.4.1"
