ARM GAS  C:\Users\karunmj\AppData\Local\Temp\ccmfHfT9.s 			page 1


   1              		.syntax unified
   2              		.cpu cortex-m3
   3              		.fpu softvfp
   4              		.eabi_attribute 20, 1
   5              		.eabi_attribute 21, 1
   6              		.eabi_attribute 23, 3
   7              		.eabi_attribute 24, 1
   8              		.eabi_attribute 25, 1
   9              		.eabi_attribute 26, 1
  10              		.eabi_attribute 30, 6
  11              		.eabi_attribute 18, 4
  12              		.thumb
  13              		.file	"main.c"
  14              		.section	.debug_abbrev,"",%progbits
  15              	.Ldebug_abbrev0:
  16              		.section	.debug_info,"",%progbits
  17              	.Ldebug_info0:
  18              		.section	.debug_line,"",%progbits
  19              	.Ldebug_line0:
  20 0000 BF000000 		.text
  20      02006100 
  20      00000201 
  20      FB0E0D00 
  20      01010101 
  21              	.Ltext0:
  22              		.cfi_sections	.debug_frame
  23              		.comm	modem_state,1,1
  24              		.comm	packet_ready,1,1
  25              		.comm	data_packet,128,4
  26              		.comm	data_packet_size,1,1
  27              		.section	.text.main,"ax",%progbits
  28              		.align	2
  29              		.global	main
  30              		.thumb
  31              		.thumb_func
  32              		.type	main, %function
  33              	main:
  34              	.LFB29:
  35              		.file 1 ".\\main.c"
   1:.\main.c      **** /* ========================================
   2:.\main.c      ****  *
   3:.\main.c      ****  * Copyright YOUR COMPANY, THE YEAR
   4:.\main.c      ****  * All Rights Reserved
   5:.\main.c      ****  * UNPUBLISHED, LICENSED SOFTWARE.
   6:.\main.c      ****  *
   7:.\main.c      ****  * CONFIDENTIAL AND PROPRIETARY INFORMATION
   8:.\main.c      ****  * WHICH IS THE PROPERTY OF your company.
   9:.\main.c      ****  *
  10:.\main.c      ****  * ========================================
  11:.\main.c      **** */
  12:.\main.c      **** 
  13:.\main.c      **** #include <stdio.h>
  14:.\main.c      **** #include <string.h>
  15:.\main.c      **** #include <device.h>
  16:.\main.c      **** #include "modem.h"
  17:.\main.c      **** #include "ultrasonic.h"
  18:.\main.c      **** 
ARM GAS  C:\Users\karunmj\AppData\Local\Temp\ccmfHfT9.s 			page 2


  19:.\main.c      **** // define global variables
  20:.\main.c      **** #define     MAX_PACKET_SIZE 128
  21:.\main.c      **** uint8       packet_ready;
  22:.\main.c      **** uint8       data_packet[MAX_PACKET_SIZE];
  23:.\main.c      **** uint8       data_packet_size;
  24:.\main.c      **** 
  25:.\main.c      **** // prototype functions
  26:.\main.c      **** void clear_packet();
  27:.\main.c      **** void write_packet(uint8* packet, uint8 size);
  28:.\main.c      **** 
  29:.\main.c      **** // prototype interrupt
  30:.\main.c      **** CY_ISR_PROTO(isr_timer);
  31:.\main.c      **** 
  32:.\main.c      **** void main(){
  36              		.loc 1 32 0
  37              		.cfi_startproc
  38              		@ args = 0, pretend = 0, frame = 0
  39              		@ frame_needed = 1, uses_anonymous_args = 0
  40 0000 80B5     		push	{r7, lr}
  41              	.LCFI0:
  42              		.cfi_def_cfa_offset 8
  43 0002 00AF     		add	r7, sp, #0
  44              		.cfi_offset 14, -4
  45              		.cfi_offset 7, -8
  46              	.LCFI1:
  47              		.cfi_def_cfa_register 7
  33:.\main.c      ****     // intialize modem
  34:.\main.c      ****     modem_start();
  48              		.loc 1 34 0
  49 0004 FFF7FEFF 		bl	modem_start
  35:.\main.c      ****     // intialize ultrasonic sensor
  36:.\main.c      ****     ultrasonic_start();
  50              		.loc 1 36 0
  51 0008 FFF7FEFF 		bl	ultrasonic_start
  37:.\main.c      ****     // intialize timer
  38:.\main.c      ****     timer_Start();
  52              		.loc 1 38 0
  53 000c FFF7FEFF 		bl	timer_Start
  39:.\main.c      ****     isr_timer_StartEx(isr_timer);
  54              		.loc 1 39 0
  55 0010 40F20000 		movw	r0, #:lower16:isr_timer
  56 0014 C0F20000 		movt	r0, #:upper16:isr_timer
  57 0018 FFF7FEFF 		bl	isr_timer_StartEx
  40:.\main.c      ****     clear_packet();
  58              		.loc 1 40 0
  59 001c FFF7FEFF 		bl	clear_packet
  41:.\main.c      ****     packet_ready = 1u;
  60              		.loc 1 41 0
  61 0020 40F20003 		movw	r3, #:lower16:packet_ready
  62 0024 C0F20003 		movt	r3, #:upper16:packet_ready
  63 0028 4FF00102 		mov	r2, #1
  64 002c 1A70     		strb	r2, [r3, #0]
  42:.\main.c      ****     // enable global interrupt
  43:.\main.c      ****     CyGlobalIntEnable;
  65              		.loc 1 43 0
  66              	@ 43 ".\main.c" 1
  67 002e 62B6     		CPSIE   i
ARM GAS  C:\Users\karunmj\AppData\Local\Temp\ccmfHfT9.s 			page 3


  68              	@ 0 "" 2
  44:.\main.c      ****     
  45:.\main.c      ****     // ====
  46:.\main.c      **** 
  47:.\main.c      ****     ultrasonic_read();
  69              		.loc 1 47 0
  70              		.thumb
  71 0030 FFF7FEFF 		bl	ultrasonic_read
  72              	.L2:
  48:.\main.c      ****     while(1){
  49:.\main.c      ****         CyDelay(5000u);
  73              		.loc 1 49 0
  74 0034 41F28830 		movw	r0, #5000
  75 0038 FFF7FEFF 		bl	CyDelay
  50:.\main.c      ****     }
  76              		.loc 1 50 0
  77 003c FAE7     		b	.L2
  78              		.cfi_endproc
  79              	.LFE29:
  80              		.size	main, .-main
  81 003e 00BF     		.section	.rodata
  82              		.align	2
  83              	.LC0:
  84 0000 50536F43 		.ascii	"PSoC\032\000"
  84      1A00
  85 0006 0000     		.section	.text.isr_timer,"ax",%progbits
  86              		.align	2
  87              		.global	isr_timer
  88              		.thumb
  89              		.thumb_func
  90              		.type	isr_timer, %function
  91              	isr_timer:
  92              	.LFB30:
  51:.\main.c      ****     
  52:.\main.c      ****     // ====
  53:.\main.c      ****     
  54:.\main.c      ****     for(;;){
  55:.\main.c      ****         if(packet_ready){
  56:.\main.c      ****             modem_state = modem_get_state();
  57:.\main.c      ****             if(modem_state == MODEM_STATE_OFF){
  58:.\main.c      ****                 modem_power_on();
  59:.\main.c      ****             }
  60:.\main.c      ****             else if(modem_state == MODEM_STATE_IDLE){
  61:.\main.c      ****                 if(!modem_join_network()){  // if modem failed to connect
  62:.\main.c      ****                     modem_reset();
  63:.\main.c      ****                     modem_power_off();
  64:.\main.c      ****                 }
  65:.\main.c      ****             }
  66:.\main.c      ****             else if(modem_state == MODEM_STATE_READY){
  67:.\main.c      ****                 if(!modem_send_packet(data_packet, data_packet_size)){  // if packet failed to send
  68:.\main.c      ****                     modem_reset();
  69:.\main.c      ****                     modem_power_off();
  70:.\main.c      ****                 }
  71:.\main.c      ****                 else{  // if packet successfully sent
  72:.\main.c      ****                     modem_power_off();
  73:.\main.c      ****                     clear_packet();
  74:.\main.c      ****                 }
ARM GAS  C:\Users\karunmj\AppData\Local\Temp\ccmfHfT9.s 			page 4


  75:.\main.c      ****             }
  76:.\main.c      ****         }
  77:.\main.c      ****     }
  78:.\main.c      **** }
  79:.\main.c      **** 
  80:.\main.c      **** CY_ISR(isr_timer){
  93              		.loc 1 80 0
  94              		.cfi_startproc
  95              		@ args = 0, pretend = 0, frame = 0
  96              		@ frame_needed = 1, uses_anonymous_args = 0
  97 0000 80B5     		push	{r7, lr}
  98              	.LCFI2:
  99              		.cfi_def_cfa_offset 8
 100 0002 00AF     		add	r7, sp, #0
 101              		.cfi_offset 14, -4
 102              		.cfi_offset 7, -8
 103              	.LCFI3:
 104              		.cfi_def_cfa_register 7
  81:.\main.c      ****     write_packet("PSoC\032", 5u);
 105              		.loc 1 81 0
 106 0004 40F20000 		movw	r0, #:lower16:.LC0
 107 0008 C0F20000 		movt	r0, #:upper16:.LC0
 108 000c 4FF00501 		mov	r1, #5
 109 0010 FFF7FEFF 		bl	write_packet
  82:.\main.c      ****     timer_ReadStatusRegister();
 110              		.loc 1 82 0
 111 0014 FFF7FEFF 		bl	timer_ReadStatusRegister
  83:.\main.c      **** }
 112              		.loc 1 83 0
 113 0018 80BD     		pop	{r7, pc}
 114              		.cfi_endproc
 115              	.LFE30:
 116              		.size	isr_timer, .-isr_timer
 117 001a 00BF     		.section	.text.clear_packet,"ax",%progbits
 118              		.align	2
 119              		.global	clear_packet
 120              		.thumb
 121              		.thumb_func
 122              		.type	clear_packet, %function
 123              	clear_packet:
 124              	.LFB31:
  84:.\main.c      **** 
  85:.\main.c      **** void clear_packet(){
 125              		.loc 1 85 0
 126              		.cfi_startproc
 127              		@ args = 0, pretend = 0, frame = 8
 128              		@ frame_needed = 1, uses_anonymous_args = 0
 129              		@ link register save eliminated.
 130 0000 80B4     		push	{r7}
 131              	.LCFI4:
 132              		.cfi_def_cfa_offset 4
 133 0002 83B0     		sub	sp, sp, #12
 134              	.LCFI5:
 135              		.cfi_def_cfa_offset 16
 136 0004 00AF     		add	r7, sp, #0
 137              		.cfi_offset 7, -4
 138              	.LCFI6:
ARM GAS  C:\Users\karunmj\AppData\Local\Temp\ccmfHfT9.s 			page 5


 139              		.cfi_def_cfa_register 7
  86:.\main.c      ****     uint8 i;
  87:.\main.c      ****     for(i = 0u; i < MAX_PACKET_SIZE; i++){
 140              		.loc 1 87 0
 141 0006 4FF00003 		mov	r3, #0
 142 000a FB71     		strb	r3, [r7, #7]
 143 000c 0BE0     		b	.L7
 144              	.L8:
  88:.\main.c      ****         data_packet[i] = 0;
 145              		.loc 1 88 0
 146 000e FA79     		ldrb	r2, [r7, #7]	@ zero_extendqisi2
 147 0010 40F20003 		movw	r3, #:lower16:data_packet
 148 0014 C0F20003 		movt	r3, #:upper16:data_packet
 149 0018 4FF00001 		mov	r1, #0
 150 001c 9954     		strb	r1, [r3, r2]
 151              		.loc 1 87 0
 152 001e FB79     		ldrb	r3, [r7, #7]
 153 0020 03F10103 		add	r3, r3, #1
 154 0024 FB71     		strb	r3, [r7, #7]
 155              	.L7:
 156 0026 FB79     		ldrb	r3, [r7, #7]	@ zero_extendqisi2
 157 0028 5BB2     		sxtb	r3, r3
 158 002a 002B     		cmp	r3, #0
 159 002c EFDA     		bge	.L8
  89:.\main.c      ****     }
  90:.\main.c      ****     packet_ready = 0u;
 160              		.loc 1 90 0
 161 002e 40F20003 		movw	r3, #:lower16:packet_ready
 162 0032 C0F20003 		movt	r3, #:upper16:packet_ready
 163 0036 4FF00002 		mov	r2, #0
 164 003a 1A70     		strb	r2, [r3, #0]
  91:.\main.c      ****     data_packet_size = 0u;
 165              		.loc 1 91 0
 166 003c 40F20003 		movw	r3, #:lower16:data_packet_size
 167 0040 C0F20003 		movt	r3, #:upper16:data_packet_size
 168 0044 4FF00002 		mov	r2, #0
 169 0048 1A70     		strb	r2, [r3, #0]
  92:.\main.c      **** }
 170              		.loc 1 92 0
 171 004a 07F10C07 		add	r7, r7, #12
 172 004e BD46     		mov	sp, r7
 173 0050 80BC     		pop	{r7}
 174 0052 7047     		bx	lr
 175              		.cfi_endproc
 176              	.LFE31:
 177              		.size	clear_packet, .-clear_packet
 178              		.section	.text.write_packet,"ax",%progbits
 179              		.align	2
 180              		.global	write_packet
 181              		.thumb
 182              		.thumb_func
 183              		.type	write_packet, %function
 184              	write_packet:
 185              	.LFB32:
  93:.\main.c      **** 
  94:.\main.c      **** void write_packet(uint8* packet, uint8 size){
 186              		.loc 1 94 0
ARM GAS  C:\Users\karunmj\AppData\Local\Temp\ccmfHfT9.s 			page 6


 187              		.cfi_startproc
 188              		@ args = 0, pretend = 0, frame = 16
 189              		@ frame_needed = 1, uses_anonymous_args = 0
 190              		@ link register save eliminated.
 191 0000 80B4     		push	{r7}
 192              	.LCFI7:
 193              		.cfi_def_cfa_offset 4
 194 0002 85B0     		sub	sp, sp, #20
 195              	.LCFI8:
 196              		.cfi_def_cfa_offset 24
 197 0004 00AF     		add	r7, sp, #0
 198              		.cfi_offset 7, -4
 199              	.LCFI9:
 200              		.cfi_def_cfa_register 7
 201 0006 7860     		str	r0, [r7, #4]
 202 0008 0B46     		mov	r3, r1
 203 000a FB70     		strb	r3, [r7, #3]
  95:.\main.c      ****     uint8 i;
  96:.\main.c      ****     for(i = 0u; i < size; i++){
 204              		.loc 1 96 0
 205 000c 4FF00003 		mov	r3, #0
 206 0010 FB73     		strb	r3, [r7, #15]
 207 0012 0DE0     		b	.L11
 208              	.L12:
  97:.\main.c      ****         data_packet[i] = packet[i];
 209              		.loc 1 97 0
 210 0014 FA7B     		ldrb	r2, [r7, #15]	@ zero_extendqisi2
 211 0016 F97B     		ldrb	r1, [r7, #15]	@ zero_extendqisi2
 212 0018 7B68     		ldr	r3, [r7, #4]
 213 001a 0B44     		add	r3, r1, r3
 214 001c 1978     		ldrb	r1, [r3, #0]	@ zero_extendqisi2
 215 001e 40F20003 		movw	r3, #:lower16:data_packet
 216 0022 C0F20003 		movt	r3, #:upper16:data_packet
 217 0026 9954     		strb	r1, [r3, r2]
 218              		.loc 1 96 0
 219 0028 FB7B     		ldrb	r3, [r7, #15]
 220 002a 03F10103 		add	r3, r3, #1
 221 002e FB73     		strb	r3, [r7, #15]
 222              	.L11:
 223 0030 FA7B     		ldrb	r2, [r7, #15]	@ zero_extendqisi2
 224 0032 FB78     		ldrb	r3, [r7, #3]	@ zero_extendqisi2
 225 0034 9A42     		cmp	r2, r3
 226 0036 EDD3     		bcc	.L12
  98:.\main.c      ****     }
  99:.\main.c      ****     packet_ready = 1u; 
 227              		.loc 1 99 0
 228 0038 40F20003 		movw	r3, #:lower16:packet_ready
 229 003c C0F20003 		movt	r3, #:upper16:packet_ready
 230 0040 4FF00102 		mov	r2, #1
 231 0044 1A70     		strb	r2, [r3, #0]
 100:.\main.c      ****     data_packet_size = size;
 232              		.loc 1 100 0
 233 0046 40F20003 		movw	r3, #:lower16:data_packet_size
 234 004a C0F20003 		movt	r3, #:upper16:data_packet_size
 235 004e FA78     		ldrb	r2, [r7, #3]
 236 0050 1A70     		strb	r2, [r3, #0]
 101:.\main.c      **** }
ARM GAS  C:\Users\karunmj\AppData\Local\Temp\ccmfHfT9.s 			page 7


 237              		.loc 1 101 0
 238 0052 07F11407 		add	r7, r7, #20
 239 0056 BD46     		mov	sp, r7
 240 0058 80BC     		pop	{r7}
 241 005a 7047     		bx	lr
 242              		.cfi_endproc
 243              	.LFE32:
 244              		.size	write_packet, .-write_packet
 245              		.text
 246              	.Letext0:
 247              		.section	.debug_loc,"",%progbits
 248              	.Ldebug_loc0:
 249              	.LLST0:
 250 0000 00000000 		.4byte	.LFB29
 251 0004 02000000 		.4byte	.LCFI0
 252 0008 0100     		.2byte	0x1
 253 000a 5D       		.byte	0x5d
 254 000b 02000000 		.4byte	.LCFI0
 255 000f 04000000 		.4byte	.LCFI1
 256 0013 0200     		.2byte	0x2
 257 0015 7D       		.byte	0x7d
 258 0016 08       		.sleb128 8
 259 0017 04000000 		.4byte	.LCFI1
 260 001b 3E000000 		.4byte	.LFE29
 261 001f 0200     		.2byte	0x2
 262 0021 77       		.byte	0x77
 263 0022 08       		.sleb128 8
 264 0023 00000000 		.4byte	0x0
 265 0027 00000000 		.4byte	0x0
 266              	.LLST1:
 267 002b 00000000 		.4byte	.LFB30
 268 002f 02000000 		.4byte	.LCFI2
 269 0033 0100     		.2byte	0x1
 270 0035 5D       		.byte	0x5d
 271 0036 02000000 		.4byte	.LCFI2
 272 003a 04000000 		.4byte	.LCFI3
 273 003e 0200     		.2byte	0x2
 274 0040 7D       		.byte	0x7d
 275 0041 08       		.sleb128 8
 276 0042 04000000 		.4byte	.LCFI3
 277 0046 1A000000 		.4byte	.LFE30
 278 004a 0200     		.2byte	0x2
 279 004c 77       		.byte	0x77
 280 004d 08       		.sleb128 8
 281 004e 00000000 		.4byte	0x0
 282 0052 00000000 		.4byte	0x0
 283              	.LLST2:
 284 0056 00000000 		.4byte	.LFB31
 285 005a 02000000 		.4byte	.LCFI4
 286 005e 0100     		.2byte	0x1
 287 0060 5D       		.byte	0x5d
 288 0061 02000000 		.4byte	.LCFI4
 289 0065 04000000 		.4byte	.LCFI5
 290 0069 0200     		.2byte	0x2
 291 006b 7D       		.byte	0x7d
 292 006c 04       		.sleb128 4
 293 006d 04000000 		.4byte	.LCFI5
ARM GAS  C:\Users\karunmj\AppData\Local\Temp\ccmfHfT9.s 			page 8


 294 0071 06000000 		.4byte	.LCFI6
 295 0075 0200     		.2byte	0x2
 296 0077 7D       		.byte	0x7d
 297 0078 10       		.sleb128 16
 298 0079 06000000 		.4byte	.LCFI6
 299 007d 54000000 		.4byte	.LFE31
 300 0081 0200     		.2byte	0x2
 301 0083 77       		.byte	0x77
 302 0084 10       		.sleb128 16
 303 0085 00000000 		.4byte	0x0
 304 0089 00000000 		.4byte	0x0
 305              	.LLST3:
 306 008d 00000000 		.4byte	.LFB32
 307 0091 02000000 		.4byte	.LCFI7
 308 0095 0100     		.2byte	0x1
 309 0097 5D       		.byte	0x5d
 310 0098 02000000 		.4byte	.LCFI7
 311 009c 04000000 		.4byte	.LCFI8
 312 00a0 0200     		.2byte	0x2
 313 00a2 7D       		.byte	0x7d
 314 00a3 04       		.sleb128 4
 315 00a4 04000000 		.4byte	.LCFI8
 316 00a8 06000000 		.4byte	.LCFI9
 317 00ac 0200     		.2byte	0x2
 318 00ae 7D       		.byte	0x7d
 319 00af 18       		.sleb128 24
 320 00b0 06000000 		.4byte	.LCFI9
 321 00b4 5C000000 		.4byte	.LFE32
 322 00b8 0200     		.2byte	0x2
 323 00ba 77       		.byte	0x77
 324 00bb 18       		.sleb128 24
 325 00bc 00000000 		.4byte	0x0
 326 00c0 00000000 		.4byte	0x0
 327              		.file 2 "./Generated_Source/PSoC5/core_cm3.h"
 328              		.file 3 ".\\/modem.h"
 329              		.file 4 "./Generated_Source/PSoC5/cytypes.h"
 330              		.section	.debug_info
 331 0000 90010000 		.4byte	0x190
 332 0004 0200     		.2byte	0x2
 333 0006 00000000 		.4byte	.Ldebug_abbrev0
 334 000a 04       		.byte	0x4
 335 000b 01       		.uleb128 0x1
 336 000c 8F000000 		.4byte	.LASF19
 337 0010 01       		.byte	0x1
 338 0011 6E010000 		.4byte	.LASF20
 339 0015 D5000000 		.4byte	.LASF21
 340 0019 00000000 		.4byte	0x0
 341 001d 00000000 		.4byte	0x0
 342 0021 00000000 		.4byte	.Ldebug_ranges0+0x0
 343 0025 00000000 		.4byte	.Ldebug_line0
 344 0029 02       		.uleb128 0x2
 345 002a 04       		.byte	0x4
 346 002b 07       		.byte	0x7
 347 002c 21000000 		.4byte	.LASF0
 348 0030 02       		.uleb128 0x2
 349 0031 01       		.byte	0x1
 350 0032 06       		.byte	0x6
ARM GAS  C:\Users\karunmj\AppData\Local\Temp\ccmfHfT9.s 			page 9


 351 0033 3C010000 		.4byte	.LASF1
 352 0037 02       		.uleb128 0x2
 353 0038 01       		.byte	0x1
 354 0039 08       		.byte	0x8
 355 003a 9B000000 		.4byte	.LASF2
 356 003e 02       		.uleb128 0x2
 357 003f 02       		.byte	0x2
 358 0040 05       		.byte	0x5
 359 0041 53010000 		.4byte	.LASF3
 360 0045 02       		.uleb128 0x2
 361 0046 02       		.byte	0x2
 362 0047 07       		.byte	0x7
 363 0048 0E000000 		.4byte	.LASF4
 364 004c 03       		.uleb128 0x3
 365 004d 04       		.byte	0x4
 366 004e 05       		.byte	0x5
 367 004f 696E7400 		.ascii	"int\000"
 368 0053 02       		.uleb128 0x2
 369 0054 08       		.byte	0x8
 370 0055 05       		.byte	0x5
 371 0056 00000000 		.4byte	.LASF5
 372 005a 02       		.uleb128 0x2
 373 005b 08       		.byte	0x8
 374 005c 07       		.byte	0x7
 375 005d 6C000000 		.4byte	.LASF6
 376 0061 02       		.uleb128 0x2
 377 0062 04       		.byte	0x4
 378 0063 05       		.byte	0x5
 379 0064 AE000000 		.4byte	.LASF7
 380 0068 04       		.uleb128 0x4
 381 0069 04       		.byte	0x4
 382 006a 07       		.byte	0x7
 383 006b 02       		.uleb128 0x2
 384 006c 04       		.byte	0x4
 385 006d 07       		.byte	0x7
 386 006e 53000000 		.4byte	.LASF8
 387 0072 02       		.uleb128 0x2
 388 0073 01       		.byte	0x1
 389 0074 08       		.byte	0x8
 390 0075 A9000000 		.4byte	.LASF9
 391 0079 05       		.uleb128 0x5
 392 007a 4D000000 		.4byte	.LASF22
 393 007e 04       		.byte	0x4
 394 007f 4C       		.byte	0x4c
 395 0080 37000000 		.4byte	0x37
 396 0084 02       		.uleb128 0x2
 397 0085 04       		.byte	0x4
 398 0086 04       		.byte	0x4
 399 0087 4D010000 		.4byte	.LASF10
 400 008b 02       		.uleb128 0x2
 401 008c 08       		.byte	0x8
 402 008d 04       		.byte	0x4
 403 008e CE000000 		.4byte	.LASF11
 404 0092 06       		.uleb128 0x6
 405 0093 01       		.byte	0x1
 406 0094 3B000000 		.4byte	.LASF23
 407 0098 01       		.byte	0x1
ARM GAS  C:\Users\karunmj\AppData\Local\Temp\ccmfHfT9.s 			page 10


 408 0099 20       		.byte	0x20
 409 009a 00000000 		.4byte	.LFB29
 410 009e 3E000000 		.4byte	.LFE29
 411 00a2 00000000 		.4byte	.LLST0
 412 00a6 07       		.uleb128 0x7
 413 00a7 01       		.byte	0x1
 414 00a8 B7000000 		.4byte	.LASF24
 415 00ac 01       		.byte	0x1
 416 00ad 50       		.byte	0x50
 417 00ae 01       		.byte	0x1
 418 00af 00000000 		.4byte	.LFB30
 419 00b3 1A000000 		.4byte	.LFE30
 420 00b7 2B000000 		.4byte	.LLST1
 421 00bb 08       		.uleb128 0x8
 422 00bc 01       		.byte	0x1
 423 00bd C1000000 		.4byte	.LASF25
 424 00c1 01       		.byte	0x1
 425 00c2 55       		.byte	0x55
 426 00c3 00000000 		.4byte	.LFB31
 427 00c7 54000000 		.4byte	.LFE31
 428 00cb 56000000 		.4byte	.LLST2
 429 00cf E0000000 		.4byte	0xe0
 430 00d3 09       		.uleb128 0x9
 431 00d4 6900     		.ascii	"i\000"
 432 00d6 01       		.byte	0x1
 433 00d7 56       		.byte	0x56
 434 00d8 79000000 		.4byte	0x79
 435 00dc 02       		.byte	0x2
 436 00dd 91       		.byte	0x91
 437 00de 77       		.sleb128 -9
 438 00df 00       		.byte	0x0
 439 00e0 0A       		.uleb128 0xa
 440 00e1 01       		.byte	0x1
 441 00e2 40000000 		.4byte	.LASF26
 442 00e6 01       		.byte	0x1
 443 00e7 5E       		.byte	0x5e
 444 00e8 01       		.byte	0x1
 445 00e9 00000000 		.4byte	.LFB32
 446 00ed 5C000000 		.4byte	.LFE32
 447 00f1 8D000000 		.4byte	.LLST3
 448 00f5 22010000 		.4byte	0x122
 449 00f9 0B       		.uleb128 0xb
 450 00fa 65000000 		.4byte	.LASF12
 451 00fe 01       		.byte	0x1
 452 00ff 5E       		.byte	0x5e
 453 0100 22010000 		.4byte	0x122
 454 0104 02       		.byte	0x2
 455 0105 91       		.byte	0x91
 456 0106 6C       		.sleb128 -20
 457 0107 0B       		.uleb128 0xb
 458 0108 48010000 		.4byte	.LASF13
 459 010c 01       		.byte	0x1
 460 010d 5E       		.byte	0x5e
 461 010e 79000000 		.4byte	0x79
 462 0112 02       		.byte	0x2
 463 0113 91       		.byte	0x91
 464 0114 6B       		.sleb128 -21
ARM GAS  C:\Users\karunmj\AppData\Local\Temp\ccmfHfT9.s 			page 11


 465 0115 09       		.uleb128 0x9
 466 0116 6900     		.ascii	"i\000"
 467 0118 01       		.byte	0x1
 468 0119 5F       		.byte	0x5f
 469 011a 79000000 		.4byte	0x79
 470 011e 02       		.byte	0x2
 471 011f 91       		.byte	0x91
 472 0120 77       		.sleb128 -9
 473 0121 00       		.byte	0x0
 474 0122 0C       		.uleb128 0xc
 475 0123 04       		.byte	0x4
 476 0124 79000000 		.4byte	0x79
 477 0128 0D       		.uleb128 0xd
 478 0129 2F010000 		.4byte	.LASF14
 479 012d 02       		.byte	0x2
 480 012e CE06     		.2byte	0x6ce
 481 0130 36010000 		.4byte	0x136
 482 0134 01       		.byte	0x1
 483 0135 01       		.byte	0x1
 484 0136 0E       		.uleb128 0xe
 485 0137 4C000000 		.4byte	0x4c
 486 013b 0F       		.uleb128 0xf
 487 013c 23010000 		.4byte	.LASF15
 488 0140 03       		.byte	0x3
 489 0141 12       		.byte	0x12
 490 0142 79000000 		.4byte	0x79
 491 0146 01       		.byte	0x1
 492 0147 05       		.byte	0x5
 493 0148 03       		.byte	0x3
 494 0149 00000000 		.4byte	modem_state
 495 014d 0F       		.uleb128 0xf
 496 014e 2E000000 		.4byte	.LASF16
 497 0152 01       		.byte	0x1
 498 0153 15       		.byte	0x15
 499 0154 79000000 		.4byte	0x79
 500 0158 01       		.byte	0x1
 501 0159 05       		.byte	0x5
 502 015a 03       		.byte	0x3
 503 015b 00000000 		.4byte	packet_ready
 504 015f 10       		.uleb128 0x10
 505 0160 79000000 		.4byte	0x79
 506 0164 6F010000 		.4byte	0x16f
 507 0168 11       		.uleb128 0x11
 508 0169 68000000 		.4byte	0x68
 509 016d 7F       		.byte	0x7f
 510 016e 00       		.byte	0x0
 511 016f 0F       		.uleb128 0xf
 512 0170 83000000 		.4byte	.LASF17
 513 0174 01       		.byte	0x1
 514 0175 16       		.byte	0x16
 515 0176 5F010000 		.4byte	0x15f
 516 017a 01       		.byte	0x1
 517 017b 05       		.byte	0x5
 518 017c 03       		.byte	0x3
 519 017d 00000000 		.4byte	data_packet
 520 0181 0F       		.uleb128 0xf
 521 0182 5D010000 		.4byte	.LASF18
ARM GAS  C:\Users\karunmj\AppData\Local\Temp\ccmfHfT9.s 			page 12


 522 0186 01       		.byte	0x1
 523 0187 17       		.byte	0x17
 524 0188 79000000 		.4byte	0x79
 525 018c 01       		.byte	0x1
 526 018d 05       		.byte	0x5
 527 018e 03       		.byte	0x3
 528 018f 00000000 		.4byte	data_packet_size
 529 0193 00       		.byte	0x0
 530              		.section	.debug_abbrev
 531 0000 01       		.uleb128 0x1
 532 0001 11       		.uleb128 0x11
 533 0002 01       		.byte	0x1
 534 0003 25       		.uleb128 0x25
 535 0004 0E       		.uleb128 0xe
 536 0005 13       		.uleb128 0x13
 537 0006 0B       		.uleb128 0xb
 538 0007 03       		.uleb128 0x3
 539 0008 0E       		.uleb128 0xe
 540 0009 1B       		.uleb128 0x1b
 541 000a 0E       		.uleb128 0xe
 542 000b 11       		.uleb128 0x11
 543 000c 01       		.uleb128 0x1
 544 000d 52       		.uleb128 0x52
 545 000e 01       		.uleb128 0x1
 546 000f 55       		.uleb128 0x55
 547 0010 06       		.uleb128 0x6
 548 0011 10       		.uleb128 0x10
 549 0012 06       		.uleb128 0x6
 550 0013 00       		.byte	0x0
 551 0014 00       		.byte	0x0
 552 0015 02       		.uleb128 0x2
 553 0016 24       		.uleb128 0x24
 554 0017 00       		.byte	0x0
 555 0018 0B       		.uleb128 0xb
 556 0019 0B       		.uleb128 0xb
 557 001a 3E       		.uleb128 0x3e
 558 001b 0B       		.uleb128 0xb
 559 001c 03       		.uleb128 0x3
 560 001d 0E       		.uleb128 0xe
 561 001e 00       		.byte	0x0
 562 001f 00       		.byte	0x0
 563 0020 03       		.uleb128 0x3
 564 0021 24       		.uleb128 0x24
 565 0022 00       		.byte	0x0
 566 0023 0B       		.uleb128 0xb
 567 0024 0B       		.uleb128 0xb
 568 0025 3E       		.uleb128 0x3e
 569 0026 0B       		.uleb128 0xb
 570 0027 03       		.uleb128 0x3
 571 0028 08       		.uleb128 0x8
 572 0029 00       		.byte	0x0
 573 002a 00       		.byte	0x0
 574 002b 04       		.uleb128 0x4
 575 002c 24       		.uleb128 0x24
 576 002d 00       		.byte	0x0
 577 002e 0B       		.uleb128 0xb
 578 002f 0B       		.uleb128 0xb
ARM GAS  C:\Users\karunmj\AppData\Local\Temp\ccmfHfT9.s 			page 13


 579 0030 3E       		.uleb128 0x3e
 580 0031 0B       		.uleb128 0xb
 581 0032 00       		.byte	0x0
 582 0033 00       		.byte	0x0
 583 0034 05       		.uleb128 0x5
 584 0035 16       		.uleb128 0x16
 585 0036 00       		.byte	0x0
 586 0037 03       		.uleb128 0x3
 587 0038 0E       		.uleb128 0xe
 588 0039 3A       		.uleb128 0x3a
 589 003a 0B       		.uleb128 0xb
 590 003b 3B       		.uleb128 0x3b
 591 003c 0B       		.uleb128 0xb
 592 003d 49       		.uleb128 0x49
 593 003e 13       		.uleb128 0x13
 594 003f 00       		.byte	0x0
 595 0040 00       		.byte	0x0
 596 0041 06       		.uleb128 0x6
 597 0042 2E       		.uleb128 0x2e
 598 0043 00       		.byte	0x0
 599 0044 3F       		.uleb128 0x3f
 600 0045 0C       		.uleb128 0xc
 601 0046 03       		.uleb128 0x3
 602 0047 0E       		.uleb128 0xe
 603 0048 3A       		.uleb128 0x3a
 604 0049 0B       		.uleb128 0xb
 605 004a 3B       		.uleb128 0x3b
 606 004b 0B       		.uleb128 0xb
 607 004c 11       		.uleb128 0x11
 608 004d 01       		.uleb128 0x1
 609 004e 12       		.uleb128 0x12
 610 004f 01       		.uleb128 0x1
 611 0050 40       		.uleb128 0x40
 612 0051 06       		.uleb128 0x6
 613 0052 00       		.byte	0x0
 614 0053 00       		.byte	0x0
 615 0054 07       		.uleb128 0x7
 616 0055 2E       		.uleb128 0x2e
 617 0056 00       		.byte	0x0
 618 0057 3F       		.uleb128 0x3f
 619 0058 0C       		.uleb128 0xc
 620 0059 03       		.uleb128 0x3
 621 005a 0E       		.uleb128 0xe
 622 005b 3A       		.uleb128 0x3a
 623 005c 0B       		.uleb128 0xb
 624 005d 3B       		.uleb128 0x3b
 625 005e 0B       		.uleb128 0xb
 626 005f 27       		.uleb128 0x27
 627 0060 0C       		.uleb128 0xc
 628 0061 11       		.uleb128 0x11
 629 0062 01       		.uleb128 0x1
 630 0063 12       		.uleb128 0x12
 631 0064 01       		.uleb128 0x1
 632 0065 40       		.uleb128 0x40
 633 0066 06       		.uleb128 0x6
 634 0067 00       		.byte	0x0
 635 0068 00       		.byte	0x0
ARM GAS  C:\Users\karunmj\AppData\Local\Temp\ccmfHfT9.s 			page 14


 636 0069 08       		.uleb128 0x8
 637 006a 2E       		.uleb128 0x2e
 638 006b 01       		.byte	0x1
 639 006c 3F       		.uleb128 0x3f
 640 006d 0C       		.uleb128 0xc
 641 006e 03       		.uleb128 0x3
 642 006f 0E       		.uleb128 0xe
 643 0070 3A       		.uleb128 0x3a
 644 0071 0B       		.uleb128 0xb
 645 0072 3B       		.uleb128 0x3b
 646 0073 0B       		.uleb128 0xb
 647 0074 11       		.uleb128 0x11
 648 0075 01       		.uleb128 0x1
 649 0076 12       		.uleb128 0x12
 650 0077 01       		.uleb128 0x1
 651 0078 40       		.uleb128 0x40
 652 0079 06       		.uleb128 0x6
 653 007a 01       		.uleb128 0x1
 654 007b 13       		.uleb128 0x13
 655 007c 00       		.byte	0x0
 656 007d 00       		.byte	0x0
 657 007e 09       		.uleb128 0x9
 658 007f 34       		.uleb128 0x34
 659 0080 00       		.byte	0x0
 660 0081 03       		.uleb128 0x3
 661 0082 08       		.uleb128 0x8
 662 0083 3A       		.uleb128 0x3a
 663 0084 0B       		.uleb128 0xb
 664 0085 3B       		.uleb128 0x3b
 665 0086 0B       		.uleb128 0xb
 666 0087 49       		.uleb128 0x49
 667 0088 13       		.uleb128 0x13
 668 0089 02       		.uleb128 0x2
 669 008a 0A       		.uleb128 0xa
 670 008b 00       		.byte	0x0
 671 008c 00       		.byte	0x0
 672 008d 0A       		.uleb128 0xa
 673 008e 2E       		.uleb128 0x2e
 674 008f 01       		.byte	0x1
 675 0090 3F       		.uleb128 0x3f
 676 0091 0C       		.uleb128 0xc
 677 0092 03       		.uleb128 0x3
 678 0093 0E       		.uleb128 0xe
 679 0094 3A       		.uleb128 0x3a
 680 0095 0B       		.uleb128 0xb
 681 0096 3B       		.uleb128 0x3b
 682 0097 0B       		.uleb128 0xb
 683 0098 27       		.uleb128 0x27
 684 0099 0C       		.uleb128 0xc
 685 009a 11       		.uleb128 0x11
 686 009b 01       		.uleb128 0x1
 687 009c 12       		.uleb128 0x12
 688 009d 01       		.uleb128 0x1
 689 009e 40       		.uleb128 0x40
 690 009f 06       		.uleb128 0x6
 691 00a0 01       		.uleb128 0x1
 692 00a1 13       		.uleb128 0x13
ARM GAS  C:\Users\karunmj\AppData\Local\Temp\ccmfHfT9.s 			page 15


 693 00a2 00       		.byte	0x0
 694 00a3 00       		.byte	0x0
 695 00a4 0B       		.uleb128 0xb
 696 00a5 05       		.uleb128 0x5
 697 00a6 00       		.byte	0x0
 698 00a7 03       		.uleb128 0x3
 699 00a8 0E       		.uleb128 0xe
 700 00a9 3A       		.uleb128 0x3a
 701 00aa 0B       		.uleb128 0xb
 702 00ab 3B       		.uleb128 0x3b
 703 00ac 0B       		.uleb128 0xb
 704 00ad 49       		.uleb128 0x49
 705 00ae 13       		.uleb128 0x13
 706 00af 02       		.uleb128 0x2
 707 00b0 0A       		.uleb128 0xa
 708 00b1 00       		.byte	0x0
 709 00b2 00       		.byte	0x0
 710 00b3 0C       		.uleb128 0xc
 711 00b4 0F       		.uleb128 0xf
 712 00b5 00       		.byte	0x0
 713 00b6 0B       		.uleb128 0xb
 714 00b7 0B       		.uleb128 0xb
 715 00b8 49       		.uleb128 0x49
 716 00b9 13       		.uleb128 0x13
 717 00ba 00       		.byte	0x0
 718 00bb 00       		.byte	0x0
 719 00bc 0D       		.uleb128 0xd
 720 00bd 34       		.uleb128 0x34
 721 00be 00       		.byte	0x0
 722 00bf 03       		.uleb128 0x3
 723 00c0 0E       		.uleb128 0xe
 724 00c1 3A       		.uleb128 0x3a
 725 00c2 0B       		.uleb128 0xb
 726 00c3 3B       		.uleb128 0x3b
 727 00c4 05       		.uleb128 0x5
 728 00c5 49       		.uleb128 0x49
 729 00c6 13       		.uleb128 0x13
 730 00c7 3F       		.uleb128 0x3f
 731 00c8 0C       		.uleb128 0xc
 732 00c9 3C       		.uleb128 0x3c
 733 00ca 0C       		.uleb128 0xc
 734 00cb 00       		.byte	0x0
 735 00cc 00       		.byte	0x0
 736 00cd 0E       		.uleb128 0xe
 737 00ce 35       		.uleb128 0x35
 738 00cf 00       		.byte	0x0
 739 00d0 49       		.uleb128 0x49
 740 00d1 13       		.uleb128 0x13
 741 00d2 00       		.byte	0x0
 742 00d3 00       		.byte	0x0
 743 00d4 0F       		.uleb128 0xf
 744 00d5 34       		.uleb128 0x34
 745 00d6 00       		.byte	0x0
 746 00d7 03       		.uleb128 0x3
 747 00d8 0E       		.uleb128 0xe
 748 00d9 3A       		.uleb128 0x3a
 749 00da 0B       		.uleb128 0xb
ARM GAS  C:\Users\karunmj\AppData\Local\Temp\ccmfHfT9.s 			page 16


 750 00db 3B       		.uleb128 0x3b
 751 00dc 0B       		.uleb128 0xb
 752 00dd 49       		.uleb128 0x49
 753 00de 13       		.uleb128 0x13
 754 00df 3F       		.uleb128 0x3f
 755 00e0 0C       		.uleb128 0xc
 756 00e1 02       		.uleb128 0x2
 757 00e2 0A       		.uleb128 0xa
 758 00e3 00       		.byte	0x0
 759 00e4 00       		.byte	0x0
 760 00e5 10       		.uleb128 0x10
 761 00e6 01       		.uleb128 0x1
 762 00e7 01       		.byte	0x1
 763 00e8 49       		.uleb128 0x49
 764 00e9 13       		.uleb128 0x13
 765 00ea 01       		.uleb128 0x1
 766 00eb 13       		.uleb128 0x13
 767 00ec 00       		.byte	0x0
 768 00ed 00       		.byte	0x0
 769 00ee 11       		.uleb128 0x11
 770 00ef 21       		.uleb128 0x21
 771 00f0 00       		.byte	0x0
 772 00f1 49       		.uleb128 0x49
 773 00f2 13       		.uleb128 0x13
 774 00f3 2F       		.uleb128 0x2f
 775 00f4 0B       		.uleb128 0xb
 776 00f5 00       		.byte	0x0
 777 00f6 00       		.byte	0x0
 778 00f7 00       		.byte	0x0
 779              		.section	.debug_pubnames,"",%progbits
 780 0000 8D000000 		.4byte	0x8d
 781 0004 0200     		.2byte	0x2
 782 0006 00000000 		.4byte	.Ldebug_info0
 783 000a 94010000 		.4byte	0x194
 784 000e 92000000 		.4byte	0x92
 785 0012 6D61696E 		.ascii	"main\000"
 785      00
 786 0017 A6000000 		.4byte	0xa6
 787 001b 6973725F 		.ascii	"isr_timer\000"
 787      74696D65 
 787      7200
 788 0025 BB000000 		.4byte	0xbb
 789 0029 636C6561 		.ascii	"clear_packet\000"
 789      725F7061 
 789      636B6574 
 789      00
 790 0036 E0000000 		.4byte	0xe0
 791 003a 77726974 		.ascii	"write_packet\000"
 791      655F7061 
 791      636B6574 
 791      00
 792 0047 3B010000 		.4byte	0x13b
 793 004b 6D6F6465 		.ascii	"modem_state\000"
 793      6D5F7374 
 793      61746500 
 794 0057 4D010000 		.4byte	0x14d
 795 005b 7061636B 		.ascii	"packet_ready\000"
ARM GAS  C:\Users\karunmj\AppData\Local\Temp\ccmfHfT9.s 			page 17


 795      65745F72 
 795      65616479 
 795      00
 796 0068 6F010000 		.4byte	0x16f
 797 006c 64617461 		.ascii	"data_packet\000"
 797      5F706163 
 797      6B657400 
 798 0078 81010000 		.4byte	0x181
 799 007c 64617461 		.ascii	"data_packet_size\000"
 799      5F706163 
 799      6B65745F 
 799      73697A65 
 799      00
 800 008d 00000000 		.4byte	0x0
 801              		.section	.debug_aranges,"",%progbits
 802 0000 34000000 		.4byte	0x34
 803 0004 0200     		.2byte	0x2
 804 0006 00000000 		.4byte	.Ldebug_info0
 805 000a 04       		.byte	0x4
 806 000b 00       		.byte	0x0
 807 000c 0000     		.2byte	0x0
 808 000e 0000     		.2byte	0x0
 809 0010 00000000 		.4byte	.LFB29
 810 0014 3E000000 		.4byte	.LFE29-.LFB29
 811 0018 00000000 		.4byte	.LFB30
 812 001c 1A000000 		.4byte	.LFE30-.LFB30
 813 0020 00000000 		.4byte	.LFB31
 814 0024 54000000 		.4byte	.LFE31-.LFB31
 815 0028 00000000 		.4byte	.LFB32
 816 002c 5C000000 		.4byte	.LFE32-.LFB32
 817 0030 00000000 		.4byte	0x0
 818 0034 00000000 		.4byte	0x0
 819              		.section	.debug_ranges,"",%progbits
 820              	.Ldebug_ranges0:
 821 0000 00000000 		.4byte	.Ltext0
 822 0004 00000000 		.4byte	.Letext0
 823 0008 00000000 		.4byte	.LFB29
 824 000c 3E000000 		.4byte	.LFE29
 825 0010 00000000 		.4byte	.LFB30
 826 0014 1A000000 		.4byte	.LFE30
 827 0018 00000000 		.4byte	.LFB31
 828 001c 54000000 		.4byte	.LFE31
 829 0020 00000000 		.4byte	.LFB32
 830 0024 5C000000 		.4byte	.LFE32
 831 0028 00000000 		.4byte	0x0
 832 002c 00000000 		.4byte	0x0
 833              		.section	.debug_str,"MS",%progbits,1
 834              	.LASF5:
 835 0000 6C6F6E67 		.ascii	"long long int\000"
 835      206C6F6E 
 835      6720696E 
 835      7400
 836              	.LASF4:
 837 000e 73686F72 		.ascii	"short unsigned int\000"
 837      7420756E 
 837      7369676E 
 837      65642069 
ARM GAS  C:\Users\karunmj\AppData\Local\Temp\ccmfHfT9.s 			page 18


 837      6E7400
 838              	.LASF0:
 839 0021 756E7369 		.ascii	"unsigned int\000"
 839      676E6564 
 839      20696E74 
 839      00
 840              	.LASF16:
 841 002e 7061636B 		.ascii	"packet_ready\000"
 841      65745F72 
 841      65616479 
 841      00
 842              	.LASF23:
 843 003b 6D61696E 		.ascii	"main\000"
 843      00
 844              	.LASF26:
 845 0040 77726974 		.ascii	"write_packet\000"
 845      655F7061 
 845      636B6574 
 845      00
 846              	.LASF22:
 847 004d 75696E74 		.ascii	"uint8\000"
 847      3800
 848              	.LASF8:
 849 0053 6C6F6E67 		.ascii	"long unsigned int\000"
 849      20756E73 
 849      69676E65 
 849      6420696E 
 849      7400
 850              	.LASF12:
 851 0065 7061636B 		.ascii	"packet\000"
 851      657400
 852              	.LASF6:
 853 006c 6C6F6E67 		.ascii	"long long unsigned int\000"
 853      206C6F6E 
 853      6720756E 
 853      7369676E 
 853      65642069 
 854              	.LASF17:
 855 0083 64617461 		.ascii	"data_packet\000"
 855      5F706163 
 855      6B657400 
 856              	.LASF19:
 857 008f 474E5520 		.ascii	"GNU C 4.4.1\000"
 857      4320342E 
 857      342E3100 
 858              	.LASF2:
 859 009b 756E7369 		.ascii	"unsigned char\000"
 859      676E6564 
 859      20636861 
 859      7200
 860              	.LASF9:
 861 00a9 63686172 		.ascii	"char\000"
 861      00
 862              	.LASF7:
 863 00ae 6C6F6E67 		.ascii	"long int\000"
 863      20696E74 
 863      00
ARM GAS  C:\Users\karunmj\AppData\Local\Temp\ccmfHfT9.s 			page 19


 864              	.LASF24:
 865 00b7 6973725F 		.ascii	"isr_timer\000"
 865      74696D65 
 865      7200
 866              	.LASF25:
 867 00c1 636C6561 		.ascii	"clear_packet\000"
 867      725F7061 
 867      636B6574 
 867      00
 868              	.LASF11:
 869 00ce 646F7562 		.ascii	"double\000"
 869      6C6500
 870              	.LASF21:
 871 00d5 433A5C55 		.ascii	"C:\\Users\\karunmj\\Google Drive\\SURE\\Resources\\"
 871      73657273 
 871      5C6B6172 
 871      756E6D6A 
 871      5C476F6F 
 872 0102 50536F43 		.ascii	"PSoC\\PSoC5\\PSoC_Datalogger.cydsn\000"
 872      5C50536F 
 872      43355C50 
 872      536F435F 
 872      44617461 
 873              	.LASF15:
 874 0123 6D6F6465 		.ascii	"modem_state\000"
 874      6D5F7374 
 874      61746500 
 875              	.LASF14:
 876 012f 49544D5F 		.ascii	"ITM_RxBuffer\000"
 876      52784275 
 876      66666572 
 876      00
 877              	.LASF1:
 878 013c 7369676E 		.ascii	"signed char\000"
 878      65642063 
 878      68617200 
 879              	.LASF13:
 880 0148 73697A65 		.ascii	"size\000"
 880      00
 881              	.LASF10:
 882 014d 666C6F61 		.ascii	"float\000"
 882      7400
 883              	.LASF3:
 884 0153 73686F72 		.ascii	"short int\000"
 884      7420696E 
 884      7400
 885              	.LASF18:
 886 015d 64617461 		.ascii	"data_packet_size\000"
 886      5F706163 
 886      6B65745F 
 886      73697A65 
 886      00
 887              	.LASF20:
 888 016e 2E5C6D61 		.ascii	".\\main.c\000"
 888      696E2E63 
 888      00
 889              		.ident	"GCC: (Sourcery G++ Lite 2010q1-188) 4.4.1"
ARM GAS  C:\Users\karunmj\AppData\Local\Temp\ccmfHfT9.s 			page 20


