--------------- Build Started: 08/02/2013 14:52:00 Project: PSoC_Datalogger, Configuration: ARM GCC 4.4.1 Debug ---------------
cydsfit.exe "-.appdatapath" "C:\Users\karunmj\AppData\Local\Cypress Semiconductor\PSoC Creator\2.2" "-.fdsnotice" "-.fdswarpdepfile=warp_dependencies.txt" "-.fdselabdepfile=elab_dependencies.txt" "-.fdsbldfile=generated_files.txt" "-p" "C:\Users\karunmj\Google Drive\SURE\Resources\PSoC\PSoC5\PSoC_Datalogger.cydsn\PSoC_Datalogger.cyprj" "-d" "CY8C5568AXI-060" "-s" "C:\Users\karunmj\Google Drive\SURE\Resources\PSoC\PSoC5\PSoC_Datalogger.cydsn\Generated_Source\PSoC5" "--" "-yv2" "-v3" "-ygs" "-q10" "-o2" "-.fftcfgtype=LE"
Elaborating Design...
ADD: prj.M0246: information: PSoC 5LP provides many improvements over PSoC 5. Learn more about migrating to PSoC 5LP at www.cypress.com/go/PSoC5LP
 * PSoC_Datalogger ()
ADD: pft.M0028: warning: Clock Warning: (uart_IntClock's accuracy range '923.077 kHz 単 5.000%, (876.923 kHz - 969.231 kHz)' is not within the specified tolerance range '921.600 kHz 単 2.000%, (903.168 kHz - 940.032 kHz)'.).
 * C:\Program Files (x86)\Cypress\PSoC Creator\2.2\PSoC Creator\psoc\content\cycomponentlibrary\CyComponentLibrary.cylib\UART_v2_30\UART_v2_30.cysch (Instance: IntClock)
 * C:\Users\karunmj\Google Drive\SURE\Resources\PSoC\PSoC5\PSoC_Datalogger.cydsn\PSoC_Datalogger.cydwr (uart_IntClock)
ADD: pft.M0028: warning: Clock Warning: (ultrasonic_uart_IntClock's accuracy range '76.677 kHz 単 5.000%, (72.843 kHz - 80.511 kHz)' is not within the specified tolerance range '76.800 kHz 単 2.000%, (75.264 kHz - 78.336 kHz)'.).
 * C:\Program Files (x86)\Cypress\PSoC Creator\2.2\PSoC Creator\psoc\content\cycomponentlibrary\CyComponentLibrary.cylib\UART_v2_30\UART_v2_30.cysch (Instance: IntClock)
 * C:\Users\karunmj\Google Drive\SURE\Resources\PSoC\PSoC5\PSoC_Datalogger.cydsn\PSoC_Datalogger.cydwr (ultrasonic_uart_IntClock)
HDL Generation ...
Synthesis ...
Place and Route ...
Tech mapping ...
Info: mpr.M0037: Unused pieces of the design have been optimized out. See the Tech mapping section of the report file for details. (App=cydsfit)
Analog Placement ...
Analog Routing ...
Analog Code Generation ...
Digital Placement ...
Digital Routing ...
Bitstream Generation ...
Static timing analysis ...
API Generation ...
Dependency Generation ...
Clean Temporary Files ...
arm-none-eabi-gcc.exe -I. -Wno-main -I./Generated_Source/PSoC5 -mcpu=cortex-m3 -mthumb -Wall -g -D DEBUG -Wa,-alh=.\ARM_GCC_441\Debug\modem.lst -ffunction-sections -c .\modem.c -o .\ARM_GCC_441\Debug\modem.o
.\modem.c: In function 'at_write_command':
.\modem.c:43: warning: pointer targets in passing argument 1 of 'uart_PutString' differ in signedness
./Generated_Source/PSoC5/uart.h:160: note: expected 'const char8 *' but argument is of type 'uint8 *'
.\modem.c:45: warning: comparison of distinct pointer types lacks a cast
.\modem.c:45: warning: comparison with string literal results in unspecified behavior
.\modem.c:47: warning: pointer targets in passing argument 1 of 'strstr' differ in signedness
c:\program files (x86)\cypress\psoc creator\2.2\psoc creator\import\gnu_cs\arm\4.4.1\bin\../lib/gcc/arm-none-eabi/4.4.1/../../../../arm-none-eabi/include/string.h:41: note: expected 'const char *' but argument is of type 'uint8 *'
.\modem.c:47: warning: pointer targets in passing argument 2 of 'strstr' differ in signedness
c:\program files (x86)\cypress\psoc creator\2.2\psoc creator\import\gnu_cs\arm\4.4.1\bin\../lib/gcc/arm-none-eabi/4.4.1/../../../../arm-none-eabi/include/string.h:41: note: expected 'const char *' but argument is of type 'uint8 *'
.\modem.c:47: warning: initialization makes integer from pointer without a cast
.\modem.c: In function 'modem_reset':
.\modem.c:59: warning: pointer targets in passing argument 1 of 'at_write_command' differ in signedness
.\modem.c:36: note: expected 'uint8 *' but argument is of type 'char *'
.\modem.c:59: warning: pointer targets in passing argument 2 of 'at_write_command' differ in signedness
.\modem.c:36: note: expected 'uint8 *' but argument is of type 'char *'
.\modem.c: In function 'modem_join_network':
.\modem.c:67: warning: pointer targets in passing argument 1 of 'at_write_command' differ in signedness
.\modem.c:36: note: expected 'uint8 *' but argument is of type 'char *'
.\modem.c:67: warning: pointer targets in passing argument 2 of 'at_write_command' differ in signedness
.\modem.c:36: note: expected 'uint8 *' but argument is of type 'char *'
.\modem.c:69: warning: pointer targets in passing argument 1 of 'at_write_command' differ in signedness
.\modem.c:36: note: expected 'uint8 *' but argument is of type 'char *'
.\modem.c:69: warning: pointer targets in passing argument 2 of 'at_write_command' differ in signedness
.\modem.c:36: note: expected 'uint8 *' but argument is of type 'char *'
.\modem.c:71: warning: pointer targets in passing argument 1 of 'at_write_command' differ in signedness
.\modem.c:36: note: expected 'uint8 *' but argument is of type 'char *'
.\modem.c:71: warning: pointer targets in passing argument 2 of 'at_write_command' differ in signedness
.\modem.c:36: note: expected 'uint8 *' but argument is of type 'char *'
.\modem.c:72: warning: pointer targets in passing argument 1 of 'at_write_command' differ in signedness
.\modem.c:36: note: expected 'uint8 *' but argument is of type 'char *'
.\modem.c:72: warning: pointer targets in passing argument 2 of 'at_write_command' differ in signedness
.\modem.c:36: note: expected 'uint8 *' but argument is of type 'char *'
.\modem.c: In function 'modem_send_packet':
.\modem.c:83: warning: pointer targets in passing argument 1 of 'at_write_command' differ in signedness
.\modem.c:36: note: expected 'uint8 *' but argument is of type 'char *'
.\modem.c:83: warning: pointer targets in passing argument 2 of 'at_write_command' differ in signedness
.\modem.c:36: note: expected 'uint8 *' but argument is of type 'char *'
.\modem.c:84: warning: pointer targets in passing argument 1 of 'at_write_command' differ in signedness
.\modem.c:36: note: expected 'uint8 *' but argument is of type 'char *'
.\modem.c:84: warning: pointer targets in passing argument 2 of 'at_write_command' differ in signedness
.\modem.c:36: note: expected 'uint8 *' but argument is of type 'char *'
.\modem.c:85: warning: pointer targets in passing argument 2 of 'at_write_command' differ in signedness
.\modem.c:36: note: expected 'uint8 *' but argument is of type 'char *'
.\modem.c: In function 'modem_power_off':
.\modem.c:110: warning: control reaches end of non-void function
.\modem.c: In function 'modem_power_on':
.\modem.c:101: warning: control reaches end of non-void function
arm-none-eabi-gcc.exe -I. -Wno-main -I./Generated_Source/PSoC5 -mcpu=cortex-m3 -mthumb -Wall -g -D DEBUG -Wa,-alh=.\ARM_GCC_441\Debug\ultrasonic.lst -ffunction-sections -c .\ultrasonic.c -o .\ARM_GCC_441\Debug\ultrasonic.o
.\ultrasonic.c: In function 'ultrasonic_read':
.\ultrasonic.c:63: warning: return makes integer from pointer without a cast
.\ultrasonic.c:63: warning: function returns address of local variable
.\ultrasonic.c: In function 'isr_byte_ultrasonic_rx':
.\ultrasonic.c:70: warning: unused variable 'rx_char_hold3'
.\ultrasonic.c:69: warning: unused variable 'rx_char_hold2'
.\ultrasonic.c:68: warning: unused variable 'rx_char_hold'
arm-none-eabi-gcc.exe -I. -Wno-main -I./Generated_Source/PSoC5 -mcpu=cortex-m3 -mthumb -Wall -g -D DEBUG -Wa,-alh=.\ARM_GCC_441\Debug\main.lst -ffunction-sections -c .\main.c -o .\ARM_GCC_441\Debug\main.o
.\main.c: In function 'isr_timer':
.\main.c:81: warning: pointer targets in passing argument 1 of 'write_packet' differ in signedness
.\main.c:27: note: expected 'uint8 *' but argument is of type 'char *'
arm-none-eabi-gcc.exe -I. -Wno-main -I./Generated_Source/PSoC5 -mcpu=cortex-m3 -mthumb -Wall -g -D DEBUG -Wa,-alh=.\ARM_GCC_441\Debug\Cm3Start.lst -ffunction-sections -c .\Generated_Source\PSoC5\Cm3Start.c -o .\ARM_GCC_441\Debug\Cm3Start.o
arm-none-eabi-gcc.exe -I. -Wno-main -I./Generated_Source/PSoC5 -mcpu=cortex-m3 -mthumb -Wall -g -D DEBUG -Wa,-alh=.\ARM_GCC_441\Debug\core_cm3.lst -ffunction-sections -c .\Generated_Source\PSoC5\core_cm3.c -o .\ARM_GCC_441\Debug\core_cm3.o
arm-none-eabi-as.exe -I. -I./Generated_Source/PSoC5 -mcpu=cortex-m3 -mthumb -g -alh=.\ARM_GCC_441\Debug/CyBootAsmGnu.lst -o .\ARM_GCC_441\Debug\CyBootAsmGnu.o .\Generated_Source\PSoC5\CyBootAsmGnu.s
arm-none-eabi-gcc.exe -I. -Wno-main -I./Generated_Source/PSoC5 -mcpu=cortex-m3 -mthumb -Wall -g -D DEBUG -Wa,-alh=.\ARM_GCC_441\Debug\CyDmac.lst -ffunction-sections -c .\Generated_Source\PSoC5\CyDmac.c -o .\ARM_GCC_441\Debug\CyDmac.o
arm-none-eabi-gcc.exe -I. -Wno-main -I./Generated_Source/PSoC5 -mcpu=cortex-m3 -mthumb -Wall -g -D DEBUG -Wa,-alh=.\ARM_GCC_441\Debug\CyFlash.lst -ffunction-sections -c .\Generated_Source\PSoC5\CyFlash.c -o .\ARM_GCC_441\Debug\CyFlash.o
arm-none-eabi-gcc.exe -I. -Wno-main -I./Generated_Source/PSoC5 -mcpu=cortex-m3 -mthumb -Wall -g -D DEBUG -Wa,-alh=.\ARM_GCC_441\Debug\CyLib.lst -ffunction-sections -c .\Generated_Source\PSoC5\CyLib.c -o .\ARM_GCC_441\Debug\CyLib.o
arm-none-eabi-gcc.exe -I. -Wno-main -I./Generated_Source/PSoC5 -mcpu=cortex-m3 -mthumb -Wall -g -D DEBUG -Wa,-alh=.\ARM_GCC_441\Debug\cyPm.lst -ffunction-sections -c .\Generated_Source\PSoC5\cyPm.c -o .\ARM_GCC_441\Debug\cyPm.o
arm-none-eabi-gcc.exe -I. -Wno-main -I./Generated_Source/PSoC5 -mcpu=cortex-m3 -mthumb -Wall -g -D DEBUG -Wa,-alh=.\ARM_GCC_441\Debug\CySpc.lst -ffunction-sections -c .\Generated_Source\PSoC5\CySpc.c -o .\ARM_GCC_441\Debug\CySpc.o
arm-none-eabi-gcc.exe -I. -Wno-main -I./Generated_Source/PSoC5 -mcpu=cortex-m3 -mthumb -Wall -g -D DEBUG -Wa,-alh=.\ARM_GCC_441\Debug\cyutils.lst -ffunction-sections -c .\Generated_Source\PSoC5\cyutils.c -o .\ARM_GCC_441\Debug\cyutils.o
arm-none-eabi-gcc.exe -I. -Wno-main -I./Generated_Source/PSoC5 -mcpu=cortex-m3 -mthumb -Wall -g -D DEBUG -Wa,-alh=.\ARM_GCC_441\Debug\uart.lst -ffunction-sections -c .\Generated_Source\PSoC5\uart.c -o .\ARM_GCC_441\Debug\uart.o
arm-none-eabi-gcc.exe -I. -Wno-main -I./Generated_Source/PSoC5 -mcpu=cortex-m3 -mthumb -Wall -g -D DEBUG -Wa,-alh=.\ARM_GCC_441\Debug\uart_PM.lst -ffunction-sections -c .\Generated_Source\PSoC5\uart_PM.c -o .\ARM_GCC_441\Debug\uart_PM.o
arm-none-eabi-gcc.exe -I. -Wno-main -I./Generated_Source/PSoC5 -mcpu=cortex-m3 -mthumb -Wall -g -D DEBUG -Wa,-alh=.\ARM_GCC_441\Debug\uart_INT.lst -ffunction-sections -c .\Generated_Source\PSoC5\uart_INT.c -o .\ARM_GCC_441\Debug\uart_INT.o
arm-none-eabi-gcc.exe -I. -Wno-main -I./Generated_Source/PSoC5 -mcpu=cortex-m3 -mthumb -Wall -g -D DEBUG -Wa,-alh=.\ARM_GCC_441\Debug\uart_BOOT.lst -ffunction-sections -c .\Generated_Source\PSoC5\uart_BOOT.c -o .\ARM_GCC_441\Debug\uart_BOOT.o
arm-none-eabi-gcc.exe -I. -Wno-main -I./Generated_Source/PSoC5 -mcpu=cortex-m3 -mthumb -Wall -g -D DEBUG -Wa,-alh=.\ARM_GCC_441\Debug\uart_IntClock.lst -ffunction-sections -c .\Generated_Source\PSoC5\uart_IntClock.c -o .\ARM_GCC_441\Debug\uart_IntClock.o
arm-none-eabi-gcc.exe -I. -Wno-main -I./Generated_Source/PSoC5 -mcpu=cortex-m3 -mthumb -Wall -g -D DEBUG -Wa,-alh=.\ARM_GCC_441\Debug\isr_byte_rx.lst -ffunction-sections -c .\Generated_Source\PSoC5\isr_byte_rx.c -o .\ARM_GCC_441\Debug\isr_byte_rx.o
arm-none-eabi-gcc.exe -I. -Wno-main -I./Generated_Source/PSoC5 -mcpu=cortex-m3 -mthumb -Wall -g -D DEBUG -Wa,-alh=.\ARM_GCC_441\Debug\timer.lst -ffunction-sections -c .\Generated_Source\PSoC5\timer.c -o .\ARM_GCC_441\Debug\timer.o
arm-none-eabi-gcc.exe -I. -Wno-main -I./Generated_Source/PSoC5 -mcpu=cortex-m3 -mthumb -Wall -g -D DEBUG -Wa,-alh=.\ARM_GCC_441\Debug\timer_PM.lst -ffunction-sections -c .\Generated_Source\PSoC5\timer_PM.c -o .\ARM_GCC_441\Debug\timer_PM.o
arm-none-eabi-gcc.exe -I. -Wno-main -I./Generated_Source/PSoC5 -mcpu=cortex-m3 -mthumb -Wall -g -D DEBUG -Wa,-alh=.\ARM_GCC_441\Debug\isr_timer.lst -ffunction-sections -c .\Generated_Source\PSoC5\isr_timer.c -o .\ARM_GCC_441\Debug\isr_timer.o
arm-none-eabi-gcc.exe -I. -Wno-main -I./Generated_Source/PSoC5 -mcpu=cortex-m3 -mthumb -Wall -g -D DEBUG -Wa,-alh=.\ARM_GCC_441\Debug\modem_power_pin.lst -ffunction-sections -c .\Generated_Source\PSoC5\modem_power_pin.c -o .\ARM_GCC_441\Debug\modem_power_pin.o
arm-none-eabi-gcc.exe -I. -Wno-main -I./Generated_Source/PSoC5 -mcpu=cortex-m3 -mthumb -Wall -g -D DEBUG -Wa,-alh=.\ARM_GCC_441\Debug\modem_voltage_pin.lst -ffunction-sections -c .\Generated_Source\PSoC5\modem_voltage_pin.c -o .\ARM_GCC_441\Debug\modem_voltage_pin.o
arm-none-eabi-gcc.exe -I. -Wno-main -I./Generated_Source/PSoC5 -mcpu=cortex-m3 -mthumb -Wall -g -D DEBUG -Wa,-alh=.\ARM_GCC_441\Debug\ultrasonic_uart.lst -ffunction-sections -c .\Generated_Source\PSoC5\ultrasonic_uart.c -o .\ARM_GCC_441\Debug\ultrasonic_uart.o
arm-none-eabi-gcc.exe -I. -Wno-main -I./Generated_Source/PSoC5 -mcpu=cortex-m3 -mthumb -Wall -g -D DEBUG -Wa,-alh=.\ARM_GCC_441\Debug\ultrasonic_uart_PM.lst -ffunction-sections -c .\Generated_Source\PSoC5\ultrasonic_uart_PM.c -o .\ARM_GCC_441\Debug\ultrasonic_uart_PM.o
arm-none-eabi-gcc.exe -I. -Wno-main -I./Generated_Source/PSoC5 -mcpu=cortex-m3 -mthumb -Wall -g -D DEBUG -Wa,-alh=.\ARM_GCC_441\Debug\ultrasonic_uart_INT.lst -ffunction-sections -c .\Generated_Source\PSoC5\ultrasonic_uart_INT.c -o .\ARM_GCC_441\Debug\ultrasonic_uart_INT.o
arm-none-eabi-gcc.exe -I. -Wno-main -I./Generated_Source/PSoC5 -mcpu=cortex-m3 -mthumb -Wall -g -D DEBUG -Wa,-alh=.\ARM_GCC_441\Debug\ultrasonic_uart_BOOT.lst -ffunction-sections -c .\Generated_Source\PSoC5\ultrasonic_uart_BOOT.c -o .\ARM_GCC_441\Debug\ultrasonic_uart_BOOT.o
arm-none-eabi-gcc.exe -I. -Wno-main -I./Generated_Source/PSoC5 -mcpu=cortex-m3 -mthumb -Wall -g -D DEBUG -Wa,-alh=.\ARM_GCC_441\Debug\ultrasonic_voltage_pin.lst -ffunction-sections -c .\Generated_Source\PSoC5\ultrasonic_voltage_pin.c -o .\ARM_GCC_441\Debug\ultrasonic_voltage_pin.o
arm-none-eabi-gcc.exe -I. -Wno-main -I./Generated_Source/PSoC5 -mcpu=cortex-m3 -mthumb -Wall -g -D DEBUG -Wa,-alh=.\ARM_GCC_441\Debug\isr_byte_ultrasonic_rx.lst -ffunction-sections -c .\Generated_Source\PSoC5\isr_byte_ultrasonic_rx.c -o .\ARM_GCC_441\Debug\isr_byte_ultrasonic_rx.o
arm-none-eabi-gcc.exe -I. -Wno-main -I./Generated_Source/PSoC5 -mcpu=cortex-m3 -mthumb -Wall -g -D DEBUG -Wa,-alh=.\ARM_GCC_441\Debug\ultrasonic_uart_IntClock.lst -ffunction-sections -c .\Generated_Source\PSoC5\ultrasonic_uart_IntClock.c -o .\ARM_GCC_441\Debug\ultrasonic_uart_IntClock.o
arm-none-eabi-gcc.exe -I. -Wno-main -I./Generated_Source/PSoC5 -mcpu=cortex-m3 -mthumb -Wall -g -D DEBUG -Wa,-alh=.\ARM_GCC_441\Debug\ultrasonic_voltage_pin_2.lst -ffunction-sections -c .\Generated_Source\PSoC5\ultrasonic_voltage_pin_2.c -o .\ARM_GCC_441\Debug\ultrasonic_voltage_pin_2.o
arm-none-eabi-gcc.exe -I. -Wno-main -I./Generated_Source/PSoC5 -mcpu=cortex-m3 -mthumb -Wall -g -D DEBUG -Wa,-alh=.\ARM_GCC_441\Debug\ultrasonic_reading_pin.lst -ffunction-sections -c .\Generated_Source\PSoC5\ultrasonic_reading_pin.c -o .\ARM_GCC_441\Debug\ultrasonic_reading_pin.o
arm-none-eabi-gcc.exe -I. -Wno-main -I./Generated_Source/PSoC5 -mcpu=cortex-m3 -mthumb -Wall -g -D DEBUG -Wa,-alh=.\ARM_GCC_441\Debug\cyfitter_cfg.lst -ffunction-sections -c .\Generated_Source\PSoC5\cyfitter_cfg.c -o .\ARM_GCC_441\Debug\cyfitter_cfg.o
arm-none-eabi-ar.exe -rs .\ARM_GCC_441\Debug\PSoC_Datalogger.a .\ARM_GCC_441\Debug\core_cm3.o .\ARM_GCC_441\Debug\CyBootAsmGnu.o .\ARM_GCC_441\Debug\CyDmac.o .\ARM_GCC_441\Debug\CyFlash.o .\ARM_GCC_441\Debug\CyLib.o .\ARM_GCC_441\Debug\cyPm.o .\ARM_GCC_441\Debug\CySpc.o .\ARM_GCC_441\Debug\cyutils.o .\ARM_GCC_441\Debug\uart.o .\ARM_GCC_441\Debug\uart_PM.o .\ARM_GCC_441\Debug\uart_INT.o .\ARM_GCC_441\Debug\uart_BOOT.o .\ARM_GCC_441\Debug\uart_IntClock.o .\ARM_GCC_441\Debug\isr_byte_rx.o .\ARM_GCC_441\Debug\timer.o .\ARM_GCC_441\Debug\timer_PM.o .\ARM_GCC_441\Debug\isr_timer.o .\ARM_GCC_441\Debug\modem_power_pin.o .\ARM_GCC_441\Debug\modem_voltage_pin.o .\ARM_GCC_441\Debug\ultrasonic_uart.o .\ARM_GCC_441\Debug\ultrasonic_uart_PM.o .\ARM_GCC_441\Debug\ultrasonic_uart_INT.o .\ARM_GCC_441\Debug\ultrasonic_uart_BOOT.o .\ARM_GCC_441\Debug\ultrasonic_voltage_pin.o .\ARM_GCC_441\Debug\isr_byte_ultrasonic_rx.o .\ARM_GCC_441\Debug\ultrasonic_uart_IntClock.o .\ARM_GCC_441\Debug\ultrasonic_voltage_pin_2.o .\ARM_GCC_441\Debug\ultrasonic_reading_pin.o .\ARM_GCC_441\Debug\cyfitter_cfg.o
arm-none-eabi-ar.exe: creating .\ARM_GCC_441\Debug\PSoC_Datalogger.a
arm-none-eabi-gcc.exe -mthumb -march=armv7-m -mfix-cortex-m3-ldrd -T .\Generated_Source\PSoC5\cm3gcc.ld -g -Wl,-Map,.\ARM_GCC_441\Debug\PSoC_Datalogger.map -Wl,--gc-sections -Wl,--start-group -o .\ARM_GCC_441\Debug\PSoC_Datalogger.elf .\ARM_GCC_441\Debug\modem.o .\ARM_GCC_441\Debug\ultrasonic.o .\ARM_GCC_441\Debug\main.o .\ARM_GCC_441\Debug\Cm3Start.o .\ARM_GCC_441\Debug\PSoC_Datalogger.a "C:\Program Files (x86)\Cypress\PSoC Creator\2.2\PSoC Creator\psoc\content\cycomponentlibrary\CyComponentLibrary.cylib\CortexM3\ARM_GCC_441\Debug\CyComponentLibrary.a" -Wl,--end-group
arm-none-eabi-objcopy.exe -O ihex .\ARM_GCC_441\Debug\PSoC_Datalogger.elf .\ARM_GCC_441\Debug\PSoC_Datalogger.ihx
cyhextool -o .\ARM_GCC_441\Debug\PSoC_Datalogger.hex -f .\ARM_GCC_441\Debug\PSoC_Datalogger.ihx -prot .\Generated_Source\PSoC5\protect.hex -id E13C069 -a EEPROM=90200000:800,PROGRAM=00000000:40000,CONFIG=80000000:8000,PROTECT=90400000:100 -meta 0101 -cunv 00000006 -wonv BC90ACAF -ecc .\Generated_Source\PSoC5\config.hex
Flash used: 5080 of 262144 bytes (1.9 %).
SRAM used: 564 of 65536 bytes (0.9 %).
--------------- Build Succeeded: 08/02/2013 14:52:18 ---------------
