ARM GAS  C:\Users\karunmj\AppData\Local\Temp\cc2bAePi.s 			page 1


   1              		.syntax unified
   2              		.cpu cortex-m3
   3              		.fpu softvfp
   4              		.eabi_attribute 20, 1
   5              		.eabi_attribute 21, 1
   6              		.eabi_attribute 23, 3
   7              		.eabi_attribute 24, 1
   8              		.eabi_attribute 25, 1
   9              		.eabi_attribute 26, 1
  10              		.eabi_attribute 30, 6
  11              		.eabi_attribute 18, 4
  12              		.thumb
  13              		.file	"uart_PM.c"
  14              		.section	.debug_abbrev,"",%progbits
  15              	.Ldebug_abbrev0:
  16              		.section	.debug_info,"",%progbits
  17              	.Ldebug_info0:
  18              		.section	.debug_line,"",%progbits
  19              	.Ldebug_line0:
  20 0000 D3000000 		.text
  20      02006A00 
  20      00000201 
  20      FB0E0D00 
  20      01010101 
  21              	.Ltext0:
  22              		.cfi_sections	.debug_frame
  23              		.bss
  24              		.align	2
  25              	uart_backup:
  26 0000 00000000 		.space	6
  26      0000
  27 0006 0000     		.section	.text.uart_SaveConfig,"ax",%progbits
  28              		.align	2
  29              		.global	uart_SaveConfig
  30              		.thumb
  31              		.thumb_func
  32              		.type	uart_SaveConfig, %function
  33              	uart_SaveConfig:
  34              	.LFB0:
  35              		.file 1 ".\\Generated_Source\\PSoC5\\uart_PM.c"
   1:.\Generated_Source\PSoC5/uart_PM.c **** /*******************************************************************************
   2:.\Generated_Source\PSoC5/uart_PM.c **** * File Name: uart_PM.c
   3:.\Generated_Source\PSoC5/uart_PM.c **** * Version 2.30
   4:.\Generated_Source\PSoC5/uart_PM.c **** *
   5:.\Generated_Source\PSoC5/uart_PM.c **** * Description:
   6:.\Generated_Source\PSoC5/uart_PM.c **** *  This file provides Sleep/WakeUp APIs functionality.
   7:.\Generated_Source\PSoC5/uart_PM.c **** *
   8:.\Generated_Source\PSoC5/uart_PM.c **** * Note:
   9:.\Generated_Source\PSoC5/uart_PM.c **** *
  10:.\Generated_Source\PSoC5/uart_PM.c **** ********************************************************************************
  11:.\Generated_Source\PSoC5/uart_PM.c **** * Copyright 2008-2012, Cypress Semiconductor Corporation.  All rights reserved.
  12:.\Generated_Source\PSoC5/uart_PM.c **** * You may use this file only in accordance with the license, terms, conditions,
  13:.\Generated_Source\PSoC5/uart_PM.c **** * disclaimers, and limitations in the end user license agreement accompanying
  14:.\Generated_Source\PSoC5/uart_PM.c **** * the software package with which this file was provided.
  15:.\Generated_Source\PSoC5/uart_PM.c **** *******************************************************************************/
  16:.\Generated_Source\PSoC5/uart_PM.c **** 
  17:.\Generated_Source\PSoC5/uart_PM.c **** #include "uart.h"
ARM GAS  C:\Users\karunmj\AppData\Local\Temp\cc2bAePi.s 			page 2


  18:.\Generated_Source\PSoC5/uart_PM.c **** 
  19:.\Generated_Source\PSoC5/uart_PM.c **** 
  20:.\Generated_Source\PSoC5/uart_PM.c **** /***************************************
  21:.\Generated_Source\PSoC5/uart_PM.c **** * Local data allocation
  22:.\Generated_Source\PSoC5/uart_PM.c **** ***************************************/
  23:.\Generated_Source\PSoC5/uart_PM.c **** 
  24:.\Generated_Source\PSoC5/uart_PM.c **** static uart_BACKUP_STRUCT  uart_backup =
  25:.\Generated_Source\PSoC5/uart_PM.c **** {
  26:.\Generated_Source\PSoC5/uart_PM.c ****     /* enableState - disabled */
  27:.\Generated_Source\PSoC5/uart_PM.c ****     0u,
  28:.\Generated_Source\PSoC5/uart_PM.c **** };
  29:.\Generated_Source\PSoC5/uart_PM.c **** 
  30:.\Generated_Source\PSoC5/uart_PM.c **** 
  31:.\Generated_Source\PSoC5/uart_PM.c **** 
  32:.\Generated_Source\PSoC5/uart_PM.c **** /*******************************************************************************
  33:.\Generated_Source\PSoC5/uart_PM.c **** * Function Name: uart_SaveConfig
  34:.\Generated_Source\PSoC5/uart_PM.c **** ********************************************************************************
  35:.\Generated_Source\PSoC5/uart_PM.c **** *
  36:.\Generated_Source\PSoC5/uart_PM.c **** * Summary:
  37:.\Generated_Source\PSoC5/uart_PM.c **** *  Saves the current user configuration.
  38:.\Generated_Source\PSoC5/uart_PM.c **** *
  39:.\Generated_Source\PSoC5/uart_PM.c **** * Parameters:
  40:.\Generated_Source\PSoC5/uart_PM.c **** *  None.
  41:.\Generated_Source\PSoC5/uart_PM.c **** *
  42:.\Generated_Source\PSoC5/uart_PM.c **** * Return:
  43:.\Generated_Source\PSoC5/uart_PM.c **** *  None.
  44:.\Generated_Source\PSoC5/uart_PM.c **** *
  45:.\Generated_Source\PSoC5/uart_PM.c **** * Global Variables:
  46:.\Generated_Source\PSoC5/uart_PM.c **** *  uart_backup - modified when non-retention registers are saved.
  47:.\Generated_Source\PSoC5/uart_PM.c **** *
  48:.\Generated_Source\PSoC5/uart_PM.c **** * Reentrant:
  49:.\Generated_Source\PSoC5/uart_PM.c **** *  No.
  50:.\Generated_Source\PSoC5/uart_PM.c **** *
  51:.\Generated_Source\PSoC5/uart_PM.c **** *******************************************************************************/
  52:.\Generated_Source\PSoC5/uart_PM.c **** void uart_SaveConfig(void)
  53:.\Generated_Source\PSoC5/uart_PM.c **** {
  36              		.loc 1 53 0
  37              		.cfi_startproc
  38              		@ args = 0, pretend = 0, frame = 0
  39              		@ frame_needed = 1, uses_anonymous_args = 0
  40              		@ link register save eliminated.
  41 0000 80B4     		push	{r7}
  42              	.LCFI0:
  43              		.cfi_def_cfa_offset 4
  44 0002 00AF     		add	r7, sp, #0
  45              		.cfi_offset 7, -4
  46              	.LCFI1:
  47              		.cfi_def_cfa_register 7
  54:.\Generated_Source\PSoC5/uart_PM.c ****     #if (CY_UDB_V0)
  55:.\Generated_Source\PSoC5/uart_PM.c **** 
  56:.\Generated_Source\PSoC5/uart_PM.c ****         #if(uart_CONTROL_REG_REMOVED == 0u)
  57:.\Generated_Source\PSoC5/uart_PM.c ****             uart_backup.cr = uart_CONTROL_REG;
  58:.\Generated_Source\PSoC5/uart_PM.c ****         #endif /* End uart_CONTROL_REG_REMOVED */
  59:.\Generated_Source\PSoC5/uart_PM.c **** 
  60:.\Generated_Source\PSoC5/uart_PM.c ****         #if( (uart_RX_ENABLED) || (uart_HD_ENABLED) )
  61:.\Generated_Source\PSoC5/uart_PM.c ****             uart_backup.rx_period = uart_RXBITCTR_PERIOD_REG;
  48              		.loc 1 61 0
ARM GAS  C:\Users\karunmj\AppData\Local\Temp\cc2bAePi.s 			page 3


  49 0004 46F28743 		movw	r3, #:lower16:1073767559
  50 0008 C4F20003 		movt	r3, #:upper16:1073767559
  51 000c 1B78     		ldrb	r3, [r3, #0]
  52 000e DAB2     		uxtb	r2, r3
  53 0010 40F20003 		movw	r3, #:lower16:uart_backup
  54 0014 C0F20003 		movt	r3, #:upper16:uart_backup
  55 0018 5A70     		strb	r2, [r3, #1]
  62:.\Generated_Source\PSoC5/uart_PM.c ****             uart_backup.rx_mask = uart_RXSTATUS_MASK_REG;
  56              		.loc 1 62 0
  57 001a 46F28753 		movw	r3, #:lower16:1073767815
  58 001e C4F20003 		movt	r3, #:upper16:1073767815
  59 0022 1B78     		ldrb	r3, [r3, #0]
  60 0024 DAB2     		uxtb	r2, r3
  61 0026 40F20003 		movw	r3, #:lower16:uart_backup
  62 002a C0F20003 		movt	r3, #:upper16:uart_backup
  63 002e 9A70     		strb	r2, [r3, #2]
  63:.\Generated_Source\PSoC5/uart_PM.c ****             #if (uart_RXHW_ADDRESS_ENABLED)
  64:.\Generated_Source\PSoC5/uart_PM.c ****                 uart_backup.rx_addr1 = uart_RXADDRESS1_REG;
  65:.\Generated_Source\PSoC5/uart_PM.c ****                 uart_backup.rx_addr2 = uart_RXADDRESS2_REG;
  66:.\Generated_Source\PSoC5/uart_PM.c ****             #endif /* End uart_RXHW_ADDRESS_ENABLED */
  67:.\Generated_Source\PSoC5/uart_PM.c ****         #endif /* End uart_RX_ENABLED | uart_HD_ENABLED*/
  68:.\Generated_Source\PSoC5/uart_PM.c **** 
  69:.\Generated_Source\PSoC5/uart_PM.c ****         #if(uart_TX_ENABLED)
  70:.\Generated_Source\PSoC5/uart_PM.c ****             #if(uart_TXCLKGEN_DP)
  71:.\Generated_Source\PSoC5/uart_PM.c ****                 uart_backup.tx_clk_ctr = uart_TXBITCLKGEN_CTR_REG;
  64              		.loc 1 71 0
  65 0030 46F22243 		movw	r3, #:lower16:1073767458
  66 0034 C4F20003 		movt	r3, #:upper16:1073767458
  67 0038 1B78     		ldrb	r3, [r3, #0]
  68 003a DAB2     		uxtb	r2, r3
  69 003c 40F20003 		movw	r3, #:lower16:uart_backup
  70 0040 C0F20003 		movt	r3, #:upper16:uart_backup
  71 0044 DA70     		strb	r2, [r3, #3]
  72:.\Generated_Source\PSoC5/uart_PM.c ****                 uart_backup.tx_clk_compl = uart_TXBITCLKTX_COMPLETE_REG;
  72              		.loc 1 72 0
  73 0046 46F23243 		movw	r3, #:lower16:1073767474
  74 004a C4F20003 		movt	r3, #:upper16:1073767474
  75 004e 1B78     		ldrb	r3, [r3, #0]
  76 0050 DAB2     		uxtb	r2, r3
  77 0052 40F20003 		movw	r3, #:lower16:uart_backup
  78 0056 C0F20003 		movt	r3, #:upper16:uart_backup
  79 005a 1A71     		strb	r2, [r3, #4]
  73:.\Generated_Source\PSoC5/uart_PM.c ****             #else
  74:.\Generated_Source\PSoC5/uart_PM.c ****                 uart_backup.tx_period = uart_TXBITCTR_PERIOD_REG;
  75:.\Generated_Source\PSoC5/uart_PM.c ****             #endif /*End uart_TXCLKGEN_DP */
  76:.\Generated_Source\PSoC5/uart_PM.c ****             uart_backup.tx_mask = uart_TXSTATUS_MASK_REG;
  80              		.loc 1 76 0
  81 005c 46F28143 		movw	r3, #:lower16:1073767553
  82 0060 C4F20003 		movt	r3, #:upper16:1073767553
  83 0064 1B78     		ldrb	r3, [r3, #0]
  84 0066 DAB2     		uxtb	r2, r3
  85 0068 40F20003 		movw	r3, #:lower16:uart_backup
  86 006c C0F20003 		movt	r3, #:upper16:uart_backup
  87 0070 5A71     		strb	r2, [r3, #5]
  77:.\Generated_Source\PSoC5/uart_PM.c ****         #endif /*End uart_TX_ENABLED */
  78:.\Generated_Source\PSoC5/uart_PM.c **** 
  79:.\Generated_Source\PSoC5/uart_PM.c **** 
ARM GAS  C:\Users\karunmj\AppData\Local\Temp\cc2bAePi.s 			page 4


  80:.\Generated_Source\PSoC5/uart_PM.c ****     #else /* CY_UDB_V1 */
  81:.\Generated_Source\PSoC5/uart_PM.c **** 
  82:.\Generated_Source\PSoC5/uart_PM.c ****         #if(uart_CONTROL_REG_REMOVED == 0u)
  83:.\Generated_Source\PSoC5/uart_PM.c ****             uart_backup.cr = uart_CONTROL_REG;
  84:.\Generated_Source\PSoC5/uart_PM.c ****         #endif /* End uart_CONTROL_REG_REMOVED */
  85:.\Generated_Source\PSoC5/uart_PM.c **** 
  86:.\Generated_Source\PSoC5/uart_PM.c ****     #endif  /* End CY_UDB_V0 */
  87:.\Generated_Source\PSoC5/uart_PM.c **** }
  88              		.loc 1 87 0
  89 0072 BD46     		mov	sp, r7
  90 0074 80BC     		pop	{r7}
  91 0076 7047     		bx	lr
  92              		.cfi_endproc
  93              	.LFE0:
  94              		.size	uart_SaveConfig, .-uart_SaveConfig
  95              		.section	.text.uart_RestoreConfig,"ax",%progbits
  96              		.align	2
  97              		.global	uart_RestoreConfig
  98              		.thumb
  99              		.thumb_func
 100              		.type	uart_RestoreConfig, %function
 101              	uart_RestoreConfig:
 102              	.LFB1:
  88:.\Generated_Source\PSoC5/uart_PM.c **** 
  89:.\Generated_Source\PSoC5/uart_PM.c **** 
  90:.\Generated_Source\PSoC5/uart_PM.c **** /*******************************************************************************
  91:.\Generated_Source\PSoC5/uart_PM.c **** * Function Name: uart_RestoreConfig
  92:.\Generated_Source\PSoC5/uart_PM.c **** ********************************************************************************
  93:.\Generated_Source\PSoC5/uart_PM.c **** *
  94:.\Generated_Source\PSoC5/uart_PM.c **** * Summary:
  95:.\Generated_Source\PSoC5/uart_PM.c **** *  Restores the current user configuration.
  96:.\Generated_Source\PSoC5/uart_PM.c **** *
  97:.\Generated_Source\PSoC5/uart_PM.c **** * Parameters:
  98:.\Generated_Source\PSoC5/uart_PM.c **** *  None.
  99:.\Generated_Source\PSoC5/uart_PM.c **** *
 100:.\Generated_Source\PSoC5/uart_PM.c **** * Return:
 101:.\Generated_Source\PSoC5/uart_PM.c **** *  None.
 102:.\Generated_Source\PSoC5/uart_PM.c **** *
 103:.\Generated_Source\PSoC5/uart_PM.c **** * Global Variables:
 104:.\Generated_Source\PSoC5/uart_PM.c **** *  uart_backup - used when non-retention registers are restored.
 105:.\Generated_Source\PSoC5/uart_PM.c **** *
 106:.\Generated_Source\PSoC5/uart_PM.c **** * Reentrant:
 107:.\Generated_Source\PSoC5/uart_PM.c **** *  No.
 108:.\Generated_Source\PSoC5/uart_PM.c **** *
 109:.\Generated_Source\PSoC5/uart_PM.c **** *******************************************************************************/
 110:.\Generated_Source\PSoC5/uart_PM.c **** void uart_RestoreConfig(void)
 111:.\Generated_Source\PSoC5/uart_PM.c **** {
 103              		.loc 1 111 0
 104              		.cfi_startproc
 105              		@ args = 0, pretend = 0, frame = 0
 106              		@ frame_needed = 1, uses_anonymous_args = 0
 107              		@ link register save eliminated.
 108 0000 80B4     		push	{r7}
 109              	.LCFI2:
 110              		.cfi_def_cfa_offset 4
 111 0002 00AF     		add	r7, sp, #0
 112              		.cfi_offset 7, -4
ARM GAS  C:\Users\karunmj\AppData\Local\Temp\cc2bAePi.s 			page 5


 113              	.LCFI3:
 114              		.cfi_def_cfa_register 7
 112:.\Generated_Source\PSoC5/uart_PM.c **** 
 113:.\Generated_Source\PSoC5/uart_PM.c ****     #if (CY_UDB_V0)
 114:.\Generated_Source\PSoC5/uart_PM.c **** 
 115:.\Generated_Source\PSoC5/uart_PM.c ****         #if(uart_CONTROL_REG_REMOVED == 0u)
 116:.\Generated_Source\PSoC5/uart_PM.c ****             uart_CONTROL_REG = uart_backup.cr;
 117:.\Generated_Source\PSoC5/uart_PM.c ****         #endif /* End uart_CONTROL_REG_REMOVED */
 118:.\Generated_Source\PSoC5/uart_PM.c **** 
 119:.\Generated_Source\PSoC5/uart_PM.c ****         #if( (uart_RX_ENABLED) || (uart_HD_ENABLED) )
 120:.\Generated_Source\PSoC5/uart_PM.c ****             uart_RXBITCTR_PERIOD_REG = uart_backup.rx_period;
 115              		.loc 1 120 0
 116 0004 46F28743 		movw	r3, #:lower16:1073767559
 117 0008 C4F20003 		movt	r3, #:upper16:1073767559
 118 000c 40F20002 		movw	r2, #:lower16:uart_backup
 119 0010 C0F20002 		movt	r2, #:upper16:uart_backup
 120 0014 5278     		ldrb	r2, [r2, #1]	@ zero_extendqisi2
 121 0016 1A70     		strb	r2, [r3, #0]
 121:.\Generated_Source\PSoC5/uart_PM.c ****             uart_RXSTATUS_MASK_REG = uart_backup.rx_mask;
 122              		.loc 1 121 0
 123 0018 46F28753 		movw	r3, #:lower16:1073767815
 124 001c C4F20003 		movt	r3, #:upper16:1073767815
 125 0020 40F20002 		movw	r2, #:lower16:uart_backup
 126 0024 C0F20002 		movt	r2, #:upper16:uart_backup
 127 0028 9278     		ldrb	r2, [r2, #2]	@ zero_extendqisi2
 128 002a 1A70     		strb	r2, [r3, #0]
 122:.\Generated_Source\PSoC5/uart_PM.c ****             #if (uart_RXHW_ADDRESS_ENABLED)
 123:.\Generated_Source\PSoC5/uart_PM.c ****                 uart_RXADDRESS1_REG = uart_backup.rx_addr1;
 124:.\Generated_Source\PSoC5/uart_PM.c ****                 uart_RXADDRESS2_REG = uart_backup.rx_addr2;
 125:.\Generated_Source\PSoC5/uart_PM.c ****             #endif /* End uart_RXHW_ADDRESS_ENABLED */
 126:.\Generated_Source\PSoC5/uart_PM.c ****         #endif  /* End (uart_RX_ENABLED) || (uart_HD_ENABLED) */
 127:.\Generated_Source\PSoC5/uart_PM.c **** 
 128:.\Generated_Source\PSoC5/uart_PM.c ****         #if(uart_TX_ENABLED)
 129:.\Generated_Source\PSoC5/uart_PM.c ****             #if(uart_TXCLKGEN_DP)
 130:.\Generated_Source\PSoC5/uart_PM.c ****                 uart_TXBITCLKGEN_CTR_REG = uart_backup.tx_clk_ctr;
 129              		.loc 1 130 0
 130 002c 46F22243 		movw	r3, #:lower16:1073767458
 131 0030 C4F20003 		movt	r3, #:upper16:1073767458
 132 0034 40F20002 		movw	r2, #:lower16:uart_backup
 133 0038 C0F20002 		movt	r2, #:upper16:uart_backup
 134 003c D278     		ldrb	r2, [r2, #3]	@ zero_extendqisi2
 135 003e 1A70     		strb	r2, [r3, #0]
 131:.\Generated_Source\PSoC5/uart_PM.c ****                 uart_TXBITCLKTX_COMPLETE_REG = uart_backup.tx_clk_compl;
 136              		.loc 1 131 0
 137 0040 46F23243 		movw	r3, #:lower16:1073767474
 138 0044 C4F20003 		movt	r3, #:upper16:1073767474
 139 0048 40F20002 		movw	r2, #:lower16:uart_backup
 140 004c C0F20002 		movt	r2, #:upper16:uart_backup
 141 0050 1279     		ldrb	r2, [r2, #4]	@ zero_extendqisi2
 142 0052 1A70     		strb	r2, [r3, #0]
 132:.\Generated_Source\PSoC5/uart_PM.c ****             #else
 133:.\Generated_Source\PSoC5/uart_PM.c ****                 uart_TXBITCTR_PERIOD_REG = uart_backup.tx_period;
 134:.\Generated_Source\PSoC5/uart_PM.c ****             #endif /*End uart_TXCLKGEN_DP */
 135:.\Generated_Source\PSoC5/uart_PM.c ****             uart_TXSTATUS_MASK_REG = uart_backup.tx_mask;
 143              		.loc 1 135 0
 144 0054 46F28143 		movw	r3, #:lower16:1073767553
 145 0058 C4F20003 		movt	r3, #:upper16:1073767553
ARM GAS  C:\Users\karunmj\AppData\Local\Temp\cc2bAePi.s 			page 6


 146 005c 40F20002 		movw	r2, #:lower16:uart_backup
 147 0060 C0F20002 		movt	r2, #:upper16:uart_backup
 148 0064 5279     		ldrb	r2, [r2, #5]	@ zero_extendqisi2
 149 0066 1A70     		strb	r2, [r3, #0]
 136:.\Generated_Source\PSoC5/uart_PM.c ****         #endif /*End uart_TX_ENABLED */
 137:.\Generated_Source\PSoC5/uart_PM.c **** 
 138:.\Generated_Source\PSoC5/uart_PM.c ****     #else /* CY_UDB_V1 */
 139:.\Generated_Source\PSoC5/uart_PM.c **** 
 140:.\Generated_Source\PSoC5/uart_PM.c ****         #if(uart_CONTROL_REG_REMOVED == 0u)
 141:.\Generated_Source\PSoC5/uart_PM.c ****             uart_CONTROL_REG = uart_backup.cr;
 142:.\Generated_Source\PSoC5/uart_PM.c ****         #endif /* End uart_CONTROL_REG_REMOVED */
 143:.\Generated_Source\PSoC5/uart_PM.c **** 
 144:.\Generated_Source\PSoC5/uart_PM.c ****     #endif  /* End CY_UDB_V0 */
 145:.\Generated_Source\PSoC5/uart_PM.c **** }
 150              		.loc 1 145 0
 151 0068 BD46     		mov	sp, r7
 152 006a 80BC     		pop	{r7}
 153 006c 7047     		bx	lr
 154              		.cfi_endproc
 155              	.LFE1:
 156              		.size	uart_RestoreConfig, .-uart_RestoreConfig
 157 006e 00BF     		.section	.text.uart_Sleep,"ax",%progbits
 158              		.align	2
 159              		.global	uart_Sleep
 160              		.thumb
 161              		.thumb_func
 162              		.type	uart_Sleep, %function
 163              	uart_Sleep:
 164              	.LFB2:
 146:.\Generated_Source\PSoC5/uart_PM.c **** 
 147:.\Generated_Source\PSoC5/uart_PM.c **** 
 148:.\Generated_Source\PSoC5/uart_PM.c **** /*******************************************************************************
 149:.\Generated_Source\PSoC5/uart_PM.c **** * Function Name: uart_Sleep
 150:.\Generated_Source\PSoC5/uart_PM.c **** ********************************************************************************
 151:.\Generated_Source\PSoC5/uart_PM.c **** *
 152:.\Generated_Source\PSoC5/uart_PM.c **** * Summary:
 153:.\Generated_Source\PSoC5/uart_PM.c **** *  Stops and saves the user configuration. Should be called
 154:.\Generated_Source\PSoC5/uart_PM.c **** *  just prior to entering sleep.
 155:.\Generated_Source\PSoC5/uart_PM.c **** *
 156:.\Generated_Source\PSoC5/uart_PM.c **** *
 157:.\Generated_Source\PSoC5/uart_PM.c **** * Parameters:
 158:.\Generated_Source\PSoC5/uart_PM.c **** *  None.
 159:.\Generated_Source\PSoC5/uart_PM.c **** *
 160:.\Generated_Source\PSoC5/uart_PM.c **** * Return:
 161:.\Generated_Source\PSoC5/uart_PM.c **** *  None.
 162:.\Generated_Source\PSoC5/uart_PM.c **** *
 163:.\Generated_Source\PSoC5/uart_PM.c **** * Global Variables:
 164:.\Generated_Source\PSoC5/uart_PM.c **** *  uart_backup - modified when non-retention registers are saved.
 165:.\Generated_Source\PSoC5/uart_PM.c **** *
 166:.\Generated_Source\PSoC5/uart_PM.c **** * Reentrant:
 167:.\Generated_Source\PSoC5/uart_PM.c **** *  No.
 168:.\Generated_Source\PSoC5/uart_PM.c **** *
 169:.\Generated_Source\PSoC5/uart_PM.c **** *******************************************************************************/
 170:.\Generated_Source\PSoC5/uart_PM.c **** void uart_Sleep(void)
 171:.\Generated_Source\PSoC5/uart_PM.c **** {
 165              		.loc 1 171 0
 166              		.cfi_startproc
ARM GAS  C:\Users\karunmj\AppData\Local\Temp\cc2bAePi.s 			page 7


 167              		@ args = 0, pretend = 0, frame = 0
 168              		@ frame_needed = 1, uses_anonymous_args = 0
 169 0000 80B5     		push	{r7, lr}
 170              	.LCFI4:
 171              		.cfi_def_cfa_offset 8
 172 0002 00AF     		add	r7, sp, #0
 173              		.cfi_offset 14, -4
 174              		.cfi_offset 7, -8
 175              	.LCFI5:
 176              		.cfi_def_cfa_register 7
 172:.\Generated_Source\PSoC5/uart_PM.c **** 
 173:.\Generated_Source\PSoC5/uart_PM.c ****     #if(uart_RX_ENABLED || uart_HD_ENABLED)
 174:.\Generated_Source\PSoC5/uart_PM.c ****         if((uart_RXSTATUS_ACTL_REG  & uart_INT_ENABLE) != 0u)
 177              		.loc 1 174 0
 178 0004 46F29753 		movw	r3, #:lower16:1073767831
 179 0008 C4F20003 		movt	r3, #:upper16:1073767831
 180 000c 1B78     		ldrb	r3, [r3, #0]
 181 000e DBB2     		uxtb	r3, r3
 182 0010 03F01003 		and	r3, r3, #16
 183 0014 002B     		cmp	r3, #0
 184 0016 07D0     		beq	.L6
 175:.\Generated_Source\PSoC5/uart_PM.c ****         {
 176:.\Generated_Source\PSoC5/uart_PM.c ****             uart_backup.enableState = 1u;
 185              		.loc 1 176 0
 186 0018 40F20003 		movw	r3, #:lower16:uart_backup
 187 001c C0F20003 		movt	r3, #:upper16:uart_backup
 188 0020 4FF00102 		mov	r2, #1
 189 0024 1A70     		strb	r2, [r3, #0]
 190 0026 06E0     		b	.L7
 191              	.L6:
 177:.\Generated_Source\PSoC5/uart_PM.c ****         }
 178:.\Generated_Source\PSoC5/uart_PM.c ****         else
 179:.\Generated_Source\PSoC5/uart_PM.c ****         {
 180:.\Generated_Source\PSoC5/uart_PM.c ****             uart_backup.enableState = 0u;
 192              		.loc 1 180 0
 193 0028 40F20003 		movw	r3, #:lower16:uart_backup
 194 002c C0F20003 		movt	r3, #:upper16:uart_backup
 195 0030 4FF00002 		mov	r2, #0
 196 0034 1A70     		strb	r2, [r3, #0]
 197              	.L7:
 181:.\Generated_Source\PSoC5/uart_PM.c ****         }
 182:.\Generated_Source\PSoC5/uart_PM.c ****     #else
 183:.\Generated_Source\PSoC5/uart_PM.c ****         if((uart_TXSTATUS_ACTL_REG  & uart_INT_ENABLE) !=0u)
 184:.\Generated_Source\PSoC5/uart_PM.c ****         {
 185:.\Generated_Source\PSoC5/uart_PM.c ****             uart_backup.enableState = 1u;
 186:.\Generated_Source\PSoC5/uart_PM.c ****         }
 187:.\Generated_Source\PSoC5/uart_PM.c ****         else
 188:.\Generated_Source\PSoC5/uart_PM.c ****         {
 189:.\Generated_Source\PSoC5/uart_PM.c ****             uart_backup.enableState = 0u;
 190:.\Generated_Source\PSoC5/uart_PM.c ****         }
 191:.\Generated_Source\PSoC5/uart_PM.c ****     #endif /* End uart_RX_ENABLED || uart_HD_ENABLED*/
 192:.\Generated_Source\PSoC5/uart_PM.c **** 
 193:.\Generated_Source\PSoC5/uart_PM.c ****     uart_Stop();
 198              		.loc 1 193 0
 199 0036 FFF7FEFF 		bl	uart_Stop
 194:.\Generated_Source\PSoC5/uart_PM.c ****     uart_SaveConfig();
 200              		.loc 1 194 0
ARM GAS  C:\Users\karunmj\AppData\Local\Temp\cc2bAePi.s 			page 8


 201 003a FFF7FEFF 		bl	uart_SaveConfig
 195:.\Generated_Source\PSoC5/uart_PM.c **** }
 202              		.loc 1 195 0
 203 003e 80BD     		pop	{r7, pc}
 204              		.cfi_endproc
 205              	.LFE2:
 206              		.size	uart_Sleep, .-uart_Sleep
 207              		.section	.text.uart_Wakeup,"ax",%progbits
 208              		.align	2
 209              		.global	uart_Wakeup
 210              		.thumb
 211              		.thumb_func
 212              		.type	uart_Wakeup, %function
 213              	uart_Wakeup:
 214              	.LFB3:
 196:.\Generated_Source\PSoC5/uart_PM.c **** 
 197:.\Generated_Source\PSoC5/uart_PM.c **** 
 198:.\Generated_Source\PSoC5/uart_PM.c **** /*******************************************************************************
 199:.\Generated_Source\PSoC5/uart_PM.c **** * Function Name: uart_Wakeup
 200:.\Generated_Source\PSoC5/uart_PM.c **** ********************************************************************************
 201:.\Generated_Source\PSoC5/uart_PM.c **** *
 202:.\Generated_Source\PSoC5/uart_PM.c **** * Summary:
 203:.\Generated_Source\PSoC5/uart_PM.c **** *  Restores and enables the user configuration. Should be called
 204:.\Generated_Source\PSoC5/uart_PM.c **** *  just after awaking from sleep.
 205:.\Generated_Source\PSoC5/uart_PM.c **** *
 206:.\Generated_Source\PSoC5/uart_PM.c **** * Parameters:
 207:.\Generated_Source\PSoC5/uart_PM.c **** *  None.
 208:.\Generated_Source\PSoC5/uart_PM.c **** *
 209:.\Generated_Source\PSoC5/uart_PM.c **** * Return:
 210:.\Generated_Source\PSoC5/uart_PM.c **** *  None.
 211:.\Generated_Source\PSoC5/uart_PM.c **** *
 212:.\Generated_Source\PSoC5/uart_PM.c **** * Global Variables:
 213:.\Generated_Source\PSoC5/uart_PM.c **** *  uart_backup - used when non-retention registers are restored.
 214:.\Generated_Source\PSoC5/uart_PM.c **** *
 215:.\Generated_Source\PSoC5/uart_PM.c **** * Reentrant:
 216:.\Generated_Source\PSoC5/uart_PM.c **** *  No.
 217:.\Generated_Source\PSoC5/uart_PM.c **** *
 218:.\Generated_Source\PSoC5/uart_PM.c **** *******************************************************************************/
 219:.\Generated_Source\PSoC5/uart_PM.c **** void uart_Wakeup(void)
 220:.\Generated_Source\PSoC5/uart_PM.c **** {
 215              		.loc 1 220 0
 216              		.cfi_startproc
 217              		@ args = 0, pretend = 0, frame = 0
 218              		@ frame_needed = 1, uses_anonymous_args = 0
 219 0000 80B5     		push	{r7, lr}
 220              	.LCFI6:
 221              		.cfi_def_cfa_offset 8
 222 0002 00AF     		add	r7, sp, #0
 223              		.cfi_offset 14, -4
 224              		.cfi_offset 7, -8
 225              	.LCFI7:
 226              		.cfi_def_cfa_register 7
 221:.\Generated_Source\PSoC5/uart_PM.c ****     uart_RestoreConfig();
 227              		.loc 1 221 0
 228 0004 FFF7FEFF 		bl	uart_RestoreConfig
 222:.\Generated_Source\PSoC5/uart_PM.c ****     #if( (uart_RX_ENABLED) || (uart_HD_ENABLED) )
 223:.\Generated_Source\PSoC5/uart_PM.c ****         uart_ClearRxBuffer();
ARM GAS  C:\Users\karunmj\AppData\Local\Temp\cc2bAePi.s 			page 9


 229              		.loc 1 223 0
 230 0008 FFF7FEFF 		bl	uart_ClearRxBuffer
 224:.\Generated_Source\PSoC5/uart_PM.c ****     #endif /* End (uart_RX_ENABLED) || (uart_HD_ENABLED) */
 225:.\Generated_Source\PSoC5/uart_PM.c ****     #if(uart_TX_ENABLED || uart_HD_ENABLED)
 226:.\Generated_Source\PSoC5/uart_PM.c ****         uart_ClearTxBuffer();
 231              		.loc 1 226 0
 232 000c FFF7FEFF 		bl	uart_ClearTxBuffer
 227:.\Generated_Source\PSoC5/uart_PM.c ****     #endif /* End uart_TX_ENABLED || uart_HD_ENABLED */
 228:.\Generated_Source\PSoC5/uart_PM.c **** 
 229:.\Generated_Source\PSoC5/uart_PM.c ****     if(uart_backup.enableState != 0u)
 233              		.loc 1 229 0
 234 0010 40F20003 		movw	r3, #:lower16:uart_backup
 235 0014 C0F20003 		movt	r3, #:upper16:uart_backup
 236 0018 1B78     		ldrb	r3, [r3, #0]	@ zero_extendqisi2
 237 001a 002B     		cmp	r3, #0
 238 001c 01D0     		beq	.L11
 230:.\Generated_Source\PSoC5/uart_PM.c ****     {
 231:.\Generated_Source\PSoC5/uart_PM.c ****         uart_Enable();
 239              		.loc 1 231 0
 240 001e FFF7FEFF 		bl	uart_Enable
 241              	.L11:
 232:.\Generated_Source\PSoC5/uart_PM.c ****     }
 233:.\Generated_Source\PSoC5/uart_PM.c **** }
 242              		.loc 1 233 0
 243 0022 80BD     		pop	{r7, pc}
 244              		.cfi_endproc
 245              	.LFE3:
 246              		.size	uart_Wakeup, .-uart_Wakeup
 247              		.text
 248              	.Letext0:
 249              		.section	.debug_loc,"",%progbits
 250              	.Ldebug_loc0:
 251              	.LLST0:
 252 0000 00000000 		.4byte	.LFB0
 253 0004 02000000 		.4byte	.LCFI0
 254 0008 0100     		.2byte	0x1
 255 000a 5D       		.byte	0x5d
 256 000b 02000000 		.4byte	.LCFI0
 257 000f 04000000 		.4byte	.LCFI1
 258 0013 0200     		.2byte	0x2
 259 0015 7D       		.byte	0x7d
 260 0016 04       		.sleb128 4
 261 0017 04000000 		.4byte	.LCFI1
 262 001b 78000000 		.4byte	.LFE0
 263 001f 0200     		.2byte	0x2
 264 0021 77       		.byte	0x77
 265 0022 04       		.sleb128 4
 266 0023 00000000 		.4byte	0x0
 267 0027 00000000 		.4byte	0x0
 268              	.LLST1:
 269 002b 00000000 		.4byte	.LFB1
 270 002f 02000000 		.4byte	.LCFI2
 271 0033 0100     		.2byte	0x1
 272 0035 5D       		.byte	0x5d
 273 0036 02000000 		.4byte	.LCFI2
 274 003a 04000000 		.4byte	.LCFI3
 275 003e 0200     		.2byte	0x2
ARM GAS  C:\Users\karunmj\AppData\Local\Temp\cc2bAePi.s 			page 10


 276 0040 7D       		.byte	0x7d
 277 0041 04       		.sleb128 4
 278 0042 04000000 		.4byte	.LCFI3
 279 0046 6E000000 		.4byte	.LFE1
 280 004a 0200     		.2byte	0x2
 281 004c 77       		.byte	0x77
 282 004d 04       		.sleb128 4
 283 004e 00000000 		.4byte	0x0
 284 0052 00000000 		.4byte	0x0
 285              	.LLST2:
 286 0056 00000000 		.4byte	.LFB2
 287 005a 02000000 		.4byte	.LCFI4
 288 005e 0100     		.2byte	0x1
 289 0060 5D       		.byte	0x5d
 290 0061 02000000 		.4byte	.LCFI4
 291 0065 04000000 		.4byte	.LCFI5
 292 0069 0200     		.2byte	0x2
 293 006b 7D       		.byte	0x7d
 294 006c 08       		.sleb128 8
 295 006d 04000000 		.4byte	.LCFI5
 296 0071 40000000 		.4byte	.LFE2
 297 0075 0200     		.2byte	0x2
 298 0077 77       		.byte	0x77
 299 0078 08       		.sleb128 8
 300 0079 00000000 		.4byte	0x0
 301 007d 00000000 		.4byte	0x0
 302              	.LLST3:
 303 0081 00000000 		.4byte	.LFB3
 304 0085 02000000 		.4byte	.LCFI6
 305 0089 0100     		.2byte	0x1
 306 008b 5D       		.byte	0x5d
 307 008c 02000000 		.4byte	.LCFI6
 308 0090 04000000 		.4byte	.LCFI7
 309 0094 0200     		.2byte	0x2
 310 0096 7D       		.byte	0x7d
 311 0097 08       		.sleb128 8
 312 0098 04000000 		.4byte	.LCFI7
 313 009c 24000000 		.4byte	.LFE3
 314 00a0 0200     		.2byte	0x2
 315 00a2 77       		.byte	0x77
 316 00a3 08       		.sleb128 8
 317 00a4 00000000 		.4byte	0x0
 318 00a8 00000000 		.4byte	0x0
 319              		.file 2 ".\\Generated_Source\\PSoC5\\/uart.h"
 320              		.file 3 ".\\Generated_Source\\PSoC5\\/cytypes.h"
 321              		.section	.debug_info
 322 0000 60010000 		.4byte	0x160
 323 0004 0200     		.2byte	0x2
 324 0006 00000000 		.4byte	.Ldebug_abbrev0
 325 000a 04       		.byte	0x4
 326 000b 01       		.uleb128 0x1
 327 000c 5E010000 		.4byte	.LASF24
 328 0010 01       		.byte	0x1
 329 0011 46000000 		.4byte	.LASF25
 330 0015 10010000 		.4byte	.LASF26
 331 0019 00000000 		.4byte	0x0
 332 001d 00000000 		.4byte	0x0
ARM GAS  C:\Users\karunmj\AppData\Local\Temp\cc2bAePi.s 			page 11


 333 0021 00000000 		.4byte	.Ldebug_ranges0+0x0
 334 0025 00000000 		.4byte	.Ldebug_line0
 335 0029 02       		.uleb128 0x2
 336 002a 01       		.byte	0x1
 337 002b 06       		.byte	0x6
 338 002c 7D010000 		.4byte	.LASF0
 339 0030 02       		.uleb128 0x2
 340 0031 01       		.byte	0x1
 341 0032 08       		.byte	0x8
 342 0033 ED000000 		.4byte	.LASF1
 343 0037 02       		.uleb128 0x2
 344 0038 02       		.byte	0x2
 345 0039 05       		.byte	0x5
 346 003a A2010000 		.4byte	.LASF2
 347 003e 02       		.uleb128 0x2
 348 003f 02       		.byte	0x2
 349 0040 07       		.byte	0x7
 350 0041 6A010000 		.4byte	.LASF3
 351 0045 02       		.uleb128 0x2
 352 0046 04       		.byte	0x4
 353 0047 05       		.byte	0x5
 354 0048 00010000 		.4byte	.LASF4
 355 004c 02       		.uleb128 0x2
 356 004d 04       		.byte	0x4
 357 004e 07       		.byte	0x7
 358 004f 77000000 		.4byte	.LASF5
 359 0053 02       		.uleb128 0x2
 360 0054 08       		.byte	0x8
 361 0055 05       		.byte	0x5
 362 0056 00000000 		.4byte	.LASF6
 363 005a 02       		.uleb128 0x2
 364 005b 08       		.byte	0x8
 365 005c 07       		.byte	0x7
 366 005d 93000000 		.4byte	.LASF7
 367 0061 03       		.uleb128 0x3
 368 0062 04       		.byte	0x4
 369 0063 05       		.byte	0x5
 370 0064 696E7400 		.ascii	"int\000"
 371 0068 02       		.uleb128 0x2
 372 0069 04       		.byte	0x4
 373 006a 07       		.byte	0x7
 374 006b 1A000000 		.4byte	.LASF8
 375 006f 04       		.uleb128 0x4
 376 0070 71000000 		.4byte	.LASF18
 377 0074 03       		.byte	0x3
 378 0075 4C       		.byte	0x4c
 379 0076 30000000 		.4byte	0x30
 380 007a 02       		.uleb128 0x2
 381 007b 04       		.byte	0x4
 382 007c 04       		.byte	0x4
 383 007d 9C010000 		.4byte	.LASF9
 384 0081 02       		.uleb128 0x2
 385 0082 08       		.byte	0x8
 386 0083 04       		.byte	0x4
 387 0084 09010000 		.4byte	.LASF10
 388 0088 02       		.uleb128 0x2
 389 0089 01       		.byte	0x1
ARM GAS  C:\Users\karunmj\AppData\Local\Temp\cc2bAePi.s 			page 12


 390 008a 08       		.byte	0x8
 391 008b FB000000 		.4byte	.LASF11
 392 008f 05       		.uleb128 0x5
 393 0090 04       		.byte	0x4
 394 0091 07       		.byte	0x7
 395 0092 06       		.uleb128 0x6
 396 0093 27000000 		.4byte	.LASF27
 397 0097 06       		.byte	0x6
 398 0098 02       		.byte	0x2
 399 0099 46       		.byte	0x46
 400 009a F3000000 		.4byte	0xf3
 401 009e 07       		.uleb128 0x7
 402 009f 0E000000 		.4byte	.LASF12
 403 00a3 02       		.byte	0x2
 404 00a4 47       		.byte	0x47
 405 00a5 6F000000 		.4byte	0x6f
 406 00a9 02       		.byte	0x2
 407 00aa 23       		.byte	0x23
 408 00ab 00       		.uleb128 0x0
 409 00ac 07       		.uleb128 0x7
 410 00ad 89000000 		.4byte	.LASF13
 411 00b1 02       		.byte	0x2
 412 00b2 4D       		.byte	0x4d
 413 00b3 6F000000 		.4byte	0x6f
 414 00b7 02       		.byte	0x2
 415 00b8 23       		.byte	0x23
 416 00b9 01       		.uleb128 0x1
 417 00ba 07       		.uleb128 0x7
 418 00bb 89010000 		.4byte	.LASF14
 419 00bf 02       		.byte	0x2
 420 00c0 4F       		.byte	0x4f
 421 00c1 6F000000 		.4byte	0x6f
 422 00c5 02       		.byte	0x2
 423 00c6 23       		.byte	0x23
 424 00c7 02       		.uleb128 0x2
 425 00c8 07       		.uleb128 0x7
 426 00c9 91010000 		.4byte	.LASF15
 427 00cd 02       		.byte	0x2
 428 00ce 59       		.byte	0x59
 429 00cf 6F000000 		.4byte	0x6f
 430 00d3 02       		.byte	0x2
 431 00d4 23       		.byte	0x23
 432 00d5 03       		.uleb128 0x3
 433 00d6 07       		.uleb128 0x7
 434 00d7 E0000000 		.4byte	.LASF16
 435 00db 02       		.byte	0x2
 436 00dc 5B       		.byte	0x5b
 437 00dd 6F000000 		.4byte	0x6f
 438 00e1 02       		.byte	0x2
 439 00e2 23       		.byte	0x23
 440 00e3 04       		.uleb128 0x4
 441 00e4 07       		.uleb128 0x7
 442 00e5 69000000 		.4byte	.LASF17
 443 00e9 02       		.byte	0x2
 444 00ea 61       		.byte	0x61
 445 00eb 6F000000 		.4byte	0x6f
 446 00ef 02       		.byte	0x2
ARM GAS  C:\Users\karunmj\AppData\Local\Temp\cc2bAePi.s 			page 13


 447 00f0 23       		.byte	0x23
 448 00f1 05       		.uleb128 0x5
 449 00f2 00       		.byte	0x0
 450 00f3 04       		.uleb128 0x4
 451 00f4 AA000000 		.4byte	.LASF19
 452 00f8 02       		.byte	0x2
 453 00f9 64       		.byte	0x64
 454 00fa 92000000 		.4byte	0x92
 455 00fe 08       		.uleb128 0x8
 456 00ff 01       		.byte	0x1
 457 0100 BD000000 		.4byte	.LASF20
 458 0104 01       		.byte	0x1
 459 0105 34       		.byte	0x34
 460 0106 01       		.byte	0x1
 461 0107 00000000 		.4byte	.LFB0
 462 010b 78000000 		.4byte	.LFE0
 463 010f 00000000 		.4byte	.LLST0
 464 0113 08       		.uleb128 0x8
 465 0114 01       		.byte	0x1
 466 0115 CD000000 		.4byte	.LASF21
 467 0119 01       		.byte	0x1
 468 011a 6E       		.byte	0x6e
 469 011b 01       		.byte	0x1
 470 011c 00000000 		.4byte	.LFB1
 471 0120 6E000000 		.4byte	.LFE1
 472 0124 2B000000 		.4byte	.LLST1
 473 0128 08       		.uleb128 0x8
 474 0129 01       		.byte	0x1
 475 012a B8010000 		.4byte	.LASF22
 476 012e 01       		.byte	0x1
 477 012f AA       		.byte	0xaa
 478 0130 01       		.byte	0x1
 479 0131 00000000 		.4byte	.LFB2
 480 0135 40000000 		.4byte	.LFE2
 481 0139 56000000 		.4byte	.LLST2
 482 013d 08       		.uleb128 0x8
 483 013e 01       		.byte	0x1
 484 013f 3A000000 		.4byte	.LASF23
 485 0143 01       		.byte	0x1
 486 0144 DB       		.byte	0xdb
 487 0145 01       		.byte	0x1
 488 0146 00000000 		.4byte	.LFB3
 489 014a 24000000 		.4byte	.LFE3
 490 014e 81000000 		.4byte	.LLST3
 491 0152 09       		.uleb128 0x9
 492 0153 AC010000 		.4byte	.LASF28
 493 0157 01       		.byte	0x1
 494 0158 18       		.byte	0x18
 495 0159 F3000000 		.4byte	0xf3
 496 015d 05       		.byte	0x5
 497 015e 03       		.byte	0x3
 498 015f 00000000 		.4byte	uart_backup
 499 0163 00       		.byte	0x0
 500              		.section	.debug_abbrev
 501 0000 01       		.uleb128 0x1
 502 0001 11       		.uleb128 0x11
 503 0002 01       		.byte	0x1
ARM GAS  C:\Users\karunmj\AppData\Local\Temp\cc2bAePi.s 			page 14


 504 0003 25       		.uleb128 0x25
 505 0004 0E       		.uleb128 0xe
 506 0005 13       		.uleb128 0x13
 507 0006 0B       		.uleb128 0xb
 508 0007 03       		.uleb128 0x3
 509 0008 0E       		.uleb128 0xe
 510 0009 1B       		.uleb128 0x1b
 511 000a 0E       		.uleb128 0xe
 512 000b 11       		.uleb128 0x11
 513 000c 01       		.uleb128 0x1
 514 000d 52       		.uleb128 0x52
 515 000e 01       		.uleb128 0x1
 516 000f 55       		.uleb128 0x55
 517 0010 06       		.uleb128 0x6
 518 0011 10       		.uleb128 0x10
 519 0012 06       		.uleb128 0x6
 520 0013 00       		.byte	0x0
 521 0014 00       		.byte	0x0
 522 0015 02       		.uleb128 0x2
 523 0016 24       		.uleb128 0x24
 524 0017 00       		.byte	0x0
 525 0018 0B       		.uleb128 0xb
 526 0019 0B       		.uleb128 0xb
 527 001a 3E       		.uleb128 0x3e
 528 001b 0B       		.uleb128 0xb
 529 001c 03       		.uleb128 0x3
 530 001d 0E       		.uleb128 0xe
 531 001e 00       		.byte	0x0
 532 001f 00       		.byte	0x0
 533 0020 03       		.uleb128 0x3
 534 0021 24       		.uleb128 0x24
 535 0022 00       		.byte	0x0
 536 0023 0B       		.uleb128 0xb
 537 0024 0B       		.uleb128 0xb
 538 0025 3E       		.uleb128 0x3e
 539 0026 0B       		.uleb128 0xb
 540 0027 03       		.uleb128 0x3
 541 0028 08       		.uleb128 0x8
 542 0029 00       		.byte	0x0
 543 002a 00       		.byte	0x0
 544 002b 04       		.uleb128 0x4
 545 002c 16       		.uleb128 0x16
 546 002d 00       		.byte	0x0
 547 002e 03       		.uleb128 0x3
 548 002f 0E       		.uleb128 0xe
 549 0030 3A       		.uleb128 0x3a
 550 0031 0B       		.uleb128 0xb
 551 0032 3B       		.uleb128 0x3b
 552 0033 0B       		.uleb128 0xb
 553 0034 49       		.uleb128 0x49
 554 0035 13       		.uleb128 0x13
 555 0036 00       		.byte	0x0
 556 0037 00       		.byte	0x0
 557 0038 05       		.uleb128 0x5
 558 0039 24       		.uleb128 0x24
 559 003a 00       		.byte	0x0
 560 003b 0B       		.uleb128 0xb
ARM GAS  C:\Users\karunmj\AppData\Local\Temp\cc2bAePi.s 			page 15


 561 003c 0B       		.uleb128 0xb
 562 003d 3E       		.uleb128 0x3e
 563 003e 0B       		.uleb128 0xb
 564 003f 00       		.byte	0x0
 565 0040 00       		.byte	0x0
 566 0041 06       		.uleb128 0x6
 567 0042 13       		.uleb128 0x13
 568 0043 01       		.byte	0x1
 569 0044 03       		.uleb128 0x3
 570 0045 0E       		.uleb128 0xe
 571 0046 0B       		.uleb128 0xb
 572 0047 0B       		.uleb128 0xb
 573 0048 3A       		.uleb128 0x3a
 574 0049 0B       		.uleb128 0xb
 575 004a 3B       		.uleb128 0x3b
 576 004b 0B       		.uleb128 0xb
 577 004c 01       		.uleb128 0x1
 578 004d 13       		.uleb128 0x13
 579 004e 00       		.byte	0x0
 580 004f 00       		.byte	0x0
 581 0050 07       		.uleb128 0x7
 582 0051 0D       		.uleb128 0xd
 583 0052 00       		.byte	0x0
 584 0053 03       		.uleb128 0x3
 585 0054 0E       		.uleb128 0xe
 586 0055 3A       		.uleb128 0x3a
 587 0056 0B       		.uleb128 0xb
 588 0057 3B       		.uleb128 0x3b
 589 0058 0B       		.uleb128 0xb
 590 0059 49       		.uleb128 0x49
 591 005a 13       		.uleb128 0x13
 592 005b 38       		.uleb128 0x38
 593 005c 0A       		.uleb128 0xa
 594 005d 00       		.byte	0x0
 595 005e 00       		.byte	0x0
 596 005f 08       		.uleb128 0x8
 597 0060 2E       		.uleb128 0x2e
 598 0061 00       		.byte	0x0
 599 0062 3F       		.uleb128 0x3f
 600 0063 0C       		.uleb128 0xc
 601 0064 03       		.uleb128 0x3
 602 0065 0E       		.uleb128 0xe
 603 0066 3A       		.uleb128 0x3a
 604 0067 0B       		.uleb128 0xb
 605 0068 3B       		.uleb128 0x3b
 606 0069 0B       		.uleb128 0xb
 607 006a 27       		.uleb128 0x27
 608 006b 0C       		.uleb128 0xc
 609 006c 11       		.uleb128 0x11
 610 006d 01       		.uleb128 0x1
 611 006e 12       		.uleb128 0x12
 612 006f 01       		.uleb128 0x1
 613 0070 40       		.uleb128 0x40
 614 0071 06       		.uleb128 0x6
 615 0072 00       		.byte	0x0
 616 0073 00       		.byte	0x0
 617 0074 09       		.uleb128 0x9
ARM GAS  C:\Users\karunmj\AppData\Local\Temp\cc2bAePi.s 			page 16


 618 0075 34       		.uleb128 0x34
 619 0076 00       		.byte	0x0
 620 0077 03       		.uleb128 0x3
 621 0078 0E       		.uleb128 0xe
 622 0079 3A       		.uleb128 0x3a
 623 007a 0B       		.uleb128 0xb
 624 007b 3B       		.uleb128 0x3b
 625 007c 0B       		.uleb128 0xb
 626 007d 49       		.uleb128 0x49
 627 007e 13       		.uleb128 0x13
 628 007f 02       		.uleb128 0x2
 629 0080 0A       		.uleb128 0xa
 630 0081 00       		.byte	0x0
 631 0082 00       		.byte	0x0
 632 0083 00       		.byte	0x0
 633              		.section	.debug_pubnames,"",%progbits
 634 0000 58000000 		.4byte	0x58
 635 0004 0200     		.2byte	0x2
 636 0006 00000000 		.4byte	.Ldebug_info0
 637 000a 64010000 		.4byte	0x164
 638 000e FE000000 		.4byte	0xfe
 639 0012 75617274 		.ascii	"uart_SaveConfig\000"
 639      5F536176 
 639      65436F6E 
 639      66696700 
 640 0022 13010000 		.4byte	0x113
 641 0026 75617274 		.ascii	"uart_RestoreConfig\000"
 641      5F526573 
 641      746F7265 
 641      436F6E66 
 641      696700
 642 0039 28010000 		.4byte	0x128
 643 003d 75617274 		.ascii	"uart_Sleep\000"
 643      5F536C65 
 643      657000
 644 0048 3D010000 		.4byte	0x13d
 645 004c 75617274 		.ascii	"uart_Wakeup\000"
 645      5F57616B 
 645      65757000 
 646 0058 00000000 		.4byte	0x0
 647              		.section	.debug_aranges,"",%progbits
 648 0000 34000000 		.4byte	0x34
 649 0004 0200     		.2byte	0x2
 650 0006 00000000 		.4byte	.Ldebug_info0
 651 000a 04       		.byte	0x4
 652 000b 00       		.byte	0x0
 653 000c 0000     		.2byte	0x0
 654 000e 0000     		.2byte	0x0
 655 0010 00000000 		.4byte	.LFB0
 656 0014 78000000 		.4byte	.LFE0-.LFB0
 657 0018 00000000 		.4byte	.LFB1
 658 001c 6E000000 		.4byte	.LFE1-.LFB1
 659 0020 00000000 		.4byte	.LFB2
 660 0024 40000000 		.4byte	.LFE2-.LFB2
 661 0028 00000000 		.4byte	.LFB3
 662 002c 24000000 		.4byte	.LFE3-.LFB3
 663 0030 00000000 		.4byte	0x0
ARM GAS  C:\Users\karunmj\AppData\Local\Temp\cc2bAePi.s 			page 17


 664 0034 00000000 		.4byte	0x0
 665              		.section	.debug_ranges,"",%progbits
 666              	.Ldebug_ranges0:
 667 0000 00000000 		.4byte	.Ltext0
 668 0004 00000000 		.4byte	.Letext0
 669 0008 00000000 		.4byte	.LFB0
 670 000c 78000000 		.4byte	.LFE0
 671 0010 00000000 		.4byte	.LFB1
 672 0014 6E000000 		.4byte	.LFE1
 673 0018 00000000 		.4byte	.LFB2
 674 001c 40000000 		.4byte	.LFE2
 675 0020 00000000 		.4byte	.LFB3
 676 0024 24000000 		.4byte	.LFE3
 677 0028 00000000 		.4byte	0x0
 678 002c 00000000 		.4byte	0x0
 679              		.section	.debug_str,"MS",%progbits,1
 680              	.LASF6:
 681 0000 6C6F6E67 		.ascii	"long long int\000"
 681      206C6F6E 
 681      6720696E 
 681      7400
 682              	.LASF12:
 683 000e 656E6162 		.ascii	"enableState\000"
 683      6C655374 
 683      61746500 
 684              	.LASF8:
 685 001a 756E7369 		.ascii	"unsigned int\000"
 685      676E6564 
 685      20696E74 
 685      00
 686              	.LASF27:
 687 0027 75617274 		.ascii	"uart_backupStruct_\000"
 687      5F626163 
 687      6B757053 
 687      74727563 
 687      745F00
 688              	.LASF23:
 689 003a 75617274 		.ascii	"uart_Wakeup\000"
 689      5F57616B 
 689      65757000 
 690              	.LASF25:
 691 0046 2E5C4765 		.ascii	".\\Generated_Source\\PSoC5\\uart_PM.c\000"
 691      6E657261 
 691      7465645F 
 691      536F7572 
 691      63655C50 
 692              	.LASF17:
 693 0069 74785F6D 		.ascii	"tx_mask\000"
 693      61736B00 
 694              	.LASF18:
 695 0071 75696E74 		.ascii	"uint8\000"
 695      3800
 696              	.LASF5:
 697 0077 6C6F6E67 		.ascii	"long unsigned int\000"
 697      20756E73 
 697      69676E65 
 697      6420696E 
ARM GAS  C:\Users\karunmj\AppData\Local\Temp\cc2bAePi.s 			page 18


 697      7400
 698              	.LASF13:
 699 0089 72785F70 		.ascii	"rx_period\000"
 699      6572696F 
 699      6400
 700              	.LASF7:
 701 0093 6C6F6E67 		.ascii	"long long unsigned int\000"
 701      206C6F6E 
 701      6720756E 
 701      7369676E 
 701      65642069 
 702              	.LASF19:
 703 00aa 75617274 		.ascii	"uart_BACKUP_STRUCT\000"
 703      5F424143 
 703      4B55505F 
 703      53545255 
 703      435400
 704              	.LASF20:
 705 00bd 75617274 		.ascii	"uart_SaveConfig\000"
 705      5F536176 
 705      65436F6E 
 705      66696700 
 706              	.LASF21:
 707 00cd 75617274 		.ascii	"uart_RestoreConfig\000"
 707      5F526573 
 707      746F7265 
 707      436F6E66 
 707      696700
 708              	.LASF16:
 709 00e0 74785F63 		.ascii	"tx_clk_compl\000"
 709      6C6B5F63 
 709      6F6D706C 
 709      00
 710              	.LASF1:
 711 00ed 756E7369 		.ascii	"unsigned char\000"
 711      676E6564 
 711      20636861 
 711      7200
 712              	.LASF11:
 713 00fb 63686172 		.ascii	"char\000"
 713      00
 714              	.LASF4:
 715 0100 6C6F6E67 		.ascii	"long int\000"
 715      20696E74 
 715      00
 716              	.LASF10:
 717 0109 646F7562 		.ascii	"double\000"
 717      6C6500
 718              	.LASF26:
 719 0110 433A5C55 		.ascii	"C:\\Users\\karunmj\\Google Drive\\SURE\\Resources\\"
 719      73657273 
 719      5C6B6172 
 719      756E6D6A 
 719      5C476F6F 
 720 013d 50536F43 		.ascii	"PSoC\\PSoC5\\PSoC_Datalogger.cydsn\000"
 720      5C50536F 
 720      43355C50 
ARM GAS  C:\Users\karunmj\AppData\Local\Temp\cc2bAePi.s 			page 19


 720      536F435F 
 720      44617461 
 721              	.LASF24:
 722 015e 474E5520 		.ascii	"GNU C 4.4.1\000"
 722      4320342E 
 722      342E3100 
 723              	.LASF3:
 724 016a 73686F72 		.ascii	"short unsigned int\000"
 724      7420756E 
 724      7369676E 
 724      65642069 
 724      6E7400
 725              	.LASF0:
 726 017d 7369676E 		.ascii	"signed char\000"
 726      65642063 
 726      68617200 
 727              	.LASF14:
 728 0189 72785F6D 		.ascii	"rx_mask\000"
 728      61736B00 
 729              	.LASF15:
 730 0191 74785F63 		.ascii	"tx_clk_ctr\000"
 730      6C6B5F63 
 730      747200
 731              	.LASF9:
 732 019c 666C6F61 		.ascii	"float\000"
 732      7400
 733              	.LASF2:
 734 01a2 73686F72 		.ascii	"short int\000"
 734      7420696E 
 734      7400
 735              	.LASF28:
 736 01ac 75617274 		.ascii	"uart_backup\000"
 736      5F626163 
 736      6B757000 
 737              	.LASF22:
 738 01b8 75617274 		.ascii	"uart_Sleep\000"
 738      5F536C65 
 738      657000
 739              		.ident	"GCC: (Sourcery G++ Lite 2010q1-188) 4.4.1"
