ARM GAS  C:\Users\cps\AppData\Local\Temp\ccr4MvQV.s 			page 1


   1              		.syntax unified
   2              		.cpu cortex-m3
   3              		.fpu softvfp
   4              		.eabi_attribute 20, 1
   5              		.eabi_attribute 21, 1
   6              		.eabi_attribute 23, 3
   7              		.eabi_attribute 24, 1
   8              		.eabi_attribute 25, 1
   9              		.eabi_attribute 26, 1
  10              		.eabi_attribute 30, 1
  11              		.eabi_attribute 34, 1
  12              		.eabi_attribute 18, 4
  13              		.thumb
  14              		.file	"cymetadata.c"
  15              		.text
  16              	.Ltext0:
  17              		.cfi_sections	.debug_frame
  18              		.global	cy_metadata
  19              		.global	cy_meta_flashprotect
  20              		.global	cy_meta_wonvl
  21              		.global	cy_meta_custnvl
  22              		.global	cy_meta_configecc
  23              		.section	.cyconfigecc,"a",%progbits
  24              		.align	2
  25              		.type	cy_meta_configecc, %object
  26              		.size	cy_meta_configecc, 500
  27              	cy_meta_configecc:
  28 0000 01       		.byte	1
  29 0001 52       		.byte	82
  30 0002 00       		.byte	0
  31 0003 40       		.byte	64
  32 0004 02       		.byte	2
  33 0005 64       		.byte	100
  34 0006 00       		.byte	0
  35 0007 40       		.byte	64
  36 0008 29       		.byte	41
  37 0009 00       		.byte	0
  38 000a 01       		.byte	1
  39 000b 40       		.byte	64
  40 000c 27       		.byte	39
  41 000d 01       		.byte	1
  42 000e 01       		.byte	1
  43 000f 40       		.byte	64
  44 0010 06       		.byte	6
  45 0011 02       		.byte	2
  46 0012 01       		.byte	1
  47 0013 40       		.byte	64
  48 0014 36       		.byte	54
  49 0015 03       		.byte	3
  50 0016 01       		.byte	1
  51 0017 40       		.byte	64
  52 0018 01       		.byte	1
  53 0019 05       		.byte	5
  54 001a 01       		.byte	1
  55 001b 40       		.byte	64
  56 001c 05       		.byte	5
  57 001d 40       		.byte	64
ARM GAS  C:\Users\cps\AppData\Local\Temp\ccr4MvQV.s 			page 2


  58 001e 01       		.byte	1
  59 001f 40       		.byte	64
  60 0020 06       		.byte	6
  61 0021 41       		.byte	65
  62 0022 01       		.byte	1
  63 0023 40       		.byte	64
  64 0024 02       		.byte	2
  65 0025 50       		.byte	80
  66 0026 01       		.byte	1
  67 0027 40       		.byte	64
  68 0028 01       		.byte	1
  69 0029 51       		.byte	81
  70 002a 01       		.byte	1
  71 002b 40       		.byte	64
  72 002c 24       		.byte	36
  73 002d 40       		.byte	64
  74 002e 81       		.byte	-127
  75 002f 72       		.byte	114
  76 0030 82       		.byte	-126
  77 0031 38       		.byte	56
  78 0032 80       		.byte	-128
  79 0033 1F       		.byte	31
  80 0034 81       		.byte	-127
  81 0035 54       		.byte	84
  82 0036 83       		.byte	-125
  83 0037 21       		.byte	33
  84 0038 85       		.byte	-123
  85 0039 E7       		.byte	-25
  86 003a 86       		.byte	-122
  87 003b 03       		.byte	3
  88 003c 88       		.byte	-120
  89 003d 1C       		.byte	28
  90 003e 89       		.byte	-119
  91 003f E7       		.byte	-25
  92 0040 8A       		.byte	-118
  93 0041 03       		.byte	3
  94 0042 8C       		.byte	-116
  95 0043 03       		.byte	3
  96 0044 8D       		.byte	-115
  97 0045 80       		.byte	-128
  98 0046 90       		.byte	-112
  99 0047 02       		.byte	2
 100 0048 91       		.byte	-111
 101 0049 18       		.byte	24
 102 004a 94       		.byte	-108
 103 004b 0C       		.byte	12
 104 004c 97       		.byte	-105
 105 004d 18       		.byte	24
 106 004e 98       		.byte	-104
 107 004f 1F       		.byte	31
 108 0050 9B       		.byte	-101
 109 0051 18       		.byte	24
 110 0052 9C       		.byte	-100
 111 0053 13       		.byte	19
 112 0054 9E       		.byte	-98
 113 0055 0C       		.byte	12
 114 0056 A0       		.byte	-96
ARM GAS  C:\Users\cps\AppData\Local\Temp\ccr4MvQV.s 			page 3


 115 0057 08       		.byte	8
 116 0058 A1       		.byte	-95
 117 0059 2A       		.byte	42
 118 005a A3       		.byte	-93
 119 005b 41       		.byte	65
 120 005c A4       		.byte	-92
 121 005d 04       		.byte	4
 122 005e A7       		.byte	-89
 123 005f 18       		.byte	24
 124 0060 A8       		.byte	-88
 125 0061 01       		.byte	1
 126 0062 A9       		.byte	-87
 127 0063 18       		.byte	24
 128 0064 AD       		.byte	-83
 129 0065 19       		.byte	25
 130 0066 AF       		.byte	-81
 131 0067 06       		.byte	6
 132 0068 B1       		.byte	-79
 133 0069 07       		.byte	7
 134 006a B3       		.byte	-77
 135 006b 80       		.byte	-128
 136 006c B4       		.byte	-76
 137 006d 10       		.byte	16
 138 006e B5       		.byte	-75
 139 006f 60       		.byte	96
 140 0070 B6       		.byte	-74
 141 0071 0F       		.byte	15
 142 0072 B7       		.byte	-73
 143 0073 18       		.byte	24
 144 0074 BA       		.byte	-70
 145 0075 80       		.byte	-128
 146 0076 BE       		.byte	-66
 147 0077 10       		.byte	16
 148 0078 D6       		.byte	-42
 149 0079 02       		.byte	2
 150 007a D7       		.byte	-41
 151 007b 12       		.byte	18
 152 007c D8       		.byte	-40
 153 007d 04       		.byte	4
 154 007e D9       		.byte	-39
 155 007f 04       		.byte	4
 156 0080 DB       		.byte	-37
 157 0081 04       		.byte	4
 158 0082 DF       		.byte	-33
 159 0083 01       		.byte	1
 160 0084 04       		.byte	4
 161 0085 80       		.byte	-128
 162 0086 05       		.byte	5
 163 0087 14       		.byte	20
 164 0088 07       		.byte	7
 165 0089 40       		.byte	64
 166 008a 0C       		.byte	12
 167 008b 58       		.byte	88
 168 008c 0D       		.byte	13
 169 008d A0       		.byte	-96
 170 008e 0F       		.byte	15
 171 008f 40       		.byte	64
ARM GAS  C:\Users\cps\AppData\Local\Temp\ccr4MvQV.s 			page 4


 172 0090 17       		.byte	23
 173 0091 25       		.byte	37
 174 0092 1D       		.byte	29
 175 0093 80       		.byte	-128
 176 0094 1E       		.byte	30
 177 0095 0A       		.byte	10
 178 0096 24       		.byte	36
 179 0097 81       		.byte	-127
 180 0098 26       		.byte	38
 181 0099 28       		.byte	40
 182 009a 2C       		.byte	44
 183 009b 10       		.byte	16
 184 009c 2E       		.byte	46
 185 009d 80       		.byte	-128
 186 009e 2F       		.byte	47
 187 009f 48       		.byte	72
 188 00a0 35       		.byte	53
 189 00a1 14       		.byte	20
 190 00a2 36       		.byte	54
 191 00a3 09       		.byte	9
 192 00a4 38       		.byte	56
 193 00a5 80       		.byte	-128
 194 00a6 3A       		.byte	58
 195 00a7 80       		.byte	-128
 196 00a8 3C       		.byte	60
 197 00a9 02       		.byte	2
 198 00aa 3D       		.byte	61
 199 00ab 60       		.byte	96
 200 00ac 3E       		.byte	62
 201 00ad 04       		.byte	4
 202 00ae 48       		.byte	72
 203 00af 01       		.byte	1
 204 00b0 4B       		.byte	75
 205 00b1 40       		.byte	64
 206 00b2 5E       		.byte	94
 207 00b3 08       		.byte	8
 208 00b4 6D       		.byte	109
 209 00b5 60       		.byte	96
 210 00b6 6E       		.byte	110
 211 00b7 04       		.byte	4
 212 00b8 74       		.byte	116
 213 00b9 08       		.byte	8
 214 00ba 76       		.byte	118
 215 00bb 10       		.byte	16
 216 00bc 77       		.byte	119
 217 00bd 05       		.byte	5
 218 00be 83       		.byte	-125
 219 00bf 48       		.byte	72
 220 00c0 86       		.byte	-122
 221 00c1 20       		.byte	32
 222 00c2 87       		.byte	-121
 223 00c3 40       		.byte	64
 224 00c4 C0       		.byte	-64
 225 00c5 F0       		.byte	-16
 226 00c6 C2       		.byte	-62
 227 00c7 F0       		.byte	-16
 228 00c8 C4       		.byte	-60
ARM GAS  C:\Users\cps\AppData\Local\Temp\ccr4MvQV.s 			page 5


 229 00c9 70       		.byte	112
 230 00ca CA       		.byte	-54
 231 00cb F0       		.byte	-16
 232 00cc CC       		.byte	-52
 233 00cd E0       		.byte	-32
 234 00ce CE       		.byte	-50
 235 00cf F0       		.byte	-16
 236 00d0 D6       		.byte	-42
 237 00d1 40       		.byte	64
 238 00d2 83       		.byte	-125
 239 00d3 01       		.byte	1
 240 00d4 87       		.byte	-121
 241 00d5 01       		.byte	1
 242 00d6 B7       		.byte	-73
 243 00d7 01       		.byte	1
 244 00d8 BF       		.byte	-65
 245 00d9 40       		.byte	64
 246 00da D9       		.byte	-39
 247 00db 04       		.byte	4
 248 00dc DF       		.byte	-33
 249 00dd 01       		.byte	1
 250 00de 04       		.byte	4
 251 00df 80       		.byte	-128
 252 00e0 05       		.byte	5
 253 00e1 11       		.byte	17
 254 00e2 06       		.byte	6
 255 00e3 10       		.byte	16
 256 00e4 07       		.byte	7
 257 00e5 10       		.byte	16
 258 00e6 08       		.byte	8
 259 00e7 08       		.byte	8
 260 00e8 09       		.byte	9
 261 00e9 04       		.byte	4
 262 00ea 0C       		.byte	12
 263 00eb 40       		.byte	64
 264 00ec 0D       		.byte	13
 265 00ed 20       		.byte	32
 266 00ee 0F       		.byte	15
 267 00ef 60       		.byte	96
 268 00f0 15       		.byte	21
 269 00f1 80       		.byte	-128
 270 00f2 17       		.byte	23
 271 00f3 25       		.byte	37
 272 00f4 1D       		.byte	29
 273 00f5 99       		.byte	-103
 274 00f6 1F       		.byte	31
 275 00f7 28       		.byte	40
 276 00f8 23       		.byte	35
 277 00f9 01       		.byte	1
 278 00fa 24       		.byte	36
 279 00fb 06       		.byte	6
 280 00fc 25       		.byte	37
 281 00fd 24       		.byte	36
 282 00fe 27       		.byte	39
 283 00ff 40       		.byte	64
 284 0100 2C       		.byte	44
 285 0101 40       		.byte	64
ARM GAS  C:\Users\cps\AppData\Local\Temp\ccr4MvQV.s 			page 6


 286 0102 2F       		.byte	47
 287 0103 28       		.byte	40
 288 0104 37       		.byte	55
 289 0105 55       		.byte	85
 290 0106 38       		.byte	56
 291 0107 02       		.byte	2
 292 0108 39       		.byte	57
 293 0109 04       		.byte	4
 294 010a 3C       		.byte	60
 295 010b 04       		.byte	4
 296 010c 3F       		.byte	63
 297 010d 22       		.byte	34
 298 010e 44       		.byte	68
 299 010f 40       		.byte	64
 300 0110 45       		.byte	69
 301 0111 88       		.byte	-120
 302 0112 4C       		.byte	76
 303 0113 01       		.byte	1
 304 0114 4D       		.byte	77
 305 0115 04       		.byte	4
 306 0116 4E       		.byte	78
 307 0117 08       		.byte	8
 308 0118 4F       		.byte	79
 309 0119 22       		.byte	34
 310 011a 5C       		.byte	92
 311 011b 01       		.byte	1
 312 011c 64       		.byte	100
 313 011d 88       		.byte	-120
 314 011e 67       		.byte	103
 315 011f 01       		.byte	1
 316 0120 80       		.byte	-128
 317 0121 80       		.byte	-128
 318 0122 90       		.byte	-112
 319 0123 81       		.byte	-127
 320 0124 93       		.byte	-109
 321 0125 40       		.byte	64
 322 0126 98       		.byte	-104
 323 0127 40       		.byte	64
 324 0128 9A       		.byte	-102
 325 0129 10       		.byte	16
 326 012a 9B       		.byte	-101
 327 012b 25       		.byte	37
 328 012c 9D       		.byte	-99
 329 012d 10       		.byte	16
 330 012e A2       		.byte	-94
 331 012f 08       		.byte	8
 332 0130 A5       		.byte	-91
 333 0131 20       		.byte	32
 334 0132 A7       		.byte	-89
 335 0133 08       		.byte	8
 336 0134 AF       		.byte	-81
 337 0135 60       		.byte	96
 338 0136 C0       		.byte	-64
 339 0137 F0       		.byte	-16
 340 0138 C2       		.byte	-62
 341 0139 F0       		.byte	-16
 342 013a C4       		.byte	-60
ARM GAS  C:\Users\cps\AppData\Local\Temp\ccr4MvQV.s 			page 7


 343 013b F0       		.byte	-16
 344 013c CA       		.byte	-54
 345 013d E0       		.byte	-32
 346 013e CC       		.byte	-52
 347 013f F0       		.byte	-16
 348 0140 CE       		.byte	-50
 349 0141 E3       		.byte	-29
 350 0142 D0       		.byte	-48
 351 0143 D0       		.byte	-48
 352 0144 D2       		.byte	-46
 353 0145 30       		.byte	48
 354 0146 D6       		.byte	-42
 355 0147 80       		.byte	-128
 356 0148 D8       		.byte	-40
 357 0149 B0       		.byte	-80
 358 014a A9       		.byte	-87
 359 014b 48       		.byte	72
 360 014c 09       		.byte	9
 361 014d 20       		.byte	32
 362 014e 0B       		.byte	11
 363 014f 04       		.byte	4
 364 0150 33       		.byte	51
 365 0151 40       		.byte	64
 366 0152 C2       		.byte	-62
 367 0153 40       		.byte	64
 368 0154 CC       		.byte	-52
 369 0155 10       		.byte	16
 370 0156 83       		.byte	-125
 371 0157 40       		.byte	64
 372 0158 9F       		.byte	-97
 373 0159 40       		.byte	64
 374 015a AD       		.byte	-83
 375 015b 20       		.byte	32
 376 015c AF       		.byte	-81
 377 015d 04       		.byte	4
 378 015e E6       		.byte	-26
 379 015f 80       		.byte	-128
 380 0160 E8       		.byte	-24
 381 0161 50       		.byte	80
 382 0162 00       		.byte	0
 383 0163 01       		.byte	1
 384 0164 08       		.byte	8
 385 0165 01       		.byte	1
 386 0166 00       		.byte	0
 387 0167 03       		.byte	3
 388 0168 00       		.byte	0
 389 0169 00       		.byte	0
 390 016a 10       		.byte	16
 391 016b 08       		.byte	8
 392 016c 60       		.byte	96
 393 016d 06       		.byte	6
 394 016e 00       		.byte	0
 395 016f 31       		.byte	49
 396 0170 70       		.byte	112
 397 0171 00       		.byte	0
 398 0172 08       		.byte	8
 399 0173 11       		.byte	17
ARM GAS  C:\Users\cps\AppData\Local\Temp\ccr4MvQV.s 			page 8


 400 0174 00       		.byte	0
 401 0175 00       		.byte	0
 402 0176 01       		.byte	1
 403 0177 00       		.byte	0
 404 0178 00       		.byte	0
 405 0179 04       		.byte	4
 406 017a 02       		.byte	2
 407 017b 00       		.byte	0
 408 017c 00       		.byte	0
 409 017d 02       		.byte	2
 410 017e 0C       		.byte	12
 411 017f 00       		.byte	0
 412 0180 70       		.byte	112
 413 0181 06       		.byte	6
 414 0182 04       		.byte	4
 415 0183 00       		.byte	0
 416 0184 1C       		.byte	28
 417 0185 00       		.byte	0
 418 0186 60       		.byte	96
 419 0187 08       		.byte	8
 420 0188 40       		.byte	64
 421 0189 31       		.byte	49
 422 018a 00       		.byte	0
 423 018b 06       		.byte	6
 424 018c 20       		.byte	32
 425 018d 16       		.byte	22
 426 018e 00       		.byte	0
 427 018f 21       		.byte	33
 428 0190 10       		.byte	16
 429 0191 37       		.byte	55
 430 0192 82       		.byte	-126
 431 0193 00       		.byte	0
 432 0194 7C       		.byte	124
 433 0195 00       		.byte	0
 434 0196 00       		.byte	0
 435 0197 00       		.byte	0
 436 0198 80       		.byte	-128
 437 0199 20       		.byte	32
 438 019a 00       		.byte	0
 439 019b 08       		.byte	8
 440 019c 7C       		.byte	124
 441 019d 07       		.byte	7
 442 019e 03       		.byte	3
 443 019f 16       		.byte	22
 444 01a0 00       		.byte	0
 445 01a1 02       		.byte	2
 446 01a2 28       		.byte	40
 447 01a3 20       		.byte	32
 448 01a4 00       		.byte	0
 449 01a5 00       		.byte	0
 450 01a6 40       		.byte	64
 451 01a7 04       		.byte	4
 452 01a8 46       		.byte	70
 453 01a9 03       		.byte	3
 454 01aa 05       		.byte	5
 455 01ab 00       		.byte	0
 456 01ac 01       		.byte	1
ARM GAS  C:\Users\cps\AppData\Local\Temp\ccr4MvQV.s 			page 9


 457 01ad EC       		.byte	-20
 458 01ae 00       		.byte	0
 459 01af 00       		.byte	0
 460 01b0 03       		.byte	3
 461 01b1 FF       		.byte	-1
 462 01b2 FF       		.byte	-1
 463 01b3 FF       		.byte	-1
 464 01b4 62       		.byte	98
 465 01b5 A0       		.byte	-96
 466 01b6 F0       		.byte	-16
 467 01b7 41       		.byte	65
 468 01b8 0C       		.byte	12
 469 01b9 00       		.byte	0
 470 01ba 00       		.byte	0
 471 01bb 00       		.byte	0
 472 01bc 18       		.byte	24
 473 01bd 00       		.byte	0
 474 01be 04       		.byte	4
 475 01bf 00       		.byte	0
 476 01c0 04       		.byte	4
 477 01c1 04       		.byte	4
 478 01c2 04       		.byte	4
 479 01c3 04       		.byte	4
 480 01c4 00       		.byte	0
 481 01c5 00       		.byte	0
 482 01c6 00       		.byte	0
 483 01c7 01       		.byte	1
 484 01c8 00       		.byte	0
 485 01c9 00       		.byte	0
 486 01ca 00       		.byte	0
 487 01cb 00       		.byte	0
 488 01cc 00       		.byte	0
 489 01cd 00       		.byte	0
 490 01ce 40       		.byte	64
 491 01cf 02       		.byte	2
 492 01d0 00       		.byte	0
 493 01d1 10       		.byte	16
 494 01d2 30       		.byte	48
 495 01d3 10       		.byte	16
 496 01d4 00       		.byte	0
 497 01d5 10       		.byte	16
 498 01d6 10       		.byte	16
 499 01d7 12       		.byte	18
 500 01d8 00       		.byte	0
 501 01d9 00       		.byte	0
 502 01da 00       		.byte	0
 503 01db 00       		.byte	0
 504 01dc 00       		.byte	0
 505 01dd 00       		.byte	0
 506 01de 00       		.byte	0
 507 01df 00       		.byte	0
 508 01e0 00       		.byte	0
 509 01e1 00       		.byte	0
 510 01e2 00       		.byte	0
 511 01e3 00       		.byte	0
 512 01e4 00       		.byte	0
 513 01e5 00       		.byte	0
ARM GAS  C:\Users\cps\AppData\Local\Temp\ccr4MvQV.s 			page 10


 514 01e6 00       		.byte	0
 515 01e7 00       		.byte	0
 516 01e8 80       		.byte	-128
 517 01e9 00       		.byte	0
 518 01ea 40       		.byte	64
 519 01eb 80       		.byte	-128
 520 01ec 80       		.byte	-128
 521 01ed 00       		.byte	0
 522 01ee 00       		.byte	0
 523 01ef 00       		.byte	0
 524 01f0 00       		.byte	0
 525 01f1 00       		.byte	0
 526 01f2 00       		.byte	0
 527 01f3 00       		.byte	0
 528              		.section	.cywolatch,"a",%progbits
 529              		.align	2
 530              		.type	cy_meta_wonvl, %object
 531              		.size	cy_meta_wonvl, 4
 532              	cy_meta_wonvl:
 533 0000 BC       		.byte	-68
 534 0001 90       		.byte	-112
 535 0002 AC       		.byte	-84
 536 0003 AF       		.byte	-81
 537              		.section	.cycustnvl,"a",%progbits
 538              		.align	2
 539              		.type	cy_meta_custnvl, %object
 540              		.size	cy_meta_custnvl, 4
 541              	cy_meta_custnvl:
 542 0000 00       		.byte	0
 543 0001 00       		.byte	0
 544 0002 40       		.byte	64
 545 0003 05       		.byte	5
 546              		.section	.cymeta,"a",%progbits
 547              		.align	2
 548              		.type	cy_metadata, %object
 549              		.size	cy_metadata, 12
 550              	cy_metadata:
 551 0000 00       		.byte	0
 552 0001 01       		.byte	1
 553 0002 2E       		.byte	46
 554 0003 12       		.byte	18
 555 0004 30       		.byte	48
 556 0005 69       		.byte	105
 557 0006 00       		.byte	0
 558 0007 01       		.byte	1
 559 0008 00       		.byte	0
 560 0009 00       		.byte	0
 561 000a 00       		.byte	0
 562 000b 00       		.byte	0
 563              		.section	.cyflashprotect,"a",%progbits
 564              		.align	2
 565              		.type	cy_meta_flashprotect, %object
 566              		.size	cy_meta_flashprotect, 256
 567              	cy_meta_flashprotect:
 568 0000 00000000 		.space	256
 568      00000000 
 568      00000000 
ARM GAS  C:\Users\cps\AppData\Local\Temp\ccr4MvQV.s 			page 11


 568      00000000 
 568      00000000 
 569              		.text
 570              	.Letext0:
 571              		.file 1 ".\\Generated_Source\\PSoC5\\cymetadata.c"
 572              		.file 2 ".\\Generated_Source\\PSoC5\\cytypes.h"
 573              		.section	.debug_info,"",%progbits
 574              	.Ldebug_info0:
 575 0000 37010000 		.4byte	0x137
 576 0004 0400     		.2byte	0x4
 577 0006 00000000 		.4byte	.Ldebug_abbrev0
 578 000a 04       		.byte	0x4
 579 000b 01       		.uleb128 0x1
 580 000c 9D000000 		.4byte	.LASF18
 581 0010 01       		.byte	0x1
 582 0011 09000000 		.4byte	.LASF19
 583 0015 9E010000 		.4byte	.LASF20
 584 0019 00000000 		.4byte	.Ldebug_line0
 585 001d 02       		.uleb128 0x2
 586 001e 01       		.byte	0x1
 587 001f 06       		.byte	0x6
 588 0020 FD010000 		.4byte	.LASF0
 589 0024 02       		.uleb128 0x2
 590 0025 01       		.byte	0x1
 591 0026 08       		.byte	0x8
 592 0027 41000000 		.4byte	.LASF1
 593 002b 02       		.uleb128 0x2
 594 002c 02       		.byte	0x2
 595 002d 05       		.byte	0x5
 596 002e 8E010000 		.4byte	.LASF2
 597 0032 02       		.uleb128 0x2
 598 0033 02       		.byte	0x2
 599 0034 07       		.byte	0x7
 600 0035 61000000 		.4byte	.LASF3
 601 0039 02       		.uleb128 0x2
 602 003a 04       		.byte	0x4
 603 003b 05       		.byte	0x5
 604 003c 00000000 		.4byte	.LASF4
 605 0040 02       		.uleb128 0x2
 606 0041 04       		.byte	0x4
 607 0042 07       		.byte	0x7
 608 0043 4F000000 		.4byte	.LASF5
 609 0047 02       		.uleb128 0x2
 610 0048 08       		.byte	0x8
 611 0049 05       		.byte	0x5
 612 004a 7B010000 		.4byte	.LASF6
 613 004e 02       		.uleb128 0x2
 614 004f 08       		.byte	0x8
 615 0050 07       		.byte	0x7
 616 0051 38010000 		.4byte	.LASF7
 617 0055 03       		.uleb128 0x3
 618 0056 04       		.byte	0x4
 619 0057 05       		.byte	0x5
 620 0058 696E7400 		.ascii	"int\000"
 621 005c 02       		.uleb128 0x2
 622 005d 04       		.byte	0x4
 623 005e 07       		.byte	0x7
ARM GAS  C:\Users\cps\AppData\Local\Temp\ccr4MvQV.s 			page 12


 624 005f 2B010000 		.4byte	.LASF8
 625 0063 04       		.uleb128 0x4
 626 0064 98010000 		.4byte	.LASF21
 627 0068 02       		.byte	0x2
 628 0069 3801     		.2byte	0x138
 629 006b 24000000 		.4byte	0x24
 630 006f 02       		.uleb128 0x2
 631 0070 04       		.byte	0x4
 632 0071 04       		.byte	0x4
 633 0072 3B000000 		.4byte	.LASF9
 634 0076 02       		.uleb128 0x2
 635 0077 08       		.byte	0x8
 636 0078 04       		.byte	0x4
 637 0079 74000000 		.4byte	.LASF10
 638 007d 02       		.uleb128 0x2
 639 007e 01       		.byte	0x1
 640 007f 08       		.byte	0x8
 641 0080 89010000 		.4byte	.LASF11
 642 0084 05       		.uleb128 0x5
 643 0085 63000000 		.4byte	0x63
 644 0089 95000000 		.4byte	0x95
 645 008d 06       		.uleb128 0x6
 646 008e 95000000 		.4byte	0x95
 647 0092 F301     		.2byte	0x1f3
 648 0094 00       		.byte	0
 649 0095 02       		.uleb128 0x2
 650 0096 04       		.byte	0x4
 651 0097 07       		.byte	0x7
 652 0098 72010000 		.4byte	.LASF12
 653 009c 07       		.uleb128 0x7
 654 009d 8B000000 		.4byte	.LASF13
 655 00a1 01       		.byte	0x1
 656 00a2 1F       		.byte	0x1f
 657 00a3 AD000000 		.4byte	0xad
 658 00a7 05       		.uleb128 0x5
 659 00a8 03       		.byte	0x3
 660 00a9 00000000 		.4byte	cy_meta_configecc
 661 00ad 08       		.uleb128 0x8
 662 00ae 84000000 		.4byte	0x84
 663 00b2 05       		.uleb128 0x5
 664 00b3 63000000 		.4byte	0x63
 665 00b7 C2000000 		.4byte	0xc2
 666 00bb 09       		.uleb128 0x9
 667 00bc 95000000 		.4byte	0x95
 668 00c0 03       		.byte	0x3
 669 00c1 00       		.byte	0
 670 00c2 07       		.uleb128 0x7
 671 00c3 7B000000 		.4byte	.LASF14
 672 00c7 01       		.byte	0x1
 673 00c8 6B       		.byte	0x6b
 674 00c9 D3000000 		.4byte	0xd3
 675 00cd 05       		.uleb128 0x5
 676 00ce 03       		.byte	0x3
 677 00cf 00000000 		.4byte	cy_meta_custnvl
 678 00d3 08       		.uleb128 0x8
 679 00d4 B2000000 		.4byte	0xb2
 680 00d8 07       		.uleb128 0x7
ARM GAS  C:\Users\cps\AppData\Local\Temp\ccr4MvQV.s 			page 13


 681 00d9 64010000 		.4byte	.LASF15
 682 00dd 01       		.byte	0x1
 683 00de 79       		.byte	0x79
 684 00df E9000000 		.4byte	0xe9
 685 00e3 05       		.uleb128 0x5
 686 00e4 03       		.byte	0x3
 687 00e5 00000000 		.4byte	cy_meta_wonvl
 688 00e9 08       		.uleb128 0x8
 689 00ea B2000000 		.4byte	0xb2
 690 00ee 05       		.uleb128 0x5
 691 00ef 63000000 		.4byte	0x63
 692 00f3 FE000000 		.4byte	0xfe
 693 00f7 09       		.uleb128 0x9
 694 00f8 95000000 		.4byte	0x95
 695 00fc FF       		.byte	0xff
 696 00fd 00       		.byte	0
 697 00fe 07       		.uleb128 0x7
 698 00ff 4F010000 		.4byte	.LASF16
 699 0103 01       		.byte	0x1
 700 0104 87       		.byte	0x87
 701 0105 0F010000 		.4byte	0x10f
 702 0109 05       		.uleb128 0x5
 703 010a 03       		.byte	0x3
 704 010b 00000000 		.4byte	cy_meta_flashprotect
 705 010f 08       		.uleb128 0x8
 706 0110 EE000000 		.4byte	0xee
 707 0114 05       		.uleb128 0x5
 708 0115 63000000 		.4byte	0x63
 709 0119 24010000 		.4byte	0x124
 710 011d 09       		.uleb128 0x9
 711 011e 95000000 		.4byte	0x95
 712 0122 0B       		.byte	0xb
 713 0123 00       		.byte	0
 714 0124 07       		.uleb128 0x7
 715 0125 2F000000 		.4byte	.LASF17
 716 0129 01       		.byte	0x1
 717 012a B4       		.byte	0xb4
 718 012b 35010000 		.4byte	0x135
 719 012f 05       		.uleb128 0x5
 720 0130 03       		.byte	0x3
 721 0131 00000000 		.4byte	cy_metadata
 722 0135 08       		.uleb128 0x8
 723 0136 14010000 		.4byte	0x114
 724 013a 00       		.byte	0
 725              		.section	.debug_abbrev,"",%progbits
 726              	.Ldebug_abbrev0:
 727 0000 01       		.uleb128 0x1
 728 0001 11       		.uleb128 0x11
 729 0002 01       		.byte	0x1
 730 0003 25       		.uleb128 0x25
 731 0004 0E       		.uleb128 0xe
 732 0005 13       		.uleb128 0x13
 733 0006 0B       		.uleb128 0xb
 734 0007 03       		.uleb128 0x3
 735 0008 0E       		.uleb128 0xe
 736 0009 1B       		.uleb128 0x1b
 737 000a 0E       		.uleb128 0xe
ARM GAS  C:\Users\cps\AppData\Local\Temp\ccr4MvQV.s 			page 14


 738 000b 10       		.uleb128 0x10
 739 000c 17       		.uleb128 0x17
 740 000d 00       		.byte	0
 741 000e 00       		.byte	0
 742 000f 02       		.uleb128 0x2
 743 0010 24       		.uleb128 0x24
 744 0011 00       		.byte	0
 745 0012 0B       		.uleb128 0xb
 746 0013 0B       		.uleb128 0xb
 747 0014 3E       		.uleb128 0x3e
 748 0015 0B       		.uleb128 0xb
 749 0016 03       		.uleb128 0x3
 750 0017 0E       		.uleb128 0xe
 751 0018 00       		.byte	0
 752 0019 00       		.byte	0
 753 001a 03       		.uleb128 0x3
 754 001b 24       		.uleb128 0x24
 755 001c 00       		.byte	0
 756 001d 0B       		.uleb128 0xb
 757 001e 0B       		.uleb128 0xb
 758 001f 3E       		.uleb128 0x3e
 759 0020 0B       		.uleb128 0xb
 760 0021 03       		.uleb128 0x3
 761 0022 08       		.uleb128 0x8
 762 0023 00       		.byte	0
 763 0024 00       		.byte	0
 764 0025 04       		.uleb128 0x4
 765 0026 16       		.uleb128 0x16
 766 0027 00       		.byte	0
 767 0028 03       		.uleb128 0x3
 768 0029 0E       		.uleb128 0xe
 769 002a 3A       		.uleb128 0x3a
 770 002b 0B       		.uleb128 0xb
 771 002c 3B       		.uleb128 0x3b
 772 002d 05       		.uleb128 0x5
 773 002e 49       		.uleb128 0x49
 774 002f 13       		.uleb128 0x13
 775 0030 00       		.byte	0
 776 0031 00       		.byte	0
 777 0032 05       		.uleb128 0x5
 778 0033 01       		.uleb128 0x1
 779 0034 01       		.byte	0x1
 780 0035 49       		.uleb128 0x49
 781 0036 13       		.uleb128 0x13
 782 0037 01       		.uleb128 0x1
 783 0038 13       		.uleb128 0x13
 784 0039 00       		.byte	0
 785 003a 00       		.byte	0
 786 003b 06       		.uleb128 0x6
 787 003c 21       		.uleb128 0x21
 788 003d 00       		.byte	0
 789 003e 49       		.uleb128 0x49
 790 003f 13       		.uleb128 0x13
 791 0040 2F       		.uleb128 0x2f
 792 0041 05       		.uleb128 0x5
 793 0042 00       		.byte	0
 794 0043 00       		.byte	0
ARM GAS  C:\Users\cps\AppData\Local\Temp\ccr4MvQV.s 			page 15


 795 0044 07       		.uleb128 0x7
 796 0045 34       		.uleb128 0x34
 797 0046 00       		.byte	0
 798 0047 03       		.uleb128 0x3
 799 0048 0E       		.uleb128 0xe
 800 0049 3A       		.uleb128 0x3a
 801 004a 0B       		.uleb128 0xb
 802 004b 3B       		.uleb128 0x3b
 803 004c 0B       		.uleb128 0xb
 804 004d 49       		.uleb128 0x49
 805 004e 13       		.uleb128 0x13
 806 004f 3F       		.uleb128 0x3f
 807 0050 19       		.uleb128 0x19
 808 0051 02       		.uleb128 0x2
 809 0052 18       		.uleb128 0x18
 810 0053 00       		.byte	0
 811 0054 00       		.byte	0
 812 0055 08       		.uleb128 0x8
 813 0056 26       		.uleb128 0x26
 814 0057 00       		.byte	0
 815 0058 49       		.uleb128 0x49
 816 0059 13       		.uleb128 0x13
 817 005a 00       		.byte	0
 818 005b 00       		.byte	0
 819 005c 09       		.uleb128 0x9
 820 005d 21       		.uleb128 0x21
 821 005e 00       		.byte	0
 822 005f 49       		.uleb128 0x49
 823 0060 13       		.uleb128 0x13
 824 0061 2F       		.uleb128 0x2f
 825 0062 0B       		.uleb128 0xb
 826 0063 00       		.byte	0
 827 0064 00       		.byte	0
 828 0065 00       		.byte	0
 829              		.section	.debug_aranges,"",%progbits
 830 0000 14000000 		.4byte	0x14
 831 0004 0200     		.2byte	0x2
 832 0006 00000000 		.4byte	.Ldebug_info0
 833 000a 04       		.byte	0x4
 834 000b 00       		.byte	0
 835 000c 0000     		.2byte	0
 836 000e 0000     		.2byte	0
 837 0010 00000000 		.4byte	0
 838 0014 00000000 		.4byte	0
 839              		.section	.debug_line,"",%progbits
 840              	.Ldebug_line0:
 841 0000 4F000000 		.section	.debug_str,"MS",%progbits,1
 841      02004900 
 841      00000201 
 841      FB0E0D00 
 841      01010101 
 842              	.LASF4:
 843 0000 6C6F6E67 		.ascii	"long int\000"
 843      20696E74 
 843      00
 844              	.LASF19:
 845 0009 2E5C4765 		.ascii	".\\Generated_Source\\PSoC5\\cymetadata.c\000"
ARM GAS  C:\Users\cps\AppData\Local\Temp\ccr4MvQV.s 			page 16


 845      6E657261 
 845      7465645F 
 845      536F7572 
 845      63655C50 
 846              	.LASF17:
 847 002f 63795F6D 		.ascii	"cy_metadata\000"
 847      65746164 
 847      61746100 
 848              	.LASF9:
 849 003b 666C6F61 		.ascii	"float\000"
 849      7400
 850              	.LASF1:
 851 0041 756E7369 		.ascii	"unsigned char\000"
 851      676E6564 
 851      20636861 
 851      7200
 852              	.LASF5:
 853 004f 6C6F6E67 		.ascii	"long unsigned int\000"
 853      20756E73 
 853      69676E65 
 853      6420696E 
 853      7400
 854              	.LASF3:
 855 0061 73686F72 		.ascii	"short unsigned int\000"
 855      7420756E 
 855      7369676E 
 855      65642069 
 855      6E7400
 856              	.LASF10:
 857 0074 646F7562 		.ascii	"double\000"
 857      6C6500
 858              	.LASF14:
 859 007b 63795F6D 		.ascii	"cy_meta_custnvl\000"
 859      6574615F 
 859      63757374 
 859      6E766C00 
 860              	.LASF13:
 861 008b 63795F6D 		.ascii	"cy_meta_configecc\000"
 861      6574615F 
 861      636F6E66 
 861      69676563 
 861      6300
 862              	.LASF18:
 863 009d 474E5520 		.ascii	"GNU C 4.9.3 20150303 (release) [ARM/embedded-4_9-br"
 863      4320342E 
 863      392E3320 
 863      32303135 
 863      30333033 
 864 00d0 616E6368 		.ascii	"anch revision 221220] -mcpu=cortex-m3 -mthumb -g -O"
 864      20726576 
 864      6973696F 
 864      6E203232 
 864      31323230 
 865 0103 67202D66 		.ascii	"g -ffunction-sections -ffat-lto-objects\000"
 865      66756E63 
 865      74696F6E 
 865      2D736563 
ARM GAS  C:\Users\cps\AppData\Local\Temp\ccr4MvQV.s 			page 17


 865      74696F6E 
 866              	.LASF8:
 867 012b 756E7369 		.ascii	"unsigned int\000"
 867      676E6564 
 867      20696E74 
 867      00
 868              	.LASF7:
 869 0138 6C6F6E67 		.ascii	"long long unsigned int\000"
 869      206C6F6E 
 869      6720756E 
 869      7369676E 
 869      65642069 
 870              	.LASF16:
 871 014f 63795F6D 		.ascii	"cy_meta_flashprotect\000"
 871      6574615F 
 871      666C6173 
 871      6870726F 
 871      74656374 
 872              	.LASF15:
 873 0164 63795F6D 		.ascii	"cy_meta_wonvl\000"
 873      6574615F 
 873      776F6E76 
 873      6C00
 874              	.LASF12:
 875 0172 73697A65 		.ascii	"sizetype\000"
 875      74797065 
 875      00
 876              	.LASF6:
 877 017b 6C6F6E67 		.ascii	"long long int\000"
 877      206C6F6E 
 877      6720696E 
 877      7400
 878              	.LASF11:
 879 0189 63686172 		.ascii	"char\000"
 879      00
 880              	.LASF2:
 881 018e 73686F72 		.ascii	"short int\000"
 881      7420696E 
 881      7400
 882              	.LASF21:
 883 0198 75696E74 		.ascii	"uint8\000"
 883      3800
 884              	.LASF20:
 885 019e 433A5C55 		.ascii	"C:\\Users\\cps\\Documents\\neoapi\\Project Template"
 885      73657273 
 885      5C637073 
 885      5C446F63 
 885      756D656E 
 886 01cc 735C5365 		.ascii	"s\\Sensor Examples\\Example Sensors\\Maxbotix.cydsn"
 886      6E736F72 
 886      20457861 
 886      6D706C65 
 886      735C4578 
 887 01fc 00       		.ascii	"\000"
 888              	.LASF0:
 889 01fd 7369676E 		.ascii	"signed char\000"
 889      65642063 
ARM GAS  C:\Users\cps\AppData\Local\Temp\ccr4MvQV.s 			page 18


 889      68617200 
 890              		.ident	"GCC: (GNU Tools for ARM Embedded Processors) 4.9.3 20150303 (release) [ARM/embedded-4_9-br
