ARM GAS  C:\Users\cps\AppData\Local\Temp\ccPC7asL.s 			page 1


   1              		.syntax unified
   2              		.cpu cortex-m3
   3              		.fpu softvfp
   4              		.eabi_attribute 20, 1
   5              		.eabi_attribute 21, 1
   6              		.eabi_attribute 23, 3
   7              		.eabi_attribute 24, 1
   8              		.eabi_attribute 25, 1
   9              		.eabi_attribute 26, 1
  10              		.eabi_attribute 30, 1
  11              		.eabi_attribute 34, 1
  12              		.eabi_attribute 18, 4
  13              		.thumb
  14              		.file	"main.c"
  15              		.text
  16              	.Ltext0:
  17              		.cfi_sections	.debug_frame
  18              		.section	.text.main,"ax",%progbits
  19              		.align	2
  20              		.global	main
  21              		.thumb
  22              		.thumb_func
  23              		.type	main, %function
  24              	main:
  25              	.LFB63:
  26              		.file 1 ".\\main.c"
   1:.\main.c      **** /* ========================================
   2:.\main.c      ****  *
   3:.\main.c      ****  * Copyright YOUR COMPANY, THE YEAR
   4:.\main.c      ****  * All Rights Reserved
   5:.\main.c      ****  * UNPUBLISHED, LICENSED SOFTWARE.
   6:.\main.c      ****  *
   7:.\main.c      ****  * CONFIDENTIAL AND PROPRIETARY INFORMATION
   8:.\main.c      ****  * WHICH IS THE PROPERTY OF your company.
   9:.\main.c      ****  *
  10:.\main.c      ****  * ========================================
  11:.\main.c      **** */
  12:.\main.c      **** #include <project.h>
  13:.\main.c      **** #include "maxbotix.h"
  14:.\main.c      **** 
  15:.\main.c      **** int main()
  16:.\main.c      **** {
  27              		.loc 1 16 0
  28              		.cfi_startproc
  29              		@ args = 0, pretend = 0, frame = 8
  30              		@ frame_needed = 0, uses_anonymous_args = 0
  31 0000 00B5     		push	{lr}
  32              		.cfi_def_cfa_offset 4
  33              		.cfi_offset 14, -4
  34 0002 83B0     		sub	sp, sp, #12
  35              		.cfi_def_cfa_offset 16
  17:.\main.c      ****     CyGlobalIntEnable; /* Enable global interrupts. */
  36              		.loc 1 17 0
  37              	@ 17 ".\main.c" 1
  38 0004 62B6     		CPSIE   i
  39              	@ 0 "" 2
  40              		.thumb
ARM GAS  C:\Users\cps\AppData\Local\Temp\ccPC7asL.s 			page 2


  41              	.L2:
  42              	.LBB2:
  18:.\main.c      **** 
  19:.\main.c      **** 
  20:.\main.c      ****     for(;;)
  21:.\main.c      ****     {
  22:.\main.c      ****                 
  23:.\main.c      ****         Maxbotix Maxbotix_reading = Maxbotix_Take_Reading();
  43              		.loc 1 23 0 discriminator 1
  44 0006 6846     		mov	r0, sp
  45 0008 FFF7FEFF 		bl	Maxbotix_Take_Reading
  46              	.LVL0:
  24:.\main.c      **** 		CyDelay(1000u);
  47              		.loc 1 24 0 discriminator 1
  48 000c 4FF47A70 		mov	r0, #1000
  49 0010 FFF7FEFF 		bl	CyDelay
  50              	.LVL1:
  51              	.LBE2:
  25:.\main.c      **** 
  26:.\main.c      ****     }
  52              		.loc 1 26 0 discriminator 1
  53 0014 F7E7     		b	.L2
  54              		.cfi_endproc
  55              	.LFE63:
  56              		.size	main, .-main
  57 0016 00BF     		.text
  58              	.Letext0:
  59              		.file 2 "c:\\program files (x86)\\cypress\\psoc creator\\3.3\\psoc creator\\import\\gnu\\arm\\4.9.
  60              		.file 3 "c:\\program files (x86)\\cypress\\psoc creator\\3.3\\psoc creator\\import\\gnu\\arm\\4.9.
  61              		.file 4 "Generated_Source\\PSoC5/cytypes.h"
  62              		.file 5 ".\\maxbotix.h"
  63              		.file 6 "Generated_Source\\PSoC5/core_cm3.h"
  64              		.file 7 "Generated_Source\\PSoC5/CyLib.h"
  65              		.section	.debug_info,"",%progbits
  66              	.Ldebug_info0:
  67 0000 64010000 		.4byte	0x164
  68 0004 0400     		.2byte	0x4
  69 0006 00000000 		.4byte	.Ldebug_abbrev0
  70 000a 04       		.byte	0x4
  71 000b 01       		.uleb128 0x1
  72 000c 98000000 		.4byte	.LASF20
  73 0010 01       		.byte	0x1
  74 0011 65000000 		.4byte	.LASF21
  75 0015 26010000 		.4byte	.LASF22
  76 0019 00000000 		.4byte	.Ldebug_ranges0+0
  77 001d 00000000 		.4byte	0
  78 0021 00000000 		.4byte	.Ldebug_line0
  79 0025 02       		.uleb128 0x2
  80 0026 01       		.byte	0x1
  81 0027 06       		.byte	0x6
  82 0028 CD010000 		.4byte	.LASF0
  83 002c 02       		.uleb128 0x2
  84 002d 01       		.byte	0x1
  85 002e 08       		.byte	0x8
  86 002f 85010000 		.4byte	.LASF1
  87 0033 02       		.uleb128 0x2
  88 0034 02       		.byte	0x2
ARM GAS  C:\Users\cps\AppData\Local\Temp\ccPC7asL.s 			page 3


  89 0035 05       		.byte	0x5
  90 0036 EF010000 		.4byte	.LASF2
  91 003a 02       		.uleb128 0x2
  92 003b 02       		.byte	0x2
  93 003c 07       		.byte	0x7
  94 003d 85000000 		.4byte	.LASF3
  95 0041 03       		.uleb128 0x3
  96 0042 D9010000 		.4byte	.LASF9
  97 0046 02       		.byte	0x2
  98 0047 3F       		.byte	0x3f
  99 0048 4C000000 		.4byte	0x4c
 100 004c 02       		.uleb128 0x2
 101 004d 04       		.byte	0x4
 102 004e 05       		.byte	0x5
 103 004f AE010000 		.4byte	.LASF4
 104 0053 02       		.uleb128 0x2
 105 0054 04       		.byte	0x4
 106 0055 07       		.byte	0x7
 107 0056 53000000 		.4byte	.LASF5
 108 005a 02       		.uleb128 0x2
 109 005b 08       		.byte	0x8
 110 005c 05       		.byte	0x5
 111 005d 00000000 		.4byte	.LASF6
 112 0061 02       		.uleb128 0x2
 113 0062 08       		.byte	0x8
 114 0063 07       		.byte	0x7
 115 0064 6E000000 		.4byte	.LASF7
 116 0068 04       		.uleb128 0x4
 117 0069 04       		.byte	0x4
 118 006a 05       		.byte	0x5
 119 006b 696E7400 		.ascii	"int\000"
 120 006f 02       		.uleb128 0x2
 121 0070 04       		.byte	0x4
 122 0071 07       		.byte	0x7
 123 0072 22000000 		.4byte	.LASF8
 124 0076 03       		.uleb128 0x3
 125 0077 F9010000 		.4byte	.LASF10
 126 007b 03       		.byte	0x3
 127 007c 2C       		.byte	0x2c
 128 007d 41000000 		.4byte	0x41
 129 0081 05       		.uleb128 0x5
 130 0082 34000000 		.4byte	.LASF11
 131 0086 04       		.byte	0x4
 132 0087 3801     		.2byte	0x138
 133 0089 2C000000 		.4byte	0x2c
 134 008d 05       		.uleb128 0x5
 135 008e 0E000000 		.4byte	.LASF12
 136 0092 04       		.byte	0x4
 137 0093 3A01     		.2byte	0x13a
 138 0095 53000000 		.4byte	0x53
 139 0099 02       		.uleb128 0x2
 140 009a 04       		.byte	0x4
 141 009b 04       		.byte	0x4
 142 009c E9010000 		.4byte	.LASF13
 143 00a0 02       		.uleb128 0x2
 144 00a1 08       		.byte	0x8
 145 00a2 04       		.byte	0x4
ARM GAS  C:\Users\cps\AppData\Local\Temp\ccPC7asL.s 			page 4


 146 00a3 B7010000 		.4byte	.LASF14
 147 00a7 02       		.uleb128 0x2
 148 00a8 01       		.byte	0x1
 149 00a9 08       		.byte	0x8
 150 00aa 93010000 		.4byte	.LASF15
 151 00ae 02       		.uleb128 0x2
 152 00af 04       		.byte	0x4
 153 00b0 07       		.byte	0x7
 154 00b1 01020000 		.4byte	.LASF16
 155 00b5 06       		.uleb128 0x6
 156 00b6 08       		.byte	0x8
 157 00b7 05       		.byte	0x5
 158 00b8 0F       		.byte	0xf
 159 00b9 D6000000 		.4byte	0xd6
 160 00bd 07       		.uleb128 0x7
 161 00be E3010000 		.4byte	.LASF17
 162 00c2 05       		.byte	0x5
 163 00c3 10       		.byte	0x10
 164 00c4 8D000000 		.4byte	0x8d
 165 00c8 00       		.byte	0
 166 00c9 07       		.uleb128 0x7
 167 00ca BE010000 		.4byte	.LASF18
 168 00ce 05       		.byte	0x5
 169 00cf 11       		.byte	0x11
 170 00d0 81000000 		.4byte	0x81
 171 00d4 04       		.byte	0x4
 172 00d5 00       		.byte	0
 173 00d6 03       		.uleb128 0x3
 174 00d7 C4010000 		.4byte	.LASF19
 175 00db 05       		.byte	0x5
 176 00dc 12       		.byte	0x12
 177 00dd B5000000 		.4byte	0xb5
 178 00e1 08       		.uleb128 0x8
 179 00e2 2F000000 		.4byte	.LASF23
 180 00e6 01       		.byte	0x1
 181 00e7 0F       		.byte	0xf
 182 00e8 68000000 		.4byte	0x68
 183 00ec 00000000 		.4byte	.LFB63
 184 00f0 16000000 		.4byte	.LFE63-.LFB63
 185 00f4 01       		.uleb128 0x1
 186 00f5 9C       		.byte	0x9c
 187 00f6 38010000 		.4byte	0x138
 188 00fa 09       		.uleb128 0x9
 189 00fb 06000000 		.4byte	.LBB2
 190 00ff 0E000000 		.4byte	.LBE2-.LBB2
 191 0103 0A       		.uleb128 0xa
 192 0104 42000000 		.4byte	.LASF24
 193 0108 01       		.byte	0x1
 194 0109 17       		.byte	0x17
 195 010a D6000000 		.4byte	0xd6
 196 010e 02       		.uleb128 0x2
 197 010f 91       		.byte	0x91
 198 0110 70       		.sleb128 -16
 199 0111 0B       		.uleb128 0xb
 200 0112 0C000000 		.4byte	.LVL0
 201 0116 49010000 		.4byte	0x149
 202 011a 25010000 		.4byte	0x125
ARM GAS  C:\Users\cps\AppData\Local\Temp\ccPC7asL.s 			page 5


 203 011e 0C       		.uleb128 0xc
 204 011f 01       		.uleb128 0x1
 205 0120 50       		.byte	0x50
 206 0121 02       		.uleb128 0x2
 207 0122 7D       		.byte	0x7d
 208 0123 00       		.sleb128 0
 209 0124 00       		.byte	0
 210 0125 0D       		.uleb128 0xd
 211 0126 14000000 		.4byte	.LVL1
 212 012a 5A010000 		.4byte	0x15a
 213 012e 0C       		.uleb128 0xc
 214 012f 01       		.uleb128 0x1
 215 0130 50       		.byte	0x50
 216 0131 03       		.uleb128 0x3
 217 0132 0A       		.byte	0xa
 218 0133 E803     		.2byte	0x3e8
 219 0135 00       		.byte	0
 220 0136 00       		.byte	0
 221 0137 00       		.byte	0
 222 0138 0E       		.uleb128 0xe
 223 0139 15000000 		.4byte	.LASF25
 224 013d 06       		.byte	0x6
 225 013e 5506     		.2byte	0x655
 226 0140 44010000 		.4byte	0x144
 227 0144 0F       		.uleb128 0xf
 228 0145 76000000 		.4byte	0x76
 229 0149 10       		.uleb128 0x10
 230 014a 98010000 		.4byte	.LASF26
 231 014e 05       		.byte	0x5
 232 014f 14       		.byte	0x14
 233 0150 D6000000 		.4byte	0xd6
 234 0154 5A010000 		.4byte	0x15a
 235 0158 11       		.uleb128 0x11
 236 0159 00       		.byte	0
 237 015a 12       		.uleb128 0x12
 238 015b 3A000000 		.4byte	.LASF27
 239 015f 07       		.byte	0x7
 240 0160 77       		.byte	0x77
 241 0161 13       		.uleb128 0x13
 242 0162 8D000000 		.4byte	0x8d
 243 0166 00       		.byte	0
 244 0167 00       		.byte	0
 245              		.section	.debug_abbrev,"",%progbits
 246              	.Ldebug_abbrev0:
 247 0000 01       		.uleb128 0x1
 248 0001 11       		.uleb128 0x11
 249 0002 01       		.byte	0x1
 250 0003 25       		.uleb128 0x25
 251 0004 0E       		.uleb128 0xe
 252 0005 13       		.uleb128 0x13
 253 0006 0B       		.uleb128 0xb
 254 0007 03       		.uleb128 0x3
 255 0008 0E       		.uleb128 0xe
 256 0009 1B       		.uleb128 0x1b
 257 000a 0E       		.uleb128 0xe
 258 000b 55       		.uleb128 0x55
 259 000c 17       		.uleb128 0x17
ARM GAS  C:\Users\cps\AppData\Local\Temp\ccPC7asL.s 			page 6


 260 000d 11       		.uleb128 0x11
 261 000e 01       		.uleb128 0x1
 262 000f 10       		.uleb128 0x10
 263 0010 17       		.uleb128 0x17
 264 0011 00       		.byte	0
 265 0012 00       		.byte	0
 266 0013 02       		.uleb128 0x2
 267 0014 24       		.uleb128 0x24
 268 0015 00       		.byte	0
 269 0016 0B       		.uleb128 0xb
 270 0017 0B       		.uleb128 0xb
 271 0018 3E       		.uleb128 0x3e
 272 0019 0B       		.uleb128 0xb
 273 001a 03       		.uleb128 0x3
 274 001b 0E       		.uleb128 0xe
 275 001c 00       		.byte	0
 276 001d 00       		.byte	0
 277 001e 03       		.uleb128 0x3
 278 001f 16       		.uleb128 0x16
 279 0020 00       		.byte	0
 280 0021 03       		.uleb128 0x3
 281 0022 0E       		.uleb128 0xe
 282 0023 3A       		.uleb128 0x3a
 283 0024 0B       		.uleb128 0xb
 284 0025 3B       		.uleb128 0x3b
 285 0026 0B       		.uleb128 0xb
 286 0027 49       		.uleb128 0x49
 287 0028 13       		.uleb128 0x13
 288 0029 00       		.byte	0
 289 002a 00       		.byte	0
 290 002b 04       		.uleb128 0x4
 291 002c 24       		.uleb128 0x24
 292 002d 00       		.byte	0
 293 002e 0B       		.uleb128 0xb
 294 002f 0B       		.uleb128 0xb
 295 0030 3E       		.uleb128 0x3e
 296 0031 0B       		.uleb128 0xb
 297 0032 03       		.uleb128 0x3
 298 0033 08       		.uleb128 0x8
 299 0034 00       		.byte	0
 300 0035 00       		.byte	0
 301 0036 05       		.uleb128 0x5
 302 0037 16       		.uleb128 0x16
 303 0038 00       		.byte	0
 304 0039 03       		.uleb128 0x3
 305 003a 0E       		.uleb128 0xe
 306 003b 3A       		.uleb128 0x3a
 307 003c 0B       		.uleb128 0xb
 308 003d 3B       		.uleb128 0x3b
 309 003e 05       		.uleb128 0x5
 310 003f 49       		.uleb128 0x49
 311 0040 13       		.uleb128 0x13
 312 0041 00       		.byte	0
 313 0042 00       		.byte	0
 314 0043 06       		.uleb128 0x6
 315 0044 13       		.uleb128 0x13
 316 0045 01       		.byte	0x1
ARM GAS  C:\Users\cps\AppData\Local\Temp\ccPC7asL.s 			page 7


 317 0046 0B       		.uleb128 0xb
 318 0047 0B       		.uleb128 0xb
 319 0048 3A       		.uleb128 0x3a
 320 0049 0B       		.uleb128 0xb
 321 004a 3B       		.uleb128 0x3b
 322 004b 0B       		.uleb128 0xb
 323 004c 01       		.uleb128 0x1
 324 004d 13       		.uleb128 0x13
 325 004e 00       		.byte	0
 326 004f 00       		.byte	0
 327 0050 07       		.uleb128 0x7
 328 0051 0D       		.uleb128 0xd
 329 0052 00       		.byte	0
 330 0053 03       		.uleb128 0x3
 331 0054 0E       		.uleb128 0xe
 332 0055 3A       		.uleb128 0x3a
 333 0056 0B       		.uleb128 0xb
 334 0057 3B       		.uleb128 0x3b
 335 0058 0B       		.uleb128 0xb
 336 0059 49       		.uleb128 0x49
 337 005a 13       		.uleb128 0x13
 338 005b 38       		.uleb128 0x38
 339 005c 0B       		.uleb128 0xb
 340 005d 00       		.byte	0
 341 005e 00       		.byte	0
 342 005f 08       		.uleb128 0x8
 343 0060 2E       		.uleb128 0x2e
 344 0061 01       		.byte	0x1
 345 0062 3F       		.uleb128 0x3f
 346 0063 19       		.uleb128 0x19
 347 0064 03       		.uleb128 0x3
 348 0065 0E       		.uleb128 0xe
 349 0066 3A       		.uleb128 0x3a
 350 0067 0B       		.uleb128 0xb
 351 0068 3B       		.uleb128 0x3b
 352 0069 0B       		.uleb128 0xb
 353 006a 49       		.uleb128 0x49
 354 006b 13       		.uleb128 0x13
 355 006c 11       		.uleb128 0x11
 356 006d 01       		.uleb128 0x1
 357 006e 12       		.uleb128 0x12
 358 006f 06       		.uleb128 0x6
 359 0070 40       		.uleb128 0x40
 360 0071 18       		.uleb128 0x18
 361 0072 9742     		.uleb128 0x2117
 362 0074 19       		.uleb128 0x19
 363 0075 01       		.uleb128 0x1
 364 0076 13       		.uleb128 0x13
 365 0077 00       		.byte	0
 366 0078 00       		.byte	0
 367 0079 09       		.uleb128 0x9
 368 007a 0B       		.uleb128 0xb
 369 007b 01       		.byte	0x1
 370 007c 11       		.uleb128 0x11
 371 007d 01       		.uleb128 0x1
 372 007e 12       		.uleb128 0x12
 373 007f 06       		.uleb128 0x6
ARM GAS  C:\Users\cps\AppData\Local\Temp\ccPC7asL.s 			page 8


 374 0080 00       		.byte	0
 375 0081 00       		.byte	0
 376 0082 0A       		.uleb128 0xa
 377 0083 34       		.uleb128 0x34
 378 0084 00       		.byte	0
 379 0085 03       		.uleb128 0x3
 380 0086 0E       		.uleb128 0xe
 381 0087 3A       		.uleb128 0x3a
 382 0088 0B       		.uleb128 0xb
 383 0089 3B       		.uleb128 0x3b
 384 008a 0B       		.uleb128 0xb
 385 008b 49       		.uleb128 0x49
 386 008c 13       		.uleb128 0x13
 387 008d 02       		.uleb128 0x2
 388 008e 18       		.uleb128 0x18
 389 008f 00       		.byte	0
 390 0090 00       		.byte	0
 391 0091 0B       		.uleb128 0xb
 392 0092 898201   		.uleb128 0x4109
 393 0095 01       		.byte	0x1
 394 0096 11       		.uleb128 0x11
 395 0097 01       		.uleb128 0x1
 396 0098 31       		.uleb128 0x31
 397 0099 13       		.uleb128 0x13
 398 009a 01       		.uleb128 0x1
 399 009b 13       		.uleb128 0x13
 400 009c 00       		.byte	0
 401 009d 00       		.byte	0
 402 009e 0C       		.uleb128 0xc
 403 009f 8A8201   		.uleb128 0x410a
 404 00a2 00       		.byte	0
 405 00a3 02       		.uleb128 0x2
 406 00a4 18       		.uleb128 0x18
 407 00a5 9142     		.uleb128 0x2111
 408 00a7 18       		.uleb128 0x18
 409 00a8 00       		.byte	0
 410 00a9 00       		.byte	0
 411 00aa 0D       		.uleb128 0xd
 412 00ab 898201   		.uleb128 0x4109
 413 00ae 01       		.byte	0x1
 414 00af 11       		.uleb128 0x11
 415 00b0 01       		.uleb128 0x1
 416 00b1 31       		.uleb128 0x31
 417 00b2 13       		.uleb128 0x13
 418 00b3 00       		.byte	0
 419 00b4 00       		.byte	0
 420 00b5 0E       		.uleb128 0xe
 421 00b6 34       		.uleb128 0x34
 422 00b7 00       		.byte	0
 423 00b8 03       		.uleb128 0x3
 424 00b9 0E       		.uleb128 0xe
 425 00ba 3A       		.uleb128 0x3a
 426 00bb 0B       		.uleb128 0xb
 427 00bc 3B       		.uleb128 0x3b
 428 00bd 05       		.uleb128 0x5
 429 00be 49       		.uleb128 0x49
 430 00bf 13       		.uleb128 0x13
ARM GAS  C:\Users\cps\AppData\Local\Temp\ccPC7asL.s 			page 9


 431 00c0 3F       		.uleb128 0x3f
 432 00c1 19       		.uleb128 0x19
 433 00c2 3C       		.uleb128 0x3c
 434 00c3 19       		.uleb128 0x19
 435 00c4 00       		.byte	0
 436 00c5 00       		.byte	0
 437 00c6 0F       		.uleb128 0xf
 438 00c7 35       		.uleb128 0x35
 439 00c8 00       		.byte	0
 440 00c9 49       		.uleb128 0x49
 441 00ca 13       		.uleb128 0x13
 442 00cb 00       		.byte	0
 443 00cc 00       		.byte	0
 444 00cd 10       		.uleb128 0x10
 445 00ce 2E       		.uleb128 0x2e
 446 00cf 01       		.byte	0x1
 447 00d0 3F       		.uleb128 0x3f
 448 00d1 19       		.uleb128 0x19
 449 00d2 03       		.uleb128 0x3
 450 00d3 0E       		.uleb128 0xe
 451 00d4 3A       		.uleb128 0x3a
 452 00d5 0B       		.uleb128 0xb
 453 00d6 3B       		.uleb128 0x3b
 454 00d7 0B       		.uleb128 0xb
 455 00d8 49       		.uleb128 0x49
 456 00d9 13       		.uleb128 0x13
 457 00da 3C       		.uleb128 0x3c
 458 00db 19       		.uleb128 0x19
 459 00dc 01       		.uleb128 0x1
 460 00dd 13       		.uleb128 0x13
 461 00de 00       		.byte	0
 462 00df 00       		.byte	0
 463 00e0 11       		.uleb128 0x11
 464 00e1 18       		.uleb128 0x18
 465 00e2 00       		.byte	0
 466 00e3 00       		.byte	0
 467 00e4 00       		.byte	0
 468 00e5 12       		.uleb128 0x12
 469 00e6 2E       		.uleb128 0x2e
 470 00e7 01       		.byte	0x1
 471 00e8 3F       		.uleb128 0x3f
 472 00e9 19       		.uleb128 0x19
 473 00ea 03       		.uleb128 0x3
 474 00eb 0E       		.uleb128 0xe
 475 00ec 3A       		.uleb128 0x3a
 476 00ed 0B       		.uleb128 0xb
 477 00ee 3B       		.uleb128 0x3b
 478 00ef 0B       		.uleb128 0xb
 479 00f0 27       		.uleb128 0x27
 480 00f1 19       		.uleb128 0x19
 481 00f2 3C       		.uleb128 0x3c
 482 00f3 19       		.uleb128 0x19
 483 00f4 00       		.byte	0
 484 00f5 00       		.byte	0
 485 00f6 13       		.uleb128 0x13
 486 00f7 05       		.uleb128 0x5
 487 00f8 00       		.byte	0
ARM GAS  C:\Users\cps\AppData\Local\Temp\ccPC7asL.s 			page 10


 488 00f9 49       		.uleb128 0x49
 489 00fa 13       		.uleb128 0x13
 490 00fb 00       		.byte	0
 491 00fc 00       		.byte	0
 492 00fd 00       		.byte	0
 493              		.section	.debug_aranges,"",%progbits
 494 0000 1C000000 		.4byte	0x1c
 495 0004 0200     		.2byte	0x2
 496 0006 00000000 		.4byte	.Ldebug_info0
 497 000a 04       		.byte	0x4
 498 000b 00       		.byte	0
 499 000c 0000     		.2byte	0
 500 000e 0000     		.2byte	0
 501 0010 00000000 		.4byte	.LFB63
 502 0014 16000000 		.4byte	.LFE63-.LFB63
 503 0018 00000000 		.4byte	0
 504 001c 00000000 		.4byte	0
 505              		.section	.debug_ranges,"",%progbits
 506              	.Ldebug_ranges0:
 507 0000 00000000 		.4byte	.LFB63
 508 0004 16000000 		.4byte	.LFE63
 509 0008 00000000 		.4byte	0
 510 000c 00000000 		.4byte	0
 511              		.section	.debug_line,"",%progbits
 512              	.Ldebug_line0:
 513 0000 89010000 		.section	.debug_str,"MS",%progbits,1
 513      02006401 
 513      00000201 
 513      FB0E0D00 
 513      01010101 
 514              	.LASF6:
 515 0000 6C6F6E67 		.ascii	"long long int\000"
 515      206C6F6E 
 515      6720696E 
 515      7400
 516              	.LASF12:
 517 000e 75696E74 		.ascii	"uint32\000"
 517      333200
 518              	.LASF25:
 519 0015 49544D5F 		.ascii	"ITM_RxBuffer\000"
 519      52784275 
 519      66666572 
 519      00
 520              	.LASF8:
 521 0022 756E7369 		.ascii	"unsigned int\000"
 521      676E6564 
 521      20696E74 
 521      00
 522              	.LASF23:
 523 002f 6D61696E 		.ascii	"main\000"
 523      00
 524              	.LASF11:
 525 0034 75696E74 		.ascii	"uint8\000"
 525      3800
 526              	.LASF27:
 527 003a 43794465 		.ascii	"CyDelay\000"
 527      6C617900 
ARM GAS  C:\Users\cps\AppData\Local\Temp\ccPC7asL.s 			page 11


 528              	.LASF24:
 529 0042 4D617862 		.ascii	"Maxbotix_reading\000"
 529      6F746978 
 529      5F726561 
 529      64696E67 
 529      00
 530              	.LASF5:
 531 0053 6C6F6E67 		.ascii	"long unsigned int\000"
 531      20756E73 
 531      69676E65 
 531      6420696E 
 531      7400
 532              	.LASF21:
 533 0065 2E5C6D61 		.ascii	".\\main.c\000"
 533      696E2E63 
 533      00
 534              	.LASF7:
 535 006e 6C6F6E67 		.ascii	"long long unsigned int\000"
 535      206C6F6E 
 535      6720756E 
 535      7369676E 
 535      65642069 
 536              	.LASF3:
 537 0085 73686F72 		.ascii	"short unsigned int\000"
 537      7420756E 
 537      7369676E 
 537      65642069 
 537      6E7400
 538              	.LASF20:
 539 0098 474E5520 		.ascii	"GNU C 4.9.3 20150303 (release) [ARM/embedded-4_9-br"
 539      4320342E 
 539      392E3320 
 539      32303135 
 539      30333033 
 540 00cb 616E6368 		.ascii	"anch revision 221220] -mcpu=cortex-m3 -mthumb -g -O"
 540      20726576 
 540      6973696F 
 540      6E203232 
 540      31323230 
 541 00fe 67202D66 		.ascii	"g -ffunction-sections -ffat-lto-objects\000"
 541      66756E63 
 541      74696F6E 
 541      2D736563 
 541      74696F6E 
 542              	.LASF22:
 543 0126 433A5C55 		.ascii	"C:\\Users\\cps\\Documents\\neoapi\\Project Template"
 543      73657273 
 543      5C637073 
 543      5C446F63 
 543      756D656E 
 544 0154 735C5365 		.ascii	"s\\Sensor Examples\\Example Sensors\\Maxbotix.cydsn"
 544      6E736F72 
 544      20457861 
 544      6D706C65 
 544      735C4578 
 545 0184 00       		.ascii	"\000"
 546              	.LASF1:
ARM GAS  C:\Users\cps\AppData\Local\Temp\ccPC7asL.s 			page 12


 547 0185 756E7369 		.ascii	"unsigned char\000"
 547      676E6564 
 547      20636861 
 547      7200
 548              	.LASF15:
 549 0193 63686172 		.ascii	"char\000"
 549      00
 550              	.LASF26:
 551 0198 4D617862 		.ascii	"Maxbotix_Take_Reading\000"
 551      6F746978 
 551      5F54616B 
 551      655F5265 
 551      6164696E 
 552              	.LASF4:
 553 01ae 6C6F6E67 		.ascii	"long int\000"
 553      20696E74 
 553      00
 554              	.LASF14:
 555 01b7 646F7562 		.ascii	"double\000"
 555      6C6500
 556              	.LASF18:
 557 01be 76616C69 		.ascii	"valid\000"
 557      6400
 558              	.LASF19:
 559 01c4 4D617862 		.ascii	"Maxbotix\000"
 559      6F746978 
 559      00
 560              	.LASF0:
 561 01cd 7369676E 		.ascii	"signed char\000"
 561      65642063 
 561      68617200 
 562              	.LASF9:
 563 01d9 5F5F696E 		.ascii	"__int32_t\000"
 563      7433325F 
 563      7400
 564              	.LASF17:
 565 01e3 64657074 		.ascii	"depth\000"
 565      6800
 566              	.LASF13:
 567 01e9 666C6F61 		.ascii	"float\000"
 567      7400
 568              	.LASF2:
 569 01ef 73686F72 		.ascii	"short int\000"
 569      7420696E 
 569      7400
 570              	.LASF10:
 571 01f9 696E7433 		.ascii	"int32_t\000"
 571      325F7400 
 572              	.LASF16:
 573 0201 73697A65 		.ascii	"sizetype\000"
 573      74797065 
 573      00
 574              		.ident	"GCC: (GNU Tools for ARM Embedded Processors) 4.9.3 20150303 (release) [ARM/embedded-4_9-br
