ARM GAS  C:\Users\karunmj\AppData\Local\Temp\ccbDwEwq.s 			page 1


   1              		.syntax unified
   2              		.cpu cortex-m3
   3              		.fpu softvfp
   4              		.eabi_attribute 20, 1
   5              		.eabi_attribute 21, 1
   6              		.eabi_attribute 23, 3
   7              		.eabi_attribute 24, 1
   8              		.eabi_attribute 25, 1
   9              		.eabi_attribute 26, 1
  10              		.eabi_attribute 30, 6
  11              		.eabi_attribute 18, 4
  12              		.thumb
  13              		.file	"Mixer_2_PM.c"
  14              		.section	.debug_abbrev,"",%progbits
  15              	.Ldebug_abbrev0:
  16              		.section	.debug_info,"",%progbits
  17              	.Ldebug_info0:
  18              		.section	.debug_line,"",%progbits
  19              	.Ldebug_line0:
  20 0000 C0000000 		.text
  20      02007000 
  20      00000201 
  20      FB0E0D00 
  20      01010101 
  21              	.Ltext0:
  22              		.cfi_sections	.debug_frame
  23              		.bss
  24              		.align	2
  25              	Mixer_2_backup:
  26 0000 00000000 		.space	4
  27              		.section	.text.Mixer_2_SaveConfig,"ax",%progbits
  28              		.align	2
  29              		.global	Mixer_2_SaveConfig
  30              		.thumb
  31              		.thumb_func
  32              		.type	Mixer_2_SaveConfig, %function
  33              	Mixer_2_SaveConfig:
  34              	.LFB0:
  35              		.file 1 ".\\Generated_Source\\PSoC5\\Mixer_2_PM.c"
   1:.\Generated_Source\PSoC5/Mixer_2_PM.c **** /*******************************************************************************
   2:.\Generated_Source\PSoC5/Mixer_2_PM.c **** * File Name: Mixer_2_PM.c  
   3:.\Generated_Source\PSoC5/Mixer_2_PM.c **** * Version 2.0
   4:.\Generated_Source\PSoC5/Mixer_2_PM.c **** *
   5:.\Generated_Source\PSoC5/Mixer_2_PM.c **** * Description:
   6:.\Generated_Source\PSoC5/Mixer_2_PM.c **** *  This file provides the power manager source code to the API for 
   7:.\Generated_Source\PSoC5/Mixer_2_PM.c **** *  the MIXER component.
   8:.\Generated_Source\PSoC5/Mixer_2_PM.c **** *
   9:.\Generated_Source\PSoC5/Mixer_2_PM.c **** * Note:
  10:.\Generated_Source\PSoC5/Mixer_2_PM.c **** *
  11:.\Generated_Source\PSoC5/Mixer_2_PM.c **** *******************************************************************************
  12:.\Generated_Source\PSoC5/Mixer_2_PM.c **** * Copyright 2008-2012, Cypress Semiconductor Corporation.  All rights reserved.
  13:.\Generated_Source\PSoC5/Mixer_2_PM.c **** * You may use this file only in accordance with the license, terms, conditions, 
  14:.\Generated_Source\PSoC5/Mixer_2_PM.c **** * disclaimers, and limitations in the end user license agreement accompanying 
  15:.\Generated_Source\PSoC5/Mixer_2_PM.c **** * the software package with which this file was provided.
  16:.\Generated_Source\PSoC5/Mixer_2_PM.c **** *******************************************************************************/
  17:.\Generated_Source\PSoC5/Mixer_2_PM.c **** 
  18:.\Generated_Source\PSoC5/Mixer_2_PM.c **** #include "Mixer_2.h"
ARM GAS  C:\Users\karunmj\AppData\Local\Temp\ccbDwEwq.s 			page 2


  19:.\Generated_Source\PSoC5/Mixer_2_PM.c **** 
  20:.\Generated_Source\PSoC5/Mixer_2_PM.c **** static Mixer_2_backupStruct  Mixer_2_backup;
  21:.\Generated_Source\PSoC5/Mixer_2_PM.c **** 
  22:.\Generated_Source\PSoC5/Mixer_2_PM.c **** 
  23:.\Generated_Source\PSoC5/Mixer_2_PM.c **** /*******************************************************************************
  24:.\Generated_Source\PSoC5/Mixer_2_PM.c **** * Function Name: Mixer_2_SaveConfig
  25:.\Generated_Source\PSoC5/Mixer_2_PM.c **** ********************************************************************************
  26:.\Generated_Source\PSoC5/Mixer_2_PM.c **** *
  27:.\Generated_Source\PSoC5/Mixer_2_PM.c **** * Summary:
  28:.\Generated_Source\PSoC5/Mixer_2_PM.c **** *  Saves the current user configuration.
  29:.\Generated_Source\PSoC5/Mixer_2_PM.c **** *  
  30:.\Generated_Source\PSoC5/Mixer_2_PM.c **** * Parameters:  
  31:.\Generated_Source\PSoC5/Mixer_2_PM.c **** *  void.
  32:.\Generated_Source\PSoC5/Mixer_2_PM.c **** *
  33:.\Generated_Source\PSoC5/Mixer_2_PM.c **** * Return: 
  34:.\Generated_Source\PSoC5/Mixer_2_PM.c **** *  void.
  35:.\Generated_Source\PSoC5/Mixer_2_PM.c **** *
  36:.\Generated_Source\PSoC5/Mixer_2_PM.c **** *******************************************************************************/
  37:.\Generated_Source\PSoC5/Mixer_2_PM.c **** void Mixer_2_SaveConfig(void) 
  38:.\Generated_Source\PSoC5/Mixer_2_PM.c **** {
  36              		.loc 1 38 0
  37              		.cfi_startproc
  38              		@ args = 0, pretend = 0, frame = 0
  39              		@ frame_needed = 1, uses_anonymous_args = 0
  40              		@ link register save eliminated.
  41 0000 80B4     		push	{r7}
  42              	.LCFI0:
  43              		.cfi_def_cfa_offset 4
  44 0002 00AF     		add	r7, sp, #0
  45              		.cfi_offset 7, -4
  46              	.LCFI1:
  47              		.cfi_def_cfa_register 7
  39:.\Generated_Source\PSoC5/Mixer_2_PM.c ****     /* Nothing to save before entering into sleep mode as all the registers used 
  40:.\Generated_Source\PSoC5/Mixer_2_PM.c ****        here are retension registers. */
  41:.\Generated_Source\PSoC5/Mixer_2_PM.c **** }
  48              		.loc 1 41 0
  49 0004 BD46     		mov	sp, r7
  50 0006 80BC     		pop	{r7}
  51 0008 7047     		bx	lr
  52              		.cfi_endproc
  53              	.LFE0:
  54              		.size	Mixer_2_SaveConfig, .-Mixer_2_SaveConfig
  55 000a 00BF     		.section	.text.Mixer_2_RestoreConfig,"ax",%progbits
  56              		.align	2
  57              		.global	Mixer_2_RestoreConfig
  58              		.thumb
  59              		.thumb_func
  60              		.type	Mixer_2_RestoreConfig, %function
  61              	Mixer_2_RestoreConfig:
  62              	.LFB1:
  42:.\Generated_Source\PSoC5/Mixer_2_PM.c **** 
  43:.\Generated_Source\PSoC5/Mixer_2_PM.c **** 
  44:.\Generated_Source\PSoC5/Mixer_2_PM.c **** /*******************************************************************************
  45:.\Generated_Source\PSoC5/Mixer_2_PM.c **** * Function Name: Mixer_2_RestoreConfig
  46:.\Generated_Source\PSoC5/Mixer_2_PM.c **** ********************************************************************************
  47:.\Generated_Source\PSoC5/Mixer_2_PM.c **** *
  48:.\Generated_Source\PSoC5/Mixer_2_PM.c **** * Summary:
ARM GAS  C:\Users\karunmj\AppData\Local\Temp\ccbDwEwq.s 			page 3


  49:.\Generated_Source\PSoC5/Mixer_2_PM.c **** *  Restores the current user configuration.
  50:.\Generated_Source\PSoC5/Mixer_2_PM.c **** *
  51:.\Generated_Source\PSoC5/Mixer_2_PM.c **** * Parameters:  
  52:.\Generated_Source\PSoC5/Mixer_2_PM.c **** *  void.
  53:.\Generated_Source\PSoC5/Mixer_2_PM.c **** *
  54:.\Generated_Source\PSoC5/Mixer_2_PM.c **** * Return: 
  55:.\Generated_Source\PSoC5/Mixer_2_PM.c **** *  void
  56:.\Generated_Source\PSoC5/Mixer_2_PM.c **** *
  57:.\Generated_Source\PSoC5/Mixer_2_PM.c **** *******************************************************************************/
  58:.\Generated_Source\PSoC5/Mixer_2_PM.c **** void Mixer_2_RestoreConfig(void) 
  59:.\Generated_Source\PSoC5/Mixer_2_PM.c **** {
  63              		.loc 1 59 0
  64              		.cfi_startproc
  65              		@ args = 0, pretend = 0, frame = 0
  66              		@ frame_needed = 1, uses_anonymous_args = 0
  67              		@ link register save eliminated.
  68 0000 80B4     		push	{r7}
  69              	.LCFI2:
  70              		.cfi_def_cfa_offset 4
  71 0002 00AF     		add	r7, sp, #0
  72              		.cfi_offset 7, -4
  73              	.LCFI3:
  74              		.cfi_def_cfa_register 7
  60:.\Generated_Source\PSoC5/Mixer_2_PM.c ****     /* Nothing to restore */
  61:.\Generated_Source\PSoC5/Mixer_2_PM.c **** }
  75              		.loc 1 61 0
  76 0004 BD46     		mov	sp, r7
  77 0006 80BC     		pop	{r7}
  78 0008 7047     		bx	lr
  79              		.cfi_endproc
  80              	.LFE1:
  81              		.size	Mixer_2_RestoreConfig, .-Mixer_2_RestoreConfig
  82 000a 00BF     		.section	.text.Mixer_2_Sleep,"ax",%progbits
  83              		.align	2
  84              		.global	Mixer_2_Sleep
  85              		.thumb
  86              		.thumb_func
  87              		.type	Mixer_2_Sleep, %function
  88              	Mixer_2_Sleep:
  89              	.LFB2:
  62:.\Generated_Source\PSoC5/Mixer_2_PM.c **** 
  63:.\Generated_Source\PSoC5/Mixer_2_PM.c **** 
  64:.\Generated_Source\PSoC5/Mixer_2_PM.c **** /*******************************************************************************
  65:.\Generated_Source\PSoC5/Mixer_2_PM.c **** * Function Name: Mixer_2_Sleep
  66:.\Generated_Source\PSoC5/Mixer_2_PM.c **** ********************************************************************************
  67:.\Generated_Source\PSoC5/Mixer_2_PM.c **** *
  68:.\Generated_Source\PSoC5/Mixer_2_PM.c **** * Summary:
  69:.\Generated_Source\PSoC5/Mixer_2_PM.c **** *  Disables block's operation and saves its configuration. Should be called 
  70:.\Generated_Source\PSoC5/Mixer_2_PM.c **** *  just prior to entering sleep.
  71:.\Generated_Source\PSoC5/Mixer_2_PM.c **** *  
  72:.\Generated_Source\PSoC5/Mixer_2_PM.c **** * Parameters:  
  73:.\Generated_Source\PSoC5/Mixer_2_PM.c **** *  None
  74:.\Generated_Source\PSoC5/Mixer_2_PM.c **** *
  75:.\Generated_Source\PSoC5/Mixer_2_PM.c **** * Return: 
  76:.\Generated_Source\PSoC5/Mixer_2_PM.c **** *  None
  77:.\Generated_Source\PSoC5/Mixer_2_PM.c **** *
  78:.\Generated_Source\PSoC5/Mixer_2_PM.c **** * Global variables:
ARM GAS  C:\Users\karunmj\AppData\Local\Temp\ccbDwEwq.s 			page 4


  79:.\Generated_Source\PSoC5/Mixer_2_PM.c **** *  Mixer_2_backup:  The structure field 'enableState' is modified 
  80:.\Generated_Source\PSoC5/Mixer_2_PM.c **** *  depending on the enable state of the block before entering to sleep mode.
  81:.\Generated_Source\PSoC5/Mixer_2_PM.c **** *
  82:.\Generated_Source\PSoC5/Mixer_2_PM.c **** *******************************************************************************/
  83:.\Generated_Source\PSoC5/Mixer_2_PM.c **** void Mixer_2_Sleep(void) 
  84:.\Generated_Source\PSoC5/Mixer_2_PM.c **** {
  90              		.loc 1 84 0
  91              		.cfi_startproc
  92              		@ args = 0, pretend = 0, frame = 0
  93              		@ frame_needed = 1, uses_anonymous_args = 0
  94 0000 80B5     		push	{r7, lr}
  95              	.LCFI4:
  96              		.cfi_def_cfa_offset 8
  97 0002 00AF     		add	r7, sp, #0
  98              		.cfi_offset 14, -4
  99              		.cfi_offset 7, -8
 100              	.LCFI5:
 101              		.cfi_def_cfa_register 7
  85:.\Generated_Source\PSoC5/Mixer_2_PM.c ****     /* Save Mixer enable state */
  86:.\Generated_Source\PSoC5/Mixer_2_PM.c ****     if((Mixer_2_PM_ACT_CFG_REG & Mixer_2_ACT_PWR_EN) != 0u)
 102              		.loc 1 86 0
 103 0004 44F2A933 		movw	r3, #:lower16:1073759145
 104 0008 C4F20003 		movt	r3, #:upper16:1073759145
 105 000c 1B78     		ldrb	r3, [r3, #0]
 106 000e DBB2     		uxtb	r3, r3
 107 0010 03F00403 		and	r3, r3, #4
 108 0014 002B     		cmp	r3, #0
 109 0016 09D0     		beq	.L6
  87:.\Generated_Source\PSoC5/Mixer_2_PM.c ****     {
  88:.\Generated_Source\PSoC5/Mixer_2_PM.c ****         /* Component is enabled */
  89:.\Generated_Source\PSoC5/Mixer_2_PM.c ****         Mixer_2_backup.enableState = 1u;
 110              		.loc 1 89 0
 111 0018 40F20003 		movw	r3, #:lower16:Mixer_2_backup
 112 001c C0F20003 		movt	r3, #:upper16:Mixer_2_backup
 113 0020 4FF00102 		mov	r2, #1
 114 0024 1A70     		strb	r2, [r3, #0]
  90:.\Generated_Source\PSoC5/Mixer_2_PM.c ****         /* Stop the configuration */
  91:.\Generated_Source\PSoC5/Mixer_2_PM.c ****         Mixer_2_Stop();
 115              		.loc 1 91 0
 116 0026 FFF7FEFF 		bl	Mixer_2_Stop
 117 002a 06E0     		b	.L7
 118              	.L6:
  92:.\Generated_Source\PSoC5/Mixer_2_PM.c ****     }
  93:.\Generated_Source\PSoC5/Mixer_2_PM.c ****     else
  94:.\Generated_Source\PSoC5/Mixer_2_PM.c ****     {
  95:.\Generated_Source\PSoC5/Mixer_2_PM.c ****         /* Component is disabled */
  96:.\Generated_Source\PSoC5/Mixer_2_PM.c ****         Mixer_2_backup.enableState = 0u;
 119              		.loc 1 96 0
 120 002c 40F20003 		movw	r3, #:lower16:Mixer_2_backup
 121 0030 C0F20003 		movt	r3, #:upper16:Mixer_2_backup
 122 0034 4FF00002 		mov	r2, #0
 123 0038 1A70     		strb	r2, [r3, #0]
 124              	.L7:
  97:.\Generated_Source\PSoC5/Mixer_2_PM.c ****     }
  98:.\Generated_Source\PSoC5/Mixer_2_PM.c ****     /* Saves the user configuration */
  99:.\Generated_Source\PSoC5/Mixer_2_PM.c ****     Mixer_2_SaveConfig();
 125              		.loc 1 99 0
ARM GAS  C:\Users\karunmj\AppData\Local\Temp\ccbDwEwq.s 			page 5


 126 003a FFF7FEFF 		bl	Mixer_2_SaveConfig
 100:.\Generated_Source\PSoC5/Mixer_2_PM.c **** }
 127              		.loc 1 100 0
 128 003e 80BD     		pop	{r7, pc}
 129              		.cfi_endproc
 130              	.LFE2:
 131              		.size	Mixer_2_Sleep, .-Mixer_2_Sleep
 132              		.section	.text.Mixer_2_Wakeup,"ax",%progbits
 133              		.align	2
 134              		.global	Mixer_2_Wakeup
 135              		.thumb
 136              		.thumb_func
 137              		.type	Mixer_2_Wakeup, %function
 138              	Mixer_2_Wakeup:
 139              	.LFB3:
 101:.\Generated_Source\PSoC5/Mixer_2_PM.c **** 
 102:.\Generated_Source\PSoC5/Mixer_2_PM.c **** 
 103:.\Generated_Source\PSoC5/Mixer_2_PM.c **** /*******************************************************************************
 104:.\Generated_Source\PSoC5/Mixer_2_PM.c **** * Function Name: Mixer_2_Wakeup
 105:.\Generated_Source\PSoC5/Mixer_2_PM.c **** ********************************************************************************
 106:.\Generated_Source\PSoC5/Mixer_2_PM.c **** *
 107:.\Generated_Source\PSoC5/Mixer_2_PM.c **** * Summary:
 108:.\Generated_Source\PSoC5/Mixer_2_PM.c **** *  Enables block's operation and restores its configuration. Should be called
 109:.\Generated_Source\PSoC5/Mixer_2_PM.c **** *  just after awaking from sleep.
 110:.\Generated_Source\PSoC5/Mixer_2_PM.c **** *  
 111:.\Generated_Source\PSoC5/Mixer_2_PM.c **** * Parameters:  
 112:.\Generated_Source\PSoC5/Mixer_2_PM.c **** *  None
 113:.\Generated_Source\PSoC5/Mixer_2_PM.c **** *
 114:.\Generated_Source\PSoC5/Mixer_2_PM.c **** * Return: 
 115:.\Generated_Source\PSoC5/Mixer_2_PM.c **** *  void
 116:.\Generated_Source\PSoC5/Mixer_2_PM.c **** *
 117:.\Generated_Source\PSoC5/Mixer_2_PM.c **** * Global variables:
 118:.\Generated_Source\PSoC5/Mixer_2_PM.c **** *  Mixer_2_backup:  The structure field 'enableState' is used to 
 119:.\Generated_Source\PSoC5/Mixer_2_PM.c **** *  restore the enable state of block after wakeup from sleep mode.
 120:.\Generated_Source\PSoC5/Mixer_2_PM.c **** *
 121:.\Generated_Source\PSoC5/Mixer_2_PM.c **** *******************************************************************************/
 122:.\Generated_Source\PSoC5/Mixer_2_PM.c **** void Mixer_2_Wakeup(void) 
 123:.\Generated_Source\PSoC5/Mixer_2_PM.c **** {
 140              		.loc 1 123 0
 141              		.cfi_startproc
 142              		@ args = 0, pretend = 0, frame = 0
 143              		@ frame_needed = 1, uses_anonymous_args = 0
 144 0000 80B5     		push	{r7, lr}
 145              	.LCFI6:
 146              		.cfi_def_cfa_offset 8
 147 0002 00AF     		add	r7, sp, #0
 148              		.cfi_offset 14, -4
 149              		.cfi_offset 7, -8
 150              	.LCFI7:
 151              		.cfi_def_cfa_register 7
 124:.\Generated_Source\PSoC5/Mixer_2_PM.c ****     /* Restore the user configuration */
 125:.\Generated_Source\PSoC5/Mixer_2_PM.c ****     Mixer_2_RestoreConfig();
 152              		.loc 1 125 0
 153 0004 FFF7FEFF 		bl	Mixer_2_RestoreConfig
 126:.\Generated_Source\PSoC5/Mixer_2_PM.c ****     
 127:.\Generated_Source\PSoC5/Mixer_2_PM.c ****     /* Enable's the component operation */
 128:.\Generated_Source\PSoC5/Mixer_2_PM.c ****     if(Mixer_2_backup.enableState == 1u)
ARM GAS  C:\Users\karunmj\AppData\Local\Temp\ccbDwEwq.s 			page 6


 154              		.loc 1 128 0
 155 0008 40F20003 		movw	r3, #:lower16:Mixer_2_backup
 156 000c C0F20003 		movt	r3, #:upper16:Mixer_2_backup
 157 0010 1B78     		ldrb	r3, [r3, #0]	@ zero_extendqisi2
 158 0012 012B     		cmp	r3, #1
 159 0014 01D1     		bne	.L11
 129:.\Generated_Source\PSoC5/Mixer_2_PM.c ****     {
 130:.\Generated_Source\PSoC5/Mixer_2_PM.c ****         Mixer_2_Enable();
 160              		.loc 1 130 0
 161 0016 FFF7FEFF 		bl	Mixer_2_Enable
 162              	.L11:
 131:.\Generated_Source\PSoC5/Mixer_2_PM.c ****     } /* Do nothing if component was disable before */
 132:.\Generated_Source\PSoC5/Mixer_2_PM.c **** }
 163              		.loc 1 132 0
 164 001a 80BD     		pop	{r7, pc}
 165              		.cfi_endproc
 166              	.LFE3:
 167              		.size	Mixer_2_Wakeup, .-Mixer_2_Wakeup
 168              		.text
 169              	.Letext0:
 170              		.section	.debug_loc,"",%progbits
 171              	.Ldebug_loc0:
 172              	.LLST0:
 173 0000 00000000 		.4byte	.LFB0
 174 0004 02000000 		.4byte	.LCFI0
 175 0008 0100     		.2byte	0x1
 176 000a 5D       		.byte	0x5d
 177 000b 02000000 		.4byte	.LCFI0
 178 000f 04000000 		.4byte	.LCFI1
 179 0013 0200     		.2byte	0x2
 180 0015 7D       		.byte	0x7d
 181 0016 04       		.sleb128 4
 182 0017 04000000 		.4byte	.LCFI1
 183 001b 0A000000 		.4byte	.LFE0
 184 001f 0200     		.2byte	0x2
 185 0021 77       		.byte	0x77
 186 0022 04       		.sleb128 4
 187 0023 00000000 		.4byte	0x0
 188 0027 00000000 		.4byte	0x0
 189              	.LLST1:
 190 002b 00000000 		.4byte	.LFB1
 191 002f 02000000 		.4byte	.LCFI2
 192 0033 0100     		.2byte	0x1
 193 0035 5D       		.byte	0x5d
 194 0036 02000000 		.4byte	.LCFI2
 195 003a 04000000 		.4byte	.LCFI3
 196 003e 0200     		.2byte	0x2
 197 0040 7D       		.byte	0x7d
 198 0041 04       		.sleb128 4
 199 0042 04000000 		.4byte	.LCFI3
 200 0046 0A000000 		.4byte	.LFE1
 201 004a 0200     		.2byte	0x2
 202 004c 77       		.byte	0x77
 203 004d 04       		.sleb128 4
 204 004e 00000000 		.4byte	0x0
 205 0052 00000000 		.4byte	0x0
 206              	.LLST2:
ARM GAS  C:\Users\karunmj\AppData\Local\Temp\ccbDwEwq.s 			page 7


 207 0056 00000000 		.4byte	.LFB2
 208 005a 02000000 		.4byte	.LCFI4
 209 005e 0100     		.2byte	0x1
 210 0060 5D       		.byte	0x5d
 211 0061 02000000 		.4byte	.LCFI4
 212 0065 04000000 		.4byte	.LCFI5
 213 0069 0200     		.2byte	0x2
 214 006b 7D       		.byte	0x7d
 215 006c 08       		.sleb128 8
 216 006d 04000000 		.4byte	.LCFI5
 217 0071 40000000 		.4byte	.LFE2
 218 0075 0200     		.2byte	0x2
 219 0077 77       		.byte	0x77
 220 0078 08       		.sleb128 8
 221 0079 00000000 		.4byte	0x0
 222 007d 00000000 		.4byte	0x0
 223              	.LLST3:
 224 0081 00000000 		.4byte	.LFB3
 225 0085 02000000 		.4byte	.LCFI6
 226 0089 0100     		.2byte	0x1
 227 008b 5D       		.byte	0x5d
 228 008c 02000000 		.4byte	.LCFI6
 229 0090 04000000 		.4byte	.LCFI7
 230 0094 0200     		.2byte	0x2
 231 0096 7D       		.byte	0x7d
 232 0097 08       		.sleb128 8
 233 0098 04000000 		.4byte	.LCFI7
 234 009c 1C000000 		.4byte	.LFE3
 235 00a0 0200     		.2byte	0x2
 236 00a2 77       		.byte	0x77
 237 00a3 08       		.sleb128 8
 238 00a4 00000000 		.4byte	0x0
 239 00a8 00000000 		.4byte	0x0
 240              		.file 2 ".\\Generated_Source\\PSoC5\\/Mixer_2.h"
 241              		.file 3 ".\\Generated_Source\\PSoC5\\/cytypes.h"
 242              		.section	.debug_info
 243 0000 40010000 		.4byte	0x140
 244 0004 0200     		.2byte	0x2
 245 0006 00000000 		.4byte	.Ldebug_abbrev0
 246 000a 04       		.byte	0x4
 247 000b 01       		.uleb128 0x1
 248 000c DC000000 		.4byte	.LASF22
 249 0010 01       		.byte	0x1
 250 0011 32010000 		.4byte	.LASF23
 251 0015 21000000 		.4byte	.LASF24
 252 0019 00000000 		.4byte	0x0
 253 001d 00000000 		.4byte	0x0
 254 0021 00000000 		.4byte	.Ldebug_ranges0+0x0
 255 0025 00000000 		.4byte	.Ldebug_line0
 256 0029 02       		.uleb128 0x2
 257 002a 01       		.byte	0x1
 258 002b 06       		.byte	0x6
 259 002c 6E010000 		.4byte	.LASF0
 260 0030 02       		.uleb128 0x2
 261 0031 01       		.byte	0x1
 262 0032 08       		.byte	0x8
 263 0033 FD000000 		.4byte	.LASF1
ARM GAS  C:\Users\karunmj\AppData\Local\Temp\ccbDwEwq.s 			page 8


 264 0037 02       		.uleb128 0x2
 265 0038 02       		.byte	0x2
 266 0039 05       		.byte	0x5
 267 003a 97010000 		.4byte	.LASF2
 268 003e 02       		.uleb128 0x2
 269 003f 02       		.byte	0x2
 270 0040 07       		.byte	0x7
 271 0041 0E000000 		.4byte	.LASF3
 272 0045 02       		.uleb128 0x2
 273 0046 04       		.byte	0x4
 274 0047 05       		.byte	0x5
 275 0048 10010000 		.4byte	.LASF4
 276 004c 02       		.uleb128 0x2
 277 004d 04       		.byte	0x4
 278 004e 07       		.byte	0x7
 279 004f 19010000 		.4byte	.LASF5
 280 0053 02       		.uleb128 0x2
 281 0054 08       		.byte	0x8
 282 0055 05       		.byte	0x5
 283 0056 00000000 		.4byte	.LASF6
 284 005a 02       		.uleb128 0x2
 285 005b 08       		.byte	0x8
 286 005c 07       		.byte	0x7
 287 005d AD000000 		.4byte	.LASF7
 288 0061 03       		.uleb128 0x3
 289 0062 04       		.byte	0x4
 290 0063 05       		.byte	0x5
 291 0064 696E7400 		.ascii	"int\000"
 292 0068 02       		.uleb128 0x2
 293 0069 04       		.byte	0x4
 294 006a 07       		.byte	0x7
 295 006b 72000000 		.4byte	.LASF8
 296 006f 04       		.uleb128 0x4
 297 0070 9E000000 		.4byte	.LASF16
 298 0074 03       		.byte	0x3
 299 0075 4C       		.byte	0x4c
 300 0076 30000000 		.4byte	0x30
 301 007a 02       		.uleb128 0x2
 302 007b 04       		.byte	0x4
 303 007c 04       		.byte	0x4
 304 007d 91010000 		.4byte	.LASF9
 305 0081 02       		.uleb128 0x2
 306 0082 08       		.byte	0x8
 307 0083 04       		.byte	0x4
 308 0084 2B010000 		.4byte	.LASF10
 309 0088 02       		.uleb128 0x2
 310 0089 01       		.byte	0x1
 311 008a 08       		.byte	0x8
 312 008b 0B010000 		.4byte	.LASF11
 313 008f 05       		.uleb128 0x5
 314 0090 04       		.byte	0x4
 315 0091 07       		.byte	0x7
 316 0092 06       		.uleb128 0x6
 317 0093 04       		.byte	0x4
 318 0094 02       		.byte	0x2
 319 0095 2F       		.byte	0x2f
 320 0096 D3000000 		.4byte	0xd3
ARM GAS  C:\Users\karunmj\AppData\Local\Temp\ccbDwEwq.s 			page 9


 321 009a 07       		.uleb128 0x7
 322 009b 7F000000 		.4byte	.LASF12
 323 009f 02       		.byte	0x2
 324 00a0 30       		.byte	0x30
 325 00a1 6F000000 		.4byte	0x6f
 326 00a5 02       		.byte	0x2
 327 00a6 23       		.byte	0x23
 328 00a7 00       		.uleb128 0x0
 329 00a8 07       		.uleb128 0x7
 330 00a9 C4000000 		.4byte	.LASF13
 331 00ad 02       		.byte	0x2
 332 00ae 31       		.byte	0x31
 333 00af 6F000000 		.4byte	0x6f
 334 00b3 02       		.byte	0x2
 335 00b4 23       		.byte	0x23
 336 00b5 01       		.uleb128 0x1
 337 00b6 07       		.uleb128 0x7
 338 00b7 A4000000 		.4byte	.LASF14
 339 00bb 02       		.byte	0x2
 340 00bc 32       		.byte	0x32
 341 00bd 6F000000 		.4byte	0x6f
 342 00c1 02       		.byte	0x2
 343 00c2 23       		.byte	0x23
 344 00c3 02       		.uleb128 0x2
 345 00c4 07       		.uleb128 0x7
 346 00c5 88010000 		.4byte	.LASF15
 347 00c9 02       		.byte	0x2
 348 00ca 33       		.byte	0x33
 349 00cb 6F000000 		.4byte	0x6f
 350 00cf 02       		.byte	0x2
 351 00d0 23       		.byte	0x23
 352 00d1 03       		.uleb128 0x3
 353 00d2 00       		.byte	0x0
 354 00d3 04       		.uleb128 0x4
 355 00d4 E8000000 		.4byte	.LASF17
 356 00d8 02       		.byte	0x2
 357 00d9 34       		.byte	0x34
 358 00da 92000000 		.4byte	0x92
 359 00de 08       		.uleb128 0x8
 360 00df 01       		.byte	0x1
 361 00e0 8B000000 		.4byte	.LASF18
 362 00e4 01       		.byte	0x1
 363 00e5 25       		.byte	0x25
 364 00e6 01       		.byte	0x1
 365 00e7 00000000 		.4byte	.LFB0
 366 00eb 0A000000 		.4byte	.LFE0
 367 00ef 00000000 		.4byte	.LLST0
 368 00f3 08       		.uleb128 0x8
 369 00f4 01       		.byte	0x1
 370 00f5 58010000 		.4byte	.LASF19
 371 00f9 01       		.byte	0x1
 372 00fa 3A       		.byte	0x3a
 373 00fb 01       		.byte	0x1
 374 00fc 00000000 		.4byte	.LFB1
 375 0100 0A000000 		.4byte	.LFE1
 376 0104 2B000000 		.4byte	.LLST1
 377 0108 08       		.uleb128 0x8
ARM GAS  C:\Users\karunmj\AppData\Local\Temp\ccbDwEwq.s 			page 10


 378 0109 01       		.byte	0x1
 379 010a 7A010000 		.4byte	.LASF20
 380 010e 01       		.byte	0x1
 381 010f 53       		.byte	0x53
 382 0110 01       		.byte	0x1
 383 0111 00000000 		.4byte	.LFB2
 384 0115 40000000 		.4byte	.LFE2
 385 0119 56000000 		.4byte	.LLST2
 386 011d 08       		.uleb128 0x8
 387 011e 01       		.byte	0x1
 388 011f CD000000 		.4byte	.LASF21
 389 0123 01       		.byte	0x1
 390 0124 7A       		.byte	0x7a
 391 0125 01       		.byte	0x1
 392 0126 00000000 		.4byte	.LFB3
 393 012a 1C000000 		.4byte	.LFE3
 394 012e 81000000 		.4byte	.LLST3
 395 0132 09       		.uleb128 0x9
 396 0133 A1010000 		.4byte	.LASF25
 397 0137 01       		.byte	0x1
 398 0138 14       		.byte	0x14
 399 0139 D3000000 		.4byte	0xd3
 400 013d 05       		.byte	0x5
 401 013e 03       		.byte	0x3
 402 013f 00000000 		.4byte	Mixer_2_backup
 403 0143 00       		.byte	0x0
 404              		.section	.debug_abbrev
 405 0000 01       		.uleb128 0x1
 406 0001 11       		.uleb128 0x11
 407 0002 01       		.byte	0x1
 408 0003 25       		.uleb128 0x25
 409 0004 0E       		.uleb128 0xe
 410 0005 13       		.uleb128 0x13
 411 0006 0B       		.uleb128 0xb
 412 0007 03       		.uleb128 0x3
 413 0008 0E       		.uleb128 0xe
 414 0009 1B       		.uleb128 0x1b
 415 000a 0E       		.uleb128 0xe
 416 000b 11       		.uleb128 0x11
 417 000c 01       		.uleb128 0x1
 418 000d 52       		.uleb128 0x52
 419 000e 01       		.uleb128 0x1
 420 000f 55       		.uleb128 0x55
 421 0010 06       		.uleb128 0x6
 422 0011 10       		.uleb128 0x10
 423 0012 06       		.uleb128 0x6
 424 0013 00       		.byte	0x0
 425 0014 00       		.byte	0x0
 426 0015 02       		.uleb128 0x2
 427 0016 24       		.uleb128 0x24
 428 0017 00       		.byte	0x0
 429 0018 0B       		.uleb128 0xb
 430 0019 0B       		.uleb128 0xb
 431 001a 3E       		.uleb128 0x3e
 432 001b 0B       		.uleb128 0xb
 433 001c 03       		.uleb128 0x3
 434 001d 0E       		.uleb128 0xe
ARM GAS  C:\Users\karunmj\AppData\Local\Temp\ccbDwEwq.s 			page 11


 435 001e 00       		.byte	0x0
 436 001f 00       		.byte	0x0
 437 0020 03       		.uleb128 0x3
 438 0021 24       		.uleb128 0x24
 439 0022 00       		.byte	0x0
 440 0023 0B       		.uleb128 0xb
 441 0024 0B       		.uleb128 0xb
 442 0025 3E       		.uleb128 0x3e
 443 0026 0B       		.uleb128 0xb
 444 0027 03       		.uleb128 0x3
 445 0028 08       		.uleb128 0x8
 446 0029 00       		.byte	0x0
 447 002a 00       		.byte	0x0
 448 002b 04       		.uleb128 0x4
 449 002c 16       		.uleb128 0x16
 450 002d 00       		.byte	0x0
 451 002e 03       		.uleb128 0x3
 452 002f 0E       		.uleb128 0xe
 453 0030 3A       		.uleb128 0x3a
 454 0031 0B       		.uleb128 0xb
 455 0032 3B       		.uleb128 0x3b
 456 0033 0B       		.uleb128 0xb
 457 0034 49       		.uleb128 0x49
 458 0035 13       		.uleb128 0x13
 459 0036 00       		.byte	0x0
 460 0037 00       		.byte	0x0
 461 0038 05       		.uleb128 0x5
 462 0039 24       		.uleb128 0x24
 463 003a 00       		.byte	0x0
 464 003b 0B       		.uleb128 0xb
 465 003c 0B       		.uleb128 0xb
 466 003d 3E       		.uleb128 0x3e
 467 003e 0B       		.uleb128 0xb
 468 003f 00       		.byte	0x0
 469 0040 00       		.byte	0x0
 470 0041 06       		.uleb128 0x6
 471 0042 13       		.uleb128 0x13
 472 0043 01       		.byte	0x1
 473 0044 0B       		.uleb128 0xb
 474 0045 0B       		.uleb128 0xb
 475 0046 3A       		.uleb128 0x3a
 476 0047 0B       		.uleb128 0xb
 477 0048 3B       		.uleb128 0x3b
 478 0049 0B       		.uleb128 0xb
 479 004a 01       		.uleb128 0x1
 480 004b 13       		.uleb128 0x13
 481 004c 00       		.byte	0x0
 482 004d 00       		.byte	0x0
 483 004e 07       		.uleb128 0x7
 484 004f 0D       		.uleb128 0xd
 485 0050 00       		.byte	0x0
 486 0051 03       		.uleb128 0x3
 487 0052 0E       		.uleb128 0xe
 488 0053 3A       		.uleb128 0x3a
 489 0054 0B       		.uleb128 0xb
 490 0055 3B       		.uleb128 0x3b
 491 0056 0B       		.uleb128 0xb
ARM GAS  C:\Users\karunmj\AppData\Local\Temp\ccbDwEwq.s 			page 12


 492 0057 49       		.uleb128 0x49
 493 0058 13       		.uleb128 0x13
 494 0059 38       		.uleb128 0x38
 495 005a 0A       		.uleb128 0xa
 496 005b 00       		.byte	0x0
 497 005c 00       		.byte	0x0
 498 005d 08       		.uleb128 0x8
 499 005e 2E       		.uleb128 0x2e
 500 005f 00       		.byte	0x0
 501 0060 3F       		.uleb128 0x3f
 502 0061 0C       		.uleb128 0xc
 503 0062 03       		.uleb128 0x3
 504 0063 0E       		.uleb128 0xe
 505 0064 3A       		.uleb128 0x3a
 506 0065 0B       		.uleb128 0xb
 507 0066 3B       		.uleb128 0x3b
 508 0067 0B       		.uleb128 0xb
 509 0068 27       		.uleb128 0x27
 510 0069 0C       		.uleb128 0xc
 511 006a 11       		.uleb128 0x11
 512 006b 01       		.uleb128 0x1
 513 006c 12       		.uleb128 0x12
 514 006d 01       		.uleb128 0x1
 515 006e 40       		.uleb128 0x40
 516 006f 06       		.uleb128 0x6
 517 0070 00       		.byte	0x0
 518 0071 00       		.byte	0x0
 519 0072 09       		.uleb128 0x9
 520 0073 34       		.uleb128 0x34
 521 0074 00       		.byte	0x0
 522 0075 03       		.uleb128 0x3
 523 0076 0E       		.uleb128 0xe
 524 0077 3A       		.uleb128 0x3a
 525 0078 0B       		.uleb128 0xb
 526 0079 3B       		.uleb128 0x3b
 527 007a 0B       		.uleb128 0xb
 528 007b 49       		.uleb128 0x49
 529 007c 13       		.uleb128 0x13
 530 007d 02       		.uleb128 0x2
 531 007e 0A       		.uleb128 0xa
 532 007f 00       		.byte	0x0
 533 0080 00       		.byte	0x0
 534 0081 00       		.byte	0x0
 535              		.section	.debug_pubnames,"",%progbits
 536 0000 64000000 		.4byte	0x64
 537 0004 0200     		.2byte	0x2
 538 0006 00000000 		.4byte	.Ldebug_info0
 539 000a 44010000 		.4byte	0x144
 540 000e DE000000 		.4byte	0xde
 541 0012 4D697865 		.ascii	"Mixer_2_SaveConfig\000"
 541      725F325F 
 541      53617665 
 541      436F6E66 
 541      696700
 542 0025 F3000000 		.4byte	0xf3
 543 0029 4D697865 		.ascii	"Mixer_2_RestoreConfig\000"
 543      725F325F 
ARM GAS  C:\Users\karunmj\AppData\Local\Temp\ccbDwEwq.s 			page 13


 543      52657374 
 543      6F726543 
 543      6F6E6669 
 544 003f 08010000 		.4byte	0x108
 545 0043 4D697865 		.ascii	"Mixer_2_Sleep\000"
 545      725F325F 
 545      536C6565 
 545      7000
 546 0051 1D010000 		.4byte	0x11d
 547 0055 4D697865 		.ascii	"Mixer_2_Wakeup\000"
 547      725F325F 
 547      57616B65 
 547      757000
 548 0064 00000000 		.4byte	0x0
 549              		.section	.debug_aranges,"",%progbits
 550 0000 34000000 		.4byte	0x34
 551 0004 0200     		.2byte	0x2
 552 0006 00000000 		.4byte	.Ldebug_info0
 553 000a 04       		.byte	0x4
 554 000b 00       		.byte	0x0
 555 000c 0000     		.2byte	0x0
 556 000e 0000     		.2byte	0x0
 557 0010 00000000 		.4byte	.LFB0
 558 0014 0A000000 		.4byte	.LFE0-.LFB0
 559 0018 00000000 		.4byte	.LFB1
 560 001c 0A000000 		.4byte	.LFE1-.LFB1
 561 0020 00000000 		.4byte	.LFB2
 562 0024 40000000 		.4byte	.LFE2-.LFB2
 563 0028 00000000 		.4byte	.LFB3
 564 002c 1C000000 		.4byte	.LFE3-.LFB3
 565 0030 00000000 		.4byte	0x0
 566 0034 00000000 		.4byte	0x0
 567              		.section	.debug_ranges,"",%progbits
 568              	.Ldebug_ranges0:
 569 0000 00000000 		.4byte	.Ltext0
 570 0004 00000000 		.4byte	.Letext0
 571 0008 00000000 		.4byte	.LFB0
 572 000c 0A000000 		.4byte	.LFE0
 573 0010 00000000 		.4byte	.LFB1
 574 0014 0A000000 		.4byte	.LFE1
 575 0018 00000000 		.4byte	.LFB2
 576 001c 40000000 		.4byte	.LFE2
 577 0020 00000000 		.4byte	.LFB3
 578 0024 1C000000 		.4byte	.LFE3
 579 0028 00000000 		.4byte	0x0
 580 002c 00000000 		.4byte	0x0
 581              		.section	.debug_str,"MS",%progbits,1
 582              	.LASF6:
 583 0000 6C6F6E67 		.ascii	"long long int\000"
 583      206C6F6E 
 583      6720696E 
 583      7400
 584              	.LASF3:
 585 000e 73686F72 		.ascii	"short unsigned int\000"
 585      7420756E 
 585      7369676E 
 585      65642069 
ARM GAS  C:\Users\karunmj\AppData\Local\Temp\ccbDwEwq.s 			page 14


 585      6E7400
 586              	.LASF24:
 587 0021 433A5C55 		.ascii	"C:\\Users\\karunmj\\Documents\\GitHub\\m2m\\hardwar"
 587      73657273 
 587      5C6B6172 
 587      756E6D6A 
 587      5C446F63 
 588 004e 655C7073 		.ascii	"e\\psoc5\\Campbell_Conductivity.cydsn\000"
 588      6F63355C 
 588      43616D70 
 588      62656C6C 
 588      5F436F6E 
 589              	.LASF8:
 590 0072 756E7369 		.ascii	"unsigned int\000"
 590      676E6564 
 590      20696E74 
 590      00
 591              	.LASF12:
 592 007f 656E6162 		.ascii	"enableState\000"
 592      6C655374 
 592      61746500 
 593              	.LASF18:
 594 008b 4D697865 		.ascii	"Mixer_2_SaveConfig\000"
 594      725F325F 
 594      53617665 
 594      436F6E66 
 594      696700
 595              	.LASF16:
 596 009e 75696E74 		.ascii	"uint8\000"
 596      3800
 597              	.LASF14:
 598 00a4 73634352 		.ascii	"scCR1Reg\000"
 598      31526567 
 598      00
 599              	.LASF7:
 600 00ad 6C6F6E67 		.ascii	"long long unsigned int\000"
 600      206C6F6E 
 600      6720756E 
 600      7369676E 
 600      65642069 
 601              	.LASF13:
 602 00c4 73634352 		.ascii	"scCR0Reg\000"
 602      30526567 
 602      00
 603              	.LASF21:
 604 00cd 4D697865 		.ascii	"Mixer_2_Wakeup\000"
 604      725F325F 
 604      57616B65 
 604      757000
 605              	.LASF22:
 606 00dc 474E5520 		.ascii	"GNU C 4.4.1\000"
 606      4320342E 
 606      342E3100 
 607              	.LASF17:
 608 00e8 4D697865 		.ascii	"Mixer_2_backupStruct\000"
 608      725F325F 
 608      6261636B 
ARM GAS  C:\Users\karunmj\AppData\Local\Temp\ccbDwEwq.s 			page 15


 608      75705374 
 608      72756374 
 609              	.LASF1:
 610 00fd 756E7369 		.ascii	"unsigned char\000"
 610      676E6564 
 610      20636861 
 610      7200
 611              	.LASF11:
 612 010b 63686172 		.ascii	"char\000"
 612      00
 613              	.LASF4:
 614 0110 6C6F6E67 		.ascii	"long int\000"
 614      20696E74 
 614      00
 615              	.LASF5:
 616 0119 6C6F6E67 		.ascii	"long unsigned int\000"
 616      20756E73 
 616      69676E65 
 616      6420696E 
 616      7400
 617              	.LASF10:
 618 012b 646F7562 		.ascii	"double\000"
 618      6C6500
 619              	.LASF23:
 620 0132 2E5C4765 		.ascii	".\\Generated_Source\\PSoC5\\Mixer_2_PM.c\000"
 620      6E657261 
 620      7465645F 
 620      536F7572 
 620      63655C50 
 621              	.LASF19:
 622 0158 4D697865 		.ascii	"Mixer_2_RestoreConfig\000"
 622      725F325F 
 622      52657374 
 622      6F726543 
 622      6F6E6669 
 623              	.LASF0:
 624 016e 7369676E 		.ascii	"signed char\000"
 624      65642063 
 624      68617200 
 625              	.LASF20:
 626 017a 4D697865 		.ascii	"Mixer_2_Sleep\000"
 626      725F325F 
 626      536C6565 
 626      7000
 627              	.LASF15:
 628 0188 73634352 		.ascii	"scCR2Reg\000"
 628      32526567 
 628      00
 629              	.LASF9:
 630 0191 666C6F61 		.ascii	"float\000"
 630      7400
 631              	.LASF2:
 632 0197 73686F72 		.ascii	"short int\000"
 632      7420696E 
 632      7400
 633              	.LASF25:
 634 01a1 4D697865 		.ascii	"Mixer_2_backup\000"
ARM GAS  C:\Users\karunmj\AppData\Local\Temp\ccbDwEwq.s 			page 16


 634      725F325F 
 634      6261636B 
 634      757000
 635              		.ident	"GCC: (Sourcery G++ Lite 2010q1-188) 4.4.1"
