ARM GAS  C:\Users\karunmj\AppData\Local\Temp\ccRbBkBM.s 			page 1


   1              		.syntax unified
   2              		.cpu cortex-m3
   3              		.fpu softvfp
   4              		.eabi_attribute 20, 1
   5              		.eabi_attribute 21, 1
   6              		.eabi_attribute 23, 3
   7              		.eabi_attribute 24, 1
   8              		.eabi_attribute 25, 1
   9              		.eabi_attribute 26, 1
  10              		.eabi_attribute 30, 6
  11              		.eabi_attribute 18, 4
  12              		.thumb
  13              		.file	"main.c"
  14              		.section	.debug_abbrev,"",%progbits
  15              	.Ldebug_abbrev0:
  16              		.section	.debug_info,"",%progbits
  17              	.Ldebug_info0:
  18              		.section	.debug_line,"",%progbits
  19              	.Ldebug_line0:
  20 0000 DB000000 		.text
  20      02006100 
  20      00000201 
  20      FB0E0D00 
  20      01010101 
  21              	.Ltext0:
  22              		.cfi_sections	.debug_frame
  23              		.comm	modem_state,1,1
  24              		.comm	packet_ready,1,1
  25              		.comm	data_packet,128,4
  26              		.comm	data_packet_size,1,1
  27              		.section	.text.main,"ax",%progbits
  28              		.align	2
  29              		.global	main
  30              		.thumb
  31              		.thumb_func
  32              		.type	main, %function
  33              	main:
  34              	.LFB29:
  35              		.file 1 ".\\main.c"
   1:.\main.c      **** /* ========================================
   2:.\main.c      ****  *
   3:.\main.c      ****  * Copyright YOUR COMPANY, THE YEAR
   4:.\main.c      ****  * All Rights Reserved
   5:.\main.c      ****  * UNPUBLISHED, LICENSED SOFTWARE.
   6:.\main.c      ****  *
   7:.\main.c      ****  * CONFIDENTIAL AND PROPRIETARY INFORMATION
   8:.\main.c      ****  * WHICH IS THE PROPERTY OF your company.
   9:.\main.c      ****  *
  10:.\main.c      ****  * ========================================
  11:.\main.c      **** */
  12:.\main.c      **** 
  13:.\main.c      **** #include <stdio.h>
  14:.\main.c      **** #include <string.h>
  15:.\main.c      **** #include <device.h>
  16:.\main.c      **** #include "modem.h"
  17:.\main.c      **** #include "ultrasonic.h"
  18:.\main.c      **** 
ARM GAS  C:\Users\karunmj\AppData\Local\Temp\ccRbBkBM.s 			page 2


  19:.\main.c      **** // define global variables
  20:.\main.c      **** #define     MAX_PACKET_SIZE 128
  21:.\main.c      **** uint8       packet_ready;
  22:.\main.c      **** uint8       data_packet[MAX_PACKET_SIZE];
  23:.\main.c      **** uint8       data_packet_size;
  24:.\main.c      **** 
  25:.\main.c      **** // prototype functions
  26:.\main.c      **** void clear_packet();
  27:.\main.c      **** void write_packet(uint8* packet, uint8 size);
  28:.\main.c      **** 
  29:.\main.c      **** // prototype interrupt
  30:.\main.c      **** CY_ISR_PROTO(isr_timer);
  31:.\main.c      **** 
  32:.\main.c      **** void main(){
  36              		.loc 1 32 0
  37              		.cfi_startproc
  38              		@ args = 0, pretend = 0, frame = 8
  39              		@ frame_needed = 1, uses_anonymous_args = 0
  40 0000 80B5     		push	{r7, lr}
  41              	.LCFI0:
  42              		.cfi_def_cfa_offset 8
  43 0002 82B0     		sub	sp, sp, #8
  44              	.LCFI1:
  45              		.cfi_def_cfa_offset 16
  46 0004 00AF     		add	r7, sp, #0
  47              		.cfi_offset 14, -4
  48              		.cfi_offset 7, -8
  49              	.LCFI2:
  50              		.cfi_def_cfa_register 7
  33:.\main.c      ****     // intialize modem
  34:.\main.c      ****     //modem_start();
  35:.\main.c      ****     // intialize ultrasonic sensor
  36:.\main.c      ****     ultrasonic_start();
  51              		.loc 1 36 0
  52 0006 FFF7FEFF 		bl	ultrasonic_start
  37:.\main.c      ****     // intialize timer
  38:.\main.c      ****     timer_Start();
  53              		.loc 1 38 0
  54 000a FFF7FEFF 		bl	timer_Start
  39:.\main.c      ****     isr_timer_StartEx(isr_timer);
  55              		.loc 1 39 0
  56 000e 40F20000 		movw	r0, #:lower16:isr_timer
  57 0012 C0F20000 		movt	r0, #:upper16:isr_timer
  58 0016 FFF7FEFF 		bl	isr_timer_StartEx
  40:.\main.c      ****     clear_packet();
  59              		.loc 1 40 0
  60 001a FFF7FEFF 		bl	clear_packet
  41:.\main.c      ****     packet_ready = 1u;
  61              		.loc 1 41 0
  62 001e 40F20003 		movw	r3, #:lower16:packet_ready
  63 0022 C0F20003 		movt	r3, #:upper16:packet_ready
  64 0026 4FF00102 		mov	r2, #1
  65 002a 1A70     		strb	r2, [r3, #0]
  42:.\main.c      ****     // enable global interrupt
  43:.\main.c      ****     CyGlobalIntEnable;
  66              		.loc 1 43 0
  67              	@ 43 ".\main.c" 1
ARM GAS  C:\Users\karunmj\AppData\Local\Temp\ccRbBkBM.s 			page 3


  68 002c 62B6     		CPSIE   i
  69              	@ 0 "" 2
  44:.\main.c      ****     uint8 test = ultrasonic_read();
  70              		.loc 1 44 0
  71              		.thumb
  72 002e FFF7FEFF 		bl	ultrasonic_read
  73 0032 0346     		mov	r3, r0
  74 0034 FB71     		strb	r3, [r7, #7]
  75 0036 04E0     		b	.L7
  76              	.L9:
  45:.\main.c      ****     for(;;){
  46:.\main.c      ****         if(packet_ready){
  47:.\main.c      ****             modem_state = modem_get_state();
  48:.\main.c      ****             if(modem_state == MODEM_STATE_OFF){
  49:.\main.c      ****                 modem_power_on();
  50:.\main.c      ****             }
  51:.\main.c      ****             else if(modem_state == MODEM_STATE_IDLE){
  52:.\main.c      ****                 if(!modem_join_network()){  // if modem failed to connect
  53:.\main.c      ****                     modem_reset();
  54:.\main.c      ****                     modem_power_off();
  55:.\main.c      ****                 }
  56:.\main.c      ****             }
  57:.\main.c      ****             else if(modem_state == MODEM_STATE_READY){
  58:.\main.c      ****                 if(!modem_send_packet(data_packet, data_packet_size)){  // if packet failed to send
  59:.\main.c      ****                     modem_reset();
  60:.\main.c      ****                     modem_power_off();
  61:.\main.c      ****                 }
  62:.\main.c      ****                 else{  // if packet successfully sent
  63:.\main.c      ****                     modem_power_off();
  64:.\main.c      ****                     clear_packet();
  65:.\main.c      ****                 }
  66:.\main.c      ****             }
  67:.\main.c      ****         }
  68:.\main.c      ****     }
  77              		.loc 1 68 0
  78 0038 00BF     		nop
  79 003a 02E0     		b	.L7
  80              	.L10:
  81 003c 00BF     		nop
  82 003e 00E0     		b	.L7
  83              	.L11:
  84 0040 00BF     		nop
  85              	.L7:
  86              		.loc 1 46 0
  87 0042 40F20003 		movw	r3, #:lower16:packet_ready
  88 0046 C0F20003 		movt	r3, #:upper16:packet_ready
  89 004a 1B78     		ldrb	r3, [r3, #0]	@ zero_extendqisi2
  90 004c 002B     		cmp	r3, #0
  91 004e F3D0     		beq	.L9
  92              		.loc 1 47 0
  93 0050 FFF7FEFF 		bl	modem_get_state
  94 0054 0346     		mov	r3, r0
  95 0056 1A46     		mov	r2, r3
  96 0058 40F20003 		movw	r3, #:lower16:modem_state
  97 005c C0F20003 		movt	r3, #:upper16:modem_state
  98 0060 1A70     		strb	r2, [r3, #0]
  99              		.loc 1 48 0
ARM GAS  C:\Users\karunmj\AppData\Local\Temp\ccRbBkBM.s 			page 4


 100 0062 40F20003 		movw	r3, #:lower16:modem_state
 101 0066 C0F20003 		movt	r3, #:upper16:modem_state
 102 006a 1B78     		ldrb	r3, [r3, #0]	@ zero_extendqisi2
 103 006c 002B     		cmp	r3, #0
 104 006e 02D1     		bne	.L3
 105              		.loc 1 49 0
 106 0070 FFF7FEFF 		bl	modem_power_on
 107              		.loc 1 68 0
 108 0074 E5E7     		b	.L7
 109              	.L3:
 110              		.loc 1 51 0
 111 0076 40F20003 		movw	r3, #:lower16:modem_state
 112 007a C0F20003 		movt	r3, #:upper16:modem_state
 113 007e 1B78     		ldrb	r3, [r3, #0]	@ zero_extendqisi2
 114 0080 012B     		cmp	r3, #1
 115 0082 09D1     		bne	.L4
 116              		.loc 1 52 0
 117 0084 FFF7FEFF 		bl	modem_join_network
 118 0088 0346     		mov	r3, r0
 119 008a 002B     		cmp	r3, #0
 120 008c D6D1     		bne	.L10
 121              		.loc 1 53 0
 122 008e FFF7FEFF 		bl	modem_reset
 123              		.loc 1 54 0
 124 0092 FFF7FEFF 		bl	modem_power_off
 125              		.loc 1 68 0
 126 0096 D4E7     		b	.L7
 127              	.L4:
 128              		.loc 1 57 0
 129 0098 40F20003 		movw	r3, #:lower16:modem_state
 130 009c C0F20003 		movt	r3, #:upper16:modem_state
 131 00a0 1B78     		ldrb	r3, [r3, #0]	@ zero_extendqisi2
 132 00a2 032B     		cmp	r3, #3
 133 00a4 CCD1     		bne	.L11
 134              		.loc 1 58 0
 135 00a6 40F20003 		movw	r3, #:lower16:data_packet_size
 136 00aa C0F20003 		movt	r3, #:upper16:data_packet_size
 137 00ae 1B78     		ldrb	r3, [r3, #0]	@ zero_extendqisi2
 138 00b0 40F20000 		movw	r0, #:lower16:data_packet
 139 00b4 C0F20000 		movt	r0, #:upper16:data_packet
 140 00b8 1946     		mov	r1, r3
 141 00ba FFF7FEFF 		bl	modem_send_packet
 142 00be 0346     		mov	r3, r0
 143 00c0 002B     		cmp	r3, #0
 144 00c2 04D1     		bne	.L6
 145              		.loc 1 59 0
 146 00c4 FFF7FEFF 		bl	modem_reset
 147              		.loc 1 60 0
 148 00c8 FFF7FEFF 		bl	modem_power_off
 149              		.loc 1 68 0
 150 00cc B9E7     		b	.L7
 151              	.L6:
 152              		.loc 1 63 0
 153 00ce FFF7FEFF 		bl	modem_power_off
 154              		.loc 1 64 0
 155 00d2 FFF7FEFF 		bl	clear_packet
 156              		.loc 1 68 0
ARM GAS  C:\Users\karunmj\AppData\Local\Temp\ccRbBkBM.s 			page 5


 157 00d6 B4E7     		b	.L7
 158              		.cfi_endproc
 159              	.LFE29:
 160              		.size	main, .-main
 161              		.section	.rodata
 162              		.align	2
 163              	.LC0:
 164 0000 50536F43 		.ascii	"PSoC\032\000"
 164      1A00
 165 0006 0000     		.section	.text.isr_timer,"ax",%progbits
 166              		.align	2
 167              		.global	isr_timer
 168              		.thumb
 169              		.thumb_func
 170              		.type	isr_timer, %function
 171              	isr_timer:
 172              	.LFB30:
  69:.\main.c      **** }
  70:.\main.c      **** 
  71:.\main.c      **** CY_ISR(isr_timer){
 173              		.loc 1 71 0
 174              		.cfi_startproc
 175              		@ args = 0, pretend = 0, frame = 0
 176              		@ frame_needed = 1, uses_anonymous_args = 0
 177 0000 80B5     		push	{r7, lr}
 178              	.LCFI3:
 179              		.cfi_def_cfa_offset 8
 180 0002 00AF     		add	r7, sp, #0
 181              		.cfi_offset 14, -4
 182              		.cfi_offset 7, -8
 183              	.LCFI4:
 184              		.cfi_def_cfa_register 7
  72:.\main.c      ****     write_packet("PSoC\032", 5u);
 185              		.loc 1 72 0
 186 0004 40F20000 		movw	r0, #:lower16:.LC0
 187 0008 C0F20000 		movt	r0, #:upper16:.LC0
 188 000c 4FF00501 		mov	r1, #5
 189 0010 FFF7FEFF 		bl	write_packet
  73:.\main.c      ****     timer_ReadStatusRegister();
 190              		.loc 1 73 0
 191 0014 FFF7FEFF 		bl	timer_ReadStatusRegister
  74:.\main.c      **** }
 192              		.loc 1 74 0
 193 0018 80BD     		pop	{r7, pc}
 194              		.cfi_endproc
 195              	.LFE30:
 196              		.size	isr_timer, .-isr_timer
 197 001a 00BF     		.section	.text.clear_packet,"ax",%progbits
 198              		.align	2
 199              		.global	clear_packet
 200              		.thumb
 201              		.thumb_func
 202              		.type	clear_packet, %function
 203              	clear_packet:
 204              	.LFB31:
  75:.\main.c      **** 
  76:.\main.c      **** void clear_packet(){
ARM GAS  C:\Users\karunmj\AppData\Local\Temp\ccRbBkBM.s 			page 6


 205              		.loc 1 76 0
 206              		.cfi_startproc
 207              		@ args = 0, pretend = 0, frame = 8
 208              		@ frame_needed = 1, uses_anonymous_args = 0
 209              		@ link register save eliminated.
 210 0000 80B4     		push	{r7}
 211              	.LCFI5:
 212              		.cfi_def_cfa_offset 4
 213 0002 83B0     		sub	sp, sp, #12
 214              	.LCFI6:
 215              		.cfi_def_cfa_offset 16
 216 0004 00AF     		add	r7, sp, #0
 217              		.cfi_offset 7, -4
 218              	.LCFI7:
 219              		.cfi_def_cfa_register 7
  77:.\main.c      ****     uint8 i;
  78:.\main.c      ****     for(i = 0u; i < MAX_PACKET_SIZE; i++){
 220              		.loc 1 78 0
 221 0006 4FF00003 		mov	r3, #0
 222 000a FB71     		strb	r3, [r7, #7]
 223 000c 0BE0     		b	.L15
 224              	.L16:
  79:.\main.c      ****         data_packet[i] = 0;
 225              		.loc 1 79 0
 226 000e FA79     		ldrb	r2, [r7, #7]	@ zero_extendqisi2
 227 0010 40F20003 		movw	r3, #:lower16:data_packet
 228 0014 C0F20003 		movt	r3, #:upper16:data_packet
 229 0018 4FF00001 		mov	r1, #0
 230 001c 9954     		strb	r1, [r3, r2]
 231              		.loc 1 78 0
 232 001e FB79     		ldrb	r3, [r7, #7]
 233 0020 03F10103 		add	r3, r3, #1
 234 0024 FB71     		strb	r3, [r7, #7]
 235              	.L15:
 236 0026 FB79     		ldrb	r3, [r7, #7]	@ zero_extendqisi2
 237 0028 5BB2     		sxtb	r3, r3
 238 002a 002B     		cmp	r3, #0
 239 002c EFDA     		bge	.L16
  80:.\main.c      ****     }
  81:.\main.c      ****     packet_ready = 0u;
 240              		.loc 1 81 0
 241 002e 40F20003 		movw	r3, #:lower16:packet_ready
 242 0032 C0F20003 		movt	r3, #:upper16:packet_ready
 243 0036 4FF00002 		mov	r2, #0
 244 003a 1A70     		strb	r2, [r3, #0]
  82:.\main.c      ****     data_packet_size = 0u;
 245              		.loc 1 82 0
 246 003c 40F20003 		movw	r3, #:lower16:data_packet_size
 247 0040 C0F20003 		movt	r3, #:upper16:data_packet_size
 248 0044 4FF00002 		mov	r2, #0
 249 0048 1A70     		strb	r2, [r3, #0]
  83:.\main.c      **** }
 250              		.loc 1 83 0
 251 004a 07F10C07 		add	r7, r7, #12
 252 004e BD46     		mov	sp, r7
 253 0050 80BC     		pop	{r7}
 254 0052 7047     		bx	lr
ARM GAS  C:\Users\karunmj\AppData\Local\Temp\ccRbBkBM.s 			page 7


 255              		.cfi_endproc
 256              	.LFE31:
 257              		.size	clear_packet, .-clear_packet
 258              		.section	.text.write_packet,"ax",%progbits
 259              		.align	2
 260              		.global	write_packet
 261              		.thumb
 262              		.thumb_func
 263              		.type	write_packet, %function
 264              	write_packet:
 265              	.LFB32:
  84:.\main.c      **** 
  85:.\main.c      **** void write_packet(uint8* packet, uint8 size){
 266              		.loc 1 85 0
 267              		.cfi_startproc
 268              		@ args = 0, pretend = 0, frame = 16
 269              		@ frame_needed = 1, uses_anonymous_args = 0
 270              		@ link register save eliminated.
 271 0000 80B4     		push	{r7}
 272              	.LCFI8:
 273              		.cfi_def_cfa_offset 4
 274 0002 85B0     		sub	sp, sp, #20
 275              	.LCFI9:
 276              		.cfi_def_cfa_offset 24
 277 0004 00AF     		add	r7, sp, #0
 278              		.cfi_offset 7, -4
 279              	.LCFI10:
 280              		.cfi_def_cfa_register 7
 281 0006 7860     		str	r0, [r7, #4]
 282 0008 0B46     		mov	r3, r1
 283 000a FB70     		strb	r3, [r7, #3]
  86:.\main.c      ****     uint8 i;
  87:.\main.c      ****     for(i = 0u; i < size; i++){
 284              		.loc 1 87 0
 285 000c 4FF00003 		mov	r3, #0
 286 0010 FB73     		strb	r3, [r7, #15]
 287 0012 0DE0     		b	.L19
 288              	.L20:
  88:.\main.c      ****         data_packet[i] = packet[i];
 289              		.loc 1 88 0
 290 0014 FA7B     		ldrb	r2, [r7, #15]	@ zero_extendqisi2
 291 0016 F97B     		ldrb	r1, [r7, #15]	@ zero_extendqisi2
 292 0018 7B68     		ldr	r3, [r7, #4]
 293 001a 0B44     		add	r3, r1, r3
 294 001c 1978     		ldrb	r1, [r3, #0]	@ zero_extendqisi2
 295 001e 40F20003 		movw	r3, #:lower16:data_packet
 296 0022 C0F20003 		movt	r3, #:upper16:data_packet
 297 0026 9954     		strb	r1, [r3, r2]
 298              		.loc 1 87 0
 299 0028 FB7B     		ldrb	r3, [r7, #15]
 300 002a 03F10103 		add	r3, r3, #1
 301 002e FB73     		strb	r3, [r7, #15]
 302              	.L19:
 303 0030 FA7B     		ldrb	r2, [r7, #15]	@ zero_extendqisi2
 304 0032 FB78     		ldrb	r3, [r7, #3]	@ zero_extendqisi2
 305 0034 9A42     		cmp	r2, r3
 306 0036 EDD3     		bcc	.L20
ARM GAS  C:\Users\karunmj\AppData\Local\Temp\ccRbBkBM.s 			page 8


  89:.\main.c      ****     }
  90:.\main.c      ****     packet_ready = 1u; 
 307              		.loc 1 90 0
 308 0038 40F20003 		movw	r3, #:lower16:packet_ready
 309 003c C0F20003 		movt	r3, #:upper16:packet_ready
 310 0040 4FF00102 		mov	r2, #1
 311 0044 1A70     		strb	r2, [r3, #0]
  91:.\main.c      ****     data_packet_size = size;
 312              		.loc 1 91 0
 313 0046 40F20003 		movw	r3, #:lower16:data_packet_size
 314 004a C0F20003 		movt	r3, #:upper16:data_packet_size
 315 004e FA78     		ldrb	r2, [r7, #3]
 316 0050 1A70     		strb	r2, [r3, #0]
  92:.\main.c      **** }
 317              		.loc 1 92 0
 318 0052 07F11407 		add	r7, r7, #20
 319 0056 BD46     		mov	sp, r7
 320 0058 80BC     		pop	{r7}
 321 005a 7047     		bx	lr
 322              		.cfi_endproc
 323              	.LFE32:
 324              		.size	write_packet, .-write_packet
 325              		.text
 326              	.Letext0:
 327              		.section	.debug_loc,"",%progbits
 328              	.Ldebug_loc0:
 329              	.LLST0:
 330 0000 00000000 		.4byte	.LFB29
 331 0004 02000000 		.4byte	.LCFI0
 332 0008 0100     		.2byte	0x1
 333 000a 5D       		.byte	0x5d
 334 000b 02000000 		.4byte	.LCFI0
 335 000f 04000000 		.4byte	.LCFI1
 336 0013 0200     		.2byte	0x2
 337 0015 7D       		.byte	0x7d
 338 0016 08       		.sleb128 8
 339 0017 04000000 		.4byte	.LCFI1
 340 001b 06000000 		.4byte	.LCFI2
 341 001f 0200     		.2byte	0x2
 342 0021 7D       		.byte	0x7d
 343 0022 10       		.sleb128 16
 344 0023 06000000 		.4byte	.LCFI2
 345 0027 D8000000 		.4byte	.LFE29
 346 002b 0200     		.2byte	0x2
 347 002d 77       		.byte	0x77
 348 002e 10       		.sleb128 16
 349 002f 00000000 		.4byte	0x0
 350 0033 00000000 		.4byte	0x0
 351              	.LLST1:
 352 0037 00000000 		.4byte	.LFB30
 353 003b 02000000 		.4byte	.LCFI3
 354 003f 0100     		.2byte	0x1
 355 0041 5D       		.byte	0x5d
 356 0042 02000000 		.4byte	.LCFI3
 357 0046 04000000 		.4byte	.LCFI4
 358 004a 0200     		.2byte	0x2
 359 004c 7D       		.byte	0x7d
ARM GAS  C:\Users\karunmj\AppData\Local\Temp\ccRbBkBM.s 			page 9


 360 004d 08       		.sleb128 8
 361 004e 04000000 		.4byte	.LCFI4
 362 0052 1A000000 		.4byte	.LFE30
 363 0056 0200     		.2byte	0x2
 364 0058 77       		.byte	0x77
 365 0059 08       		.sleb128 8
 366 005a 00000000 		.4byte	0x0
 367 005e 00000000 		.4byte	0x0
 368              	.LLST2:
 369 0062 00000000 		.4byte	.LFB31
 370 0066 02000000 		.4byte	.LCFI5
 371 006a 0100     		.2byte	0x1
 372 006c 5D       		.byte	0x5d
 373 006d 02000000 		.4byte	.LCFI5
 374 0071 04000000 		.4byte	.LCFI6
 375 0075 0200     		.2byte	0x2
 376 0077 7D       		.byte	0x7d
 377 0078 04       		.sleb128 4
 378 0079 04000000 		.4byte	.LCFI6
 379 007d 06000000 		.4byte	.LCFI7
 380 0081 0200     		.2byte	0x2
 381 0083 7D       		.byte	0x7d
 382 0084 10       		.sleb128 16
 383 0085 06000000 		.4byte	.LCFI7
 384 0089 54000000 		.4byte	.LFE31
 385 008d 0200     		.2byte	0x2
 386 008f 77       		.byte	0x77
 387 0090 10       		.sleb128 16
 388 0091 00000000 		.4byte	0x0
 389 0095 00000000 		.4byte	0x0
 390              	.LLST3:
 391 0099 00000000 		.4byte	.LFB32
 392 009d 02000000 		.4byte	.LCFI8
 393 00a1 0100     		.2byte	0x1
 394 00a3 5D       		.byte	0x5d
 395 00a4 02000000 		.4byte	.LCFI8
 396 00a8 04000000 		.4byte	.LCFI9
 397 00ac 0200     		.2byte	0x2
 398 00ae 7D       		.byte	0x7d
 399 00af 04       		.sleb128 4
 400 00b0 04000000 		.4byte	.LCFI9
 401 00b4 06000000 		.4byte	.LCFI10
 402 00b8 0200     		.2byte	0x2
 403 00ba 7D       		.byte	0x7d
 404 00bb 18       		.sleb128 24
 405 00bc 06000000 		.4byte	.LCFI10
 406 00c0 5C000000 		.4byte	.LFE32
 407 00c4 0200     		.2byte	0x2
 408 00c6 77       		.byte	0x77
 409 00c7 18       		.sleb128 24
 410 00c8 00000000 		.4byte	0x0
 411 00cc 00000000 		.4byte	0x0
 412              		.file 2 "./Generated_Source/PSoC5/core_cm3.h"
 413              		.file 3 ".\\/modem.h"
 414              		.file 4 "./Generated_Source/PSoC5/cytypes.h"
 415              		.section	.debug_info
 416 0000 A3010000 		.4byte	0x1a3
ARM GAS  C:\Users\karunmj\AppData\Local\Temp\ccRbBkBM.s 			page 10


 417 0004 0200     		.2byte	0x2
 418 0006 00000000 		.4byte	.Ldebug_abbrev0
 419 000a 04       		.byte	0x4
 420 000b 01       		.uleb128 0x1
 421 000c DA000000 		.4byte	.LASF22
 422 0010 01       		.byte	0x1
 423 0011 70010000 		.4byte	.LASF23
 424 0015 8F000000 		.4byte	.LASF24
 425 0019 00000000 		.4byte	0x0
 426 001d 00000000 		.4byte	0x0
 427 0021 00000000 		.4byte	.Ldebug_ranges0+0x0
 428 0025 00000000 		.4byte	.Ldebug_line0
 429 0029 02       		.uleb128 0x2
 430 002a 04       		.byte	0x4
 431 002b 07       		.byte	0x7
 432 002c 21000000 		.4byte	.LASF0
 433 0030 02       		.uleb128 0x2
 434 0031 01       		.byte	0x1
 435 0032 06       		.byte	0x6
 436 0033 39010000 		.4byte	.LASF1
 437 0037 02       		.uleb128 0x2
 438 0038 01       		.byte	0x1
 439 0039 08       		.byte	0x8
 440 003a E6000000 		.4byte	.LASF2
 441 003e 02       		.uleb128 0x2
 442 003f 02       		.byte	0x2
 443 0040 05       		.byte	0x5
 444 0041 55010000 		.4byte	.LASF3
 445 0045 02       		.uleb128 0x2
 446 0046 02       		.byte	0x2
 447 0047 07       		.byte	0x7
 448 0048 0E000000 		.4byte	.LASF4
 449 004c 03       		.uleb128 0x3
 450 004d 04       		.byte	0x4
 451 004e 05       		.byte	0x5
 452 004f 696E7400 		.ascii	"int\000"
 453 0053 02       		.uleb128 0x2
 454 0054 08       		.byte	0x8
 455 0055 05       		.byte	0x5
 456 0056 00000000 		.4byte	.LASF5
 457 005a 02       		.uleb128 0x2
 458 005b 08       		.byte	0x8
 459 005c 07       		.byte	0x7
 460 005d 6C000000 		.4byte	.LASF6
 461 0061 02       		.uleb128 0x2
 462 0062 04       		.byte	0x4
 463 0063 05       		.byte	0x5
 464 0064 F9000000 		.4byte	.LASF7
 465 0068 04       		.uleb128 0x4
 466 0069 04       		.byte	0x4
 467 006a 07       		.byte	0x7
 468 006b 02       		.uleb128 0x2
 469 006c 04       		.byte	0x4
 470 006d 07       		.byte	0x7
 471 006e 53000000 		.4byte	.LASF8
 472 0072 02       		.uleb128 0x2
 473 0073 01       		.byte	0x1
ARM GAS  C:\Users\karunmj\AppData\Local\Temp\ccRbBkBM.s 			page 11


 474 0074 08       		.byte	0x8
 475 0075 F4000000 		.4byte	.LASF9
 476 0079 05       		.uleb128 0x5
 477 007a 4D000000 		.4byte	.LASF25
 478 007e 04       		.byte	0x4
 479 007f 4C       		.byte	0x4c
 480 0080 37000000 		.4byte	0x37
 481 0084 02       		.uleb128 0x2
 482 0085 04       		.byte	0x4
 483 0086 04       		.byte	0x4
 484 0087 4F010000 		.4byte	.LASF10
 485 008b 02       		.uleb128 0x2
 486 008c 08       		.byte	0x8
 487 008d 04       		.byte	0x4
 488 008e 19010000 		.4byte	.LASF11
 489 0092 06       		.uleb128 0x6
 490 0093 01       		.byte	0x1
 491 0094 3B000000 		.4byte	.LASF12
 492 0098 01       		.byte	0x1
 493 0099 20       		.byte	0x20
 494 009a 00000000 		.4byte	.LFB29
 495 009e D8000000 		.4byte	.LFE29
 496 00a2 00000000 		.4byte	.LLST0
 497 00a6 B9000000 		.4byte	0xb9
 498 00aa 07       		.uleb128 0x7
 499 00ab 4A010000 		.4byte	.LASF14
 500 00af 01       		.byte	0x1
 501 00b0 2C       		.byte	0x2c
 502 00b1 79000000 		.4byte	0x79
 503 00b5 02       		.byte	0x2
 504 00b6 91       		.byte	0x91
 505 00b7 77       		.sleb128 -9
 506 00b8 00       		.byte	0x0
 507 00b9 08       		.uleb128 0x8
 508 00ba 01       		.byte	0x1
 509 00bb 02010000 		.4byte	.LASF26
 510 00bf 01       		.byte	0x1
 511 00c0 47       		.byte	0x47
 512 00c1 01       		.byte	0x1
 513 00c2 00000000 		.4byte	.LFB30
 514 00c6 1A000000 		.4byte	.LFE30
 515 00ca 37000000 		.4byte	.LLST1
 516 00ce 06       		.uleb128 0x6
 517 00cf 01       		.byte	0x1
 518 00d0 0C010000 		.4byte	.LASF13
 519 00d4 01       		.byte	0x1
 520 00d5 4C       		.byte	0x4c
 521 00d6 00000000 		.4byte	.LFB31
 522 00da 54000000 		.4byte	.LFE31
 523 00de 62000000 		.4byte	.LLST2
 524 00e2 F3000000 		.4byte	0xf3
 525 00e6 09       		.uleb128 0x9
 526 00e7 6900     		.ascii	"i\000"
 527 00e9 01       		.byte	0x1
 528 00ea 4D       		.byte	0x4d
 529 00eb 79000000 		.4byte	0x79
 530 00ef 02       		.byte	0x2
ARM GAS  C:\Users\karunmj\AppData\Local\Temp\ccRbBkBM.s 			page 12


 531 00f0 91       		.byte	0x91
 532 00f1 77       		.sleb128 -9
 533 00f2 00       		.byte	0x0
 534 00f3 0A       		.uleb128 0xa
 535 00f4 01       		.byte	0x1
 536 00f5 40000000 		.4byte	.LASF27
 537 00f9 01       		.byte	0x1
 538 00fa 55       		.byte	0x55
 539 00fb 01       		.byte	0x1
 540 00fc 00000000 		.4byte	.LFB32
 541 0100 5C000000 		.4byte	.LFE32
 542 0104 99000000 		.4byte	.LLST3
 543 0108 35010000 		.4byte	0x135
 544 010c 0B       		.uleb128 0xb
 545 010d 65000000 		.4byte	.LASF15
 546 0111 01       		.byte	0x1
 547 0112 55       		.byte	0x55
 548 0113 35010000 		.4byte	0x135
 549 0117 02       		.byte	0x2
 550 0118 91       		.byte	0x91
 551 0119 6C       		.sleb128 -20
 552 011a 0B       		.uleb128 0xb
 553 011b 45010000 		.4byte	.LASF16
 554 011f 01       		.byte	0x1
 555 0120 55       		.byte	0x55
 556 0121 79000000 		.4byte	0x79
 557 0125 02       		.byte	0x2
 558 0126 91       		.byte	0x91
 559 0127 6B       		.sleb128 -21
 560 0128 09       		.uleb128 0x9
 561 0129 6900     		.ascii	"i\000"
 562 012b 01       		.byte	0x1
 563 012c 56       		.byte	0x56
 564 012d 79000000 		.4byte	0x79
 565 0131 02       		.byte	0x2
 566 0132 91       		.byte	0x91
 567 0133 77       		.sleb128 -9
 568 0134 00       		.byte	0x0
 569 0135 0C       		.uleb128 0xc
 570 0136 04       		.byte	0x4
 571 0137 79000000 		.4byte	0x79
 572 013b 0D       		.uleb128 0xd
 573 013c 2C010000 		.4byte	.LASF17
 574 0140 02       		.byte	0x2
 575 0141 CE06     		.2byte	0x6ce
 576 0143 49010000 		.4byte	0x149
 577 0147 01       		.byte	0x1
 578 0148 01       		.byte	0x1
 579 0149 0E       		.uleb128 0xe
 580 014a 4C000000 		.4byte	0x4c
 581 014e 0F       		.uleb128 0xf
 582 014f 20010000 		.4byte	.LASF18
 583 0153 03       		.byte	0x3
 584 0154 12       		.byte	0x12
 585 0155 79000000 		.4byte	0x79
 586 0159 01       		.byte	0x1
 587 015a 05       		.byte	0x5
ARM GAS  C:\Users\karunmj\AppData\Local\Temp\ccRbBkBM.s 			page 13


 588 015b 03       		.byte	0x3
 589 015c 00000000 		.4byte	modem_state
 590 0160 0F       		.uleb128 0xf
 591 0161 2E000000 		.4byte	.LASF19
 592 0165 01       		.byte	0x1
 593 0166 15       		.byte	0x15
 594 0167 79000000 		.4byte	0x79
 595 016b 01       		.byte	0x1
 596 016c 05       		.byte	0x5
 597 016d 03       		.byte	0x3
 598 016e 00000000 		.4byte	packet_ready
 599 0172 10       		.uleb128 0x10
 600 0173 79000000 		.4byte	0x79
 601 0177 82010000 		.4byte	0x182
 602 017b 11       		.uleb128 0x11
 603 017c 68000000 		.4byte	0x68
 604 0180 7F       		.byte	0x7f
 605 0181 00       		.byte	0x0
 606 0182 0F       		.uleb128 0xf
 607 0183 83000000 		.4byte	.LASF20
 608 0187 01       		.byte	0x1
 609 0188 16       		.byte	0x16
 610 0189 72010000 		.4byte	0x172
 611 018d 01       		.byte	0x1
 612 018e 05       		.byte	0x5
 613 018f 03       		.byte	0x3
 614 0190 00000000 		.4byte	data_packet
 615 0194 0F       		.uleb128 0xf
 616 0195 5F010000 		.4byte	.LASF21
 617 0199 01       		.byte	0x1
 618 019a 17       		.byte	0x17
 619 019b 79000000 		.4byte	0x79
 620 019f 01       		.byte	0x1
 621 01a0 05       		.byte	0x5
 622 01a1 03       		.byte	0x3
 623 01a2 00000000 		.4byte	data_packet_size
 624 01a6 00       		.byte	0x0
 625              		.section	.debug_abbrev
 626 0000 01       		.uleb128 0x1
 627 0001 11       		.uleb128 0x11
 628 0002 01       		.byte	0x1
 629 0003 25       		.uleb128 0x25
 630 0004 0E       		.uleb128 0xe
 631 0005 13       		.uleb128 0x13
 632 0006 0B       		.uleb128 0xb
 633 0007 03       		.uleb128 0x3
 634 0008 0E       		.uleb128 0xe
 635 0009 1B       		.uleb128 0x1b
 636 000a 0E       		.uleb128 0xe
 637 000b 11       		.uleb128 0x11
 638 000c 01       		.uleb128 0x1
 639 000d 52       		.uleb128 0x52
 640 000e 01       		.uleb128 0x1
 641 000f 55       		.uleb128 0x55
 642 0010 06       		.uleb128 0x6
 643 0011 10       		.uleb128 0x10
 644 0012 06       		.uleb128 0x6
ARM GAS  C:\Users\karunmj\AppData\Local\Temp\ccRbBkBM.s 			page 14


 645 0013 00       		.byte	0x0
 646 0014 00       		.byte	0x0
 647 0015 02       		.uleb128 0x2
 648 0016 24       		.uleb128 0x24
 649 0017 00       		.byte	0x0
 650 0018 0B       		.uleb128 0xb
 651 0019 0B       		.uleb128 0xb
 652 001a 3E       		.uleb128 0x3e
 653 001b 0B       		.uleb128 0xb
 654 001c 03       		.uleb128 0x3
 655 001d 0E       		.uleb128 0xe
 656 001e 00       		.byte	0x0
 657 001f 00       		.byte	0x0
 658 0020 03       		.uleb128 0x3
 659 0021 24       		.uleb128 0x24
 660 0022 00       		.byte	0x0
 661 0023 0B       		.uleb128 0xb
 662 0024 0B       		.uleb128 0xb
 663 0025 3E       		.uleb128 0x3e
 664 0026 0B       		.uleb128 0xb
 665 0027 03       		.uleb128 0x3
 666 0028 08       		.uleb128 0x8
 667 0029 00       		.byte	0x0
 668 002a 00       		.byte	0x0
 669 002b 04       		.uleb128 0x4
 670 002c 24       		.uleb128 0x24
 671 002d 00       		.byte	0x0
 672 002e 0B       		.uleb128 0xb
 673 002f 0B       		.uleb128 0xb
 674 0030 3E       		.uleb128 0x3e
 675 0031 0B       		.uleb128 0xb
 676 0032 00       		.byte	0x0
 677 0033 00       		.byte	0x0
 678 0034 05       		.uleb128 0x5
 679 0035 16       		.uleb128 0x16
 680 0036 00       		.byte	0x0
 681 0037 03       		.uleb128 0x3
 682 0038 0E       		.uleb128 0xe
 683 0039 3A       		.uleb128 0x3a
 684 003a 0B       		.uleb128 0xb
 685 003b 3B       		.uleb128 0x3b
 686 003c 0B       		.uleb128 0xb
 687 003d 49       		.uleb128 0x49
 688 003e 13       		.uleb128 0x13
 689 003f 00       		.byte	0x0
 690 0040 00       		.byte	0x0
 691 0041 06       		.uleb128 0x6
 692 0042 2E       		.uleb128 0x2e
 693 0043 01       		.byte	0x1
 694 0044 3F       		.uleb128 0x3f
 695 0045 0C       		.uleb128 0xc
 696 0046 03       		.uleb128 0x3
 697 0047 0E       		.uleb128 0xe
 698 0048 3A       		.uleb128 0x3a
 699 0049 0B       		.uleb128 0xb
 700 004a 3B       		.uleb128 0x3b
 701 004b 0B       		.uleb128 0xb
ARM GAS  C:\Users\karunmj\AppData\Local\Temp\ccRbBkBM.s 			page 15


 702 004c 11       		.uleb128 0x11
 703 004d 01       		.uleb128 0x1
 704 004e 12       		.uleb128 0x12
 705 004f 01       		.uleb128 0x1
 706 0050 40       		.uleb128 0x40
 707 0051 06       		.uleb128 0x6
 708 0052 01       		.uleb128 0x1
 709 0053 13       		.uleb128 0x13
 710 0054 00       		.byte	0x0
 711 0055 00       		.byte	0x0
 712 0056 07       		.uleb128 0x7
 713 0057 34       		.uleb128 0x34
 714 0058 00       		.byte	0x0
 715 0059 03       		.uleb128 0x3
 716 005a 0E       		.uleb128 0xe
 717 005b 3A       		.uleb128 0x3a
 718 005c 0B       		.uleb128 0xb
 719 005d 3B       		.uleb128 0x3b
 720 005e 0B       		.uleb128 0xb
 721 005f 49       		.uleb128 0x49
 722 0060 13       		.uleb128 0x13
 723 0061 02       		.uleb128 0x2
 724 0062 0A       		.uleb128 0xa
 725 0063 00       		.byte	0x0
 726 0064 00       		.byte	0x0
 727 0065 08       		.uleb128 0x8
 728 0066 2E       		.uleb128 0x2e
 729 0067 00       		.byte	0x0
 730 0068 3F       		.uleb128 0x3f
 731 0069 0C       		.uleb128 0xc
 732 006a 03       		.uleb128 0x3
 733 006b 0E       		.uleb128 0xe
 734 006c 3A       		.uleb128 0x3a
 735 006d 0B       		.uleb128 0xb
 736 006e 3B       		.uleb128 0x3b
 737 006f 0B       		.uleb128 0xb
 738 0070 27       		.uleb128 0x27
 739 0071 0C       		.uleb128 0xc
 740 0072 11       		.uleb128 0x11
 741 0073 01       		.uleb128 0x1
 742 0074 12       		.uleb128 0x12
 743 0075 01       		.uleb128 0x1
 744 0076 40       		.uleb128 0x40
 745 0077 06       		.uleb128 0x6
 746 0078 00       		.byte	0x0
 747 0079 00       		.byte	0x0
 748 007a 09       		.uleb128 0x9
 749 007b 34       		.uleb128 0x34
 750 007c 00       		.byte	0x0
 751 007d 03       		.uleb128 0x3
 752 007e 08       		.uleb128 0x8
 753 007f 3A       		.uleb128 0x3a
 754 0080 0B       		.uleb128 0xb
 755 0081 3B       		.uleb128 0x3b
 756 0082 0B       		.uleb128 0xb
 757 0083 49       		.uleb128 0x49
 758 0084 13       		.uleb128 0x13
ARM GAS  C:\Users\karunmj\AppData\Local\Temp\ccRbBkBM.s 			page 16


 759 0085 02       		.uleb128 0x2
 760 0086 0A       		.uleb128 0xa
 761 0087 00       		.byte	0x0
 762 0088 00       		.byte	0x0
 763 0089 0A       		.uleb128 0xa
 764 008a 2E       		.uleb128 0x2e
 765 008b 01       		.byte	0x1
 766 008c 3F       		.uleb128 0x3f
 767 008d 0C       		.uleb128 0xc
 768 008e 03       		.uleb128 0x3
 769 008f 0E       		.uleb128 0xe
 770 0090 3A       		.uleb128 0x3a
 771 0091 0B       		.uleb128 0xb
 772 0092 3B       		.uleb128 0x3b
 773 0093 0B       		.uleb128 0xb
 774 0094 27       		.uleb128 0x27
 775 0095 0C       		.uleb128 0xc
 776 0096 11       		.uleb128 0x11
 777 0097 01       		.uleb128 0x1
 778 0098 12       		.uleb128 0x12
 779 0099 01       		.uleb128 0x1
 780 009a 40       		.uleb128 0x40
 781 009b 06       		.uleb128 0x6
 782 009c 01       		.uleb128 0x1
 783 009d 13       		.uleb128 0x13
 784 009e 00       		.byte	0x0
 785 009f 00       		.byte	0x0
 786 00a0 0B       		.uleb128 0xb
 787 00a1 05       		.uleb128 0x5
 788 00a2 00       		.byte	0x0
 789 00a3 03       		.uleb128 0x3
 790 00a4 0E       		.uleb128 0xe
 791 00a5 3A       		.uleb128 0x3a
 792 00a6 0B       		.uleb128 0xb
 793 00a7 3B       		.uleb128 0x3b
 794 00a8 0B       		.uleb128 0xb
 795 00a9 49       		.uleb128 0x49
 796 00aa 13       		.uleb128 0x13
 797 00ab 02       		.uleb128 0x2
 798 00ac 0A       		.uleb128 0xa
 799 00ad 00       		.byte	0x0
 800 00ae 00       		.byte	0x0
 801 00af 0C       		.uleb128 0xc
 802 00b0 0F       		.uleb128 0xf
 803 00b1 00       		.byte	0x0
 804 00b2 0B       		.uleb128 0xb
 805 00b3 0B       		.uleb128 0xb
 806 00b4 49       		.uleb128 0x49
 807 00b5 13       		.uleb128 0x13
 808 00b6 00       		.byte	0x0
 809 00b7 00       		.byte	0x0
 810 00b8 0D       		.uleb128 0xd
 811 00b9 34       		.uleb128 0x34
 812 00ba 00       		.byte	0x0
 813 00bb 03       		.uleb128 0x3
 814 00bc 0E       		.uleb128 0xe
 815 00bd 3A       		.uleb128 0x3a
ARM GAS  C:\Users\karunmj\AppData\Local\Temp\ccRbBkBM.s 			page 17


 816 00be 0B       		.uleb128 0xb
 817 00bf 3B       		.uleb128 0x3b
 818 00c0 05       		.uleb128 0x5
 819 00c1 49       		.uleb128 0x49
 820 00c2 13       		.uleb128 0x13
 821 00c3 3F       		.uleb128 0x3f
 822 00c4 0C       		.uleb128 0xc
 823 00c5 3C       		.uleb128 0x3c
 824 00c6 0C       		.uleb128 0xc
 825 00c7 00       		.byte	0x0
 826 00c8 00       		.byte	0x0
 827 00c9 0E       		.uleb128 0xe
 828 00ca 35       		.uleb128 0x35
 829 00cb 00       		.byte	0x0
 830 00cc 49       		.uleb128 0x49
 831 00cd 13       		.uleb128 0x13
 832 00ce 00       		.byte	0x0
 833 00cf 00       		.byte	0x0
 834 00d0 0F       		.uleb128 0xf
 835 00d1 34       		.uleb128 0x34
 836 00d2 00       		.byte	0x0
 837 00d3 03       		.uleb128 0x3
 838 00d4 0E       		.uleb128 0xe
 839 00d5 3A       		.uleb128 0x3a
 840 00d6 0B       		.uleb128 0xb
 841 00d7 3B       		.uleb128 0x3b
 842 00d8 0B       		.uleb128 0xb
 843 00d9 49       		.uleb128 0x49
 844 00da 13       		.uleb128 0x13
 845 00db 3F       		.uleb128 0x3f
 846 00dc 0C       		.uleb128 0xc
 847 00dd 02       		.uleb128 0x2
 848 00de 0A       		.uleb128 0xa
 849 00df 00       		.byte	0x0
 850 00e0 00       		.byte	0x0
 851 00e1 10       		.uleb128 0x10
 852 00e2 01       		.uleb128 0x1
 853 00e3 01       		.byte	0x1
 854 00e4 49       		.uleb128 0x49
 855 00e5 13       		.uleb128 0x13
 856 00e6 01       		.uleb128 0x1
 857 00e7 13       		.uleb128 0x13
 858 00e8 00       		.byte	0x0
 859 00e9 00       		.byte	0x0
 860 00ea 11       		.uleb128 0x11
 861 00eb 21       		.uleb128 0x21
 862 00ec 00       		.byte	0x0
 863 00ed 49       		.uleb128 0x49
 864 00ee 13       		.uleb128 0x13
 865 00ef 2F       		.uleb128 0x2f
 866 00f0 0B       		.uleb128 0xb
 867 00f1 00       		.byte	0x0
 868 00f2 00       		.byte	0x0
 869 00f3 00       		.byte	0x0
 870              		.section	.debug_pubnames,"",%progbits
 871 0000 8D000000 		.4byte	0x8d
 872 0004 0200     		.2byte	0x2
ARM GAS  C:\Users\karunmj\AppData\Local\Temp\ccRbBkBM.s 			page 18


 873 0006 00000000 		.4byte	.Ldebug_info0
 874 000a A7010000 		.4byte	0x1a7
 875 000e 92000000 		.4byte	0x92
 876 0012 6D61696E 		.ascii	"main\000"
 876      00
 877 0017 B9000000 		.4byte	0xb9
 878 001b 6973725F 		.ascii	"isr_timer\000"
 878      74696D65 
 878      7200
 879 0025 CE000000 		.4byte	0xce
 880 0029 636C6561 		.ascii	"clear_packet\000"
 880      725F7061 
 880      636B6574 
 880      00
 881 0036 F3000000 		.4byte	0xf3
 882 003a 77726974 		.ascii	"write_packet\000"
 882      655F7061 
 882      636B6574 
 882      00
 883 0047 4E010000 		.4byte	0x14e
 884 004b 6D6F6465 		.ascii	"modem_state\000"
 884      6D5F7374 
 884      61746500 
 885 0057 60010000 		.4byte	0x160
 886 005b 7061636B 		.ascii	"packet_ready\000"
 886      65745F72 
 886      65616479 
 886      00
 887 0068 82010000 		.4byte	0x182
 888 006c 64617461 		.ascii	"data_packet\000"
 888      5F706163 
 888      6B657400 
 889 0078 94010000 		.4byte	0x194
 890 007c 64617461 		.ascii	"data_packet_size\000"
 890      5F706163 
 890      6B65745F 
 890      73697A65 
 890      00
 891 008d 00000000 		.4byte	0x0
 892              		.section	.debug_aranges,"",%progbits
 893 0000 34000000 		.4byte	0x34
 894 0004 0200     		.2byte	0x2
 895 0006 00000000 		.4byte	.Ldebug_info0
 896 000a 04       		.byte	0x4
 897 000b 00       		.byte	0x0
 898 000c 0000     		.2byte	0x0
 899 000e 0000     		.2byte	0x0
 900 0010 00000000 		.4byte	.LFB29
 901 0014 D8000000 		.4byte	.LFE29-.LFB29
 902 0018 00000000 		.4byte	.LFB30
 903 001c 1A000000 		.4byte	.LFE30-.LFB30
 904 0020 00000000 		.4byte	.LFB31
 905 0024 54000000 		.4byte	.LFE31-.LFB31
 906 0028 00000000 		.4byte	.LFB32
 907 002c 5C000000 		.4byte	.LFE32-.LFB32
 908 0030 00000000 		.4byte	0x0
 909 0034 00000000 		.4byte	0x0
ARM GAS  C:\Users\karunmj\AppData\Local\Temp\ccRbBkBM.s 			page 19


 910              		.section	.debug_ranges,"",%progbits
 911              	.Ldebug_ranges0:
 912 0000 00000000 		.4byte	.Ltext0
 913 0004 00000000 		.4byte	.Letext0
 914 0008 00000000 		.4byte	.LFB29
 915 000c D8000000 		.4byte	.LFE29
 916 0010 00000000 		.4byte	.LFB30
 917 0014 1A000000 		.4byte	.LFE30
 918 0018 00000000 		.4byte	.LFB31
 919 001c 54000000 		.4byte	.LFE31
 920 0020 00000000 		.4byte	.LFB32
 921 0024 5C000000 		.4byte	.LFE32
 922 0028 00000000 		.4byte	0x0
 923 002c 00000000 		.4byte	0x0
 924              		.section	.debug_str,"MS",%progbits,1
 925              	.LASF5:
 926 0000 6C6F6E67 		.ascii	"long long int\000"
 926      206C6F6E 
 926      6720696E 
 926      7400
 927              	.LASF4:
 928 000e 73686F72 		.ascii	"short unsigned int\000"
 928      7420756E 
 928      7369676E 
 928      65642069 
 928      6E7400
 929              	.LASF0:
 930 0021 756E7369 		.ascii	"unsigned int\000"
 930      676E6564 
 930      20696E74 
 930      00
 931              	.LASF19:
 932 002e 7061636B 		.ascii	"packet_ready\000"
 932      65745F72 
 932      65616479 
 932      00
 933              	.LASF12:
 934 003b 6D61696E 		.ascii	"main\000"
 934      00
 935              	.LASF27:
 936 0040 77726974 		.ascii	"write_packet\000"
 936      655F7061 
 936      636B6574 
 936      00
 937              	.LASF25:
 938 004d 75696E74 		.ascii	"uint8\000"
 938      3800
 939              	.LASF8:
 940 0053 6C6F6E67 		.ascii	"long unsigned int\000"
 940      20756E73 
 940      69676E65 
 940      6420696E 
 940      7400
 941              	.LASF15:
 942 0065 7061636B 		.ascii	"packet\000"
 942      657400
 943              	.LASF6:
ARM GAS  C:\Users\karunmj\AppData\Local\Temp\ccRbBkBM.s 			page 20


 944 006c 6C6F6E67 		.ascii	"long long unsigned int\000"
 944      206C6F6E 
 944      6720756E 
 944      7369676E 
 944      65642069 
 945              	.LASF20:
 946 0083 64617461 		.ascii	"data_packet\000"
 946      5F706163 
 946      6B657400 
 947              	.LASF24:
 948 008f 433A5C55 		.ascii	"C:\\Users\\karunmj\\Documents\\GitHub\\m2m\\hardwar"
 948      73657273 
 948      5C6B6172 
 948      756E6D6A 
 948      5C446F63 
 949 00bc 655C7073 		.ascii	"e\\psoc5\\PSoC_Datalogger.cydsn\000"
 949      6F63355C 
 949      50536F43 
 949      5F446174 
 949      616C6F67 
 950              	.LASF22:
 951 00da 474E5520 		.ascii	"GNU C 4.4.1\000"
 951      4320342E 
 951      342E3100 
 952              	.LASF2:
 953 00e6 756E7369 		.ascii	"unsigned char\000"
 953      676E6564 
 953      20636861 
 953      7200
 954              	.LASF9:
 955 00f4 63686172 		.ascii	"char\000"
 955      00
 956              	.LASF7:
 957 00f9 6C6F6E67 		.ascii	"long int\000"
 957      20696E74 
 957      00
 958              	.LASF26:
 959 0102 6973725F 		.ascii	"isr_timer\000"
 959      74696D65 
 959      7200
 960              	.LASF13:
 961 010c 636C6561 		.ascii	"clear_packet\000"
 961      725F7061 
 961      636B6574 
 961      00
 962              	.LASF11:
 963 0119 646F7562 		.ascii	"double\000"
 963      6C6500
 964              	.LASF18:
 965 0120 6D6F6465 		.ascii	"modem_state\000"
 965      6D5F7374 
 965      61746500 
 966              	.LASF17:
 967 012c 49544D5F 		.ascii	"ITM_RxBuffer\000"
 967      52784275 
 967      66666572 
 967      00
ARM GAS  C:\Users\karunmj\AppData\Local\Temp\ccRbBkBM.s 			page 21


 968              	.LASF1:
 969 0139 7369676E 		.ascii	"signed char\000"
 969      65642063 
 969      68617200 
 970              	.LASF16:
 971 0145 73697A65 		.ascii	"size\000"
 971      00
 972              	.LASF14:
 973 014a 74657374 		.ascii	"test\000"
 973      00
 974              	.LASF10:
 975 014f 666C6F61 		.ascii	"float\000"
 975      7400
 976              	.LASF3:
 977 0155 73686F72 		.ascii	"short int\000"
 977      7420696E 
 977      7400
 978              	.LASF21:
 979 015f 64617461 		.ascii	"data_packet_size\000"
 979      5F706163 
 979      6B65745F 
 979      73697A65 
 979      00
 980              	.LASF23:
 981 0170 2E5C6D61 		.ascii	".\\main.c\000"
 981      696E2E63 
 981      00
 982              		.ident	"GCC: (Sourcery G++ Lite 2010q1-188) 4.4.1"
