--------------- Build Started: 11/14/2013 18:18:50 Project: PSoC_Datalogger, Configuration: ARM GCC 4.4.1 Debug ---------------
cydsfit.exe "-.appdatapath" "C:\Users\karunmj\AppData\Local\Cypress Semiconductor\PSoC Creator\2.2" "-.fdsnotice" "-.fdswarpdepfile=warp_dependencies.txt" "-.fdselabdepfile=elab_dependencies.txt" "-.fdsbldfile=generated_files.txt" "-p" "C:\Users\karunmj\Documents\GitHub\m2m\hardware\psoc5_deprecated\PSoC_Datalogger.cydsn\PSoC_Datalogger.cyprj" "-d" "CY8C5568AXI-060" "-s" "C:\Users\karunmj\Documents\GitHub\m2m\hardware\psoc5_deprecated\PSoC_Datalogger.cydsn\Generated_Source\PSoC5" "--" "-yv2" "-v3" "-ygs" "-q10" "-o2" "-.fftcfgtype=LE"
Elaborating Design...
ADD: prj.M0246: information: PSoC 5LP provides many improvements over PSoC 5. Learn more about migrating to PSoC 5LP at www.cypress.com/go/PSoC5LP
 * PSoC_Datalogger ()
ADD: pft.M0028: warning: Clock Warning: (uart_IntClock's accuracy range '923.077 kHz 単 5.000%, (876.923 kHz - 969.231 kHz)' is not within the specified tolerance range '921.600 kHz 単 2.000%, (903.168 kHz - 940.032 kHz)'.).
 * C:\Program Files (x86)\Cypress\PSoC Creator\2.2\PSoC Creator\psoc\content\cycomponentlibrary\CyComponentLibrary.cylib\UART_v2_30\UART_v2_30.cysch (Instance: IntClock)
 * C:\Users\karunmj\Documents\GitHub\m2m\hardware\psoc5_deprecated\PSoC_Datalogger.cydsn\PSoC_Datalogger.cydwr (uart_IntClock)
ADD: pft.M0028: warning: Clock Warning: (ultrasonic_uart_IntClock's accuracy range '76.677 kHz 単 5.000%, (72.843 kHz - 80.511 kHz)' is not within the specified tolerance range '76.800 kHz 単 2.000%, (75.264 kHz - 78.336 kHz)'.).
 * C:\Program Files (x86)\Cypress\PSoC Creator\2.2\PSoC Creator\psoc\content\cycomponentlibrary\CyComponentLibrary.cylib\UART_v2_30\UART_v2_30.cysch (Instance: IntClock)
 * C:\Users\karunmj\Documents\GitHub\m2m\hardware\psoc5_deprecated\PSoC_Datalogger.cydsn\PSoC_Datalogger.cydwr (ultrasonic_uart_IntClock)
HDL Generation ...
Synthesis ...
Place and Route ...
Tech mapping ...
Info: mpr.M0037: Unused pieces of the design have been optimized out. See the Tech mapping section of the report file for details. (App=cydsfit)
Analog Placement ...
Analog Routing ...
Analog Code Generation ...
Digital Placement ...
Digital Routing ...
Bitstream Generation ...
Static timing analysis ...
API Generation ...
Dependency Generation ...
Clean Temporary Files ...
The compile step is up to date, no work needs to be done.
arm-none-eabi-ar.exe -rs .\ARM_GCC_441\Debug\PSoC_Datalogger.a .\ARM_GCC_441\Debug\core_cm3.o .\ARM_GCC_441\Debug\CyBootAsmGnu.o .\ARM_GCC_441\Debug\CyDmac.o .\ARM_GCC_441\Debug\CyFlash.o .\ARM_GCC_441\Debug\CyLib.o .\ARM_GCC_441\Debug\cyPm.o .\ARM_GCC_441\Debug\CySpc.o .\ARM_GCC_441\Debug\cyutils.o .\ARM_GCC_441\Debug\uart.o .\ARM_GCC_441\Debug\uart_PM.o .\ARM_GCC_441\Debug\uart_INT.o .\ARM_GCC_441\Debug\uart_BOOT.o .\ARM_GCC_441\Debug\uart_IntClock.o .\ARM_GCC_441\Debug\isr_byte_rx.o .\ARM_GCC_441\Debug\timer.o .\ARM_GCC_441\Debug\timer_PM.o .\ARM_GCC_441\Debug\isr_timer.o .\ARM_GCC_441\Debug\modem_power_pin.o .\ARM_GCC_441\Debug\modem_voltage_pin.o .\ARM_GCC_441\Debug\ultrasonic_uart.o .\ARM_GCC_441\Debug\ultrasonic_uart_PM.o .\ARM_GCC_441\Debug\ultrasonic_uart_INT.o .\ARM_GCC_441\Debug\ultrasonic_uart_BOOT.o .\ARM_GCC_441\Debug\ultrasonic_voltage_pin.o .\ARM_GCC_441\Debug\isr_byte_ultrasonic_rx.o .\ARM_GCC_441\Debug\ultrasonic_uart_IntClock.o .\ARM_GCC_441\Debug\ultrasonic_voltage_pin_2.o .\ARM_GCC_441\Debug\ultrasonic_reading_pin.o .\ARM_GCC_441\Debug\cyfitter_cfg.o
arm-none-eabi-ar.exe: creating .\ARM_GCC_441\Debug\PSoC_Datalogger.a
arm-none-eabi-gcc.exe -mthumb -march=armv7-m -mfix-cortex-m3-ldrd -T .\Generated_Source\PSoC5\cm3gcc.ld -g -Wl,-Map,.\ARM_GCC_441\Debug\PSoC_Datalogger.map -Wl,--gc-sections -Wl,--start-group -o .\ARM_GCC_441\Debug\PSoC_Datalogger.elf .\ARM_GCC_441\Debug\modem.o .\ARM_GCC_441\Debug\ultrasonic.o .\ARM_GCC_441\Debug\main.o .\ARM_GCC_441\Debug\Cm3Start.o .\ARM_GCC_441\Debug\PSoC_Datalogger.a "C:\Program Files (x86)\Cypress\PSoC Creator\2.2\PSoC Creator\psoc\content\cycomponentlibrary\CyComponentLibrary.cylib\CortexM3\ARM_GCC_441\Debug\CyComponentLibrary.a" -Wl,--end-group
arm-none-eabi-objcopy.exe -O ihex .\ARM_GCC_441\Debug\PSoC_Datalogger.elf .\ARM_GCC_441\Debug\PSoC_Datalogger.ihx
cyhextool -o .\ARM_GCC_441\Debug\PSoC_Datalogger.hex -f .\ARM_GCC_441\Debug\PSoC_Datalogger.ihx -prot .\Generated_Source\PSoC5\protect.hex -id E13C069 -a EEPROM=90200000:800,PROGRAM=00000000:40000,CONFIG=80000000:8000,PROTECT=90400000:100 -meta 0101 -cunv 00000006 -wonv BC90ACAF -ecc .\Generated_Source\PSoC5\config.hex
Flash used: 7520 of 262144 bytes (2.9 %).
SRAM used: 564 of 65536 bytes (0.9 %).
--------------- Build Succeeded: 11/14/2013 18:19:09 ---------------
