ARM GAS  C:\Users\karunmj\AppData\Local\Temp\ccXkO61o.s 			page 1


   1              		.syntax unified
   2              		.cpu cortex-m3
   3              		.fpu softvfp
   4              		.eabi_attribute 20, 1
   5              		.eabi_attribute 21, 1
   6              		.eabi_attribute 23, 3
   7              		.eabi_attribute 24, 1
   8              		.eabi_attribute 25, 1
   9              		.eabi_attribute 26, 1
  10              		.eabi_attribute 30, 6
  11              		.eabi_attribute 18, 4
  12              		.thumb
  13              		.file	"ultrasonic.c"
  14              		.section	.debug_abbrev,"",%progbits
  15              	.Ldebug_abbrev0:
  16              		.section	.debug_info,"",%progbits
  17              	.Ldebug_info0:
  18              		.section	.debug_line,"",%progbits
  19              	.Ldebug_line0:
  20 0000 B2000000 		.text
  20      02005900 
  20      00000201 
  20      FB0E0D00 
  20      01010101 
  21              	.Ltext0:
  22              		.cfi_sections	.debug_frame
  23              		.section	.text.ultrasonic_start,"ax",%progbits
  24              		.align	2
  25              		.global	ultrasonic_start
  26              		.thumb
  27              		.thumb_func
  28              		.type	ultrasonic_start, %function
  29              	ultrasonic_start:
  30              	.LFB29:
  31              		.file 1 ".\\ultrasonic.c"
   1:.\ultrasonic.c **** /* ========================================
   2:.\ultrasonic.c ****  *
   3:.\ultrasonic.c ****  * Copyright YOUR COMPANY, THE YEAR
   4:.\ultrasonic.c ****  * All Rights Reserved
   5:.\ultrasonic.c ****  * UNPUBLISHED, LICENSED SOFTWARE.
   6:.\ultrasonic.c ****  *
   7:.\ultrasonic.c ****  * CONFIDENTIAL AND PROPRIETARY INFORMATION
   8:.\ultrasonic.c ****  * WHICH IS THE PROPERTY OF your company.
   9:.\ultrasonic.c ****  *
  10:.\ultrasonic.c ****  * ========================================
  11:.\ultrasonic.c **** */
  12:.\ultrasonic.c **** 
  13:.\ultrasonic.c **** #include <device.h>
  14:.\ultrasonic.c **** #include "ultrasonic.h"
  15:.\ultrasonic.c **** 
  16:.\ultrasonic.c **** CY_ISR_PROTO(isr_byte_ultrasonic_rx);
  17:.\ultrasonic.c **** 
  18:.\ultrasonic.c **** void ultrasonic_start(){
  32              		.loc 1 18 0
  33              		.cfi_startproc
  34              		@ args = 0, pretend = 0, frame = 0
  35              		@ frame_needed = 1, uses_anonymous_args = 0
ARM GAS  C:\Users\karunmj\AppData\Local\Temp\ccXkO61o.s 			page 2


  36 0000 80B5     		push	{r7, lr}
  37              	.LCFI0:
  38              		.cfi_def_cfa_offset 8
  39 0002 00AF     		add	r7, sp, #0
  40              		.cfi_offset 14, -4
  41              		.cfi_offset 7, -8
  42              	.LCFI1:
  43              		.cfi_def_cfa_register 7
  19:.\ultrasonic.c ****     ultrasonic_uart_Start();
  44              		.loc 1 19 0
  45 0004 FFF7FEFF 		bl	ultrasonic_uart_Start
  20:.\ultrasonic.c ****     //isr_byte_ultrasonic_rx_StartEx(isr_byte_ultrasonic_rx);
  21:.\ultrasonic.c **** }
  46              		.loc 1 21 0
  47 0008 80BD     		pop	{r7, pc}
  48              		.cfi_endproc
  49              	.LFE29:
  50              		.size	ultrasonic_start, .-ultrasonic_start
  51 000a 00BF     		.section	.text.ultrasonic_read,"ax",%progbits
  52              		.align	2
  53              		.global	ultrasonic_read
  54              		.thumb
  55              		.thumb_func
  56              		.type	ultrasonic_read, %function
  57              	ultrasonic_read:
  58              	.LFB30:
  22:.\ultrasonic.c **** 
  23:.\ultrasonic.c **** uint8 ultrasonic_read(){
  59              		.loc 1 23 0
  60              		.cfi_startproc
  61              		@ args = 0, pretend = 0, frame = 152
  62              		@ frame_needed = 1, uses_anonymous_args = 0
  63 0000 80B5     		push	{r7, lr}
  64              	.LCFI2:
  65              		.cfi_def_cfa_offset 8
  66 0002 A6B0     		sub	sp, sp, #152
  67              	.LCFI3:
  68              		.cfi_def_cfa_offset 160
  69 0004 00AF     		add	r7, sp, #0
  70              		.cfi_offset 14, -4
  71              		.cfi_offset 7, -8
  72              	.LCFI4:
  73              		.cfi_def_cfa_register 7
  24:.\ultrasonic.c ****     uint8 ultrasonic_uart_received_string[128];
  25:.\ultrasonic.c ****     uint8 ultrasonic_uart_return_string[16];
  26:.\ultrasonic.c ****     uint8 i, j, r_count, rx_char;
  27:.\ultrasonic.c ****     
  28:.\ultrasonic.c ****     // provide power to start the sensing
  29:.\ultrasonic.c ****     ultrasonic_voltage_pin_Write(0u); 
  74              		.loc 1 29 0
  75 0006 4FF00000 		mov	r0, #0
  76 000a FFF7FEFF 		bl	ultrasonic_voltage_pin_Write
  30:.\ultrasonic.c ****     CyDelay(250u);
  77              		.loc 1 30 0
  78 000e 4FF0FA00 		mov	r0, #250
  79 0012 FFF7FEFF 		bl	CyDelay
  31:.\ultrasonic.c ****     
ARM GAS  C:\Users\karunmj\AppData\Local\Temp\ccXkO61o.s 			page 3


  32:.\ultrasonic.c ****     // store stream of characters in ultrasonic_uart_received_string
  33:.\ultrasonic.c ****     for(i = 0;i < 128;){
  80              		.loc 1 33 0
  81 0016 4FF00003 		mov	r3, #0
  82 001a 87F89430 		strb	r3, [r7, #148]
  83 001e 17E0     		b	.L4
  84              	.L5:
  34:.\ultrasonic.c ****         rx_char = ultrasonic_uart_GetChar();
  85              		.loc 1 34 0
  86 0020 FFF7FEFF 		bl	ultrasonic_uart_GetChar
  87 0024 0346     		mov	r3, r0
  88 0026 87F89730 		strb	r3, [r7, #151]
  35:.\ultrasonic.c ****         
  36:.\ultrasonic.c ****         if(rx_char){
  89              		.loc 1 36 0
  90 002a 97F89730 		ldrb	r3, [r7, #151]	@ zero_extendqisi2
  91 002e 002B     		cmp	r3, #0
  92 0030 0ED0     		beq	.L4
  37:.\ultrasonic.c ****             ultrasonic_uart_received_string[i] = rx_char;
  93              		.loc 1 37 0
  94 0032 97F89430 		ldrb	r3, [r7, #148]	@ zero_extendqisi2
  95 0036 07F19801 		add	r1, r7, #152
  96 003a 0B44     		add	r3, r1, r3
  97 003c 97F89720 		ldrb	r2, [r7, #151]
  98 0040 03F8842C 		strb	r2, [r3, #-132]
  38:.\ultrasonic.c ****             i++;
  99              		.loc 1 38 0
 100 0044 97F89430 		ldrb	r3, [r7, #148]
 101 0048 03F10103 		add	r3, r3, #1
 102 004c 87F89430 		strb	r3, [r7, #148]
 103              	.L4:
 104              		.loc 1 33 0
 105 0050 97F89430 		ldrb	r3, [r7, #148]	@ zero_extendqisi2
 106 0054 5BB2     		sxtb	r3, r3
 107 0056 002B     		cmp	r3, #0
 108 0058 E2DA     		bge	.L5
  39:.\ultrasonic.c ****         }
  40:.\ultrasonic.c ****     }
  41:.\ultrasonic.c ****     
  42:.\ultrasonic.c ****     // initialize ultrasonic_uart_return_string to zero
  43:.\ultrasonic.c ****     for(i = 0;i < sizeof(ultrasonic_uart_return_string);i++){
 109              		.loc 1 43 0
 110 005a 4FF00003 		mov	r3, #0
 111 005e 87F89430 		strb	r3, [r7, #148]
 112 0062 0EE0     		b	.L6
 113              	.L7:
  44:.\ultrasonic.c ****         ultrasonic_uart_return_string[i] = 0u;
 114              		.loc 1 44 0
 115 0064 97F89430 		ldrb	r3, [r7, #148]	@ zero_extendqisi2
 116 0068 07F19802 		add	r2, r7, #152
 117 006c 1344     		add	r3, r2, r3
 118 006e 4FF00002 		mov	r2, #0
 119 0072 03F8942C 		strb	r2, [r3, #-148]
 120              		.loc 1 43 0
 121 0076 97F89430 		ldrb	r3, [r7, #148]
 122 007a 03F10103 		add	r3, r3, #1
 123 007e 87F89430 		strb	r3, [r7, #148]
ARM GAS  C:\Users\karunmj\AppData\Local\Temp\ccXkO61o.s 			page 4


 124              	.L6:
 125 0082 97F89430 		ldrb	r3, [r7, #148]	@ zero_extendqisi2
 126 0086 0F2B     		cmp	r3, #15
 127 0088 ECD9     		bls	.L7
  45:.\ultrasonic.c ****     }
  46:.\ultrasonic.c ****     
  47:.\ultrasonic.c ****     // get reading from stream and store in ultrasonic_uart_return_string
  48:.\ultrasonic.c ****     for(r_count = 0, i = 0, j = 0;r_count < 2;i++){
 128              		.loc 1 48 0
 129 008a 4FF00003 		mov	r3, #0
 130 008e 87F89630 		strb	r3, [r7, #150]
 131 0092 4FF00003 		mov	r3, #0
 132 0096 87F89430 		strb	r3, [r7, #148]
 133 009a 4FF00003 		mov	r3, #0
 134 009e 87F89530 		strb	r3, [r7, #149]
 135 00a2 3BE0     		b	.L8
 136              	.L14:
  49:.\ultrasonic.c ****         rx_char = ultrasonic_uart_received_string[i];
 137              		.loc 1 49 0
 138 00a4 97F89430 		ldrb	r3, [r7, #148]	@ zero_extendqisi2
 139 00a8 07F19801 		add	r1, r7, #152
 140 00ac 0B44     		add	r3, r1, r3
 141 00ae 13F8843C 		ldrb	r3, [r3, #-132]
 142 00b2 87F89730 		strb	r3, [r7, #151]
  50:.\ultrasonic.c ****         if(rx_char == 82u){
 143              		.loc 1 50 0
 144 00b6 97F89730 		ldrb	r3, [r7, #151]	@ zero_extendqisi2
 145 00ba 522B     		cmp	r3, #82
 146 00bc 05D1     		bne	.L9
  51:.\ultrasonic.c ****             r_count++;      // increment everytime an "R" ascii character is encountered
 147              		.loc 1 51 0
 148 00be 97F89630 		ldrb	r3, [r7, #150]
 149 00c2 03F10103 		add	r3, r3, #1
 150 00c6 87F89630 		strb	r3, [r7, #150]
 151              	.L9:
  52:.\ultrasonic.c ****         }
  53:.\ultrasonic.c ****         if(r_count > 0){    // 
 152              		.loc 1 53 0
 153 00ca 97F89630 		ldrb	r3, [r7, #150]	@ zero_extendqisi2
 154 00ce 002B     		cmp	r3, #0
 155 00d0 13D0     		beq	.L10
  54:.\ultrasonic.c ****             ultrasonic_uart_return_string[j] = ultrasonic_uart_received_string[i];
 156              		.loc 1 54 0
 157 00d2 97F89530 		ldrb	r3, [r7, #149]	@ zero_extendqisi2
 158 00d6 97F89420 		ldrb	r2, [r7, #148]	@ zero_extendqisi2
 159 00da 07F19801 		add	r1, r7, #152
 160 00de 0A44     		add	r2, r1, r2
 161 00e0 12F8842C 		ldrb	r2, [r2, #-132]	@ zero_extendqisi2
 162 00e4 07F19801 		add	r1, r7, #152
 163 00e8 0B44     		add	r3, r1, r3
 164 00ea 03F8942C 		strb	r2, [r3, #-148]
  55:.\ultrasonic.c ****             j++;
 165              		.loc 1 55 0
 166 00ee 97F89530 		ldrb	r3, [r7, #149]
 167 00f2 03F10103 		add	r3, r3, #1
 168 00f6 87F89530 		strb	r3, [r7, #149]
 169              	.L10:
ARM GAS  C:\Users\karunmj\AppData\Local\Temp\ccXkO61o.s 			page 5


  56:.\ultrasonic.c ****         }
  57:.\ultrasonic.c ****         if(i > 126 || j > 14){
 170              		.loc 1 57 0
 171 00fa 97F89430 		ldrb	r3, [r7, #148]	@ zero_extendqisi2
 172 00fe 7E2B     		cmp	r3, #126
 173 0100 03D8     		bhi	.L11
 174 0102 97F89530 		ldrb	r3, [r7, #149]	@ zero_extendqisi2
 175 0106 0E2B     		cmp	r3, #14
 176 0108 02D9     		bls	.L12
 177              	.L11:
  58:.\ultrasonic.c ****             return 0u; 
 178              		.loc 1 58 0
 179 010a 4FF00003 		mov	r3, #0
 180 010e 10E0     		b	.L13
 181              	.L12:
 182              		.loc 1 48 0
 183 0110 97F89430 		ldrb	r3, [r7, #148]
 184 0114 03F10103 		add	r3, r3, #1
 185 0118 87F89430 		strb	r3, [r7, #148]
 186              	.L8:
 187 011c 97F89630 		ldrb	r3, [r7, #150]	@ zero_extendqisi2
 188 0120 012B     		cmp	r3, #1
 189 0122 BFD9     		bls	.L14
  59:.\ultrasonic.c ****         }
  60:.\ultrasonic.c ****     }
  61:.\ultrasonic.c ****     
  62:.\ultrasonic.c ****     ultrasonic_voltage_pin_Write(0u); // cut power to stop the sensing
 190              		.loc 1 62 0
 191 0124 4FF00000 		mov	r0, #0
 192 0128 FFF7FEFF 		bl	ultrasonic_voltage_pin_Write
  63:.\ultrasonic.c ****     return ultrasonic_uart_return_string;
 193              		.loc 1 63 0
 194 012c 07F10403 		add	r3, r7, #4
 195 0130 DBB2     		uxtb	r3, r3
 196              	.L13:
  64:.\ultrasonic.c **** }
 197              		.loc 1 64 0
 198 0132 1846     		mov	r0, r3
 199 0134 07F19807 		add	r7, r7, #152
 200 0138 BD46     		mov	sp, r7
 201 013a 80BD     		pop	{r7, pc}
 202              		.cfi_endproc
 203              	.LFE30:
 204              		.size	ultrasonic_read, .-ultrasonic_read
 205              		.section	.text.isr_byte_ultrasonic_rx,"ax",%progbits
 206              		.align	2
 207              		.global	isr_byte_ultrasonic_rx
 208              		.thumb
 209              		.thumb_func
 210              		.type	isr_byte_ultrasonic_rx, %function
 211              	isr_byte_ultrasonic_rx:
 212              	.LFB31:
  65:.\ultrasonic.c **** 
  66:.\ultrasonic.c **** CY_ISR(isr_byte_ultrasonic_rx){
 213              		.loc 1 66 0
 214              		.cfi_startproc
 215              		@ args = 0, pretend = 0, frame = 8
ARM GAS  C:\Users\karunmj\AppData\Local\Temp\ccXkO61o.s 			page 6


 216              		@ frame_needed = 1, uses_anonymous_args = 0
 217 0000 80B5     		push	{r7, lr}
 218              	.LCFI5:
 219              		.cfi_def_cfa_offset 8
 220 0002 82B0     		sub	sp, sp, #8
 221              	.LCFI6:
 222              		.cfi_def_cfa_offset 16
 223 0004 00AF     		add	r7, sp, #0
 224              		.cfi_offset 14, -4
 225              		.cfi_offset 7, -8
 226              	.LCFI7:
 227              		.cfi_def_cfa_register 7
  67:.\ultrasonic.c ****     // hold the next char in the rx register as a temporary variable
  68:.\ultrasonic.c ****     uint8 rx_char_hold = ultrasonic_uart_GetChar();
 228              		.loc 1 68 0
 229 0006 FFF7FEFF 		bl	ultrasonic_uart_GetChar
 230 000a 0346     		mov	r3, r0
 231 000c 7B71     		strb	r3, [r7, #5]
  69:.\ultrasonic.c ****     uint8 rx_char_hold2 = ultrasonic_uart_GetByte();
 232              		.loc 1 69 0
 233 000e FFF7FEFF 		bl	ultrasonic_uart_GetByte
 234 0012 0346     		mov	r3, r0
 235 0014 BB71     		strb	r3, [r7, #6]
  70:.\ultrasonic.c ****     uint8 rx_char_hold3 = ultrasonic_uart_ReadRxData();
 236              		.loc 1 70 0
 237 0016 FFF7FEFF 		bl	ultrasonic_uart_ReadRxData
 238 001a 0346     		mov	r3, r0
 239 001c FB71     		strb	r3, [r7, #7]
  71:.\ultrasonic.c ****     ultrasonic_uart_ClearRxBuffer();
 240              		.loc 1 71 0
 241 001e FFF7FEFF 		bl	ultrasonic_uart_ClearRxBuffer
  72:.\ultrasonic.c **** }
 242              		.loc 1 72 0
 243 0022 07F10807 		add	r7, r7, #8
 244 0026 BD46     		mov	sp, r7
 245 0028 80BD     		pop	{r7, pc}
 246              		.cfi_endproc
 247              	.LFE31:
 248              		.size	isr_byte_ultrasonic_rx, .-isr_byte_ultrasonic_rx
 249 002a 00BF     		.text
 250              	.Letext0:
 251              		.section	.debug_loc,"",%progbits
 252              	.Ldebug_loc0:
 253              	.LLST0:
 254 0000 00000000 		.4byte	.LFB29
 255 0004 02000000 		.4byte	.LCFI0
 256 0008 0100     		.2byte	0x1
 257 000a 5D       		.byte	0x5d
 258 000b 02000000 		.4byte	.LCFI0
 259 000f 04000000 		.4byte	.LCFI1
 260 0013 0200     		.2byte	0x2
 261 0015 7D       		.byte	0x7d
 262 0016 08       		.sleb128 8
 263 0017 04000000 		.4byte	.LCFI1
 264 001b 0A000000 		.4byte	.LFE29
 265 001f 0200     		.2byte	0x2
 266 0021 77       		.byte	0x77
ARM GAS  C:\Users\karunmj\AppData\Local\Temp\ccXkO61o.s 			page 7


 267 0022 08       		.sleb128 8
 268 0023 00000000 		.4byte	0x0
 269 0027 00000000 		.4byte	0x0
 270              	.LLST1:
 271 002b 00000000 		.4byte	.LFB30
 272 002f 02000000 		.4byte	.LCFI2
 273 0033 0100     		.2byte	0x1
 274 0035 5D       		.byte	0x5d
 275 0036 02000000 		.4byte	.LCFI2
 276 003a 04000000 		.4byte	.LCFI3
 277 003e 0200     		.2byte	0x2
 278 0040 7D       		.byte	0x7d
 279 0041 08       		.sleb128 8
 280 0042 04000000 		.4byte	.LCFI3
 281 0046 06000000 		.4byte	.LCFI4
 282 004a 0300     		.2byte	0x3
 283 004c 7D       		.byte	0x7d
 284 004d A001     		.sleb128 160
 285 004f 06000000 		.4byte	.LCFI4
 286 0053 3C010000 		.4byte	.LFE30
 287 0057 0300     		.2byte	0x3
 288 0059 77       		.byte	0x77
 289 005a A001     		.sleb128 160
 290 005c 00000000 		.4byte	0x0
 291 0060 00000000 		.4byte	0x0
 292              	.LLST2:
 293 0064 00000000 		.4byte	.LFB31
 294 0068 02000000 		.4byte	.LCFI5
 295 006c 0100     		.2byte	0x1
 296 006e 5D       		.byte	0x5d
 297 006f 02000000 		.4byte	.LCFI5
 298 0073 04000000 		.4byte	.LCFI6
 299 0077 0200     		.2byte	0x2
 300 0079 7D       		.byte	0x7d
 301 007a 08       		.sleb128 8
 302 007b 04000000 		.4byte	.LCFI6
 303 007f 06000000 		.4byte	.LCFI7
 304 0083 0200     		.2byte	0x2
 305 0085 7D       		.byte	0x7d
 306 0086 10       		.sleb128 16
 307 0087 06000000 		.4byte	.LCFI7
 308 008b 2A000000 		.4byte	.LFE31
 309 008f 0200     		.2byte	0x2
 310 0091 77       		.byte	0x77
 311 0092 10       		.sleb128 16
 312 0093 00000000 		.4byte	0x0
 313 0097 00000000 		.4byte	0x0
 314              		.file 2 "./Generated_Source/PSoC5/cytypes.h"
 315              		.file 3 "./Generated_Source/PSoC5/core_cm3.h"
 316              		.section	.debug_info
 317 0000 89010000 		.4byte	0x189
 318 0004 0200     		.2byte	0x2
 319 0006 00000000 		.4byte	.Ldebug_abbrev0
 320 000a 04       		.byte	0x4
 321 000b 01       		.uleb128 0x1
 322 000c EB000000 		.4byte	.LASF21
 323 0010 01       		.byte	0x1
ARM GAS  C:\Users\karunmj\AppData\Local\Temp\ccXkO61o.s 			page 8


 324 0011 4F010000 		.4byte	.LASF22
 325 0015 7F000000 		.4byte	.LASF23
 326 0019 00000000 		.4byte	0x0
 327 001d 00000000 		.4byte	0x0
 328 0021 00000000 		.4byte	.Ldebug_ranges0+0x0
 329 0025 00000000 		.4byte	.Ldebug_line0
 330 0029 02       		.uleb128 0x2
 331 002a 01       		.byte	0x1
 332 002b 06       		.byte	0x6
 333 002c 71010000 		.4byte	.LASF0
 334 0030 02       		.uleb128 0x2
 335 0031 01       		.byte	0x1
 336 0032 08       		.byte	0x8
 337 0033 F7000000 		.4byte	.LASF1
 338 0037 02       		.uleb128 0x2
 339 0038 02       		.byte	0x2
 340 0039 05       		.byte	0x5
 341 003a A7010000 		.4byte	.LASF2
 342 003e 02       		.uleb128 0x2
 343 003f 02       		.byte	0x2
 344 0040 07       		.byte	0x7
 345 0041 5E010000 		.4byte	.LASF3
 346 0045 02       		.uleb128 0x2
 347 0046 04       		.byte	0x4
 348 0047 05       		.byte	0x5
 349 0048 46010000 		.4byte	.LASF4
 350 004c 02       		.uleb128 0x2
 351 004d 04       		.byte	0x4
 352 004e 07       		.byte	0x7
 353 004f 56000000 		.4byte	.LASF5
 354 0053 02       		.uleb128 0x2
 355 0054 08       		.byte	0x8
 356 0055 05       		.byte	0x5
 357 0056 00000000 		.4byte	.LASF6
 358 005a 02       		.uleb128 0x2
 359 005b 08       		.byte	0x8
 360 005c 07       		.byte	0x7
 361 005d 68000000 		.4byte	.LASF7
 362 0061 03       		.uleb128 0x3
 363 0062 04       		.byte	0x4
 364 0063 05       		.byte	0x5
 365 0064 696E7400 		.ascii	"int\000"
 366 0068 02       		.uleb128 0x2
 367 0069 04       		.byte	0x4
 368 006a 07       		.byte	0x7
 369 006b 0E000000 		.4byte	.LASF8
 370 006f 04       		.uleb128 0x4
 371 0070 50000000 		.4byte	.LASF24
 372 0074 02       		.byte	0x2
 373 0075 4C       		.byte	0x4c
 374 0076 30000000 		.4byte	0x30
 375 007a 02       		.uleb128 0x2
 376 007b 04       		.byte	0x4
 377 007c 04       		.byte	0x4
 378 007d 85010000 		.4byte	.LASF9
 379 0081 02       		.uleb128 0x2
 380 0082 08       		.byte	0x8
ARM GAS  C:\Users\karunmj\AppData\Local\Temp\ccXkO61o.s 			page 9


 381 0083 04       		.byte	0x4
 382 0084 3F010000 		.4byte	.LASF10
 383 0088 02       		.uleb128 0x2
 384 0089 01       		.byte	0x1
 385 008a 08       		.byte	0x8
 386 008b 25010000 		.4byte	.LASF11
 387 008f 05       		.uleb128 0x5
 388 0090 04       		.byte	0x4
 389 0091 07       		.byte	0x7
 390 0092 06       		.uleb128 0x6
 391 0093 6F000000 		.4byte	0x6f
 392 0097 A2000000 		.4byte	0xa2
 393 009b 07       		.uleb128 0x7
 394 009c 8F000000 		.4byte	0x8f
 395 00a0 0F       		.byte	0xf
 396 00a1 00       		.byte	0x0
 397 00a2 08       		.uleb128 0x8
 398 00a3 01       		.byte	0x1
 399 00a4 DA000000 		.4byte	.LASF25
 400 00a8 01       		.byte	0x1
 401 00a9 12       		.byte	0x12
 402 00aa 00000000 		.4byte	.LFB29
 403 00ae 0A000000 		.4byte	.LFE29
 404 00b2 00000000 		.4byte	.LLST0
 405 00b6 09       		.uleb128 0x9
 406 00b7 01       		.byte	0x1
 407 00b8 CA000000 		.4byte	.LASF16
 408 00bc 01       		.byte	0x1
 409 00bd 17       		.byte	0x17
 410 00be 6F000000 		.4byte	0x6f
 411 00c2 00000000 		.4byte	.LFB30
 412 00c6 3C010000 		.4byte	.LFE30
 413 00ca 2B000000 		.4byte	.LLST1
 414 00ce 25010000 		.4byte	0x125
 415 00d2 0A       		.uleb128 0xa
 416 00d3 05010000 		.4byte	.LASF12
 417 00d7 01       		.byte	0x1
 418 00d8 18       		.byte	0x18
 419 00d9 25010000 		.4byte	0x125
 420 00dd 03       		.byte	0x3
 421 00de 91       		.byte	0x91
 422 00df F47E     		.sleb128 -140
 423 00e1 0A       		.uleb128 0xa
 424 00e2 32000000 		.4byte	.LASF13
 425 00e6 01       		.byte	0x1
 426 00e7 19       		.byte	0x19
 427 00e8 92000000 		.4byte	0x92
 428 00ec 03       		.byte	0x3
 429 00ed 91       		.byte	0x91
 430 00ee E47E     		.sleb128 -156
 431 00f0 0B       		.uleb128 0xb
 432 00f1 6900     		.ascii	"i\000"
 433 00f3 01       		.byte	0x1
 434 00f4 1A       		.byte	0x1a
 435 00f5 6F000000 		.4byte	0x6f
 436 00f9 02       		.byte	0x2
 437 00fa 91       		.byte	0x91
ARM GAS  C:\Users\karunmj\AppData\Local\Temp\ccXkO61o.s 			page 10


 438 00fb 74       		.sleb128 -12
 439 00fc 0B       		.uleb128 0xb
 440 00fd 6A00     		.ascii	"j\000"
 441 00ff 01       		.byte	0x1
 442 0100 1A       		.byte	0x1a
 443 0101 6F000000 		.4byte	0x6f
 444 0105 02       		.byte	0x2
 445 0106 91       		.byte	0x91
 446 0107 75       		.sleb128 -11
 447 0108 0A       		.uleb128 0xa
 448 0109 2A010000 		.4byte	.LASF14
 449 010d 01       		.byte	0x1
 450 010e 1A       		.byte	0x1a
 451 010f 6F000000 		.4byte	0x6f
 452 0113 02       		.byte	0x2
 453 0114 91       		.byte	0x91
 454 0115 76       		.sleb128 -10
 455 0116 0A       		.uleb128 0xa
 456 0117 7D010000 		.4byte	.LASF15
 457 011b 01       		.byte	0x1
 458 011c 1A       		.byte	0x1a
 459 011d 6F000000 		.4byte	0x6f
 460 0121 02       		.byte	0x2
 461 0122 91       		.byte	0x91
 462 0123 77       		.sleb128 -9
 463 0124 00       		.byte	0x0
 464 0125 06       		.uleb128 0x6
 465 0126 6F000000 		.4byte	0x6f
 466 012a 35010000 		.4byte	0x135
 467 012e 07       		.uleb128 0x7
 468 012f 8F000000 		.4byte	0x8f
 469 0133 7F       		.byte	0x7f
 470 0134 00       		.byte	0x0
 471 0135 0C       		.uleb128 0xc
 472 0136 01       		.byte	0x1
 473 0137 1B000000 		.4byte	.LASF17
 474 013b 01       		.byte	0x1
 475 013c 42       		.byte	0x42
 476 013d 01       		.byte	0x1
 477 013e 00000000 		.4byte	.LFB31
 478 0142 2A000000 		.4byte	.LFE31
 479 0146 64000000 		.4byte	.LLST2
 480 014a 79010000 		.4byte	0x179
 481 014e 0A       		.uleb128 0xa
 482 014f B1010000 		.4byte	.LASF18
 483 0153 01       		.byte	0x1
 484 0154 44       		.byte	0x44
 485 0155 6F000000 		.4byte	0x6f
 486 0159 02       		.byte	0x2
 487 015a 91       		.byte	0x91
 488 015b 75       		.sleb128 -11
 489 015c 0A       		.uleb128 0xa
 490 015d 99010000 		.4byte	.LASF19
 491 0161 01       		.byte	0x1
 492 0162 45       		.byte	0x45
 493 0163 6F000000 		.4byte	0x6f
 494 0167 02       		.byte	0x2
ARM GAS  C:\Users\karunmj\AppData\Local\Temp\ccXkO61o.s 			page 11


 495 0168 91       		.byte	0x91
 496 0169 76       		.sleb128 -10
 497 016a 0A       		.uleb128 0xa
 498 016b 8B010000 		.4byte	.LASF20
 499 016f 01       		.byte	0x1
 500 0170 46       		.byte	0x46
 501 0171 6F000000 		.4byte	0x6f
 502 0175 02       		.byte	0x2
 503 0176 91       		.byte	0x91
 504 0177 77       		.sleb128 -9
 505 0178 00       		.byte	0x0
 506 0179 0D       		.uleb128 0xd
 507 017a 32010000 		.4byte	.LASF26
 508 017e 03       		.byte	0x3
 509 017f CE06     		.2byte	0x6ce
 510 0181 87010000 		.4byte	0x187
 511 0185 01       		.byte	0x1
 512 0186 01       		.byte	0x1
 513 0187 0E       		.uleb128 0xe
 514 0188 61000000 		.4byte	0x61
 515 018c 00       		.byte	0x0
 516              		.section	.debug_abbrev
 517 0000 01       		.uleb128 0x1
 518 0001 11       		.uleb128 0x11
 519 0002 01       		.byte	0x1
 520 0003 25       		.uleb128 0x25
 521 0004 0E       		.uleb128 0xe
 522 0005 13       		.uleb128 0x13
 523 0006 0B       		.uleb128 0xb
 524 0007 03       		.uleb128 0x3
 525 0008 0E       		.uleb128 0xe
 526 0009 1B       		.uleb128 0x1b
 527 000a 0E       		.uleb128 0xe
 528 000b 11       		.uleb128 0x11
 529 000c 01       		.uleb128 0x1
 530 000d 52       		.uleb128 0x52
 531 000e 01       		.uleb128 0x1
 532 000f 55       		.uleb128 0x55
 533 0010 06       		.uleb128 0x6
 534 0011 10       		.uleb128 0x10
 535 0012 06       		.uleb128 0x6
 536 0013 00       		.byte	0x0
 537 0014 00       		.byte	0x0
 538 0015 02       		.uleb128 0x2
 539 0016 24       		.uleb128 0x24
 540 0017 00       		.byte	0x0
 541 0018 0B       		.uleb128 0xb
 542 0019 0B       		.uleb128 0xb
 543 001a 3E       		.uleb128 0x3e
 544 001b 0B       		.uleb128 0xb
 545 001c 03       		.uleb128 0x3
 546 001d 0E       		.uleb128 0xe
 547 001e 00       		.byte	0x0
 548 001f 00       		.byte	0x0
 549 0020 03       		.uleb128 0x3
 550 0021 24       		.uleb128 0x24
 551 0022 00       		.byte	0x0
ARM GAS  C:\Users\karunmj\AppData\Local\Temp\ccXkO61o.s 			page 12


 552 0023 0B       		.uleb128 0xb
 553 0024 0B       		.uleb128 0xb
 554 0025 3E       		.uleb128 0x3e
 555 0026 0B       		.uleb128 0xb
 556 0027 03       		.uleb128 0x3
 557 0028 08       		.uleb128 0x8
 558 0029 00       		.byte	0x0
 559 002a 00       		.byte	0x0
 560 002b 04       		.uleb128 0x4
 561 002c 16       		.uleb128 0x16
 562 002d 00       		.byte	0x0
 563 002e 03       		.uleb128 0x3
 564 002f 0E       		.uleb128 0xe
 565 0030 3A       		.uleb128 0x3a
 566 0031 0B       		.uleb128 0xb
 567 0032 3B       		.uleb128 0x3b
 568 0033 0B       		.uleb128 0xb
 569 0034 49       		.uleb128 0x49
 570 0035 13       		.uleb128 0x13
 571 0036 00       		.byte	0x0
 572 0037 00       		.byte	0x0
 573 0038 05       		.uleb128 0x5
 574 0039 24       		.uleb128 0x24
 575 003a 00       		.byte	0x0
 576 003b 0B       		.uleb128 0xb
 577 003c 0B       		.uleb128 0xb
 578 003d 3E       		.uleb128 0x3e
 579 003e 0B       		.uleb128 0xb
 580 003f 00       		.byte	0x0
 581 0040 00       		.byte	0x0
 582 0041 06       		.uleb128 0x6
 583 0042 01       		.uleb128 0x1
 584 0043 01       		.byte	0x1
 585 0044 49       		.uleb128 0x49
 586 0045 13       		.uleb128 0x13
 587 0046 01       		.uleb128 0x1
 588 0047 13       		.uleb128 0x13
 589 0048 00       		.byte	0x0
 590 0049 00       		.byte	0x0
 591 004a 07       		.uleb128 0x7
 592 004b 21       		.uleb128 0x21
 593 004c 00       		.byte	0x0
 594 004d 49       		.uleb128 0x49
 595 004e 13       		.uleb128 0x13
 596 004f 2F       		.uleb128 0x2f
 597 0050 0B       		.uleb128 0xb
 598 0051 00       		.byte	0x0
 599 0052 00       		.byte	0x0
 600 0053 08       		.uleb128 0x8
 601 0054 2E       		.uleb128 0x2e
 602 0055 00       		.byte	0x0
 603 0056 3F       		.uleb128 0x3f
 604 0057 0C       		.uleb128 0xc
 605 0058 03       		.uleb128 0x3
 606 0059 0E       		.uleb128 0xe
 607 005a 3A       		.uleb128 0x3a
 608 005b 0B       		.uleb128 0xb
ARM GAS  C:\Users\karunmj\AppData\Local\Temp\ccXkO61o.s 			page 13


 609 005c 3B       		.uleb128 0x3b
 610 005d 0B       		.uleb128 0xb
 611 005e 11       		.uleb128 0x11
 612 005f 01       		.uleb128 0x1
 613 0060 12       		.uleb128 0x12
 614 0061 01       		.uleb128 0x1
 615 0062 40       		.uleb128 0x40
 616 0063 06       		.uleb128 0x6
 617 0064 00       		.byte	0x0
 618 0065 00       		.byte	0x0
 619 0066 09       		.uleb128 0x9
 620 0067 2E       		.uleb128 0x2e
 621 0068 01       		.byte	0x1
 622 0069 3F       		.uleb128 0x3f
 623 006a 0C       		.uleb128 0xc
 624 006b 03       		.uleb128 0x3
 625 006c 0E       		.uleb128 0xe
 626 006d 3A       		.uleb128 0x3a
 627 006e 0B       		.uleb128 0xb
 628 006f 3B       		.uleb128 0x3b
 629 0070 0B       		.uleb128 0xb
 630 0071 49       		.uleb128 0x49
 631 0072 13       		.uleb128 0x13
 632 0073 11       		.uleb128 0x11
 633 0074 01       		.uleb128 0x1
 634 0075 12       		.uleb128 0x12
 635 0076 01       		.uleb128 0x1
 636 0077 40       		.uleb128 0x40
 637 0078 06       		.uleb128 0x6
 638 0079 01       		.uleb128 0x1
 639 007a 13       		.uleb128 0x13
 640 007b 00       		.byte	0x0
 641 007c 00       		.byte	0x0
 642 007d 0A       		.uleb128 0xa
 643 007e 34       		.uleb128 0x34
 644 007f 00       		.byte	0x0
 645 0080 03       		.uleb128 0x3
 646 0081 0E       		.uleb128 0xe
 647 0082 3A       		.uleb128 0x3a
 648 0083 0B       		.uleb128 0xb
 649 0084 3B       		.uleb128 0x3b
 650 0085 0B       		.uleb128 0xb
 651 0086 49       		.uleb128 0x49
 652 0087 13       		.uleb128 0x13
 653 0088 02       		.uleb128 0x2
 654 0089 0A       		.uleb128 0xa
 655 008a 00       		.byte	0x0
 656 008b 00       		.byte	0x0
 657 008c 0B       		.uleb128 0xb
 658 008d 34       		.uleb128 0x34
 659 008e 00       		.byte	0x0
 660 008f 03       		.uleb128 0x3
 661 0090 08       		.uleb128 0x8
 662 0091 3A       		.uleb128 0x3a
 663 0092 0B       		.uleb128 0xb
 664 0093 3B       		.uleb128 0x3b
 665 0094 0B       		.uleb128 0xb
ARM GAS  C:\Users\karunmj\AppData\Local\Temp\ccXkO61o.s 			page 14


 666 0095 49       		.uleb128 0x49
 667 0096 13       		.uleb128 0x13
 668 0097 02       		.uleb128 0x2
 669 0098 0A       		.uleb128 0xa
 670 0099 00       		.byte	0x0
 671 009a 00       		.byte	0x0
 672 009b 0C       		.uleb128 0xc
 673 009c 2E       		.uleb128 0x2e
 674 009d 01       		.byte	0x1
 675 009e 3F       		.uleb128 0x3f
 676 009f 0C       		.uleb128 0xc
 677 00a0 03       		.uleb128 0x3
 678 00a1 0E       		.uleb128 0xe
 679 00a2 3A       		.uleb128 0x3a
 680 00a3 0B       		.uleb128 0xb
 681 00a4 3B       		.uleb128 0x3b
 682 00a5 0B       		.uleb128 0xb
 683 00a6 27       		.uleb128 0x27
 684 00a7 0C       		.uleb128 0xc
 685 00a8 11       		.uleb128 0x11
 686 00a9 01       		.uleb128 0x1
 687 00aa 12       		.uleb128 0x12
 688 00ab 01       		.uleb128 0x1
 689 00ac 40       		.uleb128 0x40
 690 00ad 06       		.uleb128 0x6
 691 00ae 01       		.uleb128 0x1
 692 00af 13       		.uleb128 0x13
 693 00b0 00       		.byte	0x0
 694 00b1 00       		.byte	0x0
 695 00b2 0D       		.uleb128 0xd
 696 00b3 34       		.uleb128 0x34
 697 00b4 00       		.byte	0x0
 698 00b5 03       		.uleb128 0x3
 699 00b6 0E       		.uleb128 0xe
 700 00b7 3A       		.uleb128 0x3a
 701 00b8 0B       		.uleb128 0xb
 702 00b9 3B       		.uleb128 0x3b
 703 00ba 05       		.uleb128 0x5
 704 00bb 49       		.uleb128 0x49
 705 00bc 13       		.uleb128 0x13
 706 00bd 3F       		.uleb128 0x3f
 707 00be 0C       		.uleb128 0xc
 708 00bf 3C       		.uleb128 0x3c
 709 00c0 0C       		.uleb128 0xc
 710 00c1 00       		.byte	0x0
 711 00c2 00       		.byte	0x0
 712 00c3 0E       		.uleb128 0xe
 713 00c4 35       		.uleb128 0x35
 714 00c5 00       		.byte	0x0
 715 00c6 49       		.uleb128 0x49
 716 00c7 13       		.uleb128 0x13
 717 00c8 00       		.byte	0x0
 718 00c9 00       		.byte	0x0
 719 00ca 00       		.byte	0x0
 720              		.section	.debug_pubnames,"",%progbits
 721 0000 52000000 		.4byte	0x52
 722 0004 0200     		.2byte	0x2
ARM GAS  C:\Users\karunmj\AppData\Local\Temp\ccXkO61o.s 			page 15


 723 0006 00000000 		.4byte	.Ldebug_info0
 724 000a 8D010000 		.4byte	0x18d
 725 000e A2000000 		.4byte	0xa2
 726 0012 756C7472 		.ascii	"ultrasonic_start\000"
 726      61736F6E 
 726      69635F73 
 726      74617274 
 726      00
 727 0023 B6000000 		.4byte	0xb6
 728 0027 756C7472 		.ascii	"ultrasonic_read\000"
 728      61736F6E 
 728      69635F72 
 728      65616400 
 729 0037 35010000 		.4byte	0x135
 730 003b 6973725F 		.ascii	"isr_byte_ultrasonic_rx\000"
 730      62797465 
 730      5F756C74 
 730      7261736F 
 730      6E69635F 
 731 0052 00000000 		.4byte	0x0
 732              		.section	.debug_aranges,"",%progbits
 733 0000 2C000000 		.4byte	0x2c
 734 0004 0200     		.2byte	0x2
 735 0006 00000000 		.4byte	.Ldebug_info0
 736 000a 04       		.byte	0x4
 737 000b 00       		.byte	0x0
 738 000c 0000     		.2byte	0x0
 739 000e 0000     		.2byte	0x0
 740 0010 00000000 		.4byte	.LFB29
 741 0014 0A000000 		.4byte	.LFE29-.LFB29
 742 0018 00000000 		.4byte	.LFB30
 743 001c 3C010000 		.4byte	.LFE30-.LFB30
 744 0020 00000000 		.4byte	.LFB31
 745 0024 2A000000 		.4byte	.LFE31-.LFB31
 746 0028 00000000 		.4byte	0x0
 747 002c 00000000 		.4byte	0x0
 748              		.section	.debug_ranges,"",%progbits
 749              	.Ldebug_ranges0:
 750 0000 00000000 		.4byte	.Ltext0
 751 0004 00000000 		.4byte	.Letext0
 752 0008 00000000 		.4byte	.LFB29
 753 000c 0A000000 		.4byte	.LFE29
 754 0010 00000000 		.4byte	.LFB30
 755 0014 3C010000 		.4byte	.LFE30
 756 0018 00000000 		.4byte	.LFB31
 757 001c 2A000000 		.4byte	.LFE31
 758 0020 00000000 		.4byte	0x0
 759 0024 00000000 		.4byte	0x0
 760              		.section	.debug_str,"MS",%progbits,1
 761              	.LASF6:
 762 0000 6C6F6E67 		.ascii	"long long int\000"
 762      206C6F6E 
 762      6720696E 
 762      7400
 763              	.LASF8:
 764 000e 756E7369 		.ascii	"unsigned int\000"
 764      676E6564 
ARM GAS  C:\Users\karunmj\AppData\Local\Temp\ccXkO61o.s 			page 16


 764      20696E74 
 764      00
 765              	.LASF17:
 766 001b 6973725F 		.ascii	"isr_byte_ultrasonic_rx\000"
 766      62797465 
 766      5F756C74 
 766      7261736F 
 766      6E69635F 
 767              	.LASF13:
 768 0032 756C7472 		.ascii	"ultrasonic_uart_return_string\000"
 768      61736F6E 
 768      69635F75 
 768      6172745F 
 768      72657475 
 769              	.LASF24:
 770 0050 75696E74 		.ascii	"uint8\000"
 770      3800
 771              	.LASF5:
 772 0056 6C6F6E67 		.ascii	"long unsigned int\000"
 772      20756E73 
 772      69676E65 
 772      6420696E 
 772      7400
 773              	.LASF7:
 774 0068 6C6F6E67 		.ascii	"long long unsigned int\000"
 774      206C6F6E 
 774      6720756E 
 774      7369676E 
 774      65642069 
 775              	.LASF23:
 776 007f 433A5C55 		.ascii	"C:\\Users\\karunmj\\Documents\\GitHub\\m2m\\hardwar"
 776      73657273 
 776      5C6B6172 
 776      756E6D6A 
 776      5C446F63 
 777 00ac 655C7073 		.ascii	"e\\psoc5\\PSoC_Datalogger.cydsn\000"
 777      6F63355C 
 777      50536F43 
 777      5F446174 
 777      616C6F67 
 778              	.LASF16:
 779 00ca 756C7472 		.ascii	"ultrasonic_read\000"
 779      61736F6E 
 779      69635F72 
 779      65616400 
 780              	.LASF25:
 781 00da 756C7472 		.ascii	"ultrasonic_start\000"
 781      61736F6E 
 781      69635F73 
 781      74617274 
 781      00
 782              	.LASF21:
 783 00eb 474E5520 		.ascii	"GNU C 4.4.1\000"
 783      4320342E 
 783      342E3100 
 784              	.LASF1:
 785 00f7 756E7369 		.ascii	"unsigned char\000"
ARM GAS  C:\Users\karunmj\AppData\Local\Temp\ccXkO61o.s 			page 17


 785      676E6564 
 785      20636861 
 785      7200
 786              	.LASF12:
 787 0105 756C7472 		.ascii	"ultrasonic_uart_received_string\000"
 787      61736F6E 
 787      69635F75 
 787      6172745F 
 787      72656365 
 788              	.LASF11:
 789 0125 63686172 		.ascii	"char\000"
 789      00
 790              	.LASF14:
 791 012a 725F636F 		.ascii	"r_count\000"
 791      756E7400 
 792              	.LASF26:
 793 0132 49544D5F 		.ascii	"ITM_RxBuffer\000"
 793      52784275 
 793      66666572 
 793      00
 794              	.LASF10:
 795 013f 646F7562 		.ascii	"double\000"
 795      6C6500
 796              	.LASF4:
 797 0146 6C6F6E67 		.ascii	"long int\000"
 797      20696E74 
 797      00
 798              	.LASF22:
 799 014f 2E5C756C 		.ascii	".\\ultrasonic.c\000"
 799      74726173 
 799      6F6E6963 
 799      2E6300
 800              	.LASF3:
 801 015e 73686F72 		.ascii	"short unsigned int\000"
 801      7420756E 
 801      7369676E 
 801      65642069 
 801      6E7400
 802              	.LASF0:
 803 0171 7369676E 		.ascii	"signed char\000"
 803      65642063 
 803      68617200 
 804              	.LASF15:
 805 017d 72785F63 		.ascii	"rx_char\000"
 805      68617200 
 806              	.LASF9:
 807 0185 666C6F61 		.ascii	"float\000"
 807      7400
 808              	.LASF20:
 809 018b 72785F63 		.ascii	"rx_char_hold3\000"
 809      6861725F 
 809      686F6C64 
 809      3300
 810              	.LASF19:
 811 0199 72785F63 		.ascii	"rx_char_hold2\000"
 811      6861725F 
 811      686F6C64 
ARM GAS  C:\Users\karunmj\AppData\Local\Temp\ccXkO61o.s 			page 18


 811      3200
 812              	.LASF2:
 813 01a7 73686F72 		.ascii	"short int\000"
 813      7420696E 
 813      7400
 814              	.LASF18:
 815 01b1 72785F63 		.ascii	"rx_char_hold\000"
 815      6861725F 
 815      686F6C64 
 815      00
 816              		.ident	"GCC: (Sourcery G++ Lite 2010q1-188) 4.4.1"
