ARM GAS  C:\Users\karunmj\AppData\Local\Temp\ccIOUR5g.s 			page 1


   1              		.syntax unified
   2              		.cpu cortex-m3
   3              		.fpu softvfp
   4              		.eabi_attribute 20, 1
   5              		.eabi_attribute 21, 1
   6              		.eabi_attribute 23, 3
   7              		.eabi_attribute 24, 1
   8              		.eabi_attribute 25, 1
   9              		.eabi_attribute 26, 1
  10              		.eabi_attribute 30, 6
  11              		.eabi_attribute 18, 4
  12              		.thumb
  13              		.file	"debug.c"
  14              		.section	.debug_abbrev,"",%progbits
  15              	.Ldebug_abbrev0:
  16              		.section	.debug_info,"",%progbits
  17              	.Ldebug_info0:
  18              		.section	.debug_line,"",%progbits
  19              	.Ldebug_line0:
  20 0000 2B010000 		.text
  20      0200BA00 
  20      00000201 
  20      FB0E0D00 
  20      01010101 
  21              	.Ltext0:
  22              		.cfi_sections	.debug_frame
  23              		.global	write_to_log
  24              		.data
  25              		.type	write_to_log, %object
  26              		.size	write_to_log, 1
  27              	write_to_log:
  28 0000 01       		.byte	1
  29              		.comm	debug_packet,256,4
  30              		.section	.text.debug_on,"ax",%progbits
  31              		.align	2
  32              		.global	debug_on
  33              		.thumb
  34              		.thumb_func
  35              		.type	debug_on, %function
  36              	debug_on:
  37              	.LFB29:
  38              		.file 1 ".\\debug.c"
   1:.\debug.c     **** /* ========================================
   2:.\debug.c     ****  *
   3:.\debug.c     ****  * Copyright YOUR COMPANY, THE YEAR
   4:.\debug.c     ****  * All Rights Reserved
   5:.\debug.c     ****  * UNPUBLISHED, LICENSED SOFTWARE.
   6:.\debug.c     ****  *
   7:.\debug.c     ****  * CONFIDENTIAL AND PROPRIETARY INFORMATION
   8:.\debug.c     ****  * WHICH IS THE PROPERTY OF your company.
   9:.\debug.c     ****  *
  10:.\debug.c     ****  * ========================================
  11:.\debug.c     **** */
  12:.\debug.c     **** #include "debug.h"
  13:.\debug.c     **** 
  14:.\debug.c     **** uint8 write_to_log = 1u;
  15:.\debug.c     **** uint8 debug_packet[MAX_DEBUG_LENGTH];
ARM GAS  C:\Users\karunmj\AppData\Local\Temp\ccIOUR5g.s 			page 2


  16:.\debug.c     **** 
  17:.\debug.c     **** uint8 debug_on() {
  39              		.loc 1 17 0
  40              		.cfi_startproc
  41              		@ args = 0, pretend = 0, frame = 0
  42              		@ frame_needed = 1, uses_anonymous_args = 0
  43              		@ link register save eliminated.
  44 0000 80B4     		push	{r7}
  45              	.LCFI0:
  46              		.cfi_def_cfa_offset 4
  47 0002 00AF     		add	r7, sp, #0
  48              		.cfi_offset 7, -4
  49              	.LCFI1:
  50              		.cfi_def_cfa_register 7
  18:.\debug.c     ****     //FS_Init() command needed?
  19:.\debug.c     ****     return write_to_log = 1u;    
  51              		.loc 1 19 0
  52 0004 40F20003 		movw	r3, #:lower16:write_to_log
  53 0008 C0F20003 		movt	r3, #:upper16:write_to_log
  54 000c 4FF00102 		mov	r2, #1
  55 0010 1A70     		strb	r2, [r3, #0]
  56 0012 40F20003 		movw	r3, #:lower16:write_to_log
  57 0016 C0F20003 		movt	r3, #:upper16:write_to_log
  58 001a 1B78     		ldrb	r3, [r3, #0]	@ zero_extendqisi2
  20:.\debug.c     **** }
  59              		.loc 1 20 0
  60 001c 1846     		mov	r0, r3
  61 001e BD46     		mov	sp, r7
  62 0020 80BC     		pop	{r7}
  63 0022 7047     		bx	lr
  64              		.cfi_endproc
  65              	.LFE29:
  66              		.size	debug_on, .-debug_on
  67              		.section	.text.debug_off,"ax",%progbits
  68              		.align	2
  69              		.global	debug_off
  70              		.thumb
  71              		.thumb_func
  72              		.type	debug_off, %function
  73              	debug_off:
  74              	.LFB30:
  21:.\debug.c     **** 
  22:.\debug.c     **** uint8 debug_off() {
  75              		.loc 1 22 0
  76              		.cfi_startproc
  77              		@ args = 0, pretend = 0, frame = 0
  78              		@ frame_needed = 1, uses_anonymous_args = 0
  79              		@ link register save eliminated.
  80 0000 80B4     		push	{r7}
  81              	.LCFI2:
  82              		.cfi_def_cfa_offset 4
  83 0002 00AF     		add	r7, sp, #0
  84              		.cfi_offset 7, -4
  85              	.LCFI3:
  86              		.cfi_def_cfa_register 7
  23:.\debug.c     ****     return write_to_log = 0u;    
  87              		.loc 1 23 0
ARM GAS  C:\Users\karunmj\AppData\Local\Temp\ccIOUR5g.s 			page 3


  88 0004 40F20003 		movw	r3, #:lower16:write_to_log
  89 0008 C0F20003 		movt	r3, #:upper16:write_to_log
  90 000c 4FF00002 		mov	r2, #0
  91 0010 1A70     		strb	r2, [r3, #0]
  92 0012 40F20003 		movw	r3, #:lower16:write_to_log
  93 0016 C0F20003 		movt	r3, #:upper16:write_to_log
  94 001a 1B78     		ldrb	r3, [r3, #0]	@ zero_extendqisi2
  24:.\debug.c     **** }
  95              		.loc 1 24 0
  96 001c 1846     		mov	r0, r3
  97 001e BD46     		mov	sp, r7
  98 0020 80BC     		pop	{r7}
  99 0022 7047     		bx	lr
 100              		.cfi_endproc
 101              	.LFE30:
 102              		.size	debug_off, .-debug_off
 103              		.section	.text.debug_is_on,"ax",%progbits
 104              		.align	2
 105              		.global	debug_is_on
 106              		.thumb
 107              		.thumb_func
 108              		.type	debug_is_on, %function
 109              	debug_is_on:
 110              	.LFB31:
  25:.\debug.c     **** 
  26:.\debug.c     **** uint8 debug_is_on() {
 111              		.loc 1 26 0
 112              		.cfi_startproc
 113              		@ args = 0, pretend = 0, frame = 0
 114              		@ frame_needed = 1, uses_anonymous_args = 0
 115              		@ link register save eliminated.
 116 0000 80B4     		push	{r7}
 117              	.LCFI4:
 118              		.cfi_def_cfa_offset 4
 119 0002 00AF     		add	r7, sp, #0
 120              		.cfi_offset 7, -4
 121              	.LCFI5:
 122              		.cfi_def_cfa_register 7
  27:.\debug.c     ****     return write_to_log;    
 123              		.loc 1 27 0
 124 0004 40F20003 		movw	r3, #:lower16:write_to_log
 125 0008 C0F20003 		movt	r3, #:upper16:write_to_log
 126 000c 1B78     		ldrb	r3, [r3, #0]	@ zero_extendqisi2
  28:.\debug.c     **** }
 127              		.loc 1 28 0
 128 000e 1846     		mov	r0, r3
 129 0010 BD46     		mov	sp, r7
 130 0012 80BC     		pop	{r7}
 131 0014 7047     		bx	lr
 132              		.cfi_endproc
 133              	.LFE31:
 134              		.size	debug_is_on, .-debug_is_on
 135 0016 00BF     		.section	.rodata
 136              		.align	2
 137              	.LC0:
 138 0000 0D0A2564 		.ascii	"\015\012%d:%d:%d %d/%d/%d -- %s\000"
 138      3A25643A 
ARM GAS  C:\Users\karunmj\AppData\Local\Temp\ccIOUR5g.s 			page 4


 138      25642025 
 138      642F2564 
 138      2F256420 
 139 001a 0000     		.align	2
 140              	.LC1:
 141 001c 64656275 		.ascii	"debuglog.txt\000"
 141      676C6F67 
 141      2E747874 
 141      00
 142 0029 000000   		.align	2
 143              	.LC2:
 144 002c 6100     		.ascii	"a\000"
 145 002e 0000     		.section	.text.debug_write,"ax",%progbits
 146              		.align	2
 147              		.global	debug_write
 148              		.thumb
 149              		.thumb_func
 150              		.type	debug_write, %function
 151              	debug_write:
 152              	.LFB32:
  29:.\debug.c     **** 
  30:.\debug.c     **** void debug_write(const void *pData){
 153              		.loc 1 30 0
 154              		.cfi_startproc
 155              		@ args = 0, pretend = 0, frame = 16
 156              		@ frame_needed = 1, uses_anonymous_args = 0
 157 0000 80B5     		push	{r7, lr}
 158              	.LCFI6:
 159              		.cfi_def_cfa_offset 8
 160 0002 8AB0     		sub	sp, sp, #40
 161              	.LCFI7:
 162              		.cfi_def_cfa_offset 48
 163 0004 06AF     		add	r7, sp, #24
 164              		.cfi_offset 14, -4
 165              		.cfi_offset 7, -8
 166              	.LCFI8:
 167              		.cfi_def_cfa 7, 24
 168 0006 7860     		str	r0, [r7, #4]
  31:.\debug.c     ****     if(write_to_log) {
 169              		.loc 1 31 0
 170 0008 40F20003 		movw	r3, #:lower16:write_to_log
 171 000c C0F20003 		movt	r3, #:upper16:write_to_log
 172 0010 1B78     		ldrb	r3, [r3, #0]	@ zero_extendqisi2
 173 0012 002B     		cmp	r3, #0
 174 0014 35D0     		beq	.L9
 175              	.LBB2:
  32:.\debug.c     **** 
  33:.\debug.c     ****         NeoRtcTimeStruct tm_neo = NeoRTC_Read_Time();
 176              		.loc 1 33 0
 177 0016 07F10803 		add	r3, r7, #8
 178 001a 1846     		mov	r0, r3
 179 001c FFF7FEFF 		bl	NeoRTC_Read_Time
  34:.\debug.c     **** 
  35:.\debug.c     ****         sprintf(debug_packet, "\r\n%d:%d:%d %d/%d/%d -- %s", tm_neo.hour, tm_neo.minute,
 180              		.loc 1 35 0
 181 0020 BB7A     		ldrb	r3, [r7, #10]	@ zero_extendqisi2
 182 0022 1A46     		mov	r2, r3
ARM GAS  C:\Users\karunmj\AppData\Local\Temp\ccIOUR5g.s 			page 5


 183 0024 7B7A     		ldrb	r3, [r7, #9]	@ zero_extendqisi2
  36:.\debug.c     ****                          tm_neo.second, tm_neo.day, tm_neo.month, tm_neo.year, 
 184              		.loc 1 36 0
 185 0026 397A     		ldrb	r1, [r7, #8]	@ zero_extendqisi2
 186              		.loc 1 35 0
 187 0028 8E46     		mov	lr, r1
 188              		.loc 1 36 0
 189 002a F97A     		ldrb	r1, [r7, #11]	@ zero_extendqisi2
 190              		.loc 1 35 0
 191 002c 8C46     		mov	ip, r1
 192              		.loc 1 36 0
 193 002e 797B     		ldrb	r1, [r7, #13]	@ zero_extendqisi2
 194              		.loc 1 35 0
 195 0030 0846     		mov	r0, r1
 196              		.loc 1 36 0
 197 0032 F989     		ldrh	r1, [r7, #14]
 198              		.loc 1 35 0
 199 0034 CDF800E0 		str	lr, [sp, #0]
 200 0038 CDF804C0 		str	ip, [sp, #4]
 201 003c 0290     		str	r0, [sp, #8]
 202 003e 0391     		str	r1, [sp, #12]
 203 0040 7968     		ldr	r1, [r7, #4]
 204 0042 0491     		str	r1, [sp, #16]
 205 0044 40F20000 		movw	r0, #:lower16:debug_packet
 206 0048 C0F20000 		movt	r0, #:upper16:debug_packet
 207 004c 40F20001 		movw	r1, #:lower16:.LC0
 208 0050 C0F20001 		movt	r1, #:upper16:.LC0
 209 0054 FFF7FEFF 		bl	sprintf
  37:.\debug.c     ****                          pData);
  38:.\debug.c     ****                          
  39:.\debug.c     ****         Write_Debug_To_SD_Card("debuglog.txt", "a",  debug_packet, strlen(debug_packet));
 210              		.loc 1 39 0
 211 0058 40F20000 		movw	r0, #:lower16:debug_packet
 212 005c C0F20000 		movt	r0, #:upper16:debug_packet
 213 0060 FFF7FEFF 		bl	strlen
 214 0064 0346     		mov	r3, r0
 215 0066 40F20000 		movw	r0, #:lower16:.LC1
 216 006a C0F20000 		movt	r0, #:upper16:.LC1
 217 006e 40F20001 		movw	r1, #:lower16:.LC2
 218 0072 C0F20001 		movt	r1, #:upper16:.LC2
 219 0076 40F20002 		movw	r2, #:lower16:debug_packet
 220 007a C0F20002 		movt	r2, #:upper16:debug_packet
 221 007e FFF7FEFF 		bl	Write_Debug_To_SD_Card
 222              	.L9:
 223              	.LBE2:
  40:.\debug.c     ****     }
  41:.\debug.c     **** }
 224              		.loc 1 41 0
 225 0082 07F11007 		add	r7, r7, #16
 226 0086 BD46     		mov	sp, r7
 227 0088 80BD     		pop	{r7, pc}
 228              		.cfi_endproc
 229              	.LFE32:
 230              		.size	debug_write, .-debug_write
 231 008a 00BF     		.section	.text.Write_Debug_To_SD_Card,"ax",%progbits
 232              		.align	2
 233              		.global	Write_Debug_To_SD_Card
ARM GAS  C:\Users\karunmj\AppData\Local\Temp\ccIOUR5g.s 			page 6


 234              		.thumb
 235              		.thumb_func
 236              		.type	Write_Debug_To_SD_Card, %function
 237              	Write_Debug_To_SD_Card:
 238              	.LFB33:
  42:.\debug.c     **** 
  43:.\debug.c     **** void Write_Debug_To_SD_Card(const char* fileName, const char* pMode, const void* pData, U32 NumByte
 239              		.loc 1 43 0
 240              		.cfi_startproc
 241              		@ args = 0, pretend = 0, frame = 32
 242              		@ frame_needed = 1, uses_anonymous_args = 0
 243 0000 80B5     		push	{r7, lr}
 244              	.LCFI9:
 245              		.cfi_def_cfa_offset 8
 246 0002 88B0     		sub	sp, sp, #32
 247              	.LCFI10:
 248              		.cfi_def_cfa_offset 40
 249 0004 00AF     		add	r7, sp, #0
 250              		.cfi_offset 14, -4
 251              		.cfi_offset 7, -8
 252              	.LCFI11:
 253              		.cfi_def_cfa_register 7
 254 0006 F860     		str	r0, [r7, #12]
 255 0008 B960     		str	r1, [r7, #8]
 256 000a 7A60     		str	r2, [r7, #4]
 257 000c 3B60     		str	r3, [r7, #0]
  44:.\debug.c     **** // Remember to add line below to rtcCallBack Function
  45:.\debug.c     **** // Write_To_SD_Card("myData.txt","a",sendBuffer,strlen(sendBuffer));
  46:.\debug.c     **** 
  47:.\debug.c     ****     NEOMOTE_1_SD_Card_Power_Write(0u); // Power on the SD Card
 258              		.loc 1 47 0
 259 000e 4FF00000 		mov	r0, #0
 260 0012 FFF7FEFF 		bl	NEOMOTE_1_SD_Card_Power_Write
  48:.\debug.c     ****     
  49:.\debug.c     ****     FS_FILE *  pFile;
  50:.\debug.c     ****     char sdVolName[10];  // Buffer that will hold SD card Volume name
  51:.\debug.c     ****     
  52:.\debug.c     ****     if (0 != FS_GetVolumeName(0, &sdVolName[0], 9)) {
 261              		.loc 1 52 0
 262 0016 07F11003 		add	r3, r7, #16
 263 001a 4FF00000 		mov	r0, #0
 264 001e 1946     		mov	r1, r3
 265 0020 4FF00902 		mov	r2, #9
 266 0024 FFF7FEFF 		bl	FS_GetVolumeName
 267 0028 0346     		mov	r3, r0
 268 002a 002B     		cmp	r3, #0
 269 002c 1AD0     		beq	.L11
  53:.\debug.c     ****         pFile = FS_FOpen(fileName, pMode);
 270              		.loc 1 53 0
 271 002e F868     		ldr	r0, [r7, #12]
 272 0030 B968     		ldr	r1, [r7, #8]
 273 0032 FFF7FEFF 		bl	FS_FOpen
 274 0036 0346     		mov	r3, r0
 275 0038 FB61     		str	r3, [r7, #28]
  54:.\debug.c     ****         if (pFile == 0){
 276              		.loc 1 54 0
 277 003a FB69     		ldr	r3, [r7, #28]
ARM GAS  C:\Users\karunmj\AppData\Local\Temp\ccIOUR5g.s 			page 7


 278 003c 002B     		cmp	r3, #0
 279 003e 09D1     		bne	.L12
  55:.\debug.c     ****             FS_DeInit();
 280              		.loc 1 55 0
 281 0040 FFF7FEFF 		bl	FS_DeInit
  56:.\debug.c     ****             FS_Init(); //poipoi debug error
 282              		.loc 1 56 0
 283 0044 FFF7FEFF 		bl	FS_Init
  57:.\debug.c     ****             pFile = FS_FOpen(fileName, pMode);
 284              		.loc 1 57 0
 285 0048 F868     		ldr	r0, [r7, #12]
 286 004a B968     		ldr	r1, [r7, #8]
 287 004c FFF7FEFF 		bl	FS_FOpen
 288 0050 0346     		mov	r3, r0
 289 0052 FB61     		str	r3, [r7, #28]
 290              	.L12:
  58:.\debug.c     ****         }
  59:.\debug.c     ****         FS_Write(pFile, pData, NumBytes);
 291              		.loc 1 59 0
 292 0054 F869     		ldr	r0, [r7, #28]
 293 0056 7968     		ldr	r1, [r7, #4]
 294 0058 3A68     		ldr	r2, [r7, #0]
 295 005a FFF7FEFF 		bl	FS_Write
  60:.\debug.c     ****         FS_FClose(pFile);
 296              		.loc 1 60 0
 297 005e F869     		ldr	r0, [r7, #28]
 298 0060 FFF7FEFF 		bl	FS_FClose
 299              	.L11:
  61:.\debug.c     ****     }
  62:.\debug.c     ****     
  63:.\debug.c     ****     NEOMOTE_1_SD_Card_Power_Write(1u); // Power off the SD Card
 300              		.loc 1 63 0
 301 0064 4FF00100 		mov	r0, #1
 302 0068 FFF7FEFF 		bl	NEOMOTE_1_SD_Card_Power_Write
  64:.\debug.c     **** 
  65:.\debug.c     **** }
 303              		.loc 1 65 0
 304 006c 07F12007 		add	r7, r7, #32
 305 0070 BD46     		mov	sp, r7
 306 0072 80BD     		pop	{r7, pc}
 307              		.cfi_endproc
 308              	.LFE33:
 309              		.size	Write_Debug_To_SD_Card, .-Write_Debug_To_SD_Card
 310              		.text
 311              	.Letext0:
 312              		.section	.debug_loc,"",%progbits
 313              	.Ldebug_loc0:
 314              	.LLST0:
 315 0000 00000000 		.4byte	.LFB29
 316 0004 02000000 		.4byte	.LCFI0
 317 0008 0100     		.2byte	0x1
 318 000a 5D       		.byte	0x5d
 319 000b 02000000 		.4byte	.LCFI0
 320 000f 04000000 		.4byte	.LCFI1
 321 0013 0200     		.2byte	0x2
 322 0015 7D       		.byte	0x7d
 323 0016 04       		.sleb128 4
ARM GAS  C:\Users\karunmj\AppData\Local\Temp\ccIOUR5g.s 			page 8


 324 0017 04000000 		.4byte	.LCFI1
 325 001b 24000000 		.4byte	.LFE29
 326 001f 0200     		.2byte	0x2
 327 0021 77       		.byte	0x77
 328 0022 04       		.sleb128 4
 329 0023 00000000 		.4byte	0x0
 330 0027 00000000 		.4byte	0x0
 331              	.LLST1:
 332 002b 00000000 		.4byte	.LFB30
 333 002f 02000000 		.4byte	.LCFI2
 334 0033 0100     		.2byte	0x1
 335 0035 5D       		.byte	0x5d
 336 0036 02000000 		.4byte	.LCFI2
 337 003a 04000000 		.4byte	.LCFI3
 338 003e 0200     		.2byte	0x2
 339 0040 7D       		.byte	0x7d
 340 0041 04       		.sleb128 4
 341 0042 04000000 		.4byte	.LCFI3
 342 0046 24000000 		.4byte	.LFE30
 343 004a 0200     		.2byte	0x2
 344 004c 77       		.byte	0x77
 345 004d 04       		.sleb128 4
 346 004e 00000000 		.4byte	0x0
 347 0052 00000000 		.4byte	0x0
 348              	.LLST2:
 349 0056 00000000 		.4byte	.LFB31
 350 005a 02000000 		.4byte	.LCFI4
 351 005e 0100     		.2byte	0x1
 352 0060 5D       		.byte	0x5d
 353 0061 02000000 		.4byte	.LCFI4
 354 0065 04000000 		.4byte	.LCFI5
 355 0069 0200     		.2byte	0x2
 356 006b 7D       		.byte	0x7d
 357 006c 04       		.sleb128 4
 358 006d 04000000 		.4byte	.LCFI5
 359 0071 16000000 		.4byte	.LFE31
 360 0075 0200     		.2byte	0x2
 361 0077 77       		.byte	0x77
 362 0078 04       		.sleb128 4
 363 0079 00000000 		.4byte	0x0
 364 007d 00000000 		.4byte	0x0
 365              	.LLST3:
 366 0081 00000000 		.4byte	.LFB32
 367 0085 02000000 		.4byte	.LCFI6
 368 0089 0100     		.2byte	0x1
 369 008b 5D       		.byte	0x5d
 370 008c 02000000 		.4byte	.LCFI6
 371 0090 04000000 		.4byte	.LCFI7
 372 0094 0200     		.2byte	0x2
 373 0096 7D       		.byte	0x7d
 374 0097 08       		.sleb128 8
 375 0098 04000000 		.4byte	.LCFI7
 376 009c 06000000 		.4byte	.LCFI8
 377 00a0 0200     		.2byte	0x2
 378 00a2 7D       		.byte	0x7d
 379 00a3 30       		.sleb128 48
 380 00a4 06000000 		.4byte	.LCFI8
ARM GAS  C:\Users\karunmj\AppData\Local\Temp\ccIOUR5g.s 			page 9


 381 00a8 8A000000 		.4byte	.LFE32
 382 00ac 0200     		.2byte	0x2
 383 00ae 77       		.byte	0x77
 384 00af 18       		.sleb128 24
 385 00b0 00000000 		.4byte	0x0
 386 00b4 00000000 		.4byte	0x0
 387              	.LLST4:
 388 00b8 00000000 		.4byte	.LFB33
 389 00bc 02000000 		.4byte	.LCFI9
 390 00c0 0100     		.2byte	0x1
 391 00c2 5D       		.byte	0x5d
 392 00c3 02000000 		.4byte	.LCFI9
 393 00c7 04000000 		.4byte	.LCFI10
 394 00cb 0200     		.2byte	0x2
 395 00cd 7D       		.byte	0x7d
 396 00ce 08       		.sleb128 8
 397 00cf 04000000 		.4byte	.LCFI10
 398 00d3 06000000 		.4byte	.LCFI11
 399 00d7 0200     		.2byte	0x2
 400 00d9 7D       		.byte	0x7d
 401 00da 28       		.sleb128 40
 402 00db 06000000 		.4byte	.LCFI11
 403 00df 74000000 		.4byte	.LFE33
 404 00e3 0200     		.2byte	0x2
 405 00e5 77       		.byte	0x77
 406 00e6 28       		.sleb128 40
 407 00e7 00000000 		.4byte	0x0
 408 00eb 00000000 		.4byte	0x0
 409              		.file 2 "./Generated_Source/PSoC5/cytypes.h"
 410              		.file 3 "..\\..\\..\\emFile_V322b\\Code\\Include\\PSoC5/FS_Types.h"
 411              		.file 4 "..\\..\\..\\..\\hardware\\psoc5\\neolib/neomote.h"
 412              		.file 5 "./Generated_Source/PSoC5/core_cm3.h"
 413              		.section	.debug_info
 414 0000 86020000 		.4byte	0x286
 415 0004 0200     		.2byte	0x2
 416 0006 00000000 		.4byte	.Ldebug_abbrev0
 417 000a 04       		.byte	0x4
 418 000b 01       		.uleb128 0x1
 419 000c 92010000 		.4byte	.LASF37
 420 0010 01       		.byte	0x1
 421 0011 B8010000 		.4byte	.LASF38
 422 0015 0E000000 		.4byte	.LASF39
 423 0019 00000000 		.4byte	0x0
 424 001d 00000000 		.4byte	0x0
 425 0021 00000000 		.4byte	.Ldebug_ranges0+0x0
 426 0025 00000000 		.4byte	.Ldebug_line0
 427 0029 02       		.uleb128 0x2
 428 002a 01       		.byte	0x1
 429 002b 06       		.byte	0x6
 430 002c E5010000 		.4byte	.LASF0
 431 0030 02       		.uleb128 0x2
 432 0031 01       		.byte	0x1
 433 0032 08       		.byte	0x8
 434 0033 BB000000 		.4byte	.LASF1
 435 0037 02       		.uleb128 0x2
 436 0038 02       		.byte	0x2
 437 0039 05       		.byte	0x5
ARM GAS  C:\Users\karunmj\AppData\Local\Temp\ccIOUR5g.s 			page 10


 438 003a C2010000 		.4byte	.LASF2
 439 003e 02       		.uleb128 0x2
 440 003f 02       		.byte	0x2
 441 0040 07       		.byte	0x7
 442 0041 E8000000 		.4byte	.LASF3
 443 0045 02       		.uleb128 0x2
 444 0046 04       		.byte	0x4
 445 0047 05       		.byte	0x5
 446 0048 DC010000 		.4byte	.LASF4
 447 004c 02       		.uleb128 0x2
 448 004d 04       		.byte	0x4
 449 004e 07       		.byte	0x7
 450 004f C9000000 		.4byte	.LASF5
 451 0053 02       		.uleb128 0x2
 452 0054 08       		.byte	0x8
 453 0055 05       		.byte	0x5
 454 0056 00000000 		.4byte	.LASF6
 455 005a 02       		.uleb128 0x2
 456 005b 08       		.byte	0x8
 457 005c 07       		.byte	0x7
 458 005d 6E010000 		.4byte	.LASF7
 459 0061 03       		.uleb128 0x3
 460 0062 04       		.byte	0x4
 461 0063 05       		.byte	0x5
 462 0064 696E7400 		.ascii	"int\000"
 463 0068 02       		.uleb128 0x2
 464 0069 04       		.byte	0x4
 465 006a 07       		.byte	0x7
 466 006b 5B010000 		.4byte	.LASF8
 467 006f 04       		.uleb128 0x4
 468 0070 CC010000 		.4byte	.LASF9
 469 0074 02       		.byte	0x2
 470 0075 4C       		.byte	0x4c
 471 0076 30000000 		.4byte	0x30
 472 007a 04       		.uleb128 0x4
 473 007b 54010000 		.4byte	.LASF10
 474 007f 02       		.byte	0x2
 475 0080 4D       		.byte	0x4d
 476 0081 3E000000 		.4byte	0x3e
 477 0085 02       		.uleb128 0x2
 478 0086 04       		.byte	0x4
 479 0087 04       		.byte	0x4
 480 0088 B5000000 		.4byte	.LASF11
 481 008c 02       		.uleb128 0x2
 482 008d 08       		.byte	0x8
 483 008e 04       		.byte	0x4
 484 008f 0F010000 		.4byte	.LASF12
 485 0093 02       		.uleb128 0x2
 486 0094 01       		.byte	0x1
 487 0095 08       		.byte	0x8
 488 0096 A7010000 		.4byte	.LASF13
 489 009a 05       		.uleb128 0x5
 490 009b 04       		.byte	0x4
 491 009c 07       		.byte	0x7
 492 009d 06       		.uleb128 0x6
 493 009e 04       		.byte	0x4
 494 009f A3000000 		.4byte	0xa3
ARM GAS  C:\Users\karunmj\AppData\Local\Temp\ccIOUR5g.s 			page 11


 495 00a3 07       		.uleb128 0x7
 496 00a4 93000000 		.4byte	0x93
 497 00a8 04       		.uleb128 0x4
 498 00a9 8A010000 		.4byte	.LASF14
 499 00ad 03       		.byte	0x3
 500 00ae 7E       		.byte	0x7e
 501 00af B3000000 		.4byte	0xb3
 502 00b3 08       		.uleb128 0x8
 503 00b4 8A010000 		.4byte	.LASF14
 504 00b8 01       		.byte	0x1
 505 00b9 06       		.uleb128 0x6
 506 00ba 04       		.byte	0x4
 507 00bb A8000000 		.4byte	0xa8
 508 00bf 06       		.uleb128 0x6
 509 00c0 04       		.byte	0x4
 510 00c1 C5000000 		.4byte	0xc5
 511 00c5 09       		.uleb128 0x9
 512 00c6 0A       		.uleb128 0xa
 513 00c7 08       		.byte	0x8
 514 00c8 04       		.byte	0x4
 515 00c9 1B       		.byte	0x1b
 516 00ca 31010000 		.4byte	0x131
 517 00ce 0B       		.uleb128 0xb
 518 00cf 08010000 		.4byte	.LASF15
 519 00d3 04       		.byte	0x4
 520 00d4 1C       		.byte	0x1c
 521 00d5 6F000000 		.4byte	0x6f
 522 00d9 02       		.byte	0x2
 523 00da 23       		.byte	0x23
 524 00db 00       		.uleb128 0x0
 525 00dc 0B       		.uleb128 0xb
 526 00dd 83000000 		.4byte	.LASF16
 527 00e1 04       		.byte	0x4
 528 00e2 1D       		.byte	0x1d
 529 00e3 6F000000 		.4byte	0x6f
 530 00e7 02       		.byte	0x2
 531 00e8 23       		.byte	0x23
 532 00e9 01       		.uleb128 0x1
 533 00ea 0B       		.uleb128 0xb
 534 00eb 85010000 		.4byte	.LASF17
 535 00ef 04       		.byte	0x4
 536 00f0 1E       		.byte	0x1e
 537 00f1 6F000000 		.4byte	0x6f
 538 00f5 02       		.byte	0x2
 539 00f6 23       		.byte	0x23
 540 00f7 02       		.uleb128 0x2
 541 00f8 0C       		.uleb128 0xc
 542 00f9 64617900 		.ascii	"day\000"
 543 00fd 04       		.byte	0x4
 544 00fe 1F       		.byte	0x1f
 545 00ff 6F000000 		.4byte	0x6f
 546 0103 02       		.byte	0x2
 547 0104 23       		.byte	0x23
 548 0105 03       		.uleb128 0x3
 549 0106 0B       		.uleb128 0xb
 550 0107 69000000 		.4byte	.LASF18
 551 010b 04       		.byte	0x4
ARM GAS  C:\Users\karunmj\AppData\Local\Temp\ccIOUR5g.s 			page 12


 552 010c 20       		.byte	0x20
 553 010d 6F000000 		.4byte	0x6f
 554 0111 02       		.byte	0x2
 555 0112 23       		.byte	0x23
 556 0113 04       		.uleb128 0x4
 557 0114 0B       		.uleb128 0xb
 558 0115 9A000000 		.4byte	.LASF19
 559 0119 04       		.byte	0x4
 560 011a 21       		.byte	0x21
 561 011b 6F000000 		.4byte	0x6f
 562 011f 02       		.byte	0x2
 563 0120 23       		.byte	0x23
 564 0121 05       		.uleb128 0x5
 565 0122 0B       		.uleb128 0xb
 566 0123 7E000000 		.4byte	.LASF20
 567 0127 04       		.byte	0x4
 568 0128 22       		.byte	0x22
 569 0129 7A000000 		.4byte	0x7a
 570 012d 02       		.byte	0x2
 571 012e 23       		.byte	0x23
 572 012f 06       		.uleb128 0x6
 573 0130 00       		.byte	0x0
 574 0131 04       		.uleb128 0x4
 575 0132 22010000 		.4byte	.LASF21
 576 0136 04       		.byte	0x4
 577 0137 23       		.byte	0x23
 578 0138 C6000000 		.4byte	0xc6
 579 013c 0D       		.uleb128 0xd
 580 013d 01       		.byte	0x1
 581 013e A0000000 		.4byte	.LASF22
 582 0142 01       		.byte	0x1
 583 0143 11       		.byte	0x11
 584 0144 6F000000 		.4byte	0x6f
 585 0148 00000000 		.4byte	.LFB29
 586 014c 24000000 		.4byte	.LFE29
 587 0150 00000000 		.4byte	.LLST0
 588 0154 0D       		.uleb128 0xd
 589 0155 01       		.byte	0x1
 590 0156 33010000 		.4byte	.LASF23
 591 015a 01       		.byte	0x1
 592 015b 16       		.byte	0x16
 593 015c 6F000000 		.4byte	0x6f
 594 0160 00000000 		.4byte	.LFB30
 595 0164 24000000 		.4byte	.LFE30
 596 0168 2B000000 		.4byte	.LLST1
 597 016c 0D       		.uleb128 0xd
 598 016d 01       		.byte	0x1
 599 016e AC010000 		.4byte	.LASF24
 600 0172 01       		.byte	0x1
 601 0173 1A       		.byte	0x1a
 602 0174 6F000000 		.4byte	0x6f
 603 0178 00000000 		.4byte	.LFB31
 604 017c 16000000 		.4byte	.LFE31
 605 0180 56000000 		.4byte	.LLST2
 606 0184 0E       		.uleb128 0xe
 607 0185 01       		.byte	0x1
 608 0186 16010000 		.4byte	.LASF25
ARM GAS  C:\Users\karunmj\AppData\Local\Temp\ccIOUR5g.s 			page 13


 609 018a 01       		.byte	0x1
 610 018b 1E       		.byte	0x1e
 611 018c 01       		.byte	0x1
 612 018d 00000000 		.4byte	.LFB32
 613 0191 8A000000 		.4byte	.LFE32
 614 0195 81000000 		.4byte	.LLST3
 615 0199 C4010000 		.4byte	0x1c4
 616 019d 0F       		.uleb128 0xf
 617 019e A9000000 		.4byte	.LASF27
 618 01a2 01       		.byte	0x1
 619 01a3 1E       		.byte	0x1e
 620 01a4 BF000000 		.4byte	0xbf
 621 01a8 02       		.byte	0x2
 622 01a9 91       		.byte	0x91
 623 01aa 6C       		.sleb128 -20
 624 01ab 10       		.uleb128 0x10
 625 01ac 16000000 		.4byte	.LBB2
 626 01b0 82000000 		.4byte	.LBE2
 627 01b4 11       		.uleb128 0x11
 628 01b5 8A000000 		.4byte	.LASF31
 629 01b9 01       		.byte	0x1
 630 01ba 21       		.byte	0x21
 631 01bb 31010000 		.4byte	0x131
 632 01bf 02       		.byte	0x2
 633 01c0 91       		.byte	0x91
 634 01c1 70       		.sleb128 -16
 635 01c2 00       		.byte	0x0
 636 01c3 00       		.byte	0x0
 637 01c4 0E       		.uleb128 0xe
 638 01c5 01       		.byte	0x1
 639 01c6 3D010000 		.4byte	.LASF26
 640 01ca 01       		.byte	0x1
 641 01cb 2B       		.byte	0x2b
 642 01cc 01       		.byte	0x1
 643 01cd 00000000 		.4byte	.LFB33
 644 01d1 74000000 		.4byte	.LFE33
 645 01d5 B8000000 		.4byte	.LLST4
 646 01d9 32020000 		.4byte	0x232
 647 01dd 0F       		.uleb128 0xf
 648 01de 91000000 		.4byte	.LASF28
 649 01e2 01       		.byte	0x1
 650 01e3 2B       		.byte	0x2b
 651 01e4 9D000000 		.4byte	0x9d
 652 01e8 02       		.byte	0x2
 653 01e9 91       		.byte	0x91
 654 01ea 64       		.sleb128 -28
 655 01eb 0F       		.uleb128 0xf
 656 01ec 68010000 		.4byte	.LASF29
 657 01f0 01       		.byte	0x1
 658 01f1 2B       		.byte	0x2b
 659 01f2 9D000000 		.4byte	0x9d
 660 01f6 02       		.byte	0x2
 661 01f7 91       		.byte	0x91
 662 01f8 60       		.sleb128 -32
 663 01f9 0F       		.uleb128 0xf
 664 01fa A9000000 		.4byte	.LASF27
 665 01fe 01       		.byte	0x1
ARM GAS  C:\Users\karunmj\AppData\Local\Temp\ccIOUR5g.s 			page 14


 666 01ff 2B       		.byte	0x2b
 667 0200 BF000000 		.4byte	0xbf
 668 0204 02       		.byte	0x2
 669 0205 91       		.byte	0x91
 670 0206 5C       		.sleb128 -36
 671 0207 0F       		.uleb128 0xf
 672 0208 9E010000 		.4byte	.LASF30
 673 020c 01       		.byte	0x1
 674 020d 2B       		.byte	0x2b
 675 020e 4C000000 		.4byte	0x4c
 676 0212 02       		.byte	0x2
 677 0213 91       		.byte	0x91
 678 0214 58       		.sleb128 -40
 679 0215 11       		.uleb128 0x11
 680 0216 AF000000 		.4byte	.LASF32
 681 021a 01       		.byte	0x1
 682 021b 31       		.byte	0x31
 683 021c B9000000 		.4byte	0xb9
 684 0220 02       		.byte	0x2
 685 0221 91       		.byte	0x91
 686 0222 74       		.sleb128 -12
 687 0223 11       		.uleb128 0x11
 688 0224 D2010000 		.4byte	.LASF33
 689 0228 01       		.byte	0x1
 690 0229 32       		.byte	0x32
 691 022a 32020000 		.4byte	0x232
 692 022e 02       		.byte	0x2
 693 022f 91       		.byte	0x91
 694 0230 68       		.sleb128 -24
 695 0231 00       		.byte	0x0
 696 0232 12       		.uleb128 0x12
 697 0233 93000000 		.4byte	0x93
 698 0237 42020000 		.4byte	0x242
 699 023b 13       		.uleb128 0x13
 700 023c 9A000000 		.4byte	0x9a
 701 0240 09       		.byte	0x9
 702 0241 00       		.byte	0x0
 703 0242 14       		.uleb128 0x14
 704 0243 FB000000 		.4byte	.LASF34
 705 0247 05       		.byte	0x5
 706 0248 CE06     		.2byte	0x6ce
 707 024a 50020000 		.4byte	0x250
 708 024e 01       		.byte	0x1
 709 024f 01       		.byte	0x1
 710 0250 15       		.uleb128 0x15
 711 0251 61000000 		.4byte	0x61
 712 0255 16       		.uleb128 0x16
 713 0256 71000000 		.4byte	.LASF35
 714 025a 01       		.byte	0x1
 715 025b 0E       		.byte	0xe
 716 025c 6F000000 		.4byte	0x6f
 717 0260 01       		.byte	0x1
 718 0261 05       		.byte	0x5
 719 0262 03       		.byte	0x3
 720 0263 00000000 		.4byte	write_to_log
 721 0267 12       		.uleb128 0x12
 722 0268 6F000000 		.4byte	0x6f
ARM GAS  C:\Users\karunmj\AppData\Local\Temp\ccIOUR5g.s 			page 15


 723 026c 77020000 		.4byte	0x277
 724 0270 13       		.uleb128 0x13
 725 0271 9A000000 		.4byte	0x9a
 726 0275 FF       		.byte	0xff
 727 0276 00       		.byte	0x0
 728 0277 16       		.uleb128 0x16
 729 0278 DB000000 		.4byte	.LASF36
 730 027c 01       		.byte	0x1
 731 027d 0F       		.byte	0xf
 732 027e 67020000 		.4byte	0x267
 733 0282 01       		.byte	0x1
 734 0283 05       		.byte	0x5
 735 0284 03       		.byte	0x3
 736 0285 00000000 		.4byte	debug_packet
 737 0289 00       		.byte	0x0
 738              		.section	.debug_abbrev
 739 0000 01       		.uleb128 0x1
 740 0001 11       		.uleb128 0x11
 741 0002 01       		.byte	0x1
 742 0003 25       		.uleb128 0x25
 743 0004 0E       		.uleb128 0xe
 744 0005 13       		.uleb128 0x13
 745 0006 0B       		.uleb128 0xb
 746 0007 03       		.uleb128 0x3
 747 0008 0E       		.uleb128 0xe
 748 0009 1B       		.uleb128 0x1b
 749 000a 0E       		.uleb128 0xe
 750 000b 11       		.uleb128 0x11
 751 000c 01       		.uleb128 0x1
 752 000d 52       		.uleb128 0x52
 753 000e 01       		.uleb128 0x1
 754 000f 55       		.uleb128 0x55
 755 0010 06       		.uleb128 0x6
 756 0011 10       		.uleb128 0x10
 757 0012 06       		.uleb128 0x6
 758 0013 00       		.byte	0x0
 759 0014 00       		.byte	0x0
 760 0015 02       		.uleb128 0x2
 761 0016 24       		.uleb128 0x24
 762 0017 00       		.byte	0x0
 763 0018 0B       		.uleb128 0xb
 764 0019 0B       		.uleb128 0xb
 765 001a 3E       		.uleb128 0x3e
 766 001b 0B       		.uleb128 0xb
 767 001c 03       		.uleb128 0x3
 768 001d 0E       		.uleb128 0xe
 769 001e 00       		.byte	0x0
 770 001f 00       		.byte	0x0
 771 0020 03       		.uleb128 0x3
 772 0021 24       		.uleb128 0x24
 773 0022 00       		.byte	0x0
 774 0023 0B       		.uleb128 0xb
 775 0024 0B       		.uleb128 0xb
 776 0025 3E       		.uleb128 0x3e
 777 0026 0B       		.uleb128 0xb
 778 0027 03       		.uleb128 0x3
 779 0028 08       		.uleb128 0x8
ARM GAS  C:\Users\karunmj\AppData\Local\Temp\ccIOUR5g.s 			page 16


 780 0029 00       		.byte	0x0
 781 002a 00       		.byte	0x0
 782 002b 04       		.uleb128 0x4
 783 002c 16       		.uleb128 0x16
 784 002d 00       		.byte	0x0
 785 002e 03       		.uleb128 0x3
 786 002f 0E       		.uleb128 0xe
 787 0030 3A       		.uleb128 0x3a
 788 0031 0B       		.uleb128 0xb
 789 0032 3B       		.uleb128 0x3b
 790 0033 0B       		.uleb128 0xb
 791 0034 49       		.uleb128 0x49
 792 0035 13       		.uleb128 0x13
 793 0036 00       		.byte	0x0
 794 0037 00       		.byte	0x0
 795 0038 05       		.uleb128 0x5
 796 0039 24       		.uleb128 0x24
 797 003a 00       		.byte	0x0
 798 003b 0B       		.uleb128 0xb
 799 003c 0B       		.uleb128 0xb
 800 003d 3E       		.uleb128 0x3e
 801 003e 0B       		.uleb128 0xb
 802 003f 00       		.byte	0x0
 803 0040 00       		.byte	0x0
 804 0041 06       		.uleb128 0x6
 805 0042 0F       		.uleb128 0xf
 806 0043 00       		.byte	0x0
 807 0044 0B       		.uleb128 0xb
 808 0045 0B       		.uleb128 0xb
 809 0046 49       		.uleb128 0x49
 810 0047 13       		.uleb128 0x13
 811 0048 00       		.byte	0x0
 812 0049 00       		.byte	0x0
 813 004a 07       		.uleb128 0x7
 814 004b 26       		.uleb128 0x26
 815 004c 00       		.byte	0x0
 816 004d 49       		.uleb128 0x49
 817 004e 13       		.uleb128 0x13
 818 004f 00       		.byte	0x0
 819 0050 00       		.byte	0x0
 820 0051 08       		.uleb128 0x8
 821 0052 13       		.uleb128 0x13
 822 0053 00       		.byte	0x0
 823 0054 03       		.uleb128 0x3
 824 0055 0E       		.uleb128 0xe
 825 0056 3C       		.uleb128 0x3c
 826 0057 0C       		.uleb128 0xc
 827 0058 00       		.byte	0x0
 828 0059 00       		.byte	0x0
 829 005a 09       		.uleb128 0x9
 830 005b 26       		.uleb128 0x26
 831 005c 00       		.byte	0x0
 832 005d 00       		.byte	0x0
 833 005e 00       		.byte	0x0
 834 005f 0A       		.uleb128 0xa
 835 0060 13       		.uleb128 0x13
 836 0061 01       		.byte	0x1
ARM GAS  C:\Users\karunmj\AppData\Local\Temp\ccIOUR5g.s 			page 17


 837 0062 0B       		.uleb128 0xb
 838 0063 0B       		.uleb128 0xb
 839 0064 3A       		.uleb128 0x3a
 840 0065 0B       		.uleb128 0xb
 841 0066 3B       		.uleb128 0x3b
 842 0067 0B       		.uleb128 0xb
 843 0068 01       		.uleb128 0x1
 844 0069 13       		.uleb128 0x13
 845 006a 00       		.byte	0x0
 846 006b 00       		.byte	0x0
 847 006c 0B       		.uleb128 0xb
 848 006d 0D       		.uleb128 0xd
 849 006e 00       		.byte	0x0
 850 006f 03       		.uleb128 0x3
 851 0070 0E       		.uleb128 0xe
 852 0071 3A       		.uleb128 0x3a
 853 0072 0B       		.uleb128 0xb
 854 0073 3B       		.uleb128 0x3b
 855 0074 0B       		.uleb128 0xb
 856 0075 49       		.uleb128 0x49
 857 0076 13       		.uleb128 0x13
 858 0077 38       		.uleb128 0x38
 859 0078 0A       		.uleb128 0xa
 860 0079 00       		.byte	0x0
 861 007a 00       		.byte	0x0
 862 007b 0C       		.uleb128 0xc
 863 007c 0D       		.uleb128 0xd
 864 007d 00       		.byte	0x0
 865 007e 03       		.uleb128 0x3
 866 007f 08       		.uleb128 0x8
 867 0080 3A       		.uleb128 0x3a
 868 0081 0B       		.uleb128 0xb
 869 0082 3B       		.uleb128 0x3b
 870 0083 0B       		.uleb128 0xb
 871 0084 49       		.uleb128 0x49
 872 0085 13       		.uleb128 0x13
 873 0086 38       		.uleb128 0x38
 874 0087 0A       		.uleb128 0xa
 875 0088 00       		.byte	0x0
 876 0089 00       		.byte	0x0
 877 008a 0D       		.uleb128 0xd
 878 008b 2E       		.uleb128 0x2e
 879 008c 00       		.byte	0x0
 880 008d 3F       		.uleb128 0x3f
 881 008e 0C       		.uleb128 0xc
 882 008f 03       		.uleb128 0x3
 883 0090 0E       		.uleb128 0xe
 884 0091 3A       		.uleb128 0x3a
 885 0092 0B       		.uleb128 0xb
 886 0093 3B       		.uleb128 0x3b
 887 0094 0B       		.uleb128 0xb
 888 0095 49       		.uleb128 0x49
 889 0096 13       		.uleb128 0x13
 890 0097 11       		.uleb128 0x11
 891 0098 01       		.uleb128 0x1
 892 0099 12       		.uleb128 0x12
 893 009a 01       		.uleb128 0x1
ARM GAS  C:\Users\karunmj\AppData\Local\Temp\ccIOUR5g.s 			page 18


 894 009b 40       		.uleb128 0x40
 895 009c 06       		.uleb128 0x6
 896 009d 00       		.byte	0x0
 897 009e 00       		.byte	0x0
 898 009f 0E       		.uleb128 0xe
 899 00a0 2E       		.uleb128 0x2e
 900 00a1 01       		.byte	0x1
 901 00a2 3F       		.uleb128 0x3f
 902 00a3 0C       		.uleb128 0xc
 903 00a4 03       		.uleb128 0x3
 904 00a5 0E       		.uleb128 0xe
 905 00a6 3A       		.uleb128 0x3a
 906 00a7 0B       		.uleb128 0xb
 907 00a8 3B       		.uleb128 0x3b
 908 00a9 0B       		.uleb128 0xb
 909 00aa 27       		.uleb128 0x27
 910 00ab 0C       		.uleb128 0xc
 911 00ac 11       		.uleb128 0x11
 912 00ad 01       		.uleb128 0x1
 913 00ae 12       		.uleb128 0x12
 914 00af 01       		.uleb128 0x1
 915 00b0 40       		.uleb128 0x40
 916 00b1 06       		.uleb128 0x6
 917 00b2 01       		.uleb128 0x1
 918 00b3 13       		.uleb128 0x13
 919 00b4 00       		.byte	0x0
 920 00b5 00       		.byte	0x0
 921 00b6 0F       		.uleb128 0xf
 922 00b7 05       		.uleb128 0x5
 923 00b8 00       		.byte	0x0
 924 00b9 03       		.uleb128 0x3
 925 00ba 0E       		.uleb128 0xe
 926 00bb 3A       		.uleb128 0x3a
 927 00bc 0B       		.uleb128 0xb
 928 00bd 3B       		.uleb128 0x3b
 929 00be 0B       		.uleb128 0xb
 930 00bf 49       		.uleb128 0x49
 931 00c0 13       		.uleb128 0x13
 932 00c1 02       		.uleb128 0x2
 933 00c2 0A       		.uleb128 0xa
 934 00c3 00       		.byte	0x0
 935 00c4 00       		.byte	0x0
 936 00c5 10       		.uleb128 0x10
 937 00c6 0B       		.uleb128 0xb
 938 00c7 01       		.byte	0x1
 939 00c8 11       		.uleb128 0x11
 940 00c9 01       		.uleb128 0x1
 941 00ca 12       		.uleb128 0x12
 942 00cb 01       		.uleb128 0x1
 943 00cc 00       		.byte	0x0
 944 00cd 00       		.byte	0x0
 945 00ce 11       		.uleb128 0x11
 946 00cf 34       		.uleb128 0x34
 947 00d0 00       		.byte	0x0
 948 00d1 03       		.uleb128 0x3
 949 00d2 0E       		.uleb128 0xe
 950 00d3 3A       		.uleb128 0x3a
ARM GAS  C:\Users\karunmj\AppData\Local\Temp\ccIOUR5g.s 			page 19


 951 00d4 0B       		.uleb128 0xb
 952 00d5 3B       		.uleb128 0x3b
 953 00d6 0B       		.uleb128 0xb
 954 00d7 49       		.uleb128 0x49
 955 00d8 13       		.uleb128 0x13
 956 00d9 02       		.uleb128 0x2
 957 00da 0A       		.uleb128 0xa
 958 00db 00       		.byte	0x0
 959 00dc 00       		.byte	0x0
 960 00dd 12       		.uleb128 0x12
 961 00de 01       		.uleb128 0x1
 962 00df 01       		.byte	0x1
 963 00e0 49       		.uleb128 0x49
 964 00e1 13       		.uleb128 0x13
 965 00e2 01       		.uleb128 0x1
 966 00e3 13       		.uleb128 0x13
 967 00e4 00       		.byte	0x0
 968 00e5 00       		.byte	0x0
 969 00e6 13       		.uleb128 0x13
 970 00e7 21       		.uleb128 0x21
 971 00e8 00       		.byte	0x0
 972 00e9 49       		.uleb128 0x49
 973 00ea 13       		.uleb128 0x13
 974 00eb 2F       		.uleb128 0x2f
 975 00ec 0B       		.uleb128 0xb
 976 00ed 00       		.byte	0x0
 977 00ee 00       		.byte	0x0
 978 00ef 14       		.uleb128 0x14
 979 00f0 34       		.uleb128 0x34
 980 00f1 00       		.byte	0x0
 981 00f2 03       		.uleb128 0x3
 982 00f3 0E       		.uleb128 0xe
 983 00f4 3A       		.uleb128 0x3a
 984 00f5 0B       		.uleb128 0xb
 985 00f6 3B       		.uleb128 0x3b
 986 00f7 05       		.uleb128 0x5
 987 00f8 49       		.uleb128 0x49
 988 00f9 13       		.uleb128 0x13
 989 00fa 3F       		.uleb128 0x3f
 990 00fb 0C       		.uleb128 0xc
 991 00fc 3C       		.uleb128 0x3c
 992 00fd 0C       		.uleb128 0xc
 993 00fe 00       		.byte	0x0
 994 00ff 00       		.byte	0x0
 995 0100 15       		.uleb128 0x15
 996 0101 35       		.uleb128 0x35
 997 0102 00       		.byte	0x0
 998 0103 49       		.uleb128 0x49
 999 0104 13       		.uleb128 0x13
 1000 0105 00       		.byte	0x0
 1001 0106 00       		.byte	0x0
 1002 0107 16       		.uleb128 0x16
 1003 0108 34       		.uleb128 0x34
 1004 0109 00       		.byte	0x0
 1005 010a 03       		.uleb128 0x3
 1006 010b 0E       		.uleb128 0xe
 1007 010c 3A       		.uleb128 0x3a
ARM GAS  C:\Users\karunmj\AppData\Local\Temp\ccIOUR5g.s 			page 20


 1008 010d 0B       		.uleb128 0xb
 1009 010e 3B       		.uleb128 0x3b
 1010 010f 0B       		.uleb128 0xb
 1011 0110 49       		.uleb128 0x49
 1012 0111 13       		.uleb128 0x13
 1013 0112 3F       		.uleb128 0x3f
 1014 0113 0C       		.uleb128 0xc
 1015 0114 02       		.uleb128 0x2
 1016 0115 0A       		.uleb128 0xa
 1017 0116 00       		.byte	0x0
 1018 0117 00       		.byte	0x0
 1019 0118 00       		.byte	0x0
 1020              		.section	.debug_pubnames,"",%progbits
 1021 0000 86000000 		.4byte	0x86
 1022 0004 0200     		.2byte	0x2
 1023 0006 00000000 		.4byte	.Ldebug_info0
 1024 000a 8A020000 		.4byte	0x28a
 1025 000e 3C010000 		.4byte	0x13c
 1026 0012 64656275 		.ascii	"debug_on\000"
 1026      675F6F6E 
 1026      00
 1027 001b 54010000 		.4byte	0x154
 1028 001f 64656275 		.ascii	"debug_off\000"
 1028      675F6F66 
 1028      6600
 1029 0029 6C010000 		.4byte	0x16c
 1030 002d 64656275 		.ascii	"debug_is_on\000"
 1030      675F6973 
 1030      5F6F6E00 
 1031 0039 84010000 		.4byte	0x184
 1032 003d 64656275 		.ascii	"debug_write\000"
 1032      675F7772 
 1032      69746500 
 1033 0049 C4010000 		.4byte	0x1c4
 1034 004d 57726974 		.ascii	"Write_Debug_To_SD_Card\000"
 1034      655F4465 
 1034      6275675F 
 1034      546F5F53 
 1034      445F4361 
 1035 0064 55020000 		.4byte	0x255
 1036 0068 77726974 		.ascii	"write_to_log\000"
 1036      655F746F 
 1036      5F6C6F67 
 1036      00
 1037 0075 77020000 		.4byte	0x277
 1038 0079 64656275 		.ascii	"debug_packet\000"
 1038      675F7061 
 1038      636B6574 
 1038      00
 1039 0086 00000000 		.4byte	0x0
 1040              		.section	.debug_aranges,"",%progbits
 1041 0000 3C000000 		.4byte	0x3c
 1042 0004 0200     		.2byte	0x2
 1043 0006 00000000 		.4byte	.Ldebug_info0
 1044 000a 04       		.byte	0x4
 1045 000b 00       		.byte	0x0
 1046 000c 0000     		.2byte	0x0
ARM GAS  C:\Users\karunmj\AppData\Local\Temp\ccIOUR5g.s 			page 21


 1047 000e 0000     		.2byte	0x0
 1048 0010 00000000 		.4byte	.LFB29
 1049 0014 24000000 		.4byte	.LFE29-.LFB29
 1050 0018 00000000 		.4byte	.LFB30
 1051 001c 24000000 		.4byte	.LFE30-.LFB30
 1052 0020 00000000 		.4byte	.LFB31
 1053 0024 16000000 		.4byte	.LFE31-.LFB31
 1054 0028 00000000 		.4byte	.LFB32
 1055 002c 8A000000 		.4byte	.LFE32-.LFB32
 1056 0030 00000000 		.4byte	.LFB33
 1057 0034 74000000 		.4byte	.LFE33-.LFB33
 1058 0038 00000000 		.4byte	0x0
 1059 003c 00000000 		.4byte	0x0
 1060              		.section	.debug_ranges,"",%progbits
 1061              	.Ldebug_ranges0:
 1062 0000 00000000 		.4byte	.Ltext0
 1063 0004 00000000 		.4byte	.Letext0
 1064 0008 00000000 		.4byte	.LFB29
 1065 000c 24000000 		.4byte	.LFE29
 1066 0010 00000000 		.4byte	.LFB30
 1067 0014 24000000 		.4byte	.LFE30
 1068 0018 00000000 		.4byte	.LFB31
 1069 001c 16000000 		.4byte	.LFE31
 1070 0020 00000000 		.4byte	.LFB32
 1071 0024 8A000000 		.4byte	.LFE32
 1072 0028 00000000 		.4byte	.LFB33
 1073 002c 74000000 		.4byte	.LFE33
 1074 0030 00000000 		.4byte	0x0
 1075 0034 00000000 		.4byte	0x0
 1076              		.section	.debug_str,"MS",%progbits,1
 1077              	.LASF6:
 1078 0000 6C6F6E67 		.ascii	"long long int\000"
 1078      206C6F6E 
 1078      6720696E 
 1078      7400
 1079              	.LASF39:
 1080 000e 433A5C55 		.ascii	"C:\\Users\\karunmj\\Documents\\GitHub\\m2m\\softwar"
 1080      73657273 
 1080      5C6B6172 
 1080      756E6D6A 
 1080      5C446F63 
 1081 003b 655C736F 		.ascii	"e\\solinst\\Solinst Driver\\Solinst Driver.cydsn\000"
 1081      6C696E73 
 1081      745C536F 
 1081      6C696E73 
 1081      74204472 
 1082              	.LASF18:
 1083 0069 7765656B 		.ascii	"weekday\000"
 1083      64617900 
 1084              	.LASF35:
 1085 0071 77726974 		.ascii	"write_to_log\000"
 1085      655F746F 
 1085      5F6C6F67 
 1085      00
 1086              	.LASF20:
 1087 007e 79656172 		.ascii	"year\000"
 1087      00
ARM GAS  C:\Users\karunmj\AppData\Local\Temp\ccIOUR5g.s 			page 22


 1088              	.LASF16:
 1089 0083 6D696E75 		.ascii	"minute\000"
 1089      746500
 1090              	.LASF31:
 1091 008a 746D5F6E 		.ascii	"tm_neo\000"
 1091      656F00
 1092              	.LASF28:
 1093 0091 66696C65 		.ascii	"fileName\000"
 1093      4E616D65 
 1093      00
 1094              	.LASF19:
 1095 009a 6D6F6E74 		.ascii	"month\000"
 1095      6800
 1096              	.LASF22:
 1097 00a0 64656275 		.ascii	"debug_on\000"
 1097      675F6F6E 
 1097      00
 1098              	.LASF27:
 1099 00a9 70446174 		.ascii	"pData\000"
 1099      6100
 1100              	.LASF32:
 1101 00af 7046696C 		.ascii	"pFile\000"
 1101      6500
 1102              	.LASF11:
 1103 00b5 666C6F61 		.ascii	"float\000"
 1103      7400
 1104              	.LASF1:
 1105 00bb 756E7369 		.ascii	"unsigned char\000"
 1105      676E6564 
 1105      20636861 
 1105      7200
 1106              	.LASF5:
 1107 00c9 6C6F6E67 		.ascii	"long unsigned int\000"
 1107      20756E73 
 1107      69676E65 
 1107      6420696E 
 1107      7400
 1108              	.LASF36:
 1109 00db 64656275 		.ascii	"debug_packet\000"
 1109      675F7061 
 1109      636B6574 
 1109      00
 1110              	.LASF3:
 1111 00e8 73686F72 		.ascii	"short unsigned int\000"
 1111      7420756E 
 1111      7369676E 
 1111      65642069 
 1111      6E7400
 1112              	.LASF34:
 1113 00fb 49544D5F 		.ascii	"ITM_RxBuffer\000"
 1113      52784275 
 1113      66666572 
 1113      00
 1114              	.LASF15:
 1115 0108 7365636F 		.ascii	"second\000"
 1115      6E6400
 1116              	.LASF12:
ARM GAS  C:\Users\karunmj\AppData\Local\Temp\ccIOUR5g.s 			page 23


 1117 010f 646F7562 		.ascii	"double\000"
 1117      6C6500
 1118              	.LASF25:
 1119 0116 64656275 		.ascii	"debug_write\000"
 1119      675F7772 
 1119      69746500 
 1120              	.LASF21:
 1121 0122 4E656F52 		.ascii	"NeoRtcTimeStruct\000"
 1121      74635469 
 1121      6D655374 
 1121      72756374 
 1121      00
 1122              	.LASF23:
 1123 0133 64656275 		.ascii	"debug_off\000"
 1123      675F6F66 
 1123      6600
 1124              	.LASF26:
 1125 013d 57726974 		.ascii	"Write_Debug_To_SD_Card\000"
 1125      655F4465 
 1125      6275675F 
 1125      546F5F53 
 1125      445F4361 
 1126              	.LASF10:
 1127 0154 75696E74 		.ascii	"uint16\000"
 1127      313600
 1128              	.LASF8:
 1129 015b 756E7369 		.ascii	"unsigned int\000"
 1129      676E6564 
 1129      20696E74 
 1129      00
 1130              	.LASF29:
 1131 0168 704D6F64 		.ascii	"pMode\000"
 1131      6500
 1132              	.LASF7:
 1133 016e 6C6F6E67 		.ascii	"long long unsigned int\000"
 1133      206C6F6E 
 1133      6720756E 
 1133      7369676E 
 1133      65642069 
 1134              	.LASF17:
 1135 0185 686F7572 		.ascii	"hour\000"
 1135      00
 1136              	.LASF14:
 1137 018a 46535F46 		.ascii	"FS_FILE\000"
 1137      494C4500 
 1138              	.LASF37:
 1139 0192 474E5520 		.ascii	"GNU C 4.4.1\000"
 1139      4320342E 
 1139      342E3100 
 1140              	.LASF30:
 1141 019e 4E756D42 		.ascii	"NumBytes\000"
 1141      79746573 
 1141      00
 1142              	.LASF13:
 1143 01a7 63686172 		.ascii	"char\000"
 1143      00
 1144              	.LASF24:
ARM GAS  C:\Users\karunmj\AppData\Local\Temp\ccIOUR5g.s 			page 24


 1145 01ac 64656275 		.ascii	"debug_is_on\000"
 1145      675F6973 
 1145      5F6F6E00 
 1146              	.LASF38:
 1147 01b8 2E5C6465 		.ascii	".\\debug.c\000"
 1147      6275672E 
 1147      6300
 1148              	.LASF2:
 1149 01c2 73686F72 		.ascii	"short int\000"
 1149      7420696E 
 1149      7400
 1150              	.LASF9:
 1151 01cc 75696E74 		.ascii	"uint8\000"
 1151      3800
 1152              	.LASF33:
 1153 01d2 7364566F 		.ascii	"sdVolName\000"
 1153      6C4E616D 
 1153      6500
 1154              	.LASF4:
 1155 01dc 6C6F6E67 		.ascii	"long int\000"
 1155      20696E74 
 1155      00
 1156              	.LASF0:
 1157 01e5 7369676E 		.ascii	"signed char\000"
 1157      65642063 
 1157      68617200 
 1158              		.ident	"GCC: (Sourcery G++ Lite 2010q1-188) 4.4.1"
