ARM GAS  C:\Users\karunmj\AppData\Local\Temp\ccZVdQyt.s 			page 1


   1              		.syntax unified
   2              		.cpu cortex-m3
   3              		.fpu softvfp
   4              		.eabi_attribute 20, 1
   5              		.eabi_attribute 21, 1
   6              		.eabi_attribute 23, 3
   7              		.eabi_attribute 24, 1
   8              		.eabi_attribute 25, 1
   9              		.eabi_attribute 26, 1
  10              		.eabi_attribute 30, 6
  11              		.eabi_attribute 18, 4
  12              		.thumb
  13              		.file	"emFile_1_ConfigMMC_SPI.c"
  14              		.section	.debug_abbrev,"",%progbits
  15              	.Ldebug_abbrev0:
  16              		.section	.debug_info,"",%progbits
  17              	.Ldebug_info0:
  18              		.section	.debug_line,"",%progbits
  19              	.Ldebug_line0:
  20 0000 BC000000 		.text
  20      02008700 
  20      00000201 
  20      FB0E0D00 
  20      01010101 
  21              	.Ltext0:
  22              		.cfi_sections	.debug_frame
  23              		.bss
  24              		.align	2
  25              	_aMemBlock:
  26 0000 00000000 		.space	4096
  26      00000000 
  26      00000000 
  26      00000000 
  26      00000000 
  27              		.section	.text.FS_X_AddDevices,"ax",%progbits
  28              		.align	2
  29              		.global	FS_X_AddDevices
  30              		.thumb
  31              		.thumb_func
  32              		.type	FS_X_AddDevices, %function
  33              	FS_X_AddDevices:
  34              	.LFB0:
  35              		.file 1 ".\\Generated_Source\\PSoC5\\emFile_1_ConfigMMC_SPI.c"
   1:.\Generated_Source\PSoC5/emFile_1_ConfigMMC_SPI.c **** /*******************************************************************************
   2:.\Generated_Source\PSoC5/emFile_1_ConfigMMC_SPI.c **** * File Name: emFile_1_MMC_HW_SPI.c
   3:.\Generated_Source\PSoC5/emFile_1_ConfigMMC_SPI.c **** * Version 1.20
   4:.\Generated_Source\PSoC5/emFile_1_ConfigMMC_SPI.c **** *
   5:.\Generated_Source\PSoC5/emFile_1_ConfigMMC_SPI.c **** * Description:
   6:.\Generated_Source\PSoC5/emFile_1_ConfigMMC_SPI.c **** *  Contains a set of File System APIs that implement SPI mode driver operation.
   7:.\Generated_Source\PSoC5/emFile_1_ConfigMMC_SPI.c **** *
   8:.\Generated_Source\PSoC5/emFile_1_ConfigMMC_SPI.c **** * Note:
   9:.\Generated_Source\PSoC5/emFile_1_ConfigMMC_SPI.c **** *
  10:.\Generated_Source\PSoC5/emFile_1_ConfigMMC_SPI.c **** ********************************************************************************
  11:.\Generated_Source\PSoC5/emFile_1_ConfigMMC_SPI.c **** * Copyright 2011-2012, Cypress Semiconductor Corporation.  All rights reserved.
  12:.\Generated_Source\PSoC5/emFile_1_ConfigMMC_SPI.c **** * You may use this file only in accordance with the license, terms, conditions,
  13:.\Generated_Source\PSoC5/emFile_1_ConfigMMC_SPI.c **** * disclaimers, and limitations in the end user license agreement accompanying
  14:.\Generated_Source\PSoC5/emFile_1_ConfigMMC_SPI.c **** * the software package with which this file was provided.
ARM GAS  C:\Users\karunmj\AppData\Local\Temp\ccZVdQyt.s 			page 2


  15:.\Generated_Source\PSoC5/emFile_1_ConfigMMC_SPI.c **** *******************************************************************************/
  16:.\Generated_Source\PSoC5/emFile_1_ConfigMMC_SPI.c **** 
  17:.\Generated_Source\PSoC5/emFile_1_ConfigMMC_SPI.c **** 
  18:.\Generated_Source\PSoC5/emFile_1_ConfigMMC_SPI.c **** /*********************************************************************
  19:.\Generated_Source\PSoC5/emFile_1_ConfigMMC_SPI.c **** *                SEGGER MICROCONTROLLER GmbH & Co. KG                *
  20:.\Generated_Source\PSoC5/emFile_1_ConfigMMC_SPI.c **** *        Solutions for real time microcontroller applications        *
  21:.\Generated_Source\PSoC5/emFile_1_ConfigMMC_SPI.c **** **********************************************************************
  22:.\Generated_Source\PSoC5/emFile_1_ConfigMMC_SPI.c **** *                                                                    *
  23:.\Generated_Source\PSoC5/emFile_1_ConfigMMC_SPI.c **** *        (c) 2003-2010     SEGGER Microcontroller GmbH & Co KG       *
  24:.\Generated_Source\PSoC5/emFile_1_ConfigMMC_SPI.c **** *                                                                    *
  25:.\Generated_Source\PSoC5/emFile_1_ConfigMMC_SPI.c **** *        Internet: www.segger.com    Support:  support@segger.com    *
  26:.\Generated_Source\PSoC5/emFile_1_ConfigMMC_SPI.c **** *                                                                    *
  27:.\Generated_Source\PSoC5/emFile_1_ConfigMMC_SPI.c **** **********************************************************************
  28:.\Generated_Source\PSoC5/emFile_1_ConfigMMC_SPI.c **** 
  29:.\Generated_Source\PSoC5/emFile_1_ConfigMMC_SPI.c **** **** emFile file system for embedded applications ****
  30:.\Generated_Source\PSoC5/emFile_1_ConfigMMC_SPI.c **** emFile is protected by international copyright laws. Knowledge of the
  31:.\Generated_Source\PSoC5/emFile_1_ConfigMMC_SPI.c **** source code may not be used to write a similar product. This file may
  32:.\Generated_Source\PSoC5/emFile_1_ConfigMMC_SPI.c **** only be used in accordance with a license and should not be re-
  33:.\Generated_Source\PSoC5/emFile_1_ConfigMMC_SPI.c **** distributed in any way. We appreciate your understanding and fairness.
  34:.\Generated_Source\PSoC5/emFile_1_ConfigMMC_SPI.c **** ----------------------------------------------------------------------
  35:.\Generated_Source\PSoC5/emFile_1_ConfigMMC_SPI.c **** ----------------------------------------------------------------------
  36:.\Generated_Source\PSoC5/emFile_1_ConfigMMC_SPI.c **** File        : ConfigMMC_SPI.c
  37:.\Generated_Source\PSoC5/emFile_1_ConfigMMC_SPI.c **** Purpose     : Configuration file for FS with MMC SPI mode driver
  38:.\Generated_Source\PSoC5/emFile_1_ConfigMMC_SPI.c **** ---------------------------END-OF-HEADER------------------------------
  39:.\Generated_Source\PSoC5/emFile_1_ConfigMMC_SPI.c **** */
  40:.\Generated_Source\PSoC5/emFile_1_ConfigMMC_SPI.c **** 
  41:.\Generated_Source\PSoC5/emFile_1_ConfigMMC_SPI.c **** #include "FS.h"
  42:.\Generated_Source\PSoC5/emFile_1_ConfigMMC_SPI.c **** #include "emFile_1.h"
  43:.\Generated_Source\PSoC5/emFile_1_ConfigMMC_SPI.c **** 
  44:.\Generated_Source\PSoC5/emFile_1_ConfigMMC_SPI.c **** /*********************************************************************
  45:.\Generated_Source\PSoC5/emFile_1_ConfigMMC_SPI.c **** *
  46:.\Generated_Source\PSoC5/emFile_1_ConfigMMC_SPI.c **** *       Defines, configurable
  47:.\Generated_Source\PSoC5/emFile_1_ConfigMMC_SPI.c **** *
  48:.\Generated_Source\PSoC5/emFile_1_ConfigMMC_SPI.c **** *       This section is the only section which requires changes
  49:.\Generated_Source\PSoC5/emFile_1_ConfigMMC_SPI.c **** *       using the MMC/SD card mode disk driver as a single device.
  50:.\Generated_Source\PSoC5/emFile_1_ConfigMMC_SPI.c **** *
  51:.\Generated_Source\PSoC5/emFile_1_ConfigMMC_SPI.c **** **********************************************************************
  52:.\Generated_Source\PSoC5/emFile_1_ConfigMMC_SPI.c **** */
  53:.\Generated_Source\PSoC5/emFile_1_ConfigMMC_SPI.c **** #define ALLOC_SIZE                 (0x1000)      /* Size defined in bytes */
  54:.\Generated_Source\PSoC5/emFile_1_ConfigMMC_SPI.c **** 
  55:.\Generated_Source\PSoC5/emFile_1_ConfigMMC_SPI.c **** /*********************************************************************
  56:.\Generated_Source\PSoC5/emFile_1_ConfigMMC_SPI.c **** *
  57:.\Generated_Source\PSoC5/emFile_1_ConfigMMC_SPI.c **** *       Static data
  58:.\Generated_Source\PSoC5/emFile_1_ConfigMMC_SPI.c **** *
  59:.\Generated_Source\PSoC5/emFile_1_ConfigMMC_SPI.c **** **********************************************************************
  60:.\Generated_Source\PSoC5/emFile_1_ConfigMMC_SPI.c **** */
  61:.\Generated_Source\PSoC5/emFile_1_ConfigMMC_SPI.c **** static U32   _aMemBlock[ALLOC_SIZE / 4u];      /* Memory pool used for semi-dynamic allocation. */
  62:.\Generated_Source\PSoC5/emFile_1_ConfigMMC_SPI.c **** 
  63:.\Generated_Source\PSoC5/emFile_1_ConfigMMC_SPI.c **** /*********************************************************************
  64:.\Generated_Source\PSoC5/emFile_1_ConfigMMC_SPI.c **** *
  65:.\Generated_Source\PSoC5/emFile_1_ConfigMMC_SPI.c **** *       Public code
  66:.\Generated_Source\PSoC5/emFile_1_ConfigMMC_SPI.c **** *
  67:.\Generated_Source\PSoC5/emFile_1_ConfigMMC_SPI.c **** *       This section does not require modifications in most systems.
  68:.\Generated_Source\PSoC5/emFile_1_ConfigMMC_SPI.c **** *
  69:.\Generated_Source\PSoC5/emFile_1_ConfigMMC_SPI.c **** **********************************************************************
  70:.\Generated_Source\PSoC5/emFile_1_ConfigMMC_SPI.c **** */
  71:.\Generated_Source\PSoC5/emFile_1_ConfigMMC_SPI.c **** 
ARM GAS  C:\Users\karunmj\AppData\Local\Temp\ccZVdQyt.s 			page 3


  72:.\Generated_Source\PSoC5/emFile_1_ConfigMMC_SPI.c **** /*********************************************************************
  73:.\Generated_Source\PSoC5/emFile_1_ConfigMMC_SPI.c **** *
  74:.\Generated_Source\PSoC5/emFile_1_ConfigMMC_SPI.c **** *       FS_X_AddDevices
  75:.\Generated_Source\PSoC5/emFile_1_ConfigMMC_SPI.c **** *
  76:.\Generated_Source\PSoC5/emFile_1_ConfigMMC_SPI.c **** *  Function description
  77:.\Generated_Source\PSoC5/emFile_1_ConfigMMC_SPI.c **** *    This function is called by the FS during FS_Init().
  78:.\Generated_Source\PSoC5/emFile_1_ConfigMMC_SPI.c **** *    It is supposed to add all devices, using primarily FS_AddDevice().
  79:.\Generated_Source\PSoC5/emFile_1_ConfigMMC_SPI.c **** *
  80:.\Generated_Source\PSoC5/emFile_1_ConfigMMC_SPI.c **** *  Note
  81:.\Generated_Source\PSoC5/emFile_1_ConfigMMC_SPI.c **** *    (1) Other API functions
  82:.\Generated_Source\PSoC5/emFile_1_ConfigMMC_SPI.c **** *        Other API functions may NOT be called, since this function is called
  83:.\Generated_Source\PSoC5/emFile_1_ConfigMMC_SPI.c **** *        during initialization. The devices are not yet ready at this point.
  84:.\Generated_Source\PSoC5/emFile_1_ConfigMMC_SPI.c **** */
  85:.\Generated_Source\PSoC5/emFile_1_ConfigMMC_SPI.c **** void FS_X_AddDevices(void)
  86:.\Generated_Source\PSoC5/emFile_1_ConfigMMC_SPI.c **** {
  36              		.loc 1 86 0
  37              		.cfi_startproc
  38              		@ args = 0, pretend = 0, frame = 0
  39              		@ frame_needed = 1, uses_anonymous_args = 0
  40 0000 80B5     		push	{r7, lr}
  41              	.LCFI0:
  42              		.cfi_def_cfa_offset 8
  43 0002 00AF     		add	r7, sp, #0
  44              		.cfi_offset 14, -4
  45              		.cfi_offset 7, -8
  46              	.LCFI1:
  47              		.cfi_def_cfa_register 7
  87:.\Generated_Source\PSoC5/emFile_1_ConfigMMC_SPI.c ****     #if(CY_PSOC5)
  88:.\Generated_Source\PSoC5/emFile_1_ConfigMMC_SPI.c ****         FS_AssignMemory(&_aMemBlock[0u], sizeof(_aMemBlock));
  48              		.loc 1 88 0
  49 0004 40F20000 		movw	r0, #:lower16:_aMemBlock
  50 0008 C0F20000 		movt	r0, #:upper16:_aMemBlock
  51 000c 4FF48051 		mov	r1, #4096
  52 0010 FFF7FEFF 		bl	FS_AssignMemory
  89:.\Generated_Source\PSoC5/emFile_1_ConfigMMC_SPI.c ****     #else
  90:.\Generated_Source\PSoC5/emFile_1_ConfigMMC_SPI.c ****         FS_AssignMemory(&_aMemBlock[1u], sizeof(_aMemBlock));
  91:.\Generated_Source\PSoC5/emFile_1_ConfigMMC_SPI.c ****     #endif/* (CY_PSOC5) */
  92:.\Generated_Source\PSoC5/emFile_1_ConfigMMC_SPI.c **** 
  93:.\Generated_Source\PSoC5/emFile_1_ConfigMMC_SPI.c ****     #if (emFile_1_NUMBER_SD_CARDS == 4u)
  94:.\Generated_Source\PSoC5/emFile_1_ConfigMMC_SPI.c ****         FS_AddDevice(&FS_MMC_SPI_Driver);
  95:.\Generated_Source\PSoC5/emFile_1_ConfigMMC_SPI.c ****         FS_AddDevice(&FS_MMC_SPI_Driver);
  96:.\Generated_Source\PSoC5/emFile_1_ConfigMMC_SPI.c ****         FS_AddDevice(&FS_MMC_SPI_Driver);
  97:.\Generated_Source\PSoC5/emFile_1_ConfigMMC_SPI.c ****         FS_AddDevice(&FS_MMC_SPI_Driver);
  98:.\Generated_Source\PSoC5/emFile_1_ConfigMMC_SPI.c ****     #elif (emFile_1_NUMBER_SD_CARDS == 3u)
  99:.\Generated_Source\PSoC5/emFile_1_ConfigMMC_SPI.c ****         FS_AddDevice(&FS_MMC_SPI_Driver);
 100:.\Generated_Source\PSoC5/emFile_1_ConfigMMC_SPI.c ****         FS_AddDevice(&FS_MMC_SPI_Driver);
 101:.\Generated_Source\PSoC5/emFile_1_ConfigMMC_SPI.c ****         FS_AddDevice(&FS_MMC_SPI_Driver);
 102:.\Generated_Source\PSoC5/emFile_1_ConfigMMC_SPI.c ****     #elif (emFile_1_NUMBER_SD_CARDS == 2u)
 103:.\Generated_Source\PSoC5/emFile_1_ConfigMMC_SPI.c ****         FS_AddDevice(&FS_MMC_SPI_Driver);
 104:.\Generated_Source\PSoC5/emFile_1_ConfigMMC_SPI.c ****         FS_AddDevice(&FS_MMC_SPI_Driver);
 105:.\Generated_Source\PSoC5/emFile_1_ConfigMMC_SPI.c ****     #else
 106:.\Generated_Source\PSoC5/emFile_1_ConfigMMC_SPI.c ****         FS_AddDevice(&FS_MMC_SPI_Driver);
  53              		.loc 1 106 0
  54 0014 40F20000 		movw	r0, #:lower16:FS_MMC_SPI_Driver
  55 0018 C0F20000 		movt	r0, #:upper16:FS_MMC_SPI_Driver
  56 001c FFF7FEFF 		bl	FS_AddDevice
 107:.\Generated_Source\PSoC5/emFile_1_ConfigMMC_SPI.c ****     #endif /* (emFile_1_NUMBER_SD_CARDS == 4u) */
ARM GAS  C:\Users\karunmj\AppData\Local\Temp\ccZVdQyt.s 			page 4


 108:.\Generated_Source\PSoC5/emFile_1_ConfigMMC_SPI.c **** }
  57              		.loc 1 108 0
  58 0020 80BD     		pop	{r7, pc}
  59              		.cfi_endproc
  60              	.LFE0:
  61              		.size	FS_X_AddDevices, .-FS_X_AddDevices
  62 0022 00BF     		.section	.text.FS_X_GetTimeDate,"ax",%progbits
  63              		.align	2
  64              		.global	FS_X_GetTimeDate
  65              		.thumb
  66              		.thumb_func
  67              		.type	FS_X_GetTimeDate, %function
  68              	FS_X_GetTimeDate:
  69              	.LFB1:
 109:.\Generated_Source\PSoC5/emFile_1_ConfigMMC_SPI.c **** 
 110:.\Generated_Source\PSoC5/emFile_1_ConfigMMC_SPI.c **** /*********************************************************************
 111:.\Generated_Source\PSoC5/emFile_1_ConfigMMC_SPI.c **** *
 112:.\Generated_Source\PSoC5/emFile_1_ConfigMMC_SPI.c **** *       FS_X_GetTimeDate
 113:.\Generated_Source\PSoC5/emFile_1_ConfigMMC_SPI.c **** *
 114:.\Generated_Source\PSoC5/emFile_1_ConfigMMC_SPI.c **** *  Description:
 115:.\Generated_Source\PSoC5/emFile_1_ConfigMMC_SPI.c **** *    Current time and date in a format suitable for the file system.
 116:.\Generated_Source\PSoC5/emFile_1_ConfigMMC_SPI.c **** *
 117:.\Generated_Source\PSoC5/emFile_1_ConfigMMC_SPI.c **** *    Bit 0-4:   2-second count (0-29)
 118:.\Generated_Source\PSoC5/emFile_1_ConfigMMC_SPI.c **** *    Bit 5-10:  Minutes (0-59)
 119:.\Generated_Source\PSoC5/emFile_1_ConfigMMC_SPI.c **** *    Bit 11-15: Hours (0-23)
 120:.\Generated_Source\PSoC5/emFile_1_ConfigMMC_SPI.c **** *    Bit 16-20: Day of month (1-31)
 121:.\Generated_Source\PSoC5/emFile_1_ConfigMMC_SPI.c **** *    Bit 21-24: Month of year (1-12)
 122:.\Generated_Source\PSoC5/emFile_1_ConfigMMC_SPI.c **** *    Bit 25-31: Count of years from 1980 (0-127)
 123:.\Generated_Source\PSoC5/emFile_1_ConfigMMC_SPI.c **** *
 124:.\Generated_Source\PSoC5/emFile_1_ConfigMMC_SPI.c **** */
 125:.\Generated_Source\PSoC5/emFile_1_ConfigMMC_SPI.c **** U32 FS_X_GetTimeDate(void)
 126:.\Generated_Source\PSoC5/emFile_1_ConfigMMC_SPI.c **** {
  70              		.loc 1 126 0
  71              		.cfi_startproc
  72              		@ args = 0, pretend = 0, frame = 16
  73              		@ frame_needed = 1, uses_anonymous_args = 0
  74              		@ link register save eliminated.
  75 0000 80B4     		push	{r7}
  76              	.LCFI2:
  77              		.cfi_def_cfa_offset 4
  78 0002 85B0     		sub	sp, sp, #20
  79              	.LCFI3:
  80              		.cfi_def_cfa_offset 24
  81 0004 00AF     		add	r7, sp, #0
  82              		.cfi_offset 7, -4
  83              	.LCFI4:
  84              		.cfi_def_cfa_register 7
 127:.\Generated_Source\PSoC5/emFile_1_ConfigMMC_SPI.c ****   U32 r;
 128:.\Generated_Source\PSoC5/emFile_1_ConfigMMC_SPI.c ****   U16 Sec, Min, Hour;
 129:.\Generated_Source\PSoC5/emFile_1_ConfigMMC_SPI.c ****   U16 Day, Month, Year;
 130:.\Generated_Source\PSoC5/emFile_1_ConfigMMC_SPI.c **** 
 131:.\Generated_Source\PSoC5/emFile_1_ConfigMMC_SPI.c ****   Sec   = 0;        /* 0 based.  Valid range: 0..59 */
  85              		.loc 1 131 0
  86 0006 4FF00003 		mov	r3, #0
  87 000a BB80     		strh	r3, [r7, #4]	@ movhi
 132:.\Generated_Source\PSoC5/emFile_1_ConfigMMC_SPI.c ****   Min   = 0;        /* 0 based.  Valid range: 0..59 */
  88              		.loc 1 132 0
ARM GAS  C:\Users\karunmj\AppData\Local\Temp\ccZVdQyt.s 			page 5


  89 000c 4FF00003 		mov	r3, #0
  90 0010 FB80     		strh	r3, [r7, #6]	@ movhi
 133:.\Generated_Source\PSoC5/emFile_1_ConfigMMC_SPI.c ****   Hour  = 0;        /* 0 based.  Valid range: 0..23 */
  91              		.loc 1 133 0
  92 0012 4FF00003 		mov	r3, #0
  93 0016 3B81     		strh	r3, [r7, #8]	@ movhi
 134:.\Generated_Source\PSoC5/emFile_1_ConfigMMC_SPI.c ****   Day   = 1;        /* 1 based.    Means that 1 is 1. Valid range is 1..31 (depending on month) */
  94              		.loc 1 134 0
  95 0018 4FF00103 		mov	r3, #1
  96 001c 7B81     		strh	r3, [r7, #10]	@ movhi
 135:.\Generated_Source\PSoC5/emFile_1_ConfigMMC_SPI.c ****   Month = 1;        /* 1 based.    Means that January is 1. Valid range is 1..12. */
  97              		.loc 1 135 0
  98 001e 4FF00103 		mov	r3, #1
  99 0022 BB81     		strh	r3, [r7, #12]	@ movhi
 136:.\Generated_Source\PSoC5/emFile_1_ConfigMMC_SPI.c ****   Year  = 0;        /* 1980 based. Means that 2007 would be 27. */
 100              		.loc 1 136 0
 101 0024 4FF00003 		mov	r3, #0
 102 0028 FB81     		strh	r3, [r7, #14]	@ movhi
 137:.\Generated_Source\PSoC5/emFile_1_ConfigMMC_SPI.c ****   r   = Sec / 2 + (Min << 5) + (Hour  << 11);
 103              		.loc 1 137 0
 104 002a BB88     		ldrh	r3, [r7, #4]
 105 002c 4FEA5303 		lsr	r3, r3, #1
 106 0030 9BB2     		uxth	r3, r3
 107 0032 1A46     		mov	r2, r3
 108 0034 FB88     		ldrh	r3, [r7, #6]
 109 0036 4FEA4313 		lsl	r3, r3, #5
 110 003a 1A44     		add	r2, r2, r3
 111 003c 3B89     		ldrh	r3, [r7, #8]
 112 003e 4FEAC323 		lsl	r3, r3, #11
 113 0042 1344     		add	r3, r2, r3
 114 0044 3B60     		str	r3, [r7, #0]
 138:.\Generated_Source\PSoC5/emFile_1_ConfigMMC_SPI.c ****   r  |= (U32)(Day + (Month << 5) + (Year  << 9)) << 16;
 115              		.loc 1 138 0
 116 0046 7A89     		ldrh	r2, [r7, #10]
 117 0048 BB89     		ldrh	r3, [r7, #12]
 118 004a 4FEA4313 		lsl	r3, r3, #5
 119 004e 1A44     		add	r2, r2, r3
 120 0050 FB89     		ldrh	r3, [r7, #14]
 121 0052 4FEA4323 		lsl	r3, r3, #9
 122 0056 1344     		add	r3, r2, r3
 123 0058 4FEA0343 		lsl	r3, r3, #16
 124 005c 3A68     		ldr	r2, [r7, #0]
 125 005e 42EA0303 		orr	r3, r2, r3
 126 0062 3B60     		str	r3, [r7, #0]
 139:.\Generated_Source\PSoC5/emFile_1_ConfigMMC_SPI.c ****   return r;
 127              		.loc 1 139 0
 128 0064 3B68     		ldr	r3, [r7, #0]
 140:.\Generated_Source\PSoC5/emFile_1_ConfigMMC_SPI.c **** }
 129              		.loc 1 140 0
 130 0066 1846     		mov	r0, r3
 131 0068 07F11407 		add	r7, r7, #20
 132 006c BD46     		mov	sp, r7
 133 006e 80BC     		pop	{r7}
 134 0070 7047     		bx	lr
 135              		.cfi_endproc
 136              	.LFE1:
 137              		.size	FS_X_GetTimeDate, .-FS_X_GetTimeDate
ARM GAS  C:\Users\karunmj\AppData\Local\Temp\ccZVdQyt.s 			page 6


 138 0072 00BF     		.text
 139              	.Letext0:
 140              		.section	.debug_loc,"",%progbits
 141              	.Ldebug_loc0:
 142              	.LLST0:
 143 0000 00000000 		.4byte	.LFB0
 144 0004 02000000 		.4byte	.LCFI0
 145 0008 0100     		.2byte	0x1
 146 000a 5D       		.byte	0x5d
 147 000b 02000000 		.4byte	.LCFI0
 148 000f 04000000 		.4byte	.LCFI1
 149 0013 0200     		.2byte	0x2
 150 0015 7D       		.byte	0x7d
 151 0016 08       		.sleb128 8
 152 0017 04000000 		.4byte	.LCFI1
 153 001b 22000000 		.4byte	.LFE0
 154 001f 0200     		.2byte	0x2
 155 0021 77       		.byte	0x77
 156 0022 08       		.sleb128 8
 157 0023 00000000 		.4byte	0x0
 158 0027 00000000 		.4byte	0x0
 159              	.LLST1:
 160 002b 00000000 		.4byte	.LFB1
 161 002f 02000000 		.4byte	.LCFI2
 162 0033 0100     		.2byte	0x1
 163 0035 5D       		.byte	0x5d
 164 0036 02000000 		.4byte	.LCFI2
 165 003a 04000000 		.4byte	.LCFI3
 166 003e 0200     		.2byte	0x2
 167 0040 7D       		.byte	0x7d
 168 0041 04       		.sleb128 4
 169 0042 04000000 		.4byte	.LCFI3
 170 0046 06000000 		.4byte	.LCFI4
 171 004a 0200     		.2byte	0x2
 172 004c 7D       		.byte	0x7d
 173 004d 18       		.sleb128 24
 174 004e 06000000 		.4byte	.LCFI4
 175 0052 72000000 		.4byte	.LFE1
 176 0056 0200     		.2byte	0x2
 177 0058 77       		.byte	0x77
 178 0059 18       		.sleb128 24
 179 005a 00000000 		.4byte	0x0
 180 005e 00000000 		.4byte	0x0
 181              		.file 2 "..\\..\\..\\emFile_V322b\\Code\\Include\\PSoC5/FS.h"
 182              		.file 3 "..\\..\\..\\emFile_V322b\\Code\\Include\\PSoC5/FS_Types.h"
 183              		.section	.debug_info
 184 0000 9C020000 		.4byte	0x29c
 185 0004 0200     		.2byte	0x2
 186 0006 00000000 		.4byte	.Ldebug_abbrev0
 187 000a 04       		.byte	0x4
 188 000b 01       		.uleb128 0x1
 189 000c 5F010000 		.4byte	.LASF24
 190 0010 01       		.byte	0x1
 191 0011 80000000 		.4byte	.LASF25
 192 0015 0E000000 		.4byte	.LASF26
 193 0019 00000000 		.4byte	0x0
 194 001d 00000000 		.4byte	0x0
ARM GAS  C:\Users\karunmj\AppData\Local\Temp\ccZVdQyt.s 			page 7


 195 0021 00000000 		.4byte	.Ldebug_ranges0+0x0
 196 0025 00000000 		.4byte	.Ldebug_line0
 197 0029 02       		.uleb128 0x2
 198 002a 71000000 		.4byte	.LASF27
 199 002e 03       		.byte	0x3
 200 002f 81       		.byte	0x81
 201 0030 34000000 		.4byte	0x34
 202 0034 03       		.uleb128 0x3
 203 0035 71000000 		.4byte	.LASF27
 204 0039 20       		.byte	0x20
 205 003a 03       		.byte	0x3
 206 003b 81       		.byte	0x81
 207 003c B9000000 		.4byte	0xb9
 208 0040 04       		.uleb128 0x4
 209 0041 96010000 		.4byte	.LASF0
 210 0045 02       		.byte	0x2
 211 0046 2C02     		.2byte	0x22c
 212 0048 0A010000 		.4byte	0x10a
 213 004c 02       		.byte	0x2
 214 004d 23       		.byte	0x23
 215 004e 00       		.uleb128 0x0
 216 004f 04       		.uleb128 0x4
 217 0050 2F010000 		.4byte	.LASF1
 218 0054 02       		.byte	0x2
 219 0055 2D02     		.2byte	0x22d
 220 0057 16010000 		.4byte	0x116
 221 005b 02       		.byte	0x2
 222 005c 23       		.byte	0x23
 223 005d 04       		.uleb128 0x4
 224 005e 04       		.uleb128 0x4
 225 005f 80010000 		.4byte	.LASF2
 226 0063 02       		.byte	0x2
 227 0064 2E02     		.2byte	0x22e
 228 0066 3B010000 		.4byte	0x13b
 229 006a 02       		.byte	0x2
 230 006b 23       		.byte	0x23
 231 006c 08       		.uleb128 0x8
 232 006d 04       		.uleb128 0x4
 233 006e 69000000 		.4byte	.LASF3
 234 0072 02       		.byte	0x2
 235 0073 2F02     		.2byte	0x22f
 236 0075 6C010000 		.4byte	0x16c
 237 0079 02       		.byte	0x2
 238 007a 23       		.byte	0x23
 239 007b 0C       		.uleb128 0xc
 240 007c 04       		.uleb128 0x4
 241 007d C6010000 		.4byte	.LASF4
 242 0081 02       		.byte	0x2
 243 0082 3002     		.2byte	0x230
 244 0084 98010000 		.4byte	0x198
 245 0088 02       		.byte	0x2
 246 0089 23       		.byte	0x23
 247 008a 10       		.uleb128 0x10
 248 008b 04       		.uleb128 0x4
 249 008c 16010000 		.4byte	.LASF5
 250 0090 02       		.byte	0x2
 251 0091 3102     		.2byte	0x231
ARM GAS  C:\Users\karunmj\AppData\Local\Temp\ccZVdQyt.s 			page 8


 252 0093 AE010000 		.4byte	0x1ae
 253 0097 02       		.byte	0x2
 254 0098 23       		.byte	0x23
 255 0099 14       		.uleb128 0x14
 256 009a 04       		.uleb128 0x4
 257 009b BD000000 		.4byte	.LASF6
 258 009f 02       		.byte	0x2
 259 00a0 3202     		.2byte	0x232
 260 00a2 AE010000 		.4byte	0x1ae
 261 00a6 02       		.byte	0x2
 262 00a7 23       		.byte	0x23
 263 00a8 18       		.uleb128 0x18
 264 00a9 04       		.uleb128 0x4
 265 00aa CF000000 		.4byte	.LASF7
 266 00ae 02       		.byte	0x2
 267 00af 3302     		.2byte	0x233
 268 00b1 16010000 		.4byte	0x116
 269 00b5 02       		.byte	0x2
 270 00b6 23       		.byte	0x23
 271 00b7 1C       		.uleb128 0x1c
 272 00b8 00       		.byte	0x0
 273 00b9 05       		.uleb128 0x5
 274 00ba 02       		.byte	0x2
 275 00bb 07       		.byte	0x7
 276 00bc FD000000 		.4byte	.LASF8
 277 00c0 05       		.uleb128 0x5
 278 00c1 04       		.byte	0x4
 279 00c2 07       		.byte	0x7
 280 00c3 EB000000 		.4byte	.LASF9
 281 00c7 05       		.uleb128 0x5
 282 00c8 04       		.byte	0x4
 283 00c9 07       		.byte	0x7
 284 00ca 3B010000 		.4byte	.LASF10
 285 00ce 06       		.uleb128 0x6
 286 00cf 04       		.byte	0x4
 287 00d0 05       		.byte	0x5
 288 00d1 696E7400 		.ascii	"int\000"
 289 00d5 05       		.uleb128 0x5
 290 00d6 01       		.byte	0x1
 291 00d7 08       		.byte	0x8
 292 00d8 DD000000 		.4byte	.LASF11
 293 00dc 07       		.uleb128 0x7
 294 00dd 04       		.byte	0x4
 295 00de 08       		.uleb128 0x8
 296 00df 04       		.byte	0x4
 297 00e0 07       		.byte	0x7
 298 00e1 05       		.uleb128 0x5
 299 00e2 01       		.byte	0x1
 300 00e3 08       		.byte	0x8
 301 00e4 6B010000 		.4byte	.LASF12
 302 00e8 05       		.uleb128 0x5
 303 00e9 02       		.byte	0x2
 304 00ea 05       		.byte	0x5
 305 00eb 87010000 		.4byte	.LASF13
 306 00ef 09       		.uleb128 0x9
 307 00f0 01       		.byte	0x1
 308 00f1 FF000000 		.4byte	0xff
ARM GAS  C:\Users\karunmj\AppData\Local\Temp\ccZVdQyt.s 			page 9


 309 00f5 FF000000 		.4byte	0xff
 310 00f9 0A       		.uleb128 0xa
 311 00fa D5000000 		.4byte	0xd5
 312 00fe 00       		.byte	0x0
 313 00ff 0B       		.uleb128 0xb
 314 0100 04       		.byte	0x4
 315 0101 05010000 		.4byte	0x105
 316 0105 0C       		.uleb128 0xc
 317 0106 E1000000 		.4byte	0xe1
 318 010a 0B       		.uleb128 0xb
 319 010b 04       		.byte	0x4
 320 010c EF000000 		.4byte	0xef
 321 0110 0D       		.uleb128 0xd
 322 0111 01       		.byte	0x1
 323 0112 CE000000 		.4byte	0xce
 324 0116 0B       		.uleb128 0xb
 325 0117 04       		.byte	0x4
 326 0118 10010000 		.4byte	0x110
 327 011c 09       		.uleb128 0x9
 328 011d 01       		.byte	0x1
 329 011e CE000000 		.4byte	0xce
 330 0122 3B010000 		.4byte	0x13b
 331 0126 0A       		.uleb128 0xa
 332 0127 D5000000 		.4byte	0xd5
 333 012b 0A       		.uleb128 0xa
 334 012c C0000000 		.4byte	0xc0
 335 0130 0A       		.uleb128 0xa
 336 0131 DC000000 		.4byte	0xdc
 337 0135 0A       		.uleb128 0xa
 338 0136 C0000000 		.4byte	0xc0
 339 013a 00       		.byte	0x0
 340 013b 0B       		.uleb128 0xb
 341 013c 04       		.byte	0x4
 342 013d 1C010000 		.4byte	0x11c
 343 0141 09       		.uleb128 0x9
 344 0142 01       		.byte	0x1
 345 0143 CE000000 		.4byte	0xce
 346 0147 65010000 		.4byte	0x165
 347 014b 0A       		.uleb128 0xa
 348 014c D5000000 		.4byte	0xd5
 349 0150 0A       		.uleb128 0xa
 350 0151 C0000000 		.4byte	0xc0
 351 0155 0A       		.uleb128 0xa
 352 0156 65010000 		.4byte	0x165
 353 015a 0A       		.uleb128 0xa
 354 015b C0000000 		.4byte	0xc0
 355 015f 0A       		.uleb128 0xa
 356 0160 D5000000 		.4byte	0xd5
 357 0164 00       		.byte	0x0
 358 0165 0B       		.uleb128 0xb
 359 0166 04       		.byte	0x4
 360 0167 6B010000 		.4byte	0x16b
 361 016b 0E       		.uleb128 0xe
 362 016c 0B       		.uleb128 0xb
 363 016d 04       		.byte	0x4
 364 016e 41010000 		.4byte	0x141
 365 0172 09       		.uleb128 0x9
ARM GAS  C:\Users\karunmj\AppData\Local\Temp\ccZVdQyt.s 			page 10


 366 0173 01       		.byte	0x1
 367 0174 CE000000 		.4byte	0xce
 368 0178 91010000 		.4byte	0x191
 369 017c 0A       		.uleb128 0xa
 370 017d D5000000 		.4byte	0xd5
 371 0181 0A       		.uleb128 0xa
 372 0182 91010000 		.4byte	0x191
 373 0186 0A       		.uleb128 0xa
 374 0187 91010000 		.4byte	0x191
 375 018b 0A       		.uleb128 0xa
 376 018c DC000000 		.4byte	0xdc
 377 0190 00       		.byte	0x0
 378 0191 05       		.uleb128 0x5
 379 0192 04       		.byte	0x4
 380 0193 05       		.byte	0x5
 381 0194 A0010000 		.4byte	.LASF14
 382 0198 0B       		.uleb128 0xb
 383 0199 04       		.byte	0x4
 384 019a 72010000 		.4byte	0x172
 385 019e 09       		.uleb128 0x9
 386 019f 01       		.byte	0x1
 387 01a0 CE000000 		.4byte	0xce
 388 01a4 AE010000 		.4byte	0x1ae
 389 01a8 0A       		.uleb128 0xa
 390 01a9 D5000000 		.4byte	0xd5
 391 01ad 00       		.byte	0x0
 392 01ae 0B       		.uleb128 0xb
 393 01af 04       		.byte	0x4
 394 01b0 9E010000 		.4byte	0x19e
 395 01b4 05       		.uleb128 0x5
 396 01b5 01       		.byte	0x1
 397 01b6 06       		.byte	0x6
 398 01b7 BA010000 		.4byte	.LASF15
 399 01bb 05       		.uleb128 0x5
 400 01bc 08       		.byte	0x8
 401 01bd 05       		.byte	0x5
 402 01be 00000000 		.4byte	.LASF16
 403 01c2 05       		.uleb128 0x5
 404 01c3 08       		.byte	0x8
 405 01c4 07       		.byte	0x7
 406 01c5 48010000 		.4byte	.LASF17
 407 01c9 05       		.uleb128 0x5
 408 01ca 04       		.byte	0x4
 409 01cb 04       		.byte	0x4
 410 01cc C9000000 		.4byte	.LASF18
 411 01d0 05       		.uleb128 0x5
 412 01d1 08       		.byte	0x8
 413 01d2 04       		.byte	0x4
 414 01d3 28010000 		.4byte	.LASF19
 415 01d7 0F       		.uleb128 0xf
 416 01d8 01       		.byte	0x1
 417 01d9 70010000 		.4byte	.LASF28
 418 01dd 01       		.byte	0x1
 419 01de 55       		.byte	0x55
 420 01df 01       		.byte	0x1
 421 01e0 00000000 		.4byte	.LFB0
 422 01e4 22000000 		.4byte	.LFE0
ARM GAS  C:\Users\karunmj\AppData\Local\Temp\ccZVdQyt.s 			page 11


 423 01e8 00000000 		.4byte	.LLST0
 424 01ec 10       		.uleb128 0x10
 425 01ed 01       		.byte	0x1
 426 01ee A9010000 		.4byte	.LASF29
 427 01f2 01       		.byte	0x1
 428 01f3 7D       		.byte	0x7d
 429 01f4 01       		.byte	0x1
 430 01f5 C0000000 		.4byte	0xc0
 431 01f9 00000000 		.4byte	.LFB1
 432 01fd 72000000 		.4byte	.LFE1
 433 0201 2B000000 		.4byte	.LLST1
 434 0205 6A020000 		.4byte	0x26a
 435 0209 11       		.uleb128 0x11
 436 020a 7200     		.ascii	"r\000"
 437 020c 01       		.byte	0x1
 438 020d 7F       		.byte	0x7f
 439 020e C0000000 		.4byte	0xc0
 440 0212 02       		.byte	0x2
 441 0213 91       		.byte	0x91
 442 0214 68       		.sleb128 -24
 443 0215 11       		.uleb128 0x11
 444 0216 53656300 		.ascii	"Sec\000"
 445 021a 01       		.byte	0x1
 446 021b 80       		.byte	0x80
 447 021c B9000000 		.4byte	0xb9
 448 0220 02       		.byte	0x2
 449 0221 91       		.byte	0x91
 450 0222 6C       		.sleb128 -20
 451 0223 11       		.uleb128 0x11
 452 0224 4D696E00 		.ascii	"Min\000"
 453 0228 01       		.byte	0x1
 454 0229 80       		.byte	0x80
 455 022a B9000000 		.4byte	0xb9
 456 022e 02       		.byte	0x2
 457 022f 91       		.byte	0x91
 458 0230 6E       		.sleb128 -18
 459 0231 12       		.uleb128 0x12
 460 0232 91010000 		.4byte	.LASF20
 461 0236 01       		.byte	0x1
 462 0237 80       		.byte	0x80
 463 0238 B9000000 		.4byte	0xb9
 464 023c 02       		.byte	0x2
 465 023d 91       		.byte	0x91
 466 023e 70       		.sleb128 -16
 467 023f 11       		.uleb128 0x11
 468 0240 44617900 		.ascii	"Day\000"
 469 0244 01       		.byte	0x1
 470 0245 81       		.byte	0x81
 471 0246 B9000000 		.4byte	0xb9
 472 024a 02       		.byte	0x2
 473 024b 91       		.byte	0x91
 474 024c 72       		.sleb128 -14
 475 024d 12       		.uleb128 0x12
 476 024e 10010000 		.4byte	.LASF21
 477 0252 01       		.byte	0x1
 478 0253 81       		.byte	0x81
 479 0254 B9000000 		.4byte	0xb9
ARM GAS  C:\Users\karunmj\AppData\Local\Temp\ccZVdQyt.s 			page 12


 480 0258 02       		.byte	0x2
 481 0259 91       		.byte	0x91
 482 025a 74       		.sleb128 -12
 483 025b 12       		.uleb128 0x12
 484 025c 23010000 		.4byte	.LASF22
 485 0260 01       		.byte	0x1
 486 0261 81       		.byte	0x81
 487 0262 B9000000 		.4byte	0xb9
 488 0266 02       		.byte	0x2
 489 0267 91       		.byte	0x91
 490 0268 76       		.sleb128 -10
 491 0269 00       		.byte	0x0
 492 026a 13       		.uleb128 0x13
 493 026b C0000000 		.4byte	0xc0
 494 026f 7B020000 		.4byte	0x27b
 495 0273 14       		.uleb128 0x14
 496 0274 DE000000 		.4byte	0xde
 497 0278 FF03     		.2byte	0x3ff
 498 027a 00       		.byte	0x0
 499 027b 12       		.uleb128 0x12
 500 027c B2000000 		.4byte	.LASF23
 501 0280 01       		.byte	0x1
 502 0281 3D       		.byte	0x3d
 503 0282 6A020000 		.4byte	0x26a
 504 0286 05       		.byte	0x5
 505 0287 03       		.byte	0x3
 506 0288 00000000 		.4byte	_aMemBlock
 507 028c 15       		.uleb128 0x15
 508 028d CE010000 		.4byte	.LASF30
 509 0291 02       		.byte	0x2
 510 0292 3902     		.2byte	0x239
 511 0294 9A020000 		.4byte	0x29a
 512 0298 01       		.byte	0x1
 513 0299 01       		.byte	0x1
 514 029a 0C       		.uleb128 0xc
 515 029b 29000000 		.4byte	0x29
 516 029f 00       		.byte	0x0
 517              		.section	.debug_abbrev
 518 0000 01       		.uleb128 0x1
 519 0001 11       		.uleb128 0x11
 520 0002 01       		.byte	0x1
 521 0003 25       		.uleb128 0x25
 522 0004 0E       		.uleb128 0xe
 523 0005 13       		.uleb128 0x13
 524 0006 0B       		.uleb128 0xb
 525 0007 03       		.uleb128 0x3
 526 0008 0E       		.uleb128 0xe
 527 0009 1B       		.uleb128 0x1b
 528 000a 0E       		.uleb128 0xe
 529 000b 11       		.uleb128 0x11
 530 000c 01       		.uleb128 0x1
 531 000d 52       		.uleb128 0x52
 532 000e 01       		.uleb128 0x1
 533 000f 55       		.uleb128 0x55
 534 0010 06       		.uleb128 0x6
 535 0011 10       		.uleb128 0x10
 536 0012 06       		.uleb128 0x6
ARM GAS  C:\Users\karunmj\AppData\Local\Temp\ccZVdQyt.s 			page 13


 537 0013 00       		.byte	0x0
 538 0014 00       		.byte	0x0
 539 0015 02       		.uleb128 0x2
 540 0016 16       		.uleb128 0x16
 541 0017 00       		.byte	0x0
 542 0018 03       		.uleb128 0x3
 543 0019 0E       		.uleb128 0xe
 544 001a 3A       		.uleb128 0x3a
 545 001b 0B       		.uleb128 0xb
 546 001c 3B       		.uleb128 0x3b
 547 001d 0B       		.uleb128 0xb
 548 001e 49       		.uleb128 0x49
 549 001f 13       		.uleb128 0x13
 550 0020 00       		.byte	0x0
 551 0021 00       		.byte	0x0
 552 0022 03       		.uleb128 0x3
 553 0023 13       		.uleb128 0x13
 554 0024 01       		.byte	0x1
 555 0025 03       		.uleb128 0x3
 556 0026 0E       		.uleb128 0xe
 557 0027 0B       		.uleb128 0xb
 558 0028 0B       		.uleb128 0xb
 559 0029 3A       		.uleb128 0x3a
 560 002a 0B       		.uleb128 0xb
 561 002b 3B       		.uleb128 0x3b
 562 002c 0B       		.uleb128 0xb
 563 002d 01       		.uleb128 0x1
 564 002e 13       		.uleb128 0x13
 565 002f 00       		.byte	0x0
 566 0030 00       		.byte	0x0
 567 0031 04       		.uleb128 0x4
 568 0032 0D       		.uleb128 0xd
 569 0033 00       		.byte	0x0
 570 0034 03       		.uleb128 0x3
 571 0035 0E       		.uleb128 0xe
 572 0036 3A       		.uleb128 0x3a
 573 0037 0B       		.uleb128 0xb
 574 0038 3B       		.uleb128 0x3b
 575 0039 05       		.uleb128 0x5
 576 003a 49       		.uleb128 0x49
 577 003b 13       		.uleb128 0x13
 578 003c 38       		.uleb128 0x38
 579 003d 0A       		.uleb128 0xa
 580 003e 00       		.byte	0x0
 581 003f 00       		.byte	0x0
 582 0040 05       		.uleb128 0x5
 583 0041 24       		.uleb128 0x24
 584 0042 00       		.byte	0x0
 585 0043 0B       		.uleb128 0xb
 586 0044 0B       		.uleb128 0xb
 587 0045 3E       		.uleb128 0x3e
 588 0046 0B       		.uleb128 0xb
 589 0047 03       		.uleb128 0x3
 590 0048 0E       		.uleb128 0xe
 591 0049 00       		.byte	0x0
 592 004a 00       		.byte	0x0
 593 004b 06       		.uleb128 0x6
ARM GAS  C:\Users\karunmj\AppData\Local\Temp\ccZVdQyt.s 			page 14


 594 004c 24       		.uleb128 0x24
 595 004d 00       		.byte	0x0
 596 004e 0B       		.uleb128 0xb
 597 004f 0B       		.uleb128 0xb
 598 0050 3E       		.uleb128 0x3e
 599 0051 0B       		.uleb128 0xb
 600 0052 03       		.uleb128 0x3
 601 0053 08       		.uleb128 0x8
 602 0054 00       		.byte	0x0
 603 0055 00       		.byte	0x0
 604 0056 07       		.uleb128 0x7
 605 0057 0F       		.uleb128 0xf
 606 0058 00       		.byte	0x0
 607 0059 0B       		.uleb128 0xb
 608 005a 0B       		.uleb128 0xb
 609 005b 00       		.byte	0x0
 610 005c 00       		.byte	0x0
 611 005d 08       		.uleb128 0x8
 612 005e 24       		.uleb128 0x24
 613 005f 00       		.byte	0x0
 614 0060 0B       		.uleb128 0xb
 615 0061 0B       		.uleb128 0xb
 616 0062 3E       		.uleb128 0x3e
 617 0063 0B       		.uleb128 0xb
 618 0064 00       		.byte	0x0
 619 0065 00       		.byte	0x0
 620 0066 09       		.uleb128 0x9
 621 0067 15       		.uleb128 0x15
 622 0068 01       		.byte	0x1
 623 0069 27       		.uleb128 0x27
 624 006a 0C       		.uleb128 0xc
 625 006b 49       		.uleb128 0x49
 626 006c 13       		.uleb128 0x13
 627 006d 01       		.uleb128 0x1
 628 006e 13       		.uleb128 0x13
 629 006f 00       		.byte	0x0
 630 0070 00       		.byte	0x0
 631 0071 0A       		.uleb128 0xa
 632 0072 05       		.uleb128 0x5
 633 0073 00       		.byte	0x0
 634 0074 49       		.uleb128 0x49
 635 0075 13       		.uleb128 0x13
 636 0076 00       		.byte	0x0
 637 0077 00       		.byte	0x0
 638 0078 0B       		.uleb128 0xb
 639 0079 0F       		.uleb128 0xf
 640 007a 00       		.byte	0x0
 641 007b 0B       		.uleb128 0xb
 642 007c 0B       		.uleb128 0xb
 643 007d 49       		.uleb128 0x49
 644 007e 13       		.uleb128 0x13
 645 007f 00       		.byte	0x0
 646 0080 00       		.byte	0x0
 647 0081 0C       		.uleb128 0xc
 648 0082 26       		.uleb128 0x26
 649 0083 00       		.byte	0x0
 650 0084 49       		.uleb128 0x49
ARM GAS  C:\Users\karunmj\AppData\Local\Temp\ccZVdQyt.s 			page 15


 651 0085 13       		.uleb128 0x13
 652 0086 00       		.byte	0x0
 653 0087 00       		.byte	0x0
 654 0088 0D       		.uleb128 0xd
 655 0089 15       		.uleb128 0x15
 656 008a 00       		.byte	0x0
 657 008b 27       		.uleb128 0x27
 658 008c 0C       		.uleb128 0xc
 659 008d 49       		.uleb128 0x49
 660 008e 13       		.uleb128 0x13
 661 008f 00       		.byte	0x0
 662 0090 00       		.byte	0x0
 663 0091 0E       		.uleb128 0xe
 664 0092 26       		.uleb128 0x26
 665 0093 00       		.byte	0x0
 666 0094 00       		.byte	0x0
 667 0095 00       		.byte	0x0
 668 0096 0F       		.uleb128 0xf
 669 0097 2E       		.uleb128 0x2e
 670 0098 00       		.byte	0x0
 671 0099 3F       		.uleb128 0x3f
 672 009a 0C       		.uleb128 0xc
 673 009b 03       		.uleb128 0x3
 674 009c 0E       		.uleb128 0xe
 675 009d 3A       		.uleb128 0x3a
 676 009e 0B       		.uleb128 0xb
 677 009f 3B       		.uleb128 0x3b
 678 00a0 0B       		.uleb128 0xb
 679 00a1 27       		.uleb128 0x27
 680 00a2 0C       		.uleb128 0xc
 681 00a3 11       		.uleb128 0x11
 682 00a4 01       		.uleb128 0x1
 683 00a5 12       		.uleb128 0x12
 684 00a6 01       		.uleb128 0x1
 685 00a7 40       		.uleb128 0x40
 686 00a8 06       		.uleb128 0x6
 687 00a9 00       		.byte	0x0
 688 00aa 00       		.byte	0x0
 689 00ab 10       		.uleb128 0x10
 690 00ac 2E       		.uleb128 0x2e
 691 00ad 01       		.byte	0x1
 692 00ae 3F       		.uleb128 0x3f
 693 00af 0C       		.uleb128 0xc
 694 00b0 03       		.uleb128 0x3
 695 00b1 0E       		.uleb128 0xe
 696 00b2 3A       		.uleb128 0x3a
 697 00b3 0B       		.uleb128 0xb
 698 00b4 3B       		.uleb128 0x3b
 699 00b5 0B       		.uleb128 0xb
 700 00b6 27       		.uleb128 0x27
 701 00b7 0C       		.uleb128 0xc
 702 00b8 49       		.uleb128 0x49
 703 00b9 13       		.uleb128 0x13
 704 00ba 11       		.uleb128 0x11
 705 00bb 01       		.uleb128 0x1
 706 00bc 12       		.uleb128 0x12
 707 00bd 01       		.uleb128 0x1
ARM GAS  C:\Users\karunmj\AppData\Local\Temp\ccZVdQyt.s 			page 16


 708 00be 40       		.uleb128 0x40
 709 00bf 06       		.uleb128 0x6
 710 00c0 01       		.uleb128 0x1
 711 00c1 13       		.uleb128 0x13
 712 00c2 00       		.byte	0x0
 713 00c3 00       		.byte	0x0
 714 00c4 11       		.uleb128 0x11
 715 00c5 34       		.uleb128 0x34
 716 00c6 00       		.byte	0x0
 717 00c7 03       		.uleb128 0x3
 718 00c8 08       		.uleb128 0x8
 719 00c9 3A       		.uleb128 0x3a
 720 00ca 0B       		.uleb128 0xb
 721 00cb 3B       		.uleb128 0x3b
 722 00cc 0B       		.uleb128 0xb
 723 00cd 49       		.uleb128 0x49
 724 00ce 13       		.uleb128 0x13
 725 00cf 02       		.uleb128 0x2
 726 00d0 0A       		.uleb128 0xa
 727 00d1 00       		.byte	0x0
 728 00d2 00       		.byte	0x0
 729 00d3 12       		.uleb128 0x12
 730 00d4 34       		.uleb128 0x34
 731 00d5 00       		.byte	0x0
 732 00d6 03       		.uleb128 0x3
 733 00d7 0E       		.uleb128 0xe
 734 00d8 3A       		.uleb128 0x3a
 735 00d9 0B       		.uleb128 0xb
 736 00da 3B       		.uleb128 0x3b
 737 00db 0B       		.uleb128 0xb
 738 00dc 49       		.uleb128 0x49
 739 00dd 13       		.uleb128 0x13
 740 00de 02       		.uleb128 0x2
 741 00df 0A       		.uleb128 0xa
 742 00e0 00       		.byte	0x0
 743 00e1 00       		.byte	0x0
 744 00e2 13       		.uleb128 0x13
 745 00e3 01       		.uleb128 0x1
 746 00e4 01       		.byte	0x1
 747 00e5 49       		.uleb128 0x49
 748 00e6 13       		.uleb128 0x13
 749 00e7 01       		.uleb128 0x1
 750 00e8 13       		.uleb128 0x13
 751 00e9 00       		.byte	0x0
 752 00ea 00       		.byte	0x0
 753 00eb 14       		.uleb128 0x14
 754 00ec 21       		.uleb128 0x21
 755 00ed 00       		.byte	0x0
 756 00ee 49       		.uleb128 0x49
 757 00ef 13       		.uleb128 0x13
 758 00f0 2F       		.uleb128 0x2f
 759 00f1 05       		.uleb128 0x5
 760 00f2 00       		.byte	0x0
 761 00f3 00       		.byte	0x0
 762 00f4 15       		.uleb128 0x15
 763 00f5 34       		.uleb128 0x34
 764 00f6 00       		.byte	0x0
ARM GAS  C:\Users\karunmj\AppData\Local\Temp\ccZVdQyt.s 			page 17


 765 00f7 03       		.uleb128 0x3
 766 00f8 0E       		.uleb128 0xe
 767 00f9 3A       		.uleb128 0x3a
 768 00fa 0B       		.uleb128 0xb
 769 00fb 3B       		.uleb128 0x3b
 770 00fc 05       		.uleb128 0x5
 771 00fd 49       		.uleb128 0x49
 772 00fe 13       		.uleb128 0x13
 773 00ff 3F       		.uleb128 0x3f
 774 0100 0C       		.uleb128 0xc
 775 0101 3C       		.uleb128 0x3c
 776 0102 0C       		.uleb128 0xc
 777 0103 00       		.byte	0x0
 778 0104 00       		.byte	0x0
 779 0105 00       		.byte	0x0
 780              		.section	.debug_pubnames,"",%progbits
 781 0000 37000000 		.4byte	0x37
 782 0004 0200     		.2byte	0x2
 783 0006 00000000 		.4byte	.Ldebug_info0
 784 000a A0020000 		.4byte	0x2a0
 785 000e D7010000 		.4byte	0x1d7
 786 0012 46535F58 		.ascii	"FS_X_AddDevices\000"
 786      5F416464 
 786      44657669 
 786      63657300 
 787 0022 EC010000 		.4byte	0x1ec
 788 0026 46535F58 		.ascii	"FS_X_GetTimeDate\000"
 788      5F476574 
 788      54696D65 
 788      44617465 
 788      00
 789 0037 00000000 		.4byte	0x0
 790              		.section	.debug_aranges,"",%progbits
 791 0000 24000000 		.4byte	0x24
 792 0004 0200     		.2byte	0x2
 793 0006 00000000 		.4byte	.Ldebug_info0
 794 000a 04       		.byte	0x4
 795 000b 00       		.byte	0x0
 796 000c 0000     		.2byte	0x0
 797 000e 0000     		.2byte	0x0
 798 0010 00000000 		.4byte	.LFB0
 799 0014 22000000 		.4byte	.LFE0-.LFB0
 800 0018 00000000 		.4byte	.LFB1
 801 001c 72000000 		.4byte	.LFE1-.LFB1
 802 0020 00000000 		.4byte	0x0
 803 0024 00000000 		.4byte	0x0
 804              		.section	.debug_ranges,"",%progbits
 805              	.Ldebug_ranges0:
 806 0000 00000000 		.4byte	.Ltext0
 807 0004 00000000 		.4byte	.Letext0
 808 0008 00000000 		.4byte	.LFB0
 809 000c 22000000 		.4byte	.LFE0
 810 0010 00000000 		.4byte	.LFB1
 811 0014 72000000 		.4byte	.LFE1
 812 0018 00000000 		.4byte	0x0
 813 001c 00000000 		.4byte	0x0
 814              		.section	.debug_str,"MS",%progbits,1
ARM GAS  C:\Users\karunmj\AppData\Local\Temp\ccZVdQyt.s 			page 18


 815              	.LASF16:
 816 0000 6C6F6E67 		.ascii	"long long int\000"
 816      206C6F6E 
 816      6720696E 
 816      7400
 817              	.LASF26:
 818 000e 433A5C55 		.ascii	"C:\\Users\\karunmj\\Documents\\GitHub\\m2m\\softwar"
 818      73657273 
 818      5C6B6172 
 818      756E6D6A 
 818      5C446F63 
 819 003b 655C736F 		.ascii	"e\\solinst\\Solinst Driver\\Solinst Driver.cydsn\000"
 819      6C696E73 
 819      745C536F 
 819      6C696E73 
 819      74204472 
 820              	.LASF3:
 821 0069 70665772 		.ascii	"pfWrite\000"
 821      69746500 
 822              	.LASF27:
 823 0071 46535F44 		.ascii	"FS_DEVICE_TYPE\000"
 823      45564943 
 823      455F5459 
 823      504500
 824              	.LASF25:
 825 0080 2E5C4765 		.ascii	".\\Generated_Source\\PSoC5\\emFile_1_ConfigMMC_SPI."
 825      6E657261 
 825      7465645F 
 825      536F7572 
 825      63655C50 
 826 00b0 6300     		.ascii	"c\000"
 827              	.LASF23:
 828 00b2 5F614D65 		.ascii	"_aMemBlock\000"
 828      6D426C6F 
 828      636B00
 829              	.LASF6:
 830 00bd 70664765 		.ascii	"pfGetStatus\000"
 830      74537461 
 830      74757300 
 831              	.LASF18:
 832 00c9 666C6F61 		.ascii	"float\000"
 832      7400
 833              	.LASF7:
 834 00cf 70664765 		.ascii	"pfGetNumUnits\000"
 834      744E756D 
 834      556E6974 
 834      7300
 835              	.LASF11:
 836 00dd 756E7369 		.ascii	"unsigned char\000"
 836      676E6564 
 836      20636861 
 836      7200
 837              	.LASF9:
 838 00eb 6C6F6E67 		.ascii	"long unsigned int\000"
 838      20756E73 
 838      69676E65 
 838      6420696E 
ARM GAS  C:\Users\karunmj\AppData\Local\Temp\ccZVdQyt.s 			page 19


 838      7400
 839              	.LASF8:
 840 00fd 73686F72 		.ascii	"short unsigned int\000"
 840      7420756E 
 840      7369676E 
 840      65642069 
 840      6E7400
 841              	.LASF21:
 842 0110 4D6F6E74 		.ascii	"Month\000"
 842      6800
 843              	.LASF5:
 844 0116 7066496E 		.ascii	"pfInitMedium\000"
 844      69744D65 
 844      6469756D 
 844      00
 845              	.LASF22:
 846 0123 59656172 		.ascii	"Year\000"
 846      00
 847              	.LASF19:
 848 0128 646F7562 		.ascii	"double\000"
 848      6C6500
 849              	.LASF1:
 850 012f 70664164 		.ascii	"pfAddDevice\000"
 850      64446576 
 850      69636500 
 851              	.LASF10:
 852 013b 756E7369 		.ascii	"unsigned int\000"
 852      676E6564 
 852      20696E74 
 852      00
 853              	.LASF17:
 854 0148 6C6F6E67 		.ascii	"long long unsigned int\000"
 854      206C6F6E 
 854      6720756E 
 854      7369676E 
 854      65642069 
 855              	.LASF24:
 856 015f 474E5520 		.ascii	"GNU C 4.4.1\000"
 856      4320342E 
 856      342E3100 
 857              	.LASF12:
 858 016b 63686172 		.ascii	"char\000"
 858      00
 859              	.LASF28:
 860 0170 46535F58 		.ascii	"FS_X_AddDevices\000"
 860      5F416464 
 860      44657669 
 860      63657300 
 861              	.LASF2:
 862 0180 70665265 		.ascii	"pfRead\000"
 862      616400
 863              	.LASF13:
 864 0187 73686F72 		.ascii	"short int\000"
 864      7420696E 
 864      7400
 865              	.LASF20:
 866 0191 486F7572 		.ascii	"Hour\000"
ARM GAS  C:\Users\karunmj\AppData\Local\Temp\ccZVdQyt.s 			page 20


 866      00
 867              	.LASF0:
 868 0196 70664765 		.ascii	"pfGetName\000"
 868      744E616D 
 868      6500
 869              	.LASF14:
 870 01a0 6C6F6E67 		.ascii	"long int\000"
 870      20696E74 
 870      00
 871              	.LASF29:
 872 01a9 46535F58 		.ascii	"FS_X_GetTimeDate\000"
 872      5F476574 
 872      54696D65 
 872      44617465 
 872      00
 873              	.LASF15:
 874 01ba 7369676E 		.ascii	"signed char\000"
 874      65642063 
 874      68617200 
 875              	.LASF4:
 876 01c6 7066496F 		.ascii	"pfIoCtl\000"
 876      43746C00 
 877              	.LASF30:
 878 01ce 46535F4D 		.ascii	"FS_MMC_SPI_Driver\000"
 878      4D435F53 
 878      50495F44 
 878      72697665 
 878      7200
 879              		.ident	"GCC: (Sourcery G++ Lite 2010q1-188) 4.4.1"
