ARM GAS  C:\Users\karunmj\AppData\Local\Temp\ccO9TPC8.s 			page 1


   1              		.syntax unified
   2              		.cpu cortex-m3
   3              		.fpu softvfp
   4              		.eabi_attribute 20, 1
   5              		.eabi_attribute 21, 1
   6              		.eabi_attribute 23, 3
   7              		.eabi_attribute 24, 1
   8              		.eabi_attribute 25, 1
   9              		.eabi_attribute 26, 1
  10              		.eabi_attribute 30, 6
  11              		.eabi_attribute 18, 4
  12              		.thumb
  13              		.file	"main.c"
  14              		.section	.debug_abbrev,"",%progbits
  15              	.Ldebug_abbrev0:
  16              		.section	.debug_info,"",%progbits
  17              	.Ldebug_info0:
  18              		.section	.debug_line,"",%progbits
  19              	.Ldebug_line0:
  20 0000 83000000 		.text
  20      02006900 
  20      00000201 
  20      FB0E0D00 
  20      01010101 
  21              	.Ltext0:
  22              		.cfi_sections	.debug_frame
  23              		.section	.text.main,"ax",%progbits
  24              		.align	2
  25              		.global	main
  26              		.thumb
  27              		.thumb_func
  28              		.type	main, %function
  29              	main:
  30              	.LFB29:
  31              		.file 1 ".\\main.c"
   1:.\main.c      **** /* ========================================
   2:.\main.c      ****  *
   3:.\main.c      ****  * Copyright YOUR COMPANY, THE YEAR
   4:.\main.c      ****  * All Rights Reserved
   5:.\main.c      ****  * UNPUBLISHED, LICENSED SOFTWARE.
   6:.\main.c      ****  *
   7:.\main.c      ****  * CONFIDENTIAL AND PROPRIETARY INFORMATION
   8:.\main.c      ****  * WHICH IS THE PROPERTY OF your company.
   9:.\main.c      ****  *
  10:.\main.c      ****  * ========================================
  11:.\main.c      **** */
  12:.\main.c      **** #include <device.h>
  13:.\main.c      **** #include "solinst_depth.h"
  14:.\main.c      **** 
  15:.\main.c      **** void main()
  16:.\main.c      **** {
  32              		.loc 1 16 0
  33              		.cfi_startproc
  34              		@ args = 0, pretend = 0, frame = 16
  35              		@ frame_needed = 1, uses_anonymous_args = 0
  36 0000 80B5     		push	{r7, lr}
  37              	.LCFI0:
ARM GAS  C:\Users\karunmj\AppData\Local\Temp\ccO9TPC8.s 			page 2


  38              		.cfi_def_cfa_offset 8
  39 0002 84B0     		sub	sp, sp, #16
  40              	.LCFI1:
  41              		.cfi_def_cfa_offset 24
  42 0004 00AF     		add	r7, sp, #0
  43              		.cfi_offset 14, -4
  44              		.cfi_offset 7, -8
  45              	.LCFI2:
  46              		.cfi_def_cfa_register 7
  17:.\main.c      ****     /* Place your initialization/startup code here (e.g. MyInst_Start()) */
  18:.\main.c      ****     solinst_start();
  47              		.loc 1 18 0
  48 0006 FFF7FEFF 		bl	solinst_start
  19:.\main.c      ****      CyGlobalIntEnable;  /* Uncomment this line to enable global interrupts. */
  49              		.loc 1 19 0
  50              	@ 19 ".\main.c" 1
  51 000a 62B6     		CPSIE   i
  52              	@ 0 "" 2
  53              		.thumb
  54              	.L2:
  55              	.LBB2:
  20:.\main.c      ****     for(;;)
  21:.\main.c      ****     {
  22:.\main.c      ****         SolinstReading reading;
  23:.\main.c      ****         solinst_get_reading(&reading);
  56              		.loc 1 23 0
  57 000c 07F10403 		add	r3, r7, #4
  58 0010 1846     		mov	r0, r3
  59 0012 FFF7FEFF 		bl	solinst_get_reading
  24:.\main.c      ****         CyDelay(5000u);
  60              		.loc 1 24 0
  61 0016 41F28830 		movw	r0, #5000
  62 001a FFF7FEFF 		bl	CyDelay
  63              	.LBE2:
  25:.\main.c      ****        
  26:.\main.c      ****     }
  64              		.loc 1 26 0
  65 001e F5E7     		b	.L2
  66              		.cfi_endproc
  67              	.LFE29:
  68              		.size	main, .-main
  69              		.text
  70              	.Letext0:
  71              		.section	.debug_loc,"",%progbits
  72              	.Ldebug_loc0:
  73              	.LLST0:
  74 0000 00000000 		.4byte	.LFB29
  75 0004 02000000 		.4byte	.LCFI0
  76 0008 0100     		.2byte	0x1
  77 000a 5D       		.byte	0x5d
  78 000b 02000000 		.4byte	.LCFI0
  79 000f 04000000 		.4byte	.LCFI1
  80 0013 0200     		.2byte	0x2
  81 0015 7D       		.byte	0x7d
  82 0016 08       		.sleb128 8
  83 0017 04000000 		.4byte	.LCFI1
  84 001b 06000000 		.4byte	.LCFI2
ARM GAS  C:\Users\karunmj\AppData\Local\Temp\ccO9TPC8.s 			page 3


  85 001f 0200     		.2byte	0x2
  86 0021 7D       		.byte	0x7d
  87 0022 18       		.sleb128 24
  88 0023 06000000 		.4byte	.LCFI2
  89 0027 20000000 		.4byte	.LFE29
  90 002b 0200     		.2byte	0x2
  91 002d 77       		.byte	0x77
  92 002e 18       		.sleb128 24
  93 002f 00000000 		.4byte	0x0
  94 0033 00000000 		.4byte	0x0
  95              		.file 2 ".\\/solinst_depth.h"
  96              		.file 3 "./Generated_Source/PSoC5/cytypes.h"
  97              		.file 4 "./Generated_Source/PSoC5/core_cm3.h"
  98              		.section	.debug_info
  99 0000 11010000 		.4byte	0x111
 100 0004 0200     		.2byte	0x2
 101 0006 00000000 		.4byte	.Ldebug_abbrev0
 102 000a 04       		.byte	0x4
 103 000b 01       		.uleb128 0x1
 104 000c AB000000 		.4byte	.LASF17
 105 0010 01       		.byte	0x1
 106 0011 3D010000 		.4byte	.LASF18
 107 0015 39000000 		.4byte	.LASF19
 108 0019 00000000 		.4byte	0x0
 109 001d 00000000 		.4byte	0x0
 110 0021 00000000 		.4byte	.Ldebug_ranges0+0x0
 111 0025 00000000 		.4byte	.Ldebug_line0
 112 0029 02       		.uleb128 0x2
 113 002a 01       		.byte	0x1
 114 002b 06       		.byte	0x6
 115 002c 16010000 		.4byte	.LASF0
 116 0030 02       		.uleb128 0x2
 117 0031 01       		.byte	0x1
 118 0032 08       		.byte	0x8
 119 0033 B7000000 		.4byte	.LASF1
 120 0037 02       		.uleb128 0x2
 121 0038 02       		.byte	0x2
 122 0039 05       		.byte	0x5
 123 003a D7000000 		.4byte	.LASF2
 124 003e 02       		.uleb128 0x2
 125 003f 02       		.byte	0x2
 126 0040 07       		.byte	0x7
 127 0041 03010000 		.4byte	.LASF3
 128 0045 02       		.uleb128 0x2
 129 0046 04       		.byte	0x4
 130 0047 05       		.byte	0x5
 131 0048 FA000000 		.4byte	.LASF4
 132 004c 02       		.uleb128 0x2
 133 004d 04       		.byte	0x4
 134 004e 07       		.byte	0x7
 135 004f E1000000 		.4byte	.LASF5
 136 0053 02       		.uleb128 0x2
 137 0054 08       		.byte	0x8
 138 0055 05       		.byte	0x5
 139 0056 00000000 		.4byte	.LASF6
 140 005a 02       		.uleb128 0x2
 141 005b 08       		.byte	0x8
ARM GAS  C:\Users\karunmj\AppData\Local\Temp\ccO9TPC8.s 			page 4


 142 005c 07       		.byte	0x7
 143 005d 94000000 		.4byte	.LASF7
 144 0061 03       		.uleb128 0x3
 145 0062 04       		.byte	0x4
 146 0063 05       		.byte	0x5
 147 0064 696E7400 		.ascii	"int\000"
 148 0068 02       		.uleb128 0x2
 149 0069 04       		.byte	0x4
 150 006a 07       		.byte	0x7
 151 006b 0E000000 		.4byte	.LASF8
 152 006f 04       		.uleb128 0x4
 153 0070 33000000 		.4byte	.LASF15
 154 0074 03       		.byte	0x3
 155 0075 4C       		.byte	0x4c
 156 0076 30000000 		.4byte	0x30
 157 007a 02       		.uleb128 0x2
 158 007b 04       		.byte	0x4
 159 007c 04       		.byte	0x4
 160 007d 37010000 		.4byte	.LASF9
 161 0081 02       		.uleb128 0x2
 162 0082 08       		.byte	0x8
 163 0083 04       		.byte	0x4
 164 0084 F3000000 		.4byte	.LASF10
 165 0088 02       		.uleb128 0x2
 166 0089 01       		.byte	0x1
 167 008a 08       		.byte	0x8
 168 008b C5000000 		.4byte	.LASF11
 169 008f 05       		.uleb128 0x5
 170 0090 04       		.byte	0x4
 171 0091 07       		.byte	0x7
 172 0092 06       		.uleb128 0x6
 173 0093 0C       		.byte	0xc
 174 0094 02       		.byte	0x2
 175 0095 10       		.byte	0x10
 176 0096 C5000000 		.4byte	0xc5
 177 009a 07       		.uleb128 0x7
 178 009b 23000000 		.4byte	.LASF12
 179 009f 02       		.byte	0x2
 180 00a0 11       		.byte	0x11
 181 00a1 7A000000 		.4byte	0x7a
 182 00a5 02       		.byte	0x2
 183 00a6 23       		.byte	0x23
 184 00a7 00       		.uleb128 0x0
 185 00a8 07       		.uleb128 0x7
 186 00a9 31010000 		.4byte	.LASF13
 187 00ad 02       		.byte	0x2
 188 00ae 12       		.byte	0x12
 189 00af 7A000000 		.4byte	0x7a
 190 00b3 02       		.byte	0x2
 191 00b4 23       		.byte	0x23
 192 00b5 04       		.uleb128 0x4
 193 00b6 07       		.uleb128 0x7
 194 00b7 2D000000 		.4byte	.LASF14
 195 00bb 02       		.byte	0x2
 196 00bc 13       		.byte	0x13
 197 00bd 6F000000 		.4byte	0x6f
 198 00c1 02       		.byte	0x2
ARM GAS  C:\Users\karunmj\AppData\Local\Temp\ccO9TPC8.s 			page 5


 199 00c2 23       		.byte	0x23
 200 00c3 08       		.uleb128 0x8
 201 00c4 00       		.byte	0x0
 202 00c5 04       		.uleb128 0x4
 203 00c6 22010000 		.4byte	.LASF16
 204 00ca 02       		.byte	0x2
 205 00cb 14       		.byte	0x14
 206 00cc 92000000 		.4byte	0x92
 207 00d0 08       		.uleb128 0x8
 208 00d1 01       		.byte	0x1
 209 00d2 28000000 		.4byte	.LASF20
 210 00d6 01       		.byte	0x1
 211 00d7 0F       		.byte	0xf
 212 00d8 00000000 		.4byte	.LFB29
 213 00dc 20000000 		.4byte	.LFE29
 214 00e0 00000000 		.4byte	.LLST0
 215 00e4 01010000 		.4byte	0x101
 216 00e8 09       		.uleb128 0x9
 217 00e9 0C000000 		.4byte	.LBB2
 218 00ed 1E000000 		.4byte	.LBE2
 219 00f1 0A       		.uleb128 0xa
 220 00f2 1B000000 		.4byte	.LASF21
 221 00f6 01       		.byte	0x1
 222 00f7 16       		.byte	0x16
 223 00f8 C5000000 		.4byte	0xc5
 224 00fc 02       		.byte	0x2
 225 00fd 91       		.byte	0x91
 226 00fe 6C       		.sleb128 -20
 227 00ff 00       		.byte	0x0
 228 0100 00       		.byte	0x0
 229 0101 0B       		.uleb128 0xb
 230 0102 CA000000 		.4byte	.LASF22
 231 0106 04       		.byte	0x4
 232 0107 CE06     		.2byte	0x6ce
 233 0109 0F010000 		.4byte	0x10f
 234 010d 01       		.byte	0x1
 235 010e 01       		.byte	0x1
 236 010f 0C       		.uleb128 0xc
 237 0110 61000000 		.4byte	0x61
 238 0114 00       		.byte	0x0
 239              		.section	.debug_abbrev
 240 0000 01       		.uleb128 0x1
 241 0001 11       		.uleb128 0x11
 242 0002 01       		.byte	0x1
 243 0003 25       		.uleb128 0x25
 244 0004 0E       		.uleb128 0xe
 245 0005 13       		.uleb128 0x13
 246 0006 0B       		.uleb128 0xb
 247 0007 03       		.uleb128 0x3
 248 0008 0E       		.uleb128 0xe
 249 0009 1B       		.uleb128 0x1b
 250 000a 0E       		.uleb128 0xe
 251 000b 11       		.uleb128 0x11
 252 000c 01       		.uleb128 0x1
 253 000d 52       		.uleb128 0x52
 254 000e 01       		.uleb128 0x1
 255 000f 55       		.uleb128 0x55
ARM GAS  C:\Users\karunmj\AppData\Local\Temp\ccO9TPC8.s 			page 6


 256 0010 06       		.uleb128 0x6
 257 0011 10       		.uleb128 0x10
 258 0012 06       		.uleb128 0x6
 259 0013 00       		.byte	0x0
 260 0014 00       		.byte	0x0
 261 0015 02       		.uleb128 0x2
 262 0016 24       		.uleb128 0x24
 263 0017 00       		.byte	0x0
 264 0018 0B       		.uleb128 0xb
 265 0019 0B       		.uleb128 0xb
 266 001a 3E       		.uleb128 0x3e
 267 001b 0B       		.uleb128 0xb
 268 001c 03       		.uleb128 0x3
 269 001d 0E       		.uleb128 0xe
 270 001e 00       		.byte	0x0
 271 001f 00       		.byte	0x0
 272 0020 03       		.uleb128 0x3
 273 0021 24       		.uleb128 0x24
 274 0022 00       		.byte	0x0
 275 0023 0B       		.uleb128 0xb
 276 0024 0B       		.uleb128 0xb
 277 0025 3E       		.uleb128 0x3e
 278 0026 0B       		.uleb128 0xb
 279 0027 03       		.uleb128 0x3
 280 0028 08       		.uleb128 0x8
 281 0029 00       		.byte	0x0
 282 002a 00       		.byte	0x0
 283 002b 04       		.uleb128 0x4
 284 002c 16       		.uleb128 0x16
 285 002d 00       		.byte	0x0
 286 002e 03       		.uleb128 0x3
 287 002f 0E       		.uleb128 0xe
 288 0030 3A       		.uleb128 0x3a
 289 0031 0B       		.uleb128 0xb
 290 0032 3B       		.uleb128 0x3b
 291 0033 0B       		.uleb128 0xb
 292 0034 49       		.uleb128 0x49
 293 0035 13       		.uleb128 0x13
 294 0036 00       		.byte	0x0
 295 0037 00       		.byte	0x0
 296 0038 05       		.uleb128 0x5
 297 0039 24       		.uleb128 0x24
 298 003a 00       		.byte	0x0
 299 003b 0B       		.uleb128 0xb
 300 003c 0B       		.uleb128 0xb
 301 003d 3E       		.uleb128 0x3e
 302 003e 0B       		.uleb128 0xb
 303 003f 00       		.byte	0x0
 304 0040 00       		.byte	0x0
 305 0041 06       		.uleb128 0x6
 306 0042 13       		.uleb128 0x13
 307 0043 01       		.byte	0x1
 308 0044 0B       		.uleb128 0xb
 309 0045 0B       		.uleb128 0xb
 310 0046 3A       		.uleb128 0x3a
 311 0047 0B       		.uleb128 0xb
 312 0048 3B       		.uleb128 0x3b
ARM GAS  C:\Users\karunmj\AppData\Local\Temp\ccO9TPC8.s 			page 7


 313 0049 0B       		.uleb128 0xb
 314 004a 01       		.uleb128 0x1
 315 004b 13       		.uleb128 0x13
 316 004c 00       		.byte	0x0
 317 004d 00       		.byte	0x0
 318 004e 07       		.uleb128 0x7
 319 004f 0D       		.uleb128 0xd
 320 0050 00       		.byte	0x0
 321 0051 03       		.uleb128 0x3
 322 0052 0E       		.uleb128 0xe
 323 0053 3A       		.uleb128 0x3a
 324 0054 0B       		.uleb128 0xb
 325 0055 3B       		.uleb128 0x3b
 326 0056 0B       		.uleb128 0xb
 327 0057 49       		.uleb128 0x49
 328 0058 13       		.uleb128 0x13
 329 0059 38       		.uleb128 0x38
 330 005a 0A       		.uleb128 0xa
 331 005b 00       		.byte	0x0
 332 005c 00       		.byte	0x0
 333 005d 08       		.uleb128 0x8
 334 005e 2E       		.uleb128 0x2e
 335 005f 01       		.byte	0x1
 336 0060 3F       		.uleb128 0x3f
 337 0061 0C       		.uleb128 0xc
 338 0062 03       		.uleb128 0x3
 339 0063 0E       		.uleb128 0xe
 340 0064 3A       		.uleb128 0x3a
 341 0065 0B       		.uleb128 0xb
 342 0066 3B       		.uleb128 0x3b
 343 0067 0B       		.uleb128 0xb
 344 0068 11       		.uleb128 0x11
 345 0069 01       		.uleb128 0x1
 346 006a 12       		.uleb128 0x12
 347 006b 01       		.uleb128 0x1
 348 006c 40       		.uleb128 0x40
 349 006d 06       		.uleb128 0x6
 350 006e 01       		.uleb128 0x1
 351 006f 13       		.uleb128 0x13
 352 0070 00       		.byte	0x0
 353 0071 00       		.byte	0x0
 354 0072 09       		.uleb128 0x9
 355 0073 0B       		.uleb128 0xb
 356 0074 01       		.byte	0x1
 357 0075 11       		.uleb128 0x11
 358 0076 01       		.uleb128 0x1
 359 0077 12       		.uleb128 0x12
 360 0078 01       		.uleb128 0x1
 361 0079 00       		.byte	0x0
 362 007a 00       		.byte	0x0
 363 007b 0A       		.uleb128 0xa
 364 007c 34       		.uleb128 0x34
 365 007d 00       		.byte	0x0
 366 007e 03       		.uleb128 0x3
 367 007f 0E       		.uleb128 0xe
 368 0080 3A       		.uleb128 0x3a
 369 0081 0B       		.uleb128 0xb
ARM GAS  C:\Users\karunmj\AppData\Local\Temp\ccO9TPC8.s 			page 8


 370 0082 3B       		.uleb128 0x3b
 371 0083 0B       		.uleb128 0xb
 372 0084 49       		.uleb128 0x49
 373 0085 13       		.uleb128 0x13
 374 0086 02       		.uleb128 0x2
 375 0087 0A       		.uleb128 0xa
 376 0088 00       		.byte	0x0
 377 0089 00       		.byte	0x0
 378 008a 0B       		.uleb128 0xb
 379 008b 34       		.uleb128 0x34
 380 008c 00       		.byte	0x0
 381 008d 03       		.uleb128 0x3
 382 008e 0E       		.uleb128 0xe
 383 008f 3A       		.uleb128 0x3a
 384 0090 0B       		.uleb128 0xb
 385 0091 3B       		.uleb128 0x3b
 386 0092 05       		.uleb128 0x5
 387 0093 49       		.uleb128 0x49
 388 0094 13       		.uleb128 0x13
 389 0095 3F       		.uleb128 0x3f
 390 0096 0C       		.uleb128 0xc
 391 0097 3C       		.uleb128 0x3c
 392 0098 0C       		.uleb128 0xc
 393 0099 00       		.byte	0x0
 394 009a 00       		.byte	0x0
 395 009b 0C       		.uleb128 0xc
 396 009c 35       		.uleb128 0x35
 397 009d 00       		.byte	0x0
 398 009e 49       		.uleb128 0x49
 399 009f 13       		.uleb128 0x13
 400 00a0 00       		.byte	0x0
 401 00a1 00       		.byte	0x0
 402 00a2 00       		.byte	0x0
 403              		.section	.debug_pubnames,"",%progbits
 404 0000 17000000 		.4byte	0x17
 405 0004 0200     		.2byte	0x2
 406 0006 00000000 		.4byte	.Ldebug_info0
 407 000a 15010000 		.4byte	0x115
 408 000e D0000000 		.4byte	0xd0
 409 0012 6D61696E 		.ascii	"main\000"
 409      00
 410 0017 00000000 		.4byte	0x0
 411              		.section	.debug_aranges,"",%progbits
 412 0000 1C000000 		.4byte	0x1c
 413 0004 0200     		.2byte	0x2
 414 0006 00000000 		.4byte	.Ldebug_info0
 415 000a 04       		.byte	0x4
 416 000b 00       		.byte	0x0
 417 000c 0000     		.2byte	0x0
 418 000e 0000     		.2byte	0x0
 419 0010 00000000 		.4byte	.LFB29
 420 0014 20000000 		.4byte	.LFE29-.LFB29
 421 0018 00000000 		.4byte	0x0
 422 001c 00000000 		.4byte	0x0
 423              		.section	.debug_ranges,"",%progbits
 424              	.Ldebug_ranges0:
 425 0000 00000000 		.4byte	.Ltext0
ARM GAS  C:\Users\karunmj\AppData\Local\Temp\ccO9TPC8.s 			page 9


 426 0004 00000000 		.4byte	.Letext0
 427 0008 00000000 		.4byte	.LFB29
 428 000c 20000000 		.4byte	.LFE29
 429 0010 00000000 		.4byte	0x0
 430 0014 00000000 		.4byte	0x0
 431              		.section	.debug_str,"MS",%progbits,1
 432              	.LASF6:
 433 0000 6C6F6E67 		.ascii	"long long int\000"
 433      206C6F6E 
 433      6720696E 
 433      7400
 434              	.LASF8:
 435 000e 756E7369 		.ascii	"unsigned int\000"
 435      676E6564 
 435      20696E74 
 435      00
 436              	.LASF21:
 437 001b 72656164 		.ascii	"reading\000"
 437      696E6700 
 438              	.LASF12:
 439 0023 74656D70 		.ascii	"temp\000"
 439      00
 440              	.LASF20:
 441 0028 6D61696E 		.ascii	"main\000"
 441      00
 442              	.LASF14:
 443 002d 76616C69 		.ascii	"valid\000"
 443      6400
 444              	.LASF15:
 445 0033 75696E74 		.ascii	"uint8\000"
 445      3800
 446              	.LASF19:
 447 0039 433A5C55 		.ascii	"C:\\Users\\karunmj\\Documents\\GitHub\\m2m\\softwar"
 447      73657273 
 447      5C6B6172 
 447      756E6D6A 
 447      5C446F63 
 448 0066 655C736F 		.ascii	"e\\solinst\\Solinst Driver\\Solinst Driver.cydsn\000"
 448      6C696E73 
 448      745C536F 
 448      6C696E73 
 448      74204472 
 449              	.LASF7:
 450 0094 6C6F6E67 		.ascii	"long long unsigned int\000"
 450      206C6F6E 
 450      6720756E 
 450      7369676E 
 450      65642069 
 451              	.LASF17:
 452 00ab 474E5520 		.ascii	"GNU C 4.4.1\000"
 452      4320342E 
 452      342E3100 
 453              	.LASF1:
 454 00b7 756E7369 		.ascii	"unsigned char\000"
 454      676E6564 
 454      20636861 
 454      7200
ARM GAS  C:\Users\karunmj\AppData\Local\Temp\ccO9TPC8.s 			page 10


 455              	.LASF11:
 456 00c5 63686172 		.ascii	"char\000"
 456      00
 457              	.LASF22:
 458 00ca 49544D5F 		.ascii	"ITM_RxBuffer\000"
 458      52784275 
 458      66666572 
 458      00
 459              	.LASF2:
 460 00d7 73686F72 		.ascii	"short int\000"
 460      7420696E 
 460      7400
 461              	.LASF5:
 462 00e1 6C6F6E67 		.ascii	"long unsigned int\000"
 462      20756E73 
 462      69676E65 
 462      6420696E 
 462      7400
 463              	.LASF10:
 464 00f3 646F7562 		.ascii	"double\000"
 464      6C6500
 465              	.LASF4:
 466 00fa 6C6F6E67 		.ascii	"long int\000"
 466      20696E74 
 466      00
 467              	.LASF3:
 468 0103 73686F72 		.ascii	"short unsigned int\000"
 468      7420756E 
 468      7369676E 
 468      65642069 
 468      6E7400
 469              	.LASF0:
 470 0116 7369676E 		.ascii	"signed char\000"
 470      65642063 
 470      68617200 
 471              	.LASF16:
 472 0122 536F6C69 		.ascii	"SolinstReading\000"
 472      6E737452 
 472      65616469 
 472      6E6700
 473              	.LASF13:
 474 0131 64657074 		.ascii	"depth\000"
 474      6800
 475              	.LASF9:
 476 0137 666C6F61 		.ascii	"float\000"
 476      7400
 477              	.LASF18:
 478 013d 2E5C6D61 		.ascii	".\\main.c\000"
 478      696E2E63 
 478      00
 479              		.ident	"GCC: (Sourcery G++ Lite 2010q1-188) 4.4.1"
