ARM GAS  C:\Users\karunmj\AppData\Local\Temp\ccMB0VSa.s 			page 1


   1              		.syntax unified
   2              		.cpu cortex-m3
   3              		.fpu softvfp
   4              		.eabi_attribute 20, 1
   5              		.eabi_attribute 21, 1
   6              		.eabi_attribute 23, 3
   7              		.eabi_attribute 24, 1
   8              		.eabi_attribute 25, 1
   9              		.eabi_attribute 26, 1
  10              		.eabi_attribute 30, 6
  11              		.eabi_attribute 18, 4
  12              		.thumb
  13              		.file	"NEOMOTE_1_UART_MOTE_INT.c"
  14              		.section	.debug_abbrev,"",%progbits
  15              	.Ldebug_abbrev0:
  16              		.section	.debug_info,"",%progbits
  17              	.Ldebug_info0:
  18              		.section	.debug_line,"",%progbits
  19              	.Ldebug_line0:
  20 0000 19000000 		.text
  20      02001300 
  20      00000201 
  20      FB0E0D00 
  20      01010101 
  21              	.Ltext0:
  22              		.cfi_sections	.debug_frame
  23              	.Letext0:
  24              		.section	.debug_info
  25 0000 80000000 		.4byte	0x80
  26 0004 0200     		.2byte	0x2
  27 0006 00000000 		.4byte	.Ldebug_abbrev0
  28 000a 04       		.byte	0x4
  29 000b 01       		.uleb128 0x1
  30 000c 8D000000 		.4byte	.LASF12
  31 0010 01       		.byte	0x1
  32 0011 B5000000 		.4byte	.LASF13
  33 0015 1B000000 		.4byte	.LASF14
  34 0019 00000000 		.4byte	.Ltext0
  35 001d 00000000 		.4byte	.Letext0
  36 0021 00000000 		.4byte	.Ldebug_line0
  37 0025 02       		.uleb128 0x2
  38 0026 01       		.byte	0x1
  39 0027 06       		.byte	0x6
  40 0028 02010000 		.4byte	.LASF0
  41 002c 02       		.uleb128 0x2
  42 002d 01       		.byte	0x1
  43 002e 08       		.byte	0x8
  44 002f 99000000 		.4byte	.LASF1
  45 0033 02       		.uleb128 0x2
  46 0034 02       		.byte	0x2
  47 0035 05       		.byte	0x5
  48 0036 14010000 		.4byte	.LASF2
  49 003a 02       		.uleb128 0x2
  50 003b 02       		.byte	0x2
  51 003c 07       		.byte	0x7
  52 003d EF000000 		.4byte	.LASF3
  53 0041 02       		.uleb128 0x2
ARM GAS  C:\Users\karunmj\AppData\Local\Temp\ccMB0VSa.s 			page 2


  54 0042 04       		.byte	0x4
  55 0043 05       		.byte	0x5
  56 0044 AC000000 		.4byte	.LASF4
  57 0048 02       		.uleb128 0x2
  58 0049 04       		.byte	0x4
  59 004a 07       		.byte	0x7
  60 004b 1E010000 		.4byte	.LASF5
  61 004f 02       		.uleb128 0x2
  62 0050 08       		.byte	0x8
  63 0051 05       		.byte	0x5
  64 0052 00000000 		.4byte	.LASF6
  65 0056 02       		.uleb128 0x2
  66 0057 08       		.byte	0x8
  67 0058 07       		.byte	0x7
  68 0059 76000000 		.4byte	.LASF7
  69 005d 03       		.uleb128 0x3
  70 005e 04       		.byte	0x4
  71 005f 05       		.byte	0x5
  72 0060 696E7400 		.ascii	"int\000"
  73 0064 02       		.uleb128 0x2
  74 0065 04       		.byte	0x4
  75 0066 07       		.byte	0x7
  76 0067 0E000000 		.4byte	.LASF8
  77 006b 02       		.uleb128 0x2
  78 006c 04       		.byte	0x4
  79 006d 04       		.byte	0x4
  80 006e 0E010000 		.4byte	.LASF9
  81 0072 02       		.uleb128 0x2
  82 0073 08       		.byte	0x8
  83 0074 04       		.byte	0x4
  84 0075 E8000000 		.4byte	.LASF10
  85 0079 02       		.uleb128 0x2
  86 007a 01       		.byte	0x1
  87 007b 08       		.byte	0x8
  88 007c A7000000 		.4byte	.LASF11
  89 0080 04       		.uleb128 0x4
  90 0081 04       		.byte	0x4
  91 0082 07       		.byte	0x7
  92 0083 00       		.byte	0x0
  93              		.section	.debug_abbrev
  94 0000 01       		.uleb128 0x1
  95 0001 11       		.uleb128 0x11
  96 0002 01       		.byte	0x1
  97 0003 25       		.uleb128 0x25
  98 0004 0E       		.uleb128 0xe
  99 0005 13       		.uleb128 0x13
 100 0006 0B       		.uleb128 0xb
 101 0007 03       		.uleb128 0x3
 102 0008 0E       		.uleb128 0xe
 103 0009 1B       		.uleb128 0x1b
 104 000a 0E       		.uleb128 0xe
 105 000b 11       		.uleb128 0x11
 106 000c 01       		.uleb128 0x1
 107 000d 12       		.uleb128 0x12
 108 000e 01       		.uleb128 0x1
 109 000f 10       		.uleb128 0x10
 110 0010 06       		.uleb128 0x6
ARM GAS  C:\Users\karunmj\AppData\Local\Temp\ccMB0VSa.s 			page 3


 111 0011 00       		.byte	0x0
 112 0012 00       		.byte	0x0
 113 0013 02       		.uleb128 0x2
 114 0014 24       		.uleb128 0x24
 115 0015 00       		.byte	0x0
 116 0016 0B       		.uleb128 0xb
 117 0017 0B       		.uleb128 0xb
 118 0018 3E       		.uleb128 0x3e
 119 0019 0B       		.uleb128 0xb
 120 001a 03       		.uleb128 0x3
 121 001b 0E       		.uleb128 0xe
 122 001c 00       		.byte	0x0
 123 001d 00       		.byte	0x0
 124 001e 03       		.uleb128 0x3
 125 001f 24       		.uleb128 0x24
 126 0020 00       		.byte	0x0
 127 0021 0B       		.uleb128 0xb
 128 0022 0B       		.uleb128 0xb
 129 0023 3E       		.uleb128 0x3e
 130 0024 0B       		.uleb128 0xb
 131 0025 03       		.uleb128 0x3
 132 0026 08       		.uleb128 0x8
 133 0027 00       		.byte	0x0
 134 0028 00       		.byte	0x0
 135 0029 04       		.uleb128 0x4
 136 002a 24       		.uleb128 0x24
 137 002b 00       		.byte	0x0
 138 002c 0B       		.uleb128 0xb
 139 002d 0B       		.uleb128 0xb
 140 002e 3E       		.uleb128 0x3e
 141 002f 0B       		.uleb128 0xb
 142 0030 00       		.byte	0x0
 143 0031 00       		.byte	0x0
 144 0032 00       		.byte	0x0
 145              		.section	.debug_str,"MS",%progbits,1
 146              	.LASF6:
 147 0000 6C6F6E67 		.ascii	"long long int\000"
 147      206C6F6E 
 147      6720696E 
 147      7400
 148              	.LASF8:
 149 000e 756E7369 		.ascii	"unsigned int\000"
 149      676E6564 
 149      20696E74 
 149      00
 150              	.LASF14:
 151 001b 433A5C55 		.ascii	"C:\\Users\\karunmj\\Documents\\GitHub\\m2m\\softwar"
 151      73657273 
 151      5C6B6172 
 151      756E6D6A 
 151      5C446F63 
 152 0048 655C736F 		.ascii	"e\\solinst\\Solinst Driver\\Solinst Driver.cydsn\000"
 152      6C696E73 
 152      745C536F 
 152      6C696E73 
 152      74204472 
 153              	.LASF7:
ARM GAS  C:\Users\karunmj\AppData\Local\Temp\ccMB0VSa.s 			page 4


 154 0076 6C6F6E67 		.ascii	"long long unsigned int\000"
 154      206C6F6E 
 154      6720756E 
 154      7369676E 
 154      65642069 
 155              	.LASF12:
 156 008d 474E5520 		.ascii	"GNU C 4.4.1\000"
 156      4320342E 
 156      342E3100 
 157              	.LASF1:
 158 0099 756E7369 		.ascii	"unsigned char\000"
 158      676E6564 
 158      20636861 
 158      7200
 159              	.LASF11:
 160 00a7 63686172 		.ascii	"char\000"
 160      00
 161              	.LASF4:
 162 00ac 6C6F6E67 		.ascii	"long int\000"
 162      20696E74 
 162      00
 163              	.LASF13:
 164 00b5 2E5C4765 		.ascii	".\\Generated_Source\\PSoC5\\NEOMOTE_1_UART_MOTE_INT"
 164      6E657261 
 164      7465645F 
 164      536F7572 
 164      63655C50 
 165 00e5 2E6300   		.ascii	".c\000"
 166              	.LASF10:
 167 00e8 646F7562 		.ascii	"double\000"
 167      6C6500
 168              	.LASF3:
 169 00ef 73686F72 		.ascii	"short unsigned int\000"
 169      7420756E 
 169      7369676E 
 169      65642069 
 169      6E7400
 170              	.LASF0:
 171 0102 7369676E 		.ascii	"signed char\000"
 171      65642063 
 171      68617200 
 172              	.LASF9:
 173 010e 666C6F61 		.ascii	"float\000"
 173      7400
 174              	.LASF2:
 175 0114 73686F72 		.ascii	"short int\000"
 175      7420696E 
 175      7400
 176              	.LASF5:
 177 011e 6C6F6E67 		.ascii	"long unsigned int\000"
 177      20756E73 
 177      69676E65 
 177      6420696E 
 177      7400
 178              		.ident	"GCC: (Sourcery G++ Lite 2010q1-188) 4.4.1"
