ARM GAS  C:\Users\karunmj\AppData\Local\Temp\cc1MCx1R.s 			page 1


   1              		.syntax unified
   2              		.cpu cortex-m3
   3              		.fpu softvfp
   4              		.eabi_attribute 20, 1
   5              		.eabi_attribute 21, 1
   6              		.eabi_attribute 23, 3
   7              		.eabi_attribute 24, 1
   8              		.eabi_attribute 25, 1
   9              		.eabi_attribute 26, 1
  10              		.eabi_attribute 30, 6
  11              		.eabi_attribute 18, 4
  12              		.thumb
  13              		.file	"main.c"
  14              		.section	.debug_abbrev,"",%progbits
  15              	.Ldebug_abbrev0:
  16              		.section	.debug_info,"",%progbits
  17              	.Ldebug_info0:
  18              		.section	.debug_line,"",%progbits
  19              	.Ldebug_line0:
  20 0000 C6000000 		.text
  20      02006100 
  20      00000201 
  20      FB0E0D00 
  20      01010101 
  21              	.Ltext0:
  22              		.cfi_sections	.debug_frame
  23              		.comm	modem_state,1,1
  24              		.comm	packet_ready,1,1
  25              		.comm	data_packet,128,4
  26              		.comm	data_packet_size,1,1
  27              		.section	.text.main,"ax",%progbits
  28              		.align	2
  29              		.global	main
  30              		.thumb
  31              		.thumb_func
  32              		.type	main, %function
  33              	main:
  34              	.LFB29:
  35              		.file 1 ".\\main.c"
   1:.\main.c      **** /* M2M SMS Datalogger */ 
   2:.\main.c      **** 
   3:.\main.c      **** #include <stdio.h>
   4:.\main.c      **** #include <string.h>
   5:.\main.c      **** #include <device.h>
   6:.\main.c      **** #include "slre.h"           /* simple regular expression library */ 
   7:.\main.c      **** #include "modem.h"
   8:.\main.c      **** #include "ultrasonic.h"
   9:.\main.c      **** #include "sleep.h"
  10:.\main.c      **** 
  11:.\main.c      **** // define global variables
  12:.\main.c      **** #define MAX_PACKET_SIZE 128
  13:.\main.c      **** uint8   packet_ready;
  14:.\main.c      **** uint8   data_packet[MAX_PACKET_SIZE];
  15:.\main.c      **** uint8   data_packet_size;
  16:.\main.c      **** 
  17:.\main.c      **** // prototype functions
  18:.\main.c      **** void clear_packet();
ARM GAS  C:\Users\karunmj\AppData\Local\Temp\cc1MCx1R.s 			page 2


  19:.\main.c      **** void write_packet(uint8* packet, uint8 size);
  20:.\main.c      **** CY_ISR_PROTO(isr_timer);
  21:.\main.c      **** 
  22:.\main.c      **** void main(){
  36              		.loc 1 22 0
  37              		.cfi_startproc
  38              		@ args = 0, pretend = 0, frame = 0
  39              		@ frame_needed = 1, uses_anonymous_args = 0
  40 0000 80B5     		push	{r7, lr}
  41              	.LCFI0:
  42              		.cfi_def_cfa_offset 8
  43 0002 00AF     		add	r7, sp, #0
  44              		.cfi_offset 14, -4
  45              		.cfi_offset 7, -8
  46              	.LCFI1:
  47              		.cfi_def_cfa_register 7
  23:.\main.c      ****     // intialize modem
  24:.\main.c      ****     modem_start();
  48              		.loc 1 24 0
  49 0004 FFF7FEFF 		bl	modem_start
  25:.\main.c      ****     ultrasonic_start();
  50              		.loc 1 25 0
  51 0008 FFF7FEFF 		bl	ultrasonic_start
  26:.\main.c      ****     timer_Start();
  52              		.loc 1 26 0
  53 000c FFF7FEFF 		bl	timer_Start
  27:.\main.c      ****     isr_timer_StartEx(isr_timer);
  54              		.loc 1 27 0
  55 0010 40F20000 		movw	r0, #:lower16:isr_timer
  56 0014 C0F20000 		movt	r0, #:upper16:isr_timer
  57 0018 FFF7FEFF 		bl	isr_timer_StartEx
  28:.\main.c      ****     SleepTimer_Start();
  58              		.loc 1 28 0
  59 001c FFF7FEFF 		bl	SleepTimer_Start
  29:.\main.c      ****     clear_packet();
  60              		.loc 1 29 0
  61 0020 FFF7FEFF 		bl	clear_packet
  30:.\main.c      ****     CyGlobalIntEnable;
  62              		.loc 1 30 0
  63              	@ 30 ".\main.c" 1
  64 0024 62B6     		CPSIE   i
  65              	@ 0 "" 2
  31:.\main.c      ****     
  32:.\main.c      ****     // =======
  33:.\main.c      ****     modem_power_on();
  66              		.loc 1 33 0
  67              		.thumb
  68 0026 FFF7FEFF 		bl	modem_power_on
  34:.\main.c      ****     CyDelay(5000);
  69              		.loc 1 34 0
  70 002a 41F28830 		movw	r0, #5000
  71 002e FFF7FEFF 		bl	CyDelay
  35:.\main.c      ****     modem_power_off();
  72              		.loc 1 35 0
  73 0032 FFF7FEFF 		bl	modem_power_off
  74              	.L2:
  36:.\main.c      ****     while(1){}
ARM GAS  C:\Users\karunmj\AppData\Local\Temp\cc1MCx1R.s 			page 3


  75              		.loc 1 36 0
  76 0036 FEE7     		b	.L2
  77              		.cfi_endproc
  78              	.LFE29:
  79              		.size	main, .-main
  80              		.section	.text.isr_timer,"ax",%progbits
  81              		.align	2
  82              		.global	isr_timer
  83              		.thumb
  84              		.thumb_func
  85              		.type	isr_timer, %function
  86              	isr_timer:
  87              	.LFB30:
  37:.\main.c      ****     // =======
  38:.\main.c      ****     
  39:.\main.c      ****     for(;;){
  40:.\main.c      ****         if(packet_ready){
  41:.\main.c      ****             if(modem_state == MODEM_STATE_OFF){
  42:.\main.c      ****                 modem_power_on();
  43:.\main.c      ****             }
  44:.\main.c      ****             else if(modem_state == MODEM_STATE_IDLE){
  45:.\main.c      ****                 // send packet
  46:.\main.c      ****                 if(!modem_send_packet(data_packet)){      // if packet failed to send
  47:.\main.c      ****                     modem_reset();
  48:.\main.c      ****                     modem_power_off();
  49:.\main.c      ****                 }
  50:.\main.c      ****                 else{                                     // if packet successfully sent
  51:.\main.c      ****                     modem_power_off();
  52:.\main.c      ****                     clear_packet();
  53:.\main.c      ****                 }
  54:.\main.c      ****             }
  55:.\main.c      ****         }
  56:.\main.c      ****         else{
  57:.\main.c      ****             //go to sleep
  58:.\main.c      ****         }
  59:.\main.c      ****     }
  60:.\main.c      **** }
  61:.\main.c      **** 
  62:.\main.c      **** CY_ISR(isr_timer){
  88              		.loc 1 62 0
  89              		.cfi_startproc
  90              		@ args = 0, pretend = 0, frame = 24
  91              		@ frame_needed = 1, uses_anonymous_args = 0
  92 0000 80B5     		push	{r7, lr}
  93              	.LCFI2:
  94              		.cfi_def_cfa_offset 8
  95 0002 86B0     		sub	sp, sp, #24
  96              	.LCFI3:
  97              		.cfi_def_cfa_offset 32
  98 0004 00AF     		add	r7, sp, #0
  99              		.cfi_offset 14, -4
 100              		.cfi_offset 7, -8
 101              	.LCFI4:
 102              		.cfi_def_cfa_register 7
  63:.\main.c      ****     uint8 i, j;
  64:.\main.c      ****     uint8 ultrasonic_packet[16]; 
  65:.\main.c      ****     ultrasonic_read(ultrasonic_packet, 16u);
ARM GAS  C:\Users\karunmj\AppData\Local\Temp\cc1MCx1R.s 			page 4


 103              		.loc 1 65 0
 104 0006 07F10403 		add	r3, r7, #4
 105 000a 1846     		mov	r0, r3
 106 000c 4FF01001 		mov	r1, #16
 107 0010 FFF7FEFF 		bl	ultrasonic_read
  66:.\main.c      ****     
  67:.\main.c      ****     // add terminal sequence to packet
  68:.\main.c      ****     char term_seq[] = "\032";
 108              		.loc 1 68 0
 109 0014 4FF01A03 		mov	r3, #26
 110 0018 3B80     		strh	r3, [r7, #0]	@ movhi
  69:.\main.c      ****     for(i=0, j=0; j<sizeof(term_seq); i++){
 111              		.loc 1 69 0
 112 001a 4FF00003 		mov	r3, #0
 113 001e BB75     		strb	r3, [r7, #22]
 114 0020 4FF00003 		mov	r3, #0
 115 0024 FB75     		strb	r3, [r7, #23]
 116 0026 1BE0     		b	.L5
 117              	.L7:
  70:.\main.c      ****         if(ultrasonic_packet[i] == 0u){
 118              		.loc 1 70 0
 119 0028 BB7D     		ldrb	r3, [r7, #22]	@ zero_extendqisi2
 120 002a 07F11801 		add	r1, r7, #24
 121 002e 0B44     		add	r3, r1, r3
 122 0030 13F8143C 		ldrb	r3, [r3, #-20]	@ zero_extendqisi2
 123 0034 002B     		cmp	r3, #0
 124 0036 0FD1     		bne	.L6
  71:.\main.c      ****             ultrasonic_packet[i] = term_seq[j];
 125              		.loc 1 71 0
 126 0038 BB7D     		ldrb	r3, [r7, #22]	@ zero_extendqisi2
 127 003a FA7D     		ldrb	r2, [r7, #23]	@ zero_extendqisi2
 128 003c 07F11801 		add	r1, r7, #24
 129 0040 0A44     		add	r2, r1, r2
 130 0042 12F8182C 		ldrb	r2, [r2, #-24]	@ zero_extendqisi2
 131 0046 07F11801 		add	r1, r7, #24
 132 004a 0B44     		add	r3, r1, r3
 133 004c 03F8142C 		strb	r2, [r3, #-20]
  72:.\main.c      ****             j++;
 134              		.loc 1 72 0
 135 0050 FB7D     		ldrb	r3, [r7, #23]
 136 0052 03F10103 		add	r3, r3, #1
 137 0056 FB75     		strb	r3, [r7, #23]
 138              	.L6:
 139              		.loc 1 69 0
 140 0058 BB7D     		ldrb	r3, [r7, #22]
 141 005a 03F10103 		add	r3, r3, #1
 142 005e BB75     		strb	r3, [r7, #22]
 143              	.L5:
 144 0060 FB7D     		ldrb	r3, [r7, #23]	@ zero_extendqisi2
 145 0062 012B     		cmp	r3, #1
 146 0064 E0D9     		bls	.L7
  73:.\main.c      ****         }
  74:.\main.c      ****     }
  75:.\main.c      **** 
  76:.\main.c      ****     write_packet(ultrasonic_packet, 16u);
 147              		.loc 1 76 0
 148 0066 07F10403 		add	r3, r7, #4
ARM GAS  C:\Users\karunmj\AppData\Local\Temp\cc1MCx1R.s 			page 5


 149 006a 1846     		mov	r0, r3
 150 006c 4FF01001 		mov	r1, #16
 151 0070 FFF7FEFF 		bl	write_packet
  77:.\main.c      ****     timer_ReadStatusRegister();
 152              		.loc 1 77 0
 153 0074 FFF7FEFF 		bl	timer_ReadStatusRegister
  78:.\main.c      **** }
 154              		.loc 1 78 0
 155 0078 07F11807 		add	r7, r7, #24
 156 007c BD46     		mov	sp, r7
 157 007e 80BD     		pop	{r7, pc}
 158              		.cfi_endproc
 159              	.LFE30:
 160              		.size	isr_timer, .-isr_timer
 161              		.section	.text.write_packet,"ax",%progbits
 162              		.align	2
 163              		.global	write_packet
 164              		.thumb
 165              		.thumb_func
 166              		.type	write_packet, %function
 167              	write_packet:
 168              	.LFB31:
  79:.\main.c      **** 
  80:.\main.c      **** void write_packet(uint8* packet, uint8 size){
 169              		.loc 1 80 0
 170              		.cfi_startproc
 171              		@ args = 0, pretend = 0, frame = 16
 172              		@ frame_needed = 1, uses_anonymous_args = 0
 173              		@ link register save eliminated.
 174 0000 80B4     		push	{r7}
 175              	.LCFI5:
 176              		.cfi_def_cfa_offset 4
 177 0002 85B0     		sub	sp, sp, #20
 178              	.LCFI6:
 179              		.cfi_def_cfa_offset 24
 180 0004 00AF     		add	r7, sp, #0
 181              		.cfi_offset 7, -4
 182              	.LCFI7:
 183              		.cfi_def_cfa_register 7
 184 0006 7860     		str	r0, [r7, #4]
 185 0008 0B46     		mov	r3, r1
 186 000a FB70     		strb	r3, [r7, #3]
  81:.\main.c      ****     uint8 i;
  82:.\main.c      ****     for(i = 0u; i < size; i++){
 187              		.loc 1 82 0
 188 000c 4FF00003 		mov	r3, #0
 189 0010 FB73     		strb	r3, [r7, #15]
 190 0012 0DE0     		b	.L10
 191              	.L11:
  83:.\main.c      ****         data_packet[i] = packet[i];
 192              		.loc 1 83 0
 193 0014 FA7B     		ldrb	r2, [r7, #15]	@ zero_extendqisi2
 194 0016 F97B     		ldrb	r1, [r7, #15]	@ zero_extendqisi2
 195 0018 7B68     		ldr	r3, [r7, #4]
 196 001a 0B44     		add	r3, r1, r3
 197 001c 1978     		ldrb	r1, [r3, #0]	@ zero_extendqisi2
 198 001e 40F20003 		movw	r3, #:lower16:data_packet
ARM GAS  C:\Users\karunmj\AppData\Local\Temp\cc1MCx1R.s 			page 6


 199 0022 C0F20003 		movt	r3, #:upper16:data_packet
 200 0026 9954     		strb	r1, [r3, r2]
 201              		.loc 1 82 0
 202 0028 FB7B     		ldrb	r3, [r7, #15]
 203 002a 03F10103 		add	r3, r3, #1
 204 002e FB73     		strb	r3, [r7, #15]
 205              	.L10:
 206 0030 FA7B     		ldrb	r2, [r7, #15]	@ zero_extendqisi2
 207 0032 FB78     		ldrb	r3, [r7, #3]	@ zero_extendqisi2
 208 0034 9A42     		cmp	r2, r3
 209 0036 EDD3     		bcc	.L11
  84:.\main.c      ****     }
  85:.\main.c      ****     packet_ready = 1u; 
 210              		.loc 1 85 0
 211 0038 40F20003 		movw	r3, #:lower16:packet_ready
 212 003c C0F20003 		movt	r3, #:upper16:packet_ready
 213 0040 4FF00102 		mov	r2, #1
 214 0044 1A70     		strb	r2, [r3, #0]
  86:.\main.c      ****     data_packet_size = size;
 215              		.loc 1 86 0
 216 0046 40F20003 		movw	r3, #:lower16:data_packet_size
 217 004a C0F20003 		movt	r3, #:upper16:data_packet_size
 218 004e FA78     		ldrb	r2, [r7, #3]
 219 0050 1A70     		strb	r2, [r3, #0]
  87:.\main.c      **** }
 220              		.loc 1 87 0
 221 0052 07F11407 		add	r7, r7, #20
 222 0056 BD46     		mov	sp, r7
 223 0058 80BC     		pop	{r7}
 224 005a 7047     		bx	lr
 225              		.cfi_endproc
 226              	.LFE31:
 227              		.size	write_packet, .-write_packet
 228              		.section	.text.clear_packet,"ax",%progbits
 229              		.align	2
 230              		.global	clear_packet
 231              		.thumb
 232              		.thumb_func
 233              		.type	clear_packet, %function
 234              	clear_packet:
 235              	.LFB32:
  88:.\main.c      **** 
  89:.\main.c      **** void clear_packet(){
 236              		.loc 1 89 0
 237              		.cfi_startproc
 238              		@ args = 0, pretend = 0, frame = 8
 239              		@ frame_needed = 1, uses_anonymous_args = 0
 240              		@ link register save eliminated.
 241 0000 80B4     		push	{r7}
 242              	.LCFI8:
 243              		.cfi_def_cfa_offset 4
 244 0002 83B0     		sub	sp, sp, #12
 245              	.LCFI9:
 246              		.cfi_def_cfa_offset 16
 247 0004 00AF     		add	r7, sp, #0
 248              		.cfi_offset 7, -4
 249              	.LCFI10:
ARM GAS  C:\Users\karunmj\AppData\Local\Temp\cc1MCx1R.s 			page 7


 250              		.cfi_def_cfa_register 7
  90:.\main.c      ****     uint8 i;
  91:.\main.c      ****     for(i = 0u; i < MAX_PACKET_SIZE; i++){
 251              		.loc 1 91 0
 252 0006 4FF00003 		mov	r3, #0
 253 000a FB71     		strb	r3, [r7, #7]
 254 000c 0BE0     		b	.L14
 255              	.L15:
  92:.\main.c      ****         data_packet[i] = 0;
 256              		.loc 1 92 0
 257 000e FA79     		ldrb	r2, [r7, #7]	@ zero_extendqisi2
 258 0010 40F20003 		movw	r3, #:lower16:data_packet
 259 0014 C0F20003 		movt	r3, #:upper16:data_packet
 260 0018 4FF00001 		mov	r1, #0
 261 001c 9954     		strb	r1, [r3, r2]
 262              		.loc 1 91 0
 263 001e FB79     		ldrb	r3, [r7, #7]
 264 0020 03F10103 		add	r3, r3, #1
 265 0024 FB71     		strb	r3, [r7, #7]
 266              	.L14:
 267 0026 FB79     		ldrb	r3, [r7, #7]	@ zero_extendqisi2
 268 0028 5BB2     		sxtb	r3, r3
 269 002a 002B     		cmp	r3, #0
 270 002c EFDA     		bge	.L15
  93:.\main.c      ****     }
  94:.\main.c      ****     packet_ready = 0u;
 271              		.loc 1 94 0
 272 002e 40F20003 		movw	r3, #:lower16:packet_ready
 273 0032 C0F20003 		movt	r3, #:upper16:packet_ready
 274 0036 4FF00002 		mov	r2, #0
 275 003a 1A70     		strb	r2, [r3, #0]
  95:.\main.c      ****     data_packet_size = 0u;
 276              		.loc 1 95 0
 277 003c 40F20003 		movw	r3, #:lower16:data_packet_size
 278 0040 C0F20003 		movt	r3, #:upper16:data_packet_size
 279 0044 4FF00002 		mov	r2, #0
 280 0048 1A70     		strb	r2, [r3, #0]
  96:.\main.c      **** }
 281              		.loc 1 96 0
 282 004a 07F10C07 		add	r7, r7, #12
 283 004e BD46     		mov	sp, r7
 284 0050 80BC     		pop	{r7}
 285 0052 7047     		bx	lr
 286              		.cfi_endproc
 287              	.LFE32:
 288              		.size	clear_packet, .-clear_packet
 289              		.text
 290              	.Letext0:
 291              		.section	.debug_loc,"",%progbits
 292              	.Ldebug_loc0:
 293              	.LLST0:
 294 0000 00000000 		.4byte	.LFB29
 295 0004 02000000 		.4byte	.LCFI0
 296 0008 0100     		.2byte	0x1
 297 000a 5D       		.byte	0x5d
 298 000b 02000000 		.4byte	.LCFI0
 299 000f 04000000 		.4byte	.LCFI1
ARM GAS  C:\Users\karunmj\AppData\Local\Temp\cc1MCx1R.s 			page 8


 300 0013 0200     		.2byte	0x2
 301 0015 7D       		.byte	0x7d
 302 0016 08       		.sleb128 8
 303 0017 04000000 		.4byte	.LCFI1
 304 001b 38000000 		.4byte	.LFE29
 305 001f 0200     		.2byte	0x2
 306 0021 77       		.byte	0x77
 307 0022 08       		.sleb128 8
 308 0023 00000000 		.4byte	0x0
 309 0027 00000000 		.4byte	0x0
 310              	.LLST1:
 311 002b 00000000 		.4byte	.LFB30
 312 002f 02000000 		.4byte	.LCFI2
 313 0033 0100     		.2byte	0x1
 314 0035 5D       		.byte	0x5d
 315 0036 02000000 		.4byte	.LCFI2
 316 003a 04000000 		.4byte	.LCFI3
 317 003e 0200     		.2byte	0x2
 318 0040 7D       		.byte	0x7d
 319 0041 08       		.sleb128 8
 320 0042 04000000 		.4byte	.LCFI3
 321 0046 06000000 		.4byte	.LCFI4
 322 004a 0200     		.2byte	0x2
 323 004c 7D       		.byte	0x7d
 324 004d 20       		.sleb128 32
 325 004e 06000000 		.4byte	.LCFI4
 326 0052 80000000 		.4byte	.LFE30
 327 0056 0200     		.2byte	0x2
 328 0058 77       		.byte	0x77
 329 0059 20       		.sleb128 32
 330 005a 00000000 		.4byte	0x0
 331 005e 00000000 		.4byte	0x0
 332              	.LLST2:
 333 0062 00000000 		.4byte	.LFB31
 334 0066 02000000 		.4byte	.LCFI5
 335 006a 0100     		.2byte	0x1
 336 006c 5D       		.byte	0x5d
 337 006d 02000000 		.4byte	.LCFI5
 338 0071 04000000 		.4byte	.LCFI6
 339 0075 0200     		.2byte	0x2
 340 0077 7D       		.byte	0x7d
 341 0078 04       		.sleb128 4
 342 0079 04000000 		.4byte	.LCFI6
 343 007d 06000000 		.4byte	.LCFI7
 344 0081 0200     		.2byte	0x2
 345 0083 7D       		.byte	0x7d
 346 0084 18       		.sleb128 24
 347 0085 06000000 		.4byte	.LCFI7
 348 0089 5C000000 		.4byte	.LFE31
 349 008d 0200     		.2byte	0x2
 350 008f 77       		.byte	0x77
 351 0090 18       		.sleb128 24
 352 0091 00000000 		.4byte	0x0
 353 0095 00000000 		.4byte	0x0
 354              	.LLST3:
 355 0099 00000000 		.4byte	.LFB32
 356 009d 02000000 		.4byte	.LCFI8
ARM GAS  C:\Users\karunmj\AppData\Local\Temp\cc1MCx1R.s 			page 9


 357 00a1 0100     		.2byte	0x1
 358 00a3 5D       		.byte	0x5d
 359 00a4 02000000 		.4byte	.LCFI8
 360 00a8 04000000 		.4byte	.LCFI9
 361 00ac 0200     		.2byte	0x2
 362 00ae 7D       		.byte	0x7d
 363 00af 04       		.sleb128 4
 364 00b0 04000000 		.4byte	.LCFI9
 365 00b4 06000000 		.4byte	.LCFI10
 366 00b8 0200     		.2byte	0x2
 367 00ba 7D       		.byte	0x7d
 368 00bb 10       		.sleb128 16
 369 00bc 06000000 		.4byte	.LCFI10
 370 00c0 54000000 		.4byte	.LFE32
 371 00c4 0200     		.2byte	0x2
 372 00c6 77       		.byte	0x77
 373 00c7 10       		.sleb128 16
 374 00c8 00000000 		.4byte	0x0
 375 00cc 00000000 		.4byte	0x0
 376              		.file 2 "./Generated_Source/PSoC5/core_cm3.h"
 377              		.file 3 ".\\/modem.h"
 378              		.file 4 "./Generated_Source/PSoC5/cytypes.h"
 379              		.section	.debug_info
 380 0000 E9010000 		.4byte	0x1e9
 381 0004 0200     		.2byte	0x2
 382 0006 00000000 		.4byte	.Ldebug_abbrev0
 383 000a 04       		.byte	0x4
 384 000b 01       		.uleb128 0x1
 385 000c 2B010000 		.4byte	.LASF23
 386 0010 01       		.byte	0x1
 387 0011 2C000000 		.4byte	.LASF24
 388 0015 74000000 		.4byte	.LASF25
 389 0019 00000000 		.4byte	0x0
 390 001d 00000000 		.4byte	0x0
 391 0021 00000000 		.4byte	.Ldebug_ranges0+0x0
 392 0025 00000000 		.4byte	.Ldebug_line0
 393 0029 02       		.uleb128 0x2
 394 002a 04       		.byte	0x4
 395 002b 07       		.byte	0x7
 396 002c EC000000 		.4byte	.LASF0
 397 0030 02       		.uleb128 0x2
 398 0031 01       		.byte	0x1
 399 0032 06       		.byte	0x6
 400 0033 7F010000 		.4byte	.LASF1
 401 0037 02       		.uleb128 0x2
 402 0038 01       		.byte	0x1
 403 0039 08       		.byte	0x8
 404 003a 1D010000 		.4byte	.LASF2
 405 003e 02       		.uleb128 0x2
 406 003f 02       		.byte	0x2
 407 0040 05       		.byte	0x5
 408 0041 4D010000 		.4byte	.LASF3
 409 0045 02       		.uleb128 0x2
 410 0046 02       		.byte	0x2
 411 0047 07       		.byte	0x7
 412 0048 0E000000 		.4byte	.LASF4
 413 004c 03       		.uleb128 0x3
ARM GAS  C:\Users\karunmj\AppData\Local\Temp\cc1MCx1R.s 			page 10


 414 004d 04       		.byte	0x4
 415 004e 05       		.byte	0x5
 416 004f 696E7400 		.ascii	"int\000"
 417 0053 02       		.uleb128 0x2
 418 0054 08       		.byte	0x8
 419 0055 05       		.byte	0x5
 420 0056 00000000 		.4byte	.LASF5
 421 005a 02       		.uleb128 0x2
 422 005b 08       		.byte	0x8
 423 005c 07       		.byte	0x7
 424 005d F9000000 		.4byte	.LASF6
 425 0061 02       		.uleb128 0x2
 426 0062 04       		.byte	0x4
 427 0063 05       		.byte	0x5
 428 0064 6A010000 		.4byte	.LASF7
 429 0068 04       		.uleb128 0x4
 430 0069 04       		.byte	0x4
 431 006a 07       		.byte	0x7
 432 006b 02       		.uleb128 0x2
 433 006c 04       		.byte	0x4
 434 006d 07       		.byte	0x7
 435 006e 35000000 		.4byte	.LASF8
 436 0072 02       		.uleb128 0x2
 437 0073 01       		.byte	0x1
 438 0074 08       		.byte	0x8
 439 0075 37010000 		.4byte	.LASF9
 440 0079 05       		.uleb128 0x5
 441 007a 57010000 		.4byte	.LASF26
 442 007e 04       		.byte	0x4
 443 007f 4C       		.byte	0x4c
 444 0080 37000000 		.4byte	0x37
 445 0084 02       		.uleb128 0x2
 446 0085 04       		.byte	0x4
 447 0086 04       		.byte	0x4
 448 0087 21000000 		.4byte	.LASF10
 449 008b 02       		.uleb128 0x2
 450 008c 08       		.byte	0x8
 451 008d 04       		.byte	0x4
 452 008e C7000000 		.4byte	.LASF11
 453 0092 06       		.uleb128 0x6
 454 0093 79000000 		.4byte	0x79
 455 0097 A2000000 		.4byte	0xa2
 456 009b 07       		.uleb128 0x7
 457 009c 68000000 		.4byte	0x68
 458 00a0 0F       		.byte	0xf
 459 00a1 00       		.byte	0x0
 460 00a2 08       		.uleb128 0x8
 461 00a3 01       		.byte	0x1
 462 00a4 CE000000 		.4byte	.LASF27
 463 00a8 01       		.byte	0x1
 464 00a9 16       		.byte	0x16
 465 00aa 00000000 		.4byte	.LFB29
 466 00ae 38000000 		.4byte	.LFE29
 467 00b2 00000000 		.4byte	.LLST0
 468 00b6 09       		.uleb128 0x9
 469 00b7 01       		.byte	0x1
 470 00b8 47000000 		.4byte	.LASF14
ARM GAS  C:\Users\karunmj\AppData\Local\Temp\cc1MCx1R.s 			page 11


 471 00bc 01       		.byte	0x1
 472 00bd 3E       		.byte	0x3e
 473 00be 01       		.byte	0x1
 474 00bf 00000000 		.4byte	.LFB30
 475 00c3 80000000 		.4byte	.LFE30
 476 00c7 2B000000 		.4byte	.LLST1
 477 00cb 04010000 		.4byte	0x104
 478 00cf 0A       		.uleb128 0xa
 479 00d0 6900     		.ascii	"i\000"
 480 00d2 01       		.byte	0x1
 481 00d3 3F       		.byte	0x3f
 482 00d4 79000000 		.4byte	0x79
 483 00d8 02       		.byte	0x2
 484 00d9 91       		.byte	0x91
 485 00da 76       		.sleb128 -10
 486 00db 0A       		.uleb128 0xa
 487 00dc 6A00     		.ascii	"j\000"
 488 00de 01       		.byte	0x1
 489 00df 3F       		.byte	0x3f
 490 00e0 79000000 		.4byte	0x79
 491 00e4 02       		.byte	0x2
 492 00e5 91       		.byte	0x91
 493 00e6 77       		.sleb128 -9
 494 00e7 0B       		.uleb128 0xb
 495 00e8 DA000000 		.4byte	.LASF12
 496 00ec 01       		.byte	0x1
 497 00ed 40       		.byte	0x40
 498 00ee 92000000 		.4byte	0x92
 499 00f2 02       		.byte	0x2
 500 00f3 91       		.byte	0x91
 501 00f4 64       		.sleb128 -28
 502 00f5 0B       		.uleb128 0xb
 503 00f6 5E000000 		.4byte	.LASF13
 504 00fa 01       		.byte	0x1
 505 00fb 44       		.byte	0x44
 506 00fc 04010000 		.4byte	0x104
 507 0100 02       		.byte	0x2
 508 0101 91       		.byte	0x91
 509 0102 60       		.sleb128 -32
 510 0103 00       		.byte	0x0
 511 0104 06       		.uleb128 0x6
 512 0105 72000000 		.4byte	0x72
 513 0109 14010000 		.4byte	0x114
 514 010d 07       		.uleb128 0x7
 515 010e 68000000 		.4byte	0x68
 516 0112 01       		.byte	0x1
 517 0113 00       		.byte	0x0
 518 0114 09       		.uleb128 0x9
 519 0115 01       		.byte	0x1
 520 0116 5D010000 		.4byte	.LASF15
 521 011a 01       		.byte	0x1
 522 011b 50       		.byte	0x50
 523 011c 01       		.byte	0x1
 524 011d 00000000 		.4byte	.LFB31
 525 0121 5C000000 		.4byte	.LFE31
 526 0125 62000000 		.4byte	.LLST2
 527 0129 56010000 		.4byte	0x156
ARM GAS  C:\Users\karunmj\AppData\Local\Temp\cc1MCx1R.s 			page 12


 528 012d 0C       		.uleb128 0xc
 529 012e D3000000 		.4byte	.LASF16
 530 0132 01       		.byte	0x1
 531 0133 50       		.byte	0x50
 532 0134 56010000 		.4byte	0x156
 533 0138 02       		.byte	0x2
 534 0139 91       		.byte	0x91
 535 013a 6C       		.sleb128 -20
 536 013b 0C       		.uleb128 0xc
 537 013c 27000000 		.4byte	.LASF17
 538 0140 01       		.byte	0x1
 539 0141 50       		.byte	0x50
 540 0142 79000000 		.4byte	0x79
 541 0146 02       		.byte	0x2
 542 0147 91       		.byte	0x91
 543 0148 6B       		.sleb128 -21
 544 0149 0A       		.uleb128 0xa
 545 014a 6900     		.ascii	"i\000"
 546 014c 01       		.byte	0x1
 547 014d 51       		.byte	0x51
 548 014e 79000000 		.4byte	0x79
 549 0152 02       		.byte	0x2
 550 0153 91       		.byte	0x91
 551 0154 77       		.sleb128 -9
 552 0155 00       		.byte	0x0
 553 0156 0D       		.uleb128 0xd
 554 0157 04       		.byte	0x4
 555 0158 79000000 		.4byte	0x79
 556 015c 0E       		.uleb128 0xe
 557 015d 01       		.byte	0x1
 558 015e 10010000 		.4byte	.LASF28
 559 0162 01       		.byte	0x1
 560 0163 59       		.byte	0x59
 561 0164 00000000 		.4byte	.LFB32
 562 0168 54000000 		.4byte	.LFE32
 563 016c 99000000 		.4byte	.LLST3
 564 0170 81010000 		.4byte	0x181
 565 0174 0A       		.uleb128 0xa
 566 0175 6900     		.ascii	"i\000"
 567 0177 01       		.byte	0x1
 568 0178 5A       		.byte	0x5a
 569 0179 79000000 		.4byte	0x79
 570 017d 02       		.byte	0x2
 571 017e 91       		.byte	0x91
 572 017f 77       		.sleb128 -9
 573 0180 00       		.byte	0x0
 574 0181 0F       		.uleb128 0xf
 575 0182 67000000 		.4byte	.LASF18
 576 0186 02       		.byte	0x2
 577 0187 CE06     		.2byte	0x6ce
 578 0189 8F010000 		.4byte	0x18f
 579 018d 01       		.byte	0x1
 580 018e 01       		.byte	0x1
 581 018f 10       		.uleb128 0x10
 582 0190 4C000000 		.4byte	0x4c
 583 0194 11       		.uleb128 0x11
 584 0195 73010000 		.4byte	.LASF19
ARM GAS  C:\Users\karunmj\AppData\Local\Temp\cc1MCx1R.s 			page 13


 585 0199 03       		.byte	0x3
 586 019a 12       		.byte	0x12
 587 019b 79000000 		.4byte	0x79
 588 019f 01       		.byte	0x1
 589 01a0 05       		.byte	0x5
 590 01a1 03       		.byte	0x3
 591 01a2 00000000 		.4byte	modem_state
 592 01a6 11       		.uleb128 0x11
 593 01a7 51000000 		.4byte	.LASF20
 594 01ab 01       		.byte	0x1
 595 01ac 0D       		.byte	0xd
 596 01ad 79000000 		.4byte	0x79
 597 01b1 01       		.byte	0x1
 598 01b2 05       		.byte	0x5
 599 01b3 03       		.byte	0x3
 600 01b4 00000000 		.4byte	packet_ready
 601 01b8 06       		.uleb128 0x6
 602 01b9 79000000 		.4byte	0x79
 603 01bd C8010000 		.4byte	0x1c8
 604 01c1 07       		.uleb128 0x7
 605 01c2 68000000 		.4byte	0x68
 606 01c6 7F       		.byte	0x7f
 607 01c7 00       		.byte	0x0
 608 01c8 11       		.uleb128 0x11
 609 01c9 8B010000 		.4byte	.LASF21
 610 01cd 01       		.byte	0x1
 611 01ce 0E       		.byte	0xe
 612 01cf B8010000 		.4byte	0x1b8
 613 01d3 01       		.byte	0x1
 614 01d4 05       		.byte	0x5
 615 01d5 03       		.byte	0x3
 616 01d6 00000000 		.4byte	data_packet
 617 01da 11       		.uleb128 0x11
 618 01db 3C010000 		.4byte	.LASF22
 619 01df 01       		.byte	0x1
 620 01e0 0F       		.byte	0xf
 621 01e1 79000000 		.4byte	0x79
 622 01e5 01       		.byte	0x1
 623 01e6 05       		.byte	0x5
 624 01e7 03       		.byte	0x3
 625 01e8 00000000 		.4byte	data_packet_size
 626 01ec 00       		.byte	0x0
 627              		.section	.debug_abbrev
 628 0000 01       		.uleb128 0x1
 629 0001 11       		.uleb128 0x11
 630 0002 01       		.byte	0x1
 631 0003 25       		.uleb128 0x25
 632 0004 0E       		.uleb128 0xe
 633 0005 13       		.uleb128 0x13
 634 0006 0B       		.uleb128 0xb
 635 0007 03       		.uleb128 0x3
 636 0008 0E       		.uleb128 0xe
 637 0009 1B       		.uleb128 0x1b
 638 000a 0E       		.uleb128 0xe
 639 000b 11       		.uleb128 0x11
 640 000c 01       		.uleb128 0x1
 641 000d 52       		.uleb128 0x52
ARM GAS  C:\Users\karunmj\AppData\Local\Temp\cc1MCx1R.s 			page 14


 642 000e 01       		.uleb128 0x1
 643 000f 55       		.uleb128 0x55
 644 0010 06       		.uleb128 0x6
 645 0011 10       		.uleb128 0x10
 646 0012 06       		.uleb128 0x6
 647 0013 00       		.byte	0x0
 648 0014 00       		.byte	0x0
 649 0015 02       		.uleb128 0x2
 650 0016 24       		.uleb128 0x24
 651 0017 00       		.byte	0x0
 652 0018 0B       		.uleb128 0xb
 653 0019 0B       		.uleb128 0xb
 654 001a 3E       		.uleb128 0x3e
 655 001b 0B       		.uleb128 0xb
 656 001c 03       		.uleb128 0x3
 657 001d 0E       		.uleb128 0xe
 658 001e 00       		.byte	0x0
 659 001f 00       		.byte	0x0
 660 0020 03       		.uleb128 0x3
 661 0021 24       		.uleb128 0x24
 662 0022 00       		.byte	0x0
 663 0023 0B       		.uleb128 0xb
 664 0024 0B       		.uleb128 0xb
 665 0025 3E       		.uleb128 0x3e
 666 0026 0B       		.uleb128 0xb
 667 0027 03       		.uleb128 0x3
 668 0028 08       		.uleb128 0x8
 669 0029 00       		.byte	0x0
 670 002a 00       		.byte	0x0
 671 002b 04       		.uleb128 0x4
 672 002c 24       		.uleb128 0x24
 673 002d 00       		.byte	0x0
 674 002e 0B       		.uleb128 0xb
 675 002f 0B       		.uleb128 0xb
 676 0030 3E       		.uleb128 0x3e
 677 0031 0B       		.uleb128 0xb
 678 0032 00       		.byte	0x0
 679 0033 00       		.byte	0x0
 680 0034 05       		.uleb128 0x5
 681 0035 16       		.uleb128 0x16
 682 0036 00       		.byte	0x0
 683 0037 03       		.uleb128 0x3
 684 0038 0E       		.uleb128 0xe
 685 0039 3A       		.uleb128 0x3a
 686 003a 0B       		.uleb128 0xb
 687 003b 3B       		.uleb128 0x3b
 688 003c 0B       		.uleb128 0xb
 689 003d 49       		.uleb128 0x49
 690 003e 13       		.uleb128 0x13
 691 003f 00       		.byte	0x0
 692 0040 00       		.byte	0x0
 693 0041 06       		.uleb128 0x6
 694 0042 01       		.uleb128 0x1
 695 0043 01       		.byte	0x1
 696 0044 49       		.uleb128 0x49
 697 0045 13       		.uleb128 0x13
 698 0046 01       		.uleb128 0x1
ARM GAS  C:\Users\karunmj\AppData\Local\Temp\cc1MCx1R.s 			page 15


 699 0047 13       		.uleb128 0x13
 700 0048 00       		.byte	0x0
 701 0049 00       		.byte	0x0
 702 004a 07       		.uleb128 0x7
 703 004b 21       		.uleb128 0x21
 704 004c 00       		.byte	0x0
 705 004d 49       		.uleb128 0x49
 706 004e 13       		.uleb128 0x13
 707 004f 2F       		.uleb128 0x2f
 708 0050 0B       		.uleb128 0xb
 709 0051 00       		.byte	0x0
 710 0052 00       		.byte	0x0
 711 0053 08       		.uleb128 0x8
 712 0054 2E       		.uleb128 0x2e
 713 0055 00       		.byte	0x0
 714 0056 3F       		.uleb128 0x3f
 715 0057 0C       		.uleb128 0xc
 716 0058 03       		.uleb128 0x3
 717 0059 0E       		.uleb128 0xe
 718 005a 3A       		.uleb128 0x3a
 719 005b 0B       		.uleb128 0xb
 720 005c 3B       		.uleb128 0x3b
 721 005d 0B       		.uleb128 0xb
 722 005e 11       		.uleb128 0x11
 723 005f 01       		.uleb128 0x1
 724 0060 12       		.uleb128 0x12
 725 0061 01       		.uleb128 0x1
 726 0062 40       		.uleb128 0x40
 727 0063 06       		.uleb128 0x6
 728 0064 00       		.byte	0x0
 729 0065 00       		.byte	0x0
 730 0066 09       		.uleb128 0x9
 731 0067 2E       		.uleb128 0x2e
 732 0068 01       		.byte	0x1
 733 0069 3F       		.uleb128 0x3f
 734 006a 0C       		.uleb128 0xc
 735 006b 03       		.uleb128 0x3
 736 006c 0E       		.uleb128 0xe
 737 006d 3A       		.uleb128 0x3a
 738 006e 0B       		.uleb128 0xb
 739 006f 3B       		.uleb128 0x3b
 740 0070 0B       		.uleb128 0xb
 741 0071 27       		.uleb128 0x27
 742 0072 0C       		.uleb128 0xc
 743 0073 11       		.uleb128 0x11
 744 0074 01       		.uleb128 0x1
 745 0075 12       		.uleb128 0x12
 746 0076 01       		.uleb128 0x1
 747 0077 40       		.uleb128 0x40
 748 0078 06       		.uleb128 0x6
 749 0079 01       		.uleb128 0x1
 750 007a 13       		.uleb128 0x13
 751 007b 00       		.byte	0x0
 752 007c 00       		.byte	0x0
 753 007d 0A       		.uleb128 0xa
 754 007e 34       		.uleb128 0x34
 755 007f 00       		.byte	0x0
ARM GAS  C:\Users\karunmj\AppData\Local\Temp\cc1MCx1R.s 			page 16


 756 0080 03       		.uleb128 0x3
 757 0081 08       		.uleb128 0x8
 758 0082 3A       		.uleb128 0x3a
 759 0083 0B       		.uleb128 0xb
 760 0084 3B       		.uleb128 0x3b
 761 0085 0B       		.uleb128 0xb
 762 0086 49       		.uleb128 0x49
 763 0087 13       		.uleb128 0x13
 764 0088 02       		.uleb128 0x2
 765 0089 0A       		.uleb128 0xa
 766 008a 00       		.byte	0x0
 767 008b 00       		.byte	0x0
 768 008c 0B       		.uleb128 0xb
 769 008d 34       		.uleb128 0x34
 770 008e 00       		.byte	0x0
 771 008f 03       		.uleb128 0x3
 772 0090 0E       		.uleb128 0xe
 773 0091 3A       		.uleb128 0x3a
 774 0092 0B       		.uleb128 0xb
 775 0093 3B       		.uleb128 0x3b
 776 0094 0B       		.uleb128 0xb
 777 0095 49       		.uleb128 0x49
 778 0096 13       		.uleb128 0x13
 779 0097 02       		.uleb128 0x2
 780 0098 0A       		.uleb128 0xa
 781 0099 00       		.byte	0x0
 782 009a 00       		.byte	0x0
 783 009b 0C       		.uleb128 0xc
 784 009c 05       		.uleb128 0x5
 785 009d 00       		.byte	0x0
 786 009e 03       		.uleb128 0x3
 787 009f 0E       		.uleb128 0xe
 788 00a0 3A       		.uleb128 0x3a
 789 00a1 0B       		.uleb128 0xb
 790 00a2 3B       		.uleb128 0x3b
 791 00a3 0B       		.uleb128 0xb
 792 00a4 49       		.uleb128 0x49
 793 00a5 13       		.uleb128 0x13
 794 00a6 02       		.uleb128 0x2
 795 00a7 0A       		.uleb128 0xa
 796 00a8 00       		.byte	0x0
 797 00a9 00       		.byte	0x0
 798 00aa 0D       		.uleb128 0xd
 799 00ab 0F       		.uleb128 0xf
 800 00ac 00       		.byte	0x0
 801 00ad 0B       		.uleb128 0xb
 802 00ae 0B       		.uleb128 0xb
 803 00af 49       		.uleb128 0x49
 804 00b0 13       		.uleb128 0x13
 805 00b1 00       		.byte	0x0
 806 00b2 00       		.byte	0x0
 807 00b3 0E       		.uleb128 0xe
 808 00b4 2E       		.uleb128 0x2e
 809 00b5 01       		.byte	0x1
 810 00b6 3F       		.uleb128 0x3f
 811 00b7 0C       		.uleb128 0xc
 812 00b8 03       		.uleb128 0x3
ARM GAS  C:\Users\karunmj\AppData\Local\Temp\cc1MCx1R.s 			page 17


 813 00b9 0E       		.uleb128 0xe
 814 00ba 3A       		.uleb128 0x3a
 815 00bb 0B       		.uleb128 0xb
 816 00bc 3B       		.uleb128 0x3b
 817 00bd 0B       		.uleb128 0xb
 818 00be 11       		.uleb128 0x11
 819 00bf 01       		.uleb128 0x1
 820 00c0 12       		.uleb128 0x12
 821 00c1 01       		.uleb128 0x1
 822 00c2 40       		.uleb128 0x40
 823 00c3 06       		.uleb128 0x6
 824 00c4 01       		.uleb128 0x1
 825 00c5 13       		.uleb128 0x13
 826 00c6 00       		.byte	0x0
 827 00c7 00       		.byte	0x0
 828 00c8 0F       		.uleb128 0xf
 829 00c9 34       		.uleb128 0x34
 830 00ca 00       		.byte	0x0
 831 00cb 03       		.uleb128 0x3
 832 00cc 0E       		.uleb128 0xe
 833 00cd 3A       		.uleb128 0x3a
 834 00ce 0B       		.uleb128 0xb
 835 00cf 3B       		.uleb128 0x3b
 836 00d0 05       		.uleb128 0x5
 837 00d1 49       		.uleb128 0x49
 838 00d2 13       		.uleb128 0x13
 839 00d3 3F       		.uleb128 0x3f
 840 00d4 0C       		.uleb128 0xc
 841 00d5 3C       		.uleb128 0x3c
 842 00d6 0C       		.uleb128 0xc
 843 00d7 00       		.byte	0x0
 844 00d8 00       		.byte	0x0
 845 00d9 10       		.uleb128 0x10
 846 00da 35       		.uleb128 0x35
 847 00db 00       		.byte	0x0
 848 00dc 49       		.uleb128 0x49
 849 00dd 13       		.uleb128 0x13
 850 00de 00       		.byte	0x0
 851 00df 00       		.byte	0x0
 852 00e0 11       		.uleb128 0x11
 853 00e1 34       		.uleb128 0x34
 854 00e2 00       		.byte	0x0
 855 00e3 03       		.uleb128 0x3
 856 00e4 0E       		.uleb128 0xe
 857 00e5 3A       		.uleb128 0x3a
 858 00e6 0B       		.uleb128 0xb
 859 00e7 3B       		.uleb128 0x3b
 860 00e8 0B       		.uleb128 0xb
 861 00e9 49       		.uleb128 0x49
 862 00ea 13       		.uleb128 0x13
 863 00eb 3F       		.uleb128 0x3f
 864 00ec 0C       		.uleb128 0xc
 865 00ed 02       		.uleb128 0x2
 866 00ee 0A       		.uleb128 0xa
 867 00ef 00       		.byte	0x0
 868 00f0 00       		.byte	0x0
 869 00f1 00       		.byte	0x0
ARM GAS  C:\Users\karunmj\AppData\Local\Temp\cc1MCx1R.s 			page 18


 870              		.section	.debug_pubnames,"",%progbits
 871 0000 8D000000 		.4byte	0x8d
 872 0004 0200     		.2byte	0x2
 873 0006 00000000 		.4byte	.Ldebug_info0
 874 000a ED010000 		.4byte	0x1ed
 875 000e A2000000 		.4byte	0xa2
 876 0012 6D61696E 		.ascii	"main\000"
 876      00
 877 0017 B6000000 		.4byte	0xb6
 878 001b 6973725F 		.ascii	"isr_timer\000"
 878      74696D65 
 878      7200
 879 0025 14010000 		.4byte	0x114
 880 0029 77726974 		.ascii	"write_packet\000"
 880      655F7061 
 880      636B6574 
 880      00
 881 0036 5C010000 		.4byte	0x15c
 882 003a 636C6561 		.ascii	"clear_packet\000"
 882      725F7061 
 882      636B6574 
 882      00
 883 0047 94010000 		.4byte	0x194
 884 004b 6D6F6465 		.ascii	"modem_state\000"
 884      6D5F7374 
 884      61746500 
 885 0057 A6010000 		.4byte	0x1a6
 886 005b 7061636B 		.ascii	"packet_ready\000"
 886      65745F72 
 886      65616479 
 886      00
 887 0068 C8010000 		.4byte	0x1c8
 888 006c 64617461 		.ascii	"data_packet\000"
 888      5F706163 
 888      6B657400 
 889 0078 DA010000 		.4byte	0x1da
 890 007c 64617461 		.ascii	"data_packet_size\000"
 890      5F706163 
 890      6B65745F 
 890      73697A65 
 890      00
 891 008d 00000000 		.4byte	0x0
 892              		.section	.debug_aranges,"",%progbits
 893 0000 34000000 		.4byte	0x34
 894 0004 0200     		.2byte	0x2
 895 0006 00000000 		.4byte	.Ldebug_info0
 896 000a 04       		.byte	0x4
 897 000b 00       		.byte	0x0
 898 000c 0000     		.2byte	0x0
 899 000e 0000     		.2byte	0x0
 900 0010 00000000 		.4byte	.LFB29
 901 0014 38000000 		.4byte	.LFE29-.LFB29
 902 0018 00000000 		.4byte	.LFB30
 903 001c 80000000 		.4byte	.LFE30-.LFB30
 904 0020 00000000 		.4byte	.LFB31
 905 0024 5C000000 		.4byte	.LFE31-.LFB31
 906 0028 00000000 		.4byte	.LFB32
ARM GAS  C:\Users\karunmj\AppData\Local\Temp\cc1MCx1R.s 			page 19


 907 002c 54000000 		.4byte	.LFE32-.LFB32
 908 0030 00000000 		.4byte	0x0
 909 0034 00000000 		.4byte	0x0
 910              		.section	.debug_ranges,"",%progbits
 911              	.Ldebug_ranges0:
 912 0000 00000000 		.4byte	.Ltext0
 913 0004 00000000 		.4byte	.Letext0
 914 0008 00000000 		.4byte	.LFB29
 915 000c 38000000 		.4byte	.LFE29
 916 0010 00000000 		.4byte	.LFB30
 917 0014 80000000 		.4byte	.LFE30
 918 0018 00000000 		.4byte	.LFB31
 919 001c 5C000000 		.4byte	.LFE31
 920 0020 00000000 		.4byte	.LFB32
 921 0024 54000000 		.4byte	.LFE32
 922 0028 00000000 		.4byte	0x0
 923 002c 00000000 		.4byte	0x0
 924              		.section	.debug_str,"MS",%progbits,1
 925              	.LASF5:
 926 0000 6C6F6E67 		.ascii	"long long int\000"
 926      206C6F6E 
 926      6720696E 
 926      7400
 927              	.LASF4:
 928 000e 73686F72 		.ascii	"short unsigned int\000"
 928      7420756E 
 928      7369676E 
 928      65642069 
 928      6E7400
 929              	.LASF10:
 930 0021 666C6F61 		.ascii	"float\000"
 930      7400
 931              	.LASF17:
 932 0027 73697A65 		.ascii	"size\000"
 932      00
 933              	.LASF24:
 934 002c 2E5C6D61 		.ascii	".\\main.c\000"
 934      696E2E63 
 934      00
 935              	.LASF8:
 936 0035 6C6F6E67 		.ascii	"long unsigned int\000"
 936      20756E73 
 936      69676E65 
 936      6420696E 
 936      7400
 937              	.LASF14:
 938 0047 6973725F 		.ascii	"isr_timer\000"
 938      74696D65 
 938      7200
 939              	.LASF20:
 940 0051 7061636B 		.ascii	"packet_ready\000"
 940      65745F72 
 940      65616479 
 940      00
 941              	.LASF13:
 942 005e 7465726D 		.ascii	"term_seq\000"
 942      5F736571 
ARM GAS  C:\Users\karunmj\AppData\Local\Temp\cc1MCx1R.s 			page 20


 942      00
 943              	.LASF18:
 944 0067 49544D5F 		.ascii	"ITM_RxBuffer\000"
 944      52784275 
 944      66666572 
 944      00
 945              	.LASF25:
 946 0074 433A5C55 		.ascii	"C:\\Users\\karunmj\\Documents\\GitHub\\m2m\\hardwar"
 946      73657273 
 946      5C6B6172 
 946      756E6D6A 
 946      5C446F63 
 947 00a1 655C7073 		.ascii	"e\\psoc5_SMS\\PSoC_Datalogger_SMS.cydsn\000"
 947      6F63355F 
 947      534D535C 
 947      50536F43 
 947      5F446174 
 948              	.LASF11:
 949 00c7 646F7562 		.ascii	"double\000"
 949      6C6500
 950              	.LASF27:
 951 00ce 6D61696E 		.ascii	"main\000"
 951      00
 952              	.LASF16:
 953 00d3 7061636B 		.ascii	"packet\000"
 953      657400
 954              	.LASF12:
 955 00da 756C7472 		.ascii	"ultrasonic_packet\000"
 955      61736F6E 
 955      69635F70 
 955      61636B65 
 955      7400
 956              	.LASF0:
 957 00ec 756E7369 		.ascii	"unsigned int\000"
 957      676E6564 
 957      20696E74 
 957      00
 958              	.LASF6:
 959 00f9 6C6F6E67 		.ascii	"long long unsigned int\000"
 959      206C6F6E 
 959      6720756E 
 959      7369676E 
 959      65642069 
 960              	.LASF28:
 961 0110 636C6561 		.ascii	"clear_packet\000"
 961      725F7061 
 961      636B6574 
 961      00
 962              	.LASF2:
 963 011d 756E7369 		.ascii	"unsigned char\000"
 963      676E6564 
 963      20636861 
 963      7200
 964              	.LASF23:
 965 012b 474E5520 		.ascii	"GNU C 4.4.1\000"
 965      4320342E 
 965      342E3100 
ARM GAS  C:\Users\karunmj\AppData\Local\Temp\cc1MCx1R.s 			page 21


 966              	.LASF9:
 967 0137 63686172 		.ascii	"char\000"
 967      00
 968              	.LASF22:
 969 013c 64617461 		.ascii	"data_packet_size\000"
 969      5F706163 
 969      6B65745F 
 969      73697A65 
 969      00
 970              	.LASF3:
 971 014d 73686F72 		.ascii	"short int\000"
 971      7420696E 
 971      7400
 972              	.LASF26:
 973 0157 75696E74 		.ascii	"uint8\000"
 973      3800
 974              	.LASF15:
 975 015d 77726974 		.ascii	"write_packet\000"
 975      655F7061 
 975      636B6574 
 975      00
 976              	.LASF7:
 977 016a 6C6F6E67 		.ascii	"long int\000"
 977      20696E74 
 977      00
 978              	.LASF19:
 979 0173 6D6F6465 		.ascii	"modem_state\000"
 979      6D5F7374 
 979      61746500 
 980              	.LASF1:
 981 017f 7369676E 		.ascii	"signed char\000"
 981      65642063 
 981      68617200 
 982              	.LASF21:
 983 018b 64617461 		.ascii	"data_packet\000"
 983      5F706163 
 983      6B657400 
 984              		.ident	"GCC: (Sourcery G++ Lite 2010q1-188) 4.4.1"
