ARM GAS  C:\Users\karunmj\AppData\Local\Temp\ccS8pbOq.s 			page 1


   1              		.syntax unified
   2              		.cpu cortex-m3
   3              		.fpu softvfp
   4              		.eabi_attribute 20, 1
   5              		.eabi_attribute 21, 1
   6              		.eabi_attribute 23, 3
   7              		.eabi_attribute 24, 1
   8              		.eabi_attribute 25, 1
   9              		.eabi_attribute 26, 1
  10              		.eabi_attribute 30, 6
  11              		.eabi_attribute 18, 4
  12              		.thumb
  13              		.file	"modem.c"
  14              		.section	.debug_abbrev,"",%progbits
  15              	.Ldebug_abbrev0:
  16              		.section	.debug_info,"",%progbits
  17              	.Ldebug_info0:
  18              		.section	.debug_line,"",%progbits
  19              	.Ldebug_line0:
  20 0000 1F010000 		.text
  20      02006200 
  20      00000201 
  20      FB0E0D00 
  20      01010101 
  21              	.Ltext0:
  22              		.cfi_sections	.debug_frame
  23              		.comm	modem_state,1,1
  24              		.comm	uart_received_string,128,4
  25              		.global	uart_string_index
  26              		.bss
  27              		.type	uart_string_index, %object
  28              		.size	uart_string_index, 1
  29              	uart_string_index:
  30 0000 00       		.space	1
  31              		.section	.text.modem_start,"ax",%progbits
  32              		.align	2
  33              		.global	modem_start
  34              		.thumb
  35              		.thumb_func
  36              		.type	modem_start, %function
  37              	modem_start:
  38              	.LFB29:
  39              		.file 1 ".\\modem.c"
   1:.\modem.c     **** ///* ========================================
   2:.\modem.c     **** // *
   3:.\modem.c     **** // * Copyright YOUR COMPANY, THE YEAR
   4:.\modem.c     **** // * All Rights Reserved
   5:.\modem.c     **** // * UNPUBLISHED, LICENSED SOFTWARE.
   6:.\modem.c     **** // *
   7:.\modem.c     **** // * CONFIDENTIAL AND PROPRIETARY INFORMATION
   8:.\modem.c     **** // * WHICH IS THE PROPERTY OF your company.
   9:.\modem.c     **** // *
  10:.\modem.c     **** // * ========================================
  11:.\modem.c     **** //*/
  12:.\modem.c     **** //
  13:.\modem.c     **** 
  14:.\modem.c     **** #include <device.h>
ARM GAS  C:\Users\karunmj\AppData\Local\Temp\ccS8pbOq.s 			page 2


  15:.\modem.c     **** #include <string.h>
  16:.\modem.c     **** #include "modem.h"
  17:.\modem.c     **** 
  18:.\modem.c     **** // declare varaiables
  19:.\modem.c     **** uint8 uart_received_string[128];
  20:.\modem.c     **** uint8 uart_string_index = 0;
  21:.\modem.c     **** 
  22:.\modem.c     **** // prototype modem interrupt
  23:.\modem.c     **** CY_ISR_PROTO(isr_byte_rx);
  24:.\modem.c     **** 
  25:.\modem.c     **** // prototype functions
  26:.\modem.c     **** void uart_string_reset();
  27:.\modem.c     **** void at_command_write(uint8 uart_string, uint8 uart_timeout);
  28:.\modem.c     **** 
  29:.\modem.c     **** // initialize modem
  30:.\modem.c     **** void modem_start(){
  40              		.loc 1 30 0
  41              		.cfi_startproc
  42              		@ args = 0, pretend = 0, frame = 0
  43              		@ frame_needed = 1, uses_anonymous_args = 0
  44 0000 80B5     		push	{r7, lr}
  45              	.LCFI0:
  46              		.cfi_def_cfa_offset 8
  47 0002 00AF     		add	r7, sp, #0
  48              		.cfi_offset 14, -4
  49              		.cfi_offset 7, -8
  50              	.LCFI1:
  51              		.cfi_def_cfa_register 7
  31:.\modem.c     ****     uart_Start();
  52              		.loc 1 31 0
  53 0004 FFF7FEFF 		bl	uart_Start
  32:.\modem.c     ****     isr_byte_rx_StartEx(isr_byte_rx);
  54              		.loc 1 32 0
  55 0008 40F20000 		movw	r0, #:lower16:isr_byte_rx
  56 000c C0F20000 		movt	r0, #:upper16:isr_byte_rx
  57 0010 FFF7FEFF 		bl	isr_byte_rx_StartEx
  33:.\modem.c     ****     modem_state = MODEM_STATE_OFF;
  58              		.loc 1 33 0
  59 0014 40F20003 		movw	r3, #:lower16:modem_state
  60 0018 C0F20003 		movt	r3, #:upper16:modem_state
  61 001c 4FF00002 		mov	r2, #0
  62 0020 1A70     		strb	r2, [r3, #0]
  34:.\modem.c     **** }
  63              		.loc 1 34 0
  64 0022 80BD     		pop	{r7, pc}
  65              		.cfi_endproc
  66              	.LFE29:
  67              		.size	modem_start, .-modem_start
  68              		.section	.rodata
  69              		.align	2
  70              	.LC0:
  71 0000 00       		.ascii	"\000"
  72              		.section	.text.at_write_command,"ax",%progbits
  73              		.align	2
  74              		.global	at_write_command
  75              		.thumb
  76              		.thumb_func
ARM GAS  C:\Users\karunmj\AppData\Local\Temp\ccS8pbOq.s 			page 3


  77              		.type	at_write_command, %function
  78              	at_write_command:
  79              	.LFB30:
  35:.\modem.c     **** 
  36:.\modem.c     **** // send at-command to modem
  37:.\modem.c     **** uint8 at_write_command(uint8* uart_string, uint8* expected_response, uint32 uart_timeout){
  80              		.loc 1 37 0
  81              		.cfi_startproc
  82              		@ args = 0, pretend = 0, frame = 40
  83              		@ frame_needed = 1, uses_anonymous_args = 0
  84 0000 80B5     		push	{r7, lr}
  85              	.LCFI2:
  86              		.cfi_def_cfa_offset 8
  87 0002 8AB0     		sub	sp, sp, #40
  88              	.LCFI3:
  89              		.cfi_def_cfa_offset 48
  90 0004 00AF     		add	r7, sp, #0
  91              		.cfi_offset 14, -4
  92              		.cfi_offset 7, -8
  93              	.LCFI4:
  94              		.cfi_def_cfa_register 7
  95 0006 F860     		str	r0, [r7, #12]
  96 0008 B960     		str	r1, [r7, #8]
  97 000a 7A60     		str	r2, [r7, #4]
  38:.\modem.c     ****     uint8 response = 0u;
  98              		.loc 1 38 0
  99 000c 4FF00003 		mov	r3, #0
 100 0010 FB75     		strb	r3, [r7, #23]
  39:.\modem.c     ****     uint32 i = 0u;
 101              		.loc 1 39 0
 102 0012 4FF00003 		mov	r3, #0
 103 0016 BB61     		str	r3, [r7, #24]
  40:.\modem.c     ****     uint32 delay = 100u;
 104              		.loc 1 40 0
 105 0018 4FF06403 		mov	r3, #100
 106 001c FB61     		str	r3, [r7, #28]
  41:.\modem.c     ****     uint32 interval = uart_timeout/delay;
 107              		.loc 1 41 0
 108 001e 7A68     		ldr	r2, [r7, #4]
 109 0020 FB69     		ldr	r3, [r7, #28]
 110 0022 B2FBF3F3 		udiv	r3, r2, r3
 111 0026 3B62     		str	r3, [r7, #32]
  42:.\modem.c     ****     
  43:.\modem.c     ****     uart_string_reset();
 112              		.loc 1 43 0
 113 0028 FFF7FEFF 		bl	uart_string_reset
  44:.\modem.c     ****     uart_PutString(uart_string);
 114              		.loc 1 44 0
 115 002c F868     		ldr	r0, [r7, #12]
 116 002e FFF7FEFF 		bl	uart_PutString
  45:.\modem.c     ****     
  46:.\modem.c     ****     if(expected_response != ""){
 117              		.loc 1 46 0
 118 0032 BA68     		ldr	r2, [r7, #8]
 119 0034 40F20003 		movw	r3, #:lower16:.LC0
 120 0038 C0F20003 		movt	r3, #:upper16:.LC0
 121 003c 9A42     		cmp	r2, r3
ARM GAS  C:\Users\karunmj\AppData\Local\Temp\ccS8pbOq.s 			page 4


 122 003e 1ED0     		beq	.L4
  47:.\modem.c     ****         for(i=0;i<interval;i++){
 123              		.loc 1 47 0
 124 0040 4FF00003 		mov	r3, #0
 125 0044 BB61     		str	r3, [r7, #24]
 126 0046 16E0     		b	.L5
 127              	.L7:
 128              	.LBB2:
  48:.\modem.c     ****             uint16 valid = strstr ( uart_received_string, expected_response );
 129              		.loc 1 48 0
 130 0048 40F20000 		movw	r0, #:lower16:uart_received_string
 131 004c C0F20000 		movt	r0, #:upper16:uart_received_string
 132 0050 B968     		ldr	r1, [r7, #8]
 133 0052 FFF7FEFF 		bl	strstr
 134 0056 0346     		mov	r3, r0
 135 0058 FB84     		strh	r3, [r7, #38]	@ movhi
  49:.\modem.c     ****             if(valid != NULL){
 136              		.loc 1 49 0
 137 005a FB8C     		ldrh	r3, [r7, #38]
 138 005c 002B     		cmp	r3, #0
 139 005e 03D0     		beq	.L6
  50:.\modem.c     ****                 response = 1u;
 140              		.loc 1 50 0
 141 0060 4FF00103 		mov	r3, #1
 142 0064 FB75     		strb	r3, [r7, #23]
  51:.\modem.c     ****                 break;
 143              		.loc 1 51 0
 144 0066 0AE0     		b	.L4
 145              	.L6:
  52:.\modem.c     ****             }
  53:.\modem.c     ****         CyDelay(delay);
 146              		.loc 1 53 0
 147 0068 F869     		ldr	r0, [r7, #28]
 148 006a FFF7FEFF 		bl	CyDelay
 149              	.LBE2:
 150              		.loc 1 47 0
 151 006e BB69     		ldr	r3, [r7, #24]
 152 0070 03F10103 		add	r3, r3, #1
 153 0074 BB61     		str	r3, [r7, #24]
 154              	.L5:
 155 0076 BA69     		ldr	r2, [r7, #24]
 156 0078 3B6A     		ldr	r3, [r7, #32]
 157 007a 9A42     		cmp	r2, r3
 158 007c E4D3     		bcc	.L7
 159              	.L4:
  54:.\modem.c     ****         }
  55:.\modem.c     ****     }
  56:.\modem.c     ****     return response;
 160              		.loc 1 56 0
 161 007e FB7D     		ldrb	r3, [r7, #23]	@ zero_extendqisi2
  57:.\modem.c     **** }
 162              		.loc 1 57 0
 163 0080 1846     		mov	r0, r3
 164 0082 07F12807 		add	r7, r7, #40
 165 0086 BD46     		mov	sp, r7
 166 0088 80BD     		pop	{r7, pc}
 167              		.cfi_endproc
ARM GAS  C:\Users\karunmj\AppData\Local\Temp\ccS8pbOq.s 			page 5


 168              	.LFE30:
 169              		.size	at_write_command, .-at_write_command
 170 008a 00BF     		.section	.text.modem_power_on,"ax",%progbits
 171              		.align	2
 172              		.global	modem_power_on
 173              		.thumb
 174              		.thumb_func
 175              		.type	modem_power_on, %function
 176              	modem_power_on:
 177              	.LFB31:
  58:.\modem.c     **** 
  59:.\modem.c     **** uint8 modem_power_on(){
 178              		.loc 1 59 0
 179              		.cfi_startproc
 180              		@ args = 0, pretend = 0, frame = 0
 181              		@ frame_needed = 1, uses_anonymous_args = 0
 182 0000 80B5     		push	{r7, lr}
 183              	.LCFI5:
 184              		.cfi_def_cfa_offset 8
 185 0002 00AF     		add	r7, sp, #0
 186              		.cfi_offset 14, -4
 187              		.cfi_offset 7, -8
 188              	.LCFI6:
 189              		.cfi_def_cfa_register 7
  60:.\modem.c     ****     modem_voltage_pin_Write(0u); //provide power to modem
 190              		.loc 1 60 0
 191 0004 4FF00000 		mov	r0, #0
 192 0008 FFF7FEFF 		bl	modem_voltage_pin_Write
  61:.\modem.c     ****     modem_power_pin_Write(0u);
 193              		.loc 1 61 0
 194 000c 4FF00000 		mov	r0, #0
 195 0010 FFF7FEFF 		bl	modem_power_pin_Write
  62:.\modem.c     ****     CyDelay(1500u);
 196              		.loc 1 62 0
 197 0014 40F2DC50 		movw	r0, #1500
 198 0018 FFF7FEFF 		bl	CyDelay
  63:.\modem.c     ****     modem_power_pin_Write(1u);
 199              		.loc 1 63 0
 200 001c 4FF00100 		mov	r0, #1
 201 0020 FFF7FEFF 		bl	modem_power_pin_Write
  64:.\modem.c     ****     CyDelay(5000u);
 202              		.loc 1 64 0
 203 0024 41F28830 		movw	r0, #5000
 204 0028 FFF7FEFF 		bl	CyDelay
  65:.\modem.c     ****     modem_state = MODEM_STATE_IDLE;
 205              		.loc 1 65 0
 206 002c 40F20003 		movw	r3, #:lower16:modem_state
 207 0030 C0F20003 		movt	r3, #:upper16:modem_state
 208 0034 4FF00102 		mov	r2, #1
 209 0038 1A70     		strb	r2, [r3, #0]
  66:.\modem.c     **** }
 210              		.loc 1 66 0
 211 003a 80BD     		pop	{r7, pc}
 212              		.cfi_endproc
 213              	.LFE31:
 214              		.size	modem_power_on, .-modem_power_on
 215              		.section	.text.modem_power_off,"ax",%progbits
ARM GAS  C:\Users\karunmj\AppData\Local\Temp\ccS8pbOq.s 			page 6


 216              		.align	2
 217              		.global	modem_power_off
 218              		.thumb
 219              		.thumb_func
 220              		.type	modem_power_off, %function
 221              	modem_power_off:
 222              	.LFB32:
  67:.\modem.c     **** 
  68:.\modem.c     **** // turn module off
  69:.\modem.c     **** uint8 modem_power_off(){
 223              		.loc 1 69 0
 224              		.cfi_startproc
 225              		@ args = 0, pretend = 0, frame = 0
 226              		@ frame_needed = 1, uses_anonymous_args = 0
 227 0000 80B5     		push	{r7, lr}
 228              	.LCFI7:
 229              		.cfi_def_cfa_offset 8
 230 0002 00AF     		add	r7, sp, #0
 231              		.cfi_offset 14, -4
 232              		.cfi_offset 7, -8
 233              	.LCFI8:
 234              		.cfi_def_cfa_register 7
  70:.\modem.c     ****     modem_power_pin_Write(0u);
 235              		.loc 1 70 0
 236 0004 4FF00000 		mov	r0, #0
 237 0008 FFF7FEFF 		bl	modem_power_pin_Write
  71:.\modem.c     ****     CyDelay(1500u);
 238              		.loc 1 71 0
 239 000c 40F2DC50 		movw	r0, #1500
 240 0010 FFF7FEFF 		bl	CyDelay
  72:.\modem.c     ****     modem_power_pin_Write(1u);
 241              		.loc 1 72 0
 242 0014 4FF00100 		mov	r0, #1
 243 0018 FFF7FEFF 		bl	modem_power_pin_Write
  73:.\modem.c     ****     CyDelay(5000u); // wait for module to turn off
 244              		.loc 1 73 0
 245 001c 41F28830 		movw	r0, #5000
 246 0020 FFF7FEFF 		bl	CyDelay
  74:.\modem.c     ****     modem_voltage_pin_Write(1u); // cut power to modem
 247              		.loc 1 74 0
 248 0024 4FF00100 		mov	r0, #1
 249 0028 FFF7FEFF 		bl	modem_voltage_pin_Write
  75:.\modem.c     ****     modem_state = MODEM_STATE_OFF;
 250              		.loc 1 75 0
 251 002c 40F20003 		movw	r3, #:lower16:modem_state
 252 0030 C0F20003 		movt	r3, #:upper16:modem_state
 253 0034 4FF00002 		mov	r2, #0
 254 0038 1A70     		strb	r2, [r3, #0]
  76:.\modem.c     **** }
 255              		.loc 1 76 0
 256 003a 80BD     		pop	{r7, pc}
 257              		.cfi_endproc
 258              	.LFE32:
 259              		.size	modem_power_off, .-modem_power_off
 260              		.section	.text.modem_reset,"ax",%progbits
 261              		.align	2
 262              		.global	modem_reset
ARM GAS  C:\Users\karunmj\AppData\Local\Temp\ccS8pbOq.s 			page 7


 263              		.thumb
 264              		.thumb_func
 265              		.type	modem_reset, %function
 266              	modem_reset:
 267              	.LFB33:
  77:.\modem.c     **** 
  78:.\modem.c     **** // resets the modem
  79:.\modem.c     **** uint8 modem_reset(){
 268              		.loc 1 79 0
 269              		.cfi_startproc
 270              		@ args = 0, pretend = 0, frame = 0
 271              		@ frame_needed = 1, uses_anonymous_args = 0
 272              		@ link register save eliminated.
 273 0000 80B4     		push	{r7}
 274              	.LCFI9:
 275              		.cfi_def_cfa_offset 4
 276 0002 00AF     		add	r7, sp, #0
 277              		.cfi_offset 7, -4
 278              	.LCFI10:
 279              		.cfi_def_cfa_register 7
  80:.\modem.c     **** }
 280              		.loc 1 80 0
 281 0004 BD46     		mov	sp, r7
 282 0006 80BC     		pop	{r7}
 283 0008 7047     		bx	lr
 284              		.cfi_endproc
 285              	.LFE33:
 286              		.size	modem_reset, .-modem_reset
 287 000a 00BF     		.section	.rodata
 288 0001 000000   		.align	2
 289              	.LC1:
 290 0004 41542B43 		.ascii	"AT+CMGF=1\015\000"
 290      4D47463D 
 290      310D00
 291 000f 00       		.align	2
 292              	.LC2:
 293 0010 4F4B00   		.ascii	"OK\000"
 294 0013 00       		.align	2
 295              	.LC3:
 296 0014 41542B43 		.ascii	"AT+CMGS=\"+6174407448\"\015\000"
 296      4D47533D 
 296      222B3631 
 296      37343430 
 296      37343438 
 297 002b 00       		.align	2
 298              	.LC4:
 299 002c 3E00     		.ascii	">\000"
 300 002e 0000     		.section	.text.modem_send_packet,"ax",%progbits
 301              		.align	2
 302              		.global	modem_send_packet
 303              		.thumb
 304              		.thumb_func
 305              		.type	modem_send_packet, %function
 306              	modem_send_packet:
 307              	.LFB34:
  81:.\modem.c     **** 
  82:.\modem.c     **** // send sms to twilio server
ARM GAS  C:\Users\karunmj\AppData\Local\Temp\ccS8pbOq.s 			page 8


  83:.\modem.c     **** uint8 modem_send_packet(uint8* packet){
 308              		.loc 1 83 0
 309              		.cfi_startproc
 310              		@ args = 0, pretend = 0, frame = 8
 311              		@ frame_needed = 1, uses_anonymous_args = 0
 312 0000 80B5     		push	{r7, lr}
 313              	.LCFI11:
 314              		.cfi_def_cfa_offset 8
 315 0002 82B0     		sub	sp, sp, #8
 316              	.LCFI12:
 317              		.cfi_def_cfa_offset 16
 318 0004 00AF     		add	r7, sp, #0
 319              		.cfi_offset 14, -4
 320              		.cfi_offset 7, -8
 321              	.LCFI13:
 322              		.cfi_def_cfa_register 7
 323 0006 7860     		str	r0, [r7, #4]
  84:.\modem.c     ****     if(at_write_command("AT+CMGF=1\r","OK",15000u) != 0){
 324              		.loc 1 84 0
 325 0008 40F20000 		movw	r0, #:lower16:.LC1
 326 000c C0F20000 		movt	r0, #:upper16:.LC1
 327 0010 40F20001 		movw	r1, #:lower16:.LC2
 328 0014 C0F20001 		movt	r1, #:upper16:.LC2
 329 0018 43F69822 		movw	r2, #15000
 330 001c FFF7FEFF 		bl	at_write_command
 331 0020 0346     		mov	r3, r0
 332 0022 002B     		cmp	r3, #0
 333 0024 24D0     		beq	.L16
  85:.\modem.c     ****         if(at_write_command("AT+CMGS=\"+6174407448\"\r",">",5000u) != 0){
 334              		.loc 1 85 0
 335 0026 40F20000 		movw	r0, #:lower16:.LC3
 336 002a C0F20000 		movt	r0, #:upper16:.LC3
 337 002e 40F20001 		movw	r1, #:lower16:.LC4
 338 0032 C0F20001 		movt	r1, #:upper16:.LC4
 339 0036 41F28832 		movw	r2, #5000
 340 003a FFF7FEFF 		bl	at_write_command
 341 003e 0346     		mov	r3, r0
 342 0040 002B     		cmp	r3, #0
 343 0042 15D0     		beq	.L16
  86:.\modem.c     ****             if(at_write_command(packet,"OK",20000u) != 0){
 344              		.loc 1 86 0
 345 0044 7868     		ldr	r0, [r7, #4]
 346 0046 40F20001 		movw	r1, #:lower16:.LC2
 347 004a C0F20001 		movt	r1, #:upper16:.LC2
 348 004e 44F62062 		movw	r2, #20000
 349 0052 FFF7FEFF 		bl	at_write_command
 350 0056 0346     		mov	r3, r0
 351 0058 002B     		cmp	r3, #0
 352 005a 09D0     		beq	.L16
  87:.\modem.c     ****                 modem_state = MODEM_STATE_READY;
 353              		.loc 1 87 0
 354 005c 40F20003 		movw	r3, #:lower16:modem_state
 355 0060 C0F20003 		movt	r3, #:upper16:modem_state
 356 0064 4FF00302 		mov	r2, #3
 357 0068 1A70     		strb	r2, [r3, #0]
  88:.\modem.c     ****                 return 1u;   // return 1 if succesfully sent sms
 358              		.loc 1 88 0
ARM GAS  C:\Users\karunmj\AppData\Local\Temp\ccS8pbOq.s 			page 9


 359 006a 4FF00103 		mov	r3, #1
 360 006e 01E0     		b	.L17
 361              	.L16:
  89:.\modem.c     ****             }
  90:.\modem.c     ****         }
  91:.\modem.c     ****     }
  92:.\modem.c     ****     return 0u;   // return 0 if failure to send sms
 362              		.loc 1 92 0
 363 0070 4FF00003 		mov	r3, #0
 364              	.L17:
  93:.\modem.c     **** }
 365              		.loc 1 93 0
 366 0074 1846     		mov	r0, r3
 367 0076 07F10807 		add	r7, r7, #8
 368 007a BD46     		mov	sp, r7
 369 007c 80BD     		pop	{r7, pc}
 370              		.cfi_endproc
 371              	.LFE34:
 372              		.size	modem_send_packet, .-modem_send_packet
 373 007e 00BF     		.section	.text.uart_string_reset,"ax",%progbits
 374              		.align	2
 375              		.global	uart_string_reset
 376              		.thumb
 377              		.thumb_func
 378              		.type	uart_string_reset, %function
 379              	uart_string_reset:
 380              	.LFB35:
  94:.\modem.c     **** 
  95:.\modem.c     **** void uart_string_reset(){
 381              		.loc 1 95 0
 382              		.cfi_startproc
 383              		@ args = 0, pretend = 0, frame = 8
 384              		@ frame_needed = 1, uses_anonymous_args = 0
 385 0000 80B5     		push	{r7, lr}
 386              	.LCFI14:
 387              		.cfi_def_cfa_offset 8
 388 0002 82B0     		sub	sp, sp, #8
 389              	.LCFI15:
 390              		.cfi_def_cfa_offset 16
 391 0004 00AF     		add	r7, sp, #0
 392              		.cfi_offset 14, -4
 393              		.cfi_offset 7, -8
 394              	.LCFI16:
 395              		.cfi_def_cfa_register 7
  96:.\modem.c     ****     // reset uart_received_string to zero
  97:.\modem.c     ****     uint8 i = 0;
 396              		.loc 1 97 0
 397 0006 4FF00003 		mov	r3, #0
 398 000a FB71     		strb	r3, [r7, #7]
  98:.\modem.c     ****     
  99:.\modem.c     ****     for(i = 0; i < 128; i++){
 399              		.loc 1 99 0
 400 000c 4FF00003 		mov	r3, #0
 401 0010 FB71     		strb	r3, [r7, #7]
 402 0012 0BE0     		b	.L20
 403              	.L21:
 100:.\modem.c     ****         uart_received_string[i] = 0;
ARM GAS  C:\Users\karunmj\AppData\Local\Temp\ccS8pbOq.s 			page 10


 404              		.loc 1 100 0
 405 0014 FA79     		ldrb	r2, [r7, #7]	@ zero_extendqisi2
 406 0016 40F20003 		movw	r3, #:lower16:uart_received_string
 407 001a C0F20003 		movt	r3, #:upper16:uart_received_string
 408 001e 4FF00001 		mov	r1, #0
 409 0022 9954     		strb	r1, [r3, r2]
 410              		.loc 1 99 0
 411 0024 FB79     		ldrb	r3, [r7, #7]
 412 0026 03F10103 		add	r3, r3, #1
 413 002a FB71     		strb	r3, [r7, #7]
 414              	.L20:
 415 002c FB79     		ldrb	r3, [r7, #7]	@ zero_extendqisi2
 416 002e 5BB2     		sxtb	r3, r3
 417 0030 002B     		cmp	r3, #0
 418 0032 EFDA     		bge	.L21
 101:.\modem.c     ****     }
 102:.\modem.c     ****     uart_string_index = 0;
 419              		.loc 1 102 0
 420 0034 40F20003 		movw	r3, #:lower16:uart_string_index
 421 0038 C0F20003 		movt	r3, #:upper16:uart_string_index
 422 003c 4FF00002 		mov	r2, #0
 423 0040 1A70     		strb	r2, [r3, #0]
 103:.\modem.c     ****     uart_ClearRxBuffer();
 424              		.loc 1 103 0
 425 0042 FFF7FEFF 		bl	uart_ClearRxBuffer
 104:.\modem.c     **** }
 426              		.loc 1 104 0
 427 0046 07F10807 		add	r7, r7, #8
 428 004a BD46     		mov	sp, r7
 429 004c 80BD     		pop	{r7, pc}
 430              		.cfi_endproc
 431              	.LFE35:
 432              		.size	uart_string_reset, .-uart_string_reset
 433 004e 00BF     		.section	.text.isr_byte_rx,"ax",%progbits
 434              		.align	2
 435              		.global	isr_byte_rx
 436              		.thumb
 437              		.thumb_func
 438              		.type	isr_byte_rx, %function
 439              	isr_byte_rx:
 440              	.LFB36:
 105:.\modem.c     **** 
 106:.\modem.c     **** // this function fires when uart rx receives bytes (when modem is sending bytes)
 107:.\modem.c     **** CY_ISR(isr_byte_rx){
 441              		.loc 1 107 0
 442              		.cfi_startproc
 443              		@ args = 0, pretend = 0, frame = 8
 444              		@ frame_needed = 1, uses_anonymous_args = 0
 445 0000 80B5     		push	{r7, lr}
 446              	.LCFI17:
 447              		.cfi_def_cfa_offset 8
 448 0002 82B0     		sub	sp, sp, #8
 449              	.LCFI18:
 450              		.cfi_def_cfa_offset 16
 451 0004 00AF     		add	r7, sp, #0
 452              		.cfi_offset 14, -4
 453              		.cfi_offset 7, -8
ARM GAS  C:\Users\karunmj\AppData\Local\Temp\ccS8pbOq.s 			page 11


 454              	.LCFI19:
 455              		.cfi_def_cfa_register 7
 108:.\modem.c     ****     // hold the next char in the rx register as a temporary variable
 109:.\modem.c     ****     uint8 rx_char_hold = uart_GetChar();
 456              		.loc 1 109 0
 457 0006 FFF7FEFF 		bl	uart_GetChar
 458 000a 0346     		mov	r3, r0
 459 000c FB71     		strb	r3, [r7, #7]
 110:.\modem.c     ****     
 111:.\modem.c     ****     // store the char in uart_received_string
 112:.\modem.c     ****     if(rx_char_hold){
 460              		.loc 1 112 0
 461 000e FB79     		ldrb	r3, [r7, #7]	@ zero_extendqisi2
 462 0010 002B     		cmp	r3, #0
 463 0012 18D0     		beq	.L25
 113:.\modem.c     ****         uart_received_string[uart_string_index] = rx_char_hold;
 464              		.loc 1 113 0
 465 0014 40F20003 		movw	r3, #:lower16:uart_string_index
 466 0018 C0F20003 		movt	r3, #:upper16:uart_string_index
 467 001c 1B78     		ldrb	r3, [r3, #0]	@ zero_extendqisi2
 468 001e 1A46     		mov	r2, r3
 469 0020 40F20003 		movw	r3, #:lower16:uart_received_string
 470 0024 C0F20003 		movt	r3, #:upper16:uart_received_string
 471 0028 F979     		ldrb	r1, [r7, #7]
 472 002a 9954     		strb	r1, [r3, r2]
 114:.\modem.c     ****         uart_string_index++;
 473              		.loc 1 114 0
 474 002c 40F20003 		movw	r3, #:lower16:uart_string_index
 475 0030 C0F20003 		movt	r3, #:upper16:uart_string_index
 476 0034 1B78     		ldrb	r3, [r3, #0]	@ zero_extendqisi2
 477 0036 03F10103 		add	r3, r3, #1
 478 003a DAB2     		uxtb	r2, r3
 479 003c 40F20003 		movw	r3, #:lower16:uart_string_index
 480 0040 C0F20003 		movt	r3, #:upper16:uart_string_index
 481 0044 1A70     		strb	r2, [r3, #0]
 482              	.L25:
 115:.\modem.c     ****     }
 116:.\modem.c     **** }
 483              		.loc 1 116 0
 484 0046 07F10807 		add	r7, r7, #8
 485 004a BD46     		mov	sp, r7
 486 004c 80BD     		pop	{r7, pc}
 487              		.cfi_endproc
 488              	.LFE36:
 489              		.size	isr_byte_rx, .-isr_byte_rx
 490 004e 00BF     		.text
 491              	.Letext0:
 492              		.section	.debug_loc,"",%progbits
 493              	.Ldebug_loc0:
 494              	.LLST0:
 495 0000 00000000 		.4byte	.LFB29
 496 0004 02000000 		.4byte	.LCFI0
 497 0008 0100     		.2byte	0x1
 498 000a 5D       		.byte	0x5d
 499 000b 02000000 		.4byte	.LCFI0
 500 000f 04000000 		.4byte	.LCFI1
 501 0013 0200     		.2byte	0x2
ARM GAS  C:\Users\karunmj\AppData\Local\Temp\ccS8pbOq.s 			page 12


 502 0015 7D       		.byte	0x7d
 503 0016 08       		.sleb128 8
 504 0017 04000000 		.4byte	.LCFI1
 505 001b 24000000 		.4byte	.LFE29
 506 001f 0200     		.2byte	0x2
 507 0021 77       		.byte	0x77
 508 0022 08       		.sleb128 8
 509 0023 00000000 		.4byte	0x0
 510 0027 00000000 		.4byte	0x0
 511              	.LLST1:
 512 002b 00000000 		.4byte	.LFB30
 513 002f 02000000 		.4byte	.LCFI2
 514 0033 0100     		.2byte	0x1
 515 0035 5D       		.byte	0x5d
 516 0036 02000000 		.4byte	.LCFI2
 517 003a 04000000 		.4byte	.LCFI3
 518 003e 0200     		.2byte	0x2
 519 0040 7D       		.byte	0x7d
 520 0041 08       		.sleb128 8
 521 0042 04000000 		.4byte	.LCFI3
 522 0046 06000000 		.4byte	.LCFI4
 523 004a 0200     		.2byte	0x2
 524 004c 7D       		.byte	0x7d
 525 004d 30       		.sleb128 48
 526 004e 06000000 		.4byte	.LCFI4
 527 0052 8A000000 		.4byte	.LFE30
 528 0056 0200     		.2byte	0x2
 529 0058 77       		.byte	0x77
 530 0059 30       		.sleb128 48
 531 005a 00000000 		.4byte	0x0
 532 005e 00000000 		.4byte	0x0
 533              	.LLST2:
 534 0062 00000000 		.4byte	.LFB31
 535 0066 02000000 		.4byte	.LCFI5
 536 006a 0100     		.2byte	0x1
 537 006c 5D       		.byte	0x5d
 538 006d 02000000 		.4byte	.LCFI5
 539 0071 04000000 		.4byte	.LCFI6
 540 0075 0200     		.2byte	0x2
 541 0077 7D       		.byte	0x7d
 542 0078 08       		.sleb128 8
 543 0079 04000000 		.4byte	.LCFI6
 544 007d 3C000000 		.4byte	.LFE31
 545 0081 0200     		.2byte	0x2
 546 0083 77       		.byte	0x77
 547 0084 08       		.sleb128 8
 548 0085 00000000 		.4byte	0x0
 549 0089 00000000 		.4byte	0x0
 550              	.LLST3:
 551 008d 00000000 		.4byte	.LFB32
 552 0091 02000000 		.4byte	.LCFI7
 553 0095 0100     		.2byte	0x1
 554 0097 5D       		.byte	0x5d
 555 0098 02000000 		.4byte	.LCFI7
 556 009c 04000000 		.4byte	.LCFI8
 557 00a0 0200     		.2byte	0x2
 558 00a2 7D       		.byte	0x7d
ARM GAS  C:\Users\karunmj\AppData\Local\Temp\ccS8pbOq.s 			page 13


 559 00a3 08       		.sleb128 8
 560 00a4 04000000 		.4byte	.LCFI8
 561 00a8 3C000000 		.4byte	.LFE32
 562 00ac 0200     		.2byte	0x2
 563 00ae 77       		.byte	0x77
 564 00af 08       		.sleb128 8
 565 00b0 00000000 		.4byte	0x0
 566 00b4 00000000 		.4byte	0x0
 567              	.LLST4:
 568 00b8 00000000 		.4byte	.LFB33
 569 00bc 02000000 		.4byte	.LCFI9
 570 00c0 0100     		.2byte	0x1
 571 00c2 5D       		.byte	0x5d
 572 00c3 02000000 		.4byte	.LCFI9
 573 00c7 04000000 		.4byte	.LCFI10
 574 00cb 0200     		.2byte	0x2
 575 00cd 7D       		.byte	0x7d
 576 00ce 04       		.sleb128 4
 577 00cf 04000000 		.4byte	.LCFI10
 578 00d3 0A000000 		.4byte	.LFE33
 579 00d7 0200     		.2byte	0x2
 580 00d9 77       		.byte	0x77
 581 00da 04       		.sleb128 4
 582 00db 00000000 		.4byte	0x0
 583 00df 00000000 		.4byte	0x0
 584              	.LLST5:
 585 00e3 00000000 		.4byte	.LFB34
 586 00e7 02000000 		.4byte	.LCFI11
 587 00eb 0100     		.2byte	0x1
 588 00ed 5D       		.byte	0x5d
 589 00ee 02000000 		.4byte	.LCFI11
 590 00f2 04000000 		.4byte	.LCFI12
 591 00f6 0200     		.2byte	0x2
 592 00f8 7D       		.byte	0x7d
 593 00f9 08       		.sleb128 8
 594 00fa 04000000 		.4byte	.LCFI12
 595 00fe 06000000 		.4byte	.LCFI13
 596 0102 0200     		.2byte	0x2
 597 0104 7D       		.byte	0x7d
 598 0105 10       		.sleb128 16
 599 0106 06000000 		.4byte	.LCFI13
 600 010a 7E000000 		.4byte	.LFE34
 601 010e 0200     		.2byte	0x2
 602 0110 77       		.byte	0x77
 603 0111 10       		.sleb128 16
 604 0112 00000000 		.4byte	0x0
 605 0116 00000000 		.4byte	0x0
 606              	.LLST6:
 607 011a 00000000 		.4byte	.LFB35
 608 011e 02000000 		.4byte	.LCFI14
 609 0122 0100     		.2byte	0x1
 610 0124 5D       		.byte	0x5d
 611 0125 02000000 		.4byte	.LCFI14
 612 0129 04000000 		.4byte	.LCFI15
 613 012d 0200     		.2byte	0x2
 614 012f 7D       		.byte	0x7d
 615 0130 08       		.sleb128 8
ARM GAS  C:\Users\karunmj\AppData\Local\Temp\ccS8pbOq.s 			page 14


 616 0131 04000000 		.4byte	.LCFI15
 617 0135 06000000 		.4byte	.LCFI16
 618 0139 0200     		.2byte	0x2
 619 013b 7D       		.byte	0x7d
 620 013c 10       		.sleb128 16
 621 013d 06000000 		.4byte	.LCFI16
 622 0141 4E000000 		.4byte	.LFE35
 623 0145 0200     		.2byte	0x2
 624 0147 77       		.byte	0x77
 625 0148 10       		.sleb128 16
 626 0149 00000000 		.4byte	0x0
 627 014d 00000000 		.4byte	0x0
 628              	.LLST7:
 629 0151 00000000 		.4byte	.LFB36
 630 0155 02000000 		.4byte	.LCFI17
 631 0159 0100     		.2byte	0x1
 632 015b 5D       		.byte	0x5d
 633 015c 02000000 		.4byte	.LCFI17
 634 0160 04000000 		.4byte	.LCFI18
 635 0164 0200     		.2byte	0x2
 636 0166 7D       		.byte	0x7d
 637 0167 08       		.sleb128 8
 638 0168 04000000 		.4byte	.LCFI18
 639 016c 06000000 		.4byte	.LCFI19
 640 0170 0200     		.2byte	0x2
 641 0172 7D       		.byte	0x7d
 642 0173 10       		.sleb128 16
 643 0174 06000000 		.4byte	.LCFI19
 644 0178 4E000000 		.4byte	.LFE36
 645 017c 0200     		.2byte	0x2
 646 017e 77       		.byte	0x77
 647 017f 10       		.sleb128 16
 648 0180 00000000 		.4byte	0x0
 649 0184 00000000 		.4byte	0x0
 650              		.file 2 "./Generated_Source/PSoC5/cytypes.h"
 651              		.file 3 "./Generated_Source/PSoC5/core_cm3.h"
 652              		.file 4 ".\\/modem.h"
 653              		.section	.debug_info
 654 0000 6F020000 		.4byte	0x26f
 655 0004 0200     		.2byte	0x2
 656 0006 00000000 		.4byte	.Ldebug_abbrev0
 657 000a 04       		.byte	0x4
 658 000b 01       		.uleb128 0x1
 659 000c 97010000 		.4byte	.LASF33
 660 0010 01       		.byte	0x1
 661 0011 84010000 		.4byte	.LASF34
 662 0015 D6000000 		.4byte	.LASF35
 663 0019 00000000 		.4byte	0x0
 664 001d 00000000 		.4byte	0x0
 665 0021 00000000 		.4byte	.Ldebug_ranges0+0x0
 666 0025 00000000 		.4byte	.Ldebug_line0
 667 0029 02       		.uleb128 0x2
 668 002a 01       		.byte	0x1
 669 002b 06       		.byte	0x6
 670 002c FE010000 		.4byte	.LASF0
 671 0030 02       		.uleb128 0x2
 672 0031 01       		.byte	0x1
ARM GAS  C:\Users\karunmj\AppData\Local\Temp\ccS8pbOq.s 			page 15


 673 0032 08       		.byte	0x8
 674 0033 8E000000 		.4byte	.LASF1
 675 0037 02       		.uleb128 0x2
 676 0038 02       		.byte	0x2
 677 0039 05       		.byte	0x5
 678 003a C6010000 		.4byte	.LASF2
 679 003e 02       		.uleb128 0x2
 680 003f 02       		.byte	0x2
 681 0040 07       		.byte	0x7
 682 0041 50000000 		.4byte	.LASF3
 683 0045 02       		.uleb128 0x2
 684 0046 04       		.byte	0x4
 685 0047 05       		.byte	0x5
 686 0048 DD010000 		.4byte	.LASF4
 687 004c 02       		.uleb128 0x2
 688 004d 04       		.byte	0x4
 689 004e 07       		.byte	0x7
 690 004f B1000000 		.4byte	.LASF5
 691 0053 02       		.uleb128 0x2
 692 0054 08       		.byte	0x8
 693 0055 05       		.byte	0x5
 694 0056 00000000 		.4byte	.LASF6
 695 005a 02       		.uleb128 0x2
 696 005b 08       		.byte	0x8
 697 005c 07       		.byte	0x7
 698 005d 64010000 		.4byte	.LASF7
 699 0061 03       		.uleb128 0x3
 700 0062 04       		.byte	0x4
 701 0063 05       		.byte	0x5
 702 0064 696E7400 		.ascii	"int\000"
 703 0068 02       		.uleb128 0x2
 704 0069 04       		.byte	0x4
 705 006a 07       		.byte	0x7
 706 006b 57010000 		.4byte	.LASF8
 707 006f 04       		.uleb128 0x4
 708 0070 C3000000 		.4byte	.LASF9
 709 0074 02       		.byte	0x2
 710 0075 4C       		.byte	0x4c
 711 0076 30000000 		.4byte	0x30
 712 007a 04       		.uleb128 0x4
 713 007b 49010000 		.4byte	.LASF10
 714 007f 02       		.byte	0x2
 715 0080 4D       		.byte	0x4d
 716 0081 3E000000 		.4byte	0x3e
 717 0085 04       		.uleb128 0x4
 718 0086 50010000 		.4byte	.LASF11
 719 008a 02       		.byte	0x2
 720 008b 4E       		.byte	0x4e
 721 008c 4C000000 		.4byte	0x4c
 722 0090 02       		.uleb128 0x2
 723 0091 04       		.byte	0x4
 724 0092 04       		.byte	0x4
 725 0093 82000000 		.4byte	.LASF12
 726 0097 02       		.uleb128 0x2
 727 0098 08       		.byte	0x8
 728 0099 04       		.byte	0x4
 729 009a 29010000 		.4byte	.LASF13
ARM GAS  C:\Users\karunmj\AppData\Local\Temp\ccS8pbOq.s 			page 16


 730 009e 02       		.uleb128 0x2
 731 009f 01       		.byte	0x1
 732 00a0 08       		.byte	0x8
 733 00a1 A3010000 		.4byte	.LASF14
 734 00a5 05       		.uleb128 0x5
 735 00a6 04       		.byte	0x4
 736 00a7 07       		.byte	0x7
 737 00a8 06       		.uleb128 0x6
 738 00a9 01       		.byte	0x1
 739 00aa 0A020000 		.4byte	.LASF36
 740 00ae 01       		.byte	0x1
 741 00af 1E       		.byte	0x1e
 742 00b0 00000000 		.4byte	.LFB29
 743 00b4 24000000 		.4byte	.LFE29
 744 00b8 00000000 		.4byte	.LLST0
 745 00bc 07       		.uleb128 0x7
 746 00bd 01       		.byte	0x1
 747 00be 1D000000 		.4byte	.LASF25
 748 00c2 01       		.byte	0x1
 749 00c3 25       		.byte	0x25
 750 00c4 01       		.byte	0x1
 751 00c5 6F000000 		.4byte	0x6f
 752 00c9 00000000 		.4byte	.LFB30
 753 00cd 8A000000 		.4byte	.LFE30
 754 00d1 2B000000 		.4byte	.LLST1
 755 00d5 52010000 		.4byte	0x152
 756 00d9 08       		.uleb128 0x8
 757 00da A8010000 		.4byte	.LASF15
 758 00de 01       		.byte	0x1
 759 00df 25       		.byte	0x25
 760 00e0 52010000 		.4byte	0x152
 761 00e4 02       		.byte	0x2
 762 00e5 91       		.byte	0x91
 763 00e6 5C       		.sleb128 -36
 764 00e7 08       		.uleb128 0x8
 765 00e8 30010000 		.4byte	.LASF16
 766 00ec 01       		.byte	0x1
 767 00ed 25       		.byte	0x25
 768 00ee 52010000 		.4byte	0x152
 769 00f2 02       		.byte	0x2
 770 00f3 91       		.byte	0x91
 771 00f4 58       		.sleb128 -40
 772 00f5 08       		.uleb128 0x8
 773 00f6 D0010000 		.4byte	.LASF17
 774 00fa 01       		.byte	0x1
 775 00fb 25       		.byte	0x25
 776 00fc 85000000 		.4byte	0x85
 777 0100 02       		.byte	0x2
 778 0101 91       		.byte	0x91
 779 0102 54       		.sleb128 -44
 780 0103 09       		.uleb128 0x9
 781 0104 8E010000 		.4byte	.LASF18
 782 0108 01       		.byte	0x1
 783 0109 26       		.byte	0x26
 784 010a 6F000000 		.4byte	0x6f
 785 010e 02       		.byte	0x2
 786 010f 91       		.byte	0x91
ARM GAS  C:\Users\karunmj\AppData\Local\Temp\ccS8pbOq.s 			page 17


 787 0110 67       		.sleb128 -25
 788 0111 0A       		.uleb128 0xa
 789 0112 6900     		.ascii	"i\000"
 790 0114 01       		.byte	0x1
 791 0115 27       		.byte	0x27
 792 0116 85000000 		.4byte	0x85
 793 011a 02       		.byte	0x2
 794 011b 91       		.byte	0x91
 795 011c 68       		.sleb128 -24
 796 011d 09       		.uleb128 0x9
 797 011e 88000000 		.4byte	.LASF19
 798 0122 01       		.byte	0x1
 799 0123 28       		.byte	0x28
 800 0124 85000000 		.4byte	0x85
 801 0128 02       		.byte	0x2
 802 0129 91       		.byte	0x91
 803 012a 6C       		.sleb128 -20
 804 012b 09       		.uleb128 0x9
 805 012c 7B010000 		.4byte	.LASF20
 806 0130 01       		.byte	0x1
 807 0131 29       		.byte	0x29
 808 0132 85000000 		.4byte	0x85
 809 0136 02       		.byte	0x2
 810 0137 91       		.byte	0x91
 811 0138 70       		.sleb128 -16
 812 0139 0B       		.uleb128 0xb
 813 013a 48000000 		.4byte	.LBB2
 814 013e 6E000000 		.4byte	.LBE2
 815 0142 09       		.uleb128 0x9
 816 0143 B4010000 		.4byte	.LASF21
 817 0147 01       		.byte	0x1
 818 0148 30       		.byte	0x30
 819 0149 7A000000 		.4byte	0x7a
 820 014d 02       		.byte	0x2
 821 014e 91       		.byte	0x91
 822 014f 76       		.sleb128 -10
 823 0150 00       		.byte	0x0
 824 0151 00       		.byte	0x0
 825 0152 0C       		.uleb128 0xc
 826 0153 04       		.byte	0x4
 827 0154 6F000000 		.4byte	0x6f
 828 0158 0D       		.uleb128 0xd
 829 0159 01       		.byte	0x1
 830 015a 0E000000 		.4byte	.LASF22
 831 015e 01       		.byte	0x1
 832 015f 3B       		.byte	0x3b
 833 0160 6F000000 		.4byte	0x6f
 834 0164 00000000 		.4byte	.LFB31
 835 0168 3C000000 		.4byte	.LFE31
 836 016c 62000000 		.4byte	.LLST2
 837 0170 0D       		.uleb128 0xd
 838 0171 01       		.byte	0x1
 839 0172 2E000000 		.4byte	.LASF23
 840 0176 01       		.byte	0x1
 841 0177 45       		.byte	0x45
 842 0178 6F000000 		.4byte	0x6f
 843 017c 00000000 		.4byte	.LFB32
ARM GAS  C:\Users\karunmj\AppData\Local\Temp\ccS8pbOq.s 			page 18


 844 0180 3C000000 		.4byte	.LFE32
 845 0184 8D000000 		.4byte	.LLST3
 846 0188 0D       		.uleb128 0xd
 847 0189 01       		.byte	0x1
 848 018a F2010000 		.4byte	.LASF24
 849 018e 01       		.byte	0x1
 850 018f 4F       		.byte	0x4f
 851 0190 6F000000 		.4byte	0x6f
 852 0194 00000000 		.4byte	.LFB33
 853 0198 0A000000 		.4byte	.LFE33
 854 019c B8000000 		.4byte	.LLST4
 855 01a0 07       		.uleb128 0x7
 856 01a1 01       		.byte	0x1
 857 01a2 16020000 		.4byte	.LASF26
 858 01a6 01       		.byte	0x1
 859 01a7 53       		.byte	0x53
 860 01a8 01       		.byte	0x1
 861 01a9 6F000000 		.4byte	0x6f
 862 01ad 00000000 		.4byte	.LFB34
 863 01b1 7E000000 		.4byte	.LFE34
 864 01b5 E3000000 		.4byte	.LLST5
 865 01b9 CC010000 		.4byte	0x1cc
 866 01bd 08       		.uleb128 0x8
 867 01be 42010000 		.4byte	.LASF27
 868 01c2 01       		.byte	0x1
 869 01c3 53       		.byte	0x53
 870 01c4 52010000 		.4byte	0x152
 871 01c8 02       		.byte	0x2
 872 01c9 91       		.byte	0x91
 873 01ca 74       		.sleb128 -12
 874 01cb 00       		.byte	0x0
 875 01cc 0E       		.uleb128 0xe
 876 01cd 01       		.byte	0x1
 877 01ce 63000000 		.4byte	.LASF37
 878 01d2 01       		.byte	0x1
 879 01d3 5F       		.byte	0x5f
 880 01d4 00000000 		.4byte	.LFB35
 881 01d8 4E000000 		.4byte	.LFE35
 882 01dc 1A010000 		.4byte	.LLST6
 883 01e0 F1010000 		.4byte	0x1f1
 884 01e4 0A       		.uleb128 0xa
 885 01e5 6900     		.ascii	"i\000"
 886 01e7 01       		.byte	0x1
 887 01e8 61       		.byte	0x61
 888 01e9 6F000000 		.4byte	0x6f
 889 01ed 02       		.byte	0x2
 890 01ee 91       		.byte	0x91
 891 01ef 77       		.sleb128 -9
 892 01f0 00       		.byte	0x0
 893 01f1 0F       		.uleb128 0xf
 894 01f2 01       		.byte	0x1
 895 01f3 BA010000 		.4byte	.LASF38
 896 01f7 01       		.byte	0x1
 897 01f8 6B       		.byte	0x6b
 898 01f9 01       		.byte	0x1
 899 01fa 00000000 		.4byte	.LFB36
 900 01fe 4E000000 		.4byte	.LFE36
ARM GAS  C:\Users\karunmj\AppData\Local\Temp\ccS8pbOq.s 			page 19


 901 0202 51010000 		.4byte	.LLST7
 902 0206 19020000 		.4byte	0x219
 903 020a 09       		.uleb128 0x9
 904 020b 75000000 		.4byte	.LASF28
 905 020f 01       		.byte	0x1
 906 0210 6D       		.byte	0x6d
 907 0211 6F000000 		.4byte	0x6f
 908 0215 02       		.byte	0x2
 909 0216 91       		.byte	0x91
 910 0217 77       		.sleb128 -9
 911 0218 00       		.byte	0x0
 912 0219 10       		.uleb128 0x10
 913 021a C9000000 		.4byte	.LASF29
 914 021e 03       		.byte	0x3
 915 021f CE06     		.2byte	0x6ce
 916 0221 27020000 		.4byte	0x227
 917 0225 01       		.byte	0x1
 918 0226 01       		.byte	0x1
 919 0227 11       		.uleb128 0x11
 920 0228 61000000 		.4byte	0x61
 921 022c 12       		.uleb128 0x12
 922 022d E6010000 		.4byte	.LASF30
 923 0231 04       		.byte	0x4
 924 0232 12       		.byte	0x12
 925 0233 6F000000 		.4byte	0x6f
 926 0237 01       		.byte	0x1
 927 0238 05       		.byte	0x5
 928 0239 03       		.byte	0x3
 929 023a 00000000 		.4byte	modem_state
 930 023e 13       		.uleb128 0x13
 931 023f 6F000000 		.4byte	0x6f
 932 0243 4E020000 		.4byte	0x24e
 933 0247 14       		.uleb128 0x14
 934 0248 A5000000 		.4byte	0xa5
 935 024c 7F       		.byte	0x7f
 936 024d 00       		.byte	0x0
 937 024e 12       		.uleb128 0x12
 938 024f 9C000000 		.4byte	.LASF31
 939 0253 01       		.byte	0x1
 940 0254 13       		.byte	0x13
 941 0255 3E020000 		.4byte	0x23e
 942 0259 01       		.byte	0x1
 943 025a 05       		.byte	0x5
 944 025b 03       		.byte	0x3
 945 025c 00000000 		.4byte	uart_received_string
 946 0260 12       		.uleb128 0x12
 947 0261 3E000000 		.4byte	.LASF32
 948 0265 01       		.byte	0x1
 949 0266 14       		.byte	0x14
 950 0267 6F000000 		.4byte	0x6f
 951 026b 01       		.byte	0x1
 952 026c 05       		.byte	0x5
 953 026d 03       		.byte	0x3
 954 026e 00000000 		.4byte	uart_string_index
 955 0272 00       		.byte	0x0
 956              		.section	.debug_abbrev
 957 0000 01       		.uleb128 0x1
ARM GAS  C:\Users\karunmj\AppData\Local\Temp\ccS8pbOq.s 			page 20


 958 0001 11       		.uleb128 0x11
 959 0002 01       		.byte	0x1
 960 0003 25       		.uleb128 0x25
 961 0004 0E       		.uleb128 0xe
 962 0005 13       		.uleb128 0x13
 963 0006 0B       		.uleb128 0xb
 964 0007 03       		.uleb128 0x3
 965 0008 0E       		.uleb128 0xe
 966 0009 1B       		.uleb128 0x1b
 967 000a 0E       		.uleb128 0xe
 968 000b 11       		.uleb128 0x11
 969 000c 01       		.uleb128 0x1
 970 000d 52       		.uleb128 0x52
 971 000e 01       		.uleb128 0x1
 972 000f 55       		.uleb128 0x55
 973 0010 06       		.uleb128 0x6
 974 0011 10       		.uleb128 0x10
 975 0012 06       		.uleb128 0x6
 976 0013 00       		.byte	0x0
 977 0014 00       		.byte	0x0
 978 0015 02       		.uleb128 0x2
 979 0016 24       		.uleb128 0x24
 980 0017 00       		.byte	0x0
 981 0018 0B       		.uleb128 0xb
 982 0019 0B       		.uleb128 0xb
 983 001a 3E       		.uleb128 0x3e
 984 001b 0B       		.uleb128 0xb
 985 001c 03       		.uleb128 0x3
 986 001d 0E       		.uleb128 0xe
 987 001e 00       		.byte	0x0
 988 001f 00       		.byte	0x0
 989 0020 03       		.uleb128 0x3
 990 0021 24       		.uleb128 0x24
 991 0022 00       		.byte	0x0
 992 0023 0B       		.uleb128 0xb
 993 0024 0B       		.uleb128 0xb
 994 0025 3E       		.uleb128 0x3e
 995 0026 0B       		.uleb128 0xb
 996 0027 03       		.uleb128 0x3
 997 0028 08       		.uleb128 0x8
 998 0029 00       		.byte	0x0
 999 002a 00       		.byte	0x0
 1000 002b 04       		.uleb128 0x4
 1001 002c 16       		.uleb128 0x16
 1002 002d 00       		.byte	0x0
 1003 002e 03       		.uleb128 0x3
 1004 002f 0E       		.uleb128 0xe
 1005 0030 3A       		.uleb128 0x3a
 1006 0031 0B       		.uleb128 0xb
 1007 0032 3B       		.uleb128 0x3b
 1008 0033 0B       		.uleb128 0xb
 1009 0034 49       		.uleb128 0x49
 1010 0035 13       		.uleb128 0x13
 1011 0036 00       		.byte	0x0
 1012 0037 00       		.byte	0x0
 1013 0038 05       		.uleb128 0x5
 1014 0039 24       		.uleb128 0x24
ARM GAS  C:\Users\karunmj\AppData\Local\Temp\ccS8pbOq.s 			page 21


 1015 003a 00       		.byte	0x0
 1016 003b 0B       		.uleb128 0xb
 1017 003c 0B       		.uleb128 0xb
 1018 003d 3E       		.uleb128 0x3e
 1019 003e 0B       		.uleb128 0xb
 1020 003f 00       		.byte	0x0
 1021 0040 00       		.byte	0x0
 1022 0041 06       		.uleb128 0x6
 1023 0042 2E       		.uleb128 0x2e
 1024 0043 00       		.byte	0x0
 1025 0044 3F       		.uleb128 0x3f
 1026 0045 0C       		.uleb128 0xc
 1027 0046 03       		.uleb128 0x3
 1028 0047 0E       		.uleb128 0xe
 1029 0048 3A       		.uleb128 0x3a
 1030 0049 0B       		.uleb128 0xb
 1031 004a 3B       		.uleb128 0x3b
 1032 004b 0B       		.uleb128 0xb
 1033 004c 11       		.uleb128 0x11
 1034 004d 01       		.uleb128 0x1
 1035 004e 12       		.uleb128 0x12
 1036 004f 01       		.uleb128 0x1
 1037 0050 40       		.uleb128 0x40
 1038 0051 06       		.uleb128 0x6
 1039 0052 00       		.byte	0x0
 1040 0053 00       		.byte	0x0
 1041 0054 07       		.uleb128 0x7
 1042 0055 2E       		.uleb128 0x2e
 1043 0056 01       		.byte	0x1
 1044 0057 3F       		.uleb128 0x3f
 1045 0058 0C       		.uleb128 0xc
 1046 0059 03       		.uleb128 0x3
 1047 005a 0E       		.uleb128 0xe
 1048 005b 3A       		.uleb128 0x3a
 1049 005c 0B       		.uleb128 0xb
 1050 005d 3B       		.uleb128 0x3b
 1051 005e 0B       		.uleb128 0xb
 1052 005f 27       		.uleb128 0x27
 1053 0060 0C       		.uleb128 0xc
 1054 0061 49       		.uleb128 0x49
 1055 0062 13       		.uleb128 0x13
 1056 0063 11       		.uleb128 0x11
 1057 0064 01       		.uleb128 0x1
 1058 0065 12       		.uleb128 0x12
 1059 0066 01       		.uleb128 0x1
 1060 0067 40       		.uleb128 0x40
 1061 0068 06       		.uleb128 0x6
 1062 0069 01       		.uleb128 0x1
 1063 006a 13       		.uleb128 0x13
 1064 006b 00       		.byte	0x0
 1065 006c 00       		.byte	0x0
 1066 006d 08       		.uleb128 0x8
 1067 006e 05       		.uleb128 0x5
 1068 006f 00       		.byte	0x0
 1069 0070 03       		.uleb128 0x3
 1070 0071 0E       		.uleb128 0xe
 1071 0072 3A       		.uleb128 0x3a
ARM GAS  C:\Users\karunmj\AppData\Local\Temp\ccS8pbOq.s 			page 22


 1072 0073 0B       		.uleb128 0xb
 1073 0074 3B       		.uleb128 0x3b
 1074 0075 0B       		.uleb128 0xb
 1075 0076 49       		.uleb128 0x49
 1076 0077 13       		.uleb128 0x13
 1077 0078 02       		.uleb128 0x2
 1078 0079 0A       		.uleb128 0xa
 1079 007a 00       		.byte	0x0
 1080 007b 00       		.byte	0x0
 1081 007c 09       		.uleb128 0x9
 1082 007d 34       		.uleb128 0x34
 1083 007e 00       		.byte	0x0
 1084 007f 03       		.uleb128 0x3
 1085 0080 0E       		.uleb128 0xe
 1086 0081 3A       		.uleb128 0x3a
 1087 0082 0B       		.uleb128 0xb
 1088 0083 3B       		.uleb128 0x3b
 1089 0084 0B       		.uleb128 0xb
 1090 0085 49       		.uleb128 0x49
 1091 0086 13       		.uleb128 0x13
 1092 0087 02       		.uleb128 0x2
 1093 0088 0A       		.uleb128 0xa
 1094 0089 00       		.byte	0x0
 1095 008a 00       		.byte	0x0
 1096 008b 0A       		.uleb128 0xa
 1097 008c 34       		.uleb128 0x34
 1098 008d 00       		.byte	0x0
 1099 008e 03       		.uleb128 0x3
 1100 008f 08       		.uleb128 0x8
 1101 0090 3A       		.uleb128 0x3a
 1102 0091 0B       		.uleb128 0xb
 1103 0092 3B       		.uleb128 0x3b
 1104 0093 0B       		.uleb128 0xb
 1105 0094 49       		.uleb128 0x49
 1106 0095 13       		.uleb128 0x13
 1107 0096 02       		.uleb128 0x2
 1108 0097 0A       		.uleb128 0xa
 1109 0098 00       		.byte	0x0
 1110 0099 00       		.byte	0x0
 1111 009a 0B       		.uleb128 0xb
 1112 009b 0B       		.uleb128 0xb
 1113 009c 01       		.byte	0x1
 1114 009d 11       		.uleb128 0x11
 1115 009e 01       		.uleb128 0x1
 1116 009f 12       		.uleb128 0x12
 1117 00a0 01       		.uleb128 0x1
 1118 00a1 00       		.byte	0x0
 1119 00a2 00       		.byte	0x0
 1120 00a3 0C       		.uleb128 0xc
 1121 00a4 0F       		.uleb128 0xf
 1122 00a5 00       		.byte	0x0
 1123 00a6 0B       		.uleb128 0xb
 1124 00a7 0B       		.uleb128 0xb
 1125 00a8 49       		.uleb128 0x49
 1126 00a9 13       		.uleb128 0x13
 1127 00aa 00       		.byte	0x0
 1128 00ab 00       		.byte	0x0
ARM GAS  C:\Users\karunmj\AppData\Local\Temp\ccS8pbOq.s 			page 23


 1129 00ac 0D       		.uleb128 0xd
 1130 00ad 2E       		.uleb128 0x2e
 1131 00ae 00       		.byte	0x0
 1132 00af 3F       		.uleb128 0x3f
 1133 00b0 0C       		.uleb128 0xc
 1134 00b1 03       		.uleb128 0x3
 1135 00b2 0E       		.uleb128 0xe
 1136 00b3 3A       		.uleb128 0x3a
 1137 00b4 0B       		.uleb128 0xb
 1138 00b5 3B       		.uleb128 0x3b
 1139 00b6 0B       		.uleb128 0xb
 1140 00b7 49       		.uleb128 0x49
 1141 00b8 13       		.uleb128 0x13
 1142 00b9 11       		.uleb128 0x11
 1143 00ba 01       		.uleb128 0x1
 1144 00bb 12       		.uleb128 0x12
 1145 00bc 01       		.uleb128 0x1
 1146 00bd 40       		.uleb128 0x40
 1147 00be 06       		.uleb128 0x6
 1148 00bf 00       		.byte	0x0
 1149 00c0 00       		.byte	0x0
 1150 00c1 0E       		.uleb128 0xe
 1151 00c2 2E       		.uleb128 0x2e
 1152 00c3 01       		.byte	0x1
 1153 00c4 3F       		.uleb128 0x3f
 1154 00c5 0C       		.uleb128 0xc
 1155 00c6 03       		.uleb128 0x3
 1156 00c7 0E       		.uleb128 0xe
 1157 00c8 3A       		.uleb128 0x3a
 1158 00c9 0B       		.uleb128 0xb
 1159 00ca 3B       		.uleb128 0x3b
 1160 00cb 0B       		.uleb128 0xb
 1161 00cc 11       		.uleb128 0x11
 1162 00cd 01       		.uleb128 0x1
 1163 00ce 12       		.uleb128 0x12
 1164 00cf 01       		.uleb128 0x1
 1165 00d0 40       		.uleb128 0x40
 1166 00d1 06       		.uleb128 0x6
 1167 00d2 01       		.uleb128 0x1
 1168 00d3 13       		.uleb128 0x13
 1169 00d4 00       		.byte	0x0
 1170 00d5 00       		.byte	0x0
 1171 00d6 0F       		.uleb128 0xf
 1172 00d7 2E       		.uleb128 0x2e
 1173 00d8 01       		.byte	0x1
 1174 00d9 3F       		.uleb128 0x3f
 1175 00da 0C       		.uleb128 0xc
 1176 00db 03       		.uleb128 0x3
 1177 00dc 0E       		.uleb128 0xe
 1178 00dd 3A       		.uleb128 0x3a
 1179 00de 0B       		.uleb128 0xb
 1180 00df 3B       		.uleb128 0x3b
 1181 00e0 0B       		.uleb128 0xb
 1182 00e1 27       		.uleb128 0x27
 1183 00e2 0C       		.uleb128 0xc
 1184 00e3 11       		.uleb128 0x11
 1185 00e4 01       		.uleb128 0x1
ARM GAS  C:\Users\karunmj\AppData\Local\Temp\ccS8pbOq.s 			page 24


 1186 00e5 12       		.uleb128 0x12
 1187 00e6 01       		.uleb128 0x1
 1188 00e7 40       		.uleb128 0x40
 1189 00e8 06       		.uleb128 0x6
 1190 00e9 01       		.uleb128 0x1
 1191 00ea 13       		.uleb128 0x13
 1192 00eb 00       		.byte	0x0
 1193 00ec 00       		.byte	0x0
 1194 00ed 10       		.uleb128 0x10
 1195 00ee 34       		.uleb128 0x34
 1196 00ef 00       		.byte	0x0
 1197 00f0 03       		.uleb128 0x3
 1198 00f1 0E       		.uleb128 0xe
 1199 00f2 3A       		.uleb128 0x3a
 1200 00f3 0B       		.uleb128 0xb
 1201 00f4 3B       		.uleb128 0x3b
 1202 00f5 05       		.uleb128 0x5
 1203 00f6 49       		.uleb128 0x49
 1204 00f7 13       		.uleb128 0x13
 1205 00f8 3F       		.uleb128 0x3f
 1206 00f9 0C       		.uleb128 0xc
 1207 00fa 3C       		.uleb128 0x3c
 1208 00fb 0C       		.uleb128 0xc
 1209 00fc 00       		.byte	0x0
 1210 00fd 00       		.byte	0x0
 1211 00fe 11       		.uleb128 0x11
 1212 00ff 35       		.uleb128 0x35
 1213 0100 00       		.byte	0x0
 1214 0101 49       		.uleb128 0x49
 1215 0102 13       		.uleb128 0x13
 1216 0103 00       		.byte	0x0
 1217 0104 00       		.byte	0x0
 1218 0105 12       		.uleb128 0x12
 1219 0106 34       		.uleb128 0x34
 1220 0107 00       		.byte	0x0
 1221 0108 03       		.uleb128 0x3
 1222 0109 0E       		.uleb128 0xe
 1223 010a 3A       		.uleb128 0x3a
 1224 010b 0B       		.uleb128 0xb
 1225 010c 3B       		.uleb128 0x3b
 1226 010d 0B       		.uleb128 0xb
 1227 010e 49       		.uleb128 0x49
 1228 010f 13       		.uleb128 0x13
 1229 0110 3F       		.uleb128 0x3f
 1230 0111 0C       		.uleb128 0xc
 1231 0112 02       		.uleb128 0x2
 1232 0113 0A       		.uleb128 0xa
 1233 0114 00       		.byte	0x0
 1234 0115 00       		.byte	0x0
 1235 0116 13       		.uleb128 0x13
 1236 0117 01       		.uleb128 0x1
 1237 0118 01       		.byte	0x1
 1238 0119 49       		.uleb128 0x49
 1239 011a 13       		.uleb128 0x13
 1240 011b 01       		.uleb128 0x1
 1241 011c 13       		.uleb128 0x13
 1242 011d 00       		.byte	0x0
ARM GAS  C:\Users\karunmj\AppData\Local\Temp\ccS8pbOq.s 			page 25


 1243 011e 00       		.byte	0x0
 1244 011f 14       		.uleb128 0x14
 1245 0120 21       		.uleb128 0x21
 1246 0121 00       		.byte	0x0
 1247 0122 49       		.uleb128 0x49
 1248 0123 13       		.uleb128 0x13
 1249 0124 2F       		.uleb128 0x2f
 1250 0125 0B       		.uleb128 0xb
 1251 0126 00       		.byte	0x0
 1252 0127 00       		.byte	0x0
 1253 0128 00       		.byte	0x0
 1254              		.section	.debug_pubnames,"",%progbits
 1255 0000 E5000000 		.4byte	0xe5
 1256 0004 0200     		.2byte	0x2
 1257 0006 00000000 		.4byte	.Ldebug_info0
 1258 000a 73020000 		.4byte	0x273
 1259 000e A8000000 		.4byte	0xa8
 1260 0012 6D6F6465 		.ascii	"modem_start\000"
 1260      6D5F7374 
 1260      61727400 
 1261 001e BC000000 		.4byte	0xbc
 1262 0022 61745F77 		.ascii	"at_write_command\000"
 1262      72697465 
 1262      5F636F6D 
 1262      6D616E64 
 1262      00
 1263 0033 58010000 		.4byte	0x158
 1264 0037 6D6F6465 		.ascii	"modem_power_on\000"
 1264      6D5F706F 
 1264      7765725F 
 1264      6F6E00
 1265 0046 70010000 		.4byte	0x170
 1266 004a 6D6F6465 		.ascii	"modem_power_off\000"
 1266      6D5F706F 
 1266      7765725F 
 1266      6F666600 
 1267 005a 88010000 		.4byte	0x188
 1268 005e 6D6F6465 		.ascii	"modem_reset\000"
 1268      6D5F7265 
 1268      73657400 
 1269 006a A0010000 		.4byte	0x1a0
 1270 006e 6D6F6465 		.ascii	"modem_send_packet\000"
 1270      6D5F7365 
 1270      6E645F70 
 1270      61636B65 
 1270      7400
 1271 0080 CC010000 		.4byte	0x1cc
 1272 0084 75617274 		.ascii	"uart_string_reset\000"
 1272      5F737472 
 1272      696E675F 
 1272      72657365 
 1272      7400
 1273 0096 F1010000 		.4byte	0x1f1
 1274 009a 6973725F 		.ascii	"isr_byte_rx\000"
 1274      62797465 
 1274      5F727800 
 1275 00a6 2C020000 		.4byte	0x22c
ARM GAS  C:\Users\karunmj\AppData\Local\Temp\ccS8pbOq.s 			page 26


 1276 00aa 6D6F6465 		.ascii	"modem_state\000"
 1276      6D5F7374 
 1276      61746500 
 1277 00b6 4E020000 		.4byte	0x24e
 1278 00ba 75617274 		.ascii	"uart_received_string\000"
 1278      5F726563 
 1278      65697665 
 1278      645F7374 
 1278      72696E67 
 1279 00cf 60020000 		.4byte	0x260
 1280 00d3 75617274 		.ascii	"uart_string_index\000"
 1280      5F737472 
 1280      696E675F 
 1280      696E6465 
 1280      7800
 1281 00e5 00000000 		.4byte	0x0
 1282              		.section	.debug_aranges,"",%progbits
 1283 0000 54000000 		.4byte	0x54
 1284 0004 0200     		.2byte	0x2
 1285 0006 00000000 		.4byte	.Ldebug_info0
 1286 000a 04       		.byte	0x4
 1287 000b 00       		.byte	0x0
 1288 000c 0000     		.2byte	0x0
 1289 000e 0000     		.2byte	0x0
 1290 0010 00000000 		.4byte	.LFB29
 1291 0014 24000000 		.4byte	.LFE29-.LFB29
 1292 0018 00000000 		.4byte	.LFB30
 1293 001c 8A000000 		.4byte	.LFE30-.LFB30
 1294 0020 00000000 		.4byte	.LFB31
 1295 0024 3C000000 		.4byte	.LFE31-.LFB31
 1296 0028 00000000 		.4byte	.LFB32
 1297 002c 3C000000 		.4byte	.LFE32-.LFB32
 1298 0030 00000000 		.4byte	.LFB33
 1299 0034 0A000000 		.4byte	.LFE33-.LFB33
 1300 0038 00000000 		.4byte	.LFB34
 1301 003c 7E000000 		.4byte	.LFE34-.LFB34
 1302 0040 00000000 		.4byte	.LFB35
 1303 0044 4E000000 		.4byte	.LFE35-.LFB35
 1304 0048 00000000 		.4byte	.LFB36
 1305 004c 4E000000 		.4byte	.LFE36-.LFB36
 1306 0050 00000000 		.4byte	0x0
 1307 0054 00000000 		.4byte	0x0
 1308              		.section	.debug_ranges,"",%progbits
 1309              	.Ldebug_ranges0:
 1310 0000 00000000 		.4byte	.Ltext0
 1311 0004 00000000 		.4byte	.Letext0
 1312 0008 00000000 		.4byte	.LFB29
 1313 000c 24000000 		.4byte	.LFE29
 1314 0010 00000000 		.4byte	.LFB30
 1315 0014 8A000000 		.4byte	.LFE30
 1316 0018 00000000 		.4byte	.LFB31
 1317 001c 3C000000 		.4byte	.LFE31
 1318 0020 00000000 		.4byte	.LFB32
 1319 0024 3C000000 		.4byte	.LFE32
 1320 0028 00000000 		.4byte	.LFB33
 1321 002c 0A000000 		.4byte	.LFE33
 1322 0030 00000000 		.4byte	.LFB34
ARM GAS  C:\Users\karunmj\AppData\Local\Temp\ccS8pbOq.s 			page 27


 1323 0034 7E000000 		.4byte	.LFE34
 1324 0038 00000000 		.4byte	.LFB35
 1325 003c 4E000000 		.4byte	.LFE35
 1326 0040 00000000 		.4byte	.LFB36
 1327 0044 4E000000 		.4byte	.LFE36
 1328 0048 00000000 		.4byte	0x0
 1329 004c 00000000 		.4byte	0x0
 1330              		.section	.debug_str,"MS",%progbits,1
 1331              	.LASF6:
 1332 0000 6C6F6E67 		.ascii	"long long int\000"
 1332      206C6F6E 
 1332      6720696E 
 1332      7400
 1333              	.LASF22:
 1334 000e 6D6F6465 		.ascii	"modem_power_on\000"
 1334      6D5F706F 
 1334      7765725F 
 1334      6F6E00
 1335              	.LASF25:
 1336 001d 61745F77 		.ascii	"at_write_command\000"
 1336      72697465 
 1336      5F636F6D 
 1336      6D616E64 
 1336      00
 1337              	.LASF23:
 1338 002e 6D6F6465 		.ascii	"modem_power_off\000"
 1338      6D5F706F 
 1338      7765725F 
 1338      6F666600 
 1339              	.LASF32:
 1340 003e 75617274 		.ascii	"uart_string_index\000"
 1340      5F737472 
 1340      696E675F 
 1340      696E6465 
 1340      7800
 1341              	.LASF3:
 1342 0050 73686F72 		.ascii	"short unsigned int\000"
 1342      7420756E 
 1342      7369676E 
 1342      65642069 
 1342      6E7400
 1343              	.LASF37:
 1344 0063 75617274 		.ascii	"uart_string_reset\000"
 1344      5F737472 
 1344      696E675F 
 1344      72657365 
 1344      7400
 1345              	.LASF28:
 1346 0075 72785F63 		.ascii	"rx_char_hold\000"
 1346      6861725F 
 1346      686F6C64 
 1346      00
 1347              	.LASF12:
 1348 0082 666C6F61 		.ascii	"float\000"
 1348      7400
 1349              	.LASF19:
 1350 0088 64656C61 		.ascii	"delay\000"
ARM GAS  C:\Users\karunmj\AppData\Local\Temp\ccS8pbOq.s 			page 28


 1350      7900
 1351              	.LASF1:
 1352 008e 756E7369 		.ascii	"unsigned char\000"
 1352      676E6564 
 1352      20636861 
 1352      7200
 1353              	.LASF31:
 1354 009c 75617274 		.ascii	"uart_received_string\000"
 1354      5F726563 
 1354      65697665 
 1354      645F7374 
 1354      72696E67 
 1355              	.LASF5:
 1356 00b1 6C6F6E67 		.ascii	"long unsigned int\000"
 1356      20756E73 
 1356      69676E65 
 1356      6420696E 
 1356      7400
 1357              	.LASF9:
 1358 00c3 75696E74 		.ascii	"uint8\000"
 1358      3800
 1359              	.LASF29:
 1360 00c9 49544D5F 		.ascii	"ITM_RxBuffer\000"
 1360      52784275 
 1360      66666572 
 1360      00
 1361              	.LASF35:
 1362 00d6 433A5C55 		.ascii	"C:\\Users\\karunmj\\Documents\\GitHub\\m2m\\hardwar"
 1362      73657273 
 1362      5C6B6172 
 1362      756E6D6A 
 1362      5C446F63 
 1363 0103 655C7073 		.ascii	"e\\psoc5_SMS\\PSoC_Datalogger_SMS.cydsn\000"
 1363      6F63355F 
 1363      534D535C 
 1363      50536F43 
 1363      5F446174 
 1364              	.LASF13:
 1365 0129 646F7562 		.ascii	"double\000"
 1365      6C6500
 1366              	.LASF16:
 1367 0130 65787065 		.ascii	"expected_response\000"
 1367      63746564 
 1367      5F726573 
 1367      706F6E73 
 1367      6500
 1368              	.LASF27:
 1369 0142 7061636B 		.ascii	"packet\000"
 1369      657400
 1370              	.LASF10:
 1371 0149 75696E74 		.ascii	"uint16\000"
 1371      313600
 1372              	.LASF11:
 1373 0150 75696E74 		.ascii	"uint32\000"
 1373      333200
 1374              	.LASF8:
 1375 0157 756E7369 		.ascii	"unsigned int\000"
ARM GAS  C:\Users\karunmj\AppData\Local\Temp\ccS8pbOq.s 			page 29


 1375      676E6564 
 1375      20696E74 
 1375      00
 1376              	.LASF7:
 1377 0164 6C6F6E67 		.ascii	"long long unsigned int\000"
 1377      206C6F6E 
 1377      6720756E 
 1377      7369676E 
 1377      65642069 
 1378              	.LASF20:
 1379 017b 696E7465 		.ascii	"interval\000"
 1379      7276616C 
 1379      00
 1380              	.LASF34:
 1381 0184 2E5C6D6F 		.ascii	".\\modem.c\000"
 1381      64656D2E 
 1381      6300
 1382              	.LASF18:
 1383 018e 72657370 		.ascii	"response\000"
 1383      6F6E7365 
 1383      00
 1384              	.LASF33:
 1385 0197 474E5520 		.ascii	"GNU C 4.4.1\000"
 1385      4320342E 
 1385      342E3100 
 1386              	.LASF14:
 1387 01a3 63686172 		.ascii	"char\000"
 1387      00
 1388              	.LASF15:
 1389 01a8 75617274 		.ascii	"uart_string\000"
 1389      5F737472 
 1389      696E6700 
 1390              	.LASF21:
 1391 01b4 76616C69 		.ascii	"valid\000"
 1391      6400
 1392              	.LASF38:
 1393 01ba 6973725F 		.ascii	"isr_byte_rx\000"
 1393      62797465 
 1393      5F727800 
 1394              	.LASF2:
 1395 01c6 73686F72 		.ascii	"short int\000"
 1395      7420696E 
 1395      7400
 1396              	.LASF17:
 1397 01d0 75617274 		.ascii	"uart_timeout\000"
 1397      5F74696D 
 1397      656F7574 
 1397      00
 1398              	.LASF4:
 1399 01dd 6C6F6E67 		.ascii	"long int\000"
 1399      20696E74 
 1399      00
 1400              	.LASF30:
 1401 01e6 6D6F6465 		.ascii	"modem_state\000"
 1401      6D5F7374 
 1401      61746500 
 1402              	.LASF24:
ARM GAS  C:\Users\karunmj\AppData\Local\Temp\ccS8pbOq.s 			page 30


 1403 01f2 6D6F6465 		.ascii	"modem_reset\000"
 1403      6D5F7265 
 1403      73657400 
 1404              	.LASF0:
 1405 01fe 7369676E 		.ascii	"signed char\000"
 1405      65642063 
 1405      68617200 
 1406              	.LASF36:
 1407 020a 6D6F6465 		.ascii	"modem_start\000"
 1407      6D5F7374 
 1407      61727400 
 1408              	.LASF26:
 1409 0216 6D6F6465 		.ascii	"modem_send_packet\000"
 1409      6D5F7365 
 1409      6E645F70 
 1409      61636B65 
 1409      7400
 1410              		.ident	"GCC: (Sourcery G++ Lite 2010q1-188) 4.4.1"
