ARM GAS  C:\Users\karunmj\AppData\Local\Temp\ccULsukw.s 			page 1


   1              		.syntax unified
   2              		.cpu cortex-m3
   3              		.fpu softvfp
   4              		.eabi_attribute 20, 1
   5              		.eabi_attribute 21, 1
   6              		.eabi_attribute 23, 3
   7              		.eabi_attribute 24, 1
   8              		.eabi_attribute 25, 1
   9              		.eabi_attribute 26, 1
  10              		.eabi_attribute 30, 6
  11              		.eabi_attribute 18, 4
  12              		.thumb
  13              		.file	"ultrasonic.c"
  14              		.section	.debug_abbrev,"",%progbits
  15              	.Ldebug_abbrev0:
  16              		.section	.debug_info,"",%progbits
  17              	.Ldebug_info0:
  18              		.section	.debug_line,"",%progbits
  19              	.Ldebug_line0:
  20 0000 B1000000 		.text
  20      02005900 
  20      00000201 
  20      FB0E0D00 
  20      01010101 
  21              	.Ltext0:
  22              		.cfi_sections	.debug_frame
  23              		.section	.text.ultrasonic_start,"ax",%progbits
  24              		.align	2
  25              		.global	ultrasonic_start
  26              		.thumb
  27              		.thumb_func
  28              		.type	ultrasonic_start, %function
  29              	ultrasonic_start:
  30              	.LFB29:
  31              		.file 1 ".\\ultrasonic.c"
   1:.\ultrasonic.c **** /* ========================================
   2:.\ultrasonic.c ****  *
   3:.\ultrasonic.c ****  * Copyright YOUR COMPANY, THE YEAR
   4:.\ultrasonic.c ****  * All Rights Reserved
   5:.\ultrasonic.c ****  * UNPUBLISHED, LICENSED SOFTWARE.
   6:.\ultrasonic.c ****  *
   7:.\ultrasonic.c ****  * CONFIDENTIAL AND PROPRIETARY INFORMATION
   8:.\ultrasonic.c ****  * WHICH IS THE PROPERTY OF your company.
   9:.\ultrasonic.c ****  *
  10:.\ultrasonic.c ****  * ========================================
  11:.\ultrasonic.c **** */
  12:.\ultrasonic.c **** 
  13:.\ultrasonic.c **** #include <device.h>
  14:.\ultrasonic.c **** #include "ultrasonic.h"
  15:.\ultrasonic.c **** 
  16:.\ultrasonic.c **** CY_ISR_PROTO(isr_byte_ultrasonic_rx);
  17:.\ultrasonic.c **** 
  18:.\ultrasonic.c **** void ultrasonic_start(){
  32              		.loc 1 18 0
  33              		.cfi_startproc
  34              		@ args = 0, pretend = 0, frame = 0
  35              		@ frame_needed = 1, uses_anonymous_args = 0
ARM GAS  C:\Users\karunmj\AppData\Local\Temp\ccULsukw.s 			page 2


  36 0000 80B5     		push	{r7, lr}
  37              	.LCFI0:
  38              		.cfi_def_cfa_offset 8
  39 0002 00AF     		add	r7, sp, #0
  40              		.cfi_offset 14, -4
  41              		.cfi_offset 7, -8
  42              	.LCFI1:
  43              		.cfi_def_cfa_register 7
  19:.\ultrasonic.c ****     ultrasonic_uart_Start();
  44              		.loc 1 19 0
  45 0004 FFF7FEFF 		bl	ultrasonic_uart_Start
  20:.\ultrasonic.c **** }
  46              		.loc 1 20 0
  47 0008 80BD     		pop	{r7, pc}
  48              		.cfi_endproc
  49              	.LFE29:
  50              		.size	ultrasonic_start, .-ultrasonic_start
  51 000a 00BF     		.section	.text.ultrasonic_read,"ax",%progbits
  52              		.align	2
  53              		.global	ultrasonic_read
  54              		.thumb
  55              		.thumb_func
  56              		.type	ultrasonic_read, %function
  57              	ultrasonic_read:
  58              	.LFB30:
  21:.\ultrasonic.c **** 
  22:.\ultrasonic.c **** uint8 ultrasonic_read(uint8* ultrasonic_packet, uint8 ultrasonic_packet_size){
  59              		.loc 1 22 0
  60              		.cfi_startproc
  61              		@ args = 0, pretend = 0, frame = 144
  62              		@ frame_needed = 1, uses_anonymous_args = 0
  63 0000 80B5     		push	{r7, lr}
  64              	.LCFI2:
  65              		.cfi_def_cfa_offset 8
  66 0002 A4B0     		sub	sp, sp, #144
  67              	.LCFI3:
  68              		.cfi_def_cfa_offset 152
  69 0004 00AF     		add	r7, sp, #0
  70              		.cfi_offset 14, -4
  71              		.cfi_offset 7, -8
  72              	.LCFI4:
  73              		.cfi_def_cfa_register 7
  74 0006 7860     		str	r0, [r7, #4]
  75 0008 0B46     		mov	r3, r1
  76 000a FB70     		strb	r3, [r7, #3]
  23:.\ultrasonic.c ****     uint8 ultrasonic_uart_received_string[128];
  24:.\ultrasonic.c ****     uint8 i, j, r_count, rx_char;
  25:.\ultrasonic.c ****     
  26:.\ultrasonic.c ****     // provide power to start the sensing
  27:.\ultrasonic.c ****     ultrasonic_voltage_pin_Write(0u); 
  77              		.loc 1 27 0
  78 000c 4FF00000 		mov	r0, #0
  79 0010 FFF7FEFF 		bl	ultrasonic_voltage_pin_Write
  28:.\ultrasonic.c ****     CyDelay(250u);
  80              		.loc 1 28 0
  81 0014 4FF0FA00 		mov	r0, #250
  82 0018 FFF7FEFF 		bl	CyDelay
ARM GAS  C:\Users\karunmj\AppData\Local\Temp\ccULsukw.s 			page 3


  29:.\ultrasonic.c ****     
  30:.\ultrasonic.c ****     // store stream of characters in ultrasonic_uart_received_string
  31:.\ultrasonic.c ****     for(i = 0;i < 128;){    
  83              		.loc 1 31 0
  84 001c 4FF00003 		mov	r3, #0
  85 0020 87F88C30 		strb	r3, [r7, #140]
  86 0024 17E0     		b	.L4
  87              	.L5:
  32:.\ultrasonic.c ****         rx_char = ultrasonic_uart_GetChar();
  88              		.loc 1 32 0
  89 0026 FFF7FEFF 		bl	ultrasonic_uart_GetChar
  90 002a 0346     		mov	r3, r0
  91 002c 87F88F30 		strb	r3, [r7, #143]
  33:.\ultrasonic.c ****         if(rx_char){
  92              		.loc 1 33 0
  93 0030 97F88F30 		ldrb	r3, [r7, #143]	@ zero_extendqisi2
  94 0034 002B     		cmp	r3, #0
  95 0036 0ED0     		beq	.L4
  34:.\ultrasonic.c ****             ultrasonic_uart_received_string[i] = rx_char;
  96              		.loc 1 34 0
  97 0038 97F88C30 		ldrb	r3, [r7, #140]	@ zero_extendqisi2
  98 003c 07F19001 		add	r1, r7, #144
  99 0040 0B44     		add	r3, r1, r3
 100 0042 97F88F20 		ldrb	r2, [r7, #143]
 101 0046 03F8842C 		strb	r2, [r3, #-132]
  35:.\ultrasonic.c ****             i++;
 102              		.loc 1 35 0
 103 004a 97F88C30 		ldrb	r3, [r7, #140]
 104 004e 03F10103 		add	r3, r3, #1
 105 0052 87F88C30 		strb	r3, [r7, #140]
 106              	.L4:
 107              		.loc 1 31 0
 108 0056 97F88C30 		ldrb	r3, [r7, #140]	@ zero_extendqisi2
 109 005a 5BB2     		sxtb	r3, r3
 110 005c 002B     		cmp	r3, #0
 111 005e E2DA     		bge	.L5
  36:.\ultrasonic.c ****         }
  37:.\ultrasonic.c ****     }
  38:.\ultrasonic.c ****     
  39:.\ultrasonic.c ****     // set all elements of ultrasonic_packet to zero
  40:.\ultrasonic.c ****     for(i = 0;i < ultrasonic_packet_size;i++){
 112              		.loc 1 40 0
 113 0060 4FF00003 		mov	r3, #0
 114 0064 87F88C30 		strb	r3, [r7, #140]
 115 0068 0CE0     		b	.L6
 116              	.L7:
  41:.\ultrasonic.c ****         ultrasonic_packet[i] = 0u;
 117              		.loc 1 41 0
 118 006a 97F88C20 		ldrb	r2, [r7, #140]	@ zero_extendqisi2
 119 006e 7B68     		ldr	r3, [r7, #4]
 120 0070 1344     		add	r3, r2, r3
 121 0072 4FF00002 		mov	r2, #0
 122 0076 1A70     		strb	r2, [r3, #0]
 123              		.loc 1 40 0
 124 0078 97F88C30 		ldrb	r3, [r7, #140]
 125 007c 03F10103 		add	r3, r3, #1
 126 0080 87F88C30 		strb	r3, [r7, #140]
ARM GAS  C:\Users\karunmj\AppData\Local\Temp\ccULsukw.s 			page 4


 127              	.L6:
 128 0084 97F88C20 		ldrb	r2, [r7, #140]	@ zero_extendqisi2
 129 0088 FB78     		ldrb	r3, [r7, #3]	@ zero_extendqisi2
 130 008a 9A42     		cmp	r2, r3
 131 008c EDD3     		bcc	.L7
  42:.\ultrasonic.c ****     }
  43:.\ultrasonic.c ****     
  44:.\ultrasonic.c ****     // get reading from stream and store in ultrasonic_uart_return_string
  45:.\ultrasonic.c ****     for(r_count = 0, i = 0, j = 0;r_count < 2;i++){
 132              		.loc 1 45 0
 133 008e 4FF00003 		mov	r3, #0
 134 0092 87F88E30 		strb	r3, [r7, #142]
 135 0096 4FF00003 		mov	r3, #0
 136 009a 87F88C30 		strb	r3, [r7, #140]
 137 009e 4FF00003 		mov	r3, #0
 138 00a2 87F88D30 		strb	r3, [r7, #141]
 139 00a6 39E0     		b	.L8
 140              	.L14:
  46:.\ultrasonic.c ****         rx_char = ultrasonic_uart_received_string[i];
 141              		.loc 1 46 0
 142 00a8 97F88C30 		ldrb	r3, [r7, #140]	@ zero_extendqisi2
 143 00ac 07F19002 		add	r2, r7, #144
 144 00b0 1344     		add	r3, r2, r3
 145 00b2 13F8843C 		ldrb	r3, [r3, #-132]
 146 00b6 87F88F30 		strb	r3, [r7, #143]
  47:.\ultrasonic.c ****         if(rx_char == 82u){
 147              		.loc 1 47 0
 148 00ba 97F88F30 		ldrb	r3, [r7, #143]	@ zero_extendqisi2
 149 00be 522B     		cmp	r3, #82
 150 00c0 05D1     		bne	.L9
  48:.\ultrasonic.c ****             r_count++;      // increment everytime an "R" ascii character is encountered
 151              		.loc 1 48 0
 152 00c2 97F88E30 		ldrb	r3, [r7, #142]
 153 00c6 03F10103 		add	r3, r3, #1
 154 00ca 87F88E30 		strb	r3, [r7, #142]
 155              	.L9:
  49:.\ultrasonic.c ****         }
  50:.\ultrasonic.c ****         if(r_count > 0){    // 
 156              		.loc 1 50 0
 157 00ce 97F88E30 		ldrb	r3, [r7, #142]	@ zero_extendqisi2
 158 00d2 002B     		cmp	r3, #0
 159 00d4 11D0     		beq	.L10
  51:.\ultrasonic.c ****             ultrasonic_packet[j] = ultrasonic_uart_received_string[i];
 160              		.loc 1 51 0
 161 00d6 97F88D20 		ldrb	r2, [r7, #141]	@ zero_extendqisi2
 162 00da 7B68     		ldr	r3, [r7, #4]
 163 00dc 1344     		add	r3, r2, r3
 164 00de 97F88C20 		ldrb	r2, [r7, #140]	@ zero_extendqisi2
 165 00e2 07F19001 		add	r1, r7, #144
 166 00e6 0A44     		add	r2, r1, r2
 167 00e8 12F8842C 		ldrb	r2, [r2, #-132]	@ zero_extendqisi2
 168 00ec 1A70     		strb	r2, [r3, #0]
  52:.\ultrasonic.c ****             j++;
 169              		.loc 1 52 0
 170 00ee 97F88D30 		ldrb	r3, [r7, #141]
 171 00f2 03F10103 		add	r3, r3, #1
 172 00f6 87F88D30 		strb	r3, [r7, #141]
ARM GAS  C:\Users\karunmj\AppData\Local\Temp\ccULsukw.s 			page 5


 173              	.L10:
  53:.\ultrasonic.c ****         }
  54:.\ultrasonic.c ****         if(i > 126 || j > 14){
 174              		.loc 1 54 0
 175 00fa 97F88C30 		ldrb	r3, [r7, #140]	@ zero_extendqisi2
 176 00fe 7E2B     		cmp	r3, #126
 177 0100 03D8     		bhi	.L11
 178 0102 97F88D30 		ldrb	r3, [r7, #141]	@ zero_extendqisi2
 179 0106 0E2B     		cmp	r3, #14
 180 0108 02D9     		bls	.L12
 181              	.L11:
  55:.\ultrasonic.c ****             return 0u; 
 182              		.loc 1 55 0
 183 010a 4FF00003 		mov	r3, #0
 184 010e 0FE0     		b	.L13
 185              	.L12:
 186              		.loc 1 45 0
 187 0110 97F88C30 		ldrb	r3, [r7, #140]
 188 0114 03F10103 		add	r3, r3, #1
 189 0118 87F88C30 		strb	r3, [r7, #140]
 190              	.L8:
 191 011c 97F88E30 		ldrb	r3, [r7, #142]	@ zero_extendqisi2
 192 0120 012B     		cmp	r3, #1
 193 0122 C1D9     		bls	.L14
  56:.\ultrasonic.c ****         }
  57:.\ultrasonic.c ****     }
  58:.\ultrasonic.c ****     
  59:.\ultrasonic.c ****     ultrasonic_voltage_pin_Write(1u); // cut power to stop the sensing
 194              		.loc 1 59 0
 195 0124 4FF00100 		mov	r0, #1
 196 0128 FFF7FEFF 		bl	ultrasonic_voltage_pin_Write
  60:.\ultrasonic.c ****     return 1u; 
 197              		.loc 1 60 0
 198 012c 4FF00103 		mov	r3, #1
 199              	.L13:
  61:.\ultrasonic.c **** }
 200              		.loc 1 61 0
 201 0130 1846     		mov	r0, r3
 202 0132 07F19007 		add	r7, r7, #144
 203 0136 BD46     		mov	sp, r7
 204 0138 80BD     		pop	{r7, pc}
 205              		.cfi_endproc
 206              	.LFE30:
 207              		.size	ultrasonic_read, .-ultrasonic_read
 208 013a 00BF     		.section	.text.isr_byte_ultrasonic_rx,"ax",%progbits
 209              		.align	2
 210              		.global	isr_byte_ultrasonic_rx
 211              		.thumb
 212              		.thumb_func
 213              		.type	isr_byte_ultrasonic_rx, %function
 214              	isr_byte_ultrasonic_rx:
 215              	.LFB31:
  62:.\ultrasonic.c **** 
  63:.\ultrasonic.c **** CY_ISR(isr_byte_ultrasonic_rx){
 216              		.loc 1 63 0
 217              		.cfi_startproc
 218              		@ args = 0, pretend = 0, frame = 8
ARM GAS  C:\Users\karunmj\AppData\Local\Temp\ccULsukw.s 			page 6


 219              		@ frame_needed = 1, uses_anonymous_args = 0
 220 0000 80B5     		push	{r7, lr}
 221              	.LCFI5:
 222              		.cfi_def_cfa_offset 8
 223 0002 82B0     		sub	sp, sp, #8
 224              	.LCFI6:
 225              		.cfi_def_cfa_offset 16
 226 0004 00AF     		add	r7, sp, #0
 227              		.cfi_offset 14, -4
 228              		.cfi_offset 7, -8
 229              	.LCFI7:
 230              		.cfi_def_cfa_register 7
  64:.\ultrasonic.c ****     // hold the next char in the rx register as a temporary variable
  65:.\ultrasonic.c ****     uint8 rx_char_hold = ultrasonic_uart_GetChar();
 231              		.loc 1 65 0
 232 0006 FFF7FEFF 		bl	ultrasonic_uart_GetChar
 233 000a 0346     		mov	r3, r0
 234 000c 7B71     		strb	r3, [r7, #5]
  66:.\ultrasonic.c ****     uint8 rx_char_hold2 = ultrasonic_uart_GetByte();
 235              		.loc 1 66 0
 236 000e FFF7FEFF 		bl	ultrasonic_uart_GetByte
 237 0012 0346     		mov	r3, r0
 238 0014 BB71     		strb	r3, [r7, #6]
  67:.\ultrasonic.c ****     uint8 rx_char_hold3 = ultrasonic_uart_ReadRxData();
 239              		.loc 1 67 0
 240 0016 FFF7FEFF 		bl	ultrasonic_uart_ReadRxData
 241 001a 0346     		mov	r3, r0
 242 001c FB71     		strb	r3, [r7, #7]
  68:.\ultrasonic.c ****     ultrasonic_uart_ClearRxBuffer();
 243              		.loc 1 68 0
 244 001e FFF7FEFF 		bl	ultrasonic_uart_ClearRxBuffer
  69:.\ultrasonic.c **** }
 245              		.loc 1 69 0
 246 0022 07F10807 		add	r7, r7, #8
 247 0026 BD46     		mov	sp, r7
 248 0028 80BD     		pop	{r7, pc}
 249              		.cfi_endproc
 250              	.LFE31:
 251              		.size	isr_byte_ultrasonic_rx, .-isr_byte_ultrasonic_rx
 252 002a 00BF     		.text
 253              	.Letext0:
 254              		.section	.debug_loc,"",%progbits
 255              	.Ldebug_loc0:
 256              	.LLST0:
 257 0000 00000000 		.4byte	.LFB29
 258 0004 02000000 		.4byte	.LCFI0
 259 0008 0100     		.2byte	0x1
 260 000a 5D       		.byte	0x5d
 261 000b 02000000 		.4byte	.LCFI0
 262 000f 04000000 		.4byte	.LCFI1
 263 0013 0200     		.2byte	0x2
 264 0015 7D       		.byte	0x7d
 265 0016 08       		.sleb128 8
 266 0017 04000000 		.4byte	.LCFI1
 267 001b 0A000000 		.4byte	.LFE29
 268 001f 0200     		.2byte	0x2
 269 0021 77       		.byte	0x77
ARM GAS  C:\Users\karunmj\AppData\Local\Temp\ccULsukw.s 			page 7


 270 0022 08       		.sleb128 8
 271 0023 00000000 		.4byte	0x0
 272 0027 00000000 		.4byte	0x0
 273              	.LLST1:
 274 002b 00000000 		.4byte	.LFB30
 275 002f 02000000 		.4byte	.LCFI2
 276 0033 0100     		.2byte	0x1
 277 0035 5D       		.byte	0x5d
 278 0036 02000000 		.4byte	.LCFI2
 279 003a 04000000 		.4byte	.LCFI3
 280 003e 0200     		.2byte	0x2
 281 0040 7D       		.byte	0x7d
 282 0041 08       		.sleb128 8
 283 0042 04000000 		.4byte	.LCFI3
 284 0046 06000000 		.4byte	.LCFI4
 285 004a 0300     		.2byte	0x3
 286 004c 7D       		.byte	0x7d
 287 004d 9801     		.sleb128 152
 288 004f 06000000 		.4byte	.LCFI4
 289 0053 3A010000 		.4byte	.LFE30
 290 0057 0300     		.2byte	0x3
 291 0059 77       		.byte	0x77
 292 005a 9801     		.sleb128 152
 293 005c 00000000 		.4byte	0x0
 294 0060 00000000 		.4byte	0x0
 295              	.LLST2:
 296 0064 00000000 		.4byte	.LFB31
 297 0068 02000000 		.4byte	.LCFI5
 298 006c 0100     		.2byte	0x1
 299 006e 5D       		.byte	0x5d
 300 006f 02000000 		.4byte	.LCFI5
 301 0073 04000000 		.4byte	.LCFI6
 302 0077 0200     		.2byte	0x2
 303 0079 7D       		.byte	0x7d
 304 007a 08       		.sleb128 8
 305 007b 04000000 		.4byte	.LCFI6
 306 007f 06000000 		.4byte	.LCFI7
 307 0083 0200     		.2byte	0x2
 308 0085 7D       		.byte	0x7d
 309 0086 10       		.sleb128 16
 310 0087 06000000 		.4byte	.LCFI7
 311 008b 2A000000 		.4byte	.LFE31
 312 008f 0200     		.2byte	0x2
 313 0091 77       		.byte	0x77
 314 0092 10       		.sleb128 16
 315 0093 00000000 		.4byte	0x0
 316 0097 00000000 		.4byte	0x0
 317              		.file 2 "./Generated_Source/PSoC5/cytypes.h"
 318              		.file 3 "./Generated_Source/PSoC5/core_cm3.h"
 319              		.section	.debug_info
 320 0000 8F010000 		.4byte	0x18f
 321 0004 0200     		.2byte	0x2
 322 0006 00000000 		.4byte	.Ldebug_abbrev0
 323 000a 04       		.byte	0x4
 324 000b 01       		.uleb128 0x1
 325 000c 7B010000 		.4byte	.LASF20
 326 0010 01       		.byte	0x1
ARM GAS  C:\Users\karunmj\AppData\Local\Temp\ccULsukw.s 			page 8


 327 0011 AD010000 		.4byte	.LASF21
 328 0015 C7000000 		.4byte	.LASF22
 329 0019 00000000 		.4byte	0x0
 330 001d 00000000 		.4byte	0x0
 331 0021 00000000 		.4byte	.Ldebug_ranges0+0x0
 332 0025 00000000 		.4byte	.Ldebug_line0
 333 0029 02       		.uleb128 0x2
 334 002a 01       		.byte	0x1
 335 002b 06       		.byte	0x6
 336 002c C5010000 		.4byte	.LASF0
 337 0030 02       		.uleb128 0x2
 338 0031 01       		.byte	0x1
 339 0032 08       		.byte	0x8
 340 0033 63000000 		.4byte	.LASF1
 341 0037 02       		.uleb128 0x2
 342 0038 02       		.byte	0x2
 343 0039 05       		.byte	0x5
 344 003a A3010000 		.4byte	.LASF2
 345 003e 02       		.uleb128 0x2
 346 003f 02       		.byte	0x2
 347 0040 07       		.byte	0x7
 348 0041 35000000 		.4byte	.LASF3
 349 0045 02       		.uleb128 0x2
 350 0046 04       		.byte	0x4
 351 0047 05       		.byte	0x5
 352 0048 BC010000 		.4byte	.LASF4
 353 004c 02       		.uleb128 0x2
 354 004d 04       		.byte	0x4
 355 004e 07       		.byte	0x7
 356 004f 71000000 		.4byte	.LASF5
 357 0053 02       		.uleb128 0x2
 358 0054 08       		.byte	0x8
 359 0055 05       		.byte	0x5
 360 0056 00000000 		.4byte	.LASF6
 361 005a 02       		.uleb128 0x2
 362 005b 08       		.byte	0x8
 363 005c 07       		.byte	0x7
 364 005d 4E010000 		.4byte	.LASF7
 365 0061 03       		.uleb128 0x3
 366 0062 04       		.byte	0x4
 367 0063 05       		.byte	0x5
 368 0064 696E7400 		.ascii	"int\000"
 369 0068 02       		.uleb128 0x2
 370 0069 04       		.byte	0x4
 371 006a 07       		.byte	0x7
 372 006b 41010000 		.4byte	.LASF8
 373 006f 04       		.uleb128 0x4
 374 0070 83000000 		.4byte	.LASF23
 375 0074 02       		.byte	0x2
 376 0075 4C       		.byte	0x4c
 377 0076 30000000 		.4byte	0x30
 378 007a 02       		.uleb128 0x2
 379 007b 04       		.byte	0x4
 380 007c 04       		.byte	0x4
 381 007d 5D000000 		.4byte	.LASF9
 382 0081 02       		.uleb128 0x2
 383 0082 08       		.byte	0x8
ARM GAS  C:\Users\karunmj\AppData\Local\Temp\ccULsukw.s 			page 9


 384 0083 04       		.byte	0x4
 385 0084 28010000 		.4byte	.LASF10
 386 0088 02       		.uleb128 0x2
 387 0089 01       		.byte	0x1
 388 008a 08       		.byte	0x8
 389 008b 87010000 		.4byte	.LASF11
 390 008f 05       		.uleb128 0x5
 391 0090 04       		.byte	0x4
 392 0091 07       		.byte	0x7
 393 0092 06       		.uleb128 0x6
 394 0093 01       		.byte	0x1
 395 0094 89000000 		.4byte	.LASF24
 396 0098 01       		.byte	0x1
 397 0099 12       		.byte	0x12
 398 009a 00000000 		.4byte	.LFB29
 399 009e 0A000000 		.4byte	.LFE29
 400 00a2 00000000 		.4byte	.LLST0
 401 00a6 07       		.uleb128 0x7
 402 00a7 01       		.byte	0x1
 403 00a8 0E000000 		.4byte	.LASF25
 404 00ac 01       		.byte	0x1
 405 00ad 16       		.byte	0x16
 406 00ae 01       		.byte	0x1
 407 00af 6F000000 		.4byte	0x6f
 408 00b3 00000000 		.4byte	.LFB30
 409 00b7 3A010000 		.4byte	.LFE30
 410 00bb 2B000000 		.4byte	.LLST1
 411 00bf 25010000 		.4byte	0x125
 412 00c3 08       		.uleb128 0x8
 413 00c4 2F010000 		.4byte	.LASF12
 414 00c8 01       		.byte	0x1
 415 00c9 16       		.byte	0x16
 416 00ca 25010000 		.4byte	0x125
 417 00ce 03       		.byte	0x3
 418 00cf 91       		.byte	0x91
 419 00d0 EC7E     		.sleb128 -148
 420 00d2 08       		.uleb128 0x8
 421 00d3 1E000000 		.4byte	.LASF13
 422 00d7 01       		.byte	0x1
 423 00d8 16       		.byte	0x16
 424 00d9 6F000000 		.4byte	0x6f
 425 00dd 03       		.byte	0x3
 426 00de 91       		.byte	0x91
 427 00df EB7E     		.sleb128 -149
 428 00e1 09       		.uleb128 0x9
 429 00e2 A7000000 		.4byte	.LASF14
 430 00e6 01       		.byte	0x1
 431 00e7 17       		.byte	0x17
 432 00e8 2B010000 		.4byte	0x12b
 433 00ec 03       		.byte	0x3
 434 00ed 91       		.byte	0x91
 435 00ee F47E     		.sleb128 -140
 436 00f0 0A       		.uleb128 0xa
 437 00f1 6900     		.ascii	"i\000"
 438 00f3 01       		.byte	0x1
 439 00f4 18       		.byte	0x18
 440 00f5 6F000000 		.4byte	0x6f
ARM GAS  C:\Users\karunmj\AppData\Local\Temp\ccULsukw.s 			page 10


 441 00f9 02       		.byte	0x2
 442 00fa 91       		.byte	0x91
 443 00fb 74       		.sleb128 -12
 444 00fc 0A       		.uleb128 0xa
 445 00fd 6A00     		.ascii	"j\000"
 446 00ff 01       		.byte	0x1
 447 0100 18       		.byte	0x18
 448 0101 6F000000 		.4byte	0x6f
 449 0105 02       		.byte	0x2
 450 0106 91       		.byte	0x91
 451 0107 75       		.sleb128 -11
 452 0108 09       		.uleb128 0x9
 453 0109 48000000 		.4byte	.LASF15
 454 010d 01       		.byte	0x1
 455 010e 18       		.byte	0x18
 456 010f 6F000000 		.4byte	0x6f
 457 0113 02       		.byte	0x2
 458 0114 91       		.byte	0x91
 459 0115 76       		.sleb128 -10
 460 0116 09       		.uleb128 0x9
 461 0117 65010000 		.4byte	.LASF16
 462 011b 01       		.byte	0x1
 463 011c 18       		.byte	0x18
 464 011d 6F000000 		.4byte	0x6f
 465 0121 02       		.byte	0x2
 466 0122 91       		.byte	0x91
 467 0123 77       		.sleb128 -9
 468 0124 00       		.byte	0x0
 469 0125 0B       		.uleb128 0xb
 470 0126 04       		.byte	0x4
 471 0127 6F000000 		.4byte	0x6f
 472 012b 0C       		.uleb128 0xc
 473 012c 6F000000 		.4byte	0x6f
 474 0130 3B010000 		.4byte	0x13b
 475 0134 0D       		.uleb128 0xd
 476 0135 8F000000 		.4byte	0x8f
 477 0139 7F       		.byte	0x7f
 478 013a 00       		.byte	0x0
 479 013b 0E       		.uleb128 0xe
 480 013c 01       		.byte	0x1
 481 013d 8C010000 		.4byte	.LASF26
 482 0141 01       		.byte	0x1
 483 0142 3F       		.byte	0x3f
 484 0143 01       		.byte	0x1
 485 0144 00000000 		.4byte	.LFB31
 486 0148 2A000000 		.4byte	.LFE31
 487 014c 64000000 		.4byte	.LLST2
 488 0150 7F010000 		.4byte	0x17f
 489 0154 09       		.uleb128 0x9
 490 0155 50000000 		.4byte	.LASF17
 491 0159 01       		.byte	0x1
 492 015a 41       		.byte	0x41
 493 015b 6F000000 		.4byte	0x6f
 494 015f 02       		.byte	0x2
 495 0160 91       		.byte	0x91
 496 0161 75       		.sleb128 -11
 497 0162 09       		.uleb128 0x9
ARM GAS  C:\Users\karunmj\AppData\Local\Temp\ccULsukw.s 			page 11


 498 0163 1A010000 		.4byte	.LASF18
 499 0167 01       		.byte	0x1
 500 0168 42       		.byte	0x42
 501 0169 6F000000 		.4byte	0x6f
 502 016d 02       		.byte	0x2
 503 016e 91       		.byte	0x91
 504 016f 76       		.sleb128 -10
 505 0170 09       		.uleb128 0x9
 506 0171 6D010000 		.4byte	.LASF19
 507 0175 01       		.byte	0x1
 508 0176 43       		.byte	0x43
 509 0177 6F000000 		.4byte	0x6f
 510 017b 02       		.byte	0x2
 511 017c 91       		.byte	0x91
 512 017d 77       		.sleb128 -9
 513 017e 00       		.byte	0x0
 514 017f 0F       		.uleb128 0xf
 515 0180 9A000000 		.4byte	.LASF27
 516 0184 03       		.byte	0x3
 517 0185 CE06     		.2byte	0x6ce
 518 0187 8D010000 		.4byte	0x18d
 519 018b 01       		.byte	0x1
 520 018c 01       		.byte	0x1
 521 018d 10       		.uleb128 0x10
 522 018e 61000000 		.4byte	0x61
 523 0192 00       		.byte	0x0
 524              		.section	.debug_abbrev
 525 0000 01       		.uleb128 0x1
 526 0001 11       		.uleb128 0x11
 527 0002 01       		.byte	0x1
 528 0003 25       		.uleb128 0x25
 529 0004 0E       		.uleb128 0xe
 530 0005 13       		.uleb128 0x13
 531 0006 0B       		.uleb128 0xb
 532 0007 03       		.uleb128 0x3
 533 0008 0E       		.uleb128 0xe
 534 0009 1B       		.uleb128 0x1b
 535 000a 0E       		.uleb128 0xe
 536 000b 11       		.uleb128 0x11
 537 000c 01       		.uleb128 0x1
 538 000d 52       		.uleb128 0x52
 539 000e 01       		.uleb128 0x1
 540 000f 55       		.uleb128 0x55
 541 0010 06       		.uleb128 0x6
 542 0011 10       		.uleb128 0x10
 543 0012 06       		.uleb128 0x6
 544 0013 00       		.byte	0x0
 545 0014 00       		.byte	0x0
 546 0015 02       		.uleb128 0x2
 547 0016 24       		.uleb128 0x24
 548 0017 00       		.byte	0x0
 549 0018 0B       		.uleb128 0xb
 550 0019 0B       		.uleb128 0xb
 551 001a 3E       		.uleb128 0x3e
 552 001b 0B       		.uleb128 0xb
 553 001c 03       		.uleb128 0x3
 554 001d 0E       		.uleb128 0xe
ARM GAS  C:\Users\karunmj\AppData\Local\Temp\ccULsukw.s 			page 12


 555 001e 00       		.byte	0x0
 556 001f 00       		.byte	0x0
 557 0020 03       		.uleb128 0x3
 558 0021 24       		.uleb128 0x24
 559 0022 00       		.byte	0x0
 560 0023 0B       		.uleb128 0xb
 561 0024 0B       		.uleb128 0xb
 562 0025 3E       		.uleb128 0x3e
 563 0026 0B       		.uleb128 0xb
 564 0027 03       		.uleb128 0x3
 565 0028 08       		.uleb128 0x8
 566 0029 00       		.byte	0x0
 567 002a 00       		.byte	0x0
 568 002b 04       		.uleb128 0x4
 569 002c 16       		.uleb128 0x16
 570 002d 00       		.byte	0x0
 571 002e 03       		.uleb128 0x3
 572 002f 0E       		.uleb128 0xe
 573 0030 3A       		.uleb128 0x3a
 574 0031 0B       		.uleb128 0xb
 575 0032 3B       		.uleb128 0x3b
 576 0033 0B       		.uleb128 0xb
 577 0034 49       		.uleb128 0x49
 578 0035 13       		.uleb128 0x13
 579 0036 00       		.byte	0x0
 580 0037 00       		.byte	0x0
 581 0038 05       		.uleb128 0x5
 582 0039 24       		.uleb128 0x24
 583 003a 00       		.byte	0x0
 584 003b 0B       		.uleb128 0xb
 585 003c 0B       		.uleb128 0xb
 586 003d 3E       		.uleb128 0x3e
 587 003e 0B       		.uleb128 0xb
 588 003f 00       		.byte	0x0
 589 0040 00       		.byte	0x0
 590 0041 06       		.uleb128 0x6
 591 0042 2E       		.uleb128 0x2e
 592 0043 00       		.byte	0x0
 593 0044 3F       		.uleb128 0x3f
 594 0045 0C       		.uleb128 0xc
 595 0046 03       		.uleb128 0x3
 596 0047 0E       		.uleb128 0xe
 597 0048 3A       		.uleb128 0x3a
 598 0049 0B       		.uleb128 0xb
 599 004a 3B       		.uleb128 0x3b
 600 004b 0B       		.uleb128 0xb
 601 004c 11       		.uleb128 0x11
 602 004d 01       		.uleb128 0x1
 603 004e 12       		.uleb128 0x12
 604 004f 01       		.uleb128 0x1
 605 0050 40       		.uleb128 0x40
 606 0051 06       		.uleb128 0x6
 607 0052 00       		.byte	0x0
 608 0053 00       		.byte	0x0
 609 0054 07       		.uleb128 0x7
 610 0055 2E       		.uleb128 0x2e
 611 0056 01       		.byte	0x1
ARM GAS  C:\Users\karunmj\AppData\Local\Temp\ccULsukw.s 			page 13


 612 0057 3F       		.uleb128 0x3f
 613 0058 0C       		.uleb128 0xc
 614 0059 03       		.uleb128 0x3
 615 005a 0E       		.uleb128 0xe
 616 005b 3A       		.uleb128 0x3a
 617 005c 0B       		.uleb128 0xb
 618 005d 3B       		.uleb128 0x3b
 619 005e 0B       		.uleb128 0xb
 620 005f 27       		.uleb128 0x27
 621 0060 0C       		.uleb128 0xc
 622 0061 49       		.uleb128 0x49
 623 0062 13       		.uleb128 0x13
 624 0063 11       		.uleb128 0x11
 625 0064 01       		.uleb128 0x1
 626 0065 12       		.uleb128 0x12
 627 0066 01       		.uleb128 0x1
 628 0067 40       		.uleb128 0x40
 629 0068 06       		.uleb128 0x6
 630 0069 01       		.uleb128 0x1
 631 006a 13       		.uleb128 0x13
 632 006b 00       		.byte	0x0
 633 006c 00       		.byte	0x0
 634 006d 08       		.uleb128 0x8
 635 006e 05       		.uleb128 0x5
 636 006f 00       		.byte	0x0
 637 0070 03       		.uleb128 0x3
 638 0071 0E       		.uleb128 0xe
 639 0072 3A       		.uleb128 0x3a
 640 0073 0B       		.uleb128 0xb
 641 0074 3B       		.uleb128 0x3b
 642 0075 0B       		.uleb128 0xb
 643 0076 49       		.uleb128 0x49
 644 0077 13       		.uleb128 0x13
 645 0078 02       		.uleb128 0x2
 646 0079 0A       		.uleb128 0xa
 647 007a 00       		.byte	0x0
 648 007b 00       		.byte	0x0
 649 007c 09       		.uleb128 0x9
 650 007d 34       		.uleb128 0x34
 651 007e 00       		.byte	0x0
 652 007f 03       		.uleb128 0x3
 653 0080 0E       		.uleb128 0xe
 654 0081 3A       		.uleb128 0x3a
 655 0082 0B       		.uleb128 0xb
 656 0083 3B       		.uleb128 0x3b
 657 0084 0B       		.uleb128 0xb
 658 0085 49       		.uleb128 0x49
 659 0086 13       		.uleb128 0x13
 660 0087 02       		.uleb128 0x2
 661 0088 0A       		.uleb128 0xa
 662 0089 00       		.byte	0x0
 663 008a 00       		.byte	0x0
 664 008b 0A       		.uleb128 0xa
 665 008c 34       		.uleb128 0x34
 666 008d 00       		.byte	0x0
 667 008e 03       		.uleb128 0x3
 668 008f 08       		.uleb128 0x8
ARM GAS  C:\Users\karunmj\AppData\Local\Temp\ccULsukw.s 			page 14


 669 0090 3A       		.uleb128 0x3a
 670 0091 0B       		.uleb128 0xb
 671 0092 3B       		.uleb128 0x3b
 672 0093 0B       		.uleb128 0xb
 673 0094 49       		.uleb128 0x49
 674 0095 13       		.uleb128 0x13
 675 0096 02       		.uleb128 0x2
 676 0097 0A       		.uleb128 0xa
 677 0098 00       		.byte	0x0
 678 0099 00       		.byte	0x0
 679 009a 0B       		.uleb128 0xb
 680 009b 0F       		.uleb128 0xf
 681 009c 00       		.byte	0x0
 682 009d 0B       		.uleb128 0xb
 683 009e 0B       		.uleb128 0xb
 684 009f 49       		.uleb128 0x49
 685 00a0 13       		.uleb128 0x13
 686 00a1 00       		.byte	0x0
 687 00a2 00       		.byte	0x0
 688 00a3 0C       		.uleb128 0xc
 689 00a4 01       		.uleb128 0x1
 690 00a5 01       		.byte	0x1
 691 00a6 49       		.uleb128 0x49
 692 00a7 13       		.uleb128 0x13
 693 00a8 01       		.uleb128 0x1
 694 00a9 13       		.uleb128 0x13
 695 00aa 00       		.byte	0x0
 696 00ab 00       		.byte	0x0
 697 00ac 0D       		.uleb128 0xd
 698 00ad 21       		.uleb128 0x21
 699 00ae 00       		.byte	0x0
 700 00af 49       		.uleb128 0x49
 701 00b0 13       		.uleb128 0x13
 702 00b1 2F       		.uleb128 0x2f
 703 00b2 0B       		.uleb128 0xb
 704 00b3 00       		.byte	0x0
 705 00b4 00       		.byte	0x0
 706 00b5 0E       		.uleb128 0xe
 707 00b6 2E       		.uleb128 0x2e
 708 00b7 01       		.byte	0x1
 709 00b8 3F       		.uleb128 0x3f
 710 00b9 0C       		.uleb128 0xc
 711 00ba 03       		.uleb128 0x3
 712 00bb 0E       		.uleb128 0xe
 713 00bc 3A       		.uleb128 0x3a
 714 00bd 0B       		.uleb128 0xb
 715 00be 3B       		.uleb128 0x3b
 716 00bf 0B       		.uleb128 0xb
 717 00c0 27       		.uleb128 0x27
 718 00c1 0C       		.uleb128 0xc
 719 00c2 11       		.uleb128 0x11
 720 00c3 01       		.uleb128 0x1
 721 00c4 12       		.uleb128 0x12
 722 00c5 01       		.uleb128 0x1
 723 00c6 40       		.uleb128 0x40
 724 00c7 06       		.uleb128 0x6
 725 00c8 01       		.uleb128 0x1
ARM GAS  C:\Users\karunmj\AppData\Local\Temp\ccULsukw.s 			page 15


 726 00c9 13       		.uleb128 0x13
 727 00ca 00       		.byte	0x0
 728 00cb 00       		.byte	0x0
 729 00cc 0F       		.uleb128 0xf
 730 00cd 34       		.uleb128 0x34
 731 00ce 00       		.byte	0x0
 732 00cf 03       		.uleb128 0x3
 733 00d0 0E       		.uleb128 0xe
 734 00d1 3A       		.uleb128 0x3a
 735 00d2 0B       		.uleb128 0xb
 736 00d3 3B       		.uleb128 0x3b
 737 00d4 05       		.uleb128 0x5
 738 00d5 49       		.uleb128 0x49
 739 00d6 13       		.uleb128 0x13
 740 00d7 3F       		.uleb128 0x3f
 741 00d8 0C       		.uleb128 0xc
 742 00d9 3C       		.uleb128 0x3c
 743 00da 0C       		.uleb128 0xc
 744 00db 00       		.byte	0x0
 745 00dc 00       		.byte	0x0
 746 00dd 10       		.uleb128 0x10
 747 00de 35       		.uleb128 0x35
 748 00df 00       		.byte	0x0
 749 00e0 49       		.uleb128 0x49
 750 00e1 13       		.uleb128 0x13
 751 00e2 00       		.byte	0x0
 752 00e3 00       		.byte	0x0
 753 00e4 00       		.byte	0x0
 754              		.section	.debug_pubnames,"",%progbits
 755 0000 52000000 		.4byte	0x52
 756 0004 0200     		.2byte	0x2
 757 0006 00000000 		.4byte	.Ldebug_info0
 758 000a 93010000 		.4byte	0x193
 759 000e 92000000 		.4byte	0x92
 760 0012 756C7472 		.ascii	"ultrasonic_start\000"
 760      61736F6E 
 760      69635F73 
 760      74617274 
 760      00
 761 0023 A6000000 		.4byte	0xa6
 762 0027 756C7472 		.ascii	"ultrasonic_read\000"
 762      61736F6E 
 762      69635F72 
 762      65616400 
 763 0037 3B010000 		.4byte	0x13b
 764 003b 6973725F 		.ascii	"isr_byte_ultrasonic_rx\000"
 764      62797465 
 764      5F756C74 
 764      7261736F 
 764      6E69635F 
 765 0052 00000000 		.4byte	0x0
 766              		.section	.debug_aranges,"",%progbits
 767 0000 2C000000 		.4byte	0x2c
 768 0004 0200     		.2byte	0x2
 769 0006 00000000 		.4byte	.Ldebug_info0
 770 000a 04       		.byte	0x4
 771 000b 00       		.byte	0x0
ARM GAS  C:\Users\karunmj\AppData\Local\Temp\ccULsukw.s 			page 16


 772 000c 0000     		.2byte	0x0
 773 000e 0000     		.2byte	0x0
 774 0010 00000000 		.4byte	.LFB29
 775 0014 0A000000 		.4byte	.LFE29-.LFB29
 776 0018 00000000 		.4byte	.LFB30
 777 001c 3A010000 		.4byte	.LFE30-.LFB30
 778 0020 00000000 		.4byte	.LFB31
 779 0024 2A000000 		.4byte	.LFE31-.LFB31
 780 0028 00000000 		.4byte	0x0
 781 002c 00000000 		.4byte	0x0
 782              		.section	.debug_ranges,"",%progbits
 783              	.Ldebug_ranges0:
 784 0000 00000000 		.4byte	.Ltext0
 785 0004 00000000 		.4byte	.Letext0
 786 0008 00000000 		.4byte	.LFB29
 787 000c 0A000000 		.4byte	.LFE29
 788 0010 00000000 		.4byte	.LFB30
 789 0014 3A010000 		.4byte	.LFE30
 790 0018 00000000 		.4byte	.LFB31
 791 001c 2A000000 		.4byte	.LFE31
 792 0020 00000000 		.4byte	0x0
 793 0024 00000000 		.4byte	0x0
 794              		.section	.debug_str,"MS",%progbits,1
 795              	.LASF6:
 796 0000 6C6F6E67 		.ascii	"long long int\000"
 796      206C6F6E 
 796      6720696E 
 796      7400
 797              	.LASF25:
 798 000e 756C7472 		.ascii	"ultrasonic_read\000"
 798      61736F6E 
 798      69635F72 
 798      65616400 
 799              	.LASF13:
 800 001e 756C7472 		.ascii	"ultrasonic_packet_size\000"
 800      61736F6E 
 800      69635F70 
 800      61636B65 
 800      745F7369 
 801              	.LASF3:
 802 0035 73686F72 		.ascii	"short unsigned int\000"
 802      7420756E 
 802      7369676E 
 802      65642069 
 802      6E7400
 803              	.LASF15:
 804 0048 725F636F 		.ascii	"r_count\000"
 804      756E7400 
 805              	.LASF17:
 806 0050 72785F63 		.ascii	"rx_char_hold\000"
 806      6861725F 
 806      686F6C64 
 806      00
 807              	.LASF9:
 808 005d 666C6F61 		.ascii	"float\000"
 808      7400
 809              	.LASF1:
ARM GAS  C:\Users\karunmj\AppData\Local\Temp\ccULsukw.s 			page 17


 810 0063 756E7369 		.ascii	"unsigned char\000"
 810      676E6564 
 810      20636861 
 810      7200
 811              	.LASF5:
 812 0071 6C6F6E67 		.ascii	"long unsigned int\000"
 812      20756E73 
 812      69676E65 
 812      6420696E 
 812      7400
 813              	.LASF23:
 814 0083 75696E74 		.ascii	"uint8\000"
 814      3800
 815              	.LASF24:
 816 0089 756C7472 		.ascii	"ultrasonic_start\000"
 816      61736F6E 
 816      69635F73 
 816      74617274 
 816      00
 817              	.LASF27:
 818 009a 49544D5F 		.ascii	"ITM_RxBuffer\000"
 818      52784275 
 818      66666572 
 818      00
 819              	.LASF14:
 820 00a7 756C7472 		.ascii	"ultrasonic_uart_received_string\000"
 820      61736F6E 
 820      69635F75 
 820      6172745F 
 820      72656365 
 821              	.LASF22:
 822 00c7 433A5C55 		.ascii	"C:\\Users\\karunmj\\Documents\\GitHub\\m2m\\hardwar"
 822      73657273 
 822      5C6B6172 
 822      756E6D6A 
 822      5C446F63 
 823 00f4 655C7073 		.ascii	"e\\psoc5_SMS\\PSoC_Datalogger_SMS.cydsn\000"
 823      6F63355F 
 823      534D535C 
 823      50536F43 
 823      5F446174 
 824              	.LASF18:
 825 011a 72785F63 		.ascii	"rx_char_hold2\000"
 825      6861725F 
 825      686F6C64 
 825      3200
 826              	.LASF10:
 827 0128 646F7562 		.ascii	"double\000"
 827      6C6500
 828              	.LASF12:
 829 012f 756C7472 		.ascii	"ultrasonic_packet\000"
 829      61736F6E 
 829      69635F70 
 829      61636B65 
 829      7400
 830              	.LASF8:
 831 0141 756E7369 		.ascii	"unsigned int\000"
ARM GAS  C:\Users\karunmj\AppData\Local\Temp\ccULsukw.s 			page 18


 831      676E6564 
 831      20696E74 
 831      00
 832              	.LASF7:
 833 014e 6C6F6E67 		.ascii	"long long unsigned int\000"
 833      206C6F6E 
 833      6720756E 
 833      7369676E 
 833      65642069 
 834              	.LASF16:
 835 0165 72785F63 		.ascii	"rx_char\000"
 835      68617200 
 836              	.LASF19:
 837 016d 72785F63 		.ascii	"rx_char_hold3\000"
 837      6861725F 
 837      686F6C64 
 837      3300
 838              	.LASF20:
 839 017b 474E5520 		.ascii	"GNU C 4.4.1\000"
 839      4320342E 
 839      342E3100 
 840              	.LASF11:
 841 0187 63686172 		.ascii	"char\000"
 841      00
 842              	.LASF26:
 843 018c 6973725F 		.ascii	"isr_byte_ultrasonic_rx\000"
 843      62797465 
 843      5F756C74 
 843      7261736F 
 843      6E69635F 
 844              	.LASF2:
 845 01a3 73686F72 		.ascii	"short int\000"
 845      7420696E 
 845      7400
 846              	.LASF21:
 847 01ad 2E5C756C 		.ascii	".\\ultrasonic.c\000"
 847      74726173 
 847      6F6E6963 
 847      2E6300
 848              	.LASF4:
 849 01bc 6C6F6E67 		.ascii	"long int\000"
 849      20696E74 
 849      00
 850              	.LASF0:
 851 01c5 7369676E 		.ascii	"signed char\000"
 851      65642063 
 851      68617200 
 852              		.ident	"GCC: (Sourcery G++ Lite 2010q1-188) 4.4.1"
