ARM GAS  C:\Users\karunmj\AppData\Local\Temp\ccMCpcRG.s 			page 1


   1              		.syntax unified
   2              		.cpu cortex-m3
   3              		.fpu softvfp
   4              		.eabi_attribute 20, 1
   5              		.eabi_attribute 21, 1
   6              		.eabi_attribute 23, 3
   7              		.eabi_attribute 24, 1
   8              		.eabi_attribute 25, 1
   9              		.eabi_attribute 26, 1
  10              		.eabi_attribute 30, 6
  11              		.eabi_attribute 18, 4
  12              		.thumb
  13              		.file	"debug.c"
  14              		.section	.debug_abbrev,"",%progbits
  15              	.Ldebug_abbrev0:
  16              		.section	.debug_info,"",%progbits
  17              	.Ldebug_info0:
  18              		.section	.debug_line,"",%progbits
  19              	.Ldebug_line0:
  20 0000 21010000 		.text
  20      02009C00 
  20      00000201 
  20      FB0E0D00 
  20      01010101 
  21              	.Ltext0:
  22              		.cfi_sections	.debug_frame
  23              		.global	write_to_log
  24              		.data
  25              		.type	write_to_log, %object
  26              		.size	write_to_log, 1
  27              	write_to_log:
  28 0000 01       		.byte	1
  29              		.comm	debug_packet,256,4
  30              		.section	.text.debug_on,"ax",%progbits
  31              		.align	2
  32              		.global	debug_on
  33              		.thumb
  34              		.thumb_func
  35              		.type	debug_on, %function
  36              	debug_on:
  37              	.LFB29:
  38              		.file 1 ".\\debug.c"
   1:.\debug.c     **** /* ========================================
   2:.\debug.c     ****  *
   3:.\debug.c     ****  * Copyright YOUR COMPANY, THE YEAR
   4:.\debug.c     ****  * All Rights Reserved
   5:.\debug.c     ****  * UNPUBLISHED, LICENSED SOFTWARE.
   6:.\debug.c     ****  *
   7:.\debug.c     ****  * CONFIDENTIAL AND PROPRIETARY INFORMATION
   8:.\debug.c     ****  * WHICH IS THE PROPERTY OF your company.
   9:.\debug.c     ****  *
  10:.\debug.c     ****  * ========================================
  11:.\debug.c     **** */
  12:.\debug.c     **** #include "debug.h"
  13:.\debug.c     **** 
  14:.\debug.c     **** uint8 write_to_log = 1u;
  15:.\debug.c     **** uint8 debug_packet[MAX_DEBUG_LENGTH];
ARM GAS  C:\Users\karunmj\AppData\Local\Temp\ccMCpcRG.s 			page 2


  16:.\debug.c     **** 
  17:.\debug.c     **** uint8 debug_on() {
  39              		.loc 1 17 0
  40              		.cfi_startproc
  41              		@ args = 0, pretend = 0, frame = 0
  42              		@ frame_needed = 1, uses_anonymous_args = 0
  43              		@ link register save eliminated.
  44 0000 80B4     		push	{r7}
  45              	.LCFI0:
  46              		.cfi_def_cfa_offset 4
  47 0002 00AF     		add	r7, sp, #0
  48              		.cfi_offset 7, -4
  49              	.LCFI1:
  50              		.cfi_def_cfa_register 7
  18:.\debug.c     ****     //FS_Init() command needed?
  19:.\debug.c     ****     return write_to_log = 1u;    
  51              		.loc 1 19 0
  52 0004 40F20003 		movw	r3, #:lower16:write_to_log
  53 0008 C0F20003 		movt	r3, #:upper16:write_to_log
  54 000c 4FF00102 		mov	r2, #1
  55 0010 1A70     		strb	r2, [r3, #0]
  56 0012 40F20003 		movw	r3, #:lower16:write_to_log
  57 0016 C0F20003 		movt	r3, #:upper16:write_to_log
  58 001a 1B78     		ldrb	r3, [r3, #0]	@ zero_extendqisi2
  20:.\debug.c     **** }
  59              		.loc 1 20 0
  60 001c 1846     		mov	r0, r3
  61 001e BD46     		mov	sp, r7
  62 0020 80BC     		pop	{r7}
  63 0022 7047     		bx	lr
  64              		.cfi_endproc
  65              	.LFE29:
  66              		.size	debug_on, .-debug_on
  67              		.section	.text.debug_off,"ax",%progbits
  68              		.align	2
  69              		.global	debug_off
  70              		.thumb
  71              		.thumb_func
  72              		.type	debug_off, %function
  73              	debug_off:
  74              	.LFB30:
  21:.\debug.c     **** 
  22:.\debug.c     **** uint8 debug_off() {
  75              		.loc 1 22 0
  76              		.cfi_startproc
  77              		@ args = 0, pretend = 0, frame = 0
  78              		@ frame_needed = 1, uses_anonymous_args = 0
  79              		@ link register save eliminated.
  80 0000 80B4     		push	{r7}
  81              	.LCFI2:
  82              		.cfi_def_cfa_offset 4
  83 0002 00AF     		add	r7, sp, #0
  84              		.cfi_offset 7, -4
  85              	.LCFI3:
  86              		.cfi_def_cfa_register 7
  23:.\debug.c     ****     return write_to_log = 0u;    
  87              		.loc 1 23 0
ARM GAS  C:\Users\karunmj\AppData\Local\Temp\ccMCpcRG.s 			page 3


  88 0004 40F20003 		movw	r3, #:lower16:write_to_log
  89 0008 C0F20003 		movt	r3, #:upper16:write_to_log
  90 000c 4FF00002 		mov	r2, #0
  91 0010 1A70     		strb	r2, [r3, #0]
  92 0012 40F20003 		movw	r3, #:lower16:write_to_log
  93 0016 C0F20003 		movt	r3, #:upper16:write_to_log
  94 001a 1B78     		ldrb	r3, [r3, #0]	@ zero_extendqisi2
  24:.\debug.c     **** }
  95              		.loc 1 24 0
  96 001c 1846     		mov	r0, r3
  97 001e BD46     		mov	sp, r7
  98 0020 80BC     		pop	{r7}
  99 0022 7047     		bx	lr
 100              		.cfi_endproc
 101              	.LFE30:
 102              		.size	debug_off, .-debug_off
 103              		.section	.text.debug_is_on,"ax",%progbits
 104              		.align	2
 105              		.global	debug_is_on
 106              		.thumb
 107              		.thumb_func
 108              		.type	debug_is_on, %function
 109              	debug_is_on:
 110              	.LFB31:
  25:.\debug.c     **** 
  26:.\debug.c     **** uint8 debug_is_on() {
 111              		.loc 1 26 0
 112              		.cfi_startproc
 113              		@ args = 0, pretend = 0, frame = 0
 114              		@ frame_needed = 1, uses_anonymous_args = 0
 115              		@ link register save eliminated.
 116 0000 80B4     		push	{r7}
 117              	.LCFI4:
 118              		.cfi_def_cfa_offset 4
 119 0002 00AF     		add	r7, sp, #0
 120              		.cfi_offset 7, -4
 121              	.LCFI5:
 122              		.cfi_def_cfa_register 7
  27:.\debug.c     ****     return write_to_log;    
 123              		.loc 1 27 0
 124 0004 40F20003 		movw	r3, #:lower16:write_to_log
 125 0008 C0F20003 		movt	r3, #:upper16:write_to_log
 126 000c 1B78     		ldrb	r3, [r3, #0]	@ zero_extendqisi2
  28:.\debug.c     **** }
 127              		.loc 1 28 0
 128 000e 1846     		mov	r0, r3
 129 0010 BD46     		mov	sp, r7
 130 0012 80BC     		pop	{r7}
 131 0014 7047     		bx	lr
 132              		.cfi_endproc
 133              	.LFE31:
 134              		.size	debug_is_on, .-debug_is_on
 135 0016 00BF     		.section	.rodata
 136              		.align	2
 137              	.LC0:
 138 0000 0D0A2564 		.ascii	"\015\012%d:%d:%d %d/%d/%d -- [ID %d] %s\000"
 138      3A25643A 
ARM GAS  C:\Users\karunmj\AppData\Local\Temp\ccMCpcRG.s 			page 4


 138      25642025 
 138      642F2564 
 138      2F256420 
 139 0022 0000     		.align	2
 140              	.LC1:
 141 0024 64656275 		.ascii	"debuglog.txt\000"
 141      676C6F67 
 141      2E747874 
 141      00
 142 0031 000000   		.align	2
 143              	.LC2:
 144 0034 6100     		.ascii	"a\000"
 145 0036 0000     		.section	.text.debug_write,"ax",%progbits
 146              		.align	2
 147              		.global	debug_write
 148              		.thumb
 149              		.thumb_func
 150              		.type	debug_write, %function
 151              	debug_write:
 152              	.LFB32:
  29:.\debug.c     **** 
  30:.\debug.c     **** void debug_write(const void *pData){
 153              		.loc 1 30 0
 154              		.cfi_startproc
 155              		@ args = 0, pretend = 0, frame = 16
 156              		@ frame_needed = 1, uses_anonymous_args = 0
 157 0000 90B5     		push	{r4, r7, lr}
 158              	.LCFI6:
 159              		.cfi_def_cfa_offset 12
 160 0002 8BB0     		sub	sp, sp, #44
 161              	.LCFI7:
 162              		.cfi_def_cfa_offset 56
 163 0004 06AF     		add	r7, sp, #24
 164              		.cfi_offset 14, -4
 165              		.cfi_offset 7, -8
 166              		.cfi_offset 4, -12
 167              	.LCFI8:
 168              		.cfi_def_cfa 7, 32
 169 0006 7860     		str	r0, [r7, #4]
  31:.\debug.c     ****     if(write_to_log) {
 170              		.loc 1 31 0
 171 0008 40F20003 		movw	r3, #:lower16:write_to_log
 172 000c C0F20003 		movt	r3, #:upper16:write_to_log
 173 0010 1B78     		ldrb	r3, [r3, #0]	@ zero_extendqisi2
 174 0012 002B     		cmp	r3, #0
 175 0014 3DD0     		beq	.L9
 176              	.LBB2:
  32:.\debug.c     **** /*
  33:.\debug.c     ****         uint8 i;
  34:.\debug.c     ****         for(i = 0u; i < MAX_DEBUG_LENGTH; i++){
  35:.\debug.c     ****             debug_packet[i] = 0u;
  36:.\debug.c     ****         }
  37:.\debug.c     **** */
  38:.\debug.c     ****         NeoRtcTimeStruct tm_neo = NeoRTC_Read_Time();
 177              		.loc 1 38 0
 178 0016 07F10803 		add	r3, r7, #8
 179 001a 1846     		mov	r0, r3
ARM GAS  C:\Users\karunmj\AppData\Local\Temp\ccMCpcRG.s 			page 5


 180 001c FFF7FEFF 		bl	NeoRTC_Read_Time
  39:.\debug.c     **** 
  40:.\debug.c     ****         sprintf(debug_packet, "\r\n%d:%d:%d %d/%d/%d -- [ID %d] %s", tm_neo.hour, tm_neo.minute,
 181              		.loc 1 40 0
 182 0020 BB7A     		ldrb	r3, [r7, #10]	@ zero_extendqisi2
 183 0022 1A46     		mov	r2, r3
 184 0024 7B7A     		ldrb	r3, [r7, #9]	@ zero_extendqisi2
 185 0026 9C46     		mov	ip, r3
  41:.\debug.c     ****                          tm_neo.second, tm_neo.day, tm_neo.month, tm_neo.year, 
 186              		.loc 1 41 0
 187 0028 3B7A     		ldrb	r3, [r7, #8]	@ zero_extendqisi2
 188              		.loc 1 40 0
 189 002a 1C46     		mov	r4, r3
 190              		.loc 1 41 0
 191 002c FB7A     		ldrb	r3, [r7, #11]	@ zero_extendqisi2
 192              		.loc 1 40 0
 193 002e 9E46     		mov	lr, r3
 194              		.loc 1 41 0
 195 0030 7B7B     		ldrb	r3, [r7, #13]	@ zero_extendqisi2
 196              		.loc 1 40 0
 197 0032 1846     		mov	r0, r3
 198              		.loc 1 41 0
 199 0034 FB89     		ldrh	r3, [r7, #14]
 200              		.loc 1 40 0
 201 0036 1946     		mov	r1, r3
 202 0038 40F20003 		movw	r3, #:lower16:moteID
 203 003c C0F20003 		movt	r3, #:upper16:moteID
 204 0040 1B78     		ldrb	r3, [r3, #0]	@ zero_extendqisi2
 205 0042 0094     		str	r4, [sp, #0]
 206 0044 CDF804E0 		str	lr, [sp, #4]
 207 0048 0290     		str	r0, [sp, #8]
 208 004a 0391     		str	r1, [sp, #12]
 209 004c 0493     		str	r3, [sp, #16]
 210 004e 7B68     		ldr	r3, [r7, #4]
 211 0050 0593     		str	r3, [sp, #20]
 212 0052 40F20000 		movw	r0, #:lower16:debug_packet
 213 0056 C0F20000 		movt	r0, #:upper16:debug_packet
 214 005a 40F20001 		movw	r1, #:lower16:.LC0
 215 005e C0F20001 		movt	r1, #:upper16:.LC0
 216 0062 6346     		mov	r3, ip
 217 0064 FFF7FEFF 		bl	sprintf
  42:.\debug.c     ****                          moteID, pData);
  43:.\debug.c     ****                          
  44:.\debug.c     ****         Write_Debug_To_SD_Card("debuglog.txt", "a",  debug_packet, strlen(debug_packet));
 218              		.loc 1 44 0
 219 0068 40F20000 		movw	r0, #:lower16:debug_packet
 220 006c C0F20000 		movt	r0, #:upper16:debug_packet
 221 0070 FFF7FEFF 		bl	strlen
 222 0074 0346     		mov	r3, r0
 223 0076 40F20000 		movw	r0, #:lower16:.LC1
 224 007a C0F20000 		movt	r0, #:upper16:.LC1
 225 007e 40F20001 		movw	r1, #:lower16:.LC2
 226 0082 C0F20001 		movt	r1, #:upper16:.LC2
 227 0086 40F20002 		movw	r2, #:lower16:debug_packet
 228 008a C0F20002 		movt	r2, #:upper16:debug_packet
 229 008e FFF7FEFF 		bl	Write_Debug_To_SD_Card
 230              	.L9:
ARM GAS  C:\Users\karunmj\AppData\Local\Temp\ccMCpcRG.s 			page 6


 231              	.LBE2:
  45:.\debug.c     ****     }
  46:.\debug.c     **** }
 232              		.loc 1 46 0
 233 0092 07F11407 		add	r7, r7, #20
 234 0096 BD46     		mov	sp, r7
 235 0098 90BD     		pop	{r4, r7, pc}
 236              		.cfi_endproc
 237              	.LFE32:
 238              		.size	debug_write, .-debug_write
 239 009a 00BF     		.section	.text.Write_Debug_To_SD_Card,"ax",%progbits
 240              		.align	2
 241              		.global	Write_Debug_To_SD_Card
 242              		.thumb
 243              		.thumb_func
 244              		.type	Write_Debug_To_SD_Card, %function
 245              	Write_Debug_To_SD_Card:
 246              	.LFB33:
  47:.\debug.c     **** 
  48:.\debug.c     **** void Write_Debug_To_SD_Card(const char* fileName, const char* pMode, const void* pData, U32 NumByte
 247              		.loc 1 48 0
 248              		.cfi_startproc
 249              		@ args = 0, pretend = 0, frame = 32
 250              		@ frame_needed = 1, uses_anonymous_args = 0
 251 0000 80B5     		push	{r7, lr}
 252              	.LCFI9:
 253              		.cfi_def_cfa_offset 8
 254 0002 88B0     		sub	sp, sp, #32
 255              	.LCFI10:
 256              		.cfi_def_cfa_offset 40
 257 0004 00AF     		add	r7, sp, #0
 258              		.cfi_offset 14, -4
 259              		.cfi_offset 7, -8
 260              	.LCFI11:
 261              		.cfi_def_cfa_register 7
 262 0006 F860     		str	r0, [r7, #12]
 263 0008 B960     		str	r1, [r7, #8]
 264 000a 7A60     		str	r2, [r7, #4]
 265 000c 3B60     		str	r3, [r7, #0]
  49:.\debug.c     **** // Remember to add line below to rtcCallBack Function
  50:.\debug.c     **** // Write_To_SD_Card("myData.txt","a",sendBuffer,strlen(sendBuffer));
  51:.\debug.c     **** 
  52:.\debug.c     ****     NEOMOTE_1_SD_Card_Power_Write(0u); // Power on the SD Card
 266              		.loc 1 52 0
 267 000e 4FF00000 		mov	r0, #0
 268 0012 FFF7FEFF 		bl	NEOMOTE_1_SD_Card_Power_Write
  53:.\debug.c     ****     
  54:.\debug.c     ****     FS_FILE *  pFile;
  55:.\debug.c     ****     char sdVolName[10];  // Buffer that will hold SD card Volume name
  56:.\debug.c     ****     
  57:.\debug.c     ****     if (0 != FS_GetVolumeName(0, &sdVolName[0], 9)) {
 269              		.loc 1 57 0
 270 0016 07F11003 		add	r3, r7, #16
 271 001a 4FF00000 		mov	r0, #0
 272 001e 1946     		mov	r1, r3
 273 0020 4FF00902 		mov	r2, #9
 274 0024 FFF7FEFF 		bl	FS_GetVolumeName
ARM GAS  C:\Users\karunmj\AppData\Local\Temp\ccMCpcRG.s 			page 7


 275 0028 0346     		mov	r3, r0
 276 002a 002B     		cmp	r3, #0
 277 002c 1AD0     		beq	.L11
  58:.\debug.c     ****         pFile = FS_FOpen(fileName, pMode);
 278              		.loc 1 58 0
 279 002e F868     		ldr	r0, [r7, #12]
 280 0030 B968     		ldr	r1, [r7, #8]
 281 0032 FFF7FEFF 		bl	FS_FOpen
 282 0036 0346     		mov	r3, r0
 283 0038 FB61     		str	r3, [r7, #28]
  59:.\debug.c     ****         if (pFile == 0){
 284              		.loc 1 59 0
 285 003a FB69     		ldr	r3, [r7, #28]
 286 003c 002B     		cmp	r3, #0
 287 003e 09D1     		bne	.L12
  60:.\debug.c     ****             FS_DeInit();
 288              		.loc 1 60 0
 289 0040 FFF7FEFF 		bl	FS_DeInit
  61:.\debug.c     ****             FS_Init(); //poipoi debug error
 290              		.loc 1 61 0
 291 0044 FFF7FEFF 		bl	FS_Init
  62:.\debug.c     ****             pFile = FS_FOpen(fileName, pMode);
 292              		.loc 1 62 0
 293 0048 F868     		ldr	r0, [r7, #12]
 294 004a B968     		ldr	r1, [r7, #8]
 295 004c FFF7FEFF 		bl	FS_FOpen
 296 0050 0346     		mov	r3, r0
 297 0052 FB61     		str	r3, [r7, #28]
 298              	.L12:
  63:.\debug.c     ****         }
  64:.\debug.c     ****         FS_Write(pFile, pData, NumBytes);
 299              		.loc 1 64 0
 300 0054 F869     		ldr	r0, [r7, #28]
 301 0056 7968     		ldr	r1, [r7, #4]
 302 0058 3A68     		ldr	r2, [r7, #0]
 303 005a FFF7FEFF 		bl	FS_Write
  65:.\debug.c     ****         FS_FClose(pFile);
 304              		.loc 1 65 0
 305 005e F869     		ldr	r0, [r7, #28]
 306 0060 FFF7FEFF 		bl	FS_FClose
 307              	.L11:
  66:.\debug.c     ****     }
  67:.\debug.c     ****     
  68:.\debug.c     ****     NEOMOTE_1_SD_Card_Power_Write(1u); // Power off the SD Card
 308              		.loc 1 68 0
 309 0064 4FF00100 		mov	r0, #1
 310 0068 FFF7FEFF 		bl	NEOMOTE_1_SD_Card_Power_Write
  69:.\debug.c     **** 
  70:.\debug.c     **** }
 311              		.loc 1 70 0
 312 006c 07F12007 		add	r7, r7, #32
 313 0070 BD46     		mov	sp, r7
 314 0072 80BD     		pop	{r7, pc}
 315              		.cfi_endproc
 316              	.LFE33:
 317              		.size	Write_Debug_To_SD_Card, .-Write_Debug_To_SD_Card
 318              		.section	.text.clear_debug_packet,"ax",%progbits
ARM GAS  C:\Users\karunmj\AppData\Local\Temp\ccMCpcRG.s 			page 8


 319              		.align	2
 320              		.global	clear_debug_packet
 321              		.thumb
 322              		.thumb_func
 323              		.type	clear_debug_packet, %function
 324              	clear_debug_packet:
 325              	.LFB34:
  71:.\debug.c     **** 
  72:.\debug.c     **** void clear_debug_packet() {
 326              		.loc 1 72 0
 327              		.cfi_startproc
 328              		@ args = 0, pretend = 0, frame = 8
 329              		@ frame_needed = 1, uses_anonymous_args = 0
 330              		@ link register save eliminated.
 331 0000 80B4     		push	{r7}
 332              	.LCFI12:
 333              		.cfi_def_cfa_offset 4
 334 0002 83B0     		sub	sp, sp, #12
 335              	.LCFI13:
 336              		.cfi_def_cfa_offset 16
 337 0004 00AF     		add	r7, sp, #0
 338              		.cfi_offset 7, -4
 339              	.LCFI14:
 340              		.cfi_def_cfa_register 7
  73:.\debug.c     **** 
  74:.\debug.c     ****     uint8 i;
  75:.\debug.c     ****     for(i = 0u; i < MAX_DEBUG_LENGTH; i++){
 341              		.loc 1 75 0
 342 0006 4FF00003 		mov	r3, #0
 343 000a FB71     		strb	r3, [r7, #7]
 344              	.L15:
  76:.\debug.c     ****         debug_packet[i] = 0u;
 345              		.loc 1 76 0
 346 000c FA79     		ldrb	r2, [r7, #7]	@ zero_extendqisi2
 347 000e 40F20003 		movw	r3, #:lower16:debug_packet
 348 0012 C0F20003 		movt	r3, #:upper16:debug_packet
 349 0016 4FF00001 		mov	r1, #0
 350 001a 9954     		strb	r1, [r3, r2]
 351              		.loc 1 75 0
 352 001c FB79     		ldrb	r3, [r7, #7]
 353 001e 03F10103 		add	r3, r3, #1
 354 0022 FB71     		strb	r3, [r7, #7]
  77:.\debug.c     ****     }
 355              		.loc 1 77 0
 356 0024 F2E7     		b	.L15
 357              		.cfi_endproc
 358              	.LFE34:
 359              		.size	clear_debug_packet, .-clear_debug_packet
 360 0026 00BF     		.text
 361              	.Letext0:
 362              		.section	.debug_loc,"",%progbits
 363              	.Ldebug_loc0:
 364              	.LLST0:
 365 0000 00000000 		.4byte	.LFB29
 366 0004 02000000 		.4byte	.LCFI0
 367 0008 0100     		.2byte	0x1
 368 000a 5D       		.byte	0x5d
ARM GAS  C:\Users\karunmj\AppData\Local\Temp\ccMCpcRG.s 			page 9


 369 000b 02000000 		.4byte	.LCFI0
 370 000f 04000000 		.4byte	.LCFI1
 371 0013 0200     		.2byte	0x2
 372 0015 7D       		.byte	0x7d
 373 0016 04       		.sleb128 4
 374 0017 04000000 		.4byte	.LCFI1
 375 001b 24000000 		.4byte	.LFE29
 376 001f 0200     		.2byte	0x2
 377 0021 77       		.byte	0x77
 378 0022 04       		.sleb128 4
 379 0023 00000000 		.4byte	0x0
 380 0027 00000000 		.4byte	0x0
 381              	.LLST1:
 382 002b 00000000 		.4byte	.LFB30
 383 002f 02000000 		.4byte	.LCFI2
 384 0033 0100     		.2byte	0x1
 385 0035 5D       		.byte	0x5d
 386 0036 02000000 		.4byte	.LCFI2
 387 003a 04000000 		.4byte	.LCFI3
 388 003e 0200     		.2byte	0x2
 389 0040 7D       		.byte	0x7d
 390 0041 04       		.sleb128 4
 391 0042 04000000 		.4byte	.LCFI3
 392 0046 24000000 		.4byte	.LFE30
 393 004a 0200     		.2byte	0x2
 394 004c 77       		.byte	0x77
 395 004d 04       		.sleb128 4
 396 004e 00000000 		.4byte	0x0
 397 0052 00000000 		.4byte	0x0
 398              	.LLST2:
 399 0056 00000000 		.4byte	.LFB31
 400 005a 02000000 		.4byte	.LCFI4
 401 005e 0100     		.2byte	0x1
 402 0060 5D       		.byte	0x5d
 403 0061 02000000 		.4byte	.LCFI4
 404 0065 04000000 		.4byte	.LCFI5
 405 0069 0200     		.2byte	0x2
 406 006b 7D       		.byte	0x7d
 407 006c 04       		.sleb128 4
 408 006d 04000000 		.4byte	.LCFI5
 409 0071 16000000 		.4byte	.LFE31
 410 0075 0200     		.2byte	0x2
 411 0077 77       		.byte	0x77
 412 0078 04       		.sleb128 4
 413 0079 00000000 		.4byte	0x0
 414 007d 00000000 		.4byte	0x0
 415              	.LLST3:
 416 0081 00000000 		.4byte	.LFB32
 417 0085 02000000 		.4byte	.LCFI6
 418 0089 0100     		.2byte	0x1
 419 008b 5D       		.byte	0x5d
 420 008c 02000000 		.4byte	.LCFI6
 421 0090 04000000 		.4byte	.LCFI7
 422 0094 0200     		.2byte	0x2
 423 0096 7D       		.byte	0x7d
 424 0097 0C       		.sleb128 12
 425 0098 04000000 		.4byte	.LCFI7
ARM GAS  C:\Users\karunmj\AppData\Local\Temp\ccMCpcRG.s 			page 10


 426 009c 06000000 		.4byte	.LCFI8
 427 00a0 0200     		.2byte	0x2
 428 00a2 7D       		.byte	0x7d
 429 00a3 38       		.sleb128 56
 430 00a4 06000000 		.4byte	.LCFI8
 431 00a8 9A000000 		.4byte	.LFE32
 432 00ac 0200     		.2byte	0x2
 433 00ae 77       		.byte	0x77
 434 00af 20       		.sleb128 32
 435 00b0 00000000 		.4byte	0x0
 436 00b4 00000000 		.4byte	0x0
 437              	.LLST4:
 438 00b8 00000000 		.4byte	.LFB33
 439 00bc 02000000 		.4byte	.LCFI9
 440 00c0 0100     		.2byte	0x1
 441 00c2 5D       		.byte	0x5d
 442 00c3 02000000 		.4byte	.LCFI9
 443 00c7 04000000 		.4byte	.LCFI10
 444 00cb 0200     		.2byte	0x2
 445 00cd 7D       		.byte	0x7d
 446 00ce 08       		.sleb128 8
 447 00cf 04000000 		.4byte	.LCFI10
 448 00d3 06000000 		.4byte	.LCFI11
 449 00d7 0200     		.2byte	0x2
 450 00d9 7D       		.byte	0x7d
 451 00da 28       		.sleb128 40
 452 00db 06000000 		.4byte	.LCFI11
 453 00df 74000000 		.4byte	.LFE33
 454 00e3 0200     		.2byte	0x2
 455 00e5 77       		.byte	0x77
 456 00e6 28       		.sleb128 40
 457 00e7 00000000 		.4byte	0x0
 458 00eb 00000000 		.4byte	0x0
 459              	.LLST5:
 460 00ef 00000000 		.4byte	.LFB34
 461 00f3 02000000 		.4byte	.LCFI12
 462 00f7 0100     		.2byte	0x1
 463 00f9 5D       		.byte	0x5d
 464 00fa 02000000 		.4byte	.LCFI12
 465 00fe 04000000 		.4byte	.LCFI13
 466 0102 0200     		.2byte	0x2
 467 0104 7D       		.byte	0x7d
 468 0105 04       		.sleb128 4
 469 0106 04000000 		.4byte	.LCFI13
 470 010a 06000000 		.4byte	.LCFI14
 471 010e 0200     		.2byte	0x2
 472 0110 7D       		.byte	0x7d
 473 0111 10       		.sleb128 16
 474 0112 06000000 		.4byte	.LCFI14
 475 0116 26000000 		.4byte	.LFE34
 476 011a 0200     		.2byte	0x2
 477 011c 77       		.byte	0x77
 478 011d 10       		.sleb128 16
 479 011e 00000000 		.4byte	0x0
 480 0122 00000000 		.4byte	0x0
 481              		.file 2 "./Generated_Source/PSoC5/cytypes.h"
 482              		.file 3 "..\\emFile_V322b\\Code\\Include\\PSoC5/FS_Types.h"
ARM GAS  C:\Users\karunmj\AppData\Local\Temp\ccMCpcRG.s 			page 11


 483              		.file 4 "..\\neolib/neomote.h"
 484              		.file 5 "./Generated_Source/PSoC5/core_cm3.h"
 485              		.section	.debug_info
 486 0000 B8020000 		.4byte	0x2b8
 487 0004 0200     		.2byte	0x2
 488 0006 00000000 		.4byte	.Ldebug_abbrev0
 489 000a 04       		.byte	0x4
 490 000b 01       		.uleb128 0x1
 491 000c A0010000 		.4byte	.LASF38
 492 0010 01       		.byte	0x1
 493 0011 C6010000 		.4byte	.LASF39
 494 0015 73000000 		.4byte	.LASF40
 495 0019 00000000 		.4byte	0x0
 496 001d 00000000 		.4byte	0x0
 497 0021 00000000 		.4byte	.Ldebug_ranges0+0x0
 498 0025 00000000 		.4byte	.Ldebug_line0
 499 0029 02       		.uleb128 0x2
 500 002a 01       		.byte	0x1
 501 002b 06       		.byte	0x6
 502 002c F3010000 		.4byte	.LASF0
 503 0030 02       		.uleb128 0x2
 504 0031 01       		.byte	0x1
 505 0032 08       		.byte	0x8
 506 0033 C2000000 		.4byte	.LASF1
 507 0037 02       		.uleb128 0x2
 508 0038 02       		.byte	0x2
 509 0039 05       		.byte	0x5
 510 003a D0010000 		.4byte	.LASF2
 511 003e 02       		.uleb128 0x2
 512 003f 02       		.byte	0x2
 513 0040 07       		.byte	0x7
 514 0041 2F000000 		.4byte	.LASF3
 515 0045 02       		.uleb128 0x2
 516 0046 04       		.byte	0x4
 517 0047 05       		.byte	0x5
 518 0048 EA010000 		.4byte	.LASF4
 519 004c 02       		.uleb128 0x2
 520 004d 04       		.byte	0x4
 521 004e 07       		.byte	0x7
 522 004f D0000000 		.4byte	.LASF5
 523 0053 02       		.uleb128 0x2
 524 0054 08       		.byte	0x8
 525 0055 05       		.byte	0x5
 526 0056 00000000 		.4byte	.LASF6
 527 005a 02       		.uleb128 0x2
 528 005b 08       		.byte	0x8
 529 005c 07       		.byte	0x7
 530 005d 75010000 		.4byte	.LASF7
 531 0061 03       		.uleb128 0x3
 532 0062 04       		.byte	0x4
 533 0063 05       		.byte	0x5
 534 0064 696E7400 		.ascii	"int\000"
 535 0068 02       		.uleb128 0x2
 536 0069 04       		.byte	0x4
 537 006a 07       		.byte	0x7
 538 006b 62010000 		.4byte	.LASF8
 539 006f 04       		.uleb128 0x4
ARM GAS  C:\Users\karunmj\AppData\Local\Temp\ccMCpcRG.s 			page 12


 540 0070 DA010000 		.4byte	.LASF9
 541 0074 02       		.byte	0x2
 542 0075 4C       		.byte	0x4c
 543 0076 30000000 		.4byte	0x30
 544 007a 04       		.uleb128 0x4
 545 007b 5B010000 		.4byte	.LASF10
 546 007f 02       		.byte	0x2
 547 0080 4D       		.byte	0x4d
 548 0081 3E000000 		.4byte	0x3e
 549 0085 02       		.uleb128 0x2
 550 0086 04       		.byte	0x4
 551 0087 04       		.byte	0x4
 552 0088 6D000000 		.4byte	.LASF11
 553 008c 02       		.uleb128 0x2
 554 008d 08       		.byte	0x8
 555 008e 04       		.byte	0x4
 556 008f 4B000000 		.4byte	.LASF12
 557 0093 02       		.uleb128 0x2
 558 0094 01       		.byte	0x1
 559 0095 08       		.byte	0x8
 560 0096 B5010000 		.4byte	.LASF13
 561 009a 05       		.uleb128 0x5
 562 009b 04       		.byte	0x4
 563 009c 07       		.byte	0x7
 564 009d 06       		.uleb128 0x6
 565 009e 04       		.byte	0x4
 566 009f A3000000 		.4byte	0xa3
 567 00a3 07       		.uleb128 0x7
 568 00a4 93000000 		.4byte	0x93
 569 00a8 04       		.uleb128 0x4
 570 00a9 91010000 		.4byte	.LASF14
 571 00ad 03       		.byte	0x3
 572 00ae 7E       		.byte	0x7e
 573 00af B3000000 		.4byte	0xb3
 574 00b3 08       		.uleb128 0x8
 575 00b4 91010000 		.4byte	.LASF14
 576 00b8 01       		.byte	0x1
 577 00b9 06       		.uleb128 0x6
 578 00ba 04       		.byte	0x4
 579 00bb A8000000 		.4byte	0xa8
 580 00bf 06       		.uleb128 0x6
 581 00c0 04       		.byte	0x4
 582 00c1 C5000000 		.4byte	0xc5
 583 00c5 09       		.uleb128 0x9
 584 00c6 0A       		.uleb128 0xa
 585 00c7 08       		.byte	0x8
 586 00c8 04       		.byte	0x4
 587 00c9 1B       		.byte	0x1b
 588 00ca 31010000 		.4byte	0x131
 589 00ce 0B       		.uleb128 0xb
 590 00cf 03010000 		.4byte	.LASF15
 591 00d3 04       		.byte	0x4
 592 00d4 1C       		.byte	0x1c
 593 00d5 6F000000 		.4byte	0x6f
 594 00d9 02       		.byte	0x2
 595 00da 23       		.byte	0x23
 596 00db 00       		.uleb128 0x0
ARM GAS  C:\Users\karunmj\AppData\Local\Temp\ccMCpcRG.s 			page 13


 597 00dc 0B       		.uleb128 0xb
 598 00dd 28000000 		.4byte	.LASF16
 599 00e1 04       		.byte	0x4
 600 00e2 1D       		.byte	0x1d
 601 00e3 6F000000 		.4byte	0x6f
 602 00e7 02       		.byte	0x2
 603 00e8 23       		.byte	0x23
 604 00e9 01       		.uleb128 0x1
 605 00ea 0B       		.uleb128 0xb
 606 00eb 8C010000 		.4byte	.LASF17
 607 00ef 04       		.byte	0x4
 608 00f0 1E       		.byte	0x1e
 609 00f1 6F000000 		.4byte	0x6f
 610 00f5 02       		.byte	0x2
 611 00f6 23       		.byte	0x23
 612 00f7 02       		.uleb128 0x2
 613 00f8 0C       		.uleb128 0xc
 614 00f9 64617900 		.ascii	"day\000"
 615 00fd 04       		.byte	0x4
 616 00fe 1F       		.byte	0x1f
 617 00ff 6F000000 		.4byte	0x6f
 618 0103 02       		.byte	0x2
 619 0104 23       		.byte	0x23
 620 0105 03       		.uleb128 0x3
 621 0106 0B       		.uleb128 0xb
 622 0107 0E000000 		.4byte	.LASF18
 623 010b 04       		.byte	0x4
 624 010c 20       		.byte	0x20
 625 010d 6F000000 		.4byte	0x6f
 626 0111 02       		.byte	0x2
 627 0112 23       		.byte	0x23
 628 0113 04       		.uleb128 0x4
 629 0114 0B       		.uleb128 0xb
 630 0115 52000000 		.4byte	.LASF19
 631 0119 04       		.byte	0x4
 632 011a 21       		.byte	0x21
 633 011b 6F000000 		.4byte	0x6f
 634 011f 02       		.byte	0x2
 635 0120 23       		.byte	0x23
 636 0121 05       		.uleb128 0x5
 637 0122 0B       		.uleb128 0xb
 638 0123 23000000 		.4byte	.LASF20
 639 0127 04       		.byte	0x4
 640 0128 22       		.byte	0x22
 641 0129 7A000000 		.4byte	0x7a
 642 012d 02       		.byte	0x2
 643 012e 23       		.byte	0x23
 644 012f 06       		.uleb128 0x6
 645 0130 00       		.byte	0x0
 646 0131 04       		.uleb128 0x4
 647 0132 29010000 		.4byte	.LASF21
 648 0136 04       		.byte	0x4
 649 0137 23       		.byte	0x23
 650 0138 C6000000 		.4byte	0xc6
 651 013c 0D       		.uleb128 0xd
 652 013d 01       		.byte	0x1
 653 013e 58000000 		.4byte	.LASF22
ARM GAS  C:\Users\karunmj\AppData\Local\Temp\ccMCpcRG.s 			page 14


 654 0142 01       		.byte	0x1
 655 0143 11       		.byte	0x11
 656 0144 6F000000 		.4byte	0x6f
 657 0148 00000000 		.4byte	.LFB29
 658 014c 24000000 		.4byte	.LFE29
 659 0150 00000000 		.4byte	.LLST0
 660 0154 0D       		.uleb128 0xd
 661 0155 01       		.byte	0x1
 662 0156 3A010000 		.4byte	.LASF23
 663 015a 01       		.byte	0x1
 664 015b 16       		.byte	0x16
 665 015c 6F000000 		.4byte	0x6f
 666 0160 00000000 		.4byte	.LFB30
 667 0164 24000000 		.4byte	.LFE30
 668 0168 2B000000 		.4byte	.LLST1
 669 016c 0D       		.uleb128 0xd
 670 016d 01       		.byte	0x1
 671 016e BA010000 		.4byte	.LASF24
 672 0172 01       		.byte	0x1
 673 0173 1A       		.byte	0x1a
 674 0174 6F000000 		.4byte	0x6f
 675 0178 00000000 		.4byte	.LFB31
 676 017c 16000000 		.4byte	.LFE31
 677 0180 56000000 		.4byte	.LLST2
 678 0184 0E       		.uleb128 0xe
 679 0185 01       		.byte	0x1
 680 0186 1D010000 		.4byte	.LASF25
 681 018a 01       		.byte	0x1
 682 018b 1E       		.byte	0x1e
 683 018c 01       		.byte	0x1
 684 018d 00000000 		.4byte	.LFB32
 685 0191 9A000000 		.4byte	.LFE32
 686 0195 81000000 		.4byte	.LLST3
 687 0199 C4010000 		.4byte	0x1c4
 688 019d 0F       		.uleb128 0xf
 689 019e 61000000 		.4byte	.LASF27
 690 01a2 01       		.byte	0x1
 691 01a3 1E       		.byte	0x1e
 692 01a4 BF000000 		.4byte	0xbf
 693 01a8 02       		.byte	0x2
 694 01a9 91       		.byte	0x91
 695 01aa 64       		.sleb128 -28
 696 01ab 10       		.uleb128 0x10
 697 01ac 16000000 		.4byte	.LBB2
 698 01b0 92000000 		.4byte	.LBE2
 699 01b4 11       		.uleb128 0x11
 700 01b5 99010000 		.4byte	.LASF31
 701 01b9 01       		.byte	0x1
 702 01ba 26       		.byte	0x26
 703 01bb 31010000 		.4byte	0x131
 704 01bf 02       		.byte	0x2
 705 01c0 91       		.byte	0x91
 706 01c1 68       		.sleb128 -24
 707 01c2 00       		.byte	0x0
 708 01c3 00       		.byte	0x0
 709 01c4 0E       		.uleb128 0xe
 710 01c5 01       		.byte	0x1
ARM GAS  C:\Users\karunmj\AppData\Local\Temp\ccMCpcRG.s 			page 15


 711 01c6 44010000 		.4byte	.LASF26
 712 01ca 01       		.byte	0x1
 713 01cb 30       		.byte	0x30
 714 01cc 01       		.byte	0x1
 715 01cd 00000000 		.4byte	.LFB33
 716 01d1 74000000 		.4byte	.LFE33
 717 01d5 B8000000 		.4byte	.LLST4
 718 01d9 32020000 		.4byte	0x232
 719 01dd 0F       		.uleb128 0xf
 720 01de 42000000 		.4byte	.LASF28
 721 01e2 01       		.byte	0x1
 722 01e3 30       		.byte	0x30
 723 01e4 9D000000 		.4byte	0x9d
 724 01e8 02       		.byte	0x2
 725 01e9 91       		.byte	0x91
 726 01ea 64       		.sleb128 -28
 727 01eb 0F       		.uleb128 0xf
 728 01ec 6F010000 		.4byte	.LASF29
 729 01f0 01       		.byte	0x1
 730 01f1 30       		.byte	0x30
 731 01f2 9D000000 		.4byte	0x9d
 732 01f6 02       		.byte	0x2
 733 01f7 91       		.byte	0x91
 734 01f8 60       		.sleb128 -32
 735 01f9 0F       		.uleb128 0xf
 736 01fa 61000000 		.4byte	.LASF27
 737 01fe 01       		.byte	0x1
 738 01ff 30       		.byte	0x30
 739 0200 BF000000 		.4byte	0xbf
 740 0204 02       		.byte	0x2
 741 0205 91       		.byte	0x91
 742 0206 5C       		.sleb128 -36
 743 0207 0F       		.uleb128 0xf
 744 0208 AC010000 		.4byte	.LASF30
 745 020c 01       		.byte	0x1
 746 020d 30       		.byte	0x30
 747 020e 4C000000 		.4byte	0x4c
 748 0212 02       		.byte	0x2
 749 0213 91       		.byte	0x91
 750 0214 58       		.sleb128 -40
 751 0215 11       		.uleb128 0x11
 752 0216 67000000 		.4byte	.LASF32
 753 021a 01       		.byte	0x1
 754 021b 36       		.byte	0x36
 755 021c B9000000 		.4byte	0xb9
 756 0220 02       		.byte	0x2
 757 0221 91       		.byte	0x91
 758 0222 74       		.sleb128 -12
 759 0223 11       		.uleb128 0x11
 760 0224 E0010000 		.4byte	.LASF33
 761 0228 01       		.byte	0x1
 762 0229 37       		.byte	0x37
 763 022a 32020000 		.4byte	0x232
 764 022e 02       		.byte	0x2
 765 022f 91       		.byte	0x91
 766 0230 68       		.sleb128 -24
 767 0231 00       		.byte	0x0
ARM GAS  C:\Users\karunmj\AppData\Local\Temp\ccMCpcRG.s 			page 16


 768 0232 12       		.uleb128 0x12
 769 0233 93000000 		.4byte	0x93
 770 0237 42020000 		.4byte	0x242
 771 023b 13       		.uleb128 0x13
 772 023c 9A000000 		.4byte	0x9a
 773 0240 09       		.byte	0x9
 774 0241 00       		.byte	0x0
 775 0242 14       		.uleb128 0x14
 776 0243 01       		.byte	0x1
 777 0244 0A010000 		.4byte	.LASF41
 778 0248 01       		.byte	0x1
 779 0249 48       		.byte	0x48
 780 024a 00000000 		.4byte	.LFB34
 781 024e 26000000 		.4byte	.LFE34
 782 0252 EF000000 		.4byte	.LLST5
 783 0256 67020000 		.4byte	0x267
 784 025a 15       		.uleb128 0x15
 785 025b 6900     		.ascii	"i\000"
 786 025d 01       		.byte	0x1
 787 025e 4A       		.byte	0x4a
 788 025f 6F000000 		.4byte	0x6f
 789 0263 02       		.byte	0x2
 790 0264 91       		.byte	0x91
 791 0265 77       		.sleb128 -9
 792 0266 00       		.byte	0x0
 793 0267 16       		.uleb128 0x16
 794 0268 F6000000 		.4byte	.LASF34
 795 026c 05       		.byte	0x5
 796 026d CE06     		.2byte	0x6ce
 797 026f 75020000 		.4byte	0x275
 798 0273 01       		.byte	0x1
 799 0274 01       		.byte	0x1
 800 0275 17       		.uleb128 0x17
 801 0276 61000000 		.4byte	0x61
 802 027a 18       		.uleb128 0x18
 803 027b EF000000 		.4byte	.LASF35
 804 027f 04       		.byte	0x4
 805 0280 27       		.byte	0x27
 806 0281 6F000000 		.4byte	0x6f
 807 0285 01       		.byte	0x1
 808 0286 01       		.byte	0x1
 809 0287 19       		.uleb128 0x19
 810 0288 16000000 		.4byte	.LASF36
 811 028c 01       		.byte	0x1
 812 028d 0E       		.byte	0xe
 813 028e 6F000000 		.4byte	0x6f
 814 0292 01       		.byte	0x1
 815 0293 05       		.byte	0x5
 816 0294 03       		.byte	0x3
 817 0295 00000000 		.4byte	write_to_log
 818 0299 12       		.uleb128 0x12
 819 029a 6F000000 		.4byte	0x6f
 820 029e A9020000 		.4byte	0x2a9
 821 02a2 13       		.uleb128 0x13
 822 02a3 9A000000 		.4byte	0x9a
 823 02a7 FF       		.byte	0xff
 824 02a8 00       		.byte	0x0
ARM GAS  C:\Users\karunmj\AppData\Local\Temp\ccMCpcRG.s 			page 17


 825 02a9 19       		.uleb128 0x19
 826 02aa E2000000 		.4byte	.LASF37
 827 02ae 01       		.byte	0x1
 828 02af 0F       		.byte	0xf
 829 02b0 99020000 		.4byte	0x299
 830 02b4 01       		.byte	0x1
 831 02b5 05       		.byte	0x5
 832 02b6 03       		.byte	0x3
 833 02b7 00000000 		.4byte	debug_packet
 834 02bb 00       		.byte	0x0
 835              		.section	.debug_abbrev
 836 0000 01       		.uleb128 0x1
 837 0001 11       		.uleb128 0x11
 838 0002 01       		.byte	0x1
 839 0003 25       		.uleb128 0x25
 840 0004 0E       		.uleb128 0xe
 841 0005 13       		.uleb128 0x13
 842 0006 0B       		.uleb128 0xb
 843 0007 03       		.uleb128 0x3
 844 0008 0E       		.uleb128 0xe
 845 0009 1B       		.uleb128 0x1b
 846 000a 0E       		.uleb128 0xe
 847 000b 11       		.uleb128 0x11
 848 000c 01       		.uleb128 0x1
 849 000d 52       		.uleb128 0x52
 850 000e 01       		.uleb128 0x1
 851 000f 55       		.uleb128 0x55
 852 0010 06       		.uleb128 0x6
 853 0011 10       		.uleb128 0x10
 854 0012 06       		.uleb128 0x6
 855 0013 00       		.byte	0x0
 856 0014 00       		.byte	0x0
 857 0015 02       		.uleb128 0x2
 858 0016 24       		.uleb128 0x24
 859 0017 00       		.byte	0x0
 860 0018 0B       		.uleb128 0xb
 861 0019 0B       		.uleb128 0xb
 862 001a 3E       		.uleb128 0x3e
 863 001b 0B       		.uleb128 0xb
 864 001c 03       		.uleb128 0x3
 865 001d 0E       		.uleb128 0xe
 866 001e 00       		.byte	0x0
 867 001f 00       		.byte	0x0
 868 0020 03       		.uleb128 0x3
 869 0021 24       		.uleb128 0x24
 870 0022 00       		.byte	0x0
 871 0023 0B       		.uleb128 0xb
 872 0024 0B       		.uleb128 0xb
 873 0025 3E       		.uleb128 0x3e
 874 0026 0B       		.uleb128 0xb
 875 0027 03       		.uleb128 0x3
 876 0028 08       		.uleb128 0x8
 877 0029 00       		.byte	0x0
 878 002a 00       		.byte	0x0
 879 002b 04       		.uleb128 0x4
 880 002c 16       		.uleb128 0x16
 881 002d 00       		.byte	0x0
ARM GAS  C:\Users\karunmj\AppData\Local\Temp\ccMCpcRG.s 			page 18


 882 002e 03       		.uleb128 0x3
 883 002f 0E       		.uleb128 0xe
 884 0030 3A       		.uleb128 0x3a
 885 0031 0B       		.uleb128 0xb
 886 0032 3B       		.uleb128 0x3b
 887 0033 0B       		.uleb128 0xb
 888 0034 49       		.uleb128 0x49
 889 0035 13       		.uleb128 0x13
 890 0036 00       		.byte	0x0
 891 0037 00       		.byte	0x0
 892 0038 05       		.uleb128 0x5
 893 0039 24       		.uleb128 0x24
 894 003a 00       		.byte	0x0
 895 003b 0B       		.uleb128 0xb
 896 003c 0B       		.uleb128 0xb
 897 003d 3E       		.uleb128 0x3e
 898 003e 0B       		.uleb128 0xb
 899 003f 00       		.byte	0x0
 900 0040 00       		.byte	0x0
 901 0041 06       		.uleb128 0x6
 902 0042 0F       		.uleb128 0xf
 903 0043 00       		.byte	0x0
 904 0044 0B       		.uleb128 0xb
 905 0045 0B       		.uleb128 0xb
 906 0046 49       		.uleb128 0x49
 907 0047 13       		.uleb128 0x13
 908 0048 00       		.byte	0x0
 909 0049 00       		.byte	0x0
 910 004a 07       		.uleb128 0x7
 911 004b 26       		.uleb128 0x26
 912 004c 00       		.byte	0x0
 913 004d 49       		.uleb128 0x49
 914 004e 13       		.uleb128 0x13
 915 004f 00       		.byte	0x0
 916 0050 00       		.byte	0x0
 917 0051 08       		.uleb128 0x8
 918 0052 13       		.uleb128 0x13
 919 0053 00       		.byte	0x0
 920 0054 03       		.uleb128 0x3
 921 0055 0E       		.uleb128 0xe
 922 0056 3C       		.uleb128 0x3c
 923 0057 0C       		.uleb128 0xc
 924 0058 00       		.byte	0x0
 925 0059 00       		.byte	0x0
 926 005a 09       		.uleb128 0x9
 927 005b 26       		.uleb128 0x26
 928 005c 00       		.byte	0x0
 929 005d 00       		.byte	0x0
 930 005e 00       		.byte	0x0
 931 005f 0A       		.uleb128 0xa
 932 0060 13       		.uleb128 0x13
 933 0061 01       		.byte	0x1
 934 0062 0B       		.uleb128 0xb
 935 0063 0B       		.uleb128 0xb
 936 0064 3A       		.uleb128 0x3a
 937 0065 0B       		.uleb128 0xb
 938 0066 3B       		.uleb128 0x3b
ARM GAS  C:\Users\karunmj\AppData\Local\Temp\ccMCpcRG.s 			page 19


 939 0067 0B       		.uleb128 0xb
 940 0068 01       		.uleb128 0x1
 941 0069 13       		.uleb128 0x13
 942 006a 00       		.byte	0x0
 943 006b 00       		.byte	0x0
 944 006c 0B       		.uleb128 0xb
 945 006d 0D       		.uleb128 0xd
 946 006e 00       		.byte	0x0
 947 006f 03       		.uleb128 0x3
 948 0070 0E       		.uleb128 0xe
 949 0071 3A       		.uleb128 0x3a
 950 0072 0B       		.uleb128 0xb
 951 0073 3B       		.uleb128 0x3b
 952 0074 0B       		.uleb128 0xb
 953 0075 49       		.uleb128 0x49
 954 0076 13       		.uleb128 0x13
 955 0077 38       		.uleb128 0x38
 956 0078 0A       		.uleb128 0xa
 957 0079 00       		.byte	0x0
 958 007a 00       		.byte	0x0
 959 007b 0C       		.uleb128 0xc
 960 007c 0D       		.uleb128 0xd
 961 007d 00       		.byte	0x0
 962 007e 03       		.uleb128 0x3
 963 007f 08       		.uleb128 0x8
 964 0080 3A       		.uleb128 0x3a
 965 0081 0B       		.uleb128 0xb
 966 0082 3B       		.uleb128 0x3b
 967 0083 0B       		.uleb128 0xb
 968 0084 49       		.uleb128 0x49
 969 0085 13       		.uleb128 0x13
 970 0086 38       		.uleb128 0x38
 971 0087 0A       		.uleb128 0xa
 972 0088 00       		.byte	0x0
 973 0089 00       		.byte	0x0
 974 008a 0D       		.uleb128 0xd
 975 008b 2E       		.uleb128 0x2e
 976 008c 00       		.byte	0x0
 977 008d 3F       		.uleb128 0x3f
 978 008e 0C       		.uleb128 0xc
 979 008f 03       		.uleb128 0x3
 980 0090 0E       		.uleb128 0xe
 981 0091 3A       		.uleb128 0x3a
 982 0092 0B       		.uleb128 0xb
 983 0093 3B       		.uleb128 0x3b
 984 0094 0B       		.uleb128 0xb
 985 0095 49       		.uleb128 0x49
 986 0096 13       		.uleb128 0x13
 987 0097 11       		.uleb128 0x11
 988 0098 01       		.uleb128 0x1
 989 0099 12       		.uleb128 0x12
 990 009a 01       		.uleb128 0x1
 991 009b 40       		.uleb128 0x40
 992 009c 06       		.uleb128 0x6
 993 009d 00       		.byte	0x0
 994 009e 00       		.byte	0x0
 995 009f 0E       		.uleb128 0xe
ARM GAS  C:\Users\karunmj\AppData\Local\Temp\ccMCpcRG.s 			page 20


 996 00a0 2E       		.uleb128 0x2e
 997 00a1 01       		.byte	0x1
 998 00a2 3F       		.uleb128 0x3f
 999 00a3 0C       		.uleb128 0xc
 1000 00a4 03       		.uleb128 0x3
 1001 00a5 0E       		.uleb128 0xe
 1002 00a6 3A       		.uleb128 0x3a
 1003 00a7 0B       		.uleb128 0xb
 1004 00a8 3B       		.uleb128 0x3b
 1005 00a9 0B       		.uleb128 0xb
 1006 00aa 27       		.uleb128 0x27
 1007 00ab 0C       		.uleb128 0xc
 1008 00ac 11       		.uleb128 0x11
 1009 00ad 01       		.uleb128 0x1
 1010 00ae 12       		.uleb128 0x12
 1011 00af 01       		.uleb128 0x1
 1012 00b0 40       		.uleb128 0x40
 1013 00b1 06       		.uleb128 0x6
 1014 00b2 01       		.uleb128 0x1
 1015 00b3 13       		.uleb128 0x13
 1016 00b4 00       		.byte	0x0
 1017 00b5 00       		.byte	0x0
 1018 00b6 0F       		.uleb128 0xf
 1019 00b7 05       		.uleb128 0x5
 1020 00b8 00       		.byte	0x0
 1021 00b9 03       		.uleb128 0x3
 1022 00ba 0E       		.uleb128 0xe
 1023 00bb 3A       		.uleb128 0x3a
 1024 00bc 0B       		.uleb128 0xb
 1025 00bd 3B       		.uleb128 0x3b
 1026 00be 0B       		.uleb128 0xb
 1027 00bf 49       		.uleb128 0x49
 1028 00c0 13       		.uleb128 0x13
 1029 00c1 02       		.uleb128 0x2
 1030 00c2 0A       		.uleb128 0xa
 1031 00c3 00       		.byte	0x0
 1032 00c4 00       		.byte	0x0
 1033 00c5 10       		.uleb128 0x10
 1034 00c6 0B       		.uleb128 0xb
 1035 00c7 01       		.byte	0x1
 1036 00c8 11       		.uleb128 0x11
 1037 00c9 01       		.uleb128 0x1
 1038 00ca 12       		.uleb128 0x12
 1039 00cb 01       		.uleb128 0x1
 1040 00cc 00       		.byte	0x0
 1041 00cd 00       		.byte	0x0
 1042 00ce 11       		.uleb128 0x11
 1043 00cf 34       		.uleb128 0x34
 1044 00d0 00       		.byte	0x0
 1045 00d1 03       		.uleb128 0x3
 1046 00d2 0E       		.uleb128 0xe
 1047 00d3 3A       		.uleb128 0x3a
 1048 00d4 0B       		.uleb128 0xb
 1049 00d5 3B       		.uleb128 0x3b
 1050 00d6 0B       		.uleb128 0xb
 1051 00d7 49       		.uleb128 0x49
 1052 00d8 13       		.uleb128 0x13
ARM GAS  C:\Users\karunmj\AppData\Local\Temp\ccMCpcRG.s 			page 21


 1053 00d9 02       		.uleb128 0x2
 1054 00da 0A       		.uleb128 0xa
 1055 00db 00       		.byte	0x0
 1056 00dc 00       		.byte	0x0
 1057 00dd 12       		.uleb128 0x12
 1058 00de 01       		.uleb128 0x1
 1059 00df 01       		.byte	0x1
 1060 00e0 49       		.uleb128 0x49
 1061 00e1 13       		.uleb128 0x13
 1062 00e2 01       		.uleb128 0x1
 1063 00e3 13       		.uleb128 0x13
 1064 00e4 00       		.byte	0x0
 1065 00e5 00       		.byte	0x0
 1066 00e6 13       		.uleb128 0x13
 1067 00e7 21       		.uleb128 0x21
 1068 00e8 00       		.byte	0x0
 1069 00e9 49       		.uleb128 0x49
 1070 00ea 13       		.uleb128 0x13
 1071 00eb 2F       		.uleb128 0x2f
 1072 00ec 0B       		.uleb128 0xb
 1073 00ed 00       		.byte	0x0
 1074 00ee 00       		.byte	0x0
 1075 00ef 14       		.uleb128 0x14
 1076 00f0 2E       		.uleb128 0x2e
 1077 00f1 01       		.byte	0x1
 1078 00f2 3F       		.uleb128 0x3f
 1079 00f3 0C       		.uleb128 0xc
 1080 00f4 03       		.uleb128 0x3
 1081 00f5 0E       		.uleb128 0xe
 1082 00f6 3A       		.uleb128 0x3a
 1083 00f7 0B       		.uleb128 0xb
 1084 00f8 3B       		.uleb128 0x3b
 1085 00f9 0B       		.uleb128 0xb
 1086 00fa 11       		.uleb128 0x11
 1087 00fb 01       		.uleb128 0x1
 1088 00fc 12       		.uleb128 0x12
 1089 00fd 01       		.uleb128 0x1
 1090 00fe 40       		.uleb128 0x40
 1091 00ff 06       		.uleb128 0x6
 1092 0100 01       		.uleb128 0x1
 1093 0101 13       		.uleb128 0x13
 1094 0102 00       		.byte	0x0
 1095 0103 00       		.byte	0x0
 1096 0104 15       		.uleb128 0x15
 1097 0105 34       		.uleb128 0x34
 1098 0106 00       		.byte	0x0
 1099 0107 03       		.uleb128 0x3
 1100 0108 08       		.uleb128 0x8
 1101 0109 3A       		.uleb128 0x3a
 1102 010a 0B       		.uleb128 0xb
 1103 010b 3B       		.uleb128 0x3b
 1104 010c 0B       		.uleb128 0xb
 1105 010d 49       		.uleb128 0x49
 1106 010e 13       		.uleb128 0x13
 1107 010f 02       		.uleb128 0x2
 1108 0110 0A       		.uleb128 0xa
 1109 0111 00       		.byte	0x0
ARM GAS  C:\Users\karunmj\AppData\Local\Temp\ccMCpcRG.s 			page 22


 1110 0112 00       		.byte	0x0
 1111 0113 16       		.uleb128 0x16
 1112 0114 34       		.uleb128 0x34
 1113 0115 00       		.byte	0x0
 1114 0116 03       		.uleb128 0x3
 1115 0117 0E       		.uleb128 0xe
 1116 0118 3A       		.uleb128 0x3a
 1117 0119 0B       		.uleb128 0xb
 1118 011a 3B       		.uleb128 0x3b
 1119 011b 05       		.uleb128 0x5
 1120 011c 49       		.uleb128 0x49
 1121 011d 13       		.uleb128 0x13
 1122 011e 3F       		.uleb128 0x3f
 1123 011f 0C       		.uleb128 0xc
 1124 0120 3C       		.uleb128 0x3c
 1125 0121 0C       		.uleb128 0xc
 1126 0122 00       		.byte	0x0
 1127 0123 00       		.byte	0x0
 1128 0124 17       		.uleb128 0x17
 1129 0125 35       		.uleb128 0x35
 1130 0126 00       		.byte	0x0
 1131 0127 49       		.uleb128 0x49
 1132 0128 13       		.uleb128 0x13
 1133 0129 00       		.byte	0x0
 1134 012a 00       		.byte	0x0
 1135 012b 18       		.uleb128 0x18
 1136 012c 34       		.uleb128 0x34
 1137 012d 00       		.byte	0x0
 1138 012e 03       		.uleb128 0x3
 1139 012f 0E       		.uleb128 0xe
 1140 0130 3A       		.uleb128 0x3a
 1141 0131 0B       		.uleb128 0xb
 1142 0132 3B       		.uleb128 0x3b
 1143 0133 0B       		.uleb128 0xb
 1144 0134 49       		.uleb128 0x49
 1145 0135 13       		.uleb128 0x13
 1146 0136 3F       		.uleb128 0x3f
 1147 0137 0C       		.uleb128 0xc
 1148 0138 3C       		.uleb128 0x3c
 1149 0139 0C       		.uleb128 0xc
 1150 013a 00       		.byte	0x0
 1151 013b 00       		.byte	0x0
 1152 013c 19       		.uleb128 0x19
 1153 013d 34       		.uleb128 0x34
 1154 013e 00       		.byte	0x0
 1155 013f 03       		.uleb128 0x3
 1156 0140 0E       		.uleb128 0xe
 1157 0141 3A       		.uleb128 0x3a
 1158 0142 0B       		.uleb128 0xb
 1159 0143 3B       		.uleb128 0x3b
 1160 0144 0B       		.uleb128 0xb
 1161 0145 49       		.uleb128 0x49
 1162 0146 13       		.uleb128 0x13
 1163 0147 3F       		.uleb128 0x3f
 1164 0148 0C       		.uleb128 0xc
 1165 0149 02       		.uleb128 0x2
 1166 014a 0A       		.uleb128 0xa
ARM GAS  C:\Users\karunmj\AppData\Local\Temp\ccMCpcRG.s 			page 23


 1167 014b 00       		.byte	0x0
 1168 014c 00       		.byte	0x0
 1169 014d 00       		.byte	0x0
 1170              		.section	.debug_pubnames,"",%progbits
 1171 0000 9D000000 		.4byte	0x9d
 1172 0004 0200     		.2byte	0x2
 1173 0006 00000000 		.4byte	.Ldebug_info0
 1174 000a BC020000 		.4byte	0x2bc
 1175 000e 3C010000 		.4byte	0x13c
 1176 0012 64656275 		.ascii	"debug_on\000"
 1176      675F6F6E 
 1176      00
 1177 001b 54010000 		.4byte	0x154
 1178 001f 64656275 		.ascii	"debug_off\000"
 1178      675F6F66 
 1178      6600
 1179 0029 6C010000 		.4byte	0x16c
 1180 002d 64656275 		.ascii	"debug_is_on\000"
 1180      675F6973 
 1180      5F6F6E00 
 1181 0039 84010000 		.4byte	0x184
 1182 003d 64656275 		.ascii	"debug_write\000"
 1182      675F7772 
 1182      69746500 
 1183 0049 C4010000 		.4byte	0x1c4
 1184 004d 57726974 		.ascii	"Write_Debug_To_SD_Card\000"
 1184      655F4465 
 1184      6275675F 
 1184      546F5F53 
 1184      445F4361 
 1185 0064 42020000 		.4byte	0x242
 1186 0068 636C6561 		.ascii	"clear_debug_packet\000"
 1186      725F6465 
 1186      6275675F 
 1186      7061636B 
 1186      657400
 1187 007b 87020000 		.4byte	0x287
 1188 007f 77726974 		.ascii	"write_to_log\000"
 1188      655F746F 
 1188      5F6C6F67 
 1188      00
 1189 008c A9020000 		.4byte	0x2a9
 1190 0090 64656275 		.ascii	"debug_packet\000"
 1190      675F7061 
 1190      636B6574 
 1190      00
 1191 009d 00000000 		.4byte	0x0
 1192              		.section	.debug_aranges,"",%progbits
 1193 0000 44000000 		.4byte	0x44
 1194 0004 0200     		.2byte	0x2
 1195 0006 00000000 		.4byte	.Ldebug_info0
 1196 000a 04       		.byte	0x4
 1197 000b 00       		.byte	0x0
 1198 000c 0000     		.2byte	0x0
 1199 000e 0000     		.2byte	0x0
 1200 0010 00000000 		.4byte	.LFB29
 1201 0014 24000000 		.4byte	.LFE29-.LFB29
ARM GAS  C:\Users\karunmj\AppData\Local\Temp\ccMCpcRG.s 			page 24


 1202 0018 00000000 		.4byte	.LFB30
 1203 001c 24000000 		.4byte	.LFE30-.LFB30
 1204 0020 00000000 		.4byte	.LFB31
 1205 0024 16000000 		.4byte	.LFE31-.LFB31
 1206 0028 00000000 		.4byte	.LFB32
 1207 002c 9A000000 		.4byte	.LFE32-.LFB32
 1208 0030 00000000 		.4byte	.LFB33
 1209 0034 74000000 		.4byte	.LFE33-.LFB33
 1210 0038 00000000 		.4byte	.LFB34
 1211 003c 26000000 		.4byte	.LFE34-.LFB34
 1212 0040 00000000 		.4byte	0x0
 1213 0044 00000000 		.4byte	0x0
 1214              		.section	.debug_ranges,"",%progbits
 1215              	.Ldebug_ranges0:
 1216 0000 00000000 		.4byte	.Ltext0
 1217 0004 00000000 		.4byte	.Letext0
 1218 0008 00000000 		.4byte	.LFB29
 1219 000c 24000000 		.4byte	.LFE29
 1220 0010 00000000 		.4byte	.LFB30
 1221 0014 24000000 		.4byte	.LFE30
 1222 0018 00000000 		.4byte	.LFB31
 1223 001c 16000000 		.4byte	.LFE31
 1224 0020 00000000 		.4byte	.LFB32
 1225 0024 9A000000 		.4byte	.LFE32
 1226 0028 00000000 		.4byte	.LFB33
 1227 002c 74000000 		.4byte	.LFE33
 1228 0030 00000000 		.4byte	.LFB34
 1229 0034 26000000 		.4byte	.LFE34
 1230 0038 00000000 		.4byte	0x0
 1231 003c 00000000 		.4byte	0x0
 1232              		.section	.debug_str,"MS",%progbits,1
 1233              	.LASF6:
 1234 0000 6C6F6E67 		.ascii	"long long int\000"
 1234      206C6F6E 
 1234      6720696E 
 1234      7400
 1235              	.LASF18:
 1236 000e 7765656B 		.ascii	"weekday\000"
 1236      64617900 
 1237              	.LASF36:
 1238 0016 77726974 		.ascii	"write_to_log\000"
 1238      655F746F 
 1238      5F6C6F67 
 1238      00
 1239              	.LASF20:
 1240 0023 79656172 		.ascii	"year\000"
 1240      00
 1241              	.LASF16:
 1242 0028 6D696E75 		.ascii	"minute\000"
 1242      746500
 1243              	.LASF3:
 1244 002f 73686F72 		.ascii	"short unsigned int\000"
 1244      7420756E 
 1244      7369676E 
 1244      65642069 
 1244      6E7400
 1245              	.LASF28:
ARM GAS  C:\Users\karunmj\AppData\Local\Temp\ccMCpcRG.s 			page 25


 1246 0042 66696C65 		.ascii	"fileName\000"
 1246      4E616D65 
 1246      00
 1247              	.LASF12:
 1248 004b 646F7562 		.ascii	"double\000"
 1248      6C6500
 1249              	.LASF19:
 1250 0052 6D6F6E74 		.ascii	"month\000"
 1250      6800
 1251              	.LASF22:
 1252 0058 64656275 		.ascii	"debug_on\000"
 1252      675F6F6E 
 1252      00
 1253              	.LASF27:
 1254 0061 70446174 		.ascii	"pData\000"
 1254      6100
 1255              	.LASF32:
 1256 0067 7046696C 		.ascii	"pFile\000"
 1256      6500
 1257              	.LASF11:
 1258 006d 666C6F61 		.ascii	"float\000"
 1258      7400
 1259              	.LASF40:
 1260 0073 433A5C55 		.ascii	"C:\\Users\\karunmj\\Documents\\GitHub\\m2m\\hardwar"
 1260      73657273 
 1260      5C6B6172 
 1260      756E6D6A 
 1260      5C446F63 
 1261 00a0 655C7073 		.ascii	"e\\psoc5\\PSoC_Datalogger_SMS.cydsn\000"
 1261      6F63355C 
 1261      50536F43 
 1261      5F446174 
 1261      616C6F67 
 1262              	.LASF1:
 1263 00c2 756E7369 		.ascii	"unsigned char\000"
 1263      676E6564 
 1263      20636861 
 1263      7200
 1264              	.LASF5:
 1265 00d0 6C6F6E67 		.ascii	"long unsigned int\000"
 1265      20756E73 
 1265      69676E65 
 1265      6420696E 
 1265      7400
 1266              	.LASF37:
 1267 00e2 64656275 		.ascii	"debug_packet\000"
 1267      675F7061 
 1267      636B6574 
 1267      00
 1268              	.LASF35:
 1269 00ef 6D6F7465 		.ascii	"moteID\000"
 1269      494400
 1270              	.LASF34:
 1271 00f6 49544D5F 		.ascii	"ITM_RxBuffer\000"
 1271      52784275 
 1271      66666572 
 1271      00
ARM GAS  C:\Users\karunmj\AppData\Local\Temp\ccMCpcRG.s 			page 26


 1272              	.LASF15:
 1273 0103 7365636F 		.ascii	"second\000"
 1273      6E6400
 1274              	.LASF41:
 1275 010a 636C6561 		.ascii	"clear_debug_packet\000"
 1275      725F6465 
 1275      6275675F 
 1275      7061636B 
 1275      657400
 1276              	.LASF25:
 1277 011d 64656275 		.ascii	"debug_write\000"
 1277      675F7772 
 1277      69746500 
 1278              	.LASF21:
 1279 0129 4E656F52 		.ascii	"NeoRtcTimeStruct\000"
 1279      74635469 
 1279      6D655374 
 1279      72756374 
 1279      00
 1280              	.LASF23:
 1281 013a 64656275 		.ascii	"debug_off\000"
 1281      675F6F66 
 1281      6600
 1282              	.LASF26:
 1283 0144 57726974 		.ascii	"Write_Debug_To_SD_Card\000"
 1283      655F4465 
 1283      6275675F 
 1283      546F5F53 
 1283      445F4361 
 1284              	.LASF10:
 1285 015b 75696E74 		.ascii	"uint16\000"
 1285      313600
 1286              	.LASF8:
 1287 0162 756E7369 		.ascii	"unsigned int\000"
 1287      676E6564 
 1287      20696E74 
 1287      00
 1288              	.LASF29:
 1289 016f 704D6F64 		.ascii	"pMode\000"
 1289      6500
 1290              	.LASF7:
 1291 0175 6C6F6E67 		.ascii	"long long unsigned int\000"
 1291      206C6F6E 
 1291      6720756E 
 1291      7369676E 
 1291      65642069 
 1292              	.LASF17:
 1293 018c 686F7572 		.ascii	"hour\000"
 1293      00
 1294              	.LASF14:
 1295 0191 46535F46 		.ascii	"FS_FILE\000"
 1295      494C4500 
 1296              	.LASF31:
 1297 0199 746D5F6E 		.ascii	"tm_neo\000"
 1297      656F00
 1298              	.LASF38:
 1299 01a0 474E5520 		.ascii	"GNU C 4.4.1\000"
ARM GAS  C:\Users\karunmj\AppData\Local\Temp\ccMCpcRG.s 			page 27


 1299      4320342E 
 1299      342E3100 
 1300              	.LASF30:
 1301 01ac 4E756D42 		.ascii	"NumBytes\000"
 1301      79746573 
 1301      00
 1302              	.LASF13:
 1303 01b5 63686172 		.ascii	"char\000"
 1303      00
 1304              	.LASF24:
 1305 01ba 64656275 		.ascii	"debug_is_on\000"
 1305      675F6973 
 1305      5F6F6E00 
 1306              	.LASF39:
 1307 01c6 2E5C6465 		.ascii	".\\debug.c\000"
 1307      6275672E 
 1307      6300
 1308              	.LASF2:
 1309 01d0 73686F72 		.ascii	"short int\000"
 1309      7420696E 
 1309      7400
 1310              	.LASF9:
 1311 01da 75696E74 		.ascii	"uint8\000"
 1311      3800
 1312              	.LASF33:
 1313 01e0 7364566F 		.ascii	"sdVolName\000"
 1313      6C4E616D 
 1313      6500
 1314              	.LASF4:
 1315 01ea 6C6F6E67 		.ascii	"long int\000"
 1315      20696E74 
 1315      00
 1316              	.LASF0:
 1317 01f3 7369676E 		.ascii	"signed char\000"
 1317      65642063 
 1317      68617200 
 1318              		.ident	"GCC: (Sourcery G++ Lite 2010q1-188) 4.4.1"
