ARM GAS  C:\Users\karunmj\AppData\Local\Temp\cczBLzro.s 			page 1


   1              		.syntax unified
   2              		.cpu cortex-m3
   3              		.fpu softvfp
   4              		.eabi_attribute 20, 1
   5              		.eabi_attribute 21, 1
   6              		.eabi_attribute 23, 3
   7              		.eabi_attribute 24, 1
   8              		.eabi_attribute 25, 1
   9              		.eabi_attribute 26, 1
  10              		.eabi_attribute 30, 6
  11              		.eabi_attribute 18, 4
  12              		.thumb
  13              		.file	"emFile_1_PM.c"
  14              		.section	.debug_abbrev,"",%progbits
  15              	.Ldebug_abbrev0:
  16              		.section	.debug_info,"",%progbits
  17              	.Ldebug_info0:
  18              		.section	.debug_line,"",%progbits
  19              	.Ldebug_line0:
  20 0000 B9000000 		.text
  20      02006400 
  20      00000201 
  20      FB0E0D00 
  20      01010101 
  21              	.Ltext0:
  22              		.cfi_sections	.debug_frame
  23              		.section	.text.emFile_1_SaveConfig,"ax",%progbits
  24              		.align	2
  25              		.global	emFile_1_SaveConfig
  26              		.thumb
  27              		.thumb_func
  28              		.type	emFile_1_SaveConfig, %function
  29              	emFile_1_SaveConfig:
  30              	.LFB29:
  31              		.file 1 ".\\Generated_Source\\PSoC5\\emFile_1_PM.c"
   1:.\Generated_Source\PSoC5/emFile_1_PM.c **** /*******************************************************************************
   2:.\Generated_Source\PSoC5/emFile_1_PM.c **** * File Name: emFile_1_PM.c
   3:.\Generated_Source\PSoC5/emFile_1_PM.c **** * Version 1.20
   4:.\Generated_Source\PSoC5/emFile_1_PM.c **** *
   5:.\Generated_Source\PSoC5/emFile_1_PM.c **** * Description:
   6:.\Generated_Source\PSoC5/emFile_1_PM.c **** *  This file provides the API source code for Power Management of the emFile
   7:.\Generated_Source\PSoC5/emFile_1_PM.c **** *  component.
   8:.\Generated_Source\PSoC5/emFile_1_PM.c **** *
   9:.\Generated_Source\PSoC5/emFile_1_PM.c **** * Note:
  10:.\Generated_Source\PSoC5/emFile_1_PM.c **** *
  11:.\Generated_Source\PSoC5/emFile_1_PM.c **** *******************************************************************************
  12:.\Generated_Source\PSoC5/emFile_1_PM.c **** * Copyright 2011-2012, Cypress Semiconductor Corporation.  All rights reserved.
  13:.\Generated_Source\PSoC5/emFile_1_PM.c **** * You may use this file only in accordance with the license, terms, conditions,
  14:.\Generated_Source\PSoC5/emFile_1_PM.c **** * disclaimers, and limitations in the end user license agreement accompanying
  15:.\Generated_Source\PSoC5/emFile_1_PM.c **** * the software package with which this file was provided.
  16:.\Generated_Source\PSoC5/emFile_1_PM.c **** *******************************************************************************/
  17:.\Generated_Source\PSoC5/emFile_1_PM.c **** 
  18:.\Generated_Source\PSoC5/emFile_1_PM.c **** #include <device.h>
  19:.\Generated_Source\PSoC5/emFile_1_PM.c **** #include "emFile_1.h"
  20:.\Generated_Source\PSoC5/emFile_1_PM.c **** 
  21:.\Generated_Source\PSoC5/emFile_1_PM.c **** 
  22:.\Generated_Source\PSoC5/emFile_1_PM.c **** /*******************************************************************************
ARM GAS  C:\Users\karunmj\AppData\Local\Temp\cczBLzro.s 			page 2


  23:.\Generated_Source\PSoC5/emFile_1_PM.c **** * Function Name: emFile_1_SaveConfig
  24:.\Generated_Source\PSoC5/emFile_1_PM.c **** ********************************************************************************
  25:.\Generated_Source\PSoC5/emFile_1_PM.c **** *
  26:.\Generated_Source\PSoC5/emFile_1_PM.c **** * Summary:
  27:.\Generated_Source\PSoC5/emFile_1_PM.c **** *  Saves SPI Masters configuration.
  28:.\Generated_Source\PSoC5/emFile_1_PM.c **** *
  29:.\Generated_Source\PSoC5/emFile_1_PM.c **** * Parameters:
  30:.\Generated_Source\PSoC5/emFile_1_PM.c **** *  None
  31:.\Generated_Source\PSoC5/emFile_1_PM.c **** *
  32:.\Generated_Source\PSoC5/emFile_1_PM.c **** * Return:
  33:.\Generated_Source\PSoC5/emFile_1_PM.c **** *  None
  34:.\Generated_Source\PSoC5/emFile_1_PM.c **** *
  35:.\Generated_Source\PSoC5/emFile_1_PM.c **** * Reentrant:
  36:.\Generated_Source\PSoC5/emFile_1_PM.c **** *  No
  37:.\Generated_Source\PSoC5/emFile_1_PM.c **** *
  38:.\Generated_Source\PSoC5/emFile_1_PM.c **** *******************************************************************************/
  39:.\Generated_Source\PSoC5/emFile_1_PM.c **** void emFile_1_SaveConfig(void) 
  40:.\Generated_Source\PSoC5/emFile_1_PM.c **** {
  32              		.loc 1 40 0
  33              		.cfi_startproc
  34              		@ args = 0, pretend = 0, frame = 0
  35              		@ frame_needed = 1, uses_anonymous_args = 0
  36 0000 80B5     		push	{r7, lr}
  37              	.LCFI0:
  38              		.cfi_def_cfa_offset 8
  39 0002 00AF     		add	r7, sp, #0
  40              		.cfi_offset 14, -4
  41              		.cfi_offset 7, -8
  42              	.LCFI1:
  43              		.cfi_def_cfa_register 7
  41:.\Generated_Source\PSoC5/emFile_1_PM.c ****     #if(emFile_1_NUMBER_SD_CARDS == 4u)
  42:.\Generated_Source\PSoC5/emFile_1_PM.c ****         emFile_1_SPI0_SaveConfig();
  43:.\Generated_Source\PSoC5/emFile_1_PM.c ****         emFile_1_SPI1_SaveConfig();
  44:.\Generated_Source\PSoC5/emFile_1_PM.c ****         emFile_1_SPI2_SaveConfig();
  45:.\Generated_Source\PSoC5/emFile_1_PM.c ****         emFile_1_SPI3_SaveConfig();
  46:.\Generated_Source\PSoC5/emFile_1_PM.c ****     #elif(emFile_1_NUMBER_SD_CARDS == 3u)
  47:.\Generated_Source\PSoC5/emFile_1_PM.c ****         emFile_1_SPI0_SaveConfig();
  48:.\Generated_Source\PSoC5/emFile_1_PM.c ****         emFile_1_SPI1_SaveConfig();
  49:.\Generated_Source\PSoC5/emFile_1_PM.c ****         emFile_1_SPI2_SaveConfig();
  50:.\Generated_Source\PSoC5/emFile_1_PM.c ****     #elif(emFile_1_NUMBER_SD_CARDS == 2u)
  51:.\Generated_Source\PSoC5/emFile_1_PM.c ****         emFile_1_SPI0_SaveConfig();
  52:.\Generated_Source\PSoC5/emFile_1_PM.c ****         emFile_1_SPI1_SaveConfig();
  53:.\Generated_Source\PSoC5/emFile_1_PM.c ****     #else
  54:.\Generated_Source\PSoC5/emFile_1_PM.c ****         emFile_1_SPI0_SaveConfig();
  44              		.loc 1 54 0
  45 0004 FFF7FEFF 		bl	emFile_1_SPI0_SaveConfig
  55:.\Generated_Source\PSoC5/emFile_1_PM.c ****     #endif /* (emFile_1_NUMBER_SD_CARDS == 4u) */
  56:.\Generated_Source\PSoC5/emFile_1_PM.c **** }
  46              		.loc 1 56 0
  47 0008 80BD     		pop	{r7, pc}
  48              		.cfi_endproc
  49              	.LFE29:
  50              		.size	emFile_1_SaveConfig, .-emFile_1_SaveConfig
  51 000a 00BF     		.section	.text.emFile_1_RestoreConfig,"ax",%progbits
  52              		.align	2
  53              		.global	emFile_1_RestoreConfig
  54              		.thumb
ARM GAS  C:\Users\karunmj\AppData\Local\Temp\cczBLzro.s 			page 3


  55              		.thumb_func
  56              		.type	emFile_1_RestoreConfig, %function
  57              	emFile_1_RestoreConfig:
  58              	.LFB30:
  57:.\Generated_Source\PSoC5/emFile_1_PM.c **** 
  58:.\Generated_Source\PSoC5/emFile_1_PM.c **** 
  59:.\Generated_Source\PSoC5/emFile_1_PM.c **** /*******************************************************************************
  60:.\Generated_Source\PSoC5/emFile_1_PM.c **** * Function Name: emFile_1_RestoreConfig
  61:.\Generated_Source\PSoC5/emFile_1_PM.c **** ********************************************************************************
  62:.\Generated_Source\PSoC5/emFile_1_PM.c **** *
  63:.\Generated_Source\PSoC5/emFile_1_PM.c **** * Summary:
  64:.\Generated_Source\PSoC5/emFile_1_PM.c **** *  Restores SPI Masters configuration.
  65:.\Generated_Source\PSoC5/emFile_1_PM.c **** *
  66:.\Generated_Source\PSoC5/emFile_1_PM.c **** * Parameters:
  67:.\Generated_Source\PSoC5/emFile_1_PM.c **** *  None
  68:.\Generated_Source\PSoC5/emFile_1_PM.c **** *
  69:.\Generated_Source\PSoC5/emFile_1_PM.c **** * Return:
  70:.\Generated_Source\PSoC5/emFile_1_PM.c **** *  None
  71:.\Generated_Source\PSoC5/emFile_1_PM.c **** *
  72:.\Generated_Source\PSoC5/emFile_1_PM.c **** * Side Effects:
  73:.\Generated_Source\PSoC5/emFile_1_PM.c **** *  If this API is called without first calling SaveConfig then in the following
  74:.\Generated_Source\PSoC5/emFile_1_PM.c **** *  registers will be default values from Customizer:
  75:.\Generated_Source\PSoC5/emFile_1_PM.c **** *
  76:.\Generated_Source\PSoC5/emFile_1_PM.c **** *******************************************************************************/
  77:.\Generated_Source\PSoC5/emFile_1_PM.c **** void emFile_1_RestoreConfig(void) 
  78:.\Generated_Source\PSoC5/emFile_1_PM.c **** {
  59              		.loc 1 78 0
  60              		.cfi_startproc
  61              		@ args = 0, pretend = 0, frame = 0
  62              		@ frame_needed = 1, uses_anonymous_args = 0
  63 0000 80B5     		push	{r7, lr}
  64              	.LCFI2:
  65              		.cfi_def_cfa_offset 8
  66 0002 00AF     		add	r7, sp, #0
  67              		.cfi_offset 14, -4
  68              		.cfi_offset 7, -8
  69              	.LCFI3:
  70              		.cfi_def_cfa_register 7
  79:.\Generated_Source\PSoC5/emFile_1_PM.c ****     #if(emFile_1_NUMBER_SD_CARDS == 4u)
  80:.\Generated_Source\PSoC5/emFile_1_PM.c ****         emFile_1_SPI0_RestoreConfig();
  81:.\Generated_Source\PSoC5/emFile_1_PM.c ****         emFile_1_SPI1_RestoreConfig();
  82:.\Generated_Source\PSoC5/emFile_1_PM.c ****         emFile_1_SPI2_RestoreConfig();
  83:.\Generated_Source\PSoC5/emFile_1_PM.c ****         emFile_1_SPI3_RestoreConfig();
  84:.\Generated_Source\PSoC5/emFile_1_PM.c ****     #elif(emFile_1_NUMBER_SD_CARDS == 3u)
  85:.\Generated_Source\PSoC5/emFile_1_PM.c ****         emFile_1_SPI0_SaveConfig();
  86:.\Generated_Source\PSoC5/emFile_1_PM.c ****         emFile_1_SPI1_SaveConfig();
  87:.\Generated_Source\PSoC5/emFile_1_PM.c ****         emFile_1_SPI2_SaveConfig();
  88:.\Generated_Source\PSoC5/emFile_1_PM.c ****     #elif(emFile_1_NUMBER_SD_CARDS == 2u)
  89:.\Generated_Source\PSoC5/emFile_1_PM.c ****         emFile_1_SPI0_SaveConfig();
  90:.\Generated_Source\PSoC5/emFile_1_PM.c ****         emFile_1_SPI1_SaveConfig();
  91:.\Generated_Source\PSoC5/emFile_1_PM.c ****     #else
  92:.\Generated_Source\PSoC5/emFile_1_PM.c ****         emFile_1_SPI0_SaveConfig();
  71              		.loc 1 92 0
  72 0004 FFF7FEFF 		bl	emFile_1_SPI0_SaveConfig
  93:.\Generated_Source\PSoC5/emFile_1_PM.c ****     #endif /* (emFile_1_NUMBER_SD_CARDS == 4u) */
  94:.\Generated_Source\PSoC5/emFile_1_PM.c **** }
  73              		.loc 1 94 0
ARM GAS  C:\Users\karunmj\AppData\Local\Temp\cczBLzro.s 			page 4


  74 0008 80BD     		pop	{r7, pc}
  75              		.cfi_endproc
  76              	.LFE30:
  77              		.size	emFile_1_RestoreConfig, .-emFile_1_RestoreConfig
  78 000a 00BF     		.section	.text.emFile_1_Sleep,"ax",%progbits
  79              		.align	2
  80              		.global	emFile_1_Sleep
  81              		.thumb
  82              		.thumb_func
  83              		.type	emFile_1_Sleep, %function
  84              	emFile_1_Sleep:
  85              	.LFB31:
  95:.\Generated_Source\PSoC5/emFile_1_PM.c **** 
  96:.\Generated_Source\PSoC5/emFile_1_PM.c **** 
  97:.\Generated_Source\PSoC5/emFile_1_PM.c **** /*******************************************************************************
  98:.\Generated_Source\PSoC5/emFile_1_PM.c **** * Function Name: emFile_1_Sleep
  99:.\Generated_Source\PSoC5/emFile_1_PM.c **** ********************************************************************************
 100:.\Generated_Source\PSoC5/emFile_1_PM.c **** *
 101:.\Generated_Source\PSoC5/emFile_1_PM.c **** * Summary:
 102:.\Generated_Source\PSoC5/emFile_1_PM.c **** *  Prepare emFile to go to sleep.
 103:.\Generated_Source\PSoC5/emFile_1_PM.c **** *
 104:.\Generated_Source\PSoC5/emFile_1_PM.c **** * Parameters:
 105:.\Generated_Source\PSoC5/emFile_1_PM.c **** *  None
 106:.\Generated_Source\PSoC5/emFile_1_PM.c **** *
 107:.\Generated_Source\PSoC5/emFile_1_PM.c **** * Return:
 108:.\Generated_Source\PSoC5/emFile_1_PM.c **** *  None
 109:.\Generated_Source\PSoC5/emFile_1_PM.c **** *
 110:.\Generated_Source\PSoC5/emFile_1_PM.c **** * Reentrant:
 111:.\Generated_Source\PSoC5/emFile_1_PM.c **** *  No
 112:.\Generated_Source\PSoC5/emFile_1_PM.c **** *
 113:.\Generated_Source\PSoC5/emFile_1_PM.c **** *******************************************************************************/
 114:.\Generated_Source\PSoC5/emFile_1_PM.c **** void emFile_1_Sleep(void) 
 115:.\Generated_Source\PSoC5/emFile_1_PM.c **** {
  86              		.loc 1 115 0
  87              		.cfi_startproc
  88              		@ args = 0, pretend = 0, frame = 0
  89              		@ frame_needed = 1, uses_anonymous_args = 0
  90 0000 80B5     		push	{r7, lr}
  91              	.LCFI4:
  92              		.cfi_def_cfa_offset 8
  93 0002 00AF     		add	r7, sp, #0
  94              		.cfi_offset 14, -4
  95              		.cfi_offset 7, -8
  96              	.LCFI5:
  97              		.cfi_def_cfa_register 7
 116:.\Generated_Source\PSoC5/emFile_1_PM.c ****     #if(emFile_1_NUMBER_SD_CARDS == 4u)
 117:.\Generated_Source\PSoC5/emFile_1_PM.c ****         emFile_1_SPI0_Sleep();
 118:.\Generated_Source\PSoC5/emFile_1_PM.c ****         emFile_1_SPI1_Sleep();
 119:.\Generated_Source\PSoC5/emFile_1_PM.c ****         emFile_1_SPI2_Sleep();
 120:.\Generated_Source\PSoC5/emFile_1_PM.c ****         emFile_1_SPI3_Sleep();
 121:.\Generated_Source\PSoC5/emFile_1_PM.c ****     #elif(emFile_1_NUMBER_SD_CARDS == 3u)
 122:.\Generated_Source\PSoC5/emFile_1_PM.c ****         emFile_1_SPI0_Sleep();
 123:.\Generated_Source\PSoC5/emFile_1_PM.c ****         emFile_1_SPI1_Sleep();
 124:.\Generated_Source\PSoC5/emFile_1_PM.c ****         emFile_1_SPI2_Sleep();
 125:.\Generated_Source\PSoC5/emFile_1_PM.c ****     #elif(emFile_1_NUMBER_SD_CARDS == 2u)
 126:.\Generated_Source\PSoC5/emFile_1_PM.c ****         emFile_1_SPI0_Sleep();
 127:.\Generated_Source\PSoC5/emFile_1_PM.c ****         emFile_1_SPI1_Sleep();
ARM GAS  C:\Users\karunmj\AppData\Local\Temp\cczBLzro.s 			page 5


 128:.\Generated_Source\PSoC5/emFile_1_PM.c ****     #else
 129:.\Generated_Source\PSoC5/emFile_1_PM.c ****         emFile_1_SPI0_Sleep();
  98              		.loc 1 129 0
  99 0004 FFF7FEFF 		bl	emFile_1_SPI0_Sleep
 130:.\Generated_Source\PSoC5/emFile_1_PM.c ****     #endif /* (emFile_1_NUMBER_SD_CARDS == 4u) */
 131:.\Generated_Source\PSoC5/emFile_1_PM.c **** }
 100              		.loc 1 131 0
 101 0008 80BD     		pop	{r7, pc}
 102              		.cfi_endproc
 103              	.LFE31:
 104              		.size	emFile_1_Sleep, .-emFile_1_Sleep
 105 000a 00BF     		.section	.text.emFile_1_Wakeup,"ax",%progbits
 106              		.align	2
 107              		.global	emFile_1_Wakeup
 108              		.thumb
 109              		.thumb_func
 110              		.type	emFile_1_Wakeup, %function
 111              	emFile_1_Wakeup:
 112              	.LFB32:
 132:.\Generated_Source\PSoC5/emFile_1_PM.c **** 
 133:.\Generated_Source\PSoC5/emFile_1_PM.c **** 
 134:.\Generated_Source\PSoC5/emFile_1_PM.c **** /*******************************************************************************
 135:.\Generated_Source\PSoC5/emFile_1_PM.c **** * Function Name: emFile_1_Wakeup
 136:.\Generated_Source\PSoC5/emFile_1_PM.c **** ********************************************************************************
 137:.\Generated_Source\PSoC5/emFile_1_PM.c **** *
 138:.\Generated_Source\PSoC5/emFile_1_PM.c **** * Summary:
 139:.\Generated_Source\PSoC5/emFile_1_PM.c **** *  Prepare SPIM Components to wake up.
 140:.\Generated_Source\PSoC5/emFile_1_PM.c **** *
 141:.\Generated_Source\PSoC5/emFile_1_PM.c **** * Parameters:
 142:.\Generated_Source\PSoC5/emFile_1_PM.c **** *  None
 143:.\Generated_Source\PSoC5/emFile_1_PM.c **** *
 144:.\Generated_Source\PSoC5/emFile_1_PM.c **** * Return:
 145:.\Generated_Source\PSoC5/emFile_1_PM.c **** *  None
 146:.\Generated_Source\PSoC5/emFile_1_PM.c **** *
 147:.\Generated_Source\PSoC5/emFile_1_PM.c **** * Reentrant:
 148:.\Generated_Source\PSoC5/emFile_1_PM.c **** *  No
 149:.\Generated_Source\PSoC5/emFile_1_PM.c **** *
 150:.\Generated_Source\PSoC5/emFile_1_PM.c **** *******************************************************************************/
 151:.\Generated_Source\PSoC5/emFile_1_PM.c **** void emFile_1_Wakeup(void) 
 152:.\Generated_Source\PSoC5/emFile_1_PM.c **** {
 113              		.loc 1 152 0
 114              		.cfi_startproc
 115              		@ args = 0, pretend = 0, frame = 0
 116              		@ frame_needed = 1, uses_anonymous_args = 0
 117 0000 80B5     		push	{r7, lr}
 118              	.LCFI6:
 119              		.cfi_def_cfa_offset 8
 120 0002 00AF     		add	r7, sp, #0
 121              		.cfi_offset 14, -4
 122              		.cfi_offset 7, -8
 123              	.LCFI7:
 124              		.cfi_def_cfa_register 7
 153:.\Generated_Source\PSoC5/emFile_1_PM.c ****     #if(emFile_1_NUMBER_SD_CARDS == 4u)
 154:.\Generated_Source\PSoC5/emFile_1_PM.c ****         emFile_1_SPI0_Wakeup();
 155:.\Generated_Source\PSoC5/emFile_1_PM.c ****         emFile_1_SPI1_Wakeup();
 156:.\Generated_Source\PSoC5/emFile_1_PM.c ****         emFile_1_SPI2_Wakeup();
 157:.\Generated_Source\PSoC5/emFile_1_PM.c ****         emFile_1_SPI3_Wakeup();
ARM GAS  C:\Users\karunmj\AppData\Local\Temp\cczBLzro.s 			page 6


 158:.\Generated_Source\PSoC5/emFile_1_PM.c ****     #elif(emFile_1_NUMBER_SD_CARDS == 3u)
 159:.\Generated_Source\PSoC5/emFile_1_PM.c ****         emFile_1_SPI0_Wakeup();
 160:.\Generated_Source\PSoC5/emFile_1_PM.c ****         emFile_1_SPI1_Wakeup();
 161:.\Generated_Source\PSoC5/emFile_1_PM.c ****         emFile_1_SPI2_Wakeup();
 162:.\Generated_Source\PSoC5/emFile_1_PM.c ****     #elif(emFile_1_NUMBER_SD_CARDS == 2u)
 163:.\Generated_Source\PSoC5/emFile_1_PM.c ****         emFile_1_SPI0_Wakeup();
 164:.\Generated_Source\PSoC5/emFile_1_PM.c ****         emFile_1_SPI1_Wakeup();
 165:.\Generated_Source\PSoC5/emFile_1_PM.c ****     #else
 166:.\Generated_Source\PSoC5/emFile_1_PM.c ****         emFile_1_SPI0_Wakeup();
 125              		.loc 1 166 0
 126 0004 FFF7FEFF 		bl	emFile_1_SPI0_Wakeup
 167:.\Generated_Source\PSoC5/emFile_1_PM.c ****     #endif /* (emFile_1_NUMBER_SD_CARDS == 4u) */
 168:.\Generated_Source\PSoC5/emFile_1_PM.c **** }
 127              		.loc 1 168 0
 128 0008 80BD     		pop	{r7, pc}
 129              		.cfi_endproc
 130              	.LFE32:
 131              		.size	emFile_1_Wakeup, .-emFile_1_Wakeup
 132 000a 00BF     		.text
 133              	.Letext0:
 134              		.section	.debug_loc,"",%progbits
 135              	.Ldebug_loc0:
 136              	.LLST0:
 137 0000 00000000 		.4byte	.LFB29
 138 0004 02000000 		.4byte	.LCFI0
 139 0008 0100     		.2byte	0x1
 140 000a 5D       		.byte	0x5d
 141 000b 02000000 		.4byte	.LCFI0
 142 000f 04000000 		.4byte	.LCFI1
 143 0013 0200     		.2byte	0x2
 144 0015 7D       		.byte	0x7d
 145 0016 08       		.sleb128 8
 146 0017 04000000 		.4byte	.LCFI1
 147 001b 0A000000 		.4byte	.LFE29
 148 001f 0200     		.2byte	0x2
 149 0021 77       		.byte	0x77
 150 0022 08       		.sleb128 8
 151 0023 00000000 		.4byte	0x0
 152 0027 00000000 		.4byte	0x0
 153              	.LLST1:
 154 002b 00000000 		.4byte	.LFB30
 155 002f 02000000 		.4byte	.LCFI2
 156 0033 0100     		.2byte	0x1
 157 0035 5D       		.byte	0x5d
 158 0036 02000000 		.4byte	.LCFI2
 159 003a 04000000 		.4byte	.LCFI3
 160 003e 0200     		.2byte	0x2
 161 0040 7D       		.byte	0x7d
 162 0041 08       		.sleb128 8
 163 0042 04000000 		.4byte	.LCFI3
 164 0046 0A000000 		.4byte	.LFE30
 165 004a 0200     		.2byte	0x2
 166 004c 77       		.byte	0x77
 167 004d 08       		.sleb128 8
 168 004e 00000000 		.4byte	0x0
 169 0052 00000000 		.4byte	0x0
 170              	.LLST2:
ARM GAS  C:\Users\karunmj\AppData\Local\Temp\cczBLzro.s 			page 7


 171 0056 00000000 		.4byte	.LFB31
 172 005a 02000000 		.4byte	.LCFI4
 173 005e 0100     		.2byte	0x1
 174 0060 5D       		.byte	0x5d
 175 0061 02000000 		.4byte	.LCFI4
 176 0065 04000000 		.4byte	.LCFI5
 177 0069 0200     		.2byte	0x2
 178 006b 7D       		.byte	0x7d
 179 006c 08       		.sleb128 8
 180 006d 04000000 		.4byte	.LCFI5
 181 0071 0A000000 		.4byte	.LFE31
 182 0075 0200     		.2byte	0x2
 183 0077 77       		.byte	0x77
 184 0078 08       		.sleb128 8
 185 0079 00000000 		.4byte	0x0
 186 007d 00000000 		.4byte	0x0
 187              	.LLST3:
 188 0081 00000000 		.4byte	.LFB32
 189 0085 02000000 		.4byte	.LCFI6
 190 0089 0100     		.2byte	0x1
 191 008b 5D       		.byte	0x5d
 192 008c 02000000 		.4byte	.LCFI6
 193 0090 04000000 		.4byte	.LCFI7
 194 0094 0200     		.2byte	0x2
 195 0096 7D       		.byte	0x7d
 196 0097 08       		.sleb128 8
 197 0098 04000000 		.4byte	.LCFI7
 198 009c 0A000000 		.4byte	.LFE32
 199 00a0 0200     		.2byte	0x2
 200 00a2 77       		.byte	0x77
 201 00a3 08       		.sleb128 8
 202 00a4 00000000 		.4byte	0x0
 203 00a8 00000000 		.4byte	0x0
 204              		.file 2 "./Generated_Source/PSoC5/core_cm3.h"
 205              		.section	.debug_info
 206 0000 EB000000 		.4byte	0xeb
 207 0004 0200     		.2byte	0x2
 208 0006 00000000 		.4byte	.Ldebug_abbrev0
 209 000a 04       		.byte	0x4
 210 000b 01       		.uleb128 0x1
 211 000c BA000000 		.4byte	.LASF16
 212 0010 01       		.byte	0x1
 213 0011 6A000000 		.4byte	.LASF17
 214 0015 1B000000 		.4byte	.LASF18
 215 0019 00000000 		.4byte	0x0
 216 001d 00000000 		.4byte	0x0
 217 0021 00000000 		.4byte	.Ldebug_ranges0+0x0
 218 0025 00000000 		.4byte	.Ldebug_line0
 219 0029 02       		.uleb128 0x2
 220 002a 01       		.byte	0x1
 221 002b 06       		.byte	0x6
 222 002c 3C010000 		.4byte	.LASF0
 223 0030 02       		.uleb128 0x2
 224 0031 01       		.byte	0x1
 225 0032 08       		.byte	0x8
 226 0033 C6000000 		.4byte	.LASF1
 227 0037 02       		.uleb128 0x2
ARM GAS  C:\Users\karunmj\AppData\Local\Temp\cczBLzro.s 			page 8


 228 0038 02       		.byte	0x2
 229 0039 05       		.byte	0x5
 230 003a 4E010000 		.4byte	.LASF2
 231 003e 02       		.uleb128 0x2
 232 003f 02       		.byte	0x2
 233 0040 07       		.byte	0x7
 234 0041 29010000 		.4byte	.LASF3
 235 0045 02       		.uleb128 0x2
 236 0046 04       		.byte	0x4
 237 0047 05       		.byte	0x5
 238 0048 0C010000 		.4byte	.LASF4
 239 004c 02       		.uleb128 0x2
 240 004d 04       		.byte	0x4
 241 004e 07       		.byte	0x7
 242 004f 91000000 		.4byte	.LASF5
 243 0053 02       		.uleb128 0x2
 244 0054 08       		.byte	0x8
 245 0055 05       		.byte	0x5
 246 0056 00000000 		.4byte	.LASF6
 247 005a 02       		.uleb128 0x2
 248 005b 08       		.byte	0x8
 249 005c 07       		.byte	0x7
 250 005d A3000000 		.4byte	.LASF7
 251 0061 03       		.uleb128 0x3
 252 0062 04       		.byte	0x4
 253 0063 05       		.byte	0x5
 254 0064 696E7400 		.ascii	"int\000"
 255 0068 02       		.uleb128 0x2
 256 0069 04       		.byte	0x4
 257 006a 07       		.byte	0x7
 258 006b 0E000000 		.4byte	.LASF8
 259 006f 02       		.uleb128 0x2
 260 0070 04       		.byte	0x4
 261 0071 04       		.byte	0x4
 262 0072 48010000 		.4byte	.LASF9
 263 0076 02       		.uleb128 0x2
 264 0077 08       		.byte	0x8
 265 0078 04       		.byte	0x4
 266 0079 05010000 		.4byte	.LASF10
 267 007d 02       		.uleb128 0x2
 268 007e 01       		.byte	0x1
 269 007f 08       		.byte	0x8
 270 0080 E3000000 		.4byte	.LASF11
 271 0084 04       		.uleb128 0x4
 272 0085 04       		.byte	0x4
 273 0086 07       		.byte	0x7
 274 0087 05       		.uleb128 0x5
 275 0088 01       		.byte	0x1
 276 0089 15010000 		.4byte	.LASF12
 277 008d 01       		.byte	0x1
 278 008e 27       		.byte	0x27
 279 008f 01       		.byte	0x1
 280 0090 00000000 		.4byte	.LFB29
 281 0094 0A000000 		.4byte	.LFE29
 282 0098 00000000 		.4byte	.LLST0
 283 009c 05       		.uleb128 0x5
 284 009d 01       		.byte	0x1
ARM GAS  C:\Users\karunmj\AppData\Local\Temp\cczBLzro.s 			page 9


 285 009e 58010000 		.4byte	.LASF13
 286 00a2 01       		.byte	0x1
 287 00a3 4D       		.byte	0x4d
 288 00a4 01       		.byte	0x1
 289 00a5 00000000 		.4byte	.LFB30
 290 00a9 0A000000 		.4byte	.LFE30
 291 00ad 2B000000 		.4byte	.LLST1
 292 00b1 05       		.uleb128 0x5
 293 00b2 01       		.byte	0x1
 294 00b3 D4000000 		.4byte	.LASF14
 295 00b7 01       		.byte	0x1
 296 00b8 72       		.byte	0x72
 297 00b9 01       		.byte	0x1
 298 00ba 00000000 		.4byte	.LFB31
 299 00be 0A000000 		.4byte	.LFE31
 300 00c2 56000000 		.4byte	.LLST2
 301 00c6 05       		.uleb128 0x5
 302 00c7 01       		.byte	0x1
 303 00c8 E8000000 		.4byte	.LASF15
 304 00cc 01       		.byte	0x1
 305 00cd 97       		.byte	0x97
 306 00ce 01       		.byte	0x1
 307 00cf 00000000 		.4byte	.LFB32
 308 00d3 0A000000 		.4byte	.LFE32
 309 00d7 81000000 		.4byte	.LLST3
 310 00db 06       		.uleb128 0x6
 311 00dc F8000000 		.4byte	.LASF19
 312 00e0 02       		.byte	0x2
 313 00e1 CE06     		.2byte	0x6ce
 314 00e3 E9000000 		.4byte	0xe9
 315 00e7 01       		.byte	0x1
 316 00e8 01       		.byte	0x1
 317 00e9 07       		.uleb128 0x7
 318 00ea 61000000 		.4byte	0x61
 319 00ee 00       		.byte	0x0
 320              		.section	.debug_abbrev
 321 0000 01       		.uleb128 0x1
 322 0001 11       		.uleb128 0x11
 323 0002 01       		.byte	0x1
 324 0003 25       		.uleb128 0x25
 325 0004 0E       		.uleb128 0xe
 326 0005 13       		.uleb128 0x13
 327 0006 0B       		.uleb128 0xb
 328 0007 03       		.uleb128 0x3
 329 0008 0E       		.uleb128 0xe
 330 0009 1B       		.uleb128 0x1b
 331 000a 0E       		.uleb128 0xe
 332 000b 11       		.uleb128 0x11
 333 000c 01       		.uleb128 0x1
 334 000d 52       		.uleb128 0x52
 335 000e 01       		.uleb128 0x1
 336 000f 55       		.uleb128 0x55
 337 0010 06       		.uleb128 0x6
 338 0011 10       		.uleb128 0x10
 339 0012 06       		.uleb128 0x6
 340 0013 00       		.byte	0x0
 341 0014 00       		.byte	0x0
ARM GAS  C:\Users\karunmj\AppData\Local\Temp\cczBLzro.s 			page 10


 342 0015 02       		.uleb128 0x2
 343 0016 24       		.uleb128 0x24
 344 0017 00       		.byte	0x0
 345 0018 0B       		.uleb128 0xb
 346 0019 0B       		.uleb128 0xb
 347 001a 3E       		.uleb128 0x3e
 348 001b 0B       		.uleb128 0xb
 349 001c 03       		.uleb128 0x3
 350 001d 0E       		.uleb128 0xe
 351 001e 00       		.byte	0x0
 352 001f 00       		.byte	0x0
 353 0020 03       		.uleb128 0x3
 354 0021 24       		.uleb128 0x24
 355 0022 00       		.byte	0x0
 356 0023 0B       		.uleb128 0xb
 357 0024 0B       		.uleb128 0xb
 358 0025 3E       		.uleb128 0x3e
 359 0026 0B       		.uleb128 0xb
 360 0027 03       		.uleb128 0x3
 361 0028 08       		.uleb128 0x8
 362 0029 00       		.byte	0x0
 363 002a 00       		.byte	0x0
 364 002b 04       		.uleb128 0x4
 365 002c 24       		.uleb128 0x24
 366 002d 00       		.byte	0x0
 367 002e 0B       		.uleb128 0xb
 368 002f 0B       		.uleb128 0xb
 369 0030 3E       		.uleb128 0x3e
 370 0031 0B       		.uleb128 0xb
 371 0032 00       		.byte	0x0
 372 0033 00       		.byte	0x0
 373 0034 05       		.uleb128 0x5
 374 0035 2E       		.uleb128 0x2e
 375 0036 00       		.byte	0x0
 376 0037 3F       		.uleb128 0x3f
 377 0038 0C       		.uleb128 0xc
 378 0039 03       		.uleb128 0x3
 379 003a 0E       		.uleb128 0xe
 380 003b 3A       		.uleb128 0x3a
 381 003c 0B       		.uleb128 0xb
 382 003d 3B       		.uleb128 0x3b
 383 003e 0B       		.uleb128 0xb
 384 003f 27       		.uleb128 0x27
 385 0040 0C       		.uleb128 0xc
 386 0041 11       		.uleb128 0x11
 387 0042 01       		.uleb128 0x1
 388 0043 12       		.uleb128 0x12
 389 0044 01       		.uleb128 0x1
 390 0045 40       		.uleb128 0x40
 391 0046 06       		.uleb128 0x6
 392 0047 00       		.byte	0x0
 393 0048 00       		.byte	0x0
 394 0049 06       		.uleb128 0x6
 395 004a 34       		.uleb128 0x34
 396 004b 00       		.byte	0x0
 397 004c 03       		.uleb128 0x3
 398 004d 0E       		.uleb128 0xe
ARM GAS  C:\Users\karunmj\AppData\Local\Temp\cczBLzro.s 			page 11


 399 004e 3A       		.uleb128 0x3a
 400 004f 0B       		.uleb128 0xb
 401 0050 3B       		.uleb128 0x3b
 402 0051 05       		.uleb128 0x5
 403 0052 49       		.uleb128 0x49
 404 0053 13       		.uleb128 0x13
 405 0054 3F       		.uleb128 0x3f
 406 0055 0C       		.uleb128 0xc
 407 0056 3C       		.uleb128 0x3c
 408 0057 0C       		.uleb128 0xc
 409 0058 00       		.byte	0x0
 410 0059 00       		.byte	0x0
 411 005a 07       		.uleb128 0x7
 412 005b 35       		.uleb128 0x35
 413 005c 00       		.byte	0x0
 414 005d 49       		.uleb128 0x49
 415 005e 13       		.uleb128 0x13
 416 005f 00       		.byte	0x0
 417 0060 00       		.byte	0x0
 418 0061 00       		.byte	0x0
 419              		.section	.debug_pubnames,"",%progbits
 420 0000 68000000 		.4byte	0x68
 421 0004 0200     		.2byte	0x2
 422 0006 00000000 		.4byte	.Ldebug_info0
 423 000a EF000000 		.4byte	0xef
 424 000e 87000000 		.4byte	0x87
 425 0012 656D4669 		.ascii	"emFile_1_SaveConfig\000"
 425      6C655F31 
 425      5F536176 
 425      65436F6E 
 425      66696700 
 426 0026 9C000000 		.4byte	0x9c
 427 002a 656D4669 		.ascii	"emFile_1_RestoreConfig\000"
 427      6C655F31 
 427      5F526573 
 427      746F7265 
 427      436F6E66 
 428 0041 B1000000 		.4byte	0xb1
 429 0045 656D4669 		.ascii	"emFile_1_Sleep\000"
 429      6C655F31 
 429      5F536C65 
 429      657000
 430 0054 C6000000 		.4byte	0xc6
 431 0058 656D4669 		.ascii	"emFile_1_Wakeup\000"
 431      6C655F31 
 431      5F57616B 
 431      65757000 
 432 0068 00000000 		.4byte	0x0
 433              		.section	.debug_aranges,"",%progbits
 434 0000 34000000 		.4byte	0x34
 435 0004 0200     		.2byte	0x2
 436 0006 00000000 		.4byte	.Ldebug_info0
 437 000a 04       		.byte	0x4
 438 000b 00       		.byte	0x0
 439 000c 0000     		.2byte	0x0
 440 000e 0000     		.2byte	0x0
 441 0010 00000000 		.4byte	.LFB29
ARM GAS  C:\Users\karunmj\AppData\Local\Temp\cczBLzro.s 			page 12


 442 0014 0A000000 		.4byte	.LFE29-.LFB29
 443 0018 00000000 		.4byte	.LFB30
 444 001c 0A000000 		.4byte	.LFE30-.LFB30
 445 0020 00000000 		.4byte	.LFB31
 446 0024 0A000000 		.4byte	.LFE31-.LFB31
 447 0028 00000000 		.4byte	.LFB32
 448 002c 0A000000 		.4byte	.LFE32-.LFB32
 449 0030 00000000 		.4byte	0x0
 450 0034 00000000 		.4byte	0x0
 451              		.section	.debug_ranges,"",%progbits
 452              	.Ldebug_ranges0:
 453 0000 00000000 		.4byte	.Ltext0
 454 0004 00000000 		.4byte	.Letext0
 455 0008 00000000 		.4byte	.LFB29
 456 000c 0A000000 		.4byte	.LFE29
 457 0010 00000000 		.4byte	.LFB30
 458 0014 0A000000 		.4byte	.LFE30
 459 0018 00000000 		.4byte	.LFB31
 460 001c 0A000000 		.4byte	.LFE31
 461 0020 00000000 		.4byte	.LFB32
 462 0024 0A000000 		.4byte	.LFE32
 463 0028 00000000 		.4byte	0x0
 464 002c 00000000 		.4byte	0x0
 465              		.section	.debug_str,"MS",%progbits,1
 466              	.LASF6:
 467 0000 6C6F6E67 		.ascii	"long long int\000"
 467      206C6F6E 
 467      6720696E 
 467      7400
 468              	.LASF8:
 469 000e 756E7369 		.ascii	"unsigned int\000"
 469      676E6564 
 469      20696E74 
 469      00
 470              	.LASF18:
 471 001b 433A5C55 		.ascii	"C:\\Users\\karunmj\\Documents\\GitHub\\m2m\\hardwar"
 471      73657273 
 471      5C6B6172 
 471      756E6D6A 
 471      5C446F63 
 472 0048 655C7073 		.ascii	"e\\psoc5\\PSoC_Datalogger_SMS.cydsn\000"
 472      6F63355C 
 472      50536F43 
 472      5F446174 
 472      616C6F67 
 473              	.LASF17:
 474 006a 2E5C4765 		.ascii	".\\Generated_Source\\PSoC5\\emFile_1_PM.c\000"
 474      6E657261 
 474      7465645F 
 474      536F7572 
 474      63655C50 
 475              	.LASF5:
 476 0091 6C6F6E67 		.ascii	"long unsigned int\000"
 476      20756E73 
 476      69676E65 
 476      6420696E 
 476      7400
ARM GAS  C:\Users\karunmj\AppData\Local\Temp\cczBLzro.s 			page 13


 477              	.LASF7:
 478 00a3 6C6F6E67 		.ascii	"long long unsigned int\000"
 478      206C6F6E 
 478      6720756E 
 478      7369676E 
 478      65642069 
 479              	.LASF16:
 480 00ba 474E5520 		.ascii	"GNU C 4.4.1\000"
 480      4320342E 
 480      342E3100 
 481              	.LASF1:
 482 00c6 756E7369 		.ascii	"unsigned char\000"
 482      676E6564 
 482      20636861 
 482      7200
 483              	.LASF14:
 484 00d4 656D4669 		.ascii	"emFile_1_Sleep\000"
 484      6C655F31 
 484      5F536C65 
 484      657000
 485              	.LASF11:
 486 00e3 63686172 		.ascii	"char\000"
 486      00
 487              	.LASF15:
 488 00e8 656D4669 		.ascii	"emFile_1_Wakeup\000"
 488      6C655F31 
 488      5F57616B 
 488      65757000 
 489              	.LASF19:
 490 00f8 49544D5F 		.ascii	"ITM_RxBuffer\000"
 490      52784275 
 490      66666572 
 490      00
 491              	.LASF10:
 492 0105 646F7562 		.ascii	"double\000"
 492      6C6500
 493              	.LASF4:
 494 010c 6C6F6E67 		.ascii	"long int\000"
 494      20696E74 
 494      00
 495              	.LASF12:
 496 0115 656D4669 		.ascii	"emFile_1_SaveConfig\000"
 496      6C655F31 
 496      5F536176 
 496      65436F6E 
 496      66696700 
 497              	.LASF3:
 498 0129 73686F72 		.ascii	"short unsigned int\000"
 498      7420756E 
 498      7369676E 
 498      65642069 
 498      6E7400
 499              	.LASF0:
 500 013c 7369676E 		.ascii	"signed char\000"
 500      65642063 
 500      68617200 
 501              	.LASF9:
ARM GAS  C:\Users\karunmj\AppData\Local\Temp\cczBLzro.s 			page 14


 502 0148 666C6F61 		.ascii	"float\000"
 502      7400
 503              	.LASF2:
 504 014e 73686F72 		.ascii	"short int\000"
 504      7420696E 
 504      7400
 505              	.LASF13:
 506 0158 656D4669 		.ascii	"emFile_1_RestoreConfig\000"
 506      6C655F31 
 506      5F526573 
 506      746F7265 
 506      436F6E66 
 507              		.ident	"GCC: (Sourcery G++ Lite 2010q1-188) 4.4.1"
