ARM GAS  C:\Users\karunmj\AppData\Local\Temp\cczdrClK.s 			page 1


   1              		.syntax unified
   2              		.cpu cortex-m3
   3              		.fpu softvfp
   4              		.eabi_attribute 20, 1
   5              		.eabi_attribute 21, 1
   6              		.eabi_attribute 23, 3
   7              		.eabi_attribute 24, 1
   8              		.eabi_attribute 25, 1
   9              		.eabi_attribute 26, 1
  10              		.eabi_attribute 30, 6
  11              		.eabi_attribute 18, 4
  12              		.thumb
  13              		.file	"main.c"
  14              		.section	.debug_abbrev,"",%progbits
  15              	.Ldebug_abbrev0:
  16              		.section	.debug_info,"",%progbits
  17              	.Ldebug_info0:
  18              		.section	.debug_line,"",%progbits
  19              	.Ldebug_line0:
  20 0000 60010000 		.text
  20      0200BC00 
  20      00000201 
  20      FB0E0D00 
  20      01010101 
  21              	.Ltext0:
  22              		.cfi_sections	.debug_frame
  23              		.comm	modem_state,1,1
  24              		.comm	data_packet,128,4
  25              		.comm	packet_ready,1,1
  26              		.comm	take_reading,1,1
  27              		.global	ultrasonic_reading
  28              		.bss
  29              		.align	2
  30              		.type	ultrasonic_reading, %object
  31              		.size	ultrasonic_reading, 12
  32              	ultrasonic_reading:
  33 0000 00000000 		.space	12
  33      00000000 
  33      00000000 
  34              		.global	__aeabi_f2d
  35              		.section	.rodata
  36              		.align	2
  37              	.LC0:
  38 0000 25643A25 		.ascii	"%d:%d:%d %d/%d/%d u=%f\000"
  38      643A2564 
  38      2025642F 
  38      25642F25 
  38      6420753D 
  39 0017 00       		.align	2
  40              	.LC1:
  41 0018 64617461 		.ascii	"data.txt\000"
  41      2E747874 
  41      00
  42 0021 000000   		.align	2
  43              	.LC2:
  44 0024 6100     		.ascii	"a\000"
  45 0026 0000     		.section	.text.main,"ax",%progbits
ARM GAS  C:\Users\karunmj\AppData\Local\Temp\cczdrClK.s 			page 2


  46              		.align	2
  47              		.global	main
  48              		.thumb
  49              		.thumb_func
  50              		.type	main, %function
  51              	main:
  52              	.LFB29:
  53              		.file 1 ".\\main.c"
   1:.\main.c      **** /* M2M SMS Datalogger */ 
   2:.\main.c      **** 
   3:.\main.c      **** #include <device.h>
   4:.\main.c      **** #include <stdio.h>
   5:.\main.c      **** #include <string.h>
   6:.\main.c      **** #include <FS.h>
   7:.\main.c      **** #include "neomote.h"
   8:.\main.c      **** #include "sleep.h"
   9:.\main.c      **** #include "modem.h"
  10:.\main.c      **** #include "ultrasonic.h"
  11:.\main.c      **** //#include "solinst_depth.h"
  12:.\main.c      **** 
  13:.\main.c      **** // define global variables
  14:.\main.c      **** #define MAX_PACKET_SIZE 128
  15:.\main.c      **** uint8   data_packet[MAX_PACKET_SIZE];
  16:.\main.c      **** uint8   packet_ready;
  17:.\main.c      **** uint8   take_reading;
  18:.\main.c      **** UltrasonicReading ultrasonic_reading = {.valid = 0};    // Initialize UltrasonicReading.valid to 0
  19:.\main.c      **** //SolinstReading solinst_reading = {.valid = 0};          // Initialize SolinstReading.valid to 0
  20:.\main.c      **** 
  21:.\main.c      **** // callback definitions
  22:.\main.c      **** void rtcCallBackReceived(uint8 alarmType);
  23:.\main.c      **** 
  24:.\main.c      **** // prototype functions
  25:.\main.c      **** void read_packet(uint8* packet, uint8 size);
  26:.\main.c      **** void write_packet(uint8* dest, uint8* src_ultrasonic, uint8* src_pressure, uint8 size);
  27:.\main.c      **** void clear_packet(uint8* packet, uint8 size);
  28:.\main.c      **** void Write_To_SD_Card(const char* fileName, const char* pMode, const void* pData, U32 NumBytes);
  29:.\main.c      **** CY_ISR_PROTO(isr_timer);
  30:.\main.c      **** 
  31:.\main.c      **** void main(){
  54              		.loc 1 31 0
  55              		.cfi_startproc
  56              		@ args = 0, pretend = 0, frame = 136
  57              		@ frame_needed = 1, uses_anonymous_args = 0
  58 0000 2DE9F047 		push	{r4, r5, r6, r7, r8, r9, sl, lr}
  59              	.LCFI0:
  60              		.cfi_def_cfa_offset 32
  61 0004 A8B0     		sub	sp, sp, #160
  62              	.LCFI1:
  63              		.cfi_def_cfa_offset 192
  64 0006 06AF     		add	r7, sp, #24
  65              		.cfi_offset 14, -4
  66              		.cfi_offset 10, -8
  67              		.cfi_offset 9, -12
  68              		.cfi_offset 8, -16
  69              		.cfi_offset 7, -20
  70              		.cfi_offset 6, -24
  71              		.cfi_offset 5, -28
ARM GAS  C:\Users\karunmj\AppData\Local\Temp\cczdrClK.s 			page 3


  72              		.cfi_offset 4, -32
  73              	.LCFI2:
  74              		.cfi_def_cfa 7, 168
  32:.\main.c      ****    
  33:.\main.c      ****     
  34:.\main.c      ****     //timer_Start();
  35:.\main.c      ****     //isr_timer_StartEx(isr_timer);
  36:.\main.c      ****      SleepTimer_Start();
  75              		.loc 1 36 0
  76 0008 FFF7FEFF 		bl	SleepTimer_Start
  37:.\main.c      ****     modem_start();
  77              		.loc 1 37 0
  78 000c FFF7FEFF 		bl	modem_start
  38:.\main.c      ****     CyGlobalIntEnable;
  79              		.loc 1 38 0
  80              	@ 38 ".\main.c" 1
  81 0010 62B6     		CPSIE   i
  82              	@ 0 "" 2
  39:.\main.c      ****     FS_Init();
  83              		.loc 1 39 0
  84              		.thumb
  85 0012 FFF7FEFF 		bl	FS_Init
  40:.\main.c      ****     ultrasonic_start();
  86              		.loc 1 40 0
  87 0016 FFF7FEFF 		bl	ultrasonic_start
  41:.\main.c      ****     //solinst_start();
  42:.\main.c      **** 
  43:.\main.c      ****     packet_ready = 0u; 
  88              		.loc 1 43 0
  89 001a 40F20003 		movw	r3, #:lower16:packet_ready
  90 001e C0F20003 		movt	r3, #:upper16:packet_ready
  91 0022 4FF00002 		mov	r2, #0
  92 0026 1A70     		strb	r2, [r3, #0]
  44:.\main.c      ****     take_reading = 1u;
  93              		.loc 1 44 0
  94 0028 40F20003 		movw	r3, #:lower16:take_reading
  95 002c C0F20003 		movt	r3, #:upper16:take_reading
  96 0030 4FF00102 		mov	r2, #1
  97 0034 1A70     		strb	r2, [r3, #0]
  45:.\main.c      **** 
  46:.\main.c      ****     NeoRTC_Start(rtcCallBackReceived);      // Start and enable the RTC.   
  98              		.loc 1 46 0
  99 0036 40F20000 		movw	r0, #:lower16:rtcCallBackReceived
 100 003a C0F20000 		movt	r0, #:upper16:rtcCallBackReceived
 101 003e FFF7FEFF 		bl	NeoRTC_Start
  47:.\main.c      ****     NeoRTC_Set_Repeating_Minute_Alarm(1u);  // Set 1-minute alarm
 102              		.loc 1 47 0
 103 0042 4FF00100 		mov	r0, #1
 104 0046 FFF7FEFF 		bl	NeoRTC_Set_Repeating_Minute_Alarm
 105 004a 02E0     		b	.L7
 106              	.L9:
  48:.\main.c      ****     
  49:.\main.c      ****     for(;;){
  50:.\main.c      ****         // No need to pause for short time in loop?
  51:.\main.c      ****         RTC_Process_Tasks();
  52:.\main.c      ****         
  53:.\main.c      ****         if(packet_ready){
ARM GAS  C:\Users\karunmj\AppData\Local\Temp\cczdrClK.s 			page 4


  54:.\main.c      ****             if(modem_state == MODEM_STATE_OFF){
  55:.\main.c      ****                 modem_power_on();
  56:.\main.c      ****             }
  57:.\main.c      ****             else if(modem_state == MODEM_STATE_IDLE){
  58:.\main.c      ****                 //if(modem_send_packet(data_packet)){     // if packet sent
  59:.\main.c      ****                 if(modem_send_packet(data_packet)){     // if packet sent
  60:.\main.c      ****                     modem_power_off();
  61:.\main.c      ****                     clear_packet(data_packet, MAX_PACKET_SIZE);
  62:.\main.c      ****                 }
  63:.\main.c      ****                 else{                                   // if packet not sent
  64:.\main.c      ****                     modem_reset();
  65:.\main.c      ****                     modem_power_off();
  66:.\main.c      ****                 }
  67:.\main.c      ****             }
  68:.\main.c      ****         }else if(take_reading){
  69:.\main.c      ****         
  70:.\main.c      ****             // Get Readings for:
  71:.\main.c      ****             // depth, pressure, temp
  72:.\main.c      ****             // conductivity.
  73:.\main.c      ****             //solinst_get_reading(&solinst_reading);
  74:.\main.c      ****             ultrasonic_get_reading(&ultrasonic_reading);
  75:.\main.c      **** 
  76:.\main.c      ****             take_reading = 0u;
  77:.\main.c      ****             NeoRtcTimeStruct tm_neo = NeoRTC_Read_Time();
  78:.\main.c      ****             char sendBuffer [128];
  79:.\main.c      **** 
  80:.\main.c      ****             sprintf(data_packet, "%d:%d:%d %d/%d/%d u=%f", tm_neo.hour, tm_neo.minute,
  81:.\main.c      ****                              tm_neo.second, tm_neo.day, tm_neo.month, tm_neo.year, ultrasonic_readi
  82:.\main.c      ****             
  83:.\main.c      ****             Write_To_SD_Card("data.txt","a",data_packet,strlen(data_packet));
  84:.\main.c      **** 
  85:.\main.c      ****             
  86:.\main.c      ****             packet_ready = 1u; 
  87:.\main.c      ****             
  88:.\main.c      ****         }
  89:.\main.c      ****     }
 107              		.loc 1 89 0
 108 004c 00BF     		nop
 109 004e 00E0     		b	.L7
 110              	.L10:
 111 0050 00BF     		nop
 112              	.L7:
 113              		.loc 1 51 0
 114 0052 FFF7FEFF 		bl	RTC_Process_Tasks
 115              		.loc 1 53 0
 116 0056 40F20003 		movw	r3, #:lower16:packet_ready
 117 005a C0F20003 		movt	r3, #:upper16:packet_ready
 118 005e 1B78     		ldrb	r3, [r3, #0]	@ zero_extendqisi2
 119 0060 002B     		cmp	r3, #0
 120 0062 29D0     		beq	.L2
 121              		.loc 1 54 0
 122 0064 40F20003 		movw	r3, #:lower16:modem_state
 123 0068 C0F20003 		movt	r3, #:upper16:modem_state
 124 006c 1B78     		ldrb	r3, [r3, #0]	@ zero_extendqisi2
 125 006e 002B     		cmp	r3, #0
 126 0070 02D1     		bne	.L3
 127              		.loc 1 55 0
ARM GAS  C:\Users\karunmj\AppData\Local\Temp\cczdrClK.s 			page 5


 128 0072 FFF7FEFF 		bl	modem_power_on
 129              		.loc 1 89 0
 130 0076 ECE7     		b	.L7
 131              	.L3:
 132              		.loc 1 57 0
 133 0078 40F20003 		movw	r3, #:lower16:modem_state
 134 007c C0F20003 		movt	r3, #:upper16:modem_state
 135 0080 1B78     		ldrb	r3, [r3, #0]	@ zero_extendqisi2
 136 0082 012B     		cmp	r3, #1
 137 0084 E2D1     		bne	.L9
 138              		.loc 1 59 0
 139 0086 40F20000 		movw	r0, #:lower16:data_packet
 140 008a C0F20000 		movt	r0, #:upper16:data_packet
 141 008e FFF7FEFF 		bl	modem_send_packet
 142 0092 0346     		mov	r3, r0
 143 0094 002B     		cmp	r3, #0
 144 0096 0AD0     		beq	.L5
 145              		.loc 1 60 0
 146 0098 FFF7FEFF 		bl	modem_power_off
 147              		.loc 1 61 0
 148 009c 40F20000 		movw	r0, #:lower16:data_packet
 149 00a0 C0F20000 		movt	r0, #:upper16:data_packet
 150 00a4 4FF08001 		mov	r1, #128
 151 00a8 FFF7FEFF 		bl	clear_packet
 152              		.loc 1 89 0
 153 00ac D1E7     		b	.L7
 154              	.L5:
 155              		.loc 1 64 0
 156 00ae FFF7FEFF 		bl	modem_reset
 157              		.loc 1 65 0
 158 00b2 FFF7FEFF 		bl	modem_power_off
 159              		.loc 1 89 0
 160 00b6 CCE7     		b	.L7
 161              	.L2:
 162              		.loc 1 68 0
 163 00b8 40F20003 		movw	r3, #:lower16:take_reading
 164 00bc C0F20003 		movt	r3, #:upper16:take_reading
 165 00c0 1B78     		ldrb	r3, [r3, #0]	@ zero_extendqisi2
 166 00c2 002B     		cmp	r3, #0
 167 00c4 C4D0     		beq	.L10
 168              	.LBB2:
 169              		.loc 1 74 0
 170 00c6 40F20000 		movw	r0, #:lower16:ultrasonic_reading
 171 00ca C0F20000 		movt	r0, #:upper16:ultrasonic_reading
 172 00ce FFF7FEFF 		bl	ultrasonic_get_reading
 173              		.loc 1 76 0
 174 00d2 40F20003 		movw	r3, #:lower16:take_reading
 175 00d6 C0F20003 		movt	r3, #:upper16:take_reading
 176 00da 4FF00002 		mov	r2, #0
 177 00de 1A70     		strb	r2, [r3, #0]
 178              		.loc 1 77 0
 179 00e0 07F18003 		add	r3, r7, #128
 180 00e4 1846     		mov	r0, r3
 181 00e6 FFF7FEFF 		bl	NeoRTC_Read_Time
 182              		.loc 1 80 0
 183 00ea 97F88230 		ldrb	r3, [r7, #130]	@ zero_extendqisi2
 184 00ee 1D46     		mov	r5, r3
ARM GAS  C:\Users\karunmj\AppData\Local\Temp\cczdrClK.s 			page 6


 185 00f0 97F88130 		ldrb	r3, [r7, #129]	@ zero_extendqisi2
 186 00f4 1C46     		mov	r4, r3
 187              		.loc 1 81 0
 188 00f6 97F88030 		ldrb	r3, [r7, #128]	@ zero_extendqisi2
 189              		.loc 1 80 0
 190 00fa 9946     		mov	r9, r3
 191              		.loc 1 81 0
 192 00fc 97F88330 		ldrb	r3, [r7, #131]	@ zero_extendqisi2
 193              		.loc 1 80 0
 194 0100 9A46     		mov	sl, r3
 195              		.loc 1 81 0
 196 0102 97F88530 		ldrb	r3, [r7, #133]	@ zero_extendqisi2
 197              		.loc 1 80 0
 198 0106 9846     		mov	r8, r3
 199              		.loc 1 81 0
 200 0108 B7F88630 		ldrh	r3, [r7, #134]
 201              		.loc 1 80 0
 202 010c 1E46     		mov	r6, r3
 203              		.loc 1 81 0
 204 010e 40F20003 		movw	r3, #:lower16:ultrasonic_reading
 205 0112 C0F20003 		movt	r3, #:upper16:ultrasonic_reading
 206 0116 5B68     		ldr	r3, [r3, #4]	@ float
 207              		.loc 1 80 0
 208 0118 1846     		mov	r0, r3
 209 011a FFF7FEFF 		bl	__aeabi_f2d
 210 011e 0246     		mov	r2, r0
 211 0120 0B46     		mov	r3, r1
 212 0122 CDF80090 		str	r9, [sp, #0]
 213 0126 CDF804A0 		str	sl, [sp, #4]
 214 012a CDF80880 		str	r8, [sp, #8]
 215 012e 0396     		str	r6, [sp, #12]
 216 0130 CDE90423 		strd	r2, [sp, #16]
 217 0134 40F20000 		movw	r0, #:lower16:data_packet
 218 0138 C0F20000 		movt	r0, #:upper16:data_packet
 219 013c 40F20001 		movw	r1, #:lower16:.LC0
 220 0140 C0F20001 		movt	r1, #:upper16:.LC0
 221 0144 2A46     		mov	r2, r5
 222 0146 2346     		mov	r3, r4
 223 0148 FFF7FEFF 		bl	sprintf
 224              		.loc 1 83 0
 225 014c 40F20000 		movw	r0, #:lower16:data_packet
 226 0150 C0F20000 		movt	r0, #:upper16:data_packet
 227 0154 FFF7FEFF 		bl	strlen
 228 0158 0346     		mov	r3, r0
 229 015a 40F20000 		movw	r0, #:lower16:.LC1
 230 015e C0F20000 		movt	r0, #:upper16:.LC1
 231 0162 40F20001 		movw	r1, #:lower16:.LC2
 232 0166 C0F20001 		movt	r1, #:upper16:.LC2
 233 016a 40F20002 		movw	r2, #:lower16:data_packet
 234 016e C0F20002 		movt	r2, #:upper16:data_packet
 235 0172 FFF7FEFF 		bl	Write_To_SD_Card
 236              		.loc 1 86 0
 237 0176 40F20003 		movw	r3, #:lower16:packet_ready
 238 017a C0F20003 		movt	r3, #:upper16:packet_ready
 239 017e 4FF00102 		mov	r2, #1
 240 0182 1A70     		strb	r2, [r3, #0]
 241              	.LBE2:
ARM GAS  C:\Users\karunmj\AppData\Local\Temp\cczdrClK.s 			page 7


 242              		.loc 1 89 0
 243 0184 65E7     		b	.L7
 244              		.cfi_endproc
 245              	.LFE29:
 246              		.size	main, .-main
 247              		.section	.text.isr_timer,"ax",%progbits
 248              		.align	2
 249              		.global	isr_timer
 250              		.thumb
 251              		.thumb_func
 252              		.type	isr_timer, %function
 253              	isr_timer:
 254              	.LFB30:
  90:.\main.c      **** }
  91:.\main.c      **** 
  92:.\main.c      **** CY_ISR(isr_timer){
 255              		.loc 1 92 0
 256              		.cfi_startproc
 257              		@ args = 0, pretend = 0, frame = 0
 258              		@ frame_needed = 1, uses_anonymous_args = 0
 259              		@ link register save eliminated.
 260 0000 80B4     		push	{r7}
 261              	.LCFI3:
 262              		.cfi_def_cfa_offset 4
 263 0002 00AF     		add	r7, sp, #0
 264              		.cfi_offset 7, -4
 265              	.LCFI4:
 266              		.cfi_def_cfa_register 7
  93:.\main.c      ****     //take_reading = 1u;
  94:.\main.c      ****     //timer_ReadStatusRegister();
  95:.\main.c      **** }
 267              		.loc 1 95 0
 268 0004 BD46     		mov	sp, r7
 269 0006 80BC     		pop	{r7}
 270 0008 7047     		bx	lr
 271              		.cfi_endproc
 272              	.LFE30:
 273              		.size	isr_timer, .-isr_timer
 274 000a 00BF     		.section	.text.clear_packet,"ax",%progbits
 275              		.align	2
 276              		.global	clear_packet
 277              		.thumb
 278              		.thumb_func
 279              		.type	clear_packet, %function
 280              	clear_packet:
 281              	.LFB31:
  96:.\main.c      **** 
  97:.\main.c      **** //void read_packet(){
  98:.\main.c      **** //}
  99:.\main.c      **** 
 100:.\main.c      **** 
 101:.\main.c      **** void clear_packet(uint8* packet, uint8 packet_size){
 282              		.loc 1 101 0
 283              		.cfi_startproc
 284              		@ args = 0, pretend = 0, frame = 16
 285              		@ frame_needed = 1, uses_anonymous_args = 0
 286              		@ link register save eliminated.
ARM GAS  C:\Users\karunmj\AppData\Local\Temp\cczdrClK.s 			page 8


 287 0000 80B4     		push	{r7}
 288              	.LCFI5:
 289              		.cfi_def_cfa_offset 4
 290 0002 85B0     		sub	sp, sp, #20
 291              	.LCFI6:
 292              		.cfi_def_cfa_offset 24
 293 0004 00AF     		add	r7, sp, #0
 294              		.cfi_offset 7, -4
 295              	.LCFI7:
 296              		.cfi_def_cfa_register 7
 297 0006 7860     		str	r0, [r7, #4]
 298 0008 0B46     		mov	r3, r1
 299 000a FB70     		strb	r3, [r7, #3]
 102:.\main.c      ****     uint8 i;
 103:.\main.c      ****     for(i = 0u; i < packet_size; i++){
 300              		.loc 1 103 0
 301 000c 4FF00003 		mov	r3, #0
 302 0010 FB73     		strb	r3, [r7, #15]
 303 0012 09E0     		b	.L14
 304              	.L15:
 104:.\main.c      ****         packet[i] = 0u;
 305              		.loc 1 104 0
 306 0014 FA7B     		ldrb	r2, [r7, #15]	@ zero_extendqisi2
 307 0016 7B68     		ldr	r3, [r7, #4]
 308 0018 1344     		add	r3, r2, r3
 309 001a 4FF00002 		mov	r2, #0
 310 001e 1A70     		strb	r2, [r3, #0]
 311              		.loc 1 103 0
 312 0020 FB7B     		ldrb	r3, [r7, #15]
 313 0022 03F10103 		add	r3, r3, #1
 314 0026 FB73     		strb	r3, [r7, #15]
 315              	.L14:
 316 0028 FA7B     		ldrb	r2, [r7, #15]	@ zero_extendqisi2
 317 002a FB78     		ldrb	r3, [r7, #3]	@ zero_extendqisi2
 318 002c 9A42     		cmp	r2, r3
 319 002e F1D3     		bcc	.L15
 105:.\main.c      ****     }
 106:.\main.c      ****     
 107:.\main.c      ****     packet_ready = 0u;
 320              		.loc 1 107 0
 321 0030 40F20003 		movw	r3, #:lower16:packet_ready
 322 0034 C0F20003 		movt	r3, #:upper16:packet_ready
 323 0038 4FF00002 		mov	r2, #0
 324 003c 1A70     		strb	r2, [r3, #0]
 108:.\main.c      **** }
 325              		.loc 1 108 0
 326 003e 07F11407 		add	r7, r7, #20
 327 0042 BD46     		mov	sp, r7
 328 0044 80BC     		pop	{r7}
 329 0046 7047     		bx	lr
 330              		.cfi_endproc
 331              	.LFE31:
 332              		.size	clear_packet, .-clear_packet
 333              		.section	.text.rtcCallBackReceived,"ax",%progbits
 334              		.align	2
 335              		.global	rtcCallBackReceived
 336              		.thumb
ARM GAS  C:\Users\karunmj\AppData\Local\Temp\cczdrClK.s 			page 9


 337              		.thumb_func
 338              		.type	rtcCallBackReceived, %function
 339              	rtcCallBackReceived:
 340              	.LFB32:
 109:.\main.c      **** 
 110:.\main.c      **** void rtcCallBackReceived(uint8 alarmType){ // RTC Event Handler.
 341              		.loc 1 110 0
 342              		.cfi_startproc
 343              		@ args = 0, pretend = 0, frame = 8
 344              		@ frame_needed = 1, uses_anonymous_args = 0
 345              		@ link register save eliminated.
 346 0000 80B4     		push	{r7}
 347              	.LCFI8:
 348              		.cfi_def_cfa_offset 4
 349 0002 83B0     		sub	sp, sp, #12
 350              	.LCFI9:
 351              		.cfi_def_cfa_offset 16
 352 0004 00AF     		add	r7, sp, #0
 353              		.cfi_offset 7, -4
 354              	.LCFI10:
 355              		.cfi_def_cfa_register 7
 356 0006 0346     		mov	r3, r0
 357 0008 FB71     		strb	r3, [r7, #7]
 111:.\main.c      ****       
 112:.\main.c      ****     if(alarmType == RTC_MINUTE_ALARM){
 358              		.loc 1 112 0
 359 000a FB79     		ldrb	r3, [r7, #7]	@ zero_extendqisi2
 360 000c 012B     		cmp	r3, #1
 361 000e 06D1     		bne	.L19
 113:.\main.c      ****          
 114:.\main.c      ****         take_reading = 1u;
 362              		.loc 1 114 0
 363 0010 40F20003 		movw	r3, #:lower16:take_reading
 364 0014 C0F20003 		movt	r3, #:upper16:take_reading
 365 0018 4FF00102 		mov	r2, #1
 366 001c 1A70     		strb	r2, [r3, #0]
 367              	.L19:
 115:.\main.c      ****         
 116:.\main.c      ****     }   
 117:.\main.c      **** }
 368              		.loc 1 117 0
 369 001e 07F10C07 		add	r7, r7, #12
 370 0022 BD46     		mov	sp, r7
 371 0024 80BC     		pop	{r7}
 372 0026 7047     		bx	lr
 373              		.cfi_endproc
 374              	.LFE32:
 375              		.size	rtcCallBackReceived, .-rtcCallBackReceived
 376              		.section	.text.Write_To_SD_Card,"ax",%progbits
 377              		.align	2
 378              		.global	Write_To_SD_Card
 379              		.thumb
 380              		.thumb_func
 381              		.type	Write_To_SD_Card, %function
 382              	Write_To_SD_Card:
 383              	.LFB33:
 118:.\main.c      **** 
ARM GAS  C:\Users\karunmj\AppData\Local\Temp\cczdrClK.s 			page 10


 119:.\main.c      **** void Write_To_SD_Card(const char* fileName, const char* pMode, const void* pData, U32 NumBytes) {
 384              		.loc 1 119 0
 385              		.cfi_startproc
 386              		@ args = 0, pretend = 0, frame = 32
 387              		@ frame_needed = 1, uses_anonymous_args = 0
 388 0000 80B5     		push	{r7, lr}
 389              	.LCFI11:
 390              		.cfi_def_cfa_offset 8
 391 0002 88B0     		sub	sp, sp, #32
 392              	.LCFI12:
 393              		.cfi_def_cfa_offset 40
 394 0004 00AF     		add	r7, sp, #0
 395              		.cfi_offset 14, -4
 396              		.cfi_offset 7, -8
 397              	.LCFI13:
 398              		.cfi_def_cfa_register 7
 399 0006 F860     		str	r0, [r7, #12]
 400 0008 B960     		str	r1, [r7, #8]
 401 000a 7A60     		str	r2, [r7, #4]
 402 000c 3B60     		str	r3, [r7, #0]
 120:.\main.c      **** // Remember to add line below to rtcCallBack Function
 121:.\main.c      **** // Write_To_SD_Card("myData.txt","a",sendBuffer,strlen(sendBuffer));
 122:.\main.c      **** 
 123:.\main.c      ****     NEOMOTE_1_SD_Card_Power_Write(0u); // Power on the SD Card
 403              		.loc 1 123 0
 404 000e 4FF00000 		mov	r0, #0
 405 0012 FFF7FEFF 		bl	NEOMOTE_1_SD_Card_Power_Write
 124:.\main.c      ****     
 125:.\main.c      ****     FS_FILE *  pFile;
 126:.\main.c      ****     char sdVolName[10];  // Buffer that will hold SD card Volume name
 127:.\main.c      ****     
 128:.\main.c      ****     if (0 != FS_GetVolumeName(0, &sdVolName[0], 9)) {
 406              		.loc 1 128 0
 407 0016 07F11003 		add	r3, r7, #16
 408 001a 4FF00000 		mov	r0, #0
 409 001e 1946     		mov	r1, r3
 410 0020 4FF00902 		mov	r2, #9
 411 0024 FFF7FEFF 		bl	FS_GetVolumeName
 412 0028 0346     		mov	r3, r0
 413 002a 002B     		cmp	r3, #0
 414 002c 1AD0     		beq	.L21
 129:.\main.c      ****         pFile = FS_FOpen(fileName, pMode);
 415              		.loc 1 129 0
 416 002e F868     		ldr	r0, [r7, #12]
 417 0030 B968     		ldr	r1, [r7, #8]
 418 0032 FFF7FEFF 		bl	FS_FOpen
 419 0036 0346     		mov	r3, r0
 420 0038 FB61     		str	r3, [r7, #28]
 130:.\main.c      ****         if (pFile == 0){
 421              		.loc 1 130 0
 422 003a FB69     		ldr	r3, [r7, #28]
 423 003c 002B     		cmp	r3, #0
 424 003e 09D1     		bne	.L22
 131:.\main.c      ****             FS_DeInit();
 425              		.loc 1 131 0
 426 0040 FFF7FEFF 		bl	FS_DeInit
 132:.\main.c      ****             FS_Init(); //poipoi debug error
ARM GAS  C:\Users\karunmj\AppData\Local\Temp\cczdrClK.s 			page 11


 427              		.loc 1 132 0
 428 0044 FFF7FEFF 		bl	FS_Init
 133:.\main.c      ****             pFile = FS_FOpen(fileName, pMode);
 429              		.loc 1 133 0
 430 0048 F868     		ldr	r0, [r7, #12]
 431 004a B968     		ldr	r1, [r7, #8]
 432 004c FFF7FEFF 		bl	FS_FOpen
 433 0050 0346     		mov	r3, r0
 434 0052 FB61     		str	r3, [r7, #28]
 435              	.L22:
 134:.\main.c      ****         }
 135:.\main.c      ****         FS_Write(pFile, pData, NumBytes);
 436              		.loc 1 135 0
 437 0054 F869     		ldr	r0, [r7, #28]
 438 0056 7968     		ldr	r1, [r7, #4]
 439 0058 3A68     		ldr	r2, [r7, #0]
 440 005a FFF7FEFF 		bl	FS_Write
 136:.\main.c      ****         FS_FClose(pFile);
 441              		.loc 1 136 0
 442 005e F869     		ldr	r0, [r7, #28]
 443 0060 FFF7FEFF 		bl	FS_FClose
 444              	.L21:
 137:.\main.c      ****     }
 138:.\main.c      ****     
 139:.\main.c      ****     NEOMOTE_1_SD_Card_Power_Write(1u); // Power off the SD Card
 445              		.loc 1 139 0
 446 0064 4FF00100 		mov	r0, #1
 447 0068 FFF7FEFF 		bl	NEOMOTE_1_SD_Card_Power_Write
 140:.\main.c      **** 
 141:.\main.c      **** }
 448              		.loc 1 141 0
 449 006c 07F12007 		add	r7, r7, #32
 450 0070 BD46     		mov	sp, r7
 451 0072 80BD     		pop	{r7, pc}
 452              		.cfi_endproc
 453              	.LFE33:
 454              		.size	Write_To_SD_Card, .-Write_To_SD_Card
 455              		.text
 456              	.Letext0:
 457              		.section	.debug_loc,"",%progbits
 458              	.Ldebug_loc0:
 459              	.LLST0:
 460 0000 00000000 		.4byte	.LFB29
 461 0004 04000000 		.4byte	.LCFI0
 462 0008 0100     		.2byte	0x1
 463 000a 5D       		.byte	0x5d
 464 000b 04000000 		.4byte	.LCFI0
 465 000f 06000000 		.4byte	.LCFI1
 466 0013 0200     		.2byte	0x2
 467 0015 7D       		.byte	0x7d
 468 0016 20       		.sleb128 32
 469 0017 06000000 		.4byte	.LCFI1
 470 001b 08000000 		.4byte	.LCFI2
 471 001f 0300     		.2byte	0x3
 472 0021 7D       		.byte	0x7d
 473 0022 C001     		.sleb128 192
 474 0024 08000000 		.4byte	.LCFI2
ARM GAS  C:\Users\karunmj\AppData\Local\Temp\cczdrClK.s 			page 12


 475 0028 86010000 		.4byte	.LFE29
 476 002c 0300     		.2byte	0x3
 477 002e 77       		.byte	0x77
 478 002f A801     		.sleb128 168
 479 0031 00000000 		.4byte	0x0
 480 0035 00000000 		.4byte	0x0
 481              	.LLST1:
 482 0039 00000000 		.4byte	.LFB30
 483 003d 02000000 		.4byte	.LCFI3
 484 0041 0100     		.2byte	0x1
 485 0043 5D       		.byte	0x5d
 486 0044 02000000 		.4byte	.LCFI3
 487 0048 04000000 		.4byte	.LCFI4
 488 004c 0200     		.2byte	0x2
 489 004e 7D       		.byte	0x7d
 490 004f 04       		.sleb128 4
 491 0050 04000000 		.4byte	.LCFI4
 492 0054 0A000000 		.4byte	.LFE30
 493 0058 0200     		.2byte	0x2
 494 005a 77       		.byte	0x77
 495 005b 04       		.sleb128 4
 496 005c 00000000 		.4byte	0x0
 497 0060 00000000 		.4byte	0x0
 498              	.LLST2:
 499 0064 00000000 		.4byte	.LFB31
 500 0068 02000000 		.4byte	.LCFI5
 501 006c 0100     		.2byte	0x1
 502 006e 5D       		.byte	0x5d
 503 006f 02000000 		.4byte	.LCFI5
 504 0073 04000000 		.4byte	.LCFI6
 505 0077 0200     		.2byte	0x2
 506 0079 7D       		.byte	0x7d
 507 007a 04       		.sleb128 4
 508 007b 04000000 		.4byte	.LCFI6
 509 007f 06000000 		.4byte	.LCFI7
 510 0083 0200     		.2byte	0x2
 511 0085 7D       		.byte	0x7d
 512 0086 18       		.sleb128 24
 513 0087 06000000 		.4byte	.LCFI7
 514 008b 48000000 		.4byte	.LFE31
 515 008f 0200     		.2byte	0x2
 516 0091 77       		.byte	0x77
 517 0092 18       		.sleb128 24
 518 0093 00000000 		.4byte	0x0
 519 0097 00000000 		.4byte	0x0
 520              	.LLST3:
 521 009b 00000000 		.4byte	.LFB32
 522 009f 02000000 		.4byte	.LCFI8
 523 00a3 0100     		.2byte	0x1
 524 00a5 5D       		.byte	0x5d
 525 00a6 02000000 		.4byte	.LCFI8
 526 00aa 04000000 		.4byte	.LCFI9
 527 00ae 0200     		.2byte	0x2
 528 00b0 7D       		.byte	0x7d
 529 00b1 04       		.sleb128 4
 530 00b2 04000000 		.4byte	.LCFI9
 531 00b6 06000000 		.4byte	.LCFI10
ARM GAS  C:\Users\karunmj\AppData\Local\Temp\cczdrClK.s 			page 13


 532 00ba 0200     		.2byte	0x2
 533 00bc 7D       		.byte	0x7d
 534 00bd 10       		.sleb128 16
 535 00be 06000000 		.4byte	.LCFI10
 536 00c2 28000000 		.4byte	.LFE32
 537 00c6 0200     		.2byte	0x2
 538 00c8 77       		.byte	0x77
 539 00c9 10       		.sleb128 16
 540 00ca 00000000 		.4byte	0x0
 541 00ce 00000000 		.4byte	0x0
 542              	.LLST4:
 543 00d2 00000000 		.4byte	.LFB33
 544 00d6 02000000 		.4byte	.LCFI11
 545 00da 0100     		.2byte	0x1
 546 00dc 5D       		.byte	0x5d
 547 00dd 02000000 		.4byte	.LCFI11
 548 00e1 04000000 		.4byte	.LCFI12
 549 00e5 0200     		.2byte	0x2
 550 00e7 7D       		.byte	0x7d
 551 00e8 08       		.sleb128 8
 552 00e9 04000000 		.4byte	.LCFI12
 553 00ed 06000000 		.4byte	.LCFI13
 554 00f1 0200     		.2byte	0x2
 555 00f3 7D       		.byte	0x7d
 556 00f4 28       		.sleb128 40
 557 00f5 06000000 		.4byte	.LCFI13
 558 00f9 74000000 		.4byte	.LFE33
 559 00fd 0200     		.2byte	0x2
 560 00ff 77       		.byte	0x77
 561 0100 28       		.sleb128 40
 562 0101 00000000 		.4byte	0x0
 563 0105 00000000 		.4byte	0x0
 564              		.file 2 "./Generated_Source/PSoC5/cytypes.h"
 565              		.file 3 "..\\emFile_V322b\\Code\\Include\\PSoC5/FS_Types.h"
 566              		.file 4 "..\\neolib/neomote.h"
 567              		.file 5 ".\\/ultrasonic.h"
 568              		.file 6 "./Generated_Source/PSoC5/core_cm3.h"
 569              		.file 7 ".\\/modem.h"
 570              		.section	.debug_info
 571 0000 47030000 		.4byte	0x347
 572 0004 0200     		.2byte	0x2
 573 0006 00000000 		.4byte	.Ldebug_abbrev0
 574 000a 04       		.byte	0x4
 575 000b 01       		.uleb128 0x1
 576 000c B0010000 		.4byte	.LASF46
 577 0010 01       		.byte	0x1
 578 0011 D8000000 		.4byte	.LASF47
 579 0015 7B000000 		.4byte	.LASF48
 580 0019 00000000 		.4byte	0x0
 581 001d 00000000 		.4byte	0x0
 582 0021 00000000 		.4byte	.Ldebug_ranges0+0x0
 583 0025 00000000 		.4byte	.Ldebug_line0
 584 0029 02       		.uleb128 0x2
 585 002a 01       		.byte	0x1
 586 002b 06       		.byte	0x6
 587 002c 9C010000 		.4byte	.LASF0
 588 0030 02       		.uleb128 0x2
ARM GAS  C:\Users\karunmj\AppData\Local\Temp\cczdrClK.s 			page 14


 589 0031 01       		.byte	0x1
 590 0032 08       		.byte	0x8
 591 0033 CA000000 		.4byte	.LASF1
 592 0037 02       		.uleb128 0x2
 593 0038 02       		.byte	0x2
 594 0039 05       		.byte	0x5
 595 003a DE010000 		.4byte	.LASF2
 596 003e 02       		.uleb128 0x2
 597 003f 02       		.byte	0x2
 598 0040 07       		.byte	0x7
 599 0041 40000000 		.4byte	.LASF3
 600 0045 02       		.uleb128 0x2
 601 0046 04       		.byte	0x4
 602 0047 05       		.byte	0x5
 603 0048 0C020000 		.4byte	.LASF4
 604 004c 02       		.uleb128 0x2
 605 004d 04       		.byte	0x4
 606 004e 07       		.byte	0x7
 607 004f 17010000 		.4byte	.LASF5
 608 0053 02       		.uleb128 0x2
 609 0054 08       		.byte	0x8
 610 0055 05       		.byte	0x5
 611 0056 00000000 		.4byte	.LASF6
 612 005a 02       		.uleb128 0x2
 613 005b 08       		.byte	0x8
 614 005c 07       		.byte	0x7
 615 005d 73010000 		.4byte	.LASF7
 616 0061 03       		.uleb128 0x3
 617 0062 04       		.byte	0x4
 618 0063 05       		.byte	0x5
 619 0064 696E7400 		.ascii	"int\000"
 620 0068 02       		.uleb128 0x2
 621 0069 04       		.byte	0x4
 622 006a 07       		.byte	0x7
 623 006b 60010000 		.4byte	.LASF8
 624 006f 04       		.uleb128 0x4
 625 0070 E8010000 		.4byte	.LASF9
 626 0074 02       		.byte	0x2
 627 0075 4C       		.byte	0x4c
 628 0076 30000000 		.4byte	0x30
 629 007a 04       		.uleb128 0x4
 630 007b 46010000 		.4byte	.LASF10
 631 007f 02       		.byte	0x2
 632 0080 4D       		.byte	0x4d
 633 0081 3E000000 		.4byte	0x3e
 634 0085 02       		.uleb128 0x2
 635 0086 04       		.byte	0x4
 636 0087 04       		.byte	0x4
 637 0088 75000000 		.4byte	.LASF11
 638 008c 02       		.uleb128 0x2
 639 008d 08       		.byte	0x8
 640 008e 04       		.byte	0x4
 641 008f 5C000000 		.4byte	.LASF12
 642 0093 02       		.uleb128 0x2
 643 0094 01       		.byte	0x1
 644 0095 08       		.byte	0x8
 645 0096 C2010000 		.4byte	.LASF13
ARM GAS  C:\Users\karunmj\AppData\Local\Temp\cczdrClK.s 			page 15


 646 009a 05       		.uleb128 0x5
 647 009b 04       		.byte	0x4
 648 009c 07       		.byte	0x7
 649 009d 06       		.uleb128 0x6
 650 009e 04       		.byte	0x4
 651 009f A3000000 		.4byte	0xa3
 652 00a3 07       		.uleb128 0x7
 653 00a4 93000000 		.4byte	0x93
 654 00a8 04       		.uleb128 0x4
 655 00a9 A8010000 		.4byte	.LASF14
 656 00ad 03       		.byte	0x3
 657 00ae 7E       		.byte	0x7e
 658 00af B3000000 		.4byte	0xb3
 659 00b3 08       		.uleb128 0x8
 660 00b4 A8010000 		.4byte	.LASF14
 661 00b8 01       		.byte	0x1
 662 00b9 06       		.uleb128 0x6
 663 00ba 04       		.byte	0x4
 664 00bb A8000000 		.4byte	0xa8
 665 00bf 06       		.uleb128 0x6
 666 00c0 04       		.byte	0x4
 667 00c1 C5000000 		.4byte	0xc5
 668 00c5 09       		.uleb128 0x9
 669 00c6 0A       		.uleb128 0xa
 670 00c7 08       		.byte	0x8
 671 00c8 04       		.byte	0x4
 672 00c9 1B       		.byte	0x1b
 673 00ca 31010000 		.4byte	0x131
 674 00ce 0B       		.uleb128 0xb
 675 00cf 10010000 		.4byte	.LASF15
 676 00d3 04       		.byte	0x4
 677 00d4 1C       		.byte	0x1c
 678 00d5 6F000000 		.4byte	0x6f
 679 00d9 02       		.byte	0x2
 680 00da 23       		.byte	0x23
 681 00db 00       		.uleb128 0x0
 682 00dc 0B       		.uleb128 0xb
 683 00dd 2D000000 		.4byte	.LASF16
 684 00e1 04       		.byte	0x4
 685 00e2 1D       		.byte	0x1d
 686 00e3 6F000000 		.4byte	0x6f
 687 00e7 02       		.byte	0x2
 688 00e8 23       		.byte	0x23
 689 00e9 01       		.uleb128 0x1
 690 00ea 0B       		.uleb128 0xb
 691 00eb 97010000 		.4byte	.LASF17
 692 00ef 04       		.byte	0x4
 693 00f0 1E       		.byte	0x1e
 694 00f1 6F000000 		.4byte	0x6f
 695 00f5 02       		.byte	0x2
 696 00f6 23       		.byte	0x23
 697 00f7 02       		.uleb128 0x2
 698 00f8 0C       		.uleb128 0xc
 699 00f9 64617900 		.ascii	"day\000"
 700 00fd 04       		.byte	0x4
 701 00fe 1F       		.byte	0x1f
 702 00ff 6F000000 		.4byte	0x6f
ARM GAS  C:\Users\karunmj\AppData\Local\Temp\cczdrClK.s 			page 16


 703 0103 02       		.byte	0x2
 704 0104 23       		.byte	0x23
 705 0105 03       		.uleb128 0x3
 706 0106 0B       		.uleb128 0xb
 707 0107 20000000 		.4byte	.LASF18
 708 010b 04       		.byte	0x4
 709 010c 20       		.byte	0x20
 710 010d 6F000000 		.4byte	0x6f
 711 0111 02       		.byte	0x2
 712 0112 23       		.byte	0x23
 713 0113 04       		.uleb128 0x4
 714 0114 0B       		.uleb128 0xb
 715 0115 63000000 		.4byte	.LASF19
 716 0119 04       		.byte	0x4
 717 011a 21       		.byte	0x21
 718 011b 6F000000 		.4byte	0x6f
 719 011f 02       		.byte	0x2
 720 0120 23       		.byte	0x23
 721 0121 05       		.uleb128 0x5
 722 0122 0B       		.uleb128 0xb
 723 0123 28000000 		.4byte	.LASF20
 724 0127 04       		.byte	0x4
 725 0128 22       		.byte	0x22
 726 0129 7A000000 		.4byte	0x7a
 727 012d 02       		.byte	0x2
 728 012e 23       		.byte	0x23
 729 012f 06       		.uleb128 0x6
 730 0130 00       		.byte	0x0
 731 0131 04       		.uleb128 0x4
 732 0132 29010000 		.4byte	.LASF21
 733 0136 04       		.byte	0x4
 734 0137 23       		.byte	0x23
 735 0138 C6000000 		.4byte	0xc6
 736 013c 0A       		.uleb128 0xa
 737 013d 0C       		.byte	0xc
 738 013e 05       		.byte	0x5
 739 013f 15       		.byte	0x15
 740 0140 6F010000 		.4byte	0x16f
 741 0144 0B       		.uleb128 0xb
 742 0145 0E000000 		.4byte	.LASF22
 743 0149 05       		.byte	0x5
 744 014a 16       		.byte	0x16
 745 014b 85000000 		.4byte	0x85
 746 014f 02       		.byte	0x2
 747 0150 23       		.byte	0x23
 748 0151 00       		.uleb128 0x0
 749 0152 0B       		.uleb128 0xb
 750 0153 BC010000 		.4byte	.LASF23
 751 0157 05       		.byte	0x5
 752 0158 17       		.byte	0x17
 753 0159 85000000 		.4byte	0x85
 754 015d 02       		.byte	0x2
 755 015e 23       		.byte	0x23
 756 015f 04       		.uleb128 0x4
 757 0160 0B       		.uleb128 0xb
 758 0161 C7010000 		.4byte	.LASF24
 759 0165 05       		.byte	0x5
ARM GAS  C:\Users\karunmj\AppData\Local\Temp\cczdrClK.s 			page 17


 760 0166 18       		.byte	0x18
 761 0167 6F000000 		.4byte	0x6f
 762 016b 02       		.byte	0x2
 763 016c 23       		.byte	0x23
 764 016d 08       		.uleb128 0x8
 765 016e 00       		.byte	0x0
 766 016f 04       		.uleb128 0x4
 767 0170 2A020000 		.4byte	.LASF25
 768 0174 05       		.byte	0x5
 769 0175 19       		.byte	0x19
 770 0176 3C010000 		.4byte	0x13c
 771 017a 0D       		.uleb128 0xd
 772 017b 01       		.byte	0x1
 773 017c 3A010000 		.4byte	.LASF49
 774 0180 01       		.byte	0x1
 775 0181 1F       		.byte	0x1f
 776 0182 00000000 		.4byte	.LFB29
 777 0186 86010000 		.4byte	.LFE29
 778 018a 00000000 		.4byte	.LLST0
 779 018e BA010000 		.4byte	0x1ba
 780 0192 0E       		.uleb128 0xe
 781 0193 C6000000 		.4byte	.LBB2
 782 0197 84010000 		.4byte	.LBE2
 783 019b 0F       		.uleb128 0xf
 784 019c CD010000 		.4byte	.LASF26
 785 01a0 01       		.byte	0x1
 786 01a1 4D       		.byte	0x4d
 787 01a2 31010000 		.4byte	0x131
 788 01a6 02       		.byte	0x2
 789 01a7 91       		.byte	0x91
 790 01a8 58       		.sleb128 -40
 791 01a9 0F       		.uleb128 0xf
 792 01aa E1000000 		.4byte	.LASF27
 793 01ae 01       		.byte	0x1
 794 01af 4E       		.byte	0x4e
 795 01b0 BA010000 		.4byte	0x1ba
 796 01b4 03       		.byte	0x3
 797 01b5 91       		.byte	0x91
 798 01b6 D87E     		.sleb128 -168
 799 01b8 00       		.byte	0x0
 800 01b9 00       		.byte	0x0
 801 01ba 10       		.uleb128 0x10
 802 01bb 93000000 		.4byte	0x93
 803 01bf CA010000 		.4byte	0x1ca
 804 01c3 11       		.uleb128 0x11
 805 01c4 9A000000 		.4byte	0x9a
 806 01c8 7F       		.byte	0x7f
 807 01c9 00       		.byte	0x0
 808 01ca 12       		.uleb128 0x12
 809 01cb 01       		.byte	0x1
 810 01cc EC000000 		.4byte	.LASF50
 811 01d0 01       		.byte	0x1
 812 01d1 5C       		.byte	0x5c
 813 01d2 01       		.byte	0x1
 814 01d3 00000000 		.4byte	.LFB30
 815 01d7 0A000000 		.4byte	.LFE30
 816 01db 39000000 		.4byte	.LLST1
ARM GAS  C:\Users\karunmj\AppData\Local\Temp\cczdrClK.s 			page 18


 817 01df 13       		.uleb128 0x13
 818 01e0 01       		.byte	0x1
 819 01e1 8A010000 		.4byte	.LASF30
 820 01e5 01       		.byte	0x1
 821 01e6 65       		.byte	0x65
 822 01e7 01       		.byte	0x1
 823 01e8 00000000 		.4byte	.LFB31
 824 01ec 48000000 		.4byte	.LFE31
 825 01f0 64000000 		.4byte	.LLST2
 826 01f4 21020000 		.4byte	0x221
 827 01f8 14       		.uleb128 0x14
 828 01f9 3F010000 		.4byte	.LASF28
 829 01fd 01       		.byte	0x1
 830 01fe 65       		.byte	0x65
 831 01ff 21020000 		.4byte	0x221
 832 0203 02       		.byte	0x2
 833 0204 91       		.byte	0x91
 834 0205 6C       		.sleb128 -20
 835 0206 14       		.uleb128 0x14
 836 0207 34000000 		.4byte	.LASF29
 837 020b 01       		.byte	0x1
 838 020c 65       		.byte	0x65
 839 020d 6F000000 		.4byte	0x6f
 840 0211 02       		.byte	0x2
 841 0212 91       		.byte	0x91
 842 0213 6B       		.sleb128 -21
 843 0214 15       		.uleb128 0x15
 844 0215 6900     		.ascii	"i\000"
 845 0217 01       		.byte	0x1
 846 0218 66       		.byte	0x66
 847 0219 6F000000 		.4byte	0x6f
 848 021d 02       		.byte	0x2
 849 021e 91       		.byte	0x91
 850 021f 77       		.sleb128 -9
 851 0220 00       		.byte	0x0
 852 0221 06       		.uleb128 0x6
 853 0222 04       		.byte	0x4
 854 0223 6F000000 		.4byte	0x6f
 855 0227 13       		.uleb128 0x13
 856 0228 01       		.byte	0x1
 857 0229 EE010000 		.4byte	.LASF31
 858 022d 01       		.byte	0x1
 859 022e 6E       		.byte	0x6e
 860 022f 01       		.byte	0x1
 861 0230 00000000 		.4byte	.LFB32
 862 0234 28000000 		.4byte	.LFE32
 863 0238 9B000000 		.4byte	.LLST3
 864 023c 4F020000 		.4byte	0x24f
 865 0240 14       		.uleb128 0x14
 866 0241 D4010000 		.4byte	.LASF32
 867 0245 01       		.byte	0x1
 868 0246 6E       		.byte	0x6e
 869 0247 6F000000 		.4byte	0x6f
 870 024b 02       		.byte	0x2
 871 024c 91       		.byte	0x91
 872 024d 77       		.sleb128 -9
 873 024e 00       		.byte	0x0
ARM GAS  C:\Users\karunmj\AppData\Local\Temp\cczdrClK.s 			page 19


 874 024f 13       		.uleb128 0x13
 875 0250 01       		.byte	0x1
 876 0251 3C020000 		.4byte	.LASF33
 877 0255 01       		.byte	0x1
 878 0256 77       		.byte	0x77
 879 0257 01       		.byte	0x1
 880 0258 00000000 		.4byte	.LFB33
 881 025c 74000000 		.4byte	.LFE33
 882 0260 D2000000 		.4byte	.LLST4
 883 0264 BD020000 		.4byte	0x2bd
 884 0268 14       		.uleb128 0x14
 885 0269 53000000 		.4byte	.LASF34
 886 026d 01       		.byte	0x1
 887 026e 77       		.byte	0x77
 888 026f 9D000000 		.4byte	0x9d
 889 0273 02       		.byte	0x2
 890 0274 91       		.byte	0x91
 891 0275 64       		.sleb128 -28
 892 0276 14       		.uleb128 0x14
 893 0277 6D010000 		.4byte	.LASF35
 894 027b 01       		.byte	0x1
 895 027c 77       		.byte	0x77
 896 027d 9D000000 		.4byte	0x9d
 897 0281 02       		.byte	0x2
 898 0282 91       		.byte	0x91
 899 0283 60       		.sleb128 -32
 900 0284 14       		.uleb128 0x14
 901 0285 69000000 		.4byte	.LASF36
 902 0289 01       		.byte	0x1
 903 028a 77       		.byte	0x77
 904 028b BF000000 		.4byte	0xbf
 905 028f 02       		.byte	0x2
 906 0290 91       		.byte	0x91
 907 0291 5C       		.sleb128 -36
 908 0292 14       		.uleb128 0x14
 909 0293 21020000 		.4byte	.LASF37
 910 0297 01       		.byte	0x1
 911 0298 77       		.byte	0x77
 912 0299 4C000000 		.4byte	0x4c
 913 029d 02       		.byte	0x2
 914 029e 91       		.byte	0x91
 915 029f 58       		.sleb128 -40
 916 02a0 0F       		.uleb128 0xf
 917 02a1 6F000000 		.4byte	.LASF38
 918 02a5 01       		.byte	0x1
 919 02a6 7D       		.byte	0x7d
 920 02a7 B9000000 		.4byte	0xb9
 921 02ab 02       		.byte	0x2
 922 02ac 91       		.byte	0x91
 923 02ad 74       		.sleb128 -12
 924 02ae 0F       		.uleb128 0xf
 925 02af 02020000 		.4byte	.LASF39
 926 02b3 01       		.byte	0x1
 927 02b4 7E       		.byte	0x7e
 928 02b5 BD020000 		.4byte	0x2bd
 929 02b9 02       		.byte	0x2
 930 02ba 91       		.byte	0x91
ARM GAS  C:\Users\karunmj\AppData\Local\Temp\cczdrClK.s 			page 20


 931 02bb 68       		.sleb128 -24
 932 02bc 00       		.byte	0x0
 933 02bd 10       		.uleb128 0x10
 934 02be 93000000 		.4byte	0x93
 935 02c2 CD020000 		.4byte	0x2cd
 936 02c6 11       		.uleb128 0x11
 937 02c7 9A000000 		.4byte	0x9a
 938 02cb 09       		.byte	0x9
 939 02cc 00       		.byte	0x0
 940 02cd 16       		.uleb128 0x16
 941 02ce 03010000 		.4byte	.LASF40
 942 02d2 06       		.byte	0x6
 943 02d3 CE06     		.2byte	0x6ce
 944 02d5 DB020000 		.4byte	0x2db
 945 02d9 01       		.byte	0x1
 946 02da 01       		.byte	0x1
 947 02db 17       		.uleb128 0x17
 948 02dc 61000000 		.4byte	0x61
 949 02e0 18       		.uleb128 0x18
 950 02e1 15020000 		.4byte	.LASF41
 951 02e5 07       		.byte	0x7
 952 02e6 12       		.byte	0x12
 953 02e7 6F000000 		.4byte	0x6f
 954 02eb 01       		.byte	0x1
 955 02ec 05       		.byte	0x5
 956 02ed 03       		.byte	0x3
 957 02ee 00000000 		.4byte	modem_state
 958 02f2 10       		.uleb128 0x10
 959 02f3 6F000000 		.4byte	0x6f
 960 02f7 02030000 		.4byte	0x302
 961 02fb 11       		.uleb128 0x11
 962 02fc 9A000000 		.4byte	0x9a
 963 0300 7F       		.byte	0x7f
 964 0301 00       		.byte	0x0
 965 0302 18       		.uleb128 0x18
 966 0303 4D020000 		.4byte	.LASF42
 967 0307 01       		.byte	0x1
 968 0308 0F       		.byte	0xf
 969 0309 F2020000 		.4byte	0x2f2
 970 030d 01       		.byte	0x1
 971 030e 05       		.byte	0x5
 972 030f 03       		.byte	0x3
 973 0310 00000000 		.4byte	data_packet
 974 0314 18       		.uleb128 0x18
 975 0315 F6000000 		.4byte	.LASF43
 976 0319 01       		.byte	0x1
 977 031a 10       		.byte	0x10
 978 031b 6F000000 		.4byte	0x6f
 979 031f 01       		.byte	0x1
 980 0320 05       		.byte	0x5
 981 0321 03       		.byte	0x3
 982 0322 00000000 		.4byte	packet_ready
 983 0326 18       		.uleb128 0x18
 984 0327 13000000 		.4byte	.LASF44
 985 032b 01       		.byte	0x1
 986 032c 11       		.byte	0x11
 987 032d 6F000000 		.4byte	0x6f
ARM GAS  C:\Users\karunmj\AppData\Local\Temp\cczdrClK.s 			page 21


 988 0331 01       		.byte	0x1
 989 0332 05       		.byte	0x5
 990 0333 03       		.byte	0x3
 991 0334 00000000 		.4byte	take_reading
 992 0338 18       		.uleb128 0x18
 993 0339 4D010000 		.4byte	.LASF45
 994 033d 01       		.byte	0x1
 995 033e 12       		.byte	0x12
 996 033f 6F010000 		.4byte	0x16f
 997 0343 01       		.byte	0x1
 998 0344 05       		.byte	0x5
 999 0345 03       		.byte	0x3
 1000 0346 00000000 		.4byte	ultrasonic_reading
 1001 034a 00       		.byte	0x0
 1002              		.section	.debug_abbrev
 1003 0000 01       		.uleb128 0x1
 1004 0001 11       		.uleb128 0x11
 1005 0002 01       		.byte	0x1
 1006 0003 25       		.uleb128 0x25
 1007 0004 0E       		.uleb128 0xe
 1008 0005 13       		.uleb128 0x13
 1009 0006 0B       		.uleb128 0xb
 1010 0007 03       		.uleb128 0x3
 1011 0008 0E       		.uleb128 0xe
 1012 0009 1B       		.uleb128 0x1b
 1013 000a 0E       		.uleb128 0xe
 1014 000b 11       		.uleb128 0x11
 1015 000c 01       		.uleb128 0x1
 1016 000d 52       		.uleb128 0x52
 1017 000e 01       		.uleb128 0x1
 1018 000f 55       		.uleb128 0x55
 1019 0010 06       		.uleb128 0x6
 1020 0011 10       		.uleb128 0x10
 1021 0012 06       		.uleb128 0x6
 1022 0013 00       		.byte	0x0
 1023 0014 00       		.byte	0x0
 1024 0015 02       		.uleb128 0x2
 1025 0016 24       		.uleb128 0x24
 1026 0017 00       		.byte	0x0
 1027 0018 0B       		.uleb128 0xb
 1028 0019 0B       		.uleb128 0xb
 1029 001a 3E       		.uleb128 0x3e
 1030 001b 0B       		.uleb128 0xb
 1031 001c 03       		.uleb128 0x3
 1032 001d 0E       		.uleb128 0xe
 1033 001e 00       		.byte	0x0
 1034 001f 00       		.byte	0x0
 1035 0020 03       		.uleb128 0x3
 1036 0021 24       		.uleb128 0x24
 1037 0022 00       		.byte	0x0
 1038 0023 0B       		.uleb128 0xb
 1039 0024 0B       		.uleb128 0xb
 1040 0025 3E       		.uleb128 0x3e
 1041 0026 0B       		.uleb128 0xb
 1042 0027 03       		.uleb128 0x3
 1043 0028 08       		.uleb128 0x8
 1044 0029 00       		.byte	0x0
ARM GAS  C:\Users\karunmj\AppData\Local\Temp\cczdrClK.s 			page 22


 1045 002a 00       		.byte	0x0
 1046 002b 04       		.uleb128 0x4
 1047 002c 16       		.uleb128 0x16
 1048 002d 00       		.byte	0x0
 1049 002e 03       		.uleb128 0x3
 1050 002f 0E       		.uleb128 0xe
 1051 0030 3A       		.uleb128 0x3a
 1052 0031 0B       		.uleb128 0xb
 1053 0032 3B       		.uleb128 0x3b
 1054 0033 0B       		.uleb128 0xb
 1055 0034 49       		.uleb128 0x49
 1056 0035 13       		.uleb128 0x13
 1057 0036 00       		.byte	0x0
 1058 0037 00       		.byte	0x0
 1059 0038 05       		.uleb128 0x5
 1060 0039 24       		.uleb128 0x24
 1061 003a 00       		.byte	0x0
 1062 003b 0B       		.uleb128 0xb
 1063 003c 0B       		.uleb128 0xb
 1064 003d 3E       		.uleb128 0x3e
 1065 003e 0B       		.uleb128 0xb
 1066 003f 00       		.byte	0x0
 1067 0040 00       		.byte	0x0
 1068 0041 06       		.uleb128 0x6
 1069 0042 0F       		.uleb128 0xf
 1070 0043 00       		.byte	0x0
 1071 0044 0B       		.uleb128 0xb
 1072 0045 0B       		.uleb128 0xb
 1073 0046 49       		.uleb128 0x49
 1074 0047 13       		.uleb128 0x13
 1075 0048 00       		.byte	0x0
 1076 0049 00       		.byte	0x0
 1077 004a 07       		.uleb128 0x7
 1078 004b 26       		.uleb128 0x26
 1079 004c 00       		.byte	0x0
 1080 004d 49       		.uleb128 0x49
 1081 004e 13       		.uleb128 0x13
 1082 004f 00       		.byte	0x0
 1083 0050 00       		.byte	0x0
 1084 0051 08       		.uleb128 0x8
 1085 0052 13       		.uleb128 0x13
 1086 0053 00       		.byte	0x0
 1087 0054 03       		.uleb128 0x3
 1088 0055 0E       		.uleb128 0xe
 1089 0056 3C       		.uleb128 0x3c
 1090 0057 0C       		.uleb128 0xc
 1091 0058 00       		.byte	0x0
 1092 0059 00       		.byte	0x0
 1093 005a 09       		.uleb128 0x9
 1094 005b 26       		.uleb128 0x26
 1095 005c 00       		.byte	0x0
 1096 005d 00       		.byte	0x0
 1097 005e 00       		.byte	0x0
 1098 005f 0A       		.uleb128 0xa
 1099 0060 13       		.uleb128 0x13
 1100 0061 01       		.byte	0x1
 1101 0062 0B       		.uleb128 0xb
ARM GAS  C:\Users\karunmj\AppData\Local\Temp\cczdrClK.s 			page 23


 1102 0063 0B       		.uleb128 0xb
 1103 0064 3A       		.uleb128 0x3a
 1104 0065 0B       		.uleb128 0xb
 1105 0066 3B       		.uleb128 0x3b
 1106 0067 0B       		.uleb128 0xb
 1107 0068 01       		.uleb128 0x1
 1108 0069 13       		.uleb128 0x13
 1109 006a 00       		.byte	0x0
 1110 006b 00       		.byte	0x0
 1111 006c 0B       		.uleb128 0xb
 1112 006d 0D       		.uleb128 0xd
 1113 006e 00       		.byte	0x0
 1114 006f 03       		.uleb128 0x3
 1115 0070 0E       		.uleb128 0xe
 1116 0071 3A       		.uleb128 0x3a
 1117 0072 0B       		.uleb128 0xb
 1118 0073 3B       		.uleb128 0x3b
 1119 0074 0B       		.uleb128 0xb
 1120 0075 49       		.uleb128 0x49
 1121 0076 13       		.uleb128 0x13
 1122 0077 38       		.uleb128 0x38
 1123 0078 0A       		.uleb128 0xa
 1124 0079 00       		.byte	0x0
 1125 007a 00       		.byte	0x0
 1126 007b 0C       		.uleb128 0xc
 1127 007c 0D       		.uleb128 0xd
 1128 007d 00       		.byte	0x0
 1129 007e 03       		.uleb128 0x3
 1130 007f 08       		.uleb128 0x8
 1131 0080 3A       		.uleb128 0x3a
 1132 0081 0B       		.uleb128 0xb
 1133 0082 3B       		.uleb128 0x3b
 1134 0083 0B       		.uleb128 0xb
 1135 0084 49       		.uleb128 0x49
 1136 0085 13       		.uleb128 0x13
 1137 0086 38       		.uleb128 0x38
 1138 0087 0A       		.uleb128 0xa
 1139 0088 00       		.byte	0x0
 1140 0089 00       		.byte	0x0
 1141 008a 0D       		.uleb128 0xd
 1142 008b 2E       		.uleb128 0x2e
 1143 008c 01       		.byte	0x1
 1144 008d 3F       		.uleb128 0x3f
 1145 008e 0C       		.uleb128 0xc
 1146 008f 03       		.uleb128 0x3
 1147 0090 0E       		.uleb128 0xe
 1148 0091 3A       		.uleb128 0x3a
 1149 0092 0B       		.uleb128 0xb
 1150 0093 3B       		.uleb128 0x3b
 1151 0094 0B       		.uleb128 0xb
 1152 0095 11       		.uleb128 0x11
 1153 0096 01       		.uleb128 0x1
 1154 0097 12       		.uleb128 0x12
 1155 0098 01       		.uleb128 0x1
 1156 0099 40       		.uleb128 0x40
 1157 009a 06       		.uleb128 0x6
 1158 009b 01       		.uleb128 0x1
ARM GAS  C:\Users\karunmj\AppData\Local\Temp\cczdrClK.s 			page 24


 1159 009c 13       		.uleb128 0x13
 1160 009d 00       		.byte	0x0
 1161 009e 00       		.byte	0x0
 1162 009f 0E       		.uleb128 0xe
 1163 00a0 0B       		.uleb128 0xb
 1164 00a1 01       		.byte	0x1
 1165 00a2 11       		.uleb128 0x11
 1166 00a3 01       		.uleb128 0x1
 1167 00a4 12       		.uleb128 0x12
 1168 00a5 01       		.uleb128 0x1
 1169 00a6 00       		.byte	0x0
 1170 00a7 00       		.byte	0x0
 1171 00a8 0F       		.uleb128 0xf
 1172 00a9 34       		.uleb128 0x34
 1173 00aa 00       		.byte	0x0
 1174 00ab 03       		.uleb128 0x3
 1175 00ac 0E       		.uleb128 0xe
 1176 00ad 3A       		.uleb128 0x3a
 1177 00ae 0B       		.uleb128 0xb
 1178 00af 3B       		.uleb128 0x3b
 1179 00b0 0B       		.uleb128 0xb
 1180 00b1 49       		.uleb128 0x49
 1181 00b2 13       		.uleb128 0x13
 1182 00b3 02       		.uleb128 0x2
 1183 00b4 0A       		.uleb128 0xa
 1184 00b5 00       		.byte	0x0
 1185 00b6 00       		.byte	0x0
 1186 00b7 10       		.uleb128 0x10
 1187 00b8 01       		.uleb128 0x1
 1188 00b9 01       		.byte	0x1
 1189 00ba 49       		.uleb128 0x49
 1190 00bb 13       		.uleb128 0x13
 1191 00bc 01       		.uleb128 0x1
 1192 00bd 13       		.uleb128 0x13
 1193 00be 00       		.byte	0x0
 1194 00bf 00       		.byte	0x0
 1195 00c0 11       		.uleb128 0x11
 1196 00c1 21       		.uleb128 0x21
 1197 00c2 00       		.byte	0x0
 1198 00c3 49       		.uleb128 0x49
 1199 00c4 13       		.uleb128 0x13
 1200 00c5 2F       		.uleb128 0x2f
 1201 00c6 0B       		.uleb128 0xb
 1202 00c7 00       		.byte	0x0
 1203 00c8 00       		.byte	0x0
 1204 00c9 12       		.uleb128 0x12
 1205 00ca 2E       		.uleb128 0x2e
 1206 00cb 00       		.byte	0x0
 1207 00cc 3F       		.uleb128 0x3f
 1208 00cd 0C       		.uleb128 0xc
 1209 00ce 03       		.uleb128 0x3
 1210 00cf 0E       		.uleb128 0xe
 1211 00d0 3A       		.uleb128 0x3a
 1212 00d1 0B       		.uleb128 0xb
 1213 00d2 3B       		.uleb128 0x3b
 1214 00d3 0B       		.uleb128 0xb
 1215 00d4 27       		.uleb128 0x27
ARM GAS  C:\Users\karunmj\AppData\Local\Temp\cczdrClK.s 			page 25


 1216 00d5 0C       		.uleb128 0xc
 1217 00d6 11       		.uleb128 0x11
 1218 00d7 01       		.uleb128 0x1
 1219 00d8 12       		.uleb128 0x12
 1220 00d9 01       		.uleb128 0x1
 1221 00da 40       		.uleb128 0x40
 1222 00db 06       		.uleb128 0x6
 1223 00dc 00       		.byte	0x0
 1224 00dd 00       		.byte	0x0
 1225 00de 13       		.uleb128 0x13
 1226 00df 2E       		.uleb128 0x2e
 1227 00e0 01       		.byte	0x1
 1228 00e1 3F       		.uleb128 0x3f
 1229 00e2 0C       		.uleb128 0xc
 1230 00e3 03       		.uleb128 0x3
 1231 00e4 0E       		.uleb128 0xe
 1232 00e5 3A       		.uleb128 0x3a
 1233 00e6 0B       		.uleb128 0xb
 1234 00e7 3B       		.uleb128 0x3b
 1235 00e8 0B       		.uleb128 0xb
 1236 00e9 27       		.uleb128 0x27
 1237 00ea 0C       		.uleb128 0xc
 1238 00eb 11       		.uleb128 0x11
 1239 00ec 01       		.uleb128 0x1
 1240 00ed 12       		.uleb128 0x12
 1241 00ee 01       		.uleb128 0x1
 1242 00ef 40       		.uleb128 0x40
 1243 00f0 06       		.uleb128 0x6
 1244 00f1 01       		.uleb128 0x1
 1245 00f2 13       		.uleb128 0x13
 1246 00f3 00       		.byte	0x0
 1247 00f4 00       		.byte	0x0
 1248 00f5 14       		.uleb128 0x14
 1249 00f6 05       		.uleb128 0x5
 1250 00f7 00       		.byte	0x0
 1251 00f8 03       		.uleb128 0x3
 1252 00f9 0E       		.uleb128 0xe
 1253 00fa 3A       		.uleb128 0x3a
 1254 00fb 0B       		.uleb128 0xb
 1255 00fc 3B       		.uleb128 0x3b
 1256 00fd 0B       		.uleb128 0xb
 1257 00fe 49       		.uleb128 0x49
 1258 00ff 13       		.uleb128 0x13
 1259 0100 02       		.uleb128 0x2
 1260 0101 0A       		.uleb128 0xa
 1261 0102 00       		.byte	0x0
 1262 0103 00       		.byte	0x0
 1263 0104 15       		.uleb128 0x15
 1264 0105 34       		.uleb128 0x34
 1265 0106 00       		.byte	0x0
 1266 0107 03       		.uleb128 0x3
 1267 0108 08       		.uleb128 0x8
 1268 0109 3A       		.uleb128 0x3a
 1269 010a 0B       		.uleb128 0xb
 1270 010b 3B       		.uleb128 0x3b
 1271 010c 0B       		.uleb128 0xb
 1272 010d 49       		.uleb128 0x49
ARM GAS  C:\Users\karunmj\AppData\Local\Temp\cczdrClK.s 			page 26


 1273 010e 13       		.uleb128 0x13
 1274 010f 02       		.uleb128 0x2
 1275 0110 0A       		.uleb128 0xa
 1276 0111 00       		.byte	0x0
 1277 0112 00       		.byte	0x0
 1278 0113 16       		.uleb128 0x16
 1279 0114 34       		.uleb128 0x34
 1280 0115 00       		.byte	0x0
 1281 0116 03       		.uleb128 0x3
 1282 0117 0E       		.uleb128 0xe
 1283 0118 3A       		.uleb128 0x3a
 1284 0119 0B       		.uleb128 0xb
 1285 011a 3B       		.uleb128 0x3b
 1286 011b 05       		.uleb128 0x5
 1287 011c 49       		.uleb128 0x49
 1288 011d 13       		.uleb128 0x13
 1289 011e 3F       		.uleb128 0x3f
 1290 011f 0C       		.uleb128 0xc
 1291 0120 3C       		.uleb128 0x3c
 1292 0121 0C       		.uleb128 0xc
 1293 0122 00       		.byte	0x0
 1294 0123 00       		.byte	0x0
 1295 0124 17       		.uleb128 0x17
 1296 0125 35       		.uleb128 0x35
 1297 0126 00       		.byte	0x0
 1298 0127 49       		.uleb128 0x49
 1299 0128 13       		.uleb128 0x13
 1300 0129 00       		.byte	0x0
 1301 012a 00       		.byte	0x0
 1302 012b 18       		.uleb128 0x18
 1303 012c 34       		.uleb128 0x34
 1304 012d 00       		.byte	0x0
 1305 012e 03       		.uleb128 0x3
 1306 012f 0E       		.uleb128 0xe
 1307 0130 3A       		.uleb128 0x3a
 1308 0131 0B       		.uleb128 0xb
 1309 0132 3B       		.uleb128 0x3b
 1310 0133 0B       		.uleb128 0xb
 1311 0134 49       		.uleb128 0x49
 1312 0135 13       		.uleb128 0x13
 1313 0136 3F       		.uleb128 0x3f
 1314 0137 0C       		.uleb128 0xc
 1315 0138 02       		.uleb128 0x2
 1316 0139 0A       		.uleb128 0xa
 1317 013a 00       		.byte	0x0
 1318 013b 00       		.byte	0x0
 1319 013c 00       		.byte	0x0
 1320              		.section	.debug_pubnames,"",%progbits
 1321 0000 BC000000 		.4byte	0xbc
 1322 0004 0200     		.2byte	0x2
 1323 0006 00000000 		.4byte	.Ldebug_info0
 1324 000a 4B030000 		.4byte	0x34b
 1325 000e 7A010000 		.4byte	0x17a
 1326 0012 6D61696E 		.ascii	"main\000"
 1326      00
 1327 0017 CA010000 		.4byte	0x1ca
 1328 001b 6973725F 		.ascii	"isr_timer\000"
ARM GAS  C:\Users\karunmj\AppData\Local\Temp\cczdrClK.s 			page 27


 1328      74696D65 
 1328      7200
 1329 0025 DF010000 		.4byte	0x1df
 1330 0029 636C6561 		.ascii	"clear_packet\000"
 1330      725F7061 
 1330      636B6574 
 1330      00
 1331 0036 27020000 		.4byte	0x227
 1332 003a 72746343 		.ascii	"rtcCallBackReceived\000"
 1332      616C6C42 
 1332      61636B52 
 1332      65636569 
 1332      76656400 
 1333 004e 4F020000 		.4byte	0x24f
 1334 0052 57726974 		.ascii	"Write_To_SD_Card\000"
 1334      655F546F 
 1334      5F53445F 
 1334      43617264 
 1334      00
 1335 0063 E0020000 		.4byte	0x2e0
 1336 0067 6D6F6465 		.ascii	"modem_state\000"
 1336      6D5F7374 
 1336      61746500 
 1337 0073 02030000 		.4byte	0x302
 1338 0077 64617461 		.ascii	"data_packet\000"
 1338      5F706163 
 1338      6B657400 
 1339 0083 14030000 		.4byte	0x314
 1340 0087 7061636B 		.ascii	"packet_ready\000"
 1340      65745F72 
 1340      65616479 
 1340      00
 1341 0094 26030000 		.4byte	0x326
 1342 0098 74616B65 		.ascii	"take_reading\000"
 1342      5F726561 
 1342      64696E67 
 1342      00
 1343 00a5 38030000 		.4byte	0x338
 1344 00a9 756C7472 		.ascii	"ultrasonic_reading\000"
 1344      61736F6E 
 1344      69635F72 
 1344      65616469 
 1344      6E6700
 1345 00bc 00000000 		.4byte	0x0
 1346              		.section	.debug_aranges,"",%progbits
 1347 0000 3C000000 		.4byte	0x3c
 1348 0004 0200     		.2byte	0x2
 1349 0006 00000000 		.4byte	.Ldebug_info0
 1350 000a 04       		.byte	0x4
 1351 000b 00       		.byte	0x0
 1352 000c 0000     		.2byte	0x0
 1353 000e 0000     		.2byte	0x0
 1354 0010 00000000 		.4byte	.LFB29
 1355 0014 86010000 		.4byte	.LFE29-.LFB29
 1356 0018 00000000 		.4byte	.LFB30
 1357 001c 0A000000 		.4byte	.LFE30-.LFB30
 1358 0020 00000000 		.4byte	.LFB31
ARM GAS  C:\Users\karunmj\AppData\Local\Temp\cczdrClK.s 			page 28


 1359 0024 48000000 		.4byte	.LFE31-.LFB31
 1360 0028 00000000 		.4byte	.LFB32
 1361 002c 28000000 		.4byte	.LFE32-.LFB32
 1362 0030 00000000 		.4byte	.LFB33
 1363 0034 74000000 		.4byte	.LFE33-.LFB33
 1364 0038 00000000 		.4byte	0x0
 1365 003c 00000000 		.4byte	0x0
 1366              		.section	.debug_ranges,"",%progbits
 1367              	.Ldebug_ranges0:
 1368 0000 00000000 		.4byte	.Ltext0
 1369 0004 00000000 		.4byte	.Letext0
 1370 0008 00000000 		.4byte	.LFB29
 1371 000c 86010000 		.4byte	.LFE29
 1372 0010 00000000 		.4byte	.LFB30
 1373 0014 0A000000 		.4byte	.LFE30
 1374 0018 00000000 		.4byte	.LFB31
 1375 001c 48000000 		.4byte	.LFE31
 1376 0020 00000000 		.4byte	.LFB32
 1377 0024 28000000 		.4byte	.LFE32
 1378 0028 00000000 		.4byte	.LFB33
 1379 002c 74000000 		.4byte	.LFE33
 1380 0030 00000000 		.4byte	0x0
 1381 0034 00000000 		.4byte	0x0
 1382              		.section	.debug_str,"MS",%progbits,1
 1383              	.LASF6:
 1384 0000 6C6F6E67 		.ascii	"long long int\000"
 1384      206C6F6E 
 1384      6720696E 
 1384      7400
 1385              	.LASF22:
 1386 000e 74656D70 		.ascii	"temp\000"
 1386      00
 1387              	.LASF44:
 1388 0013 74616B65 		.ascii	"take_reading\000"
 1388      5F726561 
 1388      64696E67 
 1388      00
 1389              	.LASF18:
 1390 0020 7765656B 		.ascii	"weekday\000"
 1390      64617900 
 1391              	.LASF20:
 1392 0028 79656172 		.ascii	"year\000"
 1392      00
 1393              	.LASF16:
 1394 002d 6D696E75 		.ascii	"minute\000"
 1394      746500
 1395              	.LASF29:
 1396 0034 7061636B 		.ascii	"packet_size\000"
 1396      65745F73 
 1396      697A6500 
 1397              	.LASF3:
 1398 0040 73686F72 		.ascii	"short unsigned int\000"
 1398      7420756E 
 1398      7369676E 
 1398      65642069 
 1398      6E7400
 1399              	.LASF34:
ARM GAS  C:\Users\karunmj\AppData\Local\Temp\cczdrClK.s 			page 29


 1400 0053 66696C65 		.ascii	"fileName\000"
 1400      4E616D65 
 1400      00
 1401              	.LASF12:
 1402 005c 646F7562 		.ascii	"double\000"
 1402      6C6500
 1403              	.LASF19:
 1404 0063 6D6F6E74 		.ascii	"month\000"
 1404      6800
 1405              	.LASF36:
 1406 0069 70446174 		.ascii	"pData\000"
 1406      6100
 1407              	.LASF38:
 1408 006f 7046696C 		.ascii	"pFile\000"
 1408      6500
 1409              	.LASF11:
 1410 0075 666C6F61 		.ascii	"float\000"
 1410      7400
 1411              	.LASF48:
 1412 007b 433A5C55 		.ascii	"C:\\Users\\karunmj\\Documents\\GitHub\\m2m\\hardwar"
 1412      73657273 
 1412      5C6B6172 
 1412      756E6D6A 
 1412      5C446F63 
 1413 00a8 655C7073 		.ascii	"e\\psoc5\\PSoC_Datalogger_SMS.cydsn\000"
 1413      6F63355C 
 1413      50536F43 
 1413      5F446174 
 1413      616C6F67 
 1414              	.LASF1:
 1415 00ca 756E7369 		.ascii	"unsigned char\000"
 1415      676E6564 
 1415      20636861 
 1415      7200
 1416              	.LASF47:
 1417 00d8 2E5C6D61 		.ascii	".\\main.c\000"
 1417      696E2E63 
 1417      00
 1418              	.LASF27:
 1419 00e1 73656E64 		.ascii	"sendBuffer\000"
 1419      42756666 
 1419      657200
 1420              	.LASF50:
 1421 00ec 6973725F 		.ascii	"isr_timer\000"
 1421      74696D65 
 1421      7200
 1422              	.LASF43:
 1423 00f6 7061636B 		.ascii	"packet_ready\000"
 1423      65745F72 
 1423      65616479 
 1423      00
 1424              	.LASF40:
 1425 0103 49544D5F 		.ascii	"ITM_RxBuffer\000"
 1425      52784275 
 1425      66666572 
 1425      00
 1426              	.LASF15:
ARM GAS  C:\Users\karunmj\AppData\Local\Temp\cczdrClK.s 			page 30


 1427 0110 7365636F 		.ascii	"second\000"
 1427      6E6400
 1428              	.LASF5:
 1429 0117 6C6F6E67 		.ascii	"long unsigned int\000"
 1429      20756E73 
 1429      69676E65 
 1429      6420696E 
 1429      7400
 1430              	.LASF21:
 1431 0129 4E656F52 		.ascii	"NeoRtcTimeStruct\000"
 1431      74635469 
 1431      6D655374 
 1431      72756374 
 1431      00
 1432              	.LASF49:
 1433 013a 6D61696E 		.ascii	"main\000"
 1433      00
 1434              	.LASF28:
 1435 013f 7061636B 		.ascii	"packet\000"
 1435      657400
 1436              	.LASF10:
 1437 0146 75696E74 		.ascii	"uint16\000"
 1437      313600
 1438              	.LASF45:
 1439 014d 756C7472 		.ascii	"ultrasonic_reading\000"
 1439      61736F6E 
 1439      69635F72 
 1439      65616469 
 1439      6E6700
 1440              	.LASF8:
 1441 0160 756E7369 		.ascii	"unsigned int\000"
 1441      676E6564 
 1441      20696E74 
 1441      00
 1442              	.LASF35:
 1443 016d 704D6F64 		.ascii	"pMode\000"
 1443      6500
 1444              	.LASF7:
 1445 0173 6C6F6E67 		.ascii	"long long unsigned int\000"
 1445      206C6F6E 
 1445      6720756E 
 1445      7369676E 
 1445      65642069 
 1446              	.LASF30:
 1447 018a 636C6561 		.ascii	"clear_packet\000"
 1447      725F7061 
 1447      636B6574 
 1447      00
 1448              	.LASF17:
 1449 0197 686F7572 		.ascii	"hour\000"
 1449      00
 1450              	.LASF0:
 1451 019c 7369676E 		.ascii	"signed char\000"
 1451      65642063 
 1451      68617200 
 1452              	.LASF14:
 1453 01a8 46535F46 		.ascii	"FS_FILE\000"
ARM GAS  C:\Users\karunmj\AppData\Local\Temp\cczdrClK.s 			page 31


 1453      494C4500 
 1454              	.LASF46:
 1455 01b0 474E5520 		.ascii	"GNU C 4.4.1\000"
 1455      4320342E 
 1455      342E3100 
 1456              	.LASF23:
 1457 01bc 64657074 		.ascii	"depth\000"
 1457      6800
 1458              	.LASF13:
 1459 01c2 63686172 		.ascii	"char\000"
 1459      00
 1460              	.LASF24:
 1461 01c7 76616C69 		.ascii	"valid\000"
 1461      6400
 1462              	.LASF26:
 1463 01cd 746D5F6E 		.ascii	"tm_neo\000"
 1463      656F00
 1464              	.LASF32:
 1465 01d4 616C6172 		.ascii	"alarmType\000"
 1465      6D547970 
 1465      6500
 1466              	.LASF2:
 1467 01de 73686F72 		.ascii	"short int\000"
 1467      7420696E 
 1467      7400
 1468              	.LASF9:
 1469 01e8 75696E74 		.ascii	"uint8\000"
 1469      3800
 1470              	.LASF31:
 1471 01ee 72746343 		.ascii	"rtcCallBackReceived\000"
 1471      616C6C42 
 1471      61636B52 
 1471      65636569 
 1471      76656400 
 1472              	.LASF39:
 1473 0202 7364566F 		.ascii	"sdVolName\000"
 1473      6C4E616D 
 1473      6500
 1474              	.LASF4:
 1475 020c 6C6F6E67 		.ascii	"long int\000"
 1475      20696E74 
 1475      00
 1476              	.LASF41:
 1477 0215 6D6F6465 		.ascii	"modem_state\000"
 1477      6D5F7374 
 1477      61746500 
 1478              	.LASF37:
 1479 0221 4E756D42 		.ascii	"NumBytes\000"
 1479      79746573 
 1479      00
 1480              	.LASF25:
 1481 022a 556C7472 		.ascii	"UltrasonicReading\000"
 1481      61736F6E 
 1481      69635265 
 1481      6164696E 
 1481      6700
 1482              	.LASF33:
ARM GAS  C:\Users\karunmj\AppData\Local\Temp\cczdrClK.s 			page 32


 1483 023c 57726974 		.ascii	"Write_To_SD_Card\000"
 1483      655F546F 
 1483      5F53445F 
 1483      43617264 
 1483      00
 1484              	.LASF42:
 1485 024d 64617461 		.ascii	"data_packet\000"
 1485      5F706163 
 1485      6B657400 
 1486              		.ident	"GCC: (Sourcery G++ Lite 2010q1-188) 4.4.1"
