ARM GAS  C:\Users\karunmj\AppData\Local\Temp\cc2sOn97.s 			page 1


   1              		.syntax unified
   2              		.cpu cortex-m3
   3              		.fpu softvfp
   4              		.eabi_attribute 20, 1
   5              		.eabi_attribute 21, 1
   6              		.eabi_attribute 23, 3
   7              		.eabi_attribute 24, 1
   8              		.eabi_attribute 25, 1
   9              		.eabi_attribute 26, 1
  10              		.eabi_attribute 30, 6
  11              		.eabi_attribute 18, 4
  12              		.thumb
  13              		.file	"modem.c"
  14              		.section	.debug_abbrev,"",%progbits
  15              	.Ldebug_abbrev0:
  16              		.section	.debug_info,"",%progbits
  17              	.Ldebug_info0:
  18              		.section	.debug_line,"",%progbits
  19              	.Ldebug_line0:
  20 0000 51010000 		.text
  20      02006200 
  20      00000201 
  20      FB0E0D00 
  20      01010101 
  21              	.Ltext0:
  22              		.cfi_sections	.debug_frame
  23              		.comm	modem_state,1,1
  24              		.comm	uart_received_string,256,4
  25              		.global	uart_string_index
  26              		.bss
  27              		.type	uart_string_index, %object
  28              		.size	uart_string_index, 1
  29              	uart_string_index:
  30 0000 00       		.space	1
  31              		.section	.text.modem_start,"ax",%progbits
  32              		.align	2
  33              		.global	modem_start
  34              		.thumb
  35              		.thumb_func
  36              		.type	modem_start, %function
  37              	modem_start:
  38              	.LFB29:
  39              		.file 1 ".\\modem.c"
   1:.\modem.c     **** ///* ========================================
   2:.\modem.c     **** // *
   3:.\modem.c     **** // * Copyright YOUR COMPANY, THE YEAR
   4:.\modem.c     **** // * All Rights Reserved
   5:.\modem.c     **** // * UNPUBLISHED, LICENSED SOFTWARE.
   6:.\modem.c     **** // *
   7:.\modem.c     **** // * CONFIDENTIAL AND PROPRIETARY INFORMATION
   8:.\modem.c     **** // * WHICH IS THE PROPERTY OF your company.
   9:.\modem.c     **** // *
  10:.\modem.c     **** // * ========================================
  11:.\modem.c     **** //*/
  12:.\modem.c     **** //
  13:.\modem.c     **** 
  14:.\modem.c     **** #include <device.h>
ARM GAS  C:\Users\karunmj\AppData\Local\Temp\cc2sOn97.s 			page 2


  15:.\modem.c     **** #include <string.h>
  16:.\modem.c     **** #include "modem.h"
  17:.\modem.c     **** 
  18:.\modem.c     **** // declare varaiables
  19:.\modem.c     **** uint8 uart_received_string[256];
  20:.\modem.c     **** uint8 uart_string_index = 0;
  21:.\modem.c     **** 
  22:.\modem.c     **** // prototype modem interrupt
  23:.\modem.c     **** CY_ISR_PROTO(isr_byte_rx);
  24:.\modem.c     **** 
  25:.\modem.c     **** // prototype functions
  26:.\modem.c     **** void uart_string_reset();
  27:.\modem.c     **** void at_command_write(uint8 uart_string, uint8 uart_timeout);
  28:.\modem.c     **** 
  29:.\modem.c     **** // initialize modem
  30:.\modem.c     **** void modem_start(){
  40              		.loc 1 30 0
  41              		.cfi_startproc
  42              		@ args = 0, pretend = 0, frame = 0
  43              		@ frame_needed = 1, uses_anonymous_args = 0
  44 0000 80B5     		push	{r7, lr}
  45              	.LCFI0:
  46              		.cfi_def_cfa_offset 8
  47 0002 00AF     		add	r7, sp, #0
  48              		.cfi_offset 14, -4
  49              		.cfi_offset 7, -8
  50              	.LCFI1:
  51              		.cfi_def_cfa_register 7
  31:.\modem.c     ****     uart_Start();
  52              		.loc 1 31 0
  53 0004 FFF7FEFF 		bl	uart_Start
  32:.\modem.c     ****     isr_byte_rx_StartEx(isr_byte_rx);
  54              		.loc 1 32 0
  55 0008 40F20000 		movw	r0, #:lower16:isr_byte_rx
  56 000c C0F20000 		movt	r0, #:upper16:isr_byte_rx
  57 0010 FFF7FEFF 		bl	isr_byte_rx_StartEx
  33:.\modem.c     ****     modem_state = MODEM_STATE_OFF;
  58              		.loc 1 33 0
  59 0014 40F20003 		movw	r3, #:lower16:modem_state
  60 0018 C0F20003 		movt	r3, #:upper16:modem_state
  61 001c 4FF00002 		mov	r2, #0
  62 0020 1A70     		strb	r2, [r3, #0]
  34:.\modem.c     **** }
  63              		.loc 1 34 0
  64 0022 80BD     		pop	{r7, pc}
  65              		.cfi_endproc
  66              	.LFE29:
  67              		.size	modem_start, .-modem_start
  68              		.section	.rodata
  69              		.align	2
  70              	.LC0:
  71 0000 00       		.ascii	"\000"
  72              		.section	.text.at_write_command,"ax",%progbits
  73              		.align	2
  74              		.global	at_write_command
  75              		.thumb
  76              		.thumb_func
ARM GAS  C:\Users\karunmj\AppData\Local\Temp\cc2sOn97.s 			page 3


  77              		.type	at_write_command, %function
  78              	at_write_command:
  79              	.LFB30:
  35:.\modem.c     **** 
  36:.\modem.c     **** // send at-command to modem
  37:.\modem.c     **** uint8 at_write_command(uint8* uart_string, uint8* expected_response, uint32 uart_timeout){
  80              		.loc 1 37 0
  81              		.cfi_startproc
  82              		@ args = 0, pretend = 0, frame = 40
  83              		@ frame_needed = 1, uses_anonymous_args = 0
  84 0000 80B5     		push	{r7, lr}
  85              	.LCFI2:
  86              		.cfi_def_cfa_offset 8
  87 0002 8AB0     		sub	sp, sp, #40
  88              	.LCFI3:
  89              		.cfi_def_cfa_offset 48
  90 0004 00AF     		add	r7, sp, #0
  91              		.cfi_offset 14, -4
  92              		.cfi_offset 7, -8
  93              	.LCFI4:
  94              		.cfi_def_cfa_register 7
  95 0006 F860     		str	r0, [r7, #12]
  96 0008 B960     		str	r1, [r7, #8]
  97 000a 7A60     		str	r2, [r7, #4]
  38:.\modem.c     ****     uint8 response = 0u;
  98              		.loc 1 38 0
  99 000c 4FF00003 		mov	r3, #0
 100 0010 FB75     		strb	r3, [r7, #23]
  39:.\modem.c     ****     uint32 i = 0u;
 101              		.loc 1 39 0
 102 0012 4FF00003 		mov	r3, #0
 103 0016 BB61     		str	r3, [r7, #24]
  40:.\modem.c     ****     uint32 delay = 100u;
 104              		.loc 1 40 0
 105 0018 4FF06403 		mov	r3, #100
 106 001c FB61     		str	r3, [r7, #28]
  41:.\modem.c     ****     uint32 interval = uart_timeout/delay;
 107              		.loc 1 41 0
 108 001e 7A68     		ldr	r2, [r7, #4]
 109 0020 FB69     		ldr	r3, [r7, #28]
 110 0022 B2FBF3F3 		udiv	r3, r2, r3
 111 0026 3B62     		str	r3, [r7, #32]
  42:.\modem.c     ****     
  43:.\modem.c     ****     uart_string_reset();
 112              		.loc 1 43 0
 113 0028 FFF7FEFF 		bl	uart_string_reset
  44:.\modem.c     ****     uart_PutString(uart_string);
 114              		.loc 1 44 0
 115 002c F868     		ldr	r0, [r7, #12]
 116 002e FFF7FEFF 		bl	uart_PutString
  45:.\modem.c     ****     
  46:.\modem.c     ****     if(expected_response != ""){
 117              		.loc 1 46 0
 118 0032 BA68     		ldr	r2, [r7, #8]
 119 0034 40F20003 		movw	r3, #:lower16:.LC0
 120 0038 C0F20003 		movt	r3, #:upper16:.LC0
 121 003c 9A42     		cmp	r2, r3
ARM GAS  C:\Users\karunmj\AppData\Local\Temp\cc2sOn97.s 			page 4


 122 003e 1ED0     		beq	.L4
  47:.\modem.c     ****         for(i=0;i<interval;i++){
 123              		.loc 1 47 0
 124 0040 4FF00003 		mov	r3, #0
 125 0044 BB61     		str	r3, [r7, #24]
 126 0046 16E0     		b	.L5
 127              	.L7:
 128              	.LBB2:
  48:.\modem.c     ****             uint16 valid = strstr(uart_received_string, expected_response);
 129              		.loc 1 48 0
 130 0048 40F20000 		movw	r0, #:lower16:uart_received_string
 131 004c C0F20000 		movt	r0, #:upper16:uart_received_string
 132 0050 B968     		ldr	r1, [r7, #8]
 133 0052 FFF7FEFF 		bl	strstr
 134 0056 0346     		mov	r3, r0
 135 0058 FB84     		strh	r3, [r7, #38]	@ movhi
  49:.\modem.c     ****             if(valid != NULL){
 136              		.loc 1 49 0
 137 005a FB8C     		ldrh	r3, [r7, #38]
 138 005c 002B     		cmp	r3, #0
 139 005e 03D0     		beq	.L6
  50:.\modem.c     ****                 response = 1u;
 140              		.loc 1 50 0
 141 0060 4FF00103 		mov	r3, #1
 142 0064 FB75     		strb	r3, [r7, #23]
  51:.\modem.c     ****                 break;
 143              		.loc 1 51 0
 144 0066 0AE0     		b	.L4
 145              	.L6:
  52:.\modem.c     ****             }
  53:.\modem.c     ****         CyDelay(delay);
 146              		.loc 1 53 0
 147 0068 F869     		ldr	r0, [r7, #28]
 148 006a FFF7FEFF 		bl	CyDelay
 149              	.LBE2:
 150              		.loc 1 47 0
 151 006e BB69     		ldr	r3, [r7, #24]
 152 0070 03F10103 		add	r3, r3, #1
 153 0074 BB61     		str	r3, [r7, #24]
 154              	.L5:
 155 0076 BA69     		ldr	r2, [r7, #24]
 156 0078 3B6A     		ldr	r3, [r7, #32]
 157 007a 9A42     		cmp	r2, r3
 158 007c E4D3     		bcc	.L7
 159              	.L4:
  54:.\modem.c     ****         }
  55:.\modem.c     ****     }
  56:.\modem.c     ****     
  57:.\modem.c     ****     return response;
 160              		.loc 1 57 0
 161 007e FB7D     		ldrb	r3, [r7, #23]	@ zero_extendqisi2
  58:.\modem.c     **** }
 162              		.loc 1 58 0
 163 0080 1846     		mov	r0, r3
 164 0082 07F12807 		add	r7, r7, #40
 165 0086 BD46     		mov	sp, r7
 166 0088 80BD     		pop	{r7, pc}
ARM GAS  C:\Users\karunmj\AppData\Local\Temp\cc2sOn97.s 			page 5


 167              		.cfi_endproc
 168              	.LFE30:
 169              		.size	at_write_command, .-at_write_command
 170 008a 00BF     		.section	.text.modem_power_on,"ax",%progbits
 171              		.align	2
 172              		.global	modem_power_on
 173              		.thumb
 174              		.thumb_func
 175              		.type	modem_power_on, %function
 176              	modem_power_on:
 177              	.LFB31:
  59:.\modem.c     **** 
  60:.\modem.c     **** uint8 modem_power_on(){
 178              		.loc 1 60 0
 179              		.cfi_startproc
 180              		@ args = 0, pretend = 0, frame = 0
 181              		@ frame_needed = 1, uses_anonymous_args = 0
 182 0000 80B5     		push	{r7, lr}
 183              	.LCFI5:
 184              		.cfi_def_cfa_offset 8
 185 0002 00AF     		add	r7, sp, #0
 186              		.cfi_offset 14, -4
 187              		.cfi_offset 7, -8
 188              	.LCFI6:
 189              		.cfi_def_cfa_register 7
  61:.\modem.c     ****     modem_voltage_pin_Write(0u); //provide power to modem
 190              		.loc 1 61 0
 191 0004 4FF00000 		mov	r0, #0
 192 0008 FFF7FEFF 		bl	modem_voltage_pin_Write
  62:.\modem.c     ****     modem_power_pin_Write(0u);
 193              		.loc 1 62 0
 194 000c 4FF00000 		mov	r0, #0
 195 0010 FFF7FEFF 		bl	modem_power_pin_Write
  63:.\modem.c     ****     CyDelay(1500u);
 196              		.loc 1 63 0
 197 0014 40F2DC50 		movw	r0, #1500
 198 0018 FFF7FEFF 		bl	CyDelay
  64:.\modem.c     ****     modem_power_pin_Write(1u);
 199              		.loc 1 64 0
 200 001c 4FF00100 		mov	r0, #1
 201 0020 FFF7FEFF 		bl	modem_power_pin_Write
  65:.\modem.c     ****     CyDelay(5000u);
 202              		.loc 1 65 0
 203 0024 41F28830 		movw	r0, #5000
 204 0028 FFF7FEFF 		bl	CyDelay
  66:.\modem.c     ****     modem_state = MODEM_STATE_IDLE;
 205              		.loc 1 66 0
 206 002c 40F20003 		movw	r3, #:lower16:modem_state
 207 0030 C0F20003 		movt	r3, #:upper16:modem_state
 208 0034 4FF00102 		mov	r2, #1
 209 0038 1A70     		strb	r2, [r3, #0]
  67:.\modem.c     **** }
 210              		.loc 1 67 0
 211 003a 80BD     		pop	{r7, pc}
 212              		.cfi_endproc
 213              	.LFE31:
 214              		.size	modem_power_on, .-modem_power_on
ARM GAS  C:\Users\karunmj\AppData\Local\Temp\cc2sOn97.s 			page 6


 215              		.section	.text.modem_power_off,"ax",%progbits
 216              		.align	2
 217              		.global	modem_power_off
 218              		.thumb
 219              		.thumb_func
 220              		.type	modem_power_off, %function
 221              	modem_power_off:
 222              	.LFB32:
  68:.\modem.c     **** 
  69:.\modem.c     **** uint8 modem_power_off(){
 223              		.loc 1 69 0
 224              		.cfi_startproc
 225              		@ args = 0, pretend = 0, frame = 0
 226              		@ frame_needed = 1, uses_anonymous_args = 0
 227 0000 80B5     		push	{r7, lr}
 228              	.LCFI7:
 229              		.cfi_def_cfa_offset 8
 230 0002 00AF     		add	r7, sp, #0
 231              		.cfi_offset 14, -4
 232              		.cfi_offset 7, -8
 233              	.LCFI8:
 234              		.cfi_def_cfa_register 7
  70:.\modem.c     ****     modem_power_pin_Write(0u);
 235              		.loc 1 70 0
 236 0004 4FF00000 		mov	r0, #0
 237 0008 FFF7FEFF 		bl	modem_power_pin_Write
  71:.\modem.c     ****     CyDelay(1500u);
 238              		.loc 1 71 0
 239 000c 40F2DC50 		movw	r0, #1500
 240 0010 FFF7FEFF 		bl	CyDelay
  72:.\modem.c     ****     modem_power_pin_Write(1u);
 241              		.loc 1 72 0
 242 0014 4FF00100 		mov	r0, #1
 243 0018 FFF7FEFF 		bl	modem_power_pin_Write
  73:.\modem.c     ****     CyDelay(5000u); // wait for module to turn off
 244              		.loc 1 73 0
 245 001c 41F28830 		movw	r0, #5000
 246 0020 FFF7FEFF 		bl	CyDelay
  74:.\modem.c     ****     modem_voltage_pin_Write(1u); // cut power to modem
 247              		.loc 1 74 0
 248 0024 4FF00100 		mov	r0, #1
 249 0028 FFF7FEFF 		bl	modem_voltage_pin_Write
  75:.\modem.c     ****     modem_state = MODEM_STATE_OFF;
 250              		.loc 1 75 0
 251 002c 40F20003 		movw	r3, #:lower16:modem_state
 252 0030 C0F20003 		movt	r3, #:upper16:modem_state
 253 0034 4FF00002 		mov	r2, #0
 254 0038 1A70     		strb	r2, [r3, #0]
  76:.\modem.c     **** }
 255              		.loc 1 76 0
 256 003a 80BD     		pop	{r7, pc}
 257              		.cfi_endproc
 258              	.LFE32:
 259              		.size	modem_power_off, .-modem_power_off
 260              		.section	.text.modem_reset,"ax",%progbits
 261              		.align	2
 262              		.global	modem_reset
ARM GAS  C:\Users\karunmj\AppData\Local\Temp\cc2sOn97.s 			page 7


 263              		.thumb
 264              		.thumb_func
 265              		.type	modem_reset, %function
 266              	modem_reset:
 267              	.LFB33:
  77:.\modem.c     **** 
  78:.\modem.c     **** uint8 modem_reset(){}
 268              		.loc 1 78 0
 269              		.cfi_startproc
 270              		@ args = 0, pretend = 0, frame = 0
 271              		@ frame_needed = 1, uses_anonymous_args = 0
 272              		@ link register save eliminated.
 273 0000 80B4     		push	{r7}
 274              	.LCFI9:
 275              		.cfi_def_cfa_offset 4
 276 0002 00AF     		add	r7, sp, #0
 277              		.cfi_offset 7, -4
 278              	.LCFI10:
 279              		.cfi_def_cfa_register 7
 280              		.loc 1 78 0
 281 0004 BD46     		mov	sp, r7
 282 0006 80BC     		pop	{r7}
 283 0008 7047     		bx	lr
 284              		.cfi_endproc
 285              	.LFE33:
 286              		.size	modem_reset, .-modem_reset
 287 000a 00BF     		.section	.rodata
 288 0001 000000   		.align	2
 289              	.LC1:
 290 0004 41542B43 		.ascii	"AT+CSQ\015\000"
 290      53510D00 
 291              		.align	2
 292              	.LC2:
 293 000c 4F4B00   		.ascii	"OK\000"
 294 000f 00       		.align	2
 295              	.LC3:
 296 0010 41542B43 		.ascii	"AT+CREG=1\015\000"
 296      5245473D 
 296      310D00
 297 001b 00       		.align	2
 298              	.LC4:
 299 001c 41542353 		.ascii	"AT#SCFG=1,1,0,0,1200,0\015\000"
 299      4346473D 
 299      312C312C 
 299      302C302C 
 299      31323030 
 300              		.align	2
 301              	.LC5:
 302 0034 41542343 		.ascii	"AT#CGPADDR=1\015\000"
 302      47504144 
 302      44523D31 
 302      0D00
 303 0042 0000     		.align	2
 304              	.LC6:
 305 0044 41542353 		.ascii	"AT#SGACT?\015\000"
 305      47414354 
 305      3F0D00
ARM GAS  C:\Users\karunmj\AppData\Local\Temp\cc2sOn97.s 			page 8


 306 004f 00       		.align	2
 307              	.LC7:
 308 0050 41542353 		.ascii	"AT#SGACT=1,1\015\000"
 308      47414354 
 308      3D312C31 
 308      0D00
 309              		.section	.text.modem_connect,"ax",%progbits
 310              		.align	2
 311              		.global	modem_connect
 312              		.thumb
 313              		.thumb_func
 314              		.type	modem_connect, %function
 315              	modem_connect:
 316              	.LFB34:
  79:.\modem.c     **** 
  80:.\modem.c     **** uint8 modem_connect(){
 317              		.loc 1 80 0
 318              		.cfi_startproc
 319              		@ args = 0, pretend = 0, frame = 8
 320              		@ frame_needed = 1, uses_anonymous_args = 0
 321 0000 80B5     		push	{r7, lr}
 322              	.LCFI11:
 323              		.cfi_def_cfa_offset 8
 324 0002 82B0     		sub	sp, sp, #8
 325              	.LCFI12:
 326              		.cfi_def_cfa_offset 16
 327 0004 00AF     		add	r7, sp, #0
 328              		.cfi_offset 14, -4
 329              		.cfi_offset 7, -8
 330              	.LCFI13:
 331              		.cfi_def_cfa_register 7
  81:.\modem.c     **** //    if(at_write_command("AT+CREG=1\r","OK",5000u)){
  82:.\modem.c     **** //        if(!at_write_command("AT#CGPADDR=1\r","\"",10000u)){
  83:.\modem.c     **** //            if(at_write_command("AT#SGACT=1,1\r","OK",30000u)){
  84:.\modem.c     **** //                return 1u; // connected to network
  85:.\modem.c     **** //            }
  86:.\modem.c     **** //        }
  87:.\modem.c     **** //    }
  88:.\modem.c     **** 
  89:.\modem.c     ****     at_write_command("AT+CSQ\r","OK",5000u); // get signal strength
 332              		.loc 1 89 0
 333 0006 40F20000 		movw	r0, #:lower16:.LC1
 334 000a C0F20000 		movt	r0, #:upper16:.LC1
 335 000e 40F20001 		movw	r1, #:lower16:.LC2
 336 0012 C0F20001 		movt	r1, #:upper16:.LC2
 337 0016 41F28832 		movw	r2, #5000
 338 001a FFF7FEFF 		bl	at_write_command
  90:.\modem.c     ****     at_write_command("AT+CREG=1\r","OK",5000u); // look for network
 339              		.loc 1 90 0
 340 001e 40F20000 		movw	r0, #:lower16:.LC3
 341 0022 C0F20000 		movt	r0, #:upper16:.LC3
 342 0026 40F20001 		movw	r1, #:lower16:.LC2
 343 002a C0F20001 		movt	r1, #:upper16:.LC2
 344 002e 41F28832 		movw	r2, #5000
 345 0032 FFF7FEFF 		bl	at_write_command
  91:.\modem.c     ****     at_write_command("AT#SCFG=1,1,0,0,1200,0\r","OK",5000u); // config parameter
 346              		.loc 1 91 0
ARM GAS  C:\Users\karunmj\AppData\Local\Temp\cc2sOn97.s 			page 9


 347 0036 40F20000 		movw	r0, #:lower16:.LC4
 348 003a C0F20000 		movt	r0, #:upper16:.LC4
 349 003e 40F20001 		movw	r1, #:lower16:.LC2
 350 0042 C0F20001 		movt	r1, #:upper16:.LC2
 351 0046 41F28832 		movw	r2, #5000
 352 004a FFF7FEFF 		bl	at_write_command
  92:.\modem.c     ****     at_write_command("AT#CGPADDR=1\r","OK",5000u); // check if ip address exists
 353              		.loc 1 92 0
 354 004e 40F20000 		movw	r0, #:lower16:.LC5
 355 0052 C0F20000 		movt	r0, #:upper16:.LC5
 356 0056 40F20001 		movw	r1, #:lower16:.LC2
 357 005a C0F20001 		movt	r1, #:upper16:.LC2
 358 005e 41F28832 		movw	r2, #5000
 359 0062 FFF7FEFF 		bl	at_write_command
  93:.\modem.c     ****     at_write_command("AT#SGACT?\r","OK",30000u);
 360              		.loc 1 93 0
 361 0066 40F20000 		movw	r0, #:lower16:.LC6
 362 006a C0F20000 		movt	r0, #:upper16:.LC6
 363 006e 40F20001 		movw	r1, #:lower16:.LC2
 364 0072 C0F20001 		movt	r1, #:upper16:.LC2
 365 0076 47F23052 		movw	r2, #30000
 366 007a FFF7FEFF 		bl	at_write_command
  94:.\modem.c     ****     uint8 success  = at_write_command("AT#SGACT=1,1\r","OK",30000u); // This command should return 
 367              		.loc 1 94 0
 368 007e 40F20000 		movw	r0, #:lower16:.LC7
 369 0082 C0F20000 		movt	r0, #:upper16:.LC7
 370 0086 40F20001 		movw	r1, #:lower16:.LC2
 371 008a C0F20001 		movt	r1, #:upper16:.LC2
 372 008e 47F23052 		movw	r2, #30000
 373 0092 FFF7FEFF 		bl	at_write_command
 374 0096 0346     		mov	r3, r0
 375 0098 FB71     		strb	r3, [r7, #7]
  95:.\modem.c     ****     //success = at_write_command("AT#SD=1,0,50000,\"141.212.136.222\",0,0,1\r","OK",5000u); // conn
  96:.\modem.c     ****     
  97:.\modem.c     ****     return success;
 376              		.loc 1 97 0
 377 009a FB79     		ldrb	r3, [r7, #7]	@ zero_extendqisi2
  98:.\modem.c     **** }
 378              		.loc 1 98 0
 379 009c 1846     		mov	r0, r3
 380 009e 07F10807 		add	r7, r7, #8
 381 00a2 BD46     		mov	sp, r7
 382 00a4 80BD     		pop	{r7, pc}
 383              		.cfi_endproc
 384              	.LFE34:
 385              		.size	modem_connect, .-modem_connect
 386 00a6 00BF     		.section	.rodata
 387 005e 0000     		.align	2
 388              	.LC8:
 389 0060 41542353 		.ascii	"AT#SH=1\000"
 389      483D3100 
 390              		.align	2
 391              	.LC9:
 392 0068 41542353 		.ascii	"AT#SGACT=1,0\000"
 392      47414354 
 392      3D312C30 
 392      00
ARM GAS  C:\Users\karunmj\AppData\Local\Temp\cc2sOn97.s 			page 10


 393              		.section	.text.modem_disconnect,"ax",%progbits
 394              		.align	2
 395              		.global	modem_disconnect
 396              		.thumb
 397              		.thumb_func
 398              		.type	modem_disconnect, %function
 399              	modem_disconnect:
 400              	.LFB35:
  99:.\modem.c     **** 
 100:.\modem.c     **** uint8 modem_disconnect(){
 401              		.loc 1 100 0
 402              		.cfi_startproc
 403              		@ args = 0, pretend = 0, frame = 0
 404              		@ frame_needed = 1, uses_anonymous_args = 0
 405 0000 80B5     		push	{r7, lr}
 406              	.LCFI14:
 407              		.cfi_def_cfa_offset 8
 408 0002 00AF     		add	r7, sp, #0
 409              		.cfi_offset 14, -4
 410              		.cfi_offset 7, -8
 411              	.LCFI15:
 412              		.cfi_def_cfa_register 7
 101:.\modem.c     ****     if(at_write_command("AT#SH=1","OK",15000u)){
 413              		.loc 1 101 0
 414 0004 40F20000 		movw	r0, #:lower16:.LC8
 415 0008 C0F20000 		movt	r0, #:upper16:.LC8
 416 000c 40F20001 		movw	r1, #:lower16:.LC2
 417 0010 C0F20001 		movt	r1, #:upper16:.LC2
 418 0014 43F69822 		movw	r2, #15000
 419 0018 FFF7FEFF 		bl	at_write_command
 420 001c 0346     		mov	r3, r0
 421 001e 002B     		cmp	r3, #0
 422 0020 11D0     		beq	.L18
 102:.\modem.c     ****         if(at_write_command("AT#SGACT=1,0","OK",15000u)){
 423              		.loc 1 102 0
 424 0022 40F20000 		movw	r0, #:lower16:.LC9
 425 0026 C0F20000 		movt	r0, #:upper16:.LC9
 426 002a 40F20001 		movw	r1, #:lower16:.LC2
 427 002e C0F20001 		movt	r1, #:upper16:.LC2
 428 0032 43F69822 		movw	r2, #15000
 429 0036 FFF7FEFF 		bl	at_write_command
 430 003a 0346     		mov	r3, r0
 431 003c 002B     		cmp	r3, #0
 432 003e 02D0     		beq	.L18
 103:.\modem.c     ****             return 1u;
 433              		.loc 1 103 0
 434 0040 4FF00103 		mov	r3, #1
 435 0044 01E0     		b	.L19
 436              	.L18:
 104:.\modem.c     ****         }
 105:.\modem.c     ****     }
 106:.\modem.c     **** 
 107:.\modem.c     ****     return 0u; // failed to disconnect
 437              		.loc 1 107 0
 438 0046 4FF00003 		mov	r3, #0
 439              	.L19:
 108:.\modem.c     **** }
ARM GAS  C:\Users\karunmj\AppData\Local\Temp\cc2sOn97.s 			page 11


 440              		.loc 1 108 0
 441 004a 1846     		mov	r0, r3
 442 004c 80BD     		pop	{r7, pc}
 443              		.cfi_endproc
 444              	.LFE35:
 445              		.size	modem_disconnect, .-modem_disconnect
 446 004e 00BF     		.section	.rodata
 447 0075 000000   		.align	2
 448              	.LC10:
 449 0078 41542353 		.ascii	"AT#SD=1,0,50030,\"184.72.228.61\",0,0,1\015\000"
 449      443D312C 
 449      302C3530 
 449      3033302C 
 449      22313834 
 450 009f 00       		.align	2
 451              	.LC11:
 452 00a0 41542353 		.ascii	"AT#SSEND=1\015\000"
 452      53454E44 
 452      3D310D00 
 453              		.align	2
 454              	.LC12:
 455 00ac 3E00     		.ascii	">\000"
 456 00ae 0000     		.align	2
 457              	.LC13:
 458 00b0 25731A00 		.ascii	"%s\032\000"
 459              		.section	.text.modem_send_packet,"ax",%progbits
 460              		.align	2
 461              		.global	modem_send_packet
 462              		.thumb
 463              		.thumb_func
 464              		.type	modem_send_packet, %function
 465              	modem_send_packet:
 466              	.LFB36:
 109:.\modem.c     **** 
 110:.\modem.c     **** // send packet to AWS server
 111:.\modem.c     **** uint8 modem_send_packet(uint8* packet){
 467              		.loc 1 111 0
 468              		.cfi_startproc
 469              		@ args = 0, pretend = 0, frame = 272
 470              		@ frame_needed = 1, uses_anonymous_args = 0
 471 0000 80B5     		push	{r7, lr}
 472              	.LCFI16:
 473              		.cfi_def_cfa_offset 8
 474 0002 C4B0     		sub	sp, sp, #272
 475              	.LCFI17:
 476              		.cfi_def_cfa_offset 280
 477 0004 00AF     		add	r7, sp, #0
 478              		.cfi_offset 14, -4
 479              		.cfi_offset 7, -8
 480              	.LCFI18:
 481              		.cfi_def_cfa_register 7
 482 0006 07F10403 		add	r3, r7, #4
 483 000a 1860     		str	r0, [r3, #0]
 112:.\modem.c     ****     // provide power to rx and tx pins
 113:.\modem.c     ****     //uart_rx_voltage_pin_Write(0u);
 114:.\modem.c     ****     //uart_tx_voltage_pin_Write(0u);
 115:.\modem.c     ****     
ARM GAS  C:\Users\karunmj\AppData\Local\Temp\cc2sOn97.s 			page 12


 116:.\modem.c     ****     // join network
 117:.\modem.c     ****     uint8 connected = modem_connect();
 484              		.loc 1 117 0
 485 000c FFF7FEFF 		bl	modem_connect
 486 0010 0346     		mov	r3, r0
 487 0012 87F80E31 		strb	r3, [r7, #270]
 118:.\modem.c     ****     
 119:.\modem.c     ****     // write to AWS server  - 184.72.228.61\",0,0,1
 120:.\modem.c     ****     if(at_write_command("AT#SD=1,0,50030,\"184.72.228.61\",0,0,1\r","OK",5000u) != 0){
 488              		.loc 1 120 0
 489 0016 40F20000 		movw	r0, #:lower16:.LC10
 490 001a C0F20000 		movt	r0, #:upper16:.LC10
 491 001e 40F20001 		movw	r1, #:lower16:.LC2
 492 0022 C0F20001 		movt	r1, #:upper16:.LC2
 493 0026 41F28832 		movw	r2, #5000
 494 002a FFF7FEFF 		bl	at_write_command
 495 002e 0346     		mov	r3, r0
 496 0030 002B     		cmp	r3, #0
 497 0032 32D0     		beq	.L22
 121:.\modem.c     ****         if(at_write_command("AT#SSEND=1\r",">",5000u) != 0){
 498              		.loc 1 121 0
 499 0034 40F20000 		movw	r0, #:lower16:.LC11
 500 0038 C0F20000 		movt	r0, #:upper16:.LC11
 501 003c 40F20001 		movw	r1, #:lower16:.LC12
 502 0040 C0F20001 		movt	r1, #:upper16:.LC12
 503 0044 41F28832 		movw	r2, #5000
 504 0048 FFF7FEFF 		bl	at_write_command
 505 004c 0346     		mov	r3, r0
 506 004e 002B     		cmp	r3, #0
 507 0050 23D0     		beq	.L22
 508              	.LBB3:
 122:.\modem.c     ****             //if(at_write_command(packet,"OK",20000u) != 0){
 123:.\modem.c     ****             uint8 sendBuffer[256];
 124:.\modem.c     ****             sprintf(sendBuffer, "%s\032", packet);
 509              		.loc 1 124 0
 510 0052 07F10C02 		add	r2, r7, #12
 511 0056 07F10403 		add	r3, r7, #4
 512 005a 1046     		mov	r0, r2
 513 005c 40F20001 		movw	r1, #:lower16:.LC13
 514 0060 C0F20001 		movt	r1, #:upper16:.LC13
 515 0064 1A68     		ldr	r2, [r3, #0]
 516 0066 FFF7FEFF 		bl	sprintf
 125:.\modem.c     ****             if(at_write_command(sendBuffer,"OK",20000u) != 0){
 517              		.loc 1 125 0
 518 006a 07F10C03 		add	r3, r7, #12
 519 006e 1846     		mov	r0, r3
 520 0070 40F20001 		movw	r1, #:lower16:.LC2
 521 0074 C0F20001 		movt	r1, #:upper16:.LC2
 522 0078 44F62062 		movw	r2, #20000
 523 007c FFF7FEFF 		bl	at_write_command
 524 0080 0346     		mov	r3, r0
 525 0082 002B     		cmp	r3, #0
 526 0084 09D0     		beq	.L22
 126:.\modem.c     ****                 modem_state = MODEM_STATE_IDLE;
 527              		.loc 1 126 0
 528 0086 40F20003 		movw	r3, #:lower16:modem_state
 529 008a C0F20003 		movt	r3, #:upper16:modem_state
ARM GAS  C:\Users\karunmj\AppData\Local\Temp\cc2sOn97.s 			page 13


 530 008e 4FF00102 		mov	r2, #1
 531 0092 1A70     		strb	r2, [r3, #0]
 127:.\modem.c     ****                 return 1u;   // return 1 if succesfully sent sms
 532              		.loc 1 127 0
 533 0094 4FF00103 		mov	r3, #1
 534 0098 06E0     		b	.L23
 535              	.L22:
 536              	.LBE3:
 128:.\modem.c     ****             }
 129:.\modem.c     ****         }
 130:.\modem.c     ****     }
 131:.\modem.c     ****     
 132:.\modem.c     ****     uint8 disconnected = modem_disconnect();
 537              		.loc 1 132 0
 538 009a FFF7FEFF 		bl	modem_disconnect
 539 009e 0346     		mov	r3, r0
 540 00a0 87F80F31 		strb	r3, [r7, #271]
 133:.\modem.c     ****     
 134:.\modem.c     ****     // cut power to rx and tx pins
 135:.\modem.c     ****     //uart_rx_voltage_pin_Write(1u);
 136:.\modem.c     ****     //uart_rx_voltage_pin_Write(1u);
 137:.\modem.c     ****     
 138:.\modem.c     ****     return 0u;   // return 0 if failure to send sms
 541              		.loc 1 138 0
 542 00a4 4FF00003 		mov	r3, #0
 543              	.L23:
 139:.\modem.c     **** }
 544              		.loc 1 139 0
 545 00a8 1846     		mov	r0, r3
 546 00aa 07F58877 		add	r7, r7, #272
 547 00ae BD46     		mov	sp, r7
 548 00b0 80BD     		pop	{r7, pc}
 549              		.cfi_endproc
 550              	.LFE36:
 551              		.size	modem_send_packet, .-modem_send_packet
 552 00b2 00BF     		.section	.text.uart_string_reset,"ax",%progbits
 553              		.align	2
 554              		.global	uart_string_reset
 555              		.thumb
 556              		.thumb_func
 557              		.type	uart_string_reset, %function
 558              	uart_string_reset:
 559              	.LFB37:
 140:.\modem.c     **** 
 141:.\modem.c     **** void uart_string_reset(){
 560              		.loc 1 141 0
 561              		.cfi_startproc
 562              		@ args = 0, pretend = 0, frame = 8
 563              		@ frame_needed = 1, uses_anonymous_args = 0
 564 0000 80B5     		push	{r7, lr}
 565              	.LCFI19:
 566              		.cfi_def_cfa_offset 8
 567 0002 82B0     		sub	sp, sp, #8
 568              	.LCFI20:
 569              		.cfi_def_cfa_offset 16
 570 0004 00AF     		add	r7, sp, #0
 571              		.cfi_offset 14, -4
ARM GAS  C:\Users\karunmj\AppData\Local\Temp\cc2sOn97.s 			page 14


 572              		.cfi_offset 7, -8
 573              	.LCFI21:
 574              		.cfi_def_cfa_register 7
 142:.\modem.c     ****     // reset uart_received_string to zero
 143:.\modem.c     ****     uint8 i = 0;
 575              		.loc 1 143 0
 576 0006 4FF00003 		mov	r3, #0
 577 000a FB71     		strb	r3, [r7, #7]
 144:.\modem.c     ****     
 145:.\modem.c     ****     for(i = 0; i < 128; i++){
 578              		.loc 1 145 0
 579 000c 4FF00003 		mov	r3, #0
 580 0010 FB71     		strb	r3, [r7, #7]
 581 0012 0BE0     		b	.L26
 582              	.L27:
 146:.\modem.c     ****         uart_received_string[i] = 0;
 583              		.loc 1 146 0
 584 0014 FA79     		ldrb	r2, [r7, #7]	@ zero_extendqisi2
 585 0016 40F20003 		movw	r3, #:lower16:uart_received_string
 586 001a C0F20003 		movt	r3, #:upper16:uart_received_string
 587 001e 4FF00001 		mov	r1, #0
 588 0022 9954     		strb	r1, [r3, r2]
 589              		.loc 1 145 0
 590 0024 FB79     		ldrb	r3, [r7, #7]
 591 0026 03F10103 		add	r3, r3, #1
 592 002a FB71     		strb	r3, [r7, #7]
 593              	.L26:
 594 002c FB79     		ldrb	r3, [r7, #7]	@ zero_extendqisi2
 595 002e 5BB2     		sxtb	r3, r3
 596 0030 002B     		cmp	r3, #0
 597 0032 EFDA     		bge	.L27
 147:.\modem.c     ****     }
 148:.\modem.c     ****     uart_string_index = 0;
 598              		.loc 1 148 0
 599 0034 40F20003 		movw	r3, #:lower16:uart_string_index
 600 0038 C0F20003 		movt	r3, #:upper16:uart_string_index
 601 003c 4FF00002 		mov	r2, #0
 602 0040 1A70     		strb	r2, [r3, #0]
 149:.\modem.c     ****     uart_ClearRxBuffer();
 603              		.loc 1 149 0
 604 0042 FFF7FEFF 		bl	uart_ClearRxBuffer
 150:.\modem.c     **** }
 605              		.loc 1 150 0
 606 0046 07F10807 		add	r7, r7, #8
 607 004a BD46     		mov	sp, r7
 608 004c 80BD     		pop	{r7, pc}
 609              		.cfi_endproc
 610              	.LFE37:
 611              		.size	uart_string_reset, .-uart_string_reset
 612 004e 00BF     		.section	.text.isr_byte_rx,"ax",%progbits
 613              		.align	2
 614              		.global	isr_byte_rx
 615              		.thumb
 616              		.thumb_func
 617              		.type	isr_byte_rx, %function
 618              	isr_byte_rx:
 619              	.LFB38:
ARM GAS  C:\Users\karunmj\AppData\Local\Temp\cc2sOn97.s 			page 15


 151:.\modem.c     **** 
 152:.\modem.c     **** // this function fires when uart rx receives bytes (when modem is sending bytes)
 153:.\modem.c     **** CY_ISR(isr_byte_rx){
 620              		.loc 1 153 0
 621              		.cfi_startproc
 622              		@ args = 0, pretend = 0, frame = 8
 623              		@ frame_needed = 1, uses_anonymous_args = 0
 624 0000 80B5     		push	{r7, lr}
 625              	.LCFI22:
 626              		.cfi_def_cfa_offset 8
 627 0002 82B0     		sub	sp, sp, #8
 628              	.LCFI23:
 629              		.cfi_def_cfa_offset 16
 630 0004 00AF     		add	r7, sp, #0
 631              		.cfi_offset 14, -4
 632              		.cfi_offset 7, -8
 633              	.LCFI24:
 634              		.cfi_def_cfa_register 7
 154:.\modem.c     ****     // hold the next char in the rx register as a temporary variable
 155:.\modem.c     ****     uint8 rx_char_hold = uart_GetChar();
 635              		.loc 1 155 0
 636 0006 FFF7FEFF 		bl	uart_GetChar
 637 000a 0346     		mov	r3, r0
 638 000c FB71     		strb	r3, [r7, #7]
 156:.\modem.c     ****     
 157:.\modem.c     ****     // store the char in uart_received_string
 158:.\modem.c     ****     if(rx_char_hold){
 639              		.loc 1 158 0
 640 000e FB79     		ldrb	r3, [r7, #7]	@ zero_extendqisi2
 641 0010 002B     		cmp	r3, #0
 642 0012 18D0     		beq	.L31
 159:.\modem.c     ****         uart_received_string[uart_string_index] = rx_char_hold;
 643              		.loc 1 159 0
 644 0014 40F20003 		movw	r3, #:lower16:uart_string_index
 645 0018 C0F20003 		movt	r3, #:upper16:uart_string_index
 646 001c 1B78     		ldrb	r3, [r3, #0]	@ zero_extendqisi2
 647 001e 1A46     		mov	r2, r3
 648 0020 40F20003 		movw	r3, #:lower16:uart_received_string
 649 0024 C0F20003 		movt	r3, #:upper16:uart_received_string
 650 0028 F979     		ldrb	r1, [r7, #7]
 651 002a 9954     		strb	r1, [r3, r2]
 160:.\modem.c     ****         uart_string_index++;
 652              		.loc 1 160 0
 653 002c 40F20003 		movw	r3, #:lower16:uart_string_index
 654 0030 C0F20003 		movt	r3, #:upper16:uart_string_index
 655 0034 1B78     		ldrb	r3, [r3, #0]	@ zero_extendqisi2
 656 0036 03F10103 		add	r3, r3, #1
 657 003a DAB2     		uxtb	r2, r3
 658 003c 40F20003 		movw	r3, #:lower16:uart_string_index
 659 0040 C0F20003 		movt	r3, #:upper16:uart_string_index
 660 0044 1A70     		strb	r2, [r3, #0]
 661              	.L31:
 161:.\modem.c     ****     }
 162:.\modem.c     **** }
 662              		.loc 1 162 0
 663 0046 07F10807 		add	r7, r7, #8
 664 004a BD46     		mov	sp, r7
ARM GAS  C:\Users\karunmj\AppData\Local\Temp\cc2sOn97.s 			page 16


 665 004c 80BD     		pop	{r7, pc}
 666              		.cfi_endproc
 667              	.LFE38:
 668              		.size	isr_byte_rx, .-isr_byte_rx
 669 004e 00BF     		.text
 670              	.Letext0:
 671              		.section	.debug_loc,"",%progbits
 672              	.Ldebug_loc0:
 673              	.LLST0:
 674 0000 00000000 		.4byte	.LFB29
 675 0004 02000000 		.4byte	.LCFI0
 676 0008 0100     		.2byte	0x1
 677 000a 5D       		.byte	0x5d
 678 000b 02000000 		.4byte	.LCFI0
 679 000f 04000000 		.4byte	.LCFI1
 680 0013 0200     		.2byte	0x2
 681 0015 7D       		.byte	0x7d
 682 0016 08       		.sleb128 8
 683 0017 04000000 		.4byte	.LCFI1
 684 001b 24000000 		.4byte	.LFE29
 685 001f 0200     		.2byte	0x2
 686 0021 77       		.byte	0x77
 687 0022 08       		.sleb128 8
 688 0023 00000000 		.4byte	0x0
 689 0027 00000000 		.4byte	0x0
 690              	.LLST1:
 691 002b 00000000 		.4byte	.LFB30
 692 002f 02000000 		.4byte	.LCFI2
 693 0033 0100     		.2byte	0x1
 694 0035 5D       		.byte	0x5d
 695 0036 02000000 		.4byte	.LCFI2
 696 003a 04000000 		.4byte	.LCFI3
 697 003e 0200     		.2byte	0x2
 698 0040 7D       		.byte	0x7d
 699 0041 08       		.sleb128 8
 700 0042 04000000 		.4byte	.LCFI3
 701 0046 06000000 		.4byte	.LCFI4
 702 004a 0200     		.2byte	0x2
 703 004c 7D       		.byte	0x7d
 704 004d 30       		.sleb128 48
 705 004e 06000000 		.4byte	.LCFI4
 706 0052 8A000000 		.4byte	.LFE30
 707 0056 0200     		.2byte	0x2
 708 0058 77       		.byte	0x77
 709 0059 30       		.sleb128 48
 710 005a 00000000 		.4byte	0x0
 711 005e 00000000 		.4byte	0x0
 712              	.LLST2:
 713 0062 00000000 		.4byte	.LFB31
 714 0066 02000000 		.4byte	.LCFI5
 715 006a 0100     		.2byte	0x1
 716 006c 5D       		.byte	0x5d
 717 006d 02000000 		.4byte	.LCFI5
 718 0071 04000000 		.4byte	.LCFI6
 719 0075 0200     		.2byte	0x2
 720 0077 7D       		.byte	0x7d
 721 0078 08       		.sleb128 8
ARM GAS  C:\Users\karunmj\AppData\Local\Temp\cc2sOn97.s 			page 17


 722 0079 04000000 		.4byte	.LCFI6
 723 007d 3C000000 		.4byte	.LFE31
 724 0081 0200     		.2byte	0x2
 725 0083 77       		.byte	0x77
 726 0084 08       		.sleb128 8
 727 0085 00000000 		.4byte	0x0
 728 0089 00000000 		.4byte	0x0
 729              	.LLST3:
 730 008d 00000000 		.4byte	.LFB32
 731 0091 02000000 		.4byte	.LCFI7
 732 0095 0100     		.2byte	0x1
 733 0097 5D       		.byte	0x5d
 734 0098 02000000 		.4byte	.LCFI7
 735 009c 04000000 		.4byte	.LCFI8
 736 00a0 0200     		.2byte	0x2
 737 00a2 7D       		.byte	0x7d
 738 00a3 08       		.sleb128 8
 739 00a4 04000000 		.4byte	.LCFI8
 740 00a8 3C000000 		.4byte	.LFE32
 741 00ac 0200     		.2byte	0x2
 742 00ae 77       		.byte	0x77
 743 00af 08       		.sleb128 8
 744 00b0 00000000 		.4byte	0x0
 745 00b4 00000000 		.4byte	0x0
 746              	.LLST4:
 747 00b8 00000000 		.4byte	.LFB33
 748 00bc 02000000 		.4byte	.LCFI9
 749 00c0 0100     		.2byte	0x1
 750 00c2 5D       		.byte	0x5d
 751 00c3 02000000 		.4byte	.LCFI9
 752 00c7 04000000 		.4byte	.LCFI10
 753 00cb 0200     		.2byte	0x2
 754 00cd 7D       		.byte	0x7d
 755 00ce 04       		.sleb128 4
 756 00cf 04000000 		.4byte	.LCFI10
 757 00d3 0A000000 		.4byte	.LFE33
 758 00d7 0200     		.2byte	0x2
 759 00d9 77       		.byte	0x77
 760 00da 04       		.sleb128 4
 761 00db 00000000 		.4byte	0x0
 762 00df 00000000 		.4byte	0x0
 763              	.LLST5:
 764 00e3 00000000 		.4byte	.LFB34
 765 00e7 02000000 		.4byte	.LCFI11
 766 00eb 0100     		.2byte	0x1
 767 00ed 5D       		.byte	0x5d
 768 00ee 02000000 		.4byte	.LCFI11
 769 00f2 04000000 		.4byte	.LCFI12
 770 00f6 0200     		.2byte	0x2
 771 00f8 7D       		.byte	0x7d
 772 00f9 08       		.sleb128 8
 773 00fa 04000000 		.4byte	.LCFI12
 774 00fe 06000000 		.4byte	.LCFI13
 775 0102 0200     		.2byte	0x2
 776 0104 7D       		.byte	0x7d
 777 0105 10       		.sleb128 16
 778 0106 06000000 		.4byte	.LCFI13
ARM GAS  C:\Users\karunmj\AppData\Local\Temp\cc2sOn97.s 			page 18


 779 010a A6000000 		.4byte	.LFE34
 780 010e 0200     		.2byte	0x2
 781 0110 77       		.byte	0x77
 782 0111 10       		.sleb128 16
 783 0112 00000000 		.4byte	0x0
 784 0116 00000000 		.4byte	0x0
 785              	.LLST6:
 786 011a 00000000 		.4byte	.LFB35
 787 011e 02000000 		.4byte	.LCFI14
 788 0122 0100     		.2byte	0x1
 789 0124 5D       		.byte	0x5d
 790 0125 02000000 		.4byte	.LCFI14
 791 0129 04000000 		.4byte	.LCFI15
 792 012d 0200     		.2byte	0x2
 793 012f 7D       		.byte	0x7d
 794 0130 08       		.sleb128 8
 795 0131 04000000 		.4byte	.LCFI15
 796 0135 4E000000 		.4byte	.LFE35
 797 0139 0200     		.2byte	0x2
 798 013b 77       		.byte	0x77
 799 013c 08       		.sleb128 8
 800 013d 00000000 		.4byte	0x0
 801 0141 00000000 		.4byte	0x0
 802              	.LLST7:
 803 0145 00000000 		.4byte	.LFB36
 804 0149 02000000 		.4byte	.LCFI16
 805 014d 0100     		.2byte	0x1
 806 014f 5D       		.byte	0x5d
 807 0150 02000000 		.4byte	.LCFI16
 808 0154 04000000 		.4byte	.LCFI17
 809 0158 0200     		.2byte	0x2
 810 015a 7D       		.byte	0x7d
 811 015b 08       		.sleb128 8
 812 015c 04000000 		.4byte	.LCFI17
 813 0160 06000000 		.4byte	.LCFI18
 814 0164 0300     		.2byte	0x3
 815 0166 7D       		.byte	0x7d
 816 0167 9802     		.sleb128 280
 817 0169 06000000 		.4byte	.LCFI18
 818 016d B2000000 		.4byte	.LFE36
 819 0171 0300     		.2byte	0x3
 820 0173 77       		.byte	0x77
 821 0174 9802     		.sleb128 280
 822 0176 00000000 		.4byte	0x0
 823 017a 00000000 		.4byte	0x0
 824              	.LLST8:
 825 017e 00000000 		.4byte	.LFB37
 826 0182 02000000 		.4byte	.LCFI19
 827 0186 0100     		.2byte	0x1
 828 0188 5D       		.byte	0x5d
 829 0189 02000000 		.4byte	.LCFI19
 830 018d 04000000 		.4byte	.LCFI20
 831 0191 0200     		.2byte	0x2
 832 0193 7D       		.byte	0x7d
 833 0194 08       		.sleb128 8
 834 0195 04000000 		.4byte	.LCFI20
 835 0199 06000000 		.4byte	.LCFI21
ARM GAS  C:\Users\karunmj\AppData\Local\Temp\cc2sOn97.s 			page 19


 836 019d 0200     		.2byte	0x2
 837 019f 7D       		.byte	0x7d
 838 01a0 10       		.sleb128 16
 839 01a1 06000000 		.4byte	.LCFI21
 840 01a5 4E000000 		.4byte	.LFE37
 841 01a9 0200     		.2byte	0x2
 842 01ab 77       		.byte	0x77
 843 01ac 10       		.sleb128 16
 844 01ad 00000000 		.4byte	0x0
 845 01b1 00000000 		.4byte	0x0
 846              	.LLST9:
 847 01b5 00000000 		.4byte	.LFB38
 848 01b9 02000000 		.4byte	.LCFI22
 849 01bd 0100     		.2byte	0x1
 850 01bf 5D       		.byte	0x5d
 851 01c0 02000000 		.4byte	.LCFI22
 852 01c4 04000000 		.4byte	.LCFI23
 853 01c8 0200     		.2byte	0x2
 854 01ca 7D       		.byte	0x7d
 855 01cb 08       		.sleb128 8
 856 01cc 04000000 		.4byte	.LCFI23
 857 01d0 06000000 		.4byte	.LCFI24
 858 01d4 0200     		.2byte	0x2
 859 01d6 7D       		.byte	0x7d
 860 01d7 10       		.sleb128 16
 861 01d8 06000000 		.4byte	.LCFI24
 862 01dc 4E000000 		.4byte	.LFE38
 863 01e0 0200     		.2byte	0x2
 864 01e2 77       		.byte	0x77
 865 01e3 10       		.sleb128 16
 866 01e4 00000000 		.4byte	0x0
 867 01e8 00000000 		.4byte	0x0
 868              		.file 2 "./Generated_Source/PSoC5/cytypes.h"
 869              		.file 3 "./Generated_Source/PSoC5/core_cm3.h"
 870              		.file 4 ".\\/modem.h"
 871              		.section	.debug_info
 872 0000 E8020000 		.4byte	0x2e8
 873 0004 0200     		.2byte	0x2
 874 0006 00000000 		.4byte	.Ldebug_abbrev0
 875 000a 04       		.byte	0x4
 876 000b 01       		.uleb128 0x1
 877 000c CB010000 		.4byte	.LASF40
 878 0010 01       		.byte	0x1
 879 0011 B8010000 		.4byte	.LASF41
 880 0015 AA000000 		.4byte	.LASF42
 881 0019 00000000 		.4byte	0x0
 882 001d 00000000 		.4byte	0x0
 883 0021 00000000 		.4byte	.Ldebug_ranges0+0x0
 884 0025 00000000 		.4byte	.Ldebug_line0
 885 0029 02       		.uleb128 0x2
 886 002a 01       		.byte	0x1
 887 002b 06       		.byte	0x6
 888 002c 2F020000 		.4byte	.LASF0
 889 0030 02       		.uleb128 0x2
 890 0031 01       		.byte	0x1
 891 0032 08       		.byte	0x8
 892 0033 F9000000 		.4byte	.LASF1
ARM GAS  C:\Users\karunmj\AppData\Local\Temp\cc2sOn97.s 			page 20


 893 0037 02       		.uleb128 0x2
 894 0038 02       		.byte	0x2
 895 0039 05       		.byte	0x5
 896 003a EE010000 		.4byte	.LASF2
 897 003e 02       		.uleb128 0x2
 898 003f 02       		.byte	0x2
 899 0040 07       		.byte	0x7
 900 0041 65000000 		.4byte	.LASF3
 901 0045 02       		.uleb128 0x2
 902 0046 04       		.byte	0x4
 903 0047 05       		.byte	0x5
 904 0048 0E020000 		.4byte	.LASF4
 905 004c 02       		.uleb128 0x2
 906 004d 04       		.byte	0x4
 907 004e 07       		.byte	0x7
 908 004f 82010000 		.4byte	.LASF5
 909 0053 02       		.uleb128 0x2
 910 0054 08       		.byte	0x8
 911 0055 05       		.byte	0x5
 912 0056 00000000 		.4byte	.LASF6
 913 005a 02       		.uleb128 0x2
 914 005b 08       		.byte	0x8
 915 005c 07       		.byte	0x7
 916 005d A1010000 		.4byte	.LASF7
 917 0061 03       		.uleb128 0x3
 918 0062 04       		.byte	0x4
 919 0063 05       		.byte	0x5
 920 0064 696E7400 		.ascii	"int\000"
 921 0068 02       		.uleb128 0x2
 922 0069 04       		.byte	0x4
 923 006a 07       		.byte	0x7
 924 006b 94010000 		.4byte	.LASF8
 925 006f 04       		.uleb128 0x4
 926 0070 8A000000 		.4byte	.LASF9
 927 0074 02       		.byte	0x2
 928 0075 4C       		.byte	0x4c
 929 0076 30000000 		.4byte	0x30
 930 007a 04       		.uleb128 0x4
 931 007b 6A010000 		.4byte	.LASF10
 932 007f 02       		.byte	0x2
 933 0080 4D       		.byte	0x4d
 934 0081 3E000000 		.4byte	0x3e
 935 0085 04       		.uleb128 0x4
 936 0086 71010000 		.4byte	.LASF11
 937 008a 02       		.byte	0x2
 938 008b 4E       		.byte	0x4e
 939 008c 4C000000 		.4byte	0x4c
 940 0090 02       		.uleb128 0x2
 941 0091 04       		.byte	0x4
 942 0092 04       		.byte	0x4
 943 0093 9E000000 		.4byte	.LASF12
 944 0097 02       		.uleb128 0x2
 945 0098 08       		.byte	0x8
 946 0099 04       		.byte	0x4
 947 009a 3B020000 		.4byte	.LASF13
 948 009e 02       		.uleb128 0x2
 949 009f 01       		.byte	0x1
ARM GAS  C:\Users\karunmj\AppData\Local\Temp\cc2sOn97.s 			page 21


 950 00a0 08       		.byte	0x8
 951 00a1 D7010000 		.4byte	.LASF14
 952 00a5 05       		.uleb128 0x5
 953 00a6 04       		.byte	0x4
 954 00a7 07       		.byte	0x7
 955 00a8 06       		.uleb128 0x6
 956 00a9 01       		.byte	0x1
 957 00aa 42020000 		.4byte	.LASF43
 958 00ae 01       		.byte	0x1
 959 00af 1E       		.byte	0x1e
 960 00b0 00000000 		.4byte	.LFB29
 961 00b4 24000000 		.4byte	.LFE29
 962 00b8 00000000 		.4byte	.LLST0
 963 00bc 07       		.uleb128 0x7
 964 00bd 01       		.byte	0x1
 965 00be 1D000000 		.4byte	.LASF27
 966 00c2 01       		.byte	0x1
 967 00c3 25       		.byte	0x25
 968 00c4 01       		.byte	0x1
 969 00c5 6F000000 		.4byte	0x6f
 970 00c9 00000000 		.4byte	.LFB30
 971 00cd 8A000000 		.4byte	.LFE30
 972 00d1 2B000000 		.4byte	.LLST1
 973 00d5 52010000 		.4byte	0x152
 974 00d9 08       		.uleb128 0x8
 975 00da 57010000 		.4byte	.LASF15
 976 00de 01       		.byte	0x1
 977 00df 25       		.byte	0x25
 978 00e0 52010000 		.4byte	0x152
 979 00e4 02       		.byte	0x2
 980 00e5 91       		.byte	0x91
 981 00e6 5C       		.sleb128 -36
 982 00e7 08       		.uleb128 0x8
 983 00e8 07010000 		.4byte	.LASF16
 984 00ec 01       		.byte	0x1
 985 00ed 25       		.byte	0x25
 986 00ee 52010000 		.4byte	0x152
 987 00f2 02       		.byte	0x2
 988 00f3 91       		.byte	0x91
 989 00f4 58       		.sleb128 -40
 990 00f5 08       		.uleb128 0x8
 991 00f6 01020000 		.4byte	.LASF17
 992 00fa 01       		.byte	0x1
 993 00fb 25       		.byte	0x25
 994 00fc 85000000 		.4byte	0x85
 995 0100 02       		.byte	0x2
 996 0101 91       		.byte	0x91
 997 0102 54       		.sleb128 -44
 998 0103 09       		.uleb128 0x9
 999 0104 C2010000 		.4byte	.LASF18
 1000 0108 01       		.byte	0x1
 1001 0109 26       		.byte	0x26
 1002 010a 6F000000 		.4byte	0x6f
 1003 010e 02       		.byte	0x2
 1004 010f 91       		.byte	0x91
 1005 0110 67       		.sleb128 -25
 1006 0111 0A       		.uleb128 0xa
ARM GAS  C:\Users\karunmj\AppData\Local\Temp\cc2sOn97.s 			page 22


 1007 0112 6900     		.ascii	"i\000"
 1008 0114 01       		.byte	0x1
 1009 0115 27       		.byte	0x27
 1010 0116 85000000 		.4byte	0x85
 1011 011a 02       		.byte	0x2
 1012 011b 91       		.byte	0x91
 1013 011c 68       		.sleb128 -24
 1014 011d 09       		.uleb128 0x9
 1015 011e A4000000 		.4byte	.LASF19
 1016 0122 01       		.byte	0x1
 1017 0123 28       		.byte	0x28
 1018 0124 85000000 		.4byte	0x85
 1019 0128 02       		.byte	0x2
 1020 0129 91       		.byte	0x91
 1021 012a 6C       		.sleb128 -20
 1022 012b 09       		.uleb128 0x9
 1023 012c F8010000 		.4byte	.LASF20
 1024 0130 01       		.byte	0x1
 1025 0131 29       		.byte	0x29
 1026 0132 85000000 		.4byte	0x85
 1027 0136 02       		.byte	0x2
 1028 0137 91       		.byte	0x91
 1029 0138 70       		.sleb128 -16
 1030 0139 0B       		.uleb128 0xb
 1031 013a 48000000 		.4byte	.LBB2
 1032 013e 6E000000 		.4byte	.LBE2
 1033 0142 09       		.uleb128 0x9
 1034 0143 DC010000 		.4byte	.LASF21
 1035 0147 01       		.byte	0x1
 1036 0148 30       		.byte	0x30
 1037 0149 7A000000 		.4byte	0x7a
 1038 014d 02       		.byte	0x2
 1039 014e 91       		.byte	0x91
 1040 014f 76       		.sleb128 -10
 1041 0150 00       		.byte	0x0
 1042 0151 00       		.byte	0x0
 1043 0152 0C       		.uleb128 0xc
 1044 0153 04       		.byte	0x4
 1045 0154 6F000000 		.4byte	0x6f
 1046 0158 0D       		.uleb128 0xd
 1047 0159 01       		.byte	0x1
 1048 015a 0E000000 		.4byte	.LASF22
 1049 015e 01       		.byte	0x1
 1050 015f 3C       		.byte	0x3c
 1051 0160 6F000000 		.4byte	0x6f
 1052 0164 00000000 		.4byte	.LFB31
 1053 0168 3C000000 		.4byte	.LFE31
 1054 016c 62000000 		.4byte	.LLST2
 1055 0170 0D       		.uleb128 0xd
 1056 0171 01       		.byte	0x1
 1057 0172 2E000000 		.4byte	.LASF23
 1058 0176 01       		.byte	0x1
 1059 0177 45       		.byte	0x45
 1060 0178 6F000000 		.4byte	0x6f
 1061 017c 00000000 		.4byte	.LFB32
 1062 0180 3C000000 		.4byte	.LFE32
 1063 0184 8D000000 		.4byte	.LLST3
ARM GAS  C:\Users\karunmj\AppData\Local\Temp\cc2sOn97.s 			page 23


 1064 0188 0D       		.uleb128 0xd
 1065 0189 01       		.byte	0x1
 1066 018a 23020000 		.4byte	.LASF24
 1067 018e 01       		.byte	0x1
 1068 018f 4E       		.byte	0x4e
 1069 0190 6F000000 		.4byte	0x6f
 1070 0194 00000000 		.4byte	.LFB33
 1071 0198 0A000000 		.4byte	.LFE33
 1072 019c B8000000 		.4byte	.LLST4
 1073 01a0 0E       		.uleb128 0xe
 1074 01a1 01       		.byte	0x1
 1075 01a2 90000000 		.4byte	.LASF33
 1076 01a6 01       		.byte	0x1
 1077 01a7 50       		.byte	0x50
 1078 01a8 6F000000 		.4byte	0x6f
 1079 01ac 00000000 		.4byte	.LFB34
 1080 01b0 A6000000 		.4byte	.LFE34
 1081 01b4 E3000000 		.4byte	.LLST5
 1082 01b8 CB010000 		.4byte	0x1cb
 1083 01bc 09       		.uleb128 0x9
 1084 01bd 4F010000 		.4byte	.LASF25
 1085 01c1 01       		.byte	0x1
 1086 01c2 5E       		.byte	0x5e
 1087 01c3 6F000000 		.4byte	0x6f
 1088 01c7 02       		.byte	0x2
 1089 01c8 91       		.byte	0x91
 1090 01c9 77       		.sleb128 -9
 1091 01ca 00       		.byte	0x0
 1092 01cb 0D       		.uleb128 0xd
 1093 01cc 01       		.byte	0x1
 1094 01cd 31010000 		.4byte	.LASF26
 1095 01d1 01       		.byte	0x1
 1096 01d2 64       		.byte	0x64
 1097 01d3 6F000000 		.4byte	0x6f
 1098 01d7 00000000 		.4byte	.LFB35
 1099 01db 4E000000 		.4byte	.LFE35
 1100 01df 1A010000 		.4byte	.LLST6
 1101 01e3 07       		.uleb128 0x7
 1102 01e4 01       		.byte	0x1
 1103 01e5 5B020000 		.4byte	.LASF28
 1104 01e9 01       		.byte	0x1
 1105 01ea 6F       		.byte	0x6f
 1106 01eb 01       		.byte	0x1
 1107 01ec 6F000000 		.4byte	0x6f
 1108 01f0 00000000 		.4byte	.LFB36
 1109 01f4 B2000000 		.4byte	.LFE36
 1110 01f8 45010000 		.4byte	.LLST7
 1111 01fc 45020000 		.4byte	0x245
 1112 0200 08       		.uleb128 0x8
 1113 0201 63010000 		.4byte	.LASF29
 1114 0205 01       		.byte	0x1
 1115 0206 6F       		.byte	0x6f
 1116 0207 52010000 		.4byte	0x152
 1117 020b 03       		.byte	0x3
 1118 020c 91       		.byte	0x91
 1119 020d EC7D     		.sleb128 -276
 1120 020f 09       		.uleb128 0x9
ARM GAS  C:\Users\karunmj\AppData\Local\Temp\cc2sOn97.s 			page 24


 1121 0210 78010000 		.4byte	.LASF30
 1122 0214 01       		.byte	0x1
 1123 0215 75       		.byte	0x75
 1124 0216 6F000000 		.4byte	0x6f
 1125 021a 02       		.byte	0x2
 1126 021b 91       		.byte	0x91
 1127 021c 76       		.sleb128 -10
 1128 021d 09       		.uleb128 0x9
 1129 021e 4E020000 		.4byte	.LASF31
 1130 0222 01       		.byte	0x1
 1131 0223 84       		.byte	0x84
 1132 0224 6F000000 		.4byte	0x6f
 1133 0228 02       		.byte	0x2
 1134 0229 91       		.byte	0x91
 1135 022a 77       		.sleb128 -9
 1136 022b 0B       		.uleb128 0xb
 1137 022c 52000000 		.4byte	.LBB3
 1138 0230 9A000000 		.4byte	.LBE3
 1139 0234 09       		.uleb128 0x9
 1140 0235 19010000 		.4byte	.LASF32
 1141 0239 01       		.byte	0x1
 1142 023a 7B       		.byte	0x7b
 1143 023b 45020000 		.4byte	0x245
 1144 023f 03       		.byte	0x3
 1145 0240 91       		.byte	0x91
 1146 0241 F47D     		.sleb128 -268
 1147 0243 00       		.byte	0x0
 1148 0244 00       		.byte	0x0
 1149 0245 0F       		.uleb128 0xf
 1150 0246 6F000000 		.4byte	0x6f
 1151 024a 55020000 		.4byte	0x255
 1152 024e 10       		.uleb128 0x10
 1153 024f A5000000 		.4byte	0xa5
 1154 0253 FF       		.byte	0xff
 1155 0254 00       		.byte	0x0
 1156 0255 11       		.uleb128 0x11
 1157 0256 01       		.byte	0x1
 1158 0257 78000000 		.4byte	.LASF44
 1159 025b 01       		.byte	0x1
 1160 025c 8D       		.byte	0x8d
 1161 025d 00000000 		.4byte	.LFB37
 1162 0261 4E000000 		.4byte	.LFE37
 1163 0265 7E010000 		.4byte	.LLST8
 1164 0269 7A020000 		.4byte	0x27a
 1165 026d 0A       		.uleb128 0xa
 1166 026e 6900     		.ascii	"i\000"
 1167 0270 01       		.byte	0x1
 1168 0271 8F       		.byte	0x8f
 1169 0272 6F000000 		.4byte	0x6f
 1170 0276 02       		.byte	0x2
 1171 0277 91       		.byte	0x91
 1172 0278 77       		.sleb128 -9
 1173 0279 00       		.byte	0x0
 1174 027a 12       		.uleb128 0x12
 1175 027b 01       		.byte	0x1
 1176 027c E2010000 		.4byte	.LASF34
 1177 0280 01       		.byte	0x1
ARM GAS  C:\Users\karunmj\AppData\Local\Temp\cc2sOn97.s 			page 25


 1178 0281 99       		.byte	0x99
 1179 0282 01       		.byte	0x1
 1180 0283 00000000 		.4byte	.LFB38
 1181 0287 4E000000 		.4byte	.LFE38
 1182 028b B5010000 		.4byte	.LLST9
 1183 028f A2020000 		.4byte	0x2a2
 1184 0293 09       		.uleb128 0x9
 1185 0294 24010000 		.4byte	.LASF35
 1186 0298 01       		.byte	0x1
 1187 0299 9B       		.byte	0x9b
 1188 029a 6F000000 		.4byte	0x6f
 1189 029e 02       		.byte	0x2
 1190 029f 91       		.byte	0x91
 1191 02a0 77       		.sleb128 -9
 1192 02a1 00       		.byte	0x0
 1193 02a2 13       		.uleb128 0x13
 1194 02a3 42010000 		.4byte	.LASF36
 1195 02a7 03       		.byte	0x3
 1196 02a8 CE06     		.2byte	0x6ce
 1197 02aa B0020000 		.4byte	0x2b0
 1198 02ae 01       		.byte	0x1
 1199 02af 01       		.byte	0x1
 1200 02b0 14       		.uleb128 0x14
 1201 02b1 61000000 		.4byte	0x61
 1202 02b5 15       		.uleb128 0x15
 1203 02b6 17020000 		.4byte	.LASF37
 1204 02ba 04       		.byte	0x4
 1205 02bb 12       		.byte	0x12
 1206 02bc 6F000000 		.4byte	0x6f
 1207 02c0 01       		.byte	0x1
 1208 02c1 05       		.byte	0x5
 1209 02c2 03       		.byte	0x3
 1210 02c3 00000000 		.4byte	modem_state
 1211 02c7 15       		.uleb128 0x15
 1212 02c8 50000000 		.4byte	.LASF38
 1213 02cc 01       		.byte	0x1
 1214 02cd 13       		.byte	0x13
 1215 02ce 45020000 		.4byte	0x245
 1216 02d2 01       		.byte	0x1
 1217 02d3 05       		.byte	0x5
 1218 02d4 03       		.byte	0x3
 1219 02d5 00000000 		.4byte	uart_received_string
 1220 02d9 15       		.uleb128 0x15
 1221 02da 3E000000 		.4byte	.LASF39
 1222 02de 01       		.byte	0x1
 1223 02df 14       		.byte	0x14
 1224 02e0 6F000000 		.4byte	0x6f
 1225 02e4 01       		.byte	0x1
 1226 02e5 05       		.byte	0x5
 1227 02e6 03       		.byte	0x3
 1228 02e7 00000000 		.4byte	uart_string_index
 1229 02eb 00       		.byte	0x0
 1230              		.section	.debug_abbrev
 1231 0000 01       		.uleb128 0x1
 1232 0001 11       		.uleb128 0x11
 1233 0002 01       		.byte	0x1
 1234 0003 25       		.uleb128 0x25
ARM GAS  C:\Users\karunmj\AppData\Local\Temp\cc2sOn97.s 			page 26


 1235 0004 0E       		.uleb128 0xe
 1236 0005 13       		.uleb128 0x13
 1237 0006 0B       		.uleb128 0xb
 1238 0007 03       		.uleb128 0x3
 1239 0008 0E       		.uleb128 0xe
 1240 0009 1B       		.uleb128 0x1b
 1241 000a 0E       		.uleb128 0xe
 1242 000b 11       		.uleb128 0x11
 1243 000c 01       		.uleb128 0x1
 1244 000d 52       		.uleb128 0x52
 1245 000e 01       		.uleb128 0x1
 1246 000f 55       		.uleb128 0x55
 1247 0010 06       		.uleb128 0x6
 1248 0011 10       		.uleb128 0x10
 1249 0012 06       		.uleb128 0x6
 1250 0013 00       		.byte	0x0
 1251 0014 00       		.byte	0x0
 1252 0015 02       		.uleb128 0x2
 1253 0016 24       		.uleb128 0x24
 1254 0017 00       		.byte	0x0
 1255 0018 0B       		.uleb128 0xb
 1256 0019 0B       		.uleb128 0xb
 1257 001a 3E       		.uleb128 0x3e
 1258 001b 0B       		.uleb128 0xb
 1259 001c 03       		.uleb128 0x3
 1260 001d 0E       		.uleb128 0xe
 1261 001e 00       		.byte	0x0
 1262 001f 00       		.byte	0x0
 1263 0020 03       		.uleb128 0x3
 1264 0021 24       		.uleb128 0x24
 1265 0022 00       		.byte	0x0
 1266 0023 0B       		.uleb128 0xb
 1267 0024 0B       		.uleb128 0xb
 1268 0025 3E       		.uleb128 0x3e
 1269 0026 0B       		.uleb128 0xb
 1270 0027 03       		.uleb128 0x3
 1271 0028 08       		.uleb128 0x8
 1272 0029 00       		.byte	0x0
 1273 002a 00       		.byte	0x0
 1274 002b 04       		.uleb128 0x4
 1275 002c 16       		.uleb128 0x16
 1276 002d 00       		.byte	0x0
 1277 002e 03       		.uleb128 0x3
 1278 002f 0E       		.uleb128 0xe
 1279 0030 3A       		.uleb128 0x3a
 1280 0031 0B       		.uleb128 0xb
 1281 0032 3B       		.uleb128 0x3b
 1282 0033 0B       		.uleb128 0xb
 1283 0034 49       		.uleb128 0x49
 1284 0035 13       		.uleb128 0x13
 1285 0036 00       		.byte	0x0
 1286 0037 00       		.byte	0x0
 1287 0038 05       		.uleb128 0x5
 1288 0039 24       		.uleb128 0x24
 1289 003a 00       		.byte	0x0
 1290 003b 0B       		.uleb128 0xb
 1291 003c 0B       		.uleb128 0xb
ARM GAS  C:\Users\karunmj\AppData\Local\Temp\cc2sOn97.s 			page 27


 1292 003d 3E       		.uleb128 0x3e
 1293 003e 0B       		.uleb128 0xb
 1294 003f 00       		.byte	0x0
 1295 0040 00       		.byte	0x0
 1296 0041 06       		.uleb128 0x6
 1297 0042 2E       		.uleb128 0x2e
 1298 0043 00       		.byte	0x0
 1299 0044 3F       		.uleb128 0x3f
 1300 0045 0C       		.uleb128 0xc
 1301 0046 03       		.uleb128 0x3
 1302 0047 0E       		.uleb128 0xe
 1303 0048 3A       		.uleb128 0x3a
 1304 0049 0B       		.uleb128 0xb
 1305 004a 3B       		.uleb128 0x3b
 1306 004b 0B       		.uleb128 0xb
 1307 004c 11       		.uleb128 0x11
 1308 004d 01       		.uleb128 0x1
 1309 004e 12       		.uleb128 0x12
 1310 004f 01       		.uleb128 0x1
 1311 0050 40       		.uleb128 0x40
 1312 0051 06       		.uleb128 0x6
 1313 0052 00       		.byte	0x0
 1314 0053 00       		.byte	0x0
 1315 0054 07       		.uleb128 0x7
 1316 0055 2E       		.uleb128 0x2e
 1317 0056 01       		.byte	0x1
 1318 0057 3F       		.uleb128 0x3f
 1319 0058 0C       		.uleb128 0xc
 1320 0059 03       		.uleb128 0x3
 1321 005a 0E       		.uleb128 0xe
 1322 005b 3A       		.uleb128 0x3a
 1323 005c 0B       		.uleb128 0xb
 1324 005d 3B       		.uleb128 0x3b
 1325 005e 0B       		.uleb128 0xb
 1326 005f 27       		.uleb128 0x27
 1327 0060 0C       		.uleb128 0xc
 1328 0061 49       		.uleb128 0x49
 1329 0062 13       		.uleb128 0x13
 1330 0063 11       		.uleb128 0x11
 1331 0064 01       		.uleb128 0x1
 1332 0065 12       		.uleb128 0x12
 1333 0066 01       		.uleb128 0x1
 1334 0067 40       		.uleb128 0x40
 1335 0068 06       		.uleb128 0x6
 1336 0069 01       		.uleb128 0x1
 1337 006a 13       		.uleb128 0x13
 1338 006b 00       		.byte	0x0
 1339 006c 00       		.byte	0x0
 1340 006d 08       		.uleb128 0x8
 1341 006e 05       		.uleb128 0x5
 1342 006f 00       		.byte	0x0
 1343 0070 03       		.uleb128 0x3
 1344 0071 0E       		.uleb128 0xe
 1345 0072 3A       		.uleb128 0x3a
 1346 0073 0B       		.uleb128 0xb
 1347 0074 3B       		.uleb128 0x3b
 1348 0075 0B       		.uleb128 0xb
ARM GAS  C:\Users\karunmj\AppData\Local\Temp\cc2sOn97.s 			page 28


 1349 0076 49       		.uleb128 0x49
 1350 0077 13       		.uleb128 0x13
 1351 0078 02       		.uleb128 0x2
 1352 0079 0A       		.uleb128 0xa
 1353 007a 00       		.byte	0x0
 1354 007b 00       		.byte	0x0
 1355 007c 09       		.uleb128 0x9
 1356 007d 34       		.uleb128 0x34
 1357 007e 00       		.byte	0x0
 1358 007f 03       		.uleb128 0x3
 1359 0080 0E       		.uleb128 0xe
 1360 0081 3A       		.uleb128 0x3a
 1361 0082 0B       		.uleb128 0xb
 1362 0083 3B       		.uleb128 0x3b
 1363 0084 0B       		.uleb128 0xb
 1364 0085 49       		.uleb128 0x49
 1365 0086 13       		.uleb128 0x13
 1366 0087 02       		.uleb128 0x2
 1367 0088 0A       		.uleb128 0xa
 1368 0089 00       		.byte	0x0
 1369 008a 00       		.byte	0x0
 1370 008b 0A       		.uleb128 0xa
 1371 008c 34       		.uleb128 0x34
 1372 008d 00       		.byte	0x0
 1373 008e 03       		.uleb128 0x3
 1374 008f 08       		.uleb128 0x8
 1375 0090 3A       		.uleb128 0x3a
 1376 0091 0B       		.uleb128 0xb
 1377 0092 3B       		.uleb128 0x3b
 1378 0093 0B       		.uleb128 0xb
 1379 0094 49       		.uleb128 0x49
 1380 0095 13       		.uleb128 0x13
 1381 0096 02       		.uleb128 0x2
 1382 0097 0A       		.uleb128 0xa
 1383 0098 00       		.byte	0x0
 1384 0099 00       		.byte	0x0
 1385 009a 0B       		.uleb128 0xb
 1386 009b 0B       		.uleb128 0xb
 1387 009c 01       		.byte	0x1
 1388 009d 11       		.uleb128 0x11
 1389 009e 01       		.uleb128 0x1
 1390 009f 12       		.uleb128 0x12
 1391 00a0 01       		.uleb128 0x1
 1392 00a1 00       		.byte	0x0
 1393 00a2 00       		.byte	0x0
 1394 00a3 0C       		.uleb128 0xc
 1395 00a4 0F       		.uleb128 0xf
 1396 00a5 00       		.byte	0x0
 1397 00a6 0B       		.uleb128 0xb
 1398 00a7 0B       		.uleb128 0xb
 1399 00a8 49       		.uleb128 0x49
 1400 00a9 13       		.uleb128 0x13
 1401 00aa 00       		.byte	0x0
 1402 00ab 00       		.byte	0x0
 1403 00ac 0D       		.uleb128 0xd
 1404 00ad 2E       		.uleb128 0x2e
 1405 00ae 00       		.byte	0x0
ARM GAS  C:\Users\karunmj\AppData\Local\Temp\cc2sOn97.s 			page 29


 1406 00af 3F       		.uleb128 0x3f
 1407 00b0 0C       		.uleb128 0xc
 1408 00b1 03       		.uleb128 0x3
 1409 00b2 0E       		.uleb128 0xe
 1410 00b3 3A       		.uleb128 0x3a
 1411 00b4 0B       		.uleb128 0xb
 1412 00b5 3B       		.uleb128 0x3b
 1413 00b6 0B       		.uleb128 0xb
 1414 00b7 49       		.uleb128 0x49
 1415 00b8 13       		.uleb128 0x13
 1416 00b9 11       		.uleb128 0x11
 1417 00ba 01       		.uleb128 0x1
 1418 00bb 12       		.uleb128 0x12
 1419 00bc 01       		.uleb128 0x1
 1420 00bd 40       		.uleb128 0x40
 1421 00be 06       		.uleb128 0x6
 1422 00bf 00       		.byte	0x0
 1423 00c0 00       		.byte	0x0
 1424 00c1 0E       		.uleb128 0xe
 1425 00c2 2E       		.uleb128 0x2e
 1426 00c3 01       		.byte	0x1
 1427 00c4 3F       		.uleb128 0x3f
 1428 00c5 0C       		.uleb128 0xc
 1429 00c6 03       		.uleb128 0x3
 1430 00c7 0E       		.uleb128 0xe
 1431 00c8 3A       		.uleb128 0x3a
 1432 00c9 0B       		.uleb128 0xb
 1433 00ca 3B       		.uleb128 0x3b
 1434 00cb 0B       		.uleb128 0xb
 1435 00cc 49       		.uleb128 0x49
 1436 00cd 13       		.uleb128 0x13
 1437 00ce 11       		.uleb128 0x11
 1438 00cf 01       		.uleb128 0x1
 1439 00d0 12       		.uleb128 0x12
 1440 00d1 01       		.uleb128 0x1
 1441 00d2 40       		.uleb128 0x40
 1442 00d3 06       		.uleb128 0x6
 1443 00d4 01       		.uleb128 0x1
 1444 00d5 13       		.uleb128 0x13
 1445 00d6 00       		.byte	0x0
 1446 00d7 00       		.byte	0x0
 1447 00d8 0F       		.uleb128 0xf
 1448 00d9 01       		.uleb128 0x1
 1449 00da 01       		.byte	0x1
 1450 00db 49       		.uleb128 0x49
 1451 00dc 13       		.uleb128 0x13
 1452 00dd 01       		.uleb128 0x1
 1453 00de 13       		.uleb128 0x13
 1454 00df 00       		.byte	0x0
 1455 00e0 00       		.byte	0x0
 1456 00e1 10       		.uleb128 0x10
 1457 00e2 21       		.uleb128 0x21
 1458 00e3 00       		.byte	0x0
 1459 00e4 49       		.uleb128 0x49
 1460 00e5 13       		.uleb128 0x13
 1461 00e6 2F       		.uleb128 0x2f
 1462 00e7 0B       		.uleb128 0xb
ARM GAS  C:\Users\karunmj\AppData\Local\Temp\cc2sOn97.s 			page 30


 1463 00e8 00       		.byte	0x0
 1464 00e9 00       		.byte	0x0
 1465 00ea 11       		.uleb128 0x11
 1466 00eb 2E       		.uleb128 0x2e
 1467 00ec 01       		.byte	0x1
 1468 00ed 3F       		.uleb128 0x3f
 1469 00ee 0C       		.uleb128 0xc
 1470 00ef 03       		.uleb128 0x3
 1471 00f0 0E       		.uleb128 0xe
 1472 00f1 3A       		.uleb128 0x3a
 1473 00f2 0B       		.uleb128 0xb
 1474 00f3 3B       		.uleb128 0x3b
 1475 00f4 0B       		.uleb128 0xb
 1476 00f5 11       		.uleb128 0x11
 1477 00f6 01       		.uleb128 0x1
 1478 00f7 12       		.uleb128 0x12
 1479 00f8 01       		.uleb128 0x1
 1480 00f9 40       		.uleb128 0x40
 1481 00fa 06       		.uleb128 0x6
 1482 00fb 01       		.uleb128 0x1
 1483 00fc 13       		.uleb128 0x13
 1484 00fd 00       		.byte	0x0
 1485 00fe 00       		.byte	0x0
 1486 00ff 12       		.uleb128 0x12
 1487 0100 2E       		.uleb128 0x2e
 1488 0101 01       		.byte	0x1
 1489 0102 3F       		.uleb128 0x3f
 1490 0103 0C       		.uleb128 0xc
 1491 0104 03       		.uleb128 0x3
 1492 0105 0E       		.uleb128 0xe
 1493 0106 3A       		.uleb128 0x3a
 1494 0107 0B       		.uleb128 0xb
 1495 0108 3B       		.uleb128 0x3b
 1496 0109 0B       		.uleb128 0xb
 1497 010a 27       		.uleb128 0x27
 1498 010b 0C       		.uleb128 0xc
 1499 010c 11       		.uleb128 0x11
 1500 010d 01       		.uleb128 0x1
 1501 010e 12       		.uleb128 0x12
 1502 010f 01       		.uleb128 0x1
 1503 0110 40       		.uleb128 0x40
 1504 0111 06       		.uleb128 0x6
 1505 0112 01       		.uleb128 0x1
 1506 0113 13       		.uleb128 0x13
 1507 0114 00       		.byte	0x0
 1508 0115 00       		.byte	0x0
 1509 0116 13       		.uleb128 0x13
 1510 0117 34       		.uleb128 0x34
 1511 0118 00       		.byte	0x0
 1512 0119 03       		.uleb128 0x3
 1513 011a 0E       		.uleb128 0xe
 1514 011b 3A       		.uleb128 0x3a
 1515 011c 0B       		.uleb128 0xb
 1516 011d 3B       		.uleb128 0x3b
 1517 011e 05       		.uleb128 0x5
 1518 011f 49       		.uleb128 0x49
 1519 0120 13       		.uleb128 0x13
ARM GAS  C:\Users\karunmj\AppData\Local\Temp\cc2sOn97.s 			page 31


 1520 0121 3F       		.uleb128 0x3f
 1521 0122 0C       		.uleb128 0xc
 1522 0123 3C       		.uleb128 0x3c
 1523 0124 0C       		.uleb128 0xc
 1524 0125 00       		.byte	0x0
 1525 0126 00       		.byte	0x0
 1526 0127 14       		.uleb128 0x14
 1527 0128 35       		.uleb128 0x35
 1528 0129 00       		.byte	0x0
 1529 012a 49       		.uleb128 0x49
 1530 012b 13       		.uleb128 0x13
 1531 012c 00       		.byte	0x0
 1532 012d 00       		.byte	0x0
 1533 012e 15       		.uleb128 0x15
 1534 012f 34       		.uleb128 0x34
 1535 0130 00       		.byte	0x0
 1536 0131 03       		.uleb128 0x3
 1537 0132 0E       		.uleb128 0xe
 1538 0133 3A       		.uleb128 0x3a
 1539 0134 0B       		.uleb128 0xb
 1540 0135 3B       		.uleb128 0x3b
 1541 0136 0B       		.uleb128 0xb
 1542 0137 49       		.uleb128 0x49
 1543 0138 13       		.uleb128 0x13
 1544 0139 3F       		.uleb128 0x3f
 1545 013a 0C       		.uleb128 0xc
 1546 013b 02       		.uleb128 0x2
 1547 013c 0A       		.uleb128 0xa
 1548 013d 00       		.byte	0x0
 1549 013e 00       		.byte	0x0
 1550 013f 00       		.byte	0x0
 1551              		.section	.debug_pubnames,"",%progbits
 1552 0000 0C010000 		.4byte	0x10c
 1553 0004 0200     		.2byte	0x2
 1554 0006 00000000 		.4byte	.Ldebug_info0
 1555 000a EC020000 		.4byte	0x2ec
 1556 000e A8000000 		.4byte	0xa8
 1557 0012 6D6F6465 		.ascii	"modem_start\000"
 1557      6D5F7374 
 1557      61727400 
 1558 001e BC000000 		.4byte	0xbc
 1559 0022 61745F77 		.ascii	"at_write_command\000"
 1559      72697465 
 1559      5F636F6D 
 1559      6D616E64 
 1559      00
 1560 0033 58010000 		.4byte	0x158
 1561 0037 6D6F6465 		.ascii	"modem_power_on\000"
 1561      6D5F706F 
 1561      7765725F 
 1561      6F6E00
 1562 0046 70010000 		.4byte	0x170
 1563 004a 6D6F6465 		.ascii	"modem_power_off\000"
 1563      6D5F706F 
 1563      7765725F 
 1563      6F666600 
 1564 005a 88010000 		.4byte	0x188
ARM GAS  C:\Users\karunmj\AppData\Local\Temp\cc2sOn97.s 			page 32


 1565 005e 6D6F6465 		.ascii	"modem_reset\000"
 1565      6D5F7265 
 1565      73657400 
 1566 006a A0010000 		.4byte	0x1a0
 1567 006e 6D6F6465 		.ascii	"modem_connect\000"
 1567      6D5F636F 
 1567      6E6E6563 
 1567      7400
 1568 007c CB010000 		.4byte	0x1cb
 1569 0080 6D6F6465 		.ascii	"modem_disconnect\000"
 1569      6D5F6469 
 1569      73636F6E 
 1569      6E656374 
 1569      00
 1570 0091 E3010000 		.4byte	0x1e3
 1571 0095 6D6F6465 		.ascii	"modem_send_packet\000"
 1571      6D5F7365 
 1571      6E645F70 
 1571      61636B65 
 1571      7400
 1572 00a7 55020000 		.4byte	0x255
 1573 00ab 75617274 		.ascii	"uart_string_reset\000"
 1573      5F737472 
 1573      696E675F 
 1573      72657365 
 1573      7400
 1574 00bd 7A020000 		.4byte	0x27a
 1575 00c1 6973725F 		.ascii	"isr_byte_rx\000"
 1575      62797465 
 1575      5F727800 
 1576 00cd B5020000 		.4byte	0x2b5
 1577 00d1 6D6F6465 		.ascii	"modem_state\000"
 1577      6D5F7374 
 1577      61746500 
 1578 00dd C7020000 		.4byte	0x2c7
 1579 00e1 75617274 		.ascii	"uart_received_string\000"
 1579      5F726563 
 1579      65697665 
 1579      645F7374 
 1579      72696E67 
 1580 00f6 D9020000 		.4byte	0x2d9
 1581 00fa 75617274 		.ascii	"uart_string_index\000"
 1581      5F737472 
 1581      696E675F 
 1581      696E6465 
 1581      7800
 1582 010c 00000000 		.4byte	0x0
 1583              		.section	.debug_aranges,"",%progbits
 1584 0000 64000000 		.4byte	0x64
 1585 0004 0200     		.2byte	0x2
 1586 0006 00000000 		.4byte	.Ldebug_info0
 1587 000a 04       		.byte	0x4
 1588 000b 00       		.byte	0x0
 1589 000c 0000     		.2byte	0x0
 1590 000e 0000     		.2byte	0x0
 1591 0010 00000000 		.4byte	.LFB29
 1592 0014 24000000 		.4byte	.LFE29-.LFB29
ARM GAS  C:\Users\karunmj\AppData\Local\Temp\cc2sOn97.s 			page 33


 1593 0018 00000000 		.4byte	.LFB30
 1594 001c 8A000000 		.4byte	.LFE30-.LFB30
 1595 0020 00000000 		.4byte	.LFB31
 1596 0024 3C000000 		.4byte	.LFE31-.LFB31
 1597 0028 00000000 		.4byte	.LFB32
 1598 002c 3C000000 		.4byte	.LFE32-.LFB32
 1599 0030 00000000 		.4byte	.LFB33
 1600 0034 0A000000 		.4byte	.LFE33-.LFB33
 1601 0038 00000000 		.4byte	.LFB34
 1602 003c A6000000 		.4byte	.LFE34-.LFB34
 1603 0040 00000000 		.4byte	.LFB35
 1604 0044 4E000000 		.4byte	.LFE35-.LFB35
 1605 0048 00000000 		.4byte	.LFB36
 1606 004c B2000000 		.4byte	.LFE36-.LFB36
 1607 0050 00000000 		.4byte	.LFB37
 1608 0054 4E000000 		.4byte	.LFE37-.LFB37
 1609 0058 00000000 		.4byte	.LFB38
 1610 005c 4E000000 		.4byte	.LFE38-.LFB38
 1611 0060 00000000 		.4byte	0x0
 1612 0064 00000000 		.4byte	0x0
 1613              		.section	.debug_ranges,"",%progbits
 1614              	.Ldebug_ranges0:
 1615 0000 00000000 		.4byte	.Ltext0
 1616 0004 00000000 		.4byte	.Letext0
 1617 0008 00000000 		.4byte	.LFB29
 1618 000c 24000000 		.4byte	.LFE29
 1619 0010 00000000 		.4byte	.LFB30
 1620 0014 8A000000 		.4byte	.LFE30
 1621 0018 00000000 		.4byte	.LFB31
 1622 001c 3C000000 		.4byte	.LFE31
 1623 0020 00000000 		.4byte	.LFB32
 1624 0024 3C000000 		.4byte	.LFE32
 1625 0028 00000000 		.4byte	.LFB33
 1626 002c 0A000000 		.4byte	.LFE33
 1627 0030 00000000 		.4byte	.LFB34
 1628 0034 A6000000 		.4byte	.LFE34
 1629 0038 00000000 		.4byte	.LFB35
 1630 003c 4E000000 		.4byte	.LFE35
 1631 0040 00000000 		.4byte	.LFB36
 1632 0044 B2000000 		.4byte	.LFE36
 1633 0048 00000000 		.4byte	.LFB37
 1634 004c 4E000000 		.4byte	.LFE37
 1635 0050 00000000 		.4byte	.LFB38
 1636 0054 4E000000 		.4byte	.LFE38
 1637 0058 00000000 		.4byte	0x0
 1638 005c 00000000 		.4byte	0x0
 1639              		.section	.debug_str,"MS",%progbits,1
 1640              	.LASF6:
 1641 0000 6C6F6E67 		.ascii	"long long int\000"
 1641      206C6F6E 
 1641      6720696E 
 1641      7400
 1642              	.LASF22:
 1643 000e 6D6F6465 		.ascii	"modem_power_on\000"
 1643      6D5F706F 
 1643      7765725F 
 1643      6F6E00
ARM GAS  C:\Users\karunmj\AppData\Local\Temp\cc2sOn97.s 			page 34


 1644              	.LASF27:
 1645 001d 61745F77 		.ascii	"at_write_command\000"
 1645      72697465 
 1645      5F636F6D 
 1645      6D616E64 
 1645      00
 1646              	.LASF23:
 1647 002e 6D6F6465 		.ascii	"modem_power_off\000"
 1647      6D5F706F 
 1647      7765725F 
 1647      6F666600 
 1648              	.LASF39:
 1649 003e 75617274 		.ascii	"uart_string_index\000"
 1649      5F737472 
 1649      696E675F 
 1649      696E6465 
 1649      7800
 1650              	.LASF38:
 1651 0050 75617274 		.ascii	"uart_received_string\000"
 1651      5F726563 
 1651      65697665 
 1651      645F7374 
 1651      72696E67 
 1652              	.LASF3:
 1653 0065 73686F72 		.ascii	"short unsigned int\000"
 1653      7420756E 
 1653      7369676E 
 1653      65642069 
 1653      6E7400
 1654              	.LASF44:
 1655 0078 75617274 		.ascii	"uart_string_reset\000"
 1655      5F737472 
 1655      696E675F 
 1655      72657365 
 1655      7400
 1656              	.LASF9:
 1657 008a 75696E74 		.ascii	"uint8\000"
 1657      3800
 1658              	.LASF33:
 1659 0090 6D6F6465 		.ascii	"modem_connect\000"
 1659      6D5F636F 
 1659      6E6E6563 
 1659      7400
 1660              	.LASF12:
 1661 009e 666C6F61 		.ascii	"float\000"
 1661      7400
 1662              	.LASF19:
 1663 00a4 64656C61 		.ascii	"delay\000"
 1663      7900
 1664              	.LASF42:
 1665 00aa 433A5C55 		.ascii	"C:\\Users\\karunmj\\Documents\\GitHub\\m2m\\hardwar"
 1665      73657273 
 1665      5C6B6172 
 1665      756E6D6A 
 1665      5C446F63 
 1666 00d7 655C7073 		.ascii	"e\\psoc5\\PSoC_Datalogger_SMS.cydsn\000"
 1666      6F63355C 
ARM GAS  C:\Users\karunmj\AppData\Local\Temp\cc2sOn97.s 			page 35


 1666      50536F43 
 1666      5F446174 
 1666      616C6F67 
 1667              	.LASF1:
 1668 00f9 756E7369 		.ascii	"unsigned char\000"
 1668      676E6564 
 1668      20636861 
 1668      7200
 1669              	.LASF16:
 1670 0107 65787065 		.ascii	"expected_response\000"
 1670      63746564 
 1670      5F726573 
 1670      706F6E73 
 1670      6500
 1671              	.LASF32:
 1672 0119 73656E64 		.ascii	"sendBuffer\000"
 1672      42756666 
 1672      657200
 1673              	.LASF35:
 1674 0124 72785F63 		.ascii	"rx_char_hold\000"
 1674      6861725F 
 1674      686F6C64 
 1674      00
 1675              	.LASF26:
 1676 0131 6D6F6465 		.ascii	"modem_disconnect\000"
 1676      6D5F6469 
 1676      73636F6E 
 1676      6E656374 
 1676      00
 1677              	.LASF36:
 1678 0142 49544D5F 		.ascii	"ITM_RxBuffer\000"
 1678      52784275 
 1678      66666572 
 1678      00
 1679              	.LASF25:
 1680 014f 73756363 		.ascii	"success\000"
 1680      65737300 
 1681              	.LASF15:
 1682 0157 75617274 		.ascii	"uart_string\000"
 1682      5F737472 
 1682      696E6700 
 1683              	.LASF29:
 1684 0163 7061636B 		.ascii	"packet\000"
 1684      657400
 1685              	.LASF10:
 1686 016a 75696E74 		.ascii	"uint16\000"
 1686      313600
 1687              	.LASF11:
 1688 0171 75696E74 		.ascii	"uint32\000"
 1688      333200
 1689              	.LASF30:
 1690 0178 636F6E6E 		.ascii	"connected\000"
 1690      65637465 
 1690      6400
 1691              	.LASF5:
 1692 0182 6C6F6E67 		.ascii	"long unsigned int\000"
 1692      20756E73 
ARM GAS  C:\Users\karunmj\AppData\Local\Temp\cc2sOn97.s 			page 36


 1692      69676E65 
 1692      6420696E 
 1692      7400
 1693              	.LASF8:
 1694 0194 756E7369 		.ascii	"unsigned int\000"
 1694      676E6564 
 1694      20696E74 
 1694      00
 1695              	.LASF7:
 1696 01a1 6C6F6E67 		.ascii	"long long unsigned int\000"
 1696      206C6F6E 
 1696      6720756E 
 1696      7369676E 
 1696      65642069 
 1697              	.LASF41:
 1698 01b8 2E5C6D6F 		.ascii	".\\modem.c\000"
 1698      64656D2E 
 1698      6300
 1699              	.LASF18:
 1700 01c2 72657370 		.ascii	"response\000"
 1700      6F6E7365 
 1700      00
 1701              	.LASF40:
 1702 01cb 474E5520 		.ascii	"GNU C 4.4.1\000"
 1702      4320342E 
 1702      342E3100 
 1703              	.LASF14:
 1704 01d7 63686172 		.ascii	"char\000"
 1704      00
 1705              	.LASF21:
 1706 01dc 76616C69 		.ascii	"valid\000"
 1706      6400
 1707              	.LASF34:
 1708 01e2 6973725F 		.ascii	"isr_byte_rx\000"
 1708      62797465 
 1708      5F727800 
 1709              	.LASF2:
 1710 01ee 73686F72 		.ascii	"short int\000"
 1710      7420696E 
 1710      7400
 1711              	.LASF20:
 1712 01f8 696E7465 		.ascii	"interval\000"
 1712      7276616C 
 1712      00
 1713              	.LASF17:
 1714 0201 75617274 		.ascii	"uart_timeout\000"
 1714      5F74696D 
 1714      656F7574 
 1714      00
 1715              	.LASF4:
 1716 020e 6C6F6E67 		.ascii	"long int\000"
 1716      20696E74 
 1716      00
 1717              	.LASF37:
 1718 0217 6D6F6465 		.ascii	"modem_state\000"
 1718      6D5F7374 
 1718      61746500 
ARM GAS  C:\Users\karunmj\AppData\Local\Temp\cc2sOn97.s 			page 37


 1719              	.LASF24:
 1720 0223 6D6F6465 		.ascii	"modem_reset\000"
 1720      6D5F7265 
 1720      73657400 
 1721              	.LASF0:
 1722 022f 7369676E 		.ascii	"signed char\000"
 1722      65642063 
 1722      68617200 
 1723              	.LASF13:
 1724 023b 646F7562 		.ascii	"double\000"
 1724      6C6500
 1725              	.LASF43:
 1726 0242 6D6F6465 		.ascii	"modem_start\000"
 1726      6D5F7374 
 1726      61727400 
 1727              	.LASF31:
 1728 024e 64697363 		.ascii	"disconnected\000"
 1728      6F6E6E65 
 1728      63746564 
 1728      00
 1729              	.LASF28:
 1730 025b 6D6F6465 		.ascii	"modem_send_packet\000"
 1730      6D5F7365 
 1730      6E645F70 
 1730      61636B65 
 1730      7400
 1731              		.ident	"GCC: (Sourcery G++ Lite 2010q1-188) 4.4.1"
