ARM GAS  C:\Users\karunmj\AppData\Local\Temp\ccSaeQFW.s 			page 1


   1              		.syntax unified
   2              		.cpu cortex-m3
   3              		.fpu softvfp
   4              		.eabi_attribute 20, 1
   5              		.eabi_attribute 21, 1
   6              		.eabi_attribute 23, 3
   7              		.eabi_attribute 24, 1
   8              		.eabi_attribute 25, 1
   9              		.eabi_attribute 26, 1
  10              		.eabi_attribute 30, 6
  11              		.eabi_attribute 18, 4
  12              		.thumb
  13              		.file	"NEOMOTE_1_I2C_0_PM.c"
  14              		.section	.debug_abbrev,"",%progbits
  15              	.Ldebug_abbrev0:
  16              		.section	.debug_info,"",%progbits
  17              	.Ldebug_info0:
  18              		.section	.debug_line,"",%progbits
  19              	.Ldebug_line0:
  20 0000 EC000000 		.text
  20      02008000 
  20      00000201 
  20      FB0E0D00 
  20      01010101 
  21              	.Ltext0:
  22              		.cfi_sections	.debug_frame
  23              		.global	NEOMOTE_1_I2C_0_backup
  24              		.data
  25              		.align	2
  26              		.type	NEOMOTE_1_I2C_0_backup, %object
  27              		.size	NEOMOTE_1_I2C_0_backup, 5
  28              	NEOMOTE_1_I2C_0_backup:
  29 0000 00       		.byte	0
  30 0001 81       		.byte	-127
  31 0002 02       		.byte	2
  32 0003 0F       		.byte	15
  33 0004 00       		.byte	0
  34 0005 000000   		.section	.text.NEOMOTE_1_I2C_0_SaveConfig,"ax",%progbits
  35              		.align	2
  36              		.global	NEOMOTE_1_I2C_0_SaveConfig
  37              		.thumb
  38              		.thumb_func
  39              		.type	NEOMOTE_1_I2C_0_SaveConfig, %function
  40              	NEOMOTE_1_I2C_0_SaveConfig:
  41              	.LFB0:
  42              		.file 1 ".\\Generated_Source\\PSoC5\\NEOMOTE_1_I2C_0_PM.c"
   1:.\Generated_Source\PSoC5/NEOMOTE_1_I2C_0_PM.c **** /*******************************************************************************
   2:.\Generated_Source\PSoC5/NEOMOTE_1_I2C_0_PM.c **** * File Name: NEOMOTE_1_I2C_0_PM.c
   3:.\Generated_Source\PSoC5/NEOMOTE_1_I2C_0_PM.c **** * Version 3.30
   4:.\Generated_Source\PSoC5/NEOMOTE_1_I2C_0_PM.c **** *
   5:.\Generated_Source\PSoC5/NEOMOTE_1_I2C_0_PM.c **** * Description:
   6:.\Generated_Source\PSoC5/NEOMOTE_1_I2C_0_PM.c **** *  This file provides Low power mode APIs for I2C component.
   7:.\Generated_Source\PSoC5/NEOMOTE_1_I2C_0_PM.c **** *
   8:.\Generated_Source\PSoC5/NEOMOTE_1_I2C_0_PM.c **** * Note:
   9:.\Generated_Source\PSoC5/NEOMOTE_1_I2C_0_PM.c **** *  None
  10:.\Generated_Source\PSoC5/NEOMOTE_1_I2C_0_PM.c **** *
  11:.\Generated_Source\PSoC5/NEOMOTE_1_I2C_0_PM.c **** ********************************************************************************
ARM GAS  C:\Users\karunmj\AppData\Local\Temp\ccSaeQFW.s 			page 2


  12:.\Generated_Source\PSoC5/NEOMOTE_1_I2C_0_PM.c **** * Copyright 2008-2012, Cypress Semiconductor Corporation.  All rights reserved.
  13:.\Generated_Source\PSoC5/NEOMOTE_1_I2C_0_PM.c **** * You may use this file only in accordance with the license, terms, conditions,
  14:.\Generated_Source\PSoC5/NEOMOTE_1_I2C_0_PM.c **** * disclaimers, and limitations in the end user license agreement accompanying
  15:.\Generated_Source\PSoC5/NEOMOTE_1_I2C_0_PM.c **** * the software package with which this file was provided.
  16:.\Generated_Source\PSoC5/NEOMOTE_1_I2C_0_PM.c **** *******************************************************************************/
  17:.\Generated_Source\PSoC5/NEOMOTE_1_I2C_0_PM.c **** 
  18:.\Generated_Source\PSoC5/NEOMOTE_1_I2C_0_PM.c **** #include "NEOMOTE_1_I2C_0_PVT.h"
  19:.\Generated_Source\PSoC5/NEOMOTE_1_I2C_0_PM.c **** 
  20:.\Generated_Source\PSoC5/NEOMOTE_1_I2C_0_PM.c **** NEOMOTE_1_I2C_0_BACKUP_STRUCT NEOMOTE_1_I2C_0_backup =
  21:.\Generated_Source\PSoC5/NEOMOTE_1_I2C_0_PM.c **** {
  22:.\Generated_Source\PSoC5/NEOMOTE_1_I2C_0_PM.c ****     NEOMOTE_1_I2C_0_DISABLE, /* enableState */
  23:.\Generated_Source\PSoC5/NEOMOTE_1_I2C_0_PM.c **** 
  24:.\Generated_Source\PSoC5/NEOMOTE_1_I2C_0_PM.c ****     #if(NEOMOTE_1_I2C_0_FF_IMPLEMENTED)
  25:.\Generated_Source\PSoC5/NEOMOTE_1_I2C_0_PM.c ****         NEOMOTE_1_I2C_0_DEFAULT_XCFG,  /* xcfg */
  26:.\Generated_Source\PSoC5/NEOMOTE_1_I2C_0_PM.c ****         NEOMOTE_1_I2C_0_DEFAULT_CFG,   /* cfg  */
  27:.\Generated_Source\PSoC5/NEOMOTE_1_I2C_0_PM.c **** 
  28:.\Generated_Source\PSoC5/NEOMOTE_1_I2C_0_PM.c ****         #if(NEOMOTE_1_I2C_0_MODE_SLAVE_ENABLED)
  29:.\Generated_Source\PSoC5/NEOMOTE_1_I2C_0_PM.c ****             NEOMOTE_1_I2C_0_DEFAULT_ADDR, /* addr */
  30:.\Generated_Source\PSoC5/NEOMOTE_1_I2C_0_PM.c ****         #endif /* (NEOMOTE_1_I2C_0_MODE_SLAVE_ENABLED) */
  31:.\Generated_Source\PSoC5/NEOMOTE_1_I2C_0_PM.c **** 
  32:.\Generated_Source\PSoC5/NEOMOTE_1_I2C_0_PM.c ****         #if(CY_PSOC5A)
  33:.\Generated_Source\PSoC5/NEOMOTE_1_I2C_0_PM.c ****             LO8(NEOMOTE_1_I2C_0_DEFAULT_DIVIDE_FACTOR),  /* div */
  34:.\Generated_Source\PSoC5/NEOMOTE_1_I2C_0_PM.c ****         #else
  35:.\Generated_Source\PSoC5/NEOMOTE_1_I2C_0_PM.c ****             LO8(NEOMOTE_1_I2C_0_DEFAULT_DIVIDE_FACTOR), /* div1 */
  36:.\Generated_Source\PSoC5/NEOMOTE_1_I2C_0_PM.c ****             HI8(NEOMOTE_1_I2C_0_DEFAULT_DIVIDE_FACTOR), /* div2 */
  37:.\Generated_Source\PSoC5/NEOMOTE_1_I2C_0_PM.c ****         #endif /* (CY_PSOC5A) */
  38:.\Generated_Source\PSoC5/NEOMOTE_1_I2C_0_PM.c **** 
  39:.\Generated_Source\PSoC5/NEOMOTE_1_I2C_0_PM.c ****     #else  /* (NEOMOTE_1_I2C_0_UDB_IMPLEMENTED) */
  40:.\Generated_Source\PSoC5/NEOMOTE_1_I2C_0_PM.c ****         NEOMOTE_1_I2C_0_DEFAULT_CFG,    /* control */
  41:.\Generated_Source\PSoC5/NEOMOTE_1_I2C_0_PM.c **** 
  42:.\Generated_Source\PSoC5/NEOMOTE_1_I2C_0_PM.c ****         #if(CY_UDB_V0)
  43:.\Generated_Source\PSoC5/NEOMOTE_1_I2C_0_PM.c ****             NEOMOTE_1_I2C_0_INT_ENABLE_MASK, /* aux_ctl */
  44:.\Generated_Source\PSoC5/NEOMOTE_1_I2C_0_PM.c **** 
  45:.\Generated_Source\PSoC5/NEOMOTE_1_I2C_0_PM.c ****             #if(NEOMOTE_1_I2C_0_MODE_SLAVE_ENABLED)
  46:.\Generated_Source\PSoC5/NEOMOTE_1_I2C_0_PM.c ****                 NEOMOTE_1_I2C_0_DEFAULT_ADDR, /* addr_d0 */
  47:.\Generated_Source\PSoC5/NEOMOTE_1_I2C_0_PM.c ****             #endif /* (NEOMOTE_1_I2C_0_MODE_SLAVE_ENABLED) */
  48:.\Generated_Source\PSoC5/NEOMOTE_1_I2C_0_PM.c ****         #endif /* (CY_UDB_V0) */
  49:.\Generated_Source\PSoC5/NEOMOTE_1_I2C_0_PM.c ****     #endif /* (NEOMOTE_1_I2C_0_FF_IMPLEMENTED) */
  50:.\Generated_Source\PSoC5/NEOMOTE_1_I2C_0_PM.c **** 
  51:.\Generated_Source\PSoC5/NEOMOTE_1_I2C_0_PM.c ****     #if(NEOMOTE_1_I2C_0_TIMEOUT_ENABLED)
  52:.\Generated_Source\PSoC5/NEOMOTE_1_I2C_0_PM.c ****         NEOMOTE_1_I2C_0_DEFAULT_TMOUT_PERIOD,
  53:.\Generated_Source\PSoC5/NEOMOTE_1_I2C_0_PM.c ****         NEOMOTE_1_I2C_0_DEFAULT_TMOUT_INTR_MASK,
  54:.\Generated_Source\PSoC5/NEOMOTE_1_I2C_0_PM.c **** 
  55:.\Generated_Source\PSoC5/NEOMOTE_1_I2C_0_PM.c ****         #if(NEOMOTE_1_I2C_0_TIMEOUT_PRESCALER_ENABLED && CY_UDB_V0)
  56:.\Generated_Source\PSoC5/NEOMOTE_1_I2C_0_PM.c ****             NEOMOTE_1_I2C_0_DEFAULT_TMOUT_PRESCALER_PRD,
  57:.\Generated_Source\PSoC5/NEOMOTE_1_I2C_0_PM.c ****         #endif /* (NEOMOTE_1_I2C_0_TIMEOUT_PRESCALER_ENABLED) */
  58:.\Generated_Source\PSoC5/NEOMOTE_1_I2C_0_PM.c **** 
  59:.\Generated_Source\PSoC5/NEOMOTE_1_I2C_0_PM.c ****     #endif /* (NEOMOTE_1_I2C_0_TIMEOUT_ENABLED) */
  60:.\Generated_Source\PSoC5/NEOMOTE_1_I2C_0_PM.c **** };
  61:.\Generated_Source\PSoC5/NEOMOTE_1_I2C_0_PM.c **** 
  62:.\Generated_Source\PSoC5/NEOMOTE_1_I2C_0_PM.c **** #if((NEOMOTE_1_I2C_0_FF_IMPLEMENTED) && (NEOMOTE_1_I2C_0_WAKEUP_ENABLED))
  63:.\Generated_Source\PSoC5/NEOMOTE_1_I2C_0_PM.c ****     volatile uint8 NEOMOTE_1_I2C_0_wakeupSource;
  64:.\Generated_Source\PSoC5/NEOMOTE_1_I2C_0_PM.c **** #endif /* ((NEOMOTE_1_I2C_0_FF_IMPLEMENTED) && (NEOMOTE_1_I2C_0_WAKEUP_ENABLED)) */
  65:.\Generated_Source\PSoC5/NEOMOTE_1_I2C_0_PM.c **** 
  66:.\Generated_Source\PSoC5/NEOMOTE_1_I2C_0_PM.c **** 
  67:.\Generated_Source\PSoC5/NEOMOTE_1_I2C_0_PM.c **** /*******************************************************************************
  68:.\Generated_Source\PSoC5/NEOMOTE_1_I2C_0_PM.c **** * Function Name: NEOMOTE_1_I2C_0_SaveConfig
ARM GAS  C:\Users\karunmj\AppData\Local\Temp\ccSaeQFW.s 			page 3


  69:.\Generated_Source\PSoC5/NEOMOTE_1_I2C_0_PM.c **** ********************************************************************************
  70:.\Generated_Source\PSoC5/NEOMOTE_1_I2C_0_PM.c **** *
  71:.\Generated_Source\PSoC5/NEOMOTE_1_I2C_0_PM.c **** * Summary:
  72:.\Generated_Source\PSoC5/NEOMOTE_1_I2C_0_PM.c **** *  Wakeup on address match enabled: disables I2C Master(if was enabled before go
  73:.\Generated_Source\PSoC5/NEOMOTE_1_I2C_0_PM.c **** *  to sleep), enables I2C backup regulator. Waits while on-going transaction be
  74:.\Generated_Source\PSoC5/NEOMOTE_1_I2C_0_PM.c **** *  will completed and I2C will be ready go to sleep. All incoming transaction
  75:.\Generated_Source\PSoC5/NEOMOTE_1_I2C_0_PM.c **** *  will be NACKed till power down will be asserted. The address match event
  76:.\Generated_Source\PSoC5/NEOMOTE_1_I2C_0_PM.c **** *  wakes up the chip.
  77:.\Generated_Source\PSoC5/NEOMOTE_1_I2C_0_PM.c **** *  Wakeup on address match disabled: saves I2C configuration and non-retention
  78:.\Generated_Source\PSoC5/NEOMOTE_1_I2C_0_PM.c **** *  register values.
  79:.\Generated_Source\PSoC5/NEOMOTE_1_I2C_0_PM.c **** *
  80:.\Generated_Source\PSoC5/NEOMOTE_1_I2C_0_PM.c **** * Parameters:
  81:.\Generated_Source\PSoC5/NEOMOTE_1_I2C_0_PM.c **** *  None
  82:.\Generated_Source\PSoC5/NEOMOTE_1_I2C_0_PM.c **** *
  83:.\Generated_Source\PSoC5/NEOMOTE_1_I2C_0_PM.c **** * Return:
  84:.\Generated_Source\PSoC5/NEOMOTE_1_I2C_0_PM.c **** *  None
  85:.\Generated_Source\PSoC5/NEOMOTE_1_I2C_0_PM.c **** *
  86:.\Generated_Source\PSoC5/NEOMOTE_1_I2C_0_PM.c **** * Global Variables:
  87:.\Generated_Source\PSoC5/NEOMOTE_1_I2C_0_PM.c **** *  NEOMOTE_1_I2C_0_backup - used to save component configuration and
  88:.\Generated_Source\PSoC5/NEOMOTE_1_I2C_0_PM.c **** *       none-retention registers before enter sleep mode.
  89:.\Generated_Source\PSoC5/NEOMOTE_1_I2C_0_PM.c **** *
  90:.\Generated_Source\PSoC5/NEOMOTE_1_I2C_0_PM.c **** * Reentrant:
  91:.\Generated_Source\PSoC5/NEOMOTE_1_I2C_0_PM.c **** *  No
  92:.\Generated_Source\PSoC5/NEOMOTE_1_I2C_0_PM.c **** *
  93:.\Generated_Source\PSoC5/NEOMOTE_1_I2C_0_PM.c **** *******************************************************************************/
  94:.\Generated_Source\PSoC5/NEOMOTE_1_I2C_0_PM.c **** void NEOMOTE_1_I2C_0_SaveConfig(void) 
  95:.\Generated_Source\PSoC5/NEOMOTE_1_I2C_0_PM.c **** {
  43              		.loc 1 95 0
  44              		.cfi_startproc
  45              		@ args = 0, pretend = 0, frame = 0
  46              		@ frame_needed = 1, uses_anonymous_args = 0
  47              		@ link register save eliminated.
  48 0000 80B4     		push	{r7}
  49              	.LCFI0:
  50              		.cfi_def_cfa_offset 4
  51 0002 00AF     		add	r7, sp, #0
  52              		.cfi_offset 7, -4
  53              	.LCFI1:
  54              		.cfi_def_cfa_register 7
  96:.\Generated_Source\PSoC5/NEOMOTE_1_I2C_0_PM.c ****     #if(NEOMOTE_1_I2C_0_FF_IMPLEMENTED)
  97:.\Generated_Source\PSoC5/NEOMOTE_1_I2C_0_PM.c ****         #if(NEOMOTE_1_I2C_0_WAKEUP_ENABLED)
  98:.\Generated_Source\PSoC5/NEOMOTE_1_I2C_0_PM.c ****             uint8 enableInterrupts;
  99:.\Generated_Source\PSoC5/NEOMOTE_1_I2C_0_PM.c ****         #endif /* (NEOMOTE_1_I2C_0_WAKEUP_ENABLED) */
 100:.\Generated_Source\PSoC5/NEOMOTE_1_I2C_0_PM.c **** 
 101:.\Generated_Source\PSoC5/NEOMOTE_1_I2C_0_PM.c ****         /* Store regiters in either Sleep mode */
 102:.\Generated_Source\PSoC5/NEOMOTE_1_I2C_0_PM.c ****         NEOMOTE_1_I2C_0_backup.cfg  = NEOMOTE_1_I2C_0_CFG_REG;
  55              		.loc 1 102 0
  56 0004 44F6D613 		movw	r3, #:lower16:1073760726
  57 0008 C4F20003 		movt	r3, #:upper16:1073760726
  58 000c 1B78     		ldrb	r3, [r3, #0]
  59 000e DAB2     		uxtb	r2, r3
  60 0010 40F20003 		movw	r3, #:lower16:NEOMOTE_1_I2C_0_backup
  61 0014 C0F20003 		movt	r3, #:upper16:NEOMOTE_1_I2C_0_backup
  62 0018 9A70     		strb	r2, [r3, #2]
 103:.\Generated_Source\PSoC5/NEOMOTE_1_I2C_0_PM.c ****         NEOMOTE_1_I2C_0_backup.xcfg = NEOMOTE_1_I2C_0_XCFG_REG;
  63              		.loc 1 103 0
  64 001a 44F6C813 		movw	r3, #:lower16:1073760712
ARM GAS  C:\Users\karunmj\AppData\Local\Temp\ccSaeQFW.s 			page 4


  65 001e C4F20003 		movt	r3, #:upper16:1073760712
  66 0022 1B78     		ldrb	r3, [r3, #0]
  67 0024 DAB2     		uxtb	r2, r3
  68 0026 40F20003 		movw	r3, #:lower16:NEOMOTE_1_I2C_0_backup
  69 002a C0F20003 		movt	r3, #:upper16:NEOMOTE_1_I2C_0_backup
  70 002e 5A70     		strb	r2, [r3, #1]
 104:.\Generated_Source\PSoC5/NEOMOTE_1_I2C_0_PM.c **** 
 105:.\Generated_Source\PSoC5/NEOMOTE_1_I2C_0_PM.c ****         #if(NEOMOTE_1_I2C_0_MODE_SLAVE_ENABLED)
 106:.\Generated_Source\PSoC5/NEOMOTE_1_I2C_0_PM.c ****             NEOMOTE_1_I2C_0_backup.addr = NEOMOTE_1_I2C_0_ADDR_REG;
 107:.\Generated_Source\PSoC5/NEOMOTE_1_I2C_0_PM.c ****         #endif /* (NEOMOTE_1_I2C_0_MODE_SLAVE_ENABLED) */
 108:.\Generated_Source\PSoC5/NEOMOTE_1_I2C_0_PM.c **** 
 109:.\Generated_Source\PSoC5/NEOMOTE_1_I2C_0_PM.c ****         #if(CY_PSOC5A)
 110:.\Generated_Source\PSoC5/NEOMOTE_1_I2C_0_PM.c ****             NEOMOTE_1_I2C_0_backup.clkDiv   = NEOMOTE_1_I2C_0_CLKDIV_REG;
 111:.\Generated_Source\PSoC5/NEOMOTE_1_I2C_0_PM.c ****         #else
 112:.\Generated_Source\PSoC5/NEOMOTE_1_I2C_0_PM.c ****             NEOMOTE_1_I2C_0_backup.clkDiv1  = NEOMOTE_1_I2C_0_CLKDIV1_REG;
  71              		.loc 1 112 0
  72 0030 44F6DB13 		movw	r3, #:lower16:1073760731
  73 0034 C4F20003 		movt	r3, #:upper16:1073760731
  74 0038 1B78     		ldrb	r3, [r3, #0]
  75 003a DAB2     		uxtb	r2, r3
  76 003c 40F20003 		movw	r3, #:lower16:NEOMOTE_1_I2C_0_backup
  77 0040 C0F20003 		movt	r3, #:upper16:NEOMOTE_1_I2C_0_backup
  78 0044 DA70     		strb	r2, [r3, #3]
 113:.\Generated_Source\PSoC5/NEOMOTE_1_I2C_0_PM.c ****             NEOMOTE_1_I2C_0_backup.clkDiv2  = NEOMOTE_1_I2C_0_CLKDIV2_REG;
  79              		.loc 1 113 0
  80 0046 44F6DC13 		movw	r3, #:lower16:1073760732
  81 004a C4F20003 		movt	r3, #:upper16:1073760732
  82 004e 1B78     		ldrb	r3, [r3, #0]
  83 0050 DAB2     		uxtb	r2, r3
  84 0052 40F20003 		movw	r3, #:lower16:NEOMOTE_1_I2C_0_backup
  85 0056 C0F20003 		movt	r3, #:upper16:NEOMOTE_1_I2C_0_backup
  86 005a 1A71     		strb	r2, [r3, #4]
 114:.\Generated_Source\PSoC5/NEOMOTE_1_I2C_0_PM.c ****         #endif /* (CY_PSOC5A) */
 115:.\Generated_Source\PSoC5/NEOMOTE_1_I2C_0_PM.c **** 
 116:.\Generated_Source\PSoC5/NEOMOTE_1_I2C_0_PM.c ****         #if(NEOMOTE_1_I2C_0_WAKEUP_ENABLED)
 117:.\Generated_Source\PSoC5/NEOMOTE_1_I2C_0_PM.c ****             /* Need to disable Master */
 118:.\Generated_Source\PSoC5/NEOMOTE_1_I2C_0_PM.c ****             NEOMOTE_1_I2C_0_CFG_REG &= ((uint8) ~NEOMOTE_1_I2C_0_ENABLE_MASTER);
 119:.\Generated_Source\PSoC5/NEOMOTE_1_I2C_0_PM.c **** 
 120:.\Generated_Source\PSoC5/NEOMOTE_1_I2C_0_PM.c ****             /* Enable the I2C regulator backup */
 121:.\Generated_Source\PSoC5/NEOMOTE_1_I2C_0_PM.c ****             enableInterrupts = CyEnterCriticalSection();
 122:.\Generated_Source\PSoC5/NEOMOTE_1_I2C_0_PM.c ****             NEOMOTE_1_I2C_0_PWRSYS_CR1_REG |= NEOMOTE_1_I2C_0_PWRSYS_CR1_I2C_REG_BACKUP;
 123:.\Generated_Source\PSoC5/NEOMOTE_1_I2C_0_PM.c ****             CyExitCriticalSection(enableInterrupts);
 124:.\Generated_Source\PSoC5/NEOMOTE_1_I2C_0_PM.c **** 
 125:.\Generated_Source\PSoC5/NEOMOTE_1_I2C_0_PM.c ****             /* 1) Set force NACK to ignore I2C transactions
 126:.\Generated_Source\PSoC5/NEOMOTE_1_I2C_0_PM.c ****                2) Wait while I2C will be ready go to Sleep
 127:.\Generated_Source\PSoC5/NEOMOTE_1_I2C_0_PM.c ****                3) These bits are cleared on wake up */
 128:.\Generated_Source\PSoC5/NEOMOTE_1_I2C_0_PM.c ****             NEOMOTE_1_I2C_0_XCFG_REG |= NEOMOTE_1_I2C_0_XCFG_FORCE_NACK;
 129:.\Generated_Source\PSoC5/NEOMOTE_1_I2C_0_PM.c ****             while(0u == (NEOMOTE_1_I2C_0_XCFG_REG & NEOMOTE_1_I2C_0_XCFG_RDY_TO_SLEEP))
 130:.\Generated_Source\PSoC5/NEOMOTE_1_I2C_0_PM.c ****             {
 131:.\Generated_Source\PSoC5/NEOMOTE_1_I2C_0_PM.c ****                 ; /* Wait when block is ready to Sleep */
 132:.\Generated_Source\PSoC5/NEOMOTE_1_I2C_0_PM.c ****             }
 133:.\Generated_Source\PSoC5/NEOMOTE_1_I2C_0_PM.c **** 
 134:.\Generated_Source\PSoC5/NEOMOTE_1_I2C_0_PM.c ****             /* Setup wakeup interrupt */
 135:.\Generated_Source\PSoC5/NEOMOTE_1_I2C_0_PM.c ****             NEOMOTE_1_I2C_0_DisableInt();
 136:.\Generated_Source\PSoC5/NEOMOTE_1_I2C_0_PM.c ****             (void) CyIntSetVector(NEOMOTE_1_I2C_0_ISR_NUMBER, &NEOMOTE_1_I2C_0_WAKEUP_ISR);
 137:.\Generated_Source\PSoC5/NEOMOTE_1_I2C_0_PM.c ****             NEOMOTE_1_I2C_0_wakeupSource = 0u;
 138:.\Generated_Source\PSoC5/NEOMOTE_1_I2C_0_PM.c ****             NEOMOTE_1_I2C_0_EnableInt();
ARM GAS  C:\Users\karunmj\AppData\Local\Temp\ccSaeQFW.s 			page 5


 139:.\Generated_Source\PSoC5/NEOMOTE_1_I2C_0_PM.c **** 
 140:.\Generated_Source\PSoC5/NEOMOTE_1_I2C_0_PM.c ****         #endif /* (NEOMOTE_1_I2C_0_WAKEUP_ENABLED) */
 141:.\Generated_Source\PSoC5/NEOMOTE_1_I2C_0_PM.c **** 
 142:.\Generated_Source\PSoC5/NEOMOTE_1_I2C_0_PM.c ****     #else
 143:.\Generated_Source\PSoC5/NEOMOTE_1_I2C_0_PM.c ****         /* Store only address match bit */
 144:.\Generated_Source\PSoC5/NEOMOTE_1_I2C_0_PM.c ****         NEOMOTE_1_I2C_0_backup.control = (NEOMOTE_1_I2C_0_CFG_REG & NEOMOTE_1_I2C_0_CTRL_ANY_ADDRES
 145:.\Generated_Source\PSoC5/NEOMOTE_1_I2C_0_PM.c **** 
 146:.\Generated_Source\PSoC5/NEOMOTE_1_I2C_0_PM.c ****         #if(CY_UDB_V0)
 147:.\Generated_Source\PSoC5/NEOMOTE_1_I2C_0_PM.c ****             /* Store interrupt mask bits */
 148:.\Generated_Source\PSoC5/NEOMOTE_1_I2C_0_PM.c ****             NEOMOTE_1_I2C_0_backup.intMask = NEOMOTE_1_I2C_0_INT_MASK_REG;
 149:.\Generated_Source\PSoC5/NEOMOTE_1_I2C_0_PM.c **** 
 150:.\Generated_Source\PSoC5/NEOMOTE_1_I2C_0_PM.c ****             #if(NEOMOTE_1_I2C_0_MODE & NEOMOTE_1_I2C_0_MODE_SLAVE)
 151:.\Generated_Source\PSoC5/NEOMOTE_1_I2C_0_PM.c ****                 NEOMOTE_1_I2C_0_backup.addr = NEOMOTE_1_I2C_0_ADDR_REG;
 152:.\Generated_Source\PSoC5/NEOMOTE_1_I2C_0_PM.c ****             #endif /* (NEOMOTE_1_I2C_0_MODE & NEOMOTE_1_I2C_0_MODE_SLAVE) */
 153:.\Generated_Source\PSoC5/NEOMOTE_1_I2C_0_PM.c **** 
 154:.\Generated_Source\PSoC5/NEOMOTE_1_I2C_0_PM.c ****         #endif /* (CY_UDB_V0) */
 155:.\Generated_Source\PSoC5/NEOMOTE_1_I2C_0_PM.c **** 
 156:.\Generated_Source\PSoC5/NEOMOTE_1_I2C_0_PM.c ****     #endif /* (NEOMOTE_1_I2C_0_FF_IMPLEMENTED) */
 157:.\Generated_Source\PSoC5/NEOMOTE_1_I2C_0_PM.c **** 
 158:.\Generated_Source\PSoC5/NEOMOTE_1_I2C_0_PM.c ****     #if(NEOMOTE_1_I2C_0_TIMEOUT_ENABLED)
 159:.\Generated_Source\PSoC5/NEOMOTE_1_I2C_0_PM.c ****         NEOMOTE_1_I2C_0_TimeoutSaveConfig();   /* Save Timeout config */
 160:.\Generated_Source\PSoC5/NEOMOTE_1_I2C_0_PM.c ****     #endif /* (NEOMOTE_1_I2C_0_TIMEOUT_ENABLED) */
 161:.\Generated_Source\PSoC5/NEOMOTE_1_I2C_0_PM.c **** }
  87              		.loc 1 161 0
  88 005c BD46     		mov	sp, r7
  89 005e 80BC     		pop	{r7}
  90 0060 7047     		bx	lr
  91              		.cfi_endproc
  92              	.LFE0:
  93              		.size	NEOMOTE_1_I2C_0_SaveConfig, .-NEOMOTE_1_I2C_0_SaveConfig
  94 0062 00BF     		.section	.text.NEOMOTE_1_I2C_0_Sleep,"ax",%progbits
  95              		.align	2
  96              		.global	NEOMOTE_1_I2C_0_Sleep
  97              		.thumb
  98              		.thumb_func
  99              		.type	NEOMOTE_1_I2C_0_Sleep, %function
 100              	NEOMOTE_1_I2C_0_Sleep:
 101              	.LFB1:
 162:.\Generated_Source\PSoC5/NEOMOTE_1_I2C_0_PM.c **** 
 163:.\Generated_Source\PSoC5/NEOMOTE_1_I2C_0_PM.c **** 
 164:.\Generated_Source\PSoC5/NEOMOTE_1_I2C_0_PM.c **** /*******************************************************************************
 165:.\Generated_Source\PSoC5/NEOMOTE_1_I2C_0_PM.c **** * Function Name: NEOMOTE_1_I2C_0_Sleep
 166:.\Generated_Source\PSoC5/NEOMOTE_1_I2C_0_PM.c **** ********************************************************************************
 167:.\Generated_Source\PSoC5/NEOMOTE_1_I2C_0_PM.c **** *
 168:.\Generated_Source\PSoC5/NEOMOTE_1_I2C_0_PM.c **** * Summary:
 169:.\Generated_Source\PSoC5/NEOMOTE_1_I2C_0_PM.c **** *  Wakeup on address match enabled: All incoming transaction will be NACKed till
 170:.\Generated_Source\PSoC5/NEOMOTE_1_I2C_0_PM.c **** *  power down will be asserted. The address match event wakes up the chip.
 171:.\Generated_Source\PSoC5/NEOMOTE_1_I2C_0_PM.c **** *  Wakeup on address match disabled: Disables active mode power template bits or
 172:.\Generated_Source\PSoC5/NEOMOTE_1_I2C_0_PM.c **** *  clock gating as appropriate. Saves I2C configuration and non-retention
 173:.\Generated_Source\PSoC5/NEOMOTE_1_I2C_0_PM.c **** *  register values.
 174:.\Generated_Source\PSoC5/NEOMOTE_1_I2C_0_PM.c **** *  Disables I2C interrupt.
 175:.\Generated_Source\PSoC5/NEOMOTE_1_I2C_0_PM.c **** *
 176:.\Generated_Source\PSoC5/NEOMOTE_1_I2C_0_PM.c **** * Parameters:
 177:.\Generated_Source\PSoC5/NEOMOTE_1_I2C_0_PM.c **** *  None
 178:.\Generated_Source\PSoC5/NEOMOTE_1_I2C_0_PM.c **** *
 179:.\Generated_Source\PSoC5/NEOMOTE_1_I2C_0_PM.c **** * Return:
 180:.\Generated_Source\PSoC5/NEOMOTE_1_I2C_0_PM.c **** *  None
ARM GAS  C:\Users\karunmj\AppData\Local\Temp\ccSaeQFW.s 			page 6


 181:.\Generated_Source\PSoC5/NEOMOTE_1_I2C_0_PM.c **** *
 182:.\Generated_Source\PSoC5/NEOMOTE_1_I2C_0_PM.c **** * Reentrant:
 183:.\Generated_Source\PSoC5/NEOMOTE_1_I2C_0_PM.c **** *  No
 184:.\Generated_Source\PSoC5/NEOMOTE_1_I2C_0_PM.c **** *
 185:.\Generated_Source\PSoC5/NEOMOTE_1_I2C_0_PM.c **** *******************************************************************************/
 186:.\Generated_Source\PSoC5/NEOMOTE_1_I2C_0_PM.c **** void NEOMOTE_1_I2C_0_Sleep(void) 
 187:.\Generated_Source\PSoC5/NEOMOTE_1_I2C_0_PM.c **** {
 102              		.loc 1 187 0
 103              		.cfi_startproc
 104              		@ args = 0, pretend = 0, frame = 0
 105              		@ frame_needed = 1, uses_anonymous_args = 0
 106 0000 80B5     		push	{r7, lr}
 107              	.LCFI2:
 108              		.cfi_def_cfa_offset 8
 109 0002 00AF     		add	r7, sp, #0
 110              		.cfi_offset 14, -4
 111              		.cfi_offset 7, -8
 112              	.LCFI3:
 113              		.cfi_def_cfa_register 7
 188:.\Generated_Source\PSoC5/NEOMOTE_1_I2C_0_PM.c ****     #if(NEOMOTE_1_I2C_0_WAKEUP_ENABLED)
 189:.\Generated_Source\PSoC5/NEOMOTE_1_I2C_0_PM.c ****         /* The I2C block should be always enabled if used as wakeup source */
 190:.\Generated_Source\PSoC5/NEOMOTE_1_I2C_0_PM.c ****         NEOMOTE_1_I2C_0_backup.enableState = NEOMOTE_1_I2C_0_DISABLE;
 191:.\Generated_Source\PSoC5/NEOMOTE_1_I2C_0_PM.c **** 
 192:.\Generated_Source\PSoC5/NEOMOTE_1_I2C_0_PM.c ****         #if(NEOMOTE_1_I2C_0_TIMEOUT_ENABLED)
 193:.\Generated_Source\PSoC5/NEOMOTE_1_I2C_0_PM.c ****             NEOMOTE_1_I2C_0_TimeoutStop();
 194:.\Generated_Source\PSoC5/NEOMOTE_1_I2C_0_PM.c ****         #endif /* (NEOMOTE_1_I2C_0_TIMEOUT_ENABLED) */
 195:.\Generated_Source\PSoC5/NEOMOTE_1_I2C_0_PM.c **** 
 196:.\Generated_Source\PSoC5/NEOMOTE_1_I2C_0_PM.c ****     #else
 197:.\Generated_Source\PSoC5/NEOMOTE_1_I2C_0_PM.c **** 
 198:.\Generated_Source\PSoC5/NEOMOTE_1_I2C_0_PM.c ****         NEOMOTE_1_I2C_0_backup.enableState = ((uint8) NEOMOTE_1_I2C_0_IS_ENABLED);
 114              		.loc 1 198 0
 115 0004 44F2A533 		movw	r3, #:lower16:1073759141
 116 0008 C4F20003 		movt	r3, #:upper16:1073759141
 117 000c 1B78     		ldrb	r3, [r3, #0]
 118 000e DBB2     		uxtb	r3, r3
 119 0010 03F00403 		and	r3, r3, #4
 120 0014 002B     		cmp	r3, #0
 121 0016 0CBF     		ite	eq
 122 0018 0022     		moveq	r2, #0
 123 001a 0122     		movne	r2, #1
 124 001c 40F20003 		movw	r3, #:lower16:NEOMOTE_1_I2C_0_backup
 125 0020 C0F20003 		movt	r3, #:upper16:NEOMOTE_1_I2C_0_backup
 126 0024 1A70     		strb	r2, [r3, #0]
 199:.\Generated_Source\PSoC5/NEOMOTE_1_I2C_0_PM.c **** 
 200:.\Generated_Source\PSoC5/NEOMOTE_1_I2C_0_PM.c ****         if(NEOMOTE_1_I2C_0_IS_ENABLED)
 127              		.loc 1 200 0
 128 0026 44F2A533 		movw	r3, #:lower16:1073759141
 129 002a C4F20003 		movt	r3, #:upper16:1073759141
 130 002e 1B78     		ldrb	r3, [r3, #0]
 131 0030 DBB2     		uxtb	r3, r3
 132 0032 03F00403 		and	r3, r3, #4
 133 0036 002B     		cmp	r3, #0
 134 0038 01D0     		beq	.L4
 201:.\Generated_Source\PSoC5/NEOMOTE_1_I2C_0_PM.c ****         {
 202:.\Generated_Source\PSoC5/NEOMOTE_1_I2C_0_PM.c ****             NEOMOTE_1_I2C_0_Stop();
 135              		.loc 1 202 0
 136 003a FFF7FEFF 		bl	NEOMOTE_1_I2C_0_Stop
ARM GAS  C:\Users\karunmj\AppData\Local\Temp\ccSaeQFW.s 			page 7


 137              	.L4:
 203:.\Generated_Source\PSoC5/NEOMOTE_1_I2C_0_PM.c ****         }
 204:.\Generated_Source\PSoC5/NEOMOTE_1_I2C_0_PM.c ****     #endif /* (NEOMOTE_1_I2C_0_WAKEUP_ENABLED) */
 205:.\Generated_Source\PSoC5/NEOMOTE_1_I2C_0_PM.c **** 
 206:.\Generated_Source\PSoC5/NEOMOTE_1_I2C_0_PM.c ****     NEOMOTE_1_I2C_0_SaveConfig();
 138              		.loc 1 206 0
 139 003e FFF7FEFF 		bl	NEOMOTE_1_I2C_0_SaveConfig
 207:.\Generated_Source\PSoC5/NEOMOTE_1_I2C_0_PM.c **** }
 140              		.loc 1 207 0
 141 0042 80BD     		pop	{r7, pc}
 142              		.cfi_endproc
 143              	.LFE1:
 144              		.size	NEOMOTE_1_I2C_0_Sleep, .-NEOMOTE_1_I2C_0_Sleep
 145              		.section	.text.NEOMOTE_1_I2C_0_RestoreConfig,"ax",%progbits
 146              		.align	2
 147              		.global	NEOMOTE_1_I2C_0_RestoreConfig
 148              		.thumb
 149              		.thumb_func
 150              		.type	NEOMOTE_1_I2C_0_RestoreConfig, %function
 151              	NEOMOTE_1_I2C_0_RestoreConfig:
 152              	.LFB2:
 208:.\Generated_Source\PSoC5/NEOMOTE_1_I2C_0_PM.c **** 
 209:.\Generated_Source\PSoC5/NEOMOTE_1_I2C_0_PM.c **** 
 210:.\Generated_Source\PSoC5/NEOMOTE_1_I2C_0_PM.c **** /*******************************************************************************
 211:.\Generated_Source\PSoC5/NEOMOTE_1_I2C_0_PM.c **** * Function Name: NEOMOTE_1_I2C_0_RestoreConfig
 212:.\Generated_Source\PSoC5/NEOMOTE_1_I2C_0_PM.c **** ********************************************************************************
 213:.\Generated_Source\PSoC5/NEOMOTE_1_I2C_0_PM.c **** *
 214:.\Generated_Source\PSoC5/NEOMOTE_1_I2C_0_PM.c **** * Summary:
 215:.\Generated_Source\PSoC5/NEOMOTE_1_I2C_0_PM.c **** *  Wakeup on address match enabled: enables I2C Master (if was enabled before go
 216:.\Generated_Source\PSoC5/NEOMOTE_1_I2C_0_PM.c **** *  to sleep), disables I2C backup regulator.
 217:.\Generated_Source\PSoC5/NEOMOTE_1_I2C_0_PM.c **** *  Wakeup on address match disabled: Restores I2C configuration and
 218:.\Generated_Source\PSoC5/NEOMOTE_1_I2C_0_PM.c **** *  non-retention register values.
 219:.\Generated_Source\PSoC5/NEOMOTE_1_I2C_0_PM.c **** *
 220:.\Generated_Source\PSoC5/NEOMOTE_1_I2C_0_PM.c **** * Parameters:
 221:.\Generated_Source\PSoC5/NEOMOTE_1_I2C_0_PM.c **** *  None
 222:.\Generated_Source\PSoC5/NEOMOTE_1_I2C_0_PM.c **** *
 223:.\Generated_Source\PSoC5/NEOMOTE_1_I2C_0_PM.c **** * Return:
 224:.\Generated_Source\PSoC5/NEOMOTE_1_I2C_0_PM.c **** *  None
 225:.\Generated_Source\PSoC5/NEOMOTE_1_I2C_0_PM.c **** *
 226:.\Generated_Source\PSoC5/NEOMOTE_1_I2C_0_PM.c **** * Global Variables:
 227:.\Generated_Source\PSoC5/NEOMOTE_1_I2C_0_PM.c **** *  NEOMOTE_1_I2C_0_backup - used to save component configuration and
 228:.\Generated_Source\PSoC5/NEOMOTE_1_I2C_0_PM.c **** *  none-retention registers before exit sleep mode.
 229:.\Generated_Source\PSoC5/NEOMOTE_1_I2C_0_PM.c **** *
 230:.\Generated_Source\PSoC5/NEOMOTE_1_I2C_0_PM.c **** *******************************************************************************/
 231:.\Generated_Source\PSoC5/NEOMOTE_1_I2C_0_PM.c **** void NEOMOTE_1_I2C_0_RestoreConfig(void) 
 232:.\Generated_Source\PSoC5/NEOMOTE_1_I2C_0_PM.c **** {
 153              		.loc 1 232 0
 154              		.cfi_startproc
 155              		@ args = 0, pretend = 0, frame = 8
 156              		@ frame_needed = 1, uses_anonymous_args = 0
 157 0000 80B5     		push	{r7, lr}
 158              	.LCFI4:
 159              		.cfi_def_cfa_offset 8
 160 0002 82B0     		sub	sp, sp, #8
 161              	.LCFI5:
 162              		.cfi_def_cfa_offset 16
 163 0004 00AF     		add	r7, sp, #0
ARM GAS  C:\Users\karunmj\AppData\Local\Temp\ccSaeQFW.s 			page 8


 164              		.cfi_offset 14, -4
 165              		.cfi_offset 7, -8
 166              	.LCFI6:
 167              		.cfi_def_cfa_register 7
 233:.\Generated_Source\PSoC5/NEOMOTE_1_I2C_0_PM.c ****     #if(NEOMOTE_1_I2C_0_FF_IMPLEMENTED)
 234:.\Generated_Source\PSoC5/NEOMOTE_1_I2C_0_PM.c ****         uint8 enableInterrupts;
 235:.\Generated_Source\PSoC5/NEOMOTE_1_I2C_0_PM.c **** 
 236:.\Generated_Source\PSoC5/NEOMOTE_1_I2C_0_PM.c ****         if(NEOMOTE_1_I2C_0_CHECK_PWRSYS_I2C_BACKUP)    /* Enabled if was in Sleep */
 168              		.loc 1 236 0
 169 0006 44F23133 		movw	r3, #:lower16:1073759025
 170 000a C4F20003 		movt	r3, #:upper16:1073759025
 171 000e 1B78     		ldrb	r3, [r3, #0]
 172 0010 DBB2     		uxtb	r3, r3
 173 0012 03F00403 		and	r3, r3, #4
 174 0016 002B     		cmp	r3, #0
 175 0018 1FD0     		beq	.L7
 237:.\Generated_Source\PSoC5/NEOMOTE_1_I2C_0_PM.c ****         {
 238:.\Generated_Source\PSoC5/NEOMOTE_1_I2C_0_PM.c ****             /* Disable back-up regulator */
 239:.\Generated_Source\PSoC5/NEOMOTE_1_I2C_0_PM.c ****             enableInterrupts = CyEnterCriticalSection();
 176              		.loc 1 239 0
 177 001a FFF7FEFF 		bl	CyEnterCriticalSection
 178 001e 0346     		mov	r3, r0
 179 0020 FB71     		strb	r3, [r7, #7]
 240:.\Generated_Source\PSoC5/NEOMOTE_1_I2C_0_PM.c ****             NEOMOTE_1_I2C_0_PWRSYS_CR1_REG &= ((uint8) ~NEOMOTE_1_I2C_0_PWRSYS_CR1_I2C_REG_BACKUP);
 180              		.loc 1 240 0
 181 0022 44F23133 		movw	r3, #:lower16:1073759025
 182 0026 C4F20003 		movt	r3, #:upper16:1073759025
 183 002a 44F23132 		movw	r2, #:lower16:1073759025
 184 002e C4F20002 		movt	r2, #:upper16:1073759025
 185 0032 1278     		ldrb	r2, [r2, #0]
 186 0034 D2B2     		uxtb	r2, r2
 187 0036 02F0FB02 		and	r2, r2, #251
 188 003a 1A70     		strb	r2, [r3, #0]
 241:.\Generated_Source\PSoC5/NEOMOTE_1_I2C_0_PM.c ****             CyExitCriticalSection(enableInterrupts);
 189              		.loc 1 241 0
 190 003c FB79     		ldrb	r3, [r7, #7]	@ zero_extendqisi2
 191 003e 1846     		mov	r0, r3
 192 0040 FFF7FEFF 		bl	CyExitCriticalSection
 242:.\Generated_Source\PSoC5/NEOMOTE_1_I2C_0_PM.c **** 
 243:.\Generated_Source\PSoC5/NEOMOTE_1_I2C_0_PM.c ****             /* Re-enable Master */
 244:.\Generated_Source\PSoC5/NEOMOTE_1_I2C_0_PM.c ****             NEOMOTE_1_I2C_0_CFG_REG = NEOMOTE_1_I2C_0_backup.cfg;
 193              		.loc 1 244 0
 194 0044 44F6D613 		movw	r3, #:lower16:1073760726
 195 0048 C4F20003 		movt	r3, #:upper16:1073760726
 196 004c 40F20002 		movw	r2, #:lower16:NEOMOTE_1_I2C_0_backup
 197 0050 C0F20002 		movt	r2, #:upper16:NEOMOTE_1_I2C_0_backup
 198 0054 9278     		ldrb	r2, [r2, #2]	@ zero_extendqisi2
 199 0056 1A70     		strb	r2, [r3, #0]
 200 0058 27E0     		b	.L9
 201              	.L7:
 245:.\Generated_Source\PSoC5/NEOMOTE_1_I2C_0_PM.c ****         }
 246:.\Generated_Source\PSoC5/NEOMOTE_1_I2C_0_PM.c ****         else /* The I2C_REG_BACKUP was cleaned by PM API: it means Hibernate or wake-up not set */
 247:.\Generated_Source\PSoC5/NEOMOTE_1_I2C_0_PM.c ****         {
 248:.\Generated_Source\PSoC5/NEOMOTE_1_I2C_0_PM.c ****             #if(NEOMOTE_1_I2C_0_WAKEUP_ENABLED)
 249:.\Generated_Source\PSoC5/NEOMOTE_1_I2C_0_PM.c ****                 /* Disable power to I2C block before register restore */
 250:.\Generated_Source\PSoC5/NEOMOTE_1_I2C_0_PM.c ****                 enableInterrupts = CyEnterCriticalSection();
 251:.\Generated_Source\PSoC5/NEOMOTE_1_I2C_0_PM.c ****                 NEOMOTE_1_I2C_0_ACT_PWRMGR_REG  &= ((uint8) ~NEOMOTE_1_I2C_0_ACT_PWR_EN);
ARM GAS  C:\Users\karunmj\AppData\Local\Temp\ccSaeQFW.s 			page 9


 252:.\Generated_Source\PSoC5/NEOMOTE_1_I2C_0_PM.c ****                 NEOMOTE_1_I2C_0_STBY_PWRMGR_REG &= ((uint8) ~NEOMOTE_1_I2C_0_STBY_PWR_EN);
 253:.\Generated_Source\PSoC5/NEOMOTE_1_I2C_0_PM.c ****                 CyExitCriticalSection(enableInterrupts);
 254:.\Generated_Source\PSoC5/NEOMOTE_1_I2C_0_PM.c **** 
 255:.\Generated_Source\PSoC5/NEOMOTE_1_I2C_0_PM.c ****                 /* Enable component after restore complete */
 256:.\Generated_Source\PSoC5/NEOMOTE_1_I2C_0_PM.c ****                 NEOMOTE_1_I2C_0_backup.enableState = NEOMOTE_1_I2C_0_ENABLE;
 257:.\Generated_Source\PSoC5/NEOMOTE_1_I2C_0_PM.c ****             #endif /* (NEOMOTE_1_I2C_0_WAKEUP_ENABLED) */
 258:.\Generated_Source\PSoC5/NEOMOTE_1_I2C_0_PM.c **** 
 259:.\Generated_Source\PSoC5/NEOMOTE_1_I2C_0_PM.c ****             /* Restore component registers: Hibernate disable power */
 260:.\Generated_Source\PSoC5/NEOMOTE_1_I2C_0_PM.c ****             NEOMOTE_1_I2C_0_XCFG_REG = NEOMOTE_1_I2C_0_backup.xcfg;
 202              		.loc 1 260 0
 203 005a 44F6C813 		movw	r3, #:lower16:1073760712
 204 005e C4F20003 		movt	r3, #:upper16:1073760712
 205 0062 40F20002 		movw	r2, #:lower16:NEOMOTE_1_I2C_0_backup
 206 0066 C0F20002 		movt	r2, #:upper16:NEOMOTE_1_I2C_0_backup
 207 006a 5278     		ldrb	r2, [r2, #1]	@ zero_extendqisi2
 208 006c 1A70     		strb	r2, [r3, #0]
 261:.\Generated_Source\PSoC5/NEOMOTE_1_I2C_0_PM.c ****             NEOMOTE_1_I2C_0_CFG_REG  = NEOMOTE_1_I2C_0_backup.cfg;
 209              		.loc 1 261 0
 210 006e 44F6D613 		movw	r3, #:lower16:1073760726
 211 0072 C4F20003 		movt	r3, #:upper16:1073760726
 212 0076 40F20002 		movw	r2, #:lower16:NEOMOTE_1_I2C_0_backup
 213 007a C0F20002 		movt	r2, #:upper16:NEOMOTE_1_I2C_0_backup
 214 007e 9278     		ldrb	r2, [r2, #2]	@ zero_extendqisi2
 215 0080 1A70     		strb	r2, [r3, #0]
 262:.\Generated_Source\PSoC5/NEOMOTE_1_I2C_0_PM.c **** 
 263:.\Generated_Source\PSoC5/NEOMOTE_1_I2C_0_PM.c ****             #if(NEOMOTE_1_I2C_0_MODE_SLAVE_ENABLED)
 264:.\Generated_Source\PSoC5/NEOMOTE_1_I2C_0_PM.c ****                 NEOMOTE_1_I2C_0_ADDR_REG = NEOMOTE_1_I2C_0_backup.addr;
 265:.\Generated_Source\PSoC5/NEOMOTE_1_I2C_0_PM.c ****             #endif /* (NEOMOTE_1_I2C_0_MODE_SLAVE_ENABLED) */
 266:.\Generated_Source\PSoC5/NEOMOTE_1_I2C_0_PM.c **** 
 267:.\Generated_Source\PSoC5/NEOMOTE_1_I2C_0_PM.c ****             #if(CY_PSOC5A)
 268:.\Generated_Source\PSoC5/NEOMOTE_1_I2C_0_PM.c ****                 NEOMOTE_1_I2C_0_CLKDIV_REG  = NEOMOTE_1_I2C_0_backup.clkDiv;
 269:.\Generated_Source\PSoC5/NEOMOTE_1_I2C_0_PM.c ****             #else
 270:.\Generated_Source\PSoC5/NEOMOTE_1_I2C_0_PM.c ****                 NEOMOTE_1_I2C_0_CLKDIV1_REG = NEOMOTE_1_I2C_0_backup.clkDiv1;
 216              		.loc 1 270 0
 217 0082 44F6DB13 		movw	r3, #:lower16:1073760731
 218 0086 C4F20003 		movt	r3, #:upper16:1073760731
 219 008a 40F20002 		movw	r2, #:lower16:NEOMOTE_1_I2C_0_backup
 220 008e C0F20002 		movt	r2, #:upper16:NEOMOTE_1_I2C_0_backup
 221 0092 D278     		ldrb	r2, [r2, #3]	@ zero_extendqisi2
 222 0094 1A70     		strb	r2, [r3, #0]
 271:.\Generated_Source\PSoC5/NEOMOTE_1_I2C_0_PM.c ****                 NEOMOTE_1_I2C_0_CLKDIV2_REG = NEOMOTE_1_I2C_0_backup.clkDiv2;
 223              		.loc 1 271 0
 224 0096 44F6DC13 		movw	r3, #:lower16:1073760732
 225 009a C4F20003 		movt	r3, #:upper16:1073760732
 226 009e 40F20002 		movw	r2, #:lower16:NEOMOTE_1_I2C_0_backup
 227 00a2 C0F20002 		movt	r2, #:upper16:NEOMOTE_1_I2C_0_backup
 228 00a6 1279     		ldrb	r2, [r2, #4]	@ zero_extendqisi2
 229 00a8 1A70     		strb	r2, [r3, #0]
 230              	.L9:
 272:.\Generated_Source\PSoC5/NEOMOTE_1_I2C_0_PM.c ****             #endif /* (CY_PSOC5A) */
 273:.\Generated_Source\PSoC5/NEOMOTE_1_I2C_0_PM.c ****         }
 274:.\Generated_Source\PSoC5/NEOMOTE_1_I2C_0_PM.c **** 
 275:.\Generated_Source\PSoC5/NEOMOTE_1_I2C_0_PM.c ****         #if(NEOMOTE_1_I2C_0_WAKEUP_ENABLED)
 276:.\Generated_Source\PSoC5/NEOMOTE_1_I2C_0_PM.c ****             NEOMOTE_1_I2C_0_DisableInt();
 277:.\Generated_Source\PSoC5/NEOMOTE_1_I2C_0_PM.c ****             (void) CyIntSetVector(NEOMOTE_1_I2C_0_ISR_NUMBER, &NEOMOTE_1_I2C_0_ISR);
 278:.\Generated_Source\PSoC5/NEOMOTE_1_I2C_0_PM.c ****             if(0u != NEOMOTE_1_I2C_0_wakeupSource)
 279:.\Generated_Source\PSoC5/NEOMOTE_1_I2C_0_PM.c ****             {
ARM GAS  C:\Users\karunmj\AppData\Local\Temp\ccSaeQFW.s 			page 10


 280:.\Generated_Source\PSoC5/NEOMOTE_1_I2C_0_PM.c ****                 NEOMOTE_1_I2C_0_SetPendingInt();   /* Generate interrupt to process incomming trans
 281:.\Generated_Source\PSoC5/NEOMOTE_1_I2C_0_PM.c ****             }
 282:.\Generated_Source\PSoC5/NEOMOTE_1_I2C_0_PM.c ****             NEOMOTE_1_I2C_0_EnableInt();
 283:.\Generated_Source\PSoC5/NEOMOTE_1_I2C_0_PM.c ****         #endif /* (NEOMOTE_1_I2C_0_WAKEUP_ENABLED) */
 284:.\Generated_Source\PSoC5/NEOMOTE_1_I2C_0_PM.c **** 
 285:.\Generated_Source\PSoC5/NEOMOTE_1_I2C_0_PM.c ****     #else
 286:.\Generated_Source\PSoC5/NEOMOTE_1_I2C_0_PM.c **** 
 287:.\Generated_Source\PSoC5/NEOMOTE_1_I2C_0_PM.c ****         #if(CY_UDB_V0)
 288:.\Generated_Source\PSoC5/NEOMOTE_1_I2C_0_PM.c ****             uint8 enableInterrupts;
 289:.\Generated_Source\PSoC5/NEOMOTE_1_I2C_0_PM.c **** 
 290:.\Generated_Source\PSoC5/NEOMOTE_1_I2C_0_PM.c ****             NEOMOTE_1_I2C_0_INT_MASK_REG |= NEOMOTE_1_I2C_0_backup.intMask;
 291:.\Generated_Source\PSoC5/NEOMOTE_1_I2C_0_PM.c **** 
 292:.\Generated_Source\PSoC5/NEOMOTE_1_I2C_0_PM.c ****             enableInterrupts = CyEnterCriticalSection();
 293:.\Generated_Source\PSoC5/NEOMOTE_1_I2C_0_PM.c ****             NEOMOTE_1_I2C_0_INT_ENABLE_REG |= NEOMOTE_1_I2C_0_INT_ENABLE_MASK;
 294:.\Generated_Source\PSoC5/NEOMOTE_1_I2C_0_PM.c ****             CyExitCriticalSection(enableInterrupts);
 295:.\Generated_Source\PSoC5/NEOMOTE_1_I2C_0_PM.c **** 
 296:.\Generated_Source\PSoC5/NEOMOTE_1_I2C_0_PM.c ****             #if(NEOMOTE_1_I2C_0_MODE_MASTER_ENABLED)
 297:.\Generated_Source\PSoC5/NEOMOTE_1_I2C_0_PM.c ****                 /* Restore Master Clock generator */
 298:.\Generated_Source\PSoC5/NEOMOTE_1_I2C_0_PM.c ****                 NEOMOTE_1_I2C_0_MCLK_PRD_REG = NEOMOTE_1_I2C_0_DEFAULT_MCLK_PRD;
 299:.\Generated_Source\PSoC5/NEOMOTE_1_I2C_0_PM.c ****                 NEOMOTE_1_I2C_0_MCLK_CMP_REG = NEOMOTE_1_I2C_0_DEFAULT_MCLK_CMP;
 300:.\Generated_Source\PSoC5/NEOMOTE_1_I2C_0_PM.c ****             #endif /* (NEOMOTE_1_I2C_0_MODE_MASTER_ENABLED) */
 301:.\Generated_Source\PSoC5/NEOMOTE_1_I2C_0_PM.c **** 
 302:.\Generated_Source\PSoC5/NEOMOTE_1_I2C_0_PM.c ****             #if(NEOMOTE_1_I2C_0_MODE_SLAVE_ENABLED)
 303:.\Generated_Source\PSoC5/NEOMOTE_1_I2C_0_PM.c ****                 NEOMOTE_1_I2C_0_ADDR_REG = NEOMOTE_1_I2C_0_backup.addr;
 304:.\Generated_Source\PSoC5/NEOMOTE_1_I2C_0_PM.c **** 
 305:.\Generated_Source\PSoC5/NEOMOTE_1_I2C_0_PM.c ****                 /* Restore slave bit counter period */
 306:.\Generated_Source\PSoC5/NEOMOTE_1_I2C_0_PM.c ****                 NEOMOTE_1_I2C_0_PERIOD_REG = NEOMOTE_1_I2C_0_DEFAULT_PERIOD;
 307:.\Generated_Source\PSoC5/NEOMOTE_1_I2C_0_PM.c ****             #endif /* (NEOMOTE_1_I2C_0_MODE_SLAVE_ENABLED) */
 308:.\Generated_Source\PSoC5/NEOMOTE_1_I2C_0_PM.c **** 
 309:.\Generated_Source\PSoC5/NEOMOTE_1_I2C_0_PM.c ****         #endif /* (CY_UDB_V0) */
 310:.\Generated_Source\PSoC5/NEOMOTE_1_I2C_0_PM.c **** 
 311:.\Generated_Source\PSoC5/NEOMOTE_1_I2C_0_PM.c ****         NEOMOTE_1_I2C_0_CFG_REG = NEOMOTE_1_I2C_0_backup.control;
 312:.\Generated_Source\PSoC5/NEOMOTE_1_I2C_0_PM.c **** 
 313:.\Generated_Source\PSoC5/NEOMOTE_1_I2C_0_PM.c ****     #endif /* (NEOMOTE_1_I2C_0_FF_IMPLEMENTED) */
 314:.\Generated_Source\PSoC5/NEOMOTE_1_I2C_0_PM.c **** 
 315:.\Generated_Source\PSoC5/NEOMOTE_1_I2C_0_PM.c ****     #if(NEOMOTE_1_I2C_0_TIMEOUT_ENABLED)
 316:.\Generated_Source\PSoC5/NEOMOTE_1_I2C_0_PM.c ****         NEOMOTE_1_I2C_0_TimeoutRestoreConfig();
 317:.\Generated_Source\PSoC5/NEOMOTE_1_I2C_0_PM.c ****     #endif /* (NEOMOTE_1_I2C_0_TIMEOUT_ENABLED) */
 318:.\Generated_Source\PSoC5/NEOMOTE_1_I2C_0_PM.c **** }
 231              		.loc 1 318 0
 232 00aa 07F10807 		add	r7, r7, #8
 233 00ae BD46     		mov	sp, r7
 234 00b0 80BD     		pop	{r7, pc}
 235              		.cfi_endproc
 236              	.LFE2:
 237              		.size	NEOMOTE_1_I2C_0_RestoreConfig, .-NEOMOTE_1_I2C_0_RestoreConfig
 238 00b2 00BF     		.section	.text.NEOMOTE_1_I2C_0_Wakeup,"ax",%progbits
 239              		.align	2
 240              		.global	NEOMOTE_1_I2C_0_Wakeup
 241              		.thumb
 242              		.thumb_func
 243              		.type	NEOMOTE_1_I2C_0_Wakeup, %function
 244              	NEOMOTE_1_I2C_0_Wakeup:
 245              	.LFB3:
 319:.\Generated_Source\PSoC5/NEOMOTE_1_I2C_0_PM.c **** 
 320:.\Generated_Source\PSoC5/NEOMOTE_1_I2C_0_PM.c **** 
 321:.\Generated_Source\PSoC5/NEOMOTE_1_I2C_0_PM.c **** /*******************************************************************************
ARM GAS  C:\Users\karunmj\AppData\Local\Temp\ccSaeQFW.s 			page 11


 322:.\Generated_Source\PSoC5/NEOMOTE_1_I2C_0_PM.c **** * Function Name: NEOMOTE_1_I2C_0_Wakeup
 323:.\Generated_Source\PSoC5/NEOMOTE_1_I2C_0_PM.c **** ********************************************************************************
 324:.\Generated_Source\PSoC5/NEOMOTE_1_I2C_0_PM.c **** *
 325:.\Generated_Source\PSoC5/NEOMOTE_1_I2C_0_PM.c **** * Summary:
 326:.\Generated_Source\PSoC5/NEOMOTE_1_I2C_0_PM.c **** *  Wakeup on address match enabled: enables I2C Master (if was enabled before go
 327:.\Generated_Source\PSoC5/NEOMOTE_1_I2C_0_PM.c **** *  to sleep) and disables I2C backup regulator.
 328:.\Generated_Source\PSoC5/NEOMOTE_1_I2C_0_PM.c **** *  Wakeup on address match disabled: Restores I2C configuration and
 329:.\Generated_Source\PSoC5/NEOMOTE_1_I2C_0_PM.c **** *  non-retention register values. Restores Active mode power template bits or
 330:.\Generated_Source\PSoC5/NEOMOTE_1_I2C_0_PM.c **** *  clock gating as appropriate.
 331:.\Generated_Source\PSoC5/NEOMOTE_1_I2C_0_PM.c **** *  The I2C interrupt remains disabled after function call.
 332:.\Generated_Source\PSoC5/NEOMOTE_1_I2C_0_PM.c **** *
 333:.\Generated_Source\PSoC5/NEOMOTE_1_I2C_0_PM.c **** * Parameters:
 334:.\Generated_Source\PSoC5/NEOMOTE_1_I2C_0_PM.c **** *  None
 335:.\Generated_Source\PSoC5/NEOMOTE_1_I2C_0_PM.c **** *
 336:.\Generated_Source\PSoC5/NEOMOTE_1_I2C_0_PM.c **** * Return:
 337:.\Generated_Source\PSoC5/NEOMOTE_1_I2C_0_PM.c **** *  None
 338:.\Generated_Source\PSoC5/NEOMOTE_1_I2C_0_PM.c **** *
 339:.\Generated_Source\PSoC5/NEOMOTE_1_I2C_0_PM.c **** * Reentrant:
 340:.\Generated_Source\PSoC5/NEOMOTE_1_I2C_0_PM.c **** *  No
 341:.\Generated_Source\PSoC5/NEOMOTE_1_I2C_0_PM.c **** *
 342:.\Generated_Source\PSoC5/NEOMOTE_1_I2C_0_PM.c **** *******************************************************************************/
 343:.\Generated_Source\PSoC5/NEOMOTE_1_I2C_0_PM.c **** void NEOMOTE_1_I2C_0_Wakeup(void) 
 344:.\Generated_Source\PSoC5/NEOMOTE_1_I2C_0_PM.c **** {
 246              		.loc 1 344 0
 247              		.cfi_startproc
 248              		@ args = 0, pretend = 0, frame = 0
 249              		@ frame_needed = 1, uses_anonymous_args = 0
 250 0000 80B5     		push	{r7, lr}
 251              	.LCFI7:
 252              		.cfi_def_cfa_offset 8
 253 0002 00AF     		add	r7, sp, #0
 254              		.cfi_offset 14, -4
 255              		.cfi_offset 7, -8
 256              	.LCFI8:
 257              		.cfi_def_cfa_register 7
 345:.\Generated_Source\PSoC5/NEOMOTE_1_I2C_0_PM.c ****     NEOMOTE_1_I2C_0_RestoreConfig();   /* Restore I2C register settings */
 258              		.loc 1 345 0
 259 0004 FFF7FEFF 		bl	NEOMOTE_1_I2C_0_RestoreConfig
 346:.\Generated_Source\PSoC5/NEOMOTE_1_I2C_0_PM.c **** 
 347:.\Generated_Source\PSoC5/NEOMOTE_1_I2C_0_PM.c ****     /* Restore component enable state */
 348:.\Generated_Source\PSoC5/NEOMOTE_1_I2C_0_PM.c ****     if(0u != NEOMOTE_1_I2C_0_backup.enableState)
 260              		.loc 1 348 0
 261 0008 40F20003 		movw	r3, #:lower16:NEOMOTE_1_I2C_0_backup
 262 000c C0F20003 		movt	r3, #:upper16:NEOMOTE_1_I2C_0_backup
 263 0010 1B78     		ldrb	r3, [r3, #0]	@ zero_extendqisi2
 264 0012 002B     		cmp	r3, #0
 265 0014 08D0     		beq	.L12
 349:.\Generated_Source\PSoC5/NEOMOTE_1_I2C_0_PM.c ****     {
 350:.\Generated_Source\PSoC5/NEOMOTE_1_I2C_0_PM.c ****         NEOMOTE_1_I2C_0_Enable();
 266              		.loc 1 350 0
 267 0016 FFF7FEFF 		bl	NEOMOTE_1_I2C_0_Enable
 351:.\Generated_Source\PSoC5/NEOMOTE_1_I2C_0_PM.c ****         NEOMOTE_1_I2C_0_EnableInt();
 268              		.loc 1 351 0
 269 001a 4EF20013 		movw	r3, #:lower16:-536813312
 270 001e CEF20003 		movt	r3, #:upper16:-536813312
 271 0022 4FF40042 		mov	r2, #32768
 272 0026 1A60     		str	r2, [r3, #0]
ARM GAS  C:\Users\karunmj\AppData\Local\Temp\ccSaeQFW.s 			page 12


 273              	.L12:
 352:.\Generated_Source\PSoC5/NEOMOTE_1_I2C_0_PM.c ****     }
 353:.\Generated_Source\PSoC5/NEOMOTE_1_I2C_0_PM.c ****     else
 354:.\Generated_Source\PSoC5/NEOMOTE_1_I2C_0_PM.c ****     {
 355:.\Generated_Source\PSoC5/NEOMOTE_1_I2C_0_PM.c ****         #if(NEOMOTE_1_I2C_0_TIMEOUT_ENABLED)
 356:.\Generated_Source\PSoC5/NEOMOTE_1_I2C_0_PM.c ****             NEOMOTE_1_I2C_0_TimeoutEnable();
 357:.\Generated_Source\PSoC5/NEOMOTE_1_I2C_0_PM.c ****         #endif /* (NEOMOTE_1_I2C_0_TIMEOUT_ENABLED) */
 358:.\Generated_Source\PSoC5/NEOMOTE_1_I2C_0_PM.c ****     }
 359:.\Generated_Source\PSoC5/NEOMOTE_1_I2C_0_PM.c **** }
 274              		.loc 1 359 0
 275 0028 80BD     		pop	{r7, pc}
 276              		.cfi_endproc
 277              	.LFE3:
 278              		.size	NEOMOTE_1_I2C_0_Wakeup, .-NEOMOTE_1_I2C_0_Wakeup
 279 002a 00BF     		.text
 280              	.Letext0:
 281              		.section	.debug_loc,"",%progbits
 282              	.Ldebug_loc0:
 283              	.LLST0:
 284 0000 00000000 		.4byte	.LFB0
 285 0004 02000000 		.4byte	.LCFI0
 286 0008 0100     		.2byte	0x1
 287 000a 5D       		.byte	0x5d
 288 000b 02000000 		.4byte	.LCFI0
 289 000f 04000000 		.4byte	.LCFI1
 290 0013 0200     		.2byte	0x2
 291 0015 7D       		.byte	0x7d
 292 0016 04       		.sleb128 4
 293 0017 04000000 		.4byte	.LCFI1
 294 001b 62000000 		.4byte	.LFE0
 295 001f 0200     		.2byte	0x2
 296 0021 77       		.byte	0x77
 297 0022 04       		.sleb128 4
 298 0023 00000000 		.4byte	0x0
 299 0027 00000000 		.4byte	0x0
 300              	.LLST1:
 301 002b 00000000 		.4byte	.LFB1
 302 002f 02000000 		.4byte	.LCFI2
 303 0033 0100     		.2byte	0x1
 304 0035 5D       		.byte	0x5d
 305 0036 02000000 		.4byte	.LCFI2
 306 003a 04000000 		.4byte	.LCFI3
 307 003e 0200     		.2byte	0x2
 308 0040 7D       		.byte	0x7d
 309 0041 08       		.sleb128 8
 310 0042 04000000 		.4byte	.LCFI3
 311 0046 44000000 		.4byte	.LFE1
 312 004a 0200     		.2byte	0x2
 313 004c 77       		.byte	0x77
 314 004d 08       		.sleb128 8
 315 004e 00000000 		.4byte	0x0
 316 0052 00000000 		.4byte	0x0
 317              	.LLST2:
 318 0056 00000000 		.4byte	.LFB2
 319 005a 02000000 		.4byte	.LCFI4
 320 005e 0100     		.2byte	0x1
 321 0060 5D       		.byte	0x5d
ARM GAS  C:\Users\karunmj\AppData\Local\Temp\ccSaeQFW.s 			page 13


 322 0061 02000000 		.4byte	.LCFI4
 323 0065 04000000 		.4byte	.LCFI5
 324 0069 0200     		.2byte	0x2
 325 006b 7D       		.byte	0x7d
 326 006c 08       		.sleb128 8
 327 006d 04000000 		.4byte	.LCFI5
 328 0071 06000000 		.4byte	.LCFI6
 329 0075 0200     		.2byte	0x2
 330 0077 7D       		.byte	0x7d
 331 0078 10       		.sleb128 16
 332 0079 06000000 		.4byte	.LCFI6
 333 007d B2000000 		.4byte	.LFE2
 334 0081 0200     		.2byte	0x2
 335 0083 77       		.byte	0x77
 336 0084 10       		.sleb128 16
 337 0085 00000000 		.4byte	0x0
 338 0089 00000000 		.4byte	0x0
 339              	.LLST3:
 340 008d 00000000 		.4byte	.LFB3
 341 0091 02000000 		.4byte	.LCFI7
 342 0095 0100     		.2byte	0x1
 343 0097 5D       		.byte	0x5d
 344 0098 02000000 		.4byte	.LCFI7
 345 009c 04000000 		.4byte	.LCFI8
 346 00a0 0200     		.2byte	0x2
 347 00a2 7D       		.byte	0x7d
 348 00a3 08       		.sleb128 8
 349 00a4 04000000 		.4byte	.LCFI8
 350 00a8 2A000000 		.4byte	.LFE3
 351 00ac 0200     		.2byte	0x2
 352 00ae 77       		.byte	0x77
 353 00af 08       		.sleb128 8
 354 00b0 00000000 		.4byte	0x0
 355 00b4 00000000 		.4byte	0x0
 356              		.file 2 ".\\Generated_Source\\PSoC5\\/NEOMOTE_1_I2C_0.h"
 357              		.file 3 ".\\Generated_Source\\PSoC5\\/cytypes.h"
 358              		.section	.debug_info
 359 0000 63010000 		.4byte	0x163
 360 0004 0200     		.2byte	0x2
 361 0006 00000000 		.4byte	.Ldebug_abbrev0
 362 000a 04       		.byte	0x4
 363 000b 01       		.uleb128 0x1
 364 000c 2C010000 		.4byte	.LASF21
 365 0010 01       		.byte	0x1
 366 0011 1A000000 		.4byte	.LASF22
 367 0015 48000000 		.4byte	.LASF23
 368 0019 00000000 		.4byte	0x0
 369 001d 00000000 		.4byte	0x0
 370 0021 00000000 		.4byte	.Ldebug_ranges0+0x0
 371 0025 00000000 		.4byte	.Ldebug_line0
 372 0029 02       		.uleb128 0x2
 373 002a 01       		.byte	0x1
 374 002b 06       		.byte	0x6
 375 002c 72010000 		.4byte	.LASF0
 376 0030 02       		.uleb128 0x2
 377 0031 01       		.byte	0x1
 378 0032 08       		.byte	0x8
ARM GAS  C:\Users\karunmj\AppData\Local\Temp\ccSaeQFW.s 			page 14


 379 0033 97000000 		.4byte	.LASF1
 380 0037 02       		.uleb128 0x2
 381 0038 02       		.byte	0x2
 382 0039 05       		.byte	0x5
 383 003a B8010000 		.4byte	.LASF2
 384 003e 02       		.uleb128 0x2
 385 003f 02       		.byte	0x2
 386 0040 07       		.byte	0x7
 387 0041 5F010000 		.4byte	.LASF3
 388 0045 02       		.uleb128 0x2
 389 0046 04       		.byte	0x4
 390 0047 05       		.byte	0x5
 391 0048 4F010000 		.4byte	.LASF4
 392 004c 02       		.uleb128 0x2
 393 004d 04       		.byte	0x4
 394 004e 07       		.byte	0x7
 395 004f CC000000 		.4byte	.LASF5
 396 0053 02       		.uleb128 0x2
 397 0054 08       		.byte	0x8
 398 0055 05       		.byte	0x5
 399 0056 00000000 		.4byte	.LASF6
 400 005a 02       		.uleb128 0x2
 401 005b 08       		.byte	0x8
 402 005c 07       		.byte	0x7
 403 005d E3000000 		.4byte	.LASF7
 404 0061 03       		.uleb128 0x3
 405 0062 04       		.byte	0x4
 406 0063 05       		.byte	0x5
 407 0064 696E7400 		.ascii	"int\000"
 408 0068 02       		.uleb128 0x2
 409 0069 04       		.byte	0x4
 410 006a 07       		.byte	0x7
 411 006b E0010000 		.4byte	.LASF8
 412 006f 04       		.uleb128 0x4
 413 0070 C6000000 		.4byte	.LASF16
 414 0074 03       		.byte	0x3
 415 0075 4C       		.byte	0x4c
 416 0076 30000000 		.4byte	0x30
 417 007a 02       		.uleb128 0x2
 418 007b 04       		.byte	0x4
 419 007c 04       		.byte	0x4
 420 007d B2010000 		.4byte	.LASF9
 421 0081 02       		.uleb128 0x2
 422 0082 08       		.byte	0x8
 423 0083 04       		.byte	0x4
 424 0084 58010000 		.4byte	.LASF10
 425 0088 02       		.uleb128 0x2
 426 0089 01       		.byte	0x1
 427 008a 08       		.byte	0x8
 428 008b ED010000 		.4byte	.LASF11
 429 008f 05       		.uleb128 0x5
 430 0090 04       		.byte	0x4
 431 0091 07       		.byte	0x7
 432 0092 06       		.uleb128 0x6
 433 0093 05       		.byte	0x5
 434 0094 02       		.byte	0x2
 435 0095 79       		.byte	0x79
ARM GAS  C:\Users\karunmj\AppData\Local\Temp\ccSaeQFW.s 			page 15


 436 0096 E1000000 		.4byte	0xe1
 437 009a 07       		.uleb128 0x7
 438 009b 0E000000 		.4byte	.LASF12
 439 009f 02       		.byte	0x2
 440 00a0 7A       		.byte	0x7a
 441 00a1 6F000000 		.4byte	0x6f
 442 00a5 02       		.byte	0x2
 443 00a6 23       		.byte	0x23
 444 00a7 00       		.uleb128 0x0
 445 00a8 07       		.uleb128 0x7
 446 00a9 DE000000 		.4byte	.LASF13
 447 00ad 02       		.byte	0x2
 448 00ae 7D       		.byte	0x7d
 449 00af 6F000000 		.4byte	0x6f
 450 00b3 02       		.byte	0x2
 451 00b4 23       		.byte	0x23
 452 00b5 01       		.uleb128 0x1
 453 00b6 08       		.uleb128 0x8
 454 00b7 63666700 		.ascii	"cfg\000"
 455 00bb 02       		.byte	0x2
 456 00bc 7E       		.byte	0x7e
 457 00bd 6F000000 		.4byte	0x6f
 458 00c1 02       		.byte	0x2
 459 00c2 23       		.byte	0x23
 460 00c3 02       		.uleb128 0x2
 461 00c4 07       		.uleb128 0x7
 462 00c5 A5000000 		.4byte	.LASF14
 463 00c9 02       		.byte	0x2
 464 00ca 87       		.byte	0x87
 465 00cb 6F000000 		.4byte	0x6f
 466 00cf 02       		.byte	0x2
 467 00d0 23       		.byte	0x23
 468 00d1 03       		.uleb128 0x3
 469 00d2 07       		.uleb128 0x7
 470 00d3 AD000000 		.4byte	.LASF15
 471 00d7 02       		.byte	0x2
 472 00d8 88       		.byte	0x88
 473 00d9 6F000000 		.4byte	0x6f
 474 00dd 02       		.byte	0x2
 475 00de 23       		.byte	0x23
 476 00df 04       		.uleb128 0x4
 477 00e0 00       		.byte	0x0
 478 00e1 04       		.uleb128 0x4
 479 00e2 C2010000 		.4byte	.LASF17
 480 00e6 02       		.byte	0x2
 481 00e7 A2       		.byte	0xa2
 482 00e8 92000000 		.4byte	0x92
 483 00ec 09       		.uleb128 0x9
 484 00ed 01       		.byte	0x1
 485 00ee FA000000 		.4byte	.LASF18
 486 00f2 01       		.byte	0x1
 487 00f3 5E       		.byte	0x5e
 488 00f4 01       		.byte	0x1
 489 00f5 00000000 		.4byte	.LFB0
 490 00f9 62000000 		.4byte	.LFE0
 491 00fd 00000000 		.4byte	.LLST0
 492 0101 09       		.uleb128 0x9
ARM GAS  C:\Users\karunmj\AppData\Local\Temp\ccSaeQFW.s 			page 16


 493 0102 01       		.byte	0x1
 494 0103 9C010000 		.4byte	.LASF19
 495 0107 01       		.byte	0x1
 496 0108 BA       		.byte	0xba
 497 0109 01       		.byte	0x1
 498 010a 00000000 		.4byte	.LFB1
 499 010e 44000000 		.4byte	.LFE1
 500 0112 2B000000 		.4byte	.LLST1
 501 0116 0A       		.uleb128 0xa
 502 0117 01       		.byte	0x1
 503 0118 7E010000 		.4byte	.LASF24
 504 011c 01       		.byte	0x1
 505 011d E7       		.byte	0xe7
 506 011e 01       		.byte	0x1
 507 011f 00000000 		.4byte	.LFB2
 508 0123 B2000000 		.4byte	.LFE2
 509 0127 56000000 		.4byte	.LLST2
 510 012b 3E010000 		.4byte	0x13e
 511 012f 0B       		.uleb128 0xb
 512 0130 B5000000 		.4byte	.LASF25
 513 0134 01       		.byte	0x1
 514 0135 EA       		.byte	0xea
 515 0136 6F000000 		.4byte	0x6f
 516 013a 02       		.byte	0x2
 517 013b 91       		.byte	0x91
 518 013c 77       		.sleb128 -9
 519 013d 00       		.byte	0x0
 520 013e 0C       		.uleb128 0xc
 521 013f 01       		.byte	0x1
 522 0140 38010000 		.4byte	.LASF20
 523 0144 01       		.byte	0x1
 524 0145 5701     		.2byte	0x157
 525 0147 01       		.byte	0x1
 526 0148 00000000 		.4byte	.LFB3
 527 014c 2A000000 		.4byte	.LFE3
 528 0150 8D000000 		.4byte	.LLST3
 529 0154 0D       		.uleb128 0xd
 530 0155 15010000 		.4byte	.LASF26
 531 0159 01       		.byte	0x1
 532 015a 14       		.byte	0x14
 533 015b E1000000 		.4byte	0xe1
 534 015f 01       		.byte	0x1
 535 0160 05       		.byte	0x5
 536 0161 03       		.byte	0x3
 537 0162 00000000 		.4byte	NEOMOTE_1_I2C_0_backup
 538 0166 00       		.byte	0x0
 539              		.section	.debug_abbrev
 540 0000 01       		.uleb128 0x1
 541 0001 11       		.uleb128 0x11
 542 0002 01       		.byte	0x1
 543 0003 25       		.uleb128 0x25
 544 0004 0E       		.uleb128 0xe
 545 0005 13       		.uleb128 0x13
 546 0006 0B       		.uleb128 0xb
 547 0007 03       		.uleb128 0x3
 548 0008 0E       		.uleb128 0xe
 549 0009 1B       		.uleb128 0x1b
ARM GAS  C:\Users\karunmj\AppData\Local\Temp\ccSaeQFW.s 			page 17


 550 000a 0E       		.uleb128 0xe
 551 000b 11       		.uleb128 0x11
 552 000c 01       		.uleb128 0x1
 553 000d 52       		.uleb128 0x52
 554 000e 01       		.uleb128 0x1
 555 000f 55       		.uleb128 0x55
 556 0010 06       		.uleb128 0x6
 557 0011 10       		.uleb128 0x10
 558 0012 06       		.uleb128 0x6
 559 0013 00       		.byte	0x0
 560 0014 00       		.byte	0x0
 561 0015 02       		.uleb128 0x2
 562 0016 24       		.uleb128 0x24
 563 0017 00       		.byte	0x0
 564 0018 0B       		.uleb128 0xb
 565 0019 0B       		.uleb128 0xb
 566 001a 3E       		.uleb128 0x3e
 567 001b 0B       		.uleb128 0xb
 568 001c 03       		.uleb128 0x3
 569 001d 0E       		.uleb128 0xe
 570 001e 00       		.byte	0x0
 571 001f 00       		.byte	0x0
 572 0020 03       		.uleb128 0x3
 573 0021 24       		.uleb128 0x24
 574 0022 00       		.byte	0x0
 575 0023 0B       		.uleb128 0xb
 576 0024 0B       		.uleb128 0xb
 577 0025 3E       		.uleb128 0x3e
 578 0026 0B       		.uleb128 0xb
 579 0027 03       		.uleb128 0x3
 580 0028 08       		.uleb128 0x8
 581 0029 00       		.byte	0x0
 582 002a 00       		.byte	0x0
 583 002b 04       		.uleb128 0x4
 584 002c 16       		.uleb128 0x16
 585 002d 00       		.byte	0x0
 586 002e 03       		.uleb128 0x3
 587 002f 0E       		.uleb128 0xe
 588 0030 3A       		.uleb128 0x3a
 589 0031 0B       		.uleb128 0xb
 590 0032 3B       		.uleb128 0x3b
 591 0033 0B       		.uleb128 0xb
 592 0034 49       		.uleb128 0x49
 593 0035 13       		.uleb128 0x13
 594 0036 00       		.byte	0x0
 595 0037 00       		.byte	0x0
 596 0038 05       		.uleb128 0x5
 597 0039 24       		.uleb128 0x24
 598 003a 00       		.byte	0x0
 599 003b 0B       		.uleb128 0xb
 600 003c 0B       		.uleb128 0xb
 601 003d 3E       		.uleb128 0x3e
 602 003e 0B       		.uleb128 0xb
 603 003f 00       		.byte	0x0
 604 0040 00       		.byte	0x0
 605 0041 06       		.uleb128 0x6
 606 0042 13       		.uleb128 0x13
ARM GAS  C:\Users\karunmj\AppData\Local\Temp\ccSaeQFW.s 			page 18


 607 0043 01       		.byte	0x1
 608 0044 0B       		.uleb128 0xb
 609 0045 0B       		.uleb128 0xb
 610 0046 3A       		.uleb128 0x3a
 611 0047 0B       		.uleb128 0xb
 612 0048 3B       		.uleb128 0x3b
 613 0049 0B       		.uleb128 0xb
 614 004a 01       		.uleb128 0x1
 615 004b 13       		.uleb128 0x13
 616 004c 00       		.byte	0x0
 617 004d 00       		.byte	0x0
 618 004e 07       		.uleb128 0x7
 619 004f 0D       		.uleb128 0xd
 620 0050 00       		.byte	0x0
 621 0051 03       		.uleb128 0x3
 622 0052 0E       		.uleb128 0xe
 623 0053 3A       		.uleb128 0x3a
 624 0054 0B       		.uleb128 0xb
 625 0055 3B       		.uleb128 0x3b
 626 0056 0B       		.uleb128 0xb
 627 0057 49       		.uleb128 0x49
 628 0058 13       		.uleb128 0x13
 629 0059 38       		.uleb128 0x38
 630 005a 0A       		.uleb128 0xa
 631 005b 00       		.byte	0x0
 632 005c 00       		.byte	0x0
 633 005d 08       		.uleb128 0x8
 634 005e 0D       		.uleb128 0xd
 635 005f 00       		.byte	0x0
 636 0060 03       		.uleb128 0x3
 637 0061 08       		.uleb128 0x8
 638 0062 3A       		.uleb128 0x3a
 639 0063 0B       		.uleb128 0xb
 640 0064 3B       		.uleb128 0x3b
 641 0065 0B       		.uleb128 0xb
 642 0066 49       		.uleb128 0x49
 643 0067 13       		.uleb128 0x13
 644 0068 38       		.uleb128 0x38
 645 0069 0A       		.uleb128 0xa
 646 006a 00       		.byte	0x0
 647 006b 00       		.byte	0x0
 648 006c 09       		.uleb128 0x9
 649 006d 2E       		.uleb128 0x2e
 650 006e 00       		.byte	0x0
 651 006f 3F       		.uleb128 0x3f
 652 0070 0C       		.uleb128 0xc
 653 0071 03       		.uleb128 0x3
 654 0072 0E       		.uleb128 0xe
 655 0073 3A       		.uleb128 0x3a
 656 0074 0B       		.uleb128 0xb
 657 0075 3B       		.uleb128 0x3b
 658 0076 0B       		.uleb128 0xb
 659 0077 27       		.uleb128 0x27
 660 0078 0C       		.uleb128 0xc
 661 0079 11       		.uleb128 0x11
 662 007a 01       		.uleb128 0x1
 663 007b 12       		.uleb128 0x12
ARM GAS  C:\Users\karunmj\AppData\Local\Temp\ccSaeQFW.s 			page 19


 664 007c 01       		.uleb128 0x1
 665 007d 40       		.uleb128 0x40
 666 007e 06       		.uleb128 0x6
 667 007f 00       		.byte	0x0
 668 0080 00       		.byte	0x0
 669 0081 0A       		.uleb128 0xa
 670 0082 2E       		.uleb128 0x2e
 671 0083 01       		.byte	0x1
 672 0084 3F       		.uleb128 0x3f
 673 0085 0C       		.uleb128 0xc
 674 0086 03       		.uleb128 0x3
 675 0087 0E       		.uleb128 0xe
 676 0088 3A       		.uleb128 0x3a
 677 0089 0B       		.uleb128 0xb
 678 008a 3B       		.uleb128 0x3b
 679 008b 0B       		.uleb128 0xb
 680 008c 27       		.uleb128 0x27
 681 008d 0C       		.uleb128 0xc
 682 008e 11       		.uleb128 0x11
 683 008f 01       		.uleb128 0x1
 684 0090 12       		.uleb128 0x12
 685 0091 01       		.uleb128 0x1
 686 0092 40       		.uleb128 0x40
 687 0093 06       		.uleb128 0x6
 688 0094 01       		.uleb128 0x1
 689 0095 13       		.uleb128 0x13
 690 0096 00       		.byte	0x0
 691 0097 00       		.byte	0x0
 692 0098 0B       		.uleb128 0xb
 693 0099 34       		.uleb128 0x34
 694 009a 00       		.byte	0x0
 695 009b 03       		.uleb128 0x3
 696 009c 0E       		.uleb128 0xe
 697 009d 3A       		.uleb128 0x3a
 698 009e 0B       		.uleb128 0xb
 699 009f 3B       		.uleb128 0x3b
 700 00a0 0B       		.uleb128 0xb
 701 00a1 49       		.uleb128 0x49
 702 00a2 13       		.uleb128 0x13
 703 00a3 02       		.uleb128 0x2
 704 00a4 0A       		.uleb128 0xa
 705 00a5 00       		.byte	0x0
 706 00a6 00       		.byte	0x0
 707 00a7 0C       		.uleb128 0xc
 708 00a8 2E       		.uleb128 0x2e
 709 00a9 00       		.byte	0x0
 710 00aa 3F       		.uleb128 0x3f
 711 00ab 0C       		.uleb128 0xc
 712 00ac 03       		.uleb128 0x3
 713 00ad 0E       		.uleb128 0xe
 714 00ae 3A       		.uleb128 0x3a
 715 00af 0B       		.uleb128 0xb
 716 00b0 3B       		.uleb128 0x3b
 717 00b1 05       		.uleb128 0x5
 718 00b2 27       		.uleb128 0x27
 719 00b3 0C       		.uleb128 0xc
 720 00b4 11       		.uleb128 0x11
ARM GAS  C:\Users\karunmj\AppData\Local\Temp\ccSaeQFW.s 			page 20


 721 00b5 01       		.uleb128 0x1
 722 00b6 12       		.uleb128 0x12
 723 00b7 01       		.uleb128 0x1
 724 00b8 40       		.uleb128 0x40
 725 00b9 06       		.uleb128 0x6
 726 00ba 00       		.byte	0x0
 727 00bb 00       		.byte	0x0
 728 00bc 0D       		.uleb128 0xd
 729 00bd 34       		.uleb128 0x34
 730 00be 00       		.byte	0x0
 731 00bf 03       		.uleb128 0x3
 732 00c0 0E       		.uleb128 0xe
 733 00c1 3A       		.uleb128 0x3a
 734 00c2 0B       		.uleb128 0xb
 735 00c3 3B       		.uleb128 0x3b
 736 00c4 0B       		.uleb128 0xb
 737 00c5 49       		.uleb128 0x49
 738 00c6 13       		.uleb128 0x13
 739 00c7 3F       		.uleb128 0x3f
 740 00c8 0C       		.uleb128 0xc
 741 00c9 02       		.uleb128 0x2
 742 00ca 0A       		.uleb128 0xa
 743 00cb 00       		.byte	0x0
 744 00cc 00       		.byte	0x0
 745 00cd 00       		.byte	0x0
 746              		.section	.debug_pubnames,"",%progbits
 747 0000 9F000000 		.4byte	0x9f
 748 0004 0200     		.2byte	0x2
 749 0006 00000000 		.4byte	.Ldebug_info0
 750 000a 67010000 		.4byte	0x167
 751 000e EC000000 		.4byte	0xec
 752 0012 4E454F4D 		.ascii	"NEOMOTE_1_I2C_0_SaveConfig\000"
 752      4F54455F 
 752      315F4932 
 752      435F305F 
 752      53617665 
 753 002d 01010000 		.4byte	0x101
 754 0031 4E454F4D 		.ascii	"NEOMOTE_1_I2C_0_Sleep\000"
 754      4F54455F 
 754      315F4932 
 754      435F305F 
 754      536C6565 
 755 0047 16010000 		.4byte	0x116
 756 004b 4E454F4D 		.ascii	"NEOMOTE_1_I2C_0_RestoreConfig\000"
 756      4F54455F 
 756      315F4932 
 756      435F305F 
 756      52657374 
 757 0069 3E010000 		.4byte	0x13e
 758 006d 4E454F4D 		.ascii	"NEOMOTE_1_I2C_0_Wakeup\000"
 758      4F54455F 
 758      315F4932 
 758      435F305F 
 758      57616B65 
 759 0084 54010000 		.4byte	0x154
 760 0088 4E454F4D 		.ascii	"NEOMOTE_1_I2C_0_backup\000"
 760      4F54455F 
ARM GAS  C:\Users\karunmj\AppData\Local\Temp\ccSaeQFW.s 			page 21


 760      315F4932 
 760      435F305F 
 760      6261636B 
 761 009f 00000000 		.4byte	0x0
 762              		.section	.debug_aranges,"",%progbits
 763 0000 34000000 		.4byte	0x34
 764 0004 0200     		.2byte	0x2
 765 0006 00000000 		.4byte	.Ldebug_info0
 766 000a 04       		.byte	0x4
 767 000b 00       		.byte	0x0
 768 000c 0000     		.2byte	0x0
 769 000e 0000     		.2byte	0x0
 770 0010 00000000 		.4byte	.LFB0
 771 0014 62000000 		.4byte	.LFE0-.LFB0
 772 0018 00000000 		.4byte	.LFB1
 773 001c 44000000 		.4byte	.LFE1-.LFB1
 774 0020 00000000 		.4byte	.LFB2
 775 0024 B2000000 		.4byte	.LFE2-.LFB2
 776 0028 00000000 		.4byte	.LFB3
 777 002c 2A000000 		.4byte	.LFE3-.LFB3
 778 0030 00000000 		.4byte	0x0
 779 0034 00000000 		.4byte	0x0
 780              		.section	.debug_ranges,"",%progbits
 781              	.Ldebug_ranges0:
 782 0000 00000000 		.4byte	.Ltext0
 783 0004 00000000 		.4byte	.Letext0
 784 0008 00000000 		.4byte	.LFB0
 785 000c 62000000 		.4byte	.LFE0
 786 0010 00000000 		.4byte	.LFB1
 787 0014 44000000 		.4byte	.LFE1
 788 0018 00000000 		.4byte	.LFB2
 789 001c B2000000 		.4byte	.LFE2
 790 0020 00000000 		.4byte	.LFB3
 791 0024 2A000000 		.4byte	.LFE3
 792 0028 00000000 		.4byte	0x0
 793 002c 00000000 		.4byte	0x0
 794              		.section	.debug_str,"MS",%progbits,1
 795              	.LASF6:
 796 0000 6C6F6E67 		.ascii	"long long int\000"
 796      206C6F6E 
 796      6720696E 
 796      7400
 797              	.LASF12:
 798 000e 656E6162 		.ascii	"enableState\000"
 798      6C655374 
 798      61746500 
 799              	.LASF22:
 800 001a 2E5C4765 		.ascii	".\\Generated_Source\\PSoC5\\NEOMOTE_1_I2C_0_PM.c\000"
 800      6E657261 
 800      7465645F 
 800      536F7572 
 800      63655C50 
 801              	.LASF23:
 802 0048 433A5C55 		.ascii	"C:\\Users\\karunmj\\Documents\\GitHub\\m2m\\hardwar"
 802      73657273 
 802      5C6B6172 
 802      756E6D6A 
ARM GAS  C:\Users\karunmj\AppData\Local\Temp\ccSaeQFW.s 			page 22


 802      5C446F63 
 803 0075 655C7073 		.ascii	"e\\psoc5\\PSoC_Datalogger_SMS.cydsn\000"
 803      6F63355C 
 803      50536F43 
 803      5F446174 
 803      616C6F67 
 804              	.LASF1:
 805 0097 756E7369 		.ascii	"unsigned char\000"
 805      676E6564 
 805      20636861 
 805      7200
 806              	.LASF14:
 807 00a5 636C6B44 		.ascii	"clkDiv1\000"
 807      69763100 
 808              	.LASF15:
 809 00ad 636C6B44 		.ascii	"clkDiv2\000"
 809      69763200 
 810              	.LASF25:
 811 00b5 656E6162 		.ascii	"enableInterrupts\000"
 811      6C65496E 
 811      74657272 
 811      75707473 
 811      00
 812              	.LASF16:
 813 00c6 75696E74 		.ascii	"uint8\000"
 813      3800
 814              	.LASF5:
 815 00cc 6C6F6E67 		.ascii	"long unsigned int\000"
 815      20756E73 
 815      69676E65 
 815      6420696E 
 815      7400
 816              	.LASF13:
 817 00de 78636667 		.ascii	"xcfg\000"
 817      00
 818              	.LASF7:
 819 00e3 6C6F6E67 		.ascii	"long long unsigned int\000"
 819      206C6F6E 
 819      6720756E 
 819      7369676E 
 819      65642069 
 820              	.LASF18:
 821 00fa 4E454F4D 		.ascii	"NEOMOTE_1_I2C_0_SaveConfig\000"
 821      4F54455F 
 821      315F4932 
 821      435F305F 
 821      53617665 
 822              	.LASF26:
 823 0115 4E454F4D 		.ascii	"NEOMOTE_1_I2C_0_backup\000"
 823      4F54455F 
 823      315F4932 
 823      435F305F 
 823      6261636B 
 824              	.LASF21:
 825 012c 474E5520 		.ascii	"GNU C 4.4.1\000"
 825      4320342E 
 825      342E3100 
ARM GAS  C:\Users\karunmj\AppData\Local\Temp\ccSaeQFW.s 			page 23


 826              	.LASF20:
 827 0138 4E454F4D 		.ascii	"NEOMOTE_1_I2C_0_Wakeup\000"
 827      4F54455F 
 827      315F4932 
 827      435F305F 
 827      57616B65 
 828              	.LASF4:
 829 014f 6C6F6E67 		.ascii	"long int\000"
 829      20696E74 
 829      00
 830              	.LASF10:
 831 0158 646F7562 		.ascii	"double\000"
 831      6C6500
 832              	.LASF3:
 833 015f 73686F72 		.ascii	"short unsigned int\000"
 833      7420756E 
 833      7369676E 
 833      65642069 
 833      6E7400
 834              	.LASF0:
 835 0172 7369676E 		.ascii	"signed char\000"
 835      65642063 
 835      68617200 
 836              	.LASF24:
 837 017e 4E454F4D 		.ascii	"NEOMOTE_1_I2C_0_RestoreConfig\000"
 837      4F54455F 
 837      315F4932 
 837      435F305F 
 837      52657374 
 838              	.LASF19:
 839 019c 4E454F4D 		.ascii	"NEOMOTE_1_I2C_0_Sleep\000"
 839      4F54455F 
 839      315F4932 
 839      435F305F 
 839      536C6565 
 840              	.LASF9:
 841 01b2 666C6F61 		.ascii	"float\000"
 841      7400
 842              	.LASF2:
 843 01b8 73686F72 		.ascii	"short int\000"
 843      7420696E 
 843      7400
 844              	.LASF17:
 845 01c2 4E454F4D 		.ascii	"NEOMOTE_1_I2C_0_BACKUP_STRUCT\000"
 845      4F54455F 
 845      315F4932 
 845      435F305F 
 845      4241434B 
 846              	.LASF8:
 847 01e0 756E7369 		.ascii	"unsigned int\000"
 847      676E6564 
 847      20696E74 
 847      00
 848              	.LASF11:
 849 01ed 63686172 		.ascii	"char\000"
 849      00
 850              		.ident	"GCC: (Sourcery G++ Lite 2010q1-188) 4.4.1"
ARM GAS  C:\Users\karunmj\AppData\Local\Temp\ccSaeQFW.s 			page 24


