ARM GAS  C:\Users\karunmj\AppData\Local\Temp\ccdWoMNb.s 			page 1


   1              		.syntax unified
   2              		.cpu cortex-m3
   3              		.fpu softvfp
   4              		.eabi_attribute 20, 1
   5              		.eabi_attribute 21, 1
   6              		.eabi_attribute 23, 3
   7              		.eabi_attribute 24, 1
   8              		.eabi_attribute 25, 1
   9              		.eabi_attribute 26, 1
  10              		.eabi_attribute 30, 6
  11              		.eabi_attribute 18, 4
  12              		.thumb
  13              		.file	"NEOMOTE_1_UART_MOTE_PM.c"
  14              		.section	.debug_abbrev,"",%progbits
  15              	.Ldebug_abbrev0:
  16              		.section	.debug_info,"",%progbits
  17              	.Ldebug_info0:
  18              		.section	.debug_line,"",%progbits
  19              	.Ldebug_line0:
  20 0000 E1000000 		.text
  20      02008800 
  20      00000201 
  20      FB0E0D00 
  20      01010101 
  21              	.Ltext0:
  22              		.cfi_sections	.debug_frame
  23              		.bss
  24              		.align	2
  25              	NEOMOTE_1_UART_MOTE_backup:
  26 0000 000000   		.space	3
  27 0003 00       		.section	.text.NEOMOTE_1_UART_MOTE_SaveConfig,"ax",%progbits
  28              		.align	2
  29              		.global	NEOMOTE_1_UART_MOTE_SaveConfig
  30              		.thumb
  31              		.thumb_func
  32              		.type	NEOMOTE_1_UART_MOTE_SaveConfig, %function
  33              	NEOMOTE_1_UART_MOTE_SaveConfig:
  34              	.LFB0:
  35              		.file 1 ".\\Generated_Source\\PSoC5\\NEOMOTE_1_UART_MOTE_PM.c"
   1:.\Generated_Source\PSoC5/NEOMOTE_1_UART_MOTE_PM.c **** /*******************************************************************************
   2:.\Generated_Source\PSoC5/NEOMOTE_1_UART_MOTE_PM.c **** * File Name: NEOMOTE_1_UART_MOTE_PM.c
   3:.\Generated_Source\PSoC5/NEOMOTE_1_UART_MOTE_PM.c **** * Version 2.30
   4:.\Generated_Source\PSoC5/NEOMOTE_1_UART_MOTE_PM.c **** *
   5:.\Generated_Source\PSoC5/NEOMOTE_1_UART_MOTE_PM.c **** * Description:
   6:.\Generated_Source\PSoC5/NEOMOTE_1_UART_MOTE_PM.c **** *  This file provides Sleep/WakeUp APIs functionality.
   7:.\Generated_Source\PSoC5/NEOMOTE_1_UART_MOTE_PM.c **** *
   8:.\Generated_Source\PSoC5/NEOMOTE_1_UART_MOTE_PM.c **** * Note:
   9:.\Generated_Source\PSoC5/NEOMOTE_1_UART_MOTE_PM.c **** *
  10:.\Generated_Source\PSoC5/NEOMOTE_1_UART_MOTE_PM.c **** ********************************************************************************
  11:.\Generated_Source\PSoC5/NEOMOTE_1_UART_MOTE_PM.c **** * Copyright 2008-2012, Cypress Semiconductor Corporation.  All rights reserved.
  12:.\Generated_Source\PSoC5/NEOMOTE_1_UART_MOTE_PM.c **** * You may use this file only in accordance with the license, terms, conditions,
  13:.\Generated_Source\PSoC5/NEOMOTE_1_UART_MOTE_PM.c **** * disclaimers, and limitations in the end user license agreement accompanying
  14:.\Generated_Source\PSoC5/NEOMOTE_1_UART_MOTE_PM.c **** * the software package with which this file was provided.
  15:.\Generated_Source\PSoC5/NEOMOTE_1_UART_MOTE_PM.c **** *******************************************************************************/
  16:.\Generated_Source\PSoC5/NEOMOTE_1_UART_MOTE_PM.c **** 
  17:.\Generated_Source\PSoC5/NEOMOTE_1_UART_MOTE_PM.c **** #include "NEOMOTE_1_UART_MOTE.h"
  18:.\Generated_Source\PSoC5/NEOMOTE_1_UART_MOTE_PM.c **** 
ARM GAS  C:\Users\karunmj\AppData\Local\Temp\ccdWoMNb.s 			page 2


  19:.\Generated_Source\PSoC5/NEOMOTE_1_UART_MOTE_PM.c **** 
  20:.\Generated_Source\PSoC5/NEOMOTE_1_UART_MOTE_PM.c **** /***************************************
  21:.\Generated_Source\PSoC5/NEOMOTE_1_UART_MOTE_PM.c **** * Local data allocation
  22:.\Generated_Source\PSoC5/NEOMOTE_1_UART_MOTE_PM.c **** ***************************************/
  23:.\Generated_Source\PSoC5/NEOMOTE_1_UART_MOTE_PM.c **** 
  24:.\Generated_Source\PSoC5/NEOMOTE_1_UART_MOTE_PM.c **** static NEOMOTE_1_UART_MOTE_BACKUP_STRUCT  NEOMOTE_1_UART_MOTE_backup =
  25:.\Generated_Source\PSoC5/NEOMOTE_1_UART_MOTE_PM.c **** {
  26:.\Generated_Source\PSoC5/NEOMOTE_1_UART_MOTE_PM.c ****     /* enableState - disabled */
  27:.\Generated_Source\PSoC5/NEOMOTE_1_UART_MOTE_PM.c ****     0u,
  28:.\Generated_Source\PSoC5/NEOMOTE_1_UART_MOTE_PM.c **** };
  29:.\Generated_Source\PSoC5/NEOMOTE_1_UART_MOTE_PM.c **** 
  30:.\Generated_Source\PSoC5/NEOMOTE_1_UART_MOTE_PM.c **** 
  31:.\Generated_Source\PSoC5/NEOMOTE_1_UART_MOTE_PM.c **** 
  32:.\Generated_Source\PSoC5/NEOMOTE_1_UART_MOTE_PM.c **** /*******************************************************************************
  33:.\Generated_Source\PSoC5/NEOMOTE_1_UART_MOTE_PM.c **** * Function Name: NEOMOTE_1_UART_MOTE_SaveConfig
  34:.\Generated_Source\PSoC5/NEOMOTE_1_UART_MOTE_PM.c **** ********************************************************************************
  35:.\Generated_Source\PSoC5/NEOMOTE_1_UART_MOTE_PM.c **** *
  36:.\Generated_Source\PSoC5/NEOMOTE_1_UART_MOTE_PM.c **** * Summary:
  37:.\Generated_Source\PSoC5/NEOMOTE_1_UART_MOTE_PM.c **** *  Saves the current user configuration.
  38:.\Generated_Source\PSoC5/NEOMOTE_1_UART_MOTE_PM.c **** *
  39:.\Generated_Source\PSoC5/NEOMOTE_1_UART_MOTE_PM.c **** * Parameters:
  40:.\Generated_Source\PSoC5/NEOMOTE_1_UART_MOTE_PM.c **** *  None.
  41:.\Generated_Source\PSoC5/NEOMOTE_1_UART_MOTE_PM.c **** *
  42:.\Generated_Source\PSoC5/NEOMOTE_1_UART_MOTE_PM.c **** * Return:
  43:.\Generated_Source\PSoC5/NEOMOTE_1_UART_MOTE_PM.c **** *  None.
  44:.\Generated_Source\PSoC5/NEOMOTE_1_UART_MOTE_PM.c **** *
  45:.\Generated_Source\PSoC5/NEOMOTE_1_UART_MOTE_PM.c **** * Global Variables:
  46:.\Generated_Source\PSoC5/NEOMOTE_1_UART_MOTE_PM.c **** *  NEOMOTE_1_UART_MOTE_backup - modified when non-retention registers are saved.
  47:.\Generated_Source\PSoC5/NEOMOTE_1_UART_MOTE_PM.c **** *
  48:.\Generated_Source\PSoC5/NEOMOTE_1_UART_MOTE_PM.c **** * Reentrant:
  49:.\Generated_Source\PSoC5/NEOMOTE_1_UART_MOTE_PM.c **** *  No.
  50:.\Generated_Source\PSoC5/NEOMOTE_1_UART_MOTE_PM.c **** *
  51:.\Generated_Source\PSoC5/NEOMOTE_1_UART_MOTE_PM.c **** *******************************************************************************/
  52:.\Generated_Source\PSoC5/NEOMOTE_1_UART_MOTE_PM.c **** void NEOMOTE_1_UART_MOTE_SaveConfig(void)
  53:.\Generated_Source\PSoC5/NEOMOTE_1_UART_MOTE_PM.c **** {
  36              		.loc 1 53 0
  37              		.cfi_startproc
  38              		@ args = 0, pretend = 0, frame = 0
  39              		@ frame_needed = 1, uses_anonymous_args = 0
  40              		@ link register save eliminated.
  41 0000 80B4     		push	{r7}
  42              	.LCFI0:
  43              		.cfi_def_cfa_offset 4
  44 0002 00AF     		add	r7, sp, #0
  45              		.cfi_offset 7, -4
  46              	.LCFI1:
  47              		.cfi_def_cfa_register 7
  54:.\Generated_Source\PSoC5/NEOMOTE_1_UART_MOTE_PM.c ****     #if (CY_UDB_V0)
  55:.\Generated_Source\PSoC5/NEOMOTE_1_UART_MOTE_PM.c **** 
  56:.\Generated_Source\PSoC5/NEOMOTE_1_UART_MOTE_PM.c ****         #if(NEOMOTE_1_UART_MOTE_CONTROL_REG_REMOVED == 0u)
  57:.\Generated_Source\PSoC5/NEOMOTE_1_UART_MOTE_PM.c ****             NEOMOTE_1_UART_MOTE_backup.cr = NEOMOTE_1_UART_MOTE_CONTROL_REG;
  58:.\Generated_Source\PSoC5/NEOMOTE_1_UART_MOTE_PM.c ****         #endif /* End NEOMOTE_1_UART_MOTE_CONTROL_REG_REMOVED */
  59:.\Generated_Source\PSoC5/NEOMOTE_1_UART_MOTE_PM.c **** 
  60:.\Generated_Source\PSoC5/NEOMOTE_1_UART_MOTE_PM.c ****         #if( (NEOMOTE_1_UART_MOTE_RX_ENABLED) || (NEOMOTE_1_UART_MOTE_HD_ENABLED) )
  61:.\Generated_Source\PSoC5/NEOMOTE_1_UART_MOTE_PM.c ****             NEOMOTE_1_UART_MOTE_backup.rx_period = NEOMOTE_1_UART_MOTE_RXBITCTR_PERIOD_REG;
  62:.\Generated_Source\PSoC5/NEOMOTE_1_UART_MOTE_PM.c ****             NEOMOTE_1_UART_MOTE_backup.rx_mask = NEOMOTE_1_UART_MOTE_RXSTATUS_MASK_REG;
  63:.\Generated_Source\PSoC5/NEOMOTE_1_UART_MOTE_PM.c ****             #if (NEOMOTE_1_UART_MOTE_RXHW_ADDRESS_ENABLED)
ARM GAS  C:\Users\karunmj\AppData\Local\Temp\ccdWoMNb.s 			page 3


  64:.\Generated_Source\PSoC5/NEOMOTE_1_UART_MOTE_PM.c ****                 NEOMOTE_1_UART_MOTE_backup.rx_addr1 = NEOMOTE_1_UART_MOTE_RXADDRESS1_REG;
  65:.\Generated_Source\PSoC5/NEOMOTE_1_UART_MOTE_PM.c ****                 NEOMOTE_1_UART_MOTE_backup.rx_addr2 = NEOMOTE_1_UART_MOTE_RXADDRESS2_REG;
  66:.\Generated_Source\PSoC5/NEOMOTE_1_UART_MOTE_PM.c ****             #endif /* End NEOMOTE_1_UART_MOTE_RXHW_ADDRESS_ENABLED */
  67:.\Generated_Source\PSoC5/NEOMOTE_1_UART_MOTE_PM.c ****         #endif /* End NEOMOTE_1_UART_MOTE_RX_ENABLED | NEOMOTE_1_UART_MOTE_HD_ENABLED*/
  68:.\Generated_Source\PSoC5/NEOMOTE_1_UART_MOTE_PM.c **** 
  69:.\Generated_Source\PSoC5/NEOMOTE_1_UART_MOTE_PM.c ****         #if(NEOMOTE_1_UART_MOTE_TX_ENABLED)
  70:.\Generated_Source\PSoC5/NEOMOTE_1_UART_MOTE_PM.c ****             #if(NEOMOTE_1_UART_MOTE_TXCLKGEN_DP)
  71:.\Generated_Source\PSoC5/NEOMOTE_1_UART_MOTE_PM.c ****                 NEOMOTE_1_UART_MOTE_backup.tx_clk_ctr = NEOMOTE_1_UART_MOTE_TXBITCLKGEN_CTR_REG;
  72:.\Generated_Source\PSoC5/NEOMOTE_1_UART_MOTE_PM.c ****                 NEOMOTE_1_UART_MOTE_backup.tx_clk_compl = NEOMOTE_1_UART_MOTE_TXBITCLKTX_COMPLETE_R
  73:.\Generated_Source\PSoC5/NEOMOTE_1_UART_MOTE_PM.c ****             #else
  74:.\Generated_Source\PSoC5/NEOMOTE_1_UART_MOTE_PM.c ****                 NEOMOTE_1_UART_MOTE_backup.tx_period = NEOMOTE_1_UART_MOTE_TXBITCTR_PERIOD_REG;
  75:.\Generated_Source\PSoC5/NEOMOTE_1_UART_MOTE_PM.c ****             #endif /*End NEOMOTE_1_UART_MOTE_TXCLKGEN_DP */
  76:.\Generated_Source\PSoC5/NEOMOTE_1_UART_MOTE_PM.c ****             NEOMOTE_1_UART_MOTE_backup.tx_mask = NEOMOTE_1_UART_MOTE_TXSTATUS_MASK_REG;
  77:.\Generated_Source\PSoC5/NEOMOTE_1_UART_MOTE_PM.c ****         #endif /*End NEOMOTE_1_UART_MOTE_TX_ENABLED */
  78:.\Generated_Source\PSoC5/NEOMOTE_1_UART_MOTE_PM.c **** 
  79:.\Generated_Source\PSoC5/NEOMOTE_1_UART_MOTE_PM.c **** 
  80:.\Generated_Source\PSoC5/NEOMOTE_1_UART_MOTE_PM.c ****     #else /* CY_UDB_V1 */
  81:.\Generated_Source\PSoC5/NEOMOTE_1_UART_MOTE_PM.c **** 
  82:.\Generated_Source\PSoC5/NEOMOTE_1_UART_MOTE_PM.c ****         #if(NEOMOTE_1_UART_MOTE_CONTROL_REG_REMOVED == 0u)
  83:.\Generated_Source\PSoC5/NEOMOTE_1_UART_MOTE_PM.c ****             NEOMOTE_1_UART_MOTE_backup.cr = NEOMOTE_1_UART_MOTE_CONTROL_REG;
  84:.\Generated_Source\PSoC5/NEOMOTE_1_UART_MOTE_PM.c ****         #endif /* End NEOMOTE_1_UART_MOTE_CONTROL_REG_REMOVED */
  85:.\Generated_Source\PSoC5/NEOMOTE_1_UART_MOTE_PM.c **** 
  86:.\Generated_Source\PSoC5/NEOMOTE_1_UART_MOTE_PM.c ****     #endif  /* End CY_UDB_V0 */
  87:.\Generated_Source\PSoC5/NEOMOTE_1_UART_MOTE_PM.c **** }
  48              		.loc 1 87 0
  49 0004 BD46     		mov	sp, r7
  50 0006 80BC     		pop	{r7}
  51 0008 7047     		bx	lr
  52              		.cfi_endproc
  53              	.LFE0:
  54              		.size	NEOMOTE_1_UART_MOTE_SaveConfig, .-NEOMOTE_1_UART_MOTE_SaveConfig
  55 000a 00BF     		.section	.text.NEOMOTE_1_UART_MOTE_RestoreConfig,"ax",%progbits
  56              		.align	2
  57              		.global	NEOMOTE_1_UART_MOTE_RestoreConfig
  58              		.thumb
  59              		.thumb_func
  60              		.type	NEOMOTE_1_UART_MOTE_RestoreConfig, %function
  61              	NEOMOTE_1_UART_MOTE_RestoreConfig:
  62              	.LFB1:
  88:.\Generated_Source\PSoC5/NEOMOTE_1_UART_MOTE_PM.c **** 
  89:.\Generated_Source\PSoC5/NEOMOTE_1_UART_MOTE_PM.c **** 
  90:.\Generated_Source\PSoC5/NEOMOTE_1_UART_MOTE_PM.c **** /*******************************************************************************
  91:.\Generated_Source\PSoC5/NEOMOTE_1_UART_MOTE_PM.c **** * Function Name: NEOMOTE_1_UART_MOTE_RestoreConfig
  92:.\Generated_Source\PSoC5/NEOMOTE_1_UART_MOTE_PM.c **** ********************************************************************************
  93:.\Generated_Source\PSoC5/NEOMOTE_1_UART_MOTE_PM.c **** *
  94:.\Generated_Source\PSoC5/NEOMOTE_1_UART_MOTE_PM.c **** * Summary:
  95:.\Generated_Source\PSoC5/NEOMOTE_1_UART_MOTE_PM.c **** *  Restores the current user configuration.
  96:.\Generated_Source\PSoC5/NEOMOTE_1_UART_MOTE_PM.c **** *
  97:.\Generated_Source\PSoC5/NEOMOTE_1_UART_MOTE_PM.c **** * Parameters:
  98:.\Generated_Source\PSoC5/NEOMOTE_1_UART_MOTE_PM.c **** *  None.
  99:.\Generated_Source\PSoC5/NEOMOTE_1_UART_MOTE_PM.c **** *
 100:.\Generated_Source\PSoC5/NEOMOTE_1_UART_MOTE_PM.c **** * Return:
 101:.\Generated_Source\PSoC5/NEOMOTE_1_UART_MOTE_PM.c **** *  None.
 102:.\Generated_Source\PSoC5/NEOMOTE_1_UART_MOTE_PM.c **** *
 103:.\Generated_Source\PSoC5/NEOMOTE_1_UART_MOTE_PM.c **** * Global Variables:
 104:.\Generated_Source\PSoC5/NEOMOTE_1_UART_MOTE_PM.c **** *  NEOMOTE_1_UART_MOTE_backup - used when non-retention registers are restored.
 105:.\Generated_Source\PSoC5/NEOMOTE_1_UART_MOTE_PM.c **** *
ARM GAS  C:\Users\karunmj\AppData\Local\Temp\ccdWoMNb.s 			page 4


 106:.\Generated_Source\PSoC5/NEOMOTE_1_UART_MOTE_PM.c **** * Reentrant:
 107:.\Generated_Source\PSoC5/NEOMOTE_1_UART_MOTE_PM.c **** *  No.
 108:.\Generated_Source\PSoC5/NEOMOTE_1_UART_MOTE_PM.c **** *
 109:.\Generated_Source\PSoC5/NEOMOTE_1_UART_MOTE_PM.c **** *******************************************************************************/
 110:.\Generated_Source\PSoC5/NEOMOTE_1_UART_MOTE_PM.c **** void NEOMOTE_1_UART_MOTE_RestoreConfig(void)
 111:.\Generated_Source\PSoC5/NEOMOTE_1_UART_MOTE_PM.c **** {
  63              		.loc 1 111 0
  64              		.cfi_startproc
  65              		@ args = 0, pretend = 0, frame = 0
  66              		@ frame_needed = 1, uses_anonymous_args = 0
  67              		@ link register save eliminated.
  68 0000 80B4     		push	{r7}
  69              	.LCFI2:
  70              		.cfi_def_cfa_offset 4
  71 0002 00AF     		add	r7, sp, #0
  72              		.cfi_offset 7, -4
  73              	.LCFI3:
  74              		.cfi_def_cfa_register 7
 112:.\Generated_Source\PSoC5/NEOMOTE_1_UART_MOTE_PM.c **** 
 113:.\Generated_Source\PSoC5/NEOMOTE_1_UART_MOTE_PM.c ****     #if (CY_UDB_V0)
 114:.\Generated_Source\PSoC5/NEOMOTE_1_UART_MOTE_PM.c **** 
 115:.\Generated_Source\PSoC5/NEOMOTE_1_UART_MOTE_PM.c ****         #if(NEOMOTE_1_UART_MOTE_CONTROL_REG_REMOVED == 0u)
 116:.\Generated_Source\PSoC5/NEOMOTE_1_UART_MOTE_PM.c ****             NEOMOTE_1_UART_MOTE_CONTROL_REG = NEOMOTE_1_UART_MOTE_backup.cr;
 117:.\Generated_Source\PSoC5/NEOMOTE_1_UART_MOTE_PM.c ****         #endif /* End NEOMOTE_1_UART_MOTE_CONTROL_REG_REMOVED */
 118:.\Generated_Source\PSoC5/NEOMOTE_1_UART_MOTE_PM.c **** 
 119:.\Generated_Source\PSoC5/NEOMOTE_1_UART_MOTE_PM.c ****         #if( (NEOMOTE_1_UART_MOTE_RX_ENABLED) || (NEOMOTE_1_UART_MOTE_HD_ENABLED) )
 120:.\Generated_Source\PSoC5/NEOMOTE_1_UART_MOTE_PM.c ****             NEOMOTE_1_UART_MOTE_RXBITCTR_PERIOD_REG = NEOMOTE_1_UART_MOTE_backup.rx_period;
 121:.\Generated_Source\PSoC5/NEOMOTE_1_UART_MOTE_PM.c ****             NEOMOTE_1_UART_MOTE_RXSTATUS_MASK_REG = NEOMOTE_1_UART_MOTE_backup.rx_mask;
 122:.\Generated_Source\PSoC5/NEOMOTE_1_UART_MOTE_PM.c ****             #if (NEOMOTE_1_UART_MOTE_RXHW_ADDRESS_ENABLED)
 123:.\Generated_Source\PSoC5/NEOMOTE_1_UART_MOTE_PM.c ****                 NEOMOTE_1_UART_MOTE_RXADDRESS1_REG = NEOMOTE_1_UART_MOTE_backup.rx_addr1;
 124:.\Generated_Source\PSoC5/NEOMOTE_1_UART_MOTE_PM.c ****                 NEOMOTE_1_UART_MOTE_RXADDRESS2_REG = NEOMOTE_1_UART_MOTE_backup.rx_addr2;
 125:.\Generated_Source\PSoC5/NEOMOTE_1_UART_MOTE_PM.c ****             #endif /* End NEOMOTE_1_UART_MOTE_RXHW_ADDRESS_ENABLED */
 126:.\Generated_Source\PSoC5/NEOMOTE_1_UART_MOTE_PM.c ****         #endif  /* End (NEOMOTE_1_UART_MOTE_RX_ENABLED) || (NEOMOTE_1_UART_MOTE_HD_ENABLED) */
 127:.\Generated_Source\PSoC5/NEOMOTE_1_UART_MOTE_PM.c **** 
 128:.\Generated_Source\PSoC5/NEOMOTE_1_UART_MOTE_PM.c ****         #if(NEOMOTE_1_UART_MOTE_TX_ENABLED)
 129:.\Generated_Source\PSoC5/NEOMOTE_1_UART_MOTE_PM.c ****             #if(NEOMOTE_1_UART_MOTE_TXCLKGEN_DP)
 130:.\Generated_Source\PSoC5/NEOMOTE_1_UART_MOTE_PM.c ****                 NEOMOTE_1_UART_MOTE_TXBITCLKGEN_CTR_REG = NEOMOTE_1_UART_MOTE_backup.tx_clk_ctr;
 131:.\Generated_Source\PSoC5/NEOMOTE_1_UART_MOTE_PM.c ****                 NEOMOTE_1_UART_MOTE_TXBITCLKTX_COMPLETE_REG = NEOMOTE_1_UART_MOTE_backup.tx_clk_com
 132:.\Generated_Source\PSoC5/NEOMOTE_1_UART_MOTE_PM.c ****             #else
 133:.\Generated_Source\PSoC5/NEOMOTE_1_UART_MOTE_PM.c ****                 NEOMOTE_1_UART_MOTE_TXBITCTR_PERIOD_REG = NEOMOTE_1_UART_MOTE_backup.tx_period;
 134:.\Generated_Source\PSoC5/NEOMOTE_1_UART_MOTE_PM.c ****             #endif /*End NEOMOTE_1_UART_MOTE_TXCLKGEN_DP */
 135:.\Generated_Source\PSoC5/NEOMOTE_1_UART_MOTE_PM.c ****             NEOMOTE_1_UART_MOTE_TXSTATUS_MASK_REG = NEOMOTE_1_UART_MOTE_backup.tx_mask;
 136:.\Generated_Source\PSoC5/NEOMOTE_1_UART_MOTE_PM.c ****         #endif /*End NEOMOTE_1_UART_MOTE_TX_ENABLED */
 137:.\Generated_Source\PSoC5/NEOMOTE_1_UART_MOTE_PM.c **** 
 138:.\Generated_Source\PSoC5/NEOMOTE_1_UART_MOTE_PM.c ****     #else /* CY_UDB_V1 */
 139:.\Generated_Source\PSoC5/NEOMOTE_1_UART_MOTE_PM.c **** 
 140:.\Generated_Source\PSoC5/NEOMOTE_1_UART_MOTE_PM.c ****         #if(NEOMOTE_1_UART_MOTE_CONTROL_REG_REMOVED == 0u)
 141:.\Generated_Source\PSoC5/NEOMOTE_1_UART_MOTE_PM.c ****             NEOMOTE_1_UART_MOTE_CONTROL_REG = NEOMOTE_1_UART_MOTE_backup.cr;
 142:.\Generated_Source\PSoC5/NEOMOTE_1_UART_MOTE_PM.c ****         #endif /* End NEOMOTE_1_UART_MOTE_CONTROL_REG_REMOVED */
 143:.\Generated_Source\PSoC5/NEOMOTE_1_UART_MOTE_PM.c **** 
 144:.\Generated_Source\PSoC5/NEOMOTE_1_UART_MOTE_PM.c ****     #endif  /* End CY_UDB_V0 */
 145:.\Generated_Source\PSoC5/NEOMOTE_1_UART_MOTE_PM.c **** }
  75              		.loc 1 145 0
  76 0004 BD46     		mov	sp, r7
  77 0006 80BC     		pop	{r7}
  78 0008 7047     		bx	lr
  79              		.cfi_endproc
ARM GAS  C:\Users\karunmj\AppData\Local\Temp\ccdWoMNb.s 			page 5


  80              	.LFE1:
  81              		.size	NEOMOTE_1_UART_MOTE_RestoreConfig, .-NEOMOTE_1_UART_MOTE_RestoreConfig
  82 000a 00BF     		.section	.text.NEOMOTE_1_UART_MOTE_Sleep,"ax",%progbits
  83              		.align	2
  84              		.global	NEOMOTE_1_UART_MOTE_Sleep
  85              		.thumb
  86              		.thumb_func
  87              		.type	NEOMOTE_1_UART_MOTE_Sleep, %function
  88              	NEOMOTE_1_UART_MOTE_Sleep:
  89              	.LFB2:
 146:.\Generated_Source\PSoC5/NEOMOTE_1_UART_MOTE_PM.c **** 
 147:.\Generated_Source\PSoC5/NEOMOTE_1_UART_MOTE_PM.c **** 
 148:.\Generated_Source\PSoC5/NEOMOTE_1_UART_MOTE_PM.c **** /*******************************************************************************
 149:.\Generated_Source\PSoC5/NEOMOTE_1_UART_MOTE_PM.c **** * Function Name: NEOMOTE_1_UART_MOTE_Sleep
 150:.\Generated_Source\PSoC5/NEOMOTE_1_UART_MOTE_PM.c **** ********************************************************************************
 151:.\Generated_Source\PSoC5/NEOMOTE_1_UART_MOTE_PM.c **** *
 152:.\Generated_Source\PSoC5/NEOMOTE_1_UART_MOTE_PM.c **** * Summary:
 153:.\Generated_Source\PSoC5/NEOMOTE_1_UART_MOTE_PM.c **** *  Stops and saves the user configuration. Should be called
 154:.\Generated_Source\PSoC5/NEOMOTE_1_UART_MOTE_PM.c **** *  just prior to entering sleep.
 155:.\Generated_Source\PSoC5/NEOMOTE_1_UART_MOTE_PM.c **** *
 156:.\Generated_Source\PSoC5/NEOMOTE_1_UART_MOTE_PM.c **** *
 157:.\Generated_Source\PSoC5/NEOMOTE_1_UART_MOTE_PM.c **** * Parameters:
 158:.\Generated_Source\PSoC5/NEOMOTE_1_UART_MOTE_PM.c **** *  None.
 159:.\Generated_Source\PSoC5/NEOMOTE_1_UART_MOTE_PM.c **** *
 160:.\Generated_Source\PSoC5/NEOMOTE_1_UART_MOTE_PM.c **** * Return:
 161:.\Generated_Source\PSoC5/NEOMOTE_1_UART_MOTE_PM.c **** *  None.
 162:.\Generated_Source\PSoC5/NEOMOTE_1_UART_MOTE_PM.c **** *
 163:.\Generated_Source\PSoC5/NEOMOTE_1_UART_MOTE_PM.c **** * Global Variables:
 164:.\Generated_Source\PSoC5/NEOMOTE_1_UART_MOTE_PM.c **** *  NEOMOTE_1_UART_MOTE_backup - modified when non-retention registers are saved.
 165:.\Generated_Source\PSoC5/NEOMOTE_1_UART_MOTE_PM.c **** *
 166:.\Generated_Source\PSoC5/NEOMOTE_1_UART_MOTE_PM.c **** * Reentrant:
 167:.\Generated_Source\PSoC5/NEOMOTE_1_UART_MOTE_PM.c **** *  No.
 168:.\Generated_Source\PSoC5/NEOMOTE_1_UART_MOTE_PM.c **** *
 169:.\Generated_Source\PSoC5/NEOMOTE_1_UART_MOTE_PM.c **** *******************************************************************************/
 170:.\Generated_Source\PSoC5/NEOMOTE_1_UART_MOTE_PM.c **** void NEOMOTE_1_UART_MOTE_Sleep(void)
 171:.\Generated_Source\PSoC5/NEOMOTE_1_UART_MOTE_PM.c **** {
  90              		.loc 1 171 0
  91              		.cfi_startproc
  92              		@ args = 0, pretend = 0, frame = 0
  93              		@ frame_needed = 1, uses_anonymous_args = 0
  94 0000 80B5     		push	{r7, lr}
  95              	.LCFI4:
  96              		.cfi_def_cfa_offset 8
  97 0002 00AF     		add	r7, sp, #0
  98              		.cfi_offset 14, -4
  99              		.cfi_offset 7, -8
 100              	.LCFI5:
 101              		.cfi_def_cfa_register 7
 172:.\Generated_Source\PSoC5/NEOMOTE_1_UART_MOTE_PM.c **** 
 173:.\Generated_Source\PSoC5/NEOMOTE_1_UART_MOTE_PM.c ****     #if(NEOMOTE_1_UART_MOTE_RX_ENABLED || NEOMOTE_1_UART_MOTE_HD_ENABLED)
 174:.\Generated_Source\PSoC5/NEOMOTE_1_UART_MOTE_PM.c ****         if((NEOMOTE_1_UART_MOTE_RXSTATUS_ACTL_REG  & NEOMOTE_1_UART_MOTE_INT_ENABLE) != 0u)
 102              		.loc 1 174 0
 103 0004 46F29B43 		movw	r3, #:lower16:1073767579
 104 0008 C4F20003 		movt	r3, #:upper16:1073767579
 105 000c 1B78     		ldrb	r3, [r3, #0]
 106 000e DBB2     		uxtb	r3, r3
 107 0010 03F01003 		and	r3, r3, #16
ARM GAS  C:\Users\karunmj\AppData\Local\Temp\ccdWoMNb.s 			page 6


 108 0014 002B     		cmp	r3, #0
 109 0016 07D0     		beq	.L6
 175:.\Generated_Source\PSoC5/NEOMOTE_1_UART_MOTE_PM.c ****         {
 176:.\Generated_Source\PSoC5/NEOMOTE_1_UART_MOTE_PM.c ****             NEOMOTE_1_UART_MOTE_backup.enableState = 1u;
 110              		.loc 1 176 0
 111 0018 40F20003 		movw	r3, #:lower16:NEOMOTE_1_UART_MOTE_backup
 112 001c C0F20003 		movt	r3, #:upper16:NEOMOTE_1_UART_MOTE_backup
 113 0020 4FF00102 		mov	r2, #1
 114 0024 1A70     		strb	r2, [r3, #0]
 115 0026 06E0     		b	.L7
 116              	.L6:
 177:.\Generated_Source\PSoC5/NEOMOTE_1_UART_MOTE_PM.c ****         }
 178:.\Generated_Source\PSoC5/NEOMOTE_1_UART_MOTE_PM.c ****         else
 179:.\Generated_Source\PSoC5/NEOMOTE_1_UART_MOTE_PM.c ****         {
 180:.\Generated_Source\PSoC5/NEOMOTE_1_UART_MOTE_PM.c ****             NEOMOTE_1_UART_MOTE_backup.enableState = 0u;
 117              		.loc 1 180 0
 118 0028 40F20003 		movw	r3, #:lower16:NEOMOTE_1_UART_MOTE_backup
 119 002c C0F20003 		movt	r3, #:upper16:NEOMOTE_1_UART_MOTE_backup
 120 0030 4FF00002 		mov	r2, #0
 121 0034 1A70     		strb	r2, [r3, #0]
 122              	.L7:
 181:.\Generated_Source\PSoC5/NEOMOTE_1_UART_MOTE_PM.c ****         }
 182:.\Generated_Source\PSoC5/NEOMOTE_1_UART_MOTE_PM.c ****     #else
 183:.\Generated_Source\PSoC5/NEOMOTE_1_UART_MOTE_PM.c ****         if((NEOMOTE_1_UART_MOTE_TXSTATUS_ACTL_REG  & NEOMOTE_1_UART_MOTE_INT_ENABLE) !=0u)
 184:.\Generated_Source\PSoC5/NEOMOTE_1_UART_MOTE_PM.c ****         {
 185:.\Generated_Source\PSoC5/NEOMOTE_1_UART_MOTE_PM.c ****             NEOMOTE_1_UART_MOTE_backup.enableState = 1u;
 186:.\Generated_Source\PSoC5/NEOMOTE_1_UART_MOTE_PM.c ****         }
 187:.\Generated_Source\PSoC5/NEOMOTE_1_UART_MOTE_PM.c ****         else
 188:.\Generated_Source\PSoC5/NEOMOTE_1_UART_MOTE_PM.c ****         {
 189:.\Generated_Source\PSoC5/NEOMOTE_1_UART_MOTE_PM.c ****             NEOMOTE_1_UART_MOTE_backup.enableState = 0u;
 190:.\Generated_Source\PSoC5/NEOMOTE_1_UART_MOTE_PM.c ****         }
 191:.\Generated_Source\PSoC5/NEOMOTE_1_UART_MOTE_PM.c ****     #endif /* End NEOMOTE_1_UART_MOTE_RX_ENABLED || NEOMOTE_1_UART_MOTE_HD_ENABLED*/
 192:.\Generated_Source\PSoC5/NEOMOTE_1_UART_MOTE_PM.c **** 
 193:.\Generated_Source\PSoC5/NEOMOTE_1_UART_MOTE_PM.c ****     NEOMOTE_1_UART_MOTE_Stop();
 123              		.loc 1 193 0
 124 0036 FFF7FEFF 		bl	NEOMOTE_1_UART_MOTE_Stop
 194:.\Generated_Source\PSoC5/NEOMOTE_1_UART_MOTE_PM.c ****     NEOMOTE_1_UART_MOTE_SaveConfig();
 125              		.loc 1 194 0
 126 003a FFF7FEFF 		bl	NEOMOTE_1_UART_MOTE_SaveConfig
 195:.\Generated_Source\PSoC5/NEOMOTE_1_UART_MOTE_PM.c **** }
 127              		.loc 1 195 0
 128 003e 80BD     		pop	{r7, pc}
 129              		.cfi_endproc
 130              	.LFE2:
 131              		.size	NEOMOTE_1_UART_MOTE_Sleep, .-NEOMOTE_1_UART_MOTE_Sleep
 132              		.section	.text.NEOMOTE_1_UART_MOTE_Wakeup,"ax",%progbits
 133              		.align	2
 134              		.global	NEOMOTE_1_UART_MOTE_Wakeup
 135              		.thumb
 136              		.thumb_func
 137              		.type	NEOMOTE_1_UART_MOTE_Wakeup, %function
 138              	NEOMOTE_1_UART_MOTE_Wakeup:
 139              	.LFB3:
 196:.\Generated_Source\PSoC5/NEOMOTE_1_UART_MOTE_PM.c **** 
 197:.\Generated_Source\PSoC5/NEOMOTE_1_UART_MOTE_PM.c **** 
 198:.\Generated_Source\PSoC5/NEOMOTE_1_UART_MOTE_PM.c **** /*******************************************************************************
 199:.\Generated_Source\PSoC5/NEOMOTE_1_UART_MOTE_PM.c **** * Function Name: NEOMOTE_1_UART_MOTE_Wakeup
ARM GAS  C:\Users\karunmj\AppData\Local\Temp\ccdWoMNb.s 			page 7


 200:.\Generated_Source\PSoC5/NEOMOTE_1_UART_MOTE_PM.c **** ********************************************************************************
 201:.\Generated_Source\PSoC5/NEOMOTE_1_UART_MOTE_PM.c **** *
 202:.\Generated_Source\PSoC5/NEOMOTE_1_UART_MOTE_PM.c **** * Summary:
 203:.\Generated_Source\PSoC5/NEOMOTE_1_UART_MOTE_PM.c **** *  Restores and enables the user configuration. Should be called
 204:.\Generated_Source\PSoC5/NEOMOTE_1_UART_MOTE_PM.c **** *  just after awaking from sleep.
 205:.\Generated_Source\PSoC5/NEOMOTE_1_UART_MOTE_PM.c **** *
 206:.\Generated_Source\PSoC5/NEOMOTE_1_UART_MOTE_PM.c **** * Parameters:
 207:.\Generated_Source\PSoC5/NEOMOTE_1_UART_MOTE_PM.c **** *  None.
 208:.\Generated_Source\PSoC5/NEOMOTE_1_UART_MOTE_PM.c **** *
 209:.\Generated_Source\PSoC5/NEOMOTE_1_UART_MOTE_PM.c **** * Return:
 210:.\Generated_Source\PSoC5/NEOMOTE_1_UART_MOTE_PM.c **** *  None.
 211:.\Generated_Source\PSoC5/NEOMOTE_1_UART_MOTE_PM.c **** *
 212:.\Generated_Source\PSoC5/NEOMOTE_1_UART_MOTE_PM.c **** * Global Variables:
 213:.\Generated_Source\PSoC5/NEOMOTE_1_UART_MOTE_PM.c **** *  NEOMOTE_1_UART_MOTE_backup - used when non-retention registers are restored.
 214:.\Generated_Source\PSoC5/NEOMOTE_1_UART_MOTE_PM.c **** *
 215:.\Generated_Source\PSoC5/NEOMOTE_1_UART_MOTE_PM.c **** * Reentrant:
 216:.\Generated_Source\PSoC5/NEOMOTE_1_UART_MOTE_PM.c **** *  No.
 217:.\Generated_Source\PSoC5/NEOMOTE_1_UART_MOTE_PM.c **** *
 218:.\Generated_Source\PSoC5/NEOMOTE_1_UART_MOTE_PM.c **** *******************************************************************************/
 219:.\Generated_Source\PSoC5/NEOMOTE_1_UART_MOTE_PM.c **** void NEOMOTE_1_UART_MOTE_Wakeup(void)
 220:.\Generated_Source\PSoC5/NEOMOTE_1_UART_MOTE_PM.c **** {
 140              		.loc 1 220 0
 141              		.cfi_startproc
 142              		@ args = 0, pretend = 0, frame = 0
 143              		@ frame_needed = 1, uses_anonymous_args = 0
 144 0000 80B5     		push	{r7, lr}
 145              	.LCFI6:
 146              		.cfi_def_cfa_offset 8
 147 0002 00AF     		add	r7, sp, #0
 148              		.cfi_offset 14, -4
 149              		.cfi_offset 7, -8
 150              	.LCFI7:
 151              		.cfi_def_cfa_register 7
 221:.\Generated_Source\PSoC5/NEOMOTE_1_UART_MOTE_PM.c ****     NEOMOTE_1_UART_MOTE_RestoreConfig();
 152              		.loc 1 221 0
 153 0004 FFF7FEFF 		bl	NEOMOTE_1_UART_MOTE_RestoreConfig
 222:.\Generated_Source\PSoC5/NEOMOTE_1_UART_MOTE_PM.c ****     #if( (NEOMOTE_1_UART_MOTE_RX_ENABLED) || (NEOMOTE_1_UART_MOTE_HD_ENABLED) )
 223:.\Generated_Source\PSoC5/NEOMOTE_1_UART_MOTE_PM.c ****         NEOMOTE_1_UART_MOTE_ClearRxBuffer();
 154              		.loc 1 223 0
 155 0008 FFF7FEFF 		bl	NEOMOTE_1_UART_MOTE_ClearRxBuffer
 224:.\Generated_Source\PSoC5/NEOMOTE_1_UART_MOTE_PM.c ****     #endif /* End (NEOMOTE_1_UART_MOTE_RX_ENABLED) || (NEOMOTE_1_UART_MOTE_HD_ENABLED) */
 225:.\Generated_Source\PSoC5/NEOMOTE_1_UART_MOTE_PM.c ****     #if(NEOMOTE_1_UART_MOTE_TX_ENABLED || NEOMOTE_1_UART_MOTE_HD_ENABLED)
 226:.\Generated_Source\PSoC5/NEOMOTE_1_UART_MOTE_PM.c ****         NEOMOTE_1_UART_MOTE_ClearTxBuffer();
 156              		.loc 1 226 0
 157 000c FFF7FEFF 		bl	NEOMOTE_1_UART_MOTE_ClearTxBuffer
 227:.\Generated_Source\PSoC5/NEOMOTE_1_UART_MOTE_PM.c ****     #endif /* End NEOMOTE_1_UART_MOTE_TX_ENABLED || NEOMOTE_1_UART_MOTE_HD_ENABLED */
 228:.\Generated_Source\PSoC5/NEOMOTE_1_UART_MOTE_PM.c **** 
 229:.\Generated_Source\PSoC5/NEOMOTE_1_UART_MOTE_PM.c ****     if(NEOMOTE_1_UART_MOTE_backup.enableState != 0u)
 158              		.loc 1 229 0
 159 0010 40F20003 		movw	r3, #:lower16:NEOMOTE_1_UART_MOTE_backup
 160 0014 C0F20003 		movt	r3, #:upper16:NEOMOTE_1_UART_MOTE_backup
 161 0018 1B78     		ldrb	r3, [r3, #0]	@ zero_extendqisi2
 162 001a 002B     		cmp	r3, #0
 163 001c 01D0     		beq	.L11
 230:.\Generated_Source\PSoC5/NEOMOTE_1_UART_MOTE_PM.c ****     {
 231:.\Generated_Source\PSoC5/NEOMOTE_1_UART_MOTE_PM.c ****         NEOMOTE_1_UART_MOTE_Enable();
 164              		.loc 1 231 0
ARM GAS  C:\Users\karunmj\AppData\Local\Temp\ccdWoMNb.s 			page 8


 165 001e FFF7FEFF 		bl	NEOMOTE_1_UART_MOTE_Enable
 166              	.L11:
 232:.\Generated_Source\PSoC5/NEOMOTE_1_UART_MOTE_PM.c ****     }
 233:.\Generated_Source\PSoC5/NEOMOTE_1_UART_MOTE_PM.c **** }
 167              		.loc 1 233 0
 168 0022 80BD     		pop	{r7, pc}
 169              		.cfi_endproc
 170              	.LFE3:
 171              		.size	NEOMOTE_1_UART_MOTE_Wakeup, .-NEOMOTE_1_UART_MOTE_Wakeup
 172              		.text
 173              	.Letext0:
 174              		.section	.debug_loc,"",%progbits
 175              	.Ldebug_loc0:
 176              	.LLST0:
 177 0000 00000000 		.4byte	.LFB0
 178 0004 02000000 		.4byte	.LCFI0
 179 0008 0100     		.2byte	0x1
 180 000a 5D       		.byte	0x5d
 181 000b 02000000 		.4byte	.LCFI0
 182 000f 04000000 		.4byte	.LCFI1
 183 0013 0200     		.2byte	0x2
 184 0015 7D       		.byte	0x7d
 185 0016 04       		.sleb128 4
 186 0017 04000000 		.4byte	.LCFI1
 187 001b 0A000000 		.4byte	.LFE0
 188 001f 0200     		.2byte	0x2
 189 0021 77       		.byte	0x77
 190 0022 04       		.sleb128 4
 191 0023 00000000 		.4byte	0x0
 192 0027 00000000 		.4byte	0x0
 193              	.LLST1:
 194 002b 00000000 		.4byte	.LFB1
 195 002f 02000000 		.4byte	.LCFI2
 196 0033 0100     		.2byte	0x1
 197 0035 5D       		.byte	0x5d
 198 0036 02000000 		.4byte	.LCFI2
 199 003a 04000000 		.4byte	.LCFI3
 200 003e 0200     		.2byte	0x2
 201 0040 7D       		.byte	0x7d
 202 0041 04       		.sleb128 4
 203 0042 04000000 		.4byte	.LCFI3
 204 0046 0A000000 		.4byte	.LFE1
 205 004a 0200     		.2byte	0x2
 206 004c 77       		.byte	0x77
 207 004d 04       		.sleb128 4
 208 004e 00000000 		.4byte	0x0
 209 0052 00000000 		.4byte	0x0
 210              	.LLST2:
 211 0056 00000000 		.4byte	.LFB2
 212 005a 02000000 		.4byte	.LCFI4
 213 005e 0100     		.2byte	0x1
 214 0060 5D       		.byte	0x5d
 215 0061 02000000 		.4byte	.LCFI4
 216 0065 04000000 		.4byte	.LCFI5
 217 0069 0200     		.2byte	0x2
 218 006b 7D       		.byte	0x7d
 219 006c 08       		.sleb128 8
ARM GAS  C:\Users\karunmj\AppData\Local\Temp\ccdWoMNb.s 			page 9


 220 006d 04000000 		.4byte	.LCFI5
 221 0071 40000000 		.4byte	.LFE2
 222 0075 0200     		.2byte	0x2
 223 0077 77       		.byte	0x77
 224 0078 08       		.sleb128 8
 225 0079 00000000 		.4byte	0x0
 226 007d 00000000 		.4byte	0x0
 227              	.LLST3:
 228 0081 00000000 		.4byte	.LFB3
 229 0085 02000000 		.4byte	.LCFI6
 230 0089 0100     		.2byte	0x1
 231 008b 5D       		.byte	0x5d
 232 008c 02000000 		.4byte	.LCFI6
 233 0090 04000000 		.4byte	.LCFI7
 234 0094 0200     		.2byte	0x2
 235 0096 7D       		.byte	0x7d
 236 0097 08       		.sleb128 8
 237 0098 04000000 		.4byte	.LCFI7
 238 009c 24000000 		.4byte	.LFE3
 239 00a0 0200     		.2byte	0x2
 240 00a2 77       		.byte	0x77
 241 00a3 08       		.sleb128 8
 242 00a4 00000000 		.4byte	0x0
 243 00a8 00000000 		.4byte	0x0
 244              		.file 2 ".\\Generated_Source\\PSoC5\\/NEOMOTE_1_UART_MOTE.h"
 245              		.file 3 ".\\Generated_Source\\PSoC5\\/cytypes.h"
 246              		.section	.debug_info
 247 0000 36010000 		.4byte	0x136
 248 0004 0200     		.2byte	0x2
 249 0006 00000000 		.4byte	.Ldebug_abbrev0
 250 000a 04       		.byte	0x4
 251 000b 01       		.uleb128 0x1
 252 000c 47010000 		.4byte	.LASF21
 253 0010 01       		.byte	0x1
 254 0011 61010000 		.4byte	.LASF22
 255 0015 27000000 		.4byte	.LASF23
 256 0019 00000000 		.4byte	0x0
 257 001d 00000000 		.4byte	0x0
 258 0021 00000000 		.4byte	.Ldebug_ranges0+0x0
 259 0025 00000000 		.4byte	.Ldebug_line0
 260 0029 02       		.uleb128 0x2
 261 002a 01       		.byte	0x1
 262 002b 06       		.byte	0x6
 263 002c D6010000 		.4byte	.LASF0
 264 0030 02       		.uleb128 0x2
 265 0031 01       		.byte	0x1
 266 0032 08       		.byte	0x8
 267 0033 53010000 		.4byte	.LASF1
 268 0037 02       		.uleb128 0x2
 269 0038 02       		.byte	0x2
 270 0039 05       		.byte	0x5
 271 003a 15020000 		.4byte	.LASF2
 272 003e 02       		.uleb128 0x2
 273 003f 02       		.byte	0x2
 274 0040 07       		.byte	0x7
 275 0041 C3010000 		.4byte	.LASF3
 276 0045 02       		.uleb128 0x2
ARM GAS  C:\Users\karunmj\AppData\Local\Temp\ccdWoMNb.s 			page 10


 277 0046 04       		.byte	0x4
 278 0047 05       		.byte	0x5
 279 0048 98010000 		.4byte	.LASF4
 280 004c 02       		.uleb128 0x2
 281 004d 04       		.byte	0x4
 282 004e 07       		.byte	0x7
 283 004f F2000000 		.4byte	.LASF5
 284 0053 02       		.uleb128 0x2
 285 0054 08       		.byte	0x8
 286 0055 05       		.byte	0x5
 287 0056 00000000 		.4byte	.LASF6
 288 005a 02       		.uleb128 0x2
 289 005b 08       		.byte	0x8
 290 005c 07       		.byte	0x7
 291 005d 0E010000 		.4byte	.LASF7
 292 0061 03       		.uleb128 0x3
 293 0062 04       		.byte	0x4
 294 0063 05       		.byte	0x5
 295 0064 696E7400 		.ascii	"int\000"
 296 0068 02       		.uleb128 0x2
 297 0069 04       		.byte	0x4
 298 006a 07       		.byte	0x7
 299 006b 1A000000 		.4byte	.LASF8
 300 006f 04       		.uleb128 0x4
 301 0070 EC000000 		.4byte	.LASF15
 302 0074 03       		.byte	0x3
 303 0075 4C       		.byte	0x4c
 304 0076 30000000 		.4byte	0x30
 305 007a 02       		.uleb128 0x2
 306 007b 04       		.byte	0x4
 307 007c 04       		.byte	0x4
 308 007d 0F020000 		.4byte	.LASF9
 309 0081 02       		.uleb128 0x2
 310 0082 08       		.byte	0x8
 311 0083 04       		.byte	0x4
 312 0084 BC010000 		.4byte	.LASF10
 313 0088 02       		.uleb128 0x2
 314 0089 01       		.byte	0x1
 315 008a 08       		.byte	0x8
 316 008b 93010000 		.4byte	.LASF11
 317 008f 05       		.uleb128 0x5
 318 0090 04       		.byte	0x4
 319 0091 07       		.byte	0x7
 320 0092 06       		.uleb128 0x6
 321 0093 E2010000 		.4byte	.LASF24
 322 0097 03       		.byte	0x3
 323 0098 02       		.byte	0x2
 324 0099 46       		.byte	0x46
 325 009a C9000000 		.4byte	0xc9
 326 009e 07       		.uleb128 0x7
 327 009f 0E000000 		.4byte	.LASF12
 328 00a3 02       		.byte	0x2
 329 00a4 47       		.byte	0x47
 330 00a5 6F000000 		.4byte	0x6f
 331 00a9 02       		.byte	0x2
 332 00aa 23       		.byte	0x23
 333 00ab 00       		.uleb128 0x0
ARM GAS  C:\Users\karunmj\AppData\Local\Temp\ccdWoMNb.s 			page 11


 334 00ac 07       		.uleb128 0x7
 335 00ad 04010000 		.4byte	.LASF13
 336 00b1 02       		.byte	0x2
 337 00b2 4D       		.byte	0x4d
 338 00b3 6F000000 		.4byte	0x6f
 339 00b7 02       		.byte	0x2
 340 00b8 23       		.byte	0x23
 341 00b9 01       		.uleb128 0x1
 342 00ba 07       		.uleb128 0x7
 343 00bb 04020000 		.4byte	.LASF14
 344 00bf 02       		.byte	0x2
 345 00c0 59       		.byte	0x59
 346 00c1 6F000000 		.4byte	0x6f
 347 00c5 02       		.byte	0x2
 348 00c6 23       		.byte	0x23
 349 00c7 02       		.uleb128 0x2
 350 00c8 00       		.byte	0x0
 351 00c9 04       		.uleb128 0x4
 352 00ca 25010000 		.4byte	.LASF16
 353 00ce 02       		.byte	0x2
 354 00cf 64       		.byte	0x64
 355 00d0 92000000 		.4byte	0x92
 356 00d4 08       		.uleb128 0x8
 357 00d5 01       		.byte	0x1
 358 00d6 90000000 		.4byte	.LASF17
 359 00da 01       		.byte	0x1
 360 00db 34       		.byte	0x34
 361 00dc 01       		.byte	0x1
 362 00dd 00000000 		.4byte	.LFB0
 363 00e1 0A000000 		.4byte	.LFE0
 364 00e5 00000000 		.4byte	.LLST0
 365 00e9 08       		.uleb128 0x8
 366 00ea 01       		.byte	0x1
 367 00eb CA000000 		.4byte	.LASF18
 368 00ef 01       		.byte	0x1
 369 00f0 6E       		.byte	0x6e
 370 00f1 01       		.byte	0x1
 371 00f2 00000000 		.4byte	.LFB1
 372 00f6 0A000000 		.4byte	.LFE1
 373 00fa 2B000000 		.4byte	.LLST1
 374 00fe 08       		.uleb128 0x8
 375 00ff 01       		.byte	0x1
 376 0100 76000000 		.4byte	.LASF19
 377 0104 01       		.byte	0x1
 378 0105 AA       		.byte	0xaa
 379 0106 01       		.byte	0x1
 380 0107 00000000 		.4byte	.LFB2
 381 010b 40000000 		.4byte	.LFE2
 382 010f 56000000 		.4byte	.LLST2
 383 0113 08       		.uleb128 0x8
 384 0114 01       		.byte	0x1
 385 0115 A1010000 		.4byte	.LASF20
 386 0119 01       		.byte	0x1
 387 011a DB       		.byte	0xdb
 388 011b 01       		.byte	0x1
 389 011c 00000000 		.4byte	.LFB3
 390 0120 24000000 		.4byte	.LFE3
ARM GAS  C:\Users\karunmj\AppData\Local\Temp\ccdWoMNb.s 			page 12


 391 0124 81000000 		.4byte	.LLST3
 392 0128 09       		.uleb128 0x9
 393 0129 AF000000 		.4byte	.LASF25
 394 012d 01       		.byte	0x1
 395 012e 18       		.byte	0x18
 396 012f C9000000 		.4byte	0xc9
 397 0133 05       		.byte	0x5
 398 0134 03       		.byte	0x3
 399 0135 00000000 		.4byte	NEOMOTE_1_UART_MOTE_backup
 400 0139 00       		.byte	0x0
 401              		.section	.debug_abbrev
 402 0000 01       		.uleb128 0x1
 403 0001 11       		.uleb128 0x11
 404 0002 01       		.byte	0x1
 405 0003 25       		.uleb128 0x25
 406 0004 0E       		.uleb128 0xe
 407 0005 13       		.uleb128 0x13
 408 0006 0B       		.uleb128 0xb
 409 0007 03       		.uleb128 0x3
 410 0008 0E       		.uleb128 0xe
 411 0009 1B       		.uleb128 0x1b
 412 000a 0E       		.uleb128 0xe
 413 000b 11       		.uleb128 0x11
 414 000c 01       		.uleb128 0x1
 415 000d 52       		.uleb128 0x52
 416 000e 01       		.uleb128 0x1
 417 000f 55       		.uleb128 0x55
 418 0010 06       		.uleb128 0x6
 419 0011 10       		.uleb128 0x10
 420 0012 06       		.uleb128 0x6
 421 0013 00       		.byte	0x0
 422 0014 00       		.byte	0x0
 423 0015 02       		.uleb128 0x2
 424 0016 24       		.uleb128 0x24
 425 0017 00       		.byte	0x0
 426 0018 0B       		.uleb128 0xb
 427 0019 0B       		.uleb128 0xb
 428 001a 3E       		.uleb128 0x3e
 429 001b 0B       		.uleb128 0xb
 430 001c 03       		.uleb128 0x3
 431 001d 0E       		.uleb128 0xe
 432 001e 00       		.byte	0x0
 433 001f 00       		.byte	0x0
 434 0020 03       		.uleb128 0x3
 435 0021 24       		.uleb128 0x24
 436 0022 00       		.byte	0x0
 437 0023 0B       		.uleb128 0xb
 438 0024 0B       		.uleb128 0xb
 439 0025 3E       		.uleb128 0x3e
 440 0026 0B       		.uleb128 0xb
 441 0027 03       		.uleb128 0x3
 442 0028 08       		.uleb128 0x8
 443 0029 00       		.byte	0x0
 444 002a 00       		.byte	0x0
 445 002b 04       		.uleb128 0x4
 446 002c 16       		.uleb128 0x16
 447 002d 00       		.byte	0x0
ARM GAS  C:\Users\karunmj\AppData\Local\Temp\ccdWoMNb.s 			page 13


 448 002e 03       		.uleb128 0x3
 449 002f 0E       		.uleb128 0xe
 450 0030 3A       		.uleb128 0x3a
 451 0031 0B       		.uleb128 0xb
 452 0032 3B       		.uleb128 0x3b
 453 0033 0B       		.uleb128 0xb
 454 0034 49       		.uleb128 0x49
 455 0035 13       		.uleb128 0x13
 456 0036 00       		.byte	0x0
 457 0037 00       		.byte	0x0
 458 0038 05       		.uleb128 0x5
 459 0039 24       		.uleb128 0x24
 460 003a 00       		.byte	0x0
 461 003b 0B       		.uleb128 0xb
 462 003c 0B       		.uleb128 0xb
 463 003d 3E       		.uleb128 0x3e
 464 003e 0B       		.uleb128 0xb
 465 003f 00       		.byte	0x0
 466 0040 00       		.byte	0x0
 467 0041 06       		.uleb128 0x6
 468 0042 13       		.uleb128 0x13
 469 0043 01       		.byte	0x1
 470 0044 03       		.uleb128 0x3
 471 0045 0E       		.uleb128 0xe
 472 0046 0B       		.uleb128 0xb
 473 0047 0B       		.uleb128 0xb
 474 0048 3A       		.uleb128 0x3a
 475 0049 0B       		.uleb128 0xb
 476 004a 3B       		.uleb128 0x3b
 477 004b 0B       		.uleb128 0xb
 478 004c 01       		.uleb128 0x1
 479 004d 13       		.uleb128 0x13
 480 004e 00       		.byte	0x0
 481 004f 00       		.byte	0x0
 482 0050 07       		.uleb128 0x7
 483 0051 0D       		.uleb128 0xd
 484 0052 00       		.byte	0x0
 485 0053 03       		.uleb128 0x3
 486 0054 0E       		.uleb128 0xe
 487 0055 3A       		.uleb128 0x3a
 488 0056 0B       		.uleb128 0xb
 489 0057 3B       		.uleb128 0x3b
 490 0058 0B       		.uleb128 0xb
 491 0059 49       		.uleb128 0x49
 492 005a 13       		.uleb128 0x13
 493 005b 38       		.uleb128 0x38
 494 005c 0A       		.uleb128 0xa
 495 005d 00       		.byte	0x0
 496 005e 00       		.byte	0x0
 497 005f 08       		.uleb128 0x8
 498 0060 2E       		.uleb128 0x2e
 499 0061 00       		.byte	0x0
 500 0062 3F       		.uleb128 0x3f
 501 0063 0C       		.uleb128 0xc
 502 0064 03       		.uleb128 0x3
 503 0065 0E       		.uleb128 0xe
 504 0066 3A       		.uleb128 0x3a
ARM GAS  C:\Users\karunmj\AppData\Local\Temp\ccdWoMNb.s 			page 14


 505 0067 0B       		.uleb128 0xb
 506 0068 3B       		.uleb128 0x3b
 507 0069 0B       		.uleb128 0xb
 508 006a 27       		.uleb128 0x27
 509 006b 0C       		.uleb128 0xc
 510 006c 11       		.uleb128 0x11
 511 006d 01       		.uleb128 0x1
 512 006e 12       		.uleb128 0x12
 513 006f 01       		.uleb128 0x1
 514 0070 40       		.uleb128 0x40
 515 0071 06       		.uleb128 0x6
 516 0072 00       		.byte	0x0
 517 0073 00       		.byte	0x0
 518 0074 09       		.uleb128 0x9
 519 0075 34       		.uleb128 0x34
 520 0076 00       		.byte	0x0
 521 0077 03       		.uleb128 0x3
 522 0078 0E       		.uleb128 0xe
 523 0079 3A       		.uleb128 0x3a
 524 007a 0B       		.uleb128 0xb
 525 007b 3B       		.uleb128 0x3b
 526 007c 0B       		.uleb128 0xb
 527 007d 49       		.uleb128 0x49
 528 007e 13       		.uleb128 0x13
 529 007f 02       		.uleb128 0x2
 530 0080 0A       		.uleb128 0xa
 531 0081 00       		.byte	0x0
 532 0082 00       		.byte	0x0
 533 0083 00       		.byte	0x0
 534              		.section	.debug_pubnames,"",%progbits
 535 0000 94000000 		.4byte	0x94
 536 0004 0200     		.2byte	0x2
 537 0006 00000000 		.4byte	.Ldebug_info0
 538 000a 3A010000 		.4byte	0x13a
 539 000e D4000000 		.4byte	0xd4
 540 0012 4E454F4D 		.ascii	"NEOMOTE_1_UART_MOTE_SaveConfig\000"
 540      4F54455F 
 540      315F5541 
 540      52545F4D 
 540      4F54455F 
 541 0031 E9000000 		.4byte	0xe9
 542 0035 4E454F4D 		.ascii	"NEOMOTE_1_UART_MOTE_RestoreConfig\000"
 542      4F54455F 
 542      315F5541 
 542      52545F4D 
 542      4F54455F 
 543 0057 FE000000 		.4byte	0xfe
 544 005b 4E454F4D 		.ascii	"NEOMOTE_1_UART_MOTE_Sleep\000"
 544      4F54455F 
 544      315F5541 
 544      52545F4D 
 544      4F54455F 
 545 0075 13010000 		.4byte	0x113
 546 0079 4E454F4D 		.ascii	"NEOMOTE_1_UART_MOTE_Wakeup\000"
 546      4F54455F 
 546      315F5541 
 546      52545F4D 
ARM GAS  C:\Users\karunmj\AppData\Local\Temp\ccdWoMNb.s 			page 15


 546      4F54455F 
 547 0094 00000000 		.4byte	0x0
 548              		.section	.debug_aranges,"",%progbits
 549 0000 34000000 		.4byte	0x34
 550 0004 0200     		.2byte	0x2
 551 0006 00000000 		.4byte	.Ldebug_info0
 552 000a 04       		.byte	0x4
 553 000b 00       		.byte	0x0
 554 000c 0000     		.2byte	0x0
 555 000e 0000     		.2byte	0x0
 556 0010 00000000 		.4byte	.LFB0
 557 0014 0A000000 		.4byte	.LFE0-.LFB0
 558 0018 00000000 		.4byte	.LFB1
 559 001c 0A000000 		.4byte	.LFE1-.LFB1
 560 0020 00000000 		.4byte	.LFB2
 561 0024 40000000 		.4byte	.LFE2-.LFB2
 562 0028 00000000 		.4byte	.LFB3
 563 002c 24000000 		.4byte	.LFE3-.LFB3
 564 0030 00000000 		.4byte	0x0
 565 0034 00000000 		.4byte	0x0
 566              		.section	.debug_ranges,"",%progbits
 567              	.Ldebug_ranges0:
 568 0000 00000000 		.4byte	.Ltext0
 569 0004 00000000 		.4byte	.Letext0
 570 0008 00000000 		.4byte	.LFB0
 571 000c 0A000000 		.4byte	.LFE0
 572 0010 00000000 		.4byte	.LFB1
 573 0014 0A000000 		.4byte	.LFE1
 574 0018 00000000 		.4byte	.LFB2
 575 001c 40000000 		.4byte	.LFE2
 576 0020 00000000 		.4byte	.LFB3
 577 0024 24000000 		.4byte	.LFE3
 578 0028 00000000 		.4byte	0x0
 579 002c 00000000 		.4byte	0x0
 580              		.section	.debug_str,"MS",%progbits,1
 581              	.LASF6:
 582 0000 6C6F6E67 		.ascii	"long long int\000"
 582      206C6F6E 
 582      6720696E 
 582      7400
 583              	.LASF12:
 584 000e 656E6162 		.ascii	"enableState\000"
 584      6C655374 
 584      61746500 
 585              	.LASF8:
 586 001a 756E7369 		.ascii	"unsigned int\000"
 586      676E6564 
 586      20696E74 
 586      00
 587              	.LASF23:
 588 0027 433A5C55 		.ascii	"C:\\Users\\karunmj\\Documents\\GitHub\\m2m\\hardwar"
 588      73657273 
 588      5C6B6172 
 588      756E6D6A 
 588      5C446F63 
 589 0054 655C7073 		.ascii	"e\\psoc5\\PSoC_Datalogger_SMS.cydsn\000"
 589      6F63355C 
ARM GAS  C:\Users\karunmj\AppData\Local\Temp\ccdWoMNb.s 			page 16


 589      50536F43 
 589      5F446174 
 589      616C6F67 
 590              	.LASF19:
 591 0076 4E454F4D 		.ascii	"NEOMOTE_1_UART_MOTE_Sleep\000"
 591      4F54455F 
 591      315F5541 
 591      52545F4D 
 591      4F54455F 
 592              	.LASF17:
 593 0090 4E454F4D 		.ascii	"NEOMOTE_1_UART_MOTE_SaveConfig\000"
 593      4F54455F 
 593      315F5541 
 593      52545F4D 
 593      4F54455F 
 594              	.LASF25:
 595 00af 4E454F4D 		.ascii	"NEOMOTE_1_UART_MOTE_backup\000"
 595      4F54455F 
 595      315F5541 
 595      52545F4D 
 595      4F54455F 
 596              	.LASF18:
 597 00ca 4E454F4D 		.ascii	"NEOMOTE_1_UART_MOTE_RestoreConfig\000"
 597      4F54455F 
 597      315F5541 
 597      52545F4D 
 597      4F54455F 
 598              	.LASF15:
 599 00ec 75696E74 		.ascii	"uint8\000"
 599      3800
 600              	.LASF5:
 601 00f2 6C6F6E67 		.ascii	"long unsigned int\000"
 601      20756E73 
 601      69676E65 
 601      6420696E 
 601      7400
 602              	.LASF13:
 603 0104 72785F70 		.ascii	"rx_period\000"
 603      6572696F 
 603      6400
 604              	.LASF7:
 605 010e 6C6F6E67 		.ascii	"long long unsigned int\000"
 605      206C6F6E 
 605      6720756E 
 605      7369676E 
 605      65642069 
 606              	.LASF16:
 607 0125 4E454F4D 		.ascii	"NEOMOTE_1_UART_MOTE_BACKUP_STRUCT\000"
 607      4F54455F 
 607      315F5541 
 607      52545F4D 
 607      4F54455F 
 608              	.LASF21:
 609 0147 474E5520 		.ascii	"GNU C 4.4.1\000"
 609      4320342E 
 609      342E3100 
 610              	.LASF1:
ARM GAS  C:\Users\karunmj\AppData\Local\Temp\ccdWoMNb.s 			page 17


 611 0153 756E7369 		.ascii	"unsigned char\000"
 611      676E6564 
 611      20636861 
 611      7200
 612              	.LASF22:
 613 0161 2E5C4765 		.ascii	".\\Generated_Source\\PSoC5\\NEOMOTE_1_UART_MOTE_PM."
 613      6E657261 
 613      7465645F 
 613      536F7572 
 613      63655C50 
 614 0191 6300     		.ascii	"c\000"
 615              	.LASF11:
 616 0193 63686172 		.ascii	"char\000"
 616      00
 617              	.LASF4:
 618 0198 6C6F6E67 		.ascii	"long int\000"
 618      20696E74 
 618      00
 619              	.LASF20:
 620 01a1 4E454F4D 		.ascii	"NEOMOTE_1_UART_MOTE_Wakeup\000"
 620      4F54455F 
 620      315F5541 
 620      52545F4D 
 620      4F54455F 
 621              	.LASF10:
 622 01bc 646F7562 		.ascii	"double\000"
 622      6C6500
 623              	.LASF3:
 624 01c3 73686F72 		.ascii	"short unsigned int\000"
 624      7420756E 
 624      7369676E 
 624      65642069 
 624      6E7400
 625              	.LASF0:
 626 01d6 7369676E 		.ascii	"signed char\000"
 626      65642063 
 626      68617200 
 627              	.LASF24:
 628 01e2 4E454F4D 		.ascii	"NEOMOTE_1_UART_MOTE_backupStruct_\000"
 628      4F54455F 
 628      315F5541 
 628      52545F4D 
 628      4F54455F 
 629              	.LASF14:
 630 0204 74785F63 		.ascii	"tx_clk_ctr\000"
 630      6C6B5F63 
 630      747200
 631              	.LASF9:
 632 020f 666C6F61 		.ascii	"float\000"
 632      7400
 633              	.LASF2:
 634 0215 73686F72 		.ascii	"short int\000"
 634      7420696E 
 634      7400
 635              		.ident	"GCC: (Sourcery G++ Lite 2010q1-188) 4.4.1"
