ARM GAS  C:\Users\karunmj\AppData\Local\Temp\ccJHwDkj.s 			page 1


   1              		.syntax unified
   2              		.cpu cortex-m3
   3              		.fpu softvfp
   4              		.eabi_attribute 20, 1
   5              		.eabi_attribute 21, 1
   6              		.eabi_attribute 23, 3
   7              		.eabi_attribute 24, 1
   8              		.eabi_attribute 25, 1
   9              		.eabi_attribute 26, 1
  10              		.eabi_attribute 30, 6
  11              		.eabi_attribute 18, 4
  12              		.thumb
  13              		.file	"NEOMOTE_1_SD_Card_Power.c"
  14              		.section	.debug_abbrev,"",%progbits
  15              	.Ldebug_abbrev0:
  16              		.section	.debug_info,"",%progbits
  17              	.Ldebug_info0:
  18              		.section	.debug_line,"",%progbits
  19              	.Ldebug_line0:
  20 0000 BE000000 		.text
  20      02007000 
  20      00000201 
  20      FB0E0D00 
  20      01010101 
  21              	.Ltext0:
  22              		.cfi_sections	.debug_frame
  23              		.section	.text.NEOMOTE_1_SD_Card_Power_Write,"ax",%progbits
  24              		.align	2
  25              		.global	NEOMOTE_1_SD_Card_Power_Write
  26              		.thumb
  27              		.thumb_func
  28              		.type	NEOMOTE_1_SD_Card_Power_Write, %function
  29              	NEOMOTE_1_SD_Card_Power_Write:
  30              	.LFB0:
  31              		.file 1 ".\\Generated_Source\\PSoC5\\NEOMOTE_1_SD_Card_Power.c"
   1:.\Generated_Source\PSoC5/NEOMOTE_1_SD_Card_Power.c **** /*******************************************************************************
   2:.\Generated_Source\PSoC5/NEOMOTE_1_SD_Card_Power.c **** * File Name: NEOMOTE_1_SD_Card_Power.c  
   3:.\Generated_Source\PSoC5/NEOMOTE_1_SD_Card_Power.c **** * Version 1.90
   4:.\Generated_Source\PSoC5/NEOMOTE_1_SD_Card_Power.c **** *
   5:.\Generated_Source\PSoC5/NEOMOTE_1_SD_Card_Power.c **** * Description:
   6:.\Generated_Source\PSoC5/NEOMOTE_1_SD_Card_Power.c **** *  This file contains API to enable firmware control of a Pins component.
   7:.\Generated_Source\PSoC5/NEOMOTE_1_SD_Card_Power.c **** *
   8:.\Generated_Source\PSoC5/NEOMOTE_1_SD_Card_Power.c **** * Note:
   9:.\Generated_Source\PSoC5/NEOMOTE_1_SD_Card_Power.c **** *
  10:.\Generated_Source\PSoC5/NEOMOTE_1_SD_Card_Power.c **** ********************************************************************************
  11:.\Generated_Source\PSoC5/NEOMOTE_1_SD_Card_Power.c **** * Copyright 2008-2012, Cypress Semiconductor Corporation.  All rights reserved.
  12:.\Generated_Source\PSoC5/NEOMOTE_1_SD_Card_Power.c **** * You may use this file only in accordance with the license, terms, conditions, 
  13:.\Generated_Source\PSoC5/NEOMOTE_1_SD_Card_Power.c **** * disclaimers, and limitations in the end user license agreement accompanying 
  14:.\Generated_Source\PSoC5/NEOMOTE_1_SD_Card_Power.c **** * the software package with which this file was provided.
  15:.\Generated_Source\PSoC5/NEOMOTE_1_SD_Card_Power.c **** *******************************************************************************/
  16:.\Generated_Source\PSoC5/NEOMOTE_1_SD_Card_Power.c **** 
  17:.\Generated_Source\PSoC5/NEOMOTE_1_SD_Card_Power.c **** #include "cytypes.h"
  18:.\Generated_Source\PSoC5/NEOMOTE_1_SD_Card_Power.c **** #include "NEOMOTE_1_SD_Card_Power.h"
  19:.\Generated_Source\PSoC5/NEOMOTE_1_SD_Card_Power.c **** 
  20:.\Generated_Source\PSoC5/NEOMOTE_1_SD_Card_Power.c **** /* APIs are not generated for P15[7:6] on PSoC 5 */
  21:.\Generated_Source\PSoC5/NEOMOTE_1_SD_Card_Power.c **** #if !(CY_PSOC5A &&\
  22:.\Generated_Source\PSoC5/NEOMOTE_1_SD_Card_Power.c **** 	 NEOMOTE_1_SD_Card_Power__PORT == 15 && ((NEOMOTE_1_SD_Card_Power__MASK & 0xC0) != 0))
ARM GAS  C:\Users\karunmj\AppData\Local\Temp\ccJHwDkj.s 			page 2


  23:.\Generated_Source\PSoC5/NEOMOTE_1_SD_Card_Power.c **** 
  24:.\Generated_Source\PSoC5/NEOMOTE_1_SD_Card_Power.c **** 
  25:.\Generated_Source\PSoC5/NEOMOTE_1_SD_Card_Power.c **** /*******************************************************************************
  26:.\Generated_Source\PSoC5/NEOMOTE_1_SD_Card_Power.c **** * Function Name: NEOMOTE_1_SD_Card_Power_Write
  27:.\Generated_Source\PSoC5/NEOMOTE_1_SD_Card_Power.c **** ********************************************************************************
  28:.\Generated_Source\PSoC5/NEOMOTE_1_SD_Card_Power.c **** *
  29:.\Generated_Source\PSoC5/NEOMOTE_1_SD_Card_Power.c **** * Summary:
  30:.\Generated_Source\PSoC5/NEOMOTE_1_SD_Card_Power.c **** *  Assign a new value to the digital port's data output register.  
  31:.\Generated_Source\PSoC5/NEOMOTE_1_SD_Card_Power.c **** *
  32:.\Generated_Source\PSoC5/NEOMOTE_1_SD_Card_Power.c **** * Parameters:  
  33:.\Generated_Source\PSoC5/NEOMOTE_1_SD_Card_Power.c **** *  prtValue:  The value to be assigned to the Digital Port. 
  34:.\Generated_Source\PSoC5/NEOMOTE_1_SD_Card_Power.c **** *
  35:.\Generated_Source\PSoC5/NEOMOTE_1_SD_Card_Power.c **** * Return: 
  36:.\Generated_Source\PSoC5/NEOMOTE_1_SD_Card_Power.c **** *  None
  37:.\Generated_Source\PSoC5/NEOMOTE_1_SD_Card_Power.c **** *  
  38:.\Generated_Source\PSoC5/NEOMOTE_1_SD_Card_Power.c **** *******************************************************************************/
  39:.\Generated_Source\PSoC5/NEOMOTE_1_SD_Card_Power.c **** void NEOMOTE_1_SD_Card_Power_Write(uint8 value) 
  40:.\Generated_Source\PSoC5/NEOMOTE_1_SD_Card_Power.c **** {
  32              		.loc 1 40 0
  33              		.cfi_startproc
  34              		@ args = 0, pretend = 0, frame = 16
  35              		@ frame_needed = 1, uses_anonymous_args = 0
  36              		@ link register save eliminated.
  37 0000 80B4     		push	{r7}
  38              	.LCFI0:
  39              		.cfi_def_cfa_offset 4
  40 0002 85B0     		sub	sp, sp, #20
  41              	.LCFI1:
  42              		.cfi_def_cfa_offset 24
  43 0004 00AF     		add	r7, sp, #0
  44              		.cfi_offset 7, -4
  45              	.LCFI2:
  46              		.cfi_def_cfa_register 7
  47 0006 0346     		mov	r3, r0
  48 0008 FB71     		strb	r3, [r7, #7]
  41:.\Generated_Source\PSoC5/NEOMOTE_1_SD_Card_Power.c ****     uint8 staticBits = (NEOMOTE_1_SD_Card_Power_DR & (uint8)(~NEOMOTE_1_SD_Card_Power_MASK));
  49              		.loc 1 41 0
  50 000a 45F22013 		movw	r3, #:lower16:1073762592
  51 000e C4F20003 		movt	r3, #:upper16:1073762592
  52 0012 1B78     		ldrb	r3, [r3, #0]
  53 0014 DBB2     		uxtb	r3, r3
  54 0016 23F00103 		bic	r3, r3, #1
  55 001a FB73     		strb	r3, [r7, #15]
  42:.\Generated_Source\PSoC5/NEOMOTE_1_SD_Card_Power.c ****     NEOMOTE_1_SD_Card_Power_DR = staticBits | ((uint8)(value << NEOMOTE_1_SD_Card_Power_SHIFT) & NE
  56              		.loc 1 42 0
  57 001c 45F22013 		movw	r3, #:lower16:1073762592
  58 0020 C4F20003 		movt	r3, #:upper16:1073762592
  59 0024 FA79     		ldrb	r2, [r7, #7]	@ zero_extendqisi2
  60 0026 02F00102 		and	r2, r2, #1
  61 002a F97B     		ldrb	r1, [r7, #15]
  62 002c 42EA0102 		orr	r2, r2, r1
  63 0030 D2B2     		uxtb	r2, r2
  64 0032 1A70     		strb	r2, [r3, #0]
  43:.\Generated_Source\PSoC5/NEOMOTE_1_SD_Card_Power.c **** }
  65              		.loc 1 43 0
  66 0034 07F11407 		add	r7, r7, #20
  67 0038 BD46     		mov	sp, r7
ARM GAS  C:\Users\karunmj\AppData\Local\Temp\ccJHwDkj.s 			page 3


  68 003a 80BC     		pop	{r7}
  69 003c 7047     		bx	lr
  70              		.cfi_endproc
  71              	.LFE0:
  72              		.size	NEOMOTE_1_SD_Card_Power_Write, .-NEOMOTE_1_SD_Card_Power_Write
  73 003e 00BF     		.section	.text.NEOMOTE_1_SD_Card_Power_SetDriveMode,"ax",%progbits
  74              		.align	2
  75              		.global	NEOMOTE_1_SD_Card_Power_SetDriveMode
  76              		.thumb
  77              		.thumb_func
  78              		.type	NEOMOTE_1_SD_Card_Power_SetDriveMode, %function
  79              	NEOMOTE_1_SD_Card_Power_SetDriveMode:
  80              	.LFB1:
  44:.\Generated_Source\PSoC5/NEOMOTE_1_SD_Card_Power.c **** 
  45:.\Generated_Source\PSoC5/NEOMOTE_1_SD_Card_Power.c **** 
  46:.\Generated_Source\PSoC5/NEOMOTE_1_SD_Card_Power.c **** /*******************************************************************************
  47:.\Generated_Source\PSoC5/NEOMOTE_1_SD_Card_Power.c **** * Function Name: NEOMOTE_1_SD_Card_Power_SetDriveMode
  48:.\Generated_Source\PSoC5/NEOMOTE_1_SD_Card_Power.c **** ********************************************************************************
  49:.\Generated_Source\PSoC5/NEOMOTE_1_SD_Card_Power.c **** *
  50:.\Generated_Source\PSoC5/NEOMOTE_1_SD_Card_Power.c **** * Summary:
  51:.\Generated_Source\PSoC5/NEOMOTE_1_SD_Card_Power.c **** *  Change the drive mode on the pins of the port.
  52:.\Generated_Source\PSoC5/NEOMOTE_1_SD_Card_Power.c **** * 
  53:.\Generated_Source\PSoC5/NEOMOTE_1_SD_Card_Power.c **** * Parameters:  
  54:.\Generated_Source\PSoC5/NEOMOTE_1_SD_Card_Power.c **** *  mode:  Change the pins to this drive mode.
  55:.\Generated_Source\PSoC5/NEOMOTE_1_SD_Card_Power.c **** *
  56:.\Generated_Source\PSoC5/NEOMOTE_1_SD_Card_Power.c **** * Return: 
  57:.\Generated_Source\PSoC5/NEOMOTE_1_SD_Card_Power.c **** *  None
  58:.\Generated_Source\PSoC5/NEOMOTE_1_SD_Card_Power.c **** *
  59:.\Generated_Source\PSoC5/NEOMOTE_1_SD_Card_Power.c **** *******************************************************************************/
  60:.\Generated_Source\PSoC5/NEOMOTE_1_SD_Card_Power.c **** void NEOMOTE_1_SD_Card_Power_SetDriveMode(uint8 mode) 
  61:.\Generated_Source\PSoC5/NEOMOTE_1_SD_Card_Power.c **** {
  81              		.loc 1 61 0
  82              		.cfi_startproc
  83              		@ args = 0, pretend = 0, frame = 8
  84              		@ frame_needed = 1, uses_anonymous_args = 0
  85              		@ link register save eliminated.
  86 0000 80B4     		push	{r7}
  87              	.LCFI3:
  88              		.cfi_def_cfa_offset 4
  89 0002 83B0     		sub	sp, sp, #12
  90              	.LCFI4:
  91              		.cfi_def_cfa_offset 16
  92 0004 00AF     		add	r7, sp, #0
  93              		.cfi_offset 7, -4
  94              	.LCFI5:
  95              		.cfi_def_cfa_register 7
  96 0006 0346     		mov	r3, r0
  97 0008 FB71     		strb	r3, [r7, #7]
  62:.\Generated_Source\PSoC5/NEOMOTE_1_SD_Card_Power.c **** 	CyPins_SetPinDriveMode(NEOMOTE_1_SD_Card_Power_0, mode);
  98              		.loc 1 62 0
  99 000a 45F21003 		movw	r3, #:lower16:1073762320
 100 000e C4F20003 		movt	r3, #:upper16:1073762320
 101 0012 45F21002 		movw	r2, #:lower16:1073762320
 102 0016 C4F20002 		movt	r2, #:upper16:1073762320
 103 001a 1278     		ldrb	r2, [r2, #0]
 104 001c D2B2     		uxtb	r2, r2
 105 001e D1B2     		uxtb	r1, r2
ARM GAS  C:\Users\karunmj\AppData\Local\Temp\ccJHwDkj.s 			page 4


 106 0020 01F0F101 		and	r1, r1, #241
 107 0024 FA79     		ldrb	r2, [r7, #7]	@ zero_extendqisi2
 108 0026 D2B2     		uxtb	r2, r2
 109 0028 02F00E02 		and	r2, r2, #14
 110 002c 41EA0202 		orr	r2, r1, r2
 111 0030 D2B2     		uxtb	r2, r2
 112 0032 D2B2     		uxtb	r2, r2
 113 0034 1A70     		strb	r2, [r3, #0]
  63:.\Generated_Source\PSoC5/NEOMOTE_1_SD_Card_Power.c **** }
 114              		.loc 1 63 0
 115 0036 07F10C07 		add	r7, r7, #12
 116 003a BD46     		mov	sp, r7
 117 003c 80BC     		pop	{r7}
 118 003e 7047     		bx	lr
 119              		.cfi_endproc
 120              	.LFE1:
 121              		.size	NEOMOTE_1_SD_Card_Power_SetDriveMode, .-NEOMOTE_1_SD_Card_Power_SetDriveMode
 122              		.section	.text.NEOMOTE_1_SD_Card_Power_Read,"ax",%progbits
 123              		.align	2
 124              		.global	NEOMOTE_1_SD_Card_Power_Read
 125              		.thumb
 126              		.thumb_func
 127              		.type	NEOMOTE_1_SD_Card_Power_Read, %function
 128              	NEOMOTE_1_SD_Card_Power_Read:
 129              	.LFB2:
  64:.\Generated_Source\PSoC5/NEOMOTE_1_SD_Card_Power.c **** 
  65:.\Generated_Source\PSoC5/NEOMOTE_1_SD_Card_Power.c **** 
  66:.\Generated_Source\PSoC5/NEOMOTE_1_SD_Card_Power.c **** /*******************************************************************************
  67:.\Generated_Source\PSoC5/NEOMOTE_1_SD_Card_Power.c **** * Function Name: NEOMOTE_1_SD_Card_Power_Read
  68:.\Generated_Source\PSoC5/NEOMOTE_1_SD_Card_Power.c **** ********************************************************************************
  69:.\Generated_Source\PSoC5/NEOMOTE_1_SD_Card_Power.c **** *
  70:.\Generated_Source\PSoC5/NEOMOTE_1_SD_Card_Power.c **** * Summary:
  71:.\Generated_Source\PSoC5/NEOMOTE_1_SD_Card_Power.c **** *  Read the current value on the pins of the Digital Port in right justified 
  72:.\Generated_Source\PSoC5/NEOMOTE_1_SD_Card_Power.c **** *  form.
  73:.\Generated_Source\PSoC5/NEOMOTE_1_SD_Card_Power.c **** *
  74:.\Generated_Source\PSoC5/NEOMOTE_1_SD_Card_Power.c **** * Parameters:  
  75:.\Generated_Source\PSoC5/NEOMOTE_1_SD_Card_Power.c **** *  None
  76:.\Generated_Source\PSoC5/NEOMOTE_1_SD_Card_Power.c **** *
  77:.\Generated_Source\PSoC5/NEOMOTE_1_SD_Card_Power.c **** * Return: 
  78:.\Generated_Source\PSoC5/NEOMOTE_1_SD_Card_Power.c **** *  Returns the current value of the Digital Port as a right justified number
  79:.\Generated_Source\PSoC5/NEOMOTE_1_SD_Card_Power.c **** *  
  80:.\Generated_Source\PSoC5/NEOMOTE_1_SD_Card_Power.c **** * Note:
  81:.\Generated_Source\PSoC5/NEOMOTE_1_SD_Card_Power.c **** *  Macro NEOMOTE_1_SD_Card_Power_ReadPS calls this function. 
  82:.\Generated_Source\PSoC5/NEOMOTE_1_SD_Card_Power.c **** *  
  83:.\Generated_Source\PSoC5/NEOMOTE_1_SD_Card_Power.c **** *******************************************************************************/
  84:.\Generated_Source\PSoC5/NEOMOTE_1_SD_Card_Power.c **** uint8 NEOMOTE_1_SD_Card_Power_Read(void) 
  85:.\Generated_Source\PSoC5/NEOMOTE_1_SD_Card_Power.c **** {
 130              		.loc 1 85 0
 131              		.cfi_startproc
 132              		@ args = 0, pretend = 0, frame = 0
 133              		@ frame_needed = 1, uses_anonymous_args = 0
 134              		@ link register save eliminated.
 135 0000 80B4     		push	{r7}
 136              	.LCFI6:
 137              		.cfi_def_cfa_offset 4
 138 0002 00AF     		add	r7, sp, #0
 139              		.cfi_offset 7, -4
ARM GAS  C:\Users\karunmj\AppData\Local\Temp\ccJHwDkj.s 			page 5


 140              	.LCFI7:
 141              		.cfi_def_cfa_register 7
  86:.\Generated_Source\PSoC5/NEOMOTE_1_SD_Card_Power.c ****     return (NEOMOTE_1_SD_Card_Power_PS & NEOMOTE_1_SD_Card_Power_MASK) >> NEOMOTE_1_SD_Card_Power_S
 142              		.loc 1 86 0
 143 0004 45F22113 		movw	r3, #:lower16:1073762593
 144 0008 C4F20003 		movt	r3, #:upper16:1073762593
 145 000c 1B78     		ldrb	r3, [r3, #0]
 146 000e DBB2     		uxtb	r3, r3
 147 0010 03F00103 		and	r3, r3, #1
  87:.\Generated_Source\PSoC5/NEOMOTE_1_SD_Card_Power.c **** }
 148              		.loc 1 87 0
 149 0014 1846     		mov	r0, r3
 150 0016 BD46     		mov	sp, r7
 151 0018 80BC     		pop	{r7}
 152 001a 7047     		bx	lr
 153              		.cfi_endproc
 154              	.LFE2:
 155              		.size	NEOMOTE_1_SD_Card_Power_Read, .-NEOMOTE_1_SD_Card_Power_Read
 156              		.section	.text.NEOMOTE_1_SD_Card_Power_ReadDataReg,"ax",%progbits
 157              		.align	2
 158              		.global	NEOMOTE_1_SD_Card_Power_ReadDataReg
 159              		.thumb
 160              		.thumb_func
 161              		.type	NEOMOTE_1_SD_Card_Power_ReadDataReg, %function
 162              	NEOMOTE_1_SD_Card_Power_ReadDataReg:
 163              	.LFB3:
  88:.\Generated_Source\PSoC5/NEOMOTE_1_SD_Card_Power.c **** 
  89:.\Generated_Source\PSoC5/NEOMOTE_1_SD_Card_Power.c **** 
  90:.\Generated_Source\PSoC5/NEOMOTE_1_SD_Card_Power.c **** /*******************************************************************************
  91:.\Generated_Source\PSoC5/NEOMOTE_1_SD_Card_Power.c **** * Function Name: NEOMOTE_1_SD_Card_Power_ReadDataReg
  92:.\Generated_Source\PSoC5/NEOMOTE_1_SD_Card_Power.c **** ********************************************************************************
  93:.\Generated_Source\PSoC5/NEOMOTE_1_SD_Card_Power.c **** *
  94:.\Generated_Source\PSoC5/NEOMOTE_1_SD_Card_Power.c **** * Summary:
  95:.\Generated_Source\PSoC5/NEOMOTE_1_SD_Card_Power.c **** *  Read the current value assigned to a Digital Port's data output register
  96:.\Generated_Source\PSoC5/NEOMOTE_1_SD_Card_Power.c **** *
  97:.\Generated_Source\PSoC5/NEOMOTE_1_SD_Card_Power.c **** * Parameters:  
  98:.\Generated_Source\PSoC5/NEOMOTE_1_SD_Card_Power.c **** *  None 
  99:.\Generated_Source\PSoC5/NEOMOTE_1_SD_Card_Power.c **** *
 100:.\Generated_Source\PSoC5/NEOMOTE_1_SD_Card_Power.c **** * Return: 
 101:.\Generated_Source\PSoC5/NEOMOTE_1_SD_Card_Power.c **** *  Returns the current value assigned to the Digital Port's data output register
 102:.\Generated_Source\PSoC5/NEOMOTE_1_SD_Card_Power.c **** *  
 103:.\Generated_Source\PSoC5/NEOMOTE_1_SD_Card_Power.c **** *******************************************************************************/
 104:.\Generated_Source\PSoC5/NEOMOTE_1_SD_Card_Power.c **** uint8 NEOMOTE_1_SD_Card_Power_ReadDataReg(void) 
 105:.\Generated_Source\PSoC5/NEOMOTE_1_SD_Card_Power.c **** {
 164              		.loc 1 105 0
 165              		.cfi_startproc
 166              		@ args = 0, pretend = 0, frame = 0
 167              		@ frame_needed = 1, uses_anonymous_args = 0
 168              		@ link register save eliminated.
 169 0000 80B4     		push	{r7}
 170              	.LCFI8:
 171              		.cfi_def_cfa_offset 4
 172 0002 00AF     		add	r7, sp, #0
 173              		.cfi_offset 7, -4
 174              	.LCFI9:
 175              		.cfi_def_cfa_register 7
 106:.\Generated_Source\PSoC5/NEOMOTE_1_SD_Card_Power.c ****     return (NEOMOTE_1_SD_Card_Power_DR & NEOMOTE_1_SD_Card_Power_MASK) >> NEOMOTE_1_SD_Card_Power_S
ARM GAS  C:\Users\karunmj\AppData\Local\Temp\ccJHwDkj.s 			page 6


 176              		.loc 1 106 0
 177 0004 45F22013 		movw	r3, #:lower16:1073762592
 178 0008 C4F20003 		movt	r3, #:upper16:1073762592
 179 000c 1B78     		ldrb	r3, [r3, #0]
 180 000e DBB2     		uxtb	r3, r3
 181 0010 03F00103 		and	r3, r3, #1
 107:.\Generated_Source\PSoC5/NEOMOTE_1_SD_Card_Power.c **** }
 182              		.loc 1 107 0
 183 0014 1846     		mov	r0, r3
 184 0016 BD46     		mov	sp, r7
 185 0018 80BC     		pop	{r7}
 186 001a 7047     		bx	lr
 187              		.cfi_endproc
 188              	.LFE3:
 189              		.size	NEOMOTE_1_SD_Card_Power_ReadDataReg, .-NEOMOTE_1_SD_Card_Power_ReadDataReg
 190              		.text
 191              	.Letext0:
 192              		.section	.debug_loc,"",%progbits
 193              	.Ldebug_loc0:
 194              	.LLST0:
 195 0000 00000000 		.4byte	.LFB0
 196 0004 02000000 		.4byte	.LCFI0
 197 0008 0100     		.2byte	0x1
 198 000a 5D       		.byte	0x5d
 199 000b 02000000 		.4byte	.LCFI0
 200 000f 04000000 		.4byte	.LCFI1
 201 0013 0200     		.2byte	0x2
 202 0015 7D       		.byte	0x7d
 203 0016 04       		.sleb128 4
 204 0017 04000000 		.4byte	.LCFI1
 205 001b 06000000 		.4byte	.LCFI2
 206 001f 0200     		.2byte	0x2
 207 0021 7D       		.byte	0x7d
 208 0022 18       		.sleb128 24
 209 0023 06000000 		.4byte	.LCFI2
 210 0027 3E000000 		.4byte	.LFE0
 211 002b 0200     		.2byte	0x2
 212 002d 77       		.byte	0x77
 213 002e 18       		.sleb128 24
 214 002f 00000000 		.4byte	0x0
 215 0033 00000000 		.4byte	0x0
 216              	.LLST1:
 217 0037 00000000 		.4byte	.LFB1
 218 003b 02000000 		.4byte	.LCFI3
 219 003f 0100     		.2byte	0x1
 220 0041 5D       		.byte	0x5d
 221 0042 02000000 		.4byte	.LCFI3
 222 0046 04000000 		.4byte	.LCFI4
 223 004a 0200     		.2byte	0x2
 224 004c 7D       		.byte	0x7d
 225 004d 04       		.sleb128 4
 226 004e 04000000 		.4byte	.LCFI4
 227 0052 06000000 		.4byte	.LCFI5
 228 0056 0200     		.2byte	0x2
 229 0058 7D       		.byte	0x7d
 230 0059 10       		.sleb128 16
 231 005a 06000000 		.4byte	.LCFI5
ARM GAS  C:\Users\karunmj\AppData\Local\Temp\ccJHwDkj.s 			page 7


 232 005e 40000000 		.4byte	.LFE1
 233 0062 0200     		.2byte	0x2
 234 0064 77       		.byte	0x77
 235 0065 10       		.sleb128 16
 236 0066 00000000 		.4byte	0x0
 237 006a 00000000 		.4byte	0x0
 238              	.LLST2:
 239 006e 00000000 		.4byte	.LFB2
 240 0072 02000000 		.4byte	.LCFI6
 241 0076 0100     		.2byte	0x1
 242 0078 5D       		.byte	0x5d
 243 0079 02000000 		.4byte	.LCFI6
 244 007d 04000000 		.4byte	.LCFI7
 245 0081 0200     		.2byte	0x2
 246 0083 7D       		.byte	0x7d
 247 0084 04       		.sleb128 4
 248 0085 04000000 		.4byte	.LCFI7
 249 0089 1C000000 		.4byte	.LFE2
 250 008d 0200     		.2byte	0x2
 251 008f 77       		.byte	0x77
 252 0090 04       		.sleb128 4
 253 0091 00000000 		.4byte	0x0
 254 0095 00000000 		.4byte	0x0
 255              	.LLST3:
 256 0099 00000000 		.4byte	.LFB3
 257 009d 02000000 		.4byte	.LCFI8
 258 00a1 0100     		.2byte	0x1
 259 00a3 5D       		.byte	0x5d
 260 00a4 02000000 		.4byte	.LCFI8
 261 00a8 04000000 		.4byte	.LCFI9
 262 00ac 0200     		.2byte	0x2
 263 00ae 7D       		.byte	0x7d
 264 00af 04       		.sleb128 4
 265 00b0 04000000 		.4byte	.LCFI9
 266 00b4 1C000000 		.4byte	.LFE3
 267 00b8 0200     		.2byte	0x2
 268 00ba 77       		.byte	0x77
 269 00bb 04       		.sleb128 4
 270 00bc 00000000 		.4byte	0x0
 271 00c0 00000000 		.4byte	0x0
 272              		.file 2 ".\\Generated_Source\\PSoC5\\/cytypes.h"
 273              		.section	.debug_info
 274 0000 1C010000 		.4byte	0x11c
 275 0004 0200     		.2byte	0x2
 276 0006 00000000 		.4byte	.Ldebug_abbrev0
 277 000a 04       		.byte	0x4
 278 000b 01       		.uleb128 0x1
 279 000c 8E010000 		.4byte	.LASF18
 280 0010 01       		.byte	0x1
 281 0011 5B010000 		.4byte	.LASF19
 282 0015 6E000000 		.4byte	.LASF20
 283 0019 00000000 		.4byte	0x0
 284 001d 00000000 		.4byte	0x0
 285 0021 00000000 		.4byte	.Ldebug_ranges0+0x0
 286 0025 00000000 		.4byte	.Ldebug_line0
 287 0029 02       		.uleb128 0x2
 288 002a 01       		.byte	0x1
ARM GAS  C:\Users\karunmj\AppData\Local\Temp\ccJHwDkj.s 			page 8


 289 002b 06       		.byte	0x6
 290 002c B8010000 		.4byte	.LASF0
 291 0030 02       		.uleb128 0x2
 292 0031 01       		.byte	0x1
 293 0032 08       		.byte	0x8
 294 0033 BD000000 		.4byte	.LASF1
 295 0037 02       		.uleb128 0x2
 296 0038 02       		.byte	0x2
 297 0039 05       		.byte	0x5
 298 003a 9F010000 		.4byte	.LASF2
 299 003e 02       		.uleb128 0x2
 300 003f 02       		.byte	0x2
 301 0040 07       		.byte	0x7
 302 0041 FB000000 		.4byte	.LASF3
 303 0045 02       		.uleb128 0x2
 304 0046 04       		.byte	0x4
 305 0047 05       		.byte	0x5
 306 0048 AF010000 		.4byte	.LASF4
 307 004c 02       		.uleb128 0x2
 308 004d 04       		.byte	0x4
 309 004e 07       		.byte	0x7
 310 004f E9000000 		.4byte	.LASF5
 311 0053 02       		.uleb128 0x2
 312 0054 08       		.byte	0x8
 313 0055 05       		.byte	0x5
 314 0056 00000000 		.4byte	.LASF6
 315 005a 02       		.uleb128 0x2
 316 005b 08       		.byte	0x8
 317 005c 07       		.byte	0x7
 318 005d 3F010000 		.4byte	.LASF7
 319 0061 03       		.uleb128 0x3
 320 0062 04       		.byte	0x4
 321 0063 05       		.byte	0x5
 322 0064 696E7400 		.ascii	"int\000"
 323 0068 02       		.uleb128 0x2
 324 0069 04       		.byte	0x4
 325 006a 07       		.byte	0x7
 326 006b 32010000 		.4byte	.LASF8
 327 006f 04       		.uleb128 0x4
 328 0070 A9010000 		.4byte	.LASF21
 329 0074 02       		.byte	0x2
 330 0075 4C       		.byte	0x4c
 331 0076 30000000 		.4byte	0x30
 332 007a 02       		.uleb128 0x2
 333 007b 04       		.byte	0x4
 334 007c 04       		.byte	0x4
 335 007d 68000000 		.4byte	.LASF9
 336 0081 02       		.uleb128 0x2
 337 0082 08       		.byte	0x8
 338 0083 04       		.byte	0x4
 339 0084 2B010000 		.4byte	.LASF10
 340 0088 02       		.uleb128 0x2
 341 0089 01       		.byte	0x1
 342 008a 08       		.byte	0x8
 343 008b 9A010000 		.4byte	.LASF11
 344 008f 05       		.uleb128 0x5
 345 0090 01       		.byte	0x1
ARM GAS  C:\Users\karunmj\AppData\Local\Temp\ccJHwDkj.s 			page 9


 346 0091 CB000000 		.4byte	.LASF12
 347 0095 01       		.byte	0x1
 348 0096 27       		.byte	0x27
 349 0097 01       		.byte	0x1
 350 0098 00000000 		.4byte	.LFB0
 351 009c 3E000000 		.4byte	.LFE0
 352 00a0 00000000 		.4byte	.LLST0
 353 00a4 C5000000 		.4byte	0xc5
 354 00a8 06       		.uleb128 0x6
 355 00a9 0E000000 		.4byte	.LASF14
 356 00ad 01       		.byte	0x1
 357 00ae 27       		.byte	0x27
 358 00af 6F000000 		.4byte	0x6f
 359 00b3 02       		.byte	0x2
 360 00b4 91       		.byte	0x91
 361 00b5 6F       		.sleb128 -17
 362 00b6 07       		.uleb128 0x7
 363 00b7 38000000 		.4byte	.LASF22
 364 00bb 01       		.byte	0x1
 365 00bc 29       		.byte	0x29
 366 00bd 6F000000 		.4byte	0x6f
 367 00c1 02       		.byte	0x2
 368 00c2 91       		.byte	0x91
 369 00c3 77       		.sleb128 -9
 370 00c4 00       		.byte	0x0
 371 00c5 05       		.uleb128 0x5
 372 00c6 01       		.byte	0x1
 373 00c7 43000000 		.4byte	.LASF13
 374 00cb 01       		.byte	0x1
 375 00cc 3C       		.byte	0x3c
 376 00cd 01       		.byte	0x1
 377 00ce 00000000 		.4byte	.LFB1
 378 00d2 40000000 		.4byte	.LFE1
 379 00d6 37000000 		.4byte	.LLST1
 380 00da ED000000 		.4byte	0xed
 381 00de 06       		.uleb128 0x6
 382 00df 56010000 		.4byte	.LASF15
 383 00e3 01       		.byte	0x1
 384 00e4 3C       		.byte	0x3c
 385 00e5 6F000000 		.4byte	0x6f
 386 00e9 02       		.byte	0x2
 387 00ea 91       		.byte	0x91
 388 00eb 77       		.sleb128 -9
 389 00ec 00       		.byte	0x0
 390 00ed 08       		.uleb128 0x8
 391 00ee 01       		.byte	0x1
 392 00ef 0E010000 		.4byte	.LASF16
 393 00f3 01       		.byte	0x1
 394 00f4 54       		.byte	0x54
 395 00f5 01       		.byte	0x1
 396 00f6 6F000000 		.4byte	0x6f
 397 00fa 00000000 		.4byte	.LFB2
 398 00fe 1C000000 		.4byte	.LFE2
 399 0102 6E000000 		.4byte	.LLST2
 400 0106 08       		.uleb128 0x8
 401 0107 01       		.byte	0x1
 402 0108 14000000 		.4byte	.LASF17
ARM GAS  C:\Users\karunmj\AppData\Local\Temp\ccJHwDkj.s 			page 10


 403 010c 01       		.byte	0x1
 404 010d 68       		.byte	0x68
 405 010e 01       		.byte	0x1
 406 010f 6F000000 		.4byte	0x6f
 407 0113 00000000 		.4byte	.LFB3
 408 0117 1C000000 		.4byte	.LFE3
 409 011b 99000000 		.4byte	.LLST3
 410 011f 00       		.byte	0x0
 411              		.section	.debug_abbrev
 412 0000 01       		.uleb128 0x1
 413 0001 11       		.uleb128 0x11
 414 0002 01       		.byte	0x1
 415 0003 25       		.uleb128 0x25
 416 0004 0E       		.uleb128 0xe
 417 0005 13       		.uleb128 0x13
 418 0006 0B       		.uleb128 0xb
 419 0007 03       		.uleb128 0x3
 420 0008 0E       		.uleb128 0xe
 421 0009 1B       		.uleb128 0x1b
 422 000a 0E       		.uleb128 0xe
 423 000b 11       		.uleb128 0x11
 424 000c 01       		.uleb128 0x1
 425 000d 52       		.uleb128 0x52
 426 000e 01       		.uleb128 0x1
 427 000f 55       		.uleb128 0x55
 428 0010 06       		.uleb128 0x6
 429 0011 10       		.uleb128 0x10
 430 0012 06       		.uleb128 0x6
 431 0013 00       		.byte	0x0
 432 0014 00       		.byte	0x0
 433 0015 02       		.uleb128 0x2
 434 0016 24       		.uleb128 0x24
 435 0017 00       		.byte	0x0
 436 0018 0B       		.uleb128 0xb
 437 0019 0B       		.uleb128 0xb
 438 001a 3E       		.uleb128 0x3e
 439 001b 0B       		.uleb128 0xb
 440 001c 03       		.uleb128 0x3
 441 001d 0E       		.uleb128 0xe
 442 001e 00       		.byte	0x0
 443 001f 00       		.byte	0x0
 444 0020 03       		.uleb128 0x3
 445 0021 24       		.uleb128 0x24
 446 0022 00       		.byte	0x0
 447 0023 0B       		.uleb128 0xb
 448 0024 0B       		.uleb128 0xb
 449 0025 3E       		.uleb128 0x3e
 450 0026 0B       		.uleb128 0xb
 451 0027 03       		.uleb128 0x3
 452 0028 08       		.uleb128 0x8
 453 0029 00       		.byte	0x0
 454 002a 00       		.byte	0x0
 455 002b 04       		.uleb128 0x4
 456 002c 16       		.uleb128 0x16
 457 002d 00       		.byte	0x0
 458 002e 03       		.uleb128 0x3
 459 002f 0E       		.uleb128 0xe
ARM GAS  C:\Users\karunmj\AppData\Local\Temp\ccJHwDkj.s 			page 11


 460 0030 3A       		.uleb128 0x3a
 461 0031 0B       		.uleb128 0xb
 462 0032 3B       		.uleb128 0x3b
 463 0033 0B       		.uleb128 0xb
 464 0034 49       		.uleb128 0x49
 465 0035 13       		.uleb128 0x13
 466 0036 00       		.byte	0x0
 467 0037 00       		.byte	0x0
 468 0038 05       		.uleb128 0x5
 469 0039 2E       		.uleb128 0x2e
 470 003a 01       		.byte	0x1
 471 003b 3F       		.uleb128 0x3f
 472 003c 0C       		.uleb128 0xc
 473 003d 03       		.uleb128 0x3
 474 003e 0E       		.uleb128 0xe
 475 003f 3A       		.uleb128 0x3a
 476 0040 0B       		.uleb128 0xb
 477 0041 3B       		.uleb128 0x3b
 478 0042 0B       		.uleb128 0xb
 479 0043 27       		.uleb128 0x27
 480 0044 0C       		.uleb128 0xc
 481 0045 11       		.uleb128 0x11
 482 0046 01       		.uleb128 0x1
 483 0047 12       		.uleb128 0x12
 484 0048 01       		.uleb128 0x1
 485 0049 40       		.uleb128 0x40
 486 004a 06       		.uleb128 0x6
 487 004b 01       		.uleb128 0x1
 488 004c 13       		.uleb128 0x13
 489 004d 00       		.byte	0x0
 490 004e 00       		.byte	0x0
 491 004f 06       		.uleb128 0x6
 492 0050 05       		.uleb128 0x5
 493 0051 00       		.byte	0x0
 494 0052 03       		.uleb128 0x3
 495 0053 0E       		.uleb128 0xe
 496 0054 3A       		.uleb128 0x3a
 497 0055 0B       		.uleb128 0xb
 498 0056 3B       		.uleb128 0x3b
 499 0057 0B       		.uleb128 0xb
 500 0058 49       		.uleb128 0x49
 501 0059 13       		.uleb128 0x13
 502 005a 02       		.uleb128 0x2
 503 005b 0A       		.uleb128 0xa
 504 005c 00       		.byte	0x0
 505 005d 00       		.byte	0x0
 506 005e 07       		.uleb128 0x7
 507 005f 34       		.uleb128 0x34
 508 0060 00       		.byte	0x0
 509 0061 03       		.uleb128 0x3
 510 0062 0E       		.uleb128 0xe
 511 0063 3A       		.uleb128 0x3a
 512 0064 0B       		.uleb128 0xb
 513 0065 3B       		.uleb128 0x3b
 514 0066 0B       		.uleb128 0xb
 515 0067 49       		.uleb128 0x49
 516 0068 13       		.uleb128 0x13
ARM GAS  C:\Users\karunmj\AppData\Local\Temp\ccJHwDkj.s 			page 12


 517 0069 02       		.uleb128 0x2
 518 006a 0A       		.uleb128 0xa
 519 006b 00       		.byte	0x0
 520 006c 00       		.byte	0x0
 521 006d 08       		.uleb128 0x8
 522 006e 2E       		.uleb128 0x2e
 523 006f 00       		.byte	0x0
 524 0070 3F       		.uleb128 0x3f
 525 0071 0C       		.uleb128 0xc
 526 0072 03       		.uleb128 0x3
 527 0073 0E       		.uleb128 0xe
 528 0074 3A       		.uleb128 0x3a
 529 0075 0B       		.uleb128 0xb
 530 0076 3B       		.uleb128 0x3b
 531 0077 0B       		.uleb128 0xb
 532 0078 27       		.uleb128 0x27
 533 0079 0C       		.uleb128 0xc
 534 007a 49       		.uleb128 0x49
 535 007b 13       		.uleb128 0x13
 536 007c 11       		.uleb128 0x11
 537 007d 01       		.uleb128 0x1
 538 007e 12       		.uleb128 0x12
 539 007f 01       		.uleb128 0x1
 540 0080 40       		.uleb128 0x40
 541 0081 06       		.uleb128 0x6
 542 0082 00       		.byte	0x0
 543 0083 00       		.byte	0x0
 544 0084 00       		.byte	0x0
 545              		.section	.debug_pubnames,"",%progbits
 546 0000 A2000000 		.4byte	0xa2
 547 0004 0200     		.2byte	0x2
 548 0006 00000000 		.4byte	.Ldebug_info0
 549 000a 20010000 		.4byte	0x120
 550 000e 8F000000 		.4byte	0x8f
 551 0012 4E454F4D 		.ascii	"NEOMOTE_1_SD_Card_Power_Write\000"
 551      4F54455F 
 551      315F5344 
 551      5F436172 
 551      645F506F 
 552 0030 C5000000 		.4byte	0xc5
 553 0034 4E454F4D 		.ascii	"NEOMOTE_1_SD_Card_Power_SetDriveMode\000"
 553      4F54455F 
 553      315F5344 
 553      5F436172 
 553      645F506F 
 554 0059 ED000000 		.4byte	0xed
 555 005d 4E454F4D 		.ascii	"NEOMOTE_1_SD_Card_Power_Read\000"
 555      4F54455F 
 555      315F5344 
 555      5F436172 
 555      645F506F 
 556 007a 06010000 		.4byte	0x106
 557 007e 4E454F4D 		.ascii	"NEOMOTE_1_SD_Card_Power_ReadDataReg\000"
 557      4F54455F 
 557      315F5344 
 557      5F436172 
 557      645F506F 
ARM GAS  C:\Users\karunmj\AppData\Local\Temp\ccJHwDkj.s 			page 13


 558 00a2 00000000 		.4byte	0x0
 559              		.section	.debug_aranges,"",%progbits
 560 0000 34000000 		.4byte	0x34
 561 0004 0200     		.2byte	0x2
 562 0006 00000000 		.4byte	.Ldebug_info0
 563 000a 04       		.byte	0x4
 564 000b 00       		.byte	0x0
 565 000c 0000     		.2byte	0x0
 566 000e 0000     		.2byte	0x0
 567 0010 00000000 		.4byte	.LFB0
 568 0014 3E000000 		.4byte	.LFE0-.LFB0
 569 0018 00000000 		.4byte	.LFB1
 570 001c 40000000 		.4byte	.LFE1-.LFB1
 571 0020 00000000 		.4byte	.LFB2
 572 0024 1C000000 		.4byte	.LFE2-.LFB2
 573 0028 00000000 		.4byte	.LFB3
 574 002c 1C000000 		.4byte	.LFE3-.LFB3
 575 0030 00000000 		.4byte	0x0
 576 0034 00000000 		.4byte	0x0
 577              		.section	.debug_ranges,"",%progbits
 578              	.Ldebug_ranges0:
 579 0000 00000000 		.4byte	.Ltext0
 580 0004 00000000 		.4byte	.Letext0
 581 0008 00000000 		.4byte	.LFB0
 582 000c 3E000000 		.4byte	.LFE0
 583 0010 00000000 		.4byte	.LFB1
 584 0014 40000000 		.4byte	.LFE1
 585 0018 00000000 		.4byte	.LFB2
 586 001c 1C000000 		.4byte	.LFE2
 587 0020 00000000 		.4byte	.LFB3
 588 0024 1C000000 		.4byte	.LFE3
 589 0028 00000000 		.4byte	0x0
 590 002c 00000000 		.4byte	0x0
 591              		.section	.debug_str,"MS",%progbits,1
 592              	.LASF6:
 593 0000 6C6F6E67 		.ascii	"long long int\000"
 593      206C6F6E 
 593      6720696E 
 593      7400
 594              	.LASF14:
 595 000e 76616C75 		.ascii	"value\000"
 595      6500
 596              	.LASF17:
 597 0014 4E454F4D 		.ascii	"NEOMOTE_1_SD_Card_Power_ReadDataReg\000"
 597      4F54455F 
 597      315F5344 
 597      5F436172 
 597      645F506F 
 598              	.LASF22:
 599 0038 73746174 		.ascii	"staticBits\000"
 599      69634269 
 599      747300
 600              	.LASF13:
 601 0043 4E454F4D 		.ascii	"NEOMOTE_1_SD_Card_Power_SetDriveMode\000"
 601      4F54455F 
 601      315F5344 
 601      5F436172 
ARM GAS  C:\Users\karunmj\AppData\Local\Temp\ccJHwDkj.s 			page 14


 601      645F506F 
 602              	.LASF9:
 603 0068 666C6F61 		.ascii	"float\000"
 603      7400
 604              	.LASF20:
 605 006e 433A5C55 		.ascii	"C:\\Users\\karunmj\\Documents\\GitHub\\m2m\\hardwar"
 605      73657273 
 605      5C6B6172 
 605      756E6D6A 
 605      5C446F63 
 606 009b 655C7073 		.ascii	"e\\psoc5\\PSoC_Datalogger_SMS.cydsn\000"
 606      6F63355C 
 606      50536F43 
 606      5F446174 
 606      616C6F67 
 607              	.LASF1:
 608 00bd 756E7369 		.ascii	"unsigned char\000"
 608      676E6564 
 608      20636861 
 608      7200
 609              	.LASF12:
 610 00cb 4E454F4D 		.ascii	"NEOMOTE_1_SD_Card_Power_Write\000"
 610      4F54455F 
 610      315F5344 
 610      5F436172 
 610      645F506F 
 611              	.LASF5:
 612 00e9 6C6F6E67 		.ascii	"long unsigned int\000"
 612      20756E73 
 612      69676E65 
 612      6420696E 
 612      7400
 613              	.LASF3:
 614 00fb 73686F72 		.ascii	"short unsigned int\000"
 614      7420756E 
 614      7369676E 
 614      65642069 
 614      6E7400
 615              	.LASF16:
 616 010e 4E454F4D 		.ascii	"NEOMOTE_1_SD_Card_Power_Read\000"
 616      4F54455F 
 616      315F5344 
 616      5F436172 
 616      645F506F 
 617              	.LASF10:
 618 012b 646F7562 		.ascii	"double\000"
 618      6C6500
 619              	.LASF8:
 620 0132 756E7369 		.ascii	"unsigned int\000"
 620      676E6564 
 620      20696E74 
 620      00
 621              	.LASF7:
 622 013f 6C6F6E67 		.ascii	"long long unsigned int\000"
 622      206C6F6E 
 622      6720756E 
 622      7369676E 
ARM GAS  C:\Users\karunmj\AppData\Local\Temp\ccJHwDkj.s 			page 15


 622      65642069 
 623              	.LASF15:
 624 0156 6D6F6465 		.ascii	"mode\000"
 624      00
 625              	.LASF19:
 626 015b 2E5C4765 		.ascii	".\\Generated_Source\\PSoC5\\NEOMOTE_1_SD_Card_Power"
 626      6E657261 
 626      7465645F 
 626      536F7572 
 626      63655C50 
 627 018b 2E6300   		.ascii	".c\000"
 628              	.LASF18:
 629 018e 474E5520 		.ascii	"GNU C 4.4.1\000"
 629      4320342E 
 629      342E3100 
 630              	.LASF11:
 631 019a 63686172 		.ascii	"char\000"
 631      00
 632              	.LASF2:
 633 019f 73686F72 		.ascii	"short int\000"
 633      7420696E 
 633      7400
 634              	.LASF21:
 635 01a9 75696E74 		.ascii	"uint8\000"
 635      3800
 636              	.LASF4:
 637 01af 6C6F6E67 		.ascii	"long int\000"
 637      20696E74 
 637      00
 638              	.LASF0:
 639 01b8 7369676E 		.ascii	"signed char\000"
 639      65642063 
 639      68617200 
 640              		.ident	"GCC: (Sourcery G++ Lite 2010q1-188) 4.4.1"
