--------------- Rebuild Started: 05/16/2014 20:41:49 Project: PSoC_Datalogger_SMS, Configuration: ARM GCC 4.4.1 Debug ---------------
Deleting file ".\ARM_GCC_441\Debug\modem.o"
Deleting file ".\ARM_GCC_441\Debug\ultrasonic.o"
Deleting file ".\ARM_GCC_441\Debug\slre.o"
Deleting file ".\ARM_GCC_441\Debug\sleep.o"
Deleting file ".\ARM_GCC_441\Debug\BatteryVoltage.o"
Deleting file ".\ARM_GCC_441\Debug\main.o"
Deleting file ".\ARM_GCC_441\Debug\solinst_depth.o"
Deleting file ".\ARM_GCC_441\Debug\debug.o"
Deleting file ".\ARM_GCC_441\Debug\Cm3Start.o"
Deleting file ".\ARM_GCC_441\Debug\core_cm3.o"
Deleting file ".\ARM_GCC_441\Debug\CyBootAsmGnu.o"
Deleting file ".\ARM_GCC_441\Debug\CyDmac.o"
Deleting file ".\ARM_GCC_441\Debug\CyFlash.o"
Deleting file ".\ARM_GCC_441\Debug\CyLib.o"
Deleting file ".\ARM_GCC_441\Debug\cyPm.o"
Deleting file ".\ARM_GCC_441\Debug\CySpc.o"
Deleting file ".\ARM_GCC_441\Debug\cyutils.o"
Deleting file ".\ARM_GCC_441\Debug\uart.o"
Deleting file ".\ARM_GCC_441\Debug\uart_PM.o"
Deleting file ".\ARM_GCC_441\Debug\uart_INT.o"
Deleting file ".\ARM_GCC_441\Debug\uart_BOOT.o"
Deleting file ".\ARM_GCC_441\Debug\uart_IntClock.o"
Deleting file ".\ARM_GCC_441\Debug\isr_byte_rx.o"
Deleting file ".\ARM_GCC_441\Debug\modem_reset_pin.o"
Deleting file ".\ARM_GCC_441\Debug\modem_power_pin.o"
Deleting file ".\ARM_GCC_441\Debug\modem_voltage_pin.o"
Deleting file ".\ARM_GCC_441\Debug\ultrasonic_voltage_pin.o"
Deleting file ".\ARM_GCC_441\Debug\isr_byte_ultrasonic_rx.o"
Deleting file ".\ARM_GCC_441\Debug\SleepTimer.o"
Deleting file ".\ARM_GCC_441\Debug\uart_tx.o"
Deleting file ".\ARM_GCC_441\Debug\emFile_1_ConfigMMC_SPI.o"
Deleting file ".\ARM_GCC_441\Debug\emFile_1_MMC_HW_SPI.o"
Deleting file ".\ARM_GCC_441\Debug\emFile_1_PM.o"
Deleting file ".\ARM_GCC_441\Debug\emFile_1_SPI0.o"
Deleting file ".\ARM_GCC_441\Debug\emFile_1_SPI0_PM.o"
Deleting file ".\ARM_GCC_441\Debug\emFile_1_SPI0_INT.o"
Deleting file ".\ARM_GCC_441\Debug\emFile_1_mosi0.o"
Deleting file ".\ARM_GCC_441\Debug\emFile_1_Clock_1.o"
Deleting file ".\ARM_GCC_441\Debug\emFile_1_miso0.o"
Deleting file ".\ARM_GCC_441\Debug\emFile_1_sclk0.o"
Deleting file ".\ARM_GCC_441\Debug\emFile_1_SPI0_CS.o"
Deleting file ".\ARM_GCC_441\Debug\NEOMOTE_1_UART_MOTE.o"
Deleting file ".\ARM_GCC_441\Debug\NEOMOTE_1_UART_MOTE_PM.o"
Deleting file ".\ARM_GCC_441\Debug\NEOMOTE_1_UART_MOTE_INT.o"
Deleting file ".\ARM_GCC_441\Debug\NEOMOTE_1_UART_MOTE_BOOT.o"
Deleting file ".\ARM_GCC_441\Debug\NEOMOTE_1_isr_RX.o"
Deleting file ".\ARM_GCC_441\Debug\NEOMOTE_1_RX_RTS_n.o"
Deleting file ".\ARM_GCC_441\Debug\NEOMOTE_1_RX_CTS_n.o"
Deleting file ".\ARM_GCC_441\Debug\NEOMOTE_1_TX_RTS_n.o"
Deleting file ".\ARM_GCC_441\Debug\NEOMOTE_1_TX_CTS_n.o"
Deleting file ".\ARM_GCC_441\Debug\NEOMOTE_1_isr_RX_RTSn.o"
Deleting file ".\ARM_GCC_441\Debug\NEOMOTE_1_External_VRef.o"
Deleting file ".\ARM_GCC_441\Debug\NEOMOTE_1_I2C_0.o"
Deleting file ".\ARM_GCC_441\Debug\NEOMOTE_1_I2C_0_BOOT.o"
Deleting file ".\ARM_GCC_441\Debug\NEOMOTE_1_I2C_0_INT.o"
Deleting file ".\ARM_GCC_441\Debug\NEOMOTE_1_I2C_0_PM.o"
Deleting file ".\ARM_GCC_441\Debug\NEOMOTE_1_I2C_0_SLAVE.o"
Deleting file ".\ARM_GCC_441\Debug\NEOMOTE_1_I2C_0_MASTER.o"
Deleting file ".\ARM_GCC_441\Debug\NEOMOTE_1_I2C_0_SDA.o"
Deleting file ".\ARM_GCC_441\Debug\NEOMOTE_1_I2C_0_SCL.o"
Deleting file ".\ARM_GCC_441\Debug\NEOMOTE_1_NEO_RTC_INT1.o"
Deleting file ".\ARM_GCC_441\Debug\NEOMOTE_1_isr_rtc_int1.o"
Deleting file ".\ARM_GCC_441\Debug\NEOMOTE_1_SD_Card_Power.o"
Deleting file ".\ARM_GCC_441\Debug\NEOMOTE_1_UART_MOTE_IntClock.o"
Deleting file ".\ARM_GCC_441\Debug\uart_ultrasonic.o"
Deleting file ".\ARM_GCC_441\Debug\uart_ultrasonic_PM.o"
Deleting file ".\ARM_GCC_441\Debug\uart_ultrasonic_INT.o"
Deleting file ".\ARM_GCC_441\Debug\uart_ultrasonic_BOOT.o"
Deleting file ".\ARM_GCC_441\Debug\uart_ultrasonic_IntClock.o"
Deleting file ".\ARM_GCC_441\Debug\uart_solinst.o"
Deleting file ".\ARM_GCC_441\Debug\uart_solinst_PM.o"
Deleting file ".\ARM_GCC_441\Debug\uart_solinst_INT.o"
Deleting file ".\ARM_GCC_441\Debug\uart_solinst_BOOT.o"
Deleting file ".\ARM_GCC_441\Debug\isr_solinst_byte_rx.o"
Deleting file ".\ARM_GCC_441\Debug\uart_solinst_tx.o"
Deleting file ".\ARM_GCC_441\Debug\solinst_power_pin.o"
Deleting file ".\ARM_GCC_441\Debug\uart_solinst_IntClock.o"
Deleting file ".\ARM_GCC_441\Debug\isr_SleepTimer.o"
Deleting file ".\ARM_GCC_441\Debug\NEOMOTE_1_RX_Pin.o"
Deleting file ".\ARM_GCC_441\Debug\NEOMOTE_1_TX_Pin.o"
Deleting file ".\ARM_GCC_441\Debug\NEOMOTE_1_TimeN.o"
Deleting file ".\ARM_GCC_441\Debug\NEOMOTE_1_RTC_Crystal.o"
Deleting file ".\ARM_GCC_441\Debug\NEOMOTE_1_RTC_Int2.o"
Deleting file ".\ARM_GCC_441\Debug\NEOMOTE_1_pwr.o"
Deleting file ".\ARM_GCC_441\Debug\NEOMOTE_1_pwr_1.o"
Deleting file ".\ARM_GCC_441\Debug\ControlReg_Modem.o"
Deleting file ".\ARM_GCC_441\Debug\ControlReg_Solinst.o"
Deleting file ".\ARM_GCC_441\Debug\Vbat.o"
Deleting file ".\ARM_GCC_441\Debug\ADC_SAR_1.o"
Deleting file ".\ARM_GCC_441\Debug\ADC_SAR_1_INT.o"
Deleting file ".\ARM_GCC_441\Debug\ADC_SAR_1_PM.o"
Deleting file ".\ARM_GCC_441\Debug\VBAT_EN.o"
Deleting file ".\ARM_GCC_441\Debug\ADC_SAR_1_IRQ.o"
Deleting file ".\ARM_GCC_441\Debug\ADC_SAR_1_theACLK.o"
Deleting file ".\ARM_GCC_441\Debug\ADC_SAR_1_Bypass.o"
Deleting file ".\ARM_GCC_441\Debug\PumpCycle.o"
Deleting file ".\ARM_GCC_441\Debug\PumpCycle_PM.o"
Deleting file ".\ARM_GCC_441\Debug\PWM_1.o"
Deleting file ".\ARM_GCC_441\Debug\PWM_1_PM.o"
Deleting file ".\ARM_GCC_441\Debug\Clock_1.o"
Deleting file ".\ARM_GCC_441\Debug\pump_active.o"
Deleting file ".\ARM_GCC_441\Debug\SlowClock.o"
Deleting file ".\ARM_GCC_441\Debug\cyfitter_cfg.o"
Deleting file ".\ARM_GCC_441\Debug\PSoC_Datalogger_SMS.hex"
Deleting file ".\ARM_GCC_441\Debug\PSoC_Datalogger_SMS.elf"
Deleting file ".\ARM_GCC_441\Debug\PSoC_Datalogger_SMS.map"
Deleting file ".\PSoC_Datalogger_SMS.cycdx"
Deleting file ".\PSoC_Datalogger_SMS.svd"
Deleting file ".\PSoC_Datalogger_SMS.rpt"
Deleting file ".\PSoC_Datalogger_SMS_timing.html"
Deleting file ".\ARM_GCC_441\Debug\.deps\C_FILE.P"
Deleting file ".\ARM_GCC_441\Debug\.deps\ARM_C_FILE.P"
Deleting file ".\ARM_GCC_441\Debug\.deps\GNU_ARM_ASM_FILE.P"
cydsfit.exe "-.appdatapath" "C:\Users\karunmj\AppData\Local\Cypress Semiconductor\PSoC Creator\2.2" "-.fdsnotice" "-.fdswarpdepfile=warp_dependencies.txt" "-.fdselabdepfile=elab_dependencies.txt" "-.fdsbldfile=generated_files.txt" "-p" "C:\Users\karunmj\Documents\GitHub\m2m\hardware\psoc5\PSoC_Datalogger_SMS.cydsn\PSoC_Datalogger_SMS.cyprj" "-d" "CY8C5568AXI-060" "-s" "C:\Users\karunmj\Documents\GitHub\m2m\hardware\psoc5\PSoC_Datalogger_SMS.cydsn\Generated_Source\PSoC5" "--" "-yv2" "-v3" "-ygs" "-q10" "-o2" "-.fftcfgtype=LE"
Elaborating Design...
ADD: prj.M0246: information: PSoC 5LP provides many improvements over PSoC 5. Learn more about migrating to PSoC 5LP at www.cypress.com/go/PSoC5LP
 * PSoC_Datalogger_SMS ()
ADD: pft.M0028: warning: Clock Warning: (uart_IntClock's accuracy range '923.077 kHz ñ 5.000%, (876.923 kHz - 969.231 kHz)' is not within the specified tolerance range '921.600 kHz ñ 2.000%, (903.168 kHz - 940.032 kHz)'.).
 * C:\Program Files (x86)\Cypress\PSoC Creator\2.2\PSoC Creator\psoc\content\cycomponentlibrary\CyComponentLibrary.cylib\UART_v2_30\UART_v2_30.cysch (Instance: IntClock)
 * C:\Users\karunmj\Documents\GitHub\m2m\hardware\psoc5\PSoC_Datalogger_SMS.cydsn\PSoC_Datalogger_SMS.cydwr (uart_IntClock)
ADD: pft.M0028: warning: Clock Warning: (uart_ultrasonic_IntClock's accuracy range '76.677 kHz ñ 5.000%, (72.843 kHz - 80.511 kHz)' is not within the specified tolerance range '76.800 kHz ñ 2.000%, (75.264 kHz - 78.336 kHz)'.).
 * C:\Program Files (x86)\Cypress\PSoC Creator\2.2\PSoC Creator\psoc\content\cycomponentlibrary\CyComponentLibrary.cylib\UART_v2_30\UART_v2_30.cysch (Instance: IntClock)
 * C:\Users\karunmj\Documents\GitHub\m2m\hardware\psoc5\PSoC_Datalogger_SMS.cydsn\PSoC_Datalogger_SMS.cydwr (uart_ultrasonic_IntClock)
ADD: pft.M0028: warning: Clock Warning: (NEOMOTE_1_UART_MOTE_IntClock's accuracy range '923.077 kHz ñ 5.000%, (876.923 kHz - 969.231 kHz)' is not within the specified tolerance range '921.600 kHz ñ 2.000%, (903.168 kHz - 940.032 kHz)'.).
 * C:\Program Files (x86)\Cypress\PSoC Creator\2.2\PSoC Creator\psoc\content\cycomponentlibrary\CyComponentLibrary.cylib\UART_v2_30\UART_v2_30.cysch (Instance: IntClock)
 * C:\Users\karunmj\Documents\GitHub\m2m\hardware\psoc5\PSoC_Datalogger_SMS.cydsn\PSoC_Datalogger_SMS.cydwr (NEOMOTE_1_UART_MOTE_IntClock)
ADD: pft.M0028: warning: Clock Warning: (uart_solinst_IntClock's accuracy range '76.677 kHz ñ 5.000%, (72.843 kHz - 80.511 kHz)' is not within the specified tolerance range '76.800 kHz ñ 2.000%, (75.264 kHz - 78.336 kHz)'.).
 * C:\Program Files (x86)\Cypress\PSoC Creator\2.2\PSoC Creator\psoc\content\cycomponentlibrary\CyComponentLibrary.cylib\UART_v2_30\UART_v2_30.cysch (Instance: IntClock)
 * C:\Users\karunmj\Documents\GitHub\m2m\hardware\psoc5\PSoC_Datalogger_SMS.cydsn\PSoC_Datalogger_SMS.cydwr (uart_solinst_IntClock)
HDL Generation ...
Synthesis ...
Place and Route ...
Tech mapping ...
Warning: mpr.M0054: The drive mode for IO "\NEOMOTE_1:I2C_0_SCL(0)\" is not set to open drain low, which is necessary for the I2C hardware block. (App=cydsfit)
Warning: mpr.M0054: The drive mode for IO "\NEOMOTE_1:I2C_0_SDA(0)\" is not set to open drain low, which is necessary for the I2C hardware block. (App=cydsfit)
ADD: pft.M0040: information: The following 3 pin(s) will be assigned a location by the fitter: \ADC_SAR_1:Bypass(0)\, \NEOMOTE_1:RX_RTS_n(0)\, \NEOMOTE_1:TX_Pin(0)\
Info: mpr.M0037: Unused pieces of the design have been optimized out. See the Tech mapping section of the report file for details. (App=cydsfit)
Analog Placement ...
Log: apr.M0058: The analog placement iterative improvement is 35% done. (App=cydsfit)
Log: apr.M0058: The analog placement iterative improvement is 90% done. (App=cydsfit)
Analog Routing ...
Log: apr.M0017: ============ VeraRouter Improve 1 OverUse=1 ============ (App=cydsfit)
Analog Code Generation ...
Digital Placement ...
Digital Routing ...
Bitstream Generation ...
Static timing analysis ...
API Generation ...
Dependency Generation ...
Clean Temporary Files ...
arm-none-eabi-gcc.exe -I. -Wno-main -I./Generated_Source/PSoC5 -mcpu=cortex-m3 -mthumb -I ..\neolib -I ..\emFile_V322b\Code\Include\PSoC5 -I ..\emFile_V322b\Code\Include\PSoC5\emf32nOS -Wall -g -D DEBUG -Wa,-alh=.\ARM_GCC_441\Debug\modem.lst -ffunction-sections -c .\modem.c -o .\ARM_GCC_441\Debug\modem.o
.\modem.c: In function 'at_write_command':
.\modem.c:47: warning: pointer targets in passing argument 1 of 'uart_PutString' differ in signedness
./Generated_Source/PSoC5/uart.h:160: note: expected 'const char8 *' but argument is of type 'uint8 *'
.\modem.c:49: warning: comparison of distinct pointer types lacks a cast
.\modem.c:49: warning: comparison with string literal results in unspecified behavior
.\modem.c:51: warning: pointer targets in passing argument 1 of 'strstr' differ in signedness
c:\program files (x86)\cypress\psoc creator\2.2\psoc creator\import\gnu_cs\arm\4.4.1\bin\../lib/gcc/arm-none-eabi/4.4.1/../../../../arm-none-eabi/include/string.h:41: note: expected 'const char *' but argument is of type 'uint8 *'
.\modem.c:51: warning: pointer targets in passing argument 2 of 'strstr' differ in signedness
c:\program files (x86)\cypress\psoc creator\2.2\psoc creator\import\gnu_cs\arm\4.4.1\bin\../lib/gcc/arm-none-eabi/4.4.1/../../../../arm-none-eabi/include/string.h:41: note: expected 'const char *' but argument is of type 'uint8 *'
.\modem.c:51: warning: initialization makes integer from pointer without a cast
.\modem.c:52: warning: comparison between pointer and integer
.\modem.c: In function 'modem_connect':
.\modem.c:112: warning: pointer targets in passing argument 1 of 'at_write_command' differ in signedness
.\modem.c:40: note: expected 'uint8 *' but argument is of type 'char *'
.\modem.c:112: warning: pointer targets in passing argument 2 of 'at_write_command' differ in signedness
.\modem.c:40: note: expected 'uint8 *' but argument is of type 'char *'
.\modem.c:113: warning: pointer targets in passing argument 1 of 'at_write_command' differ in signedness
.\modem.c:40: note: expected 'uint8 *' but argument is of type 'char *'
.\modem.c:113: warning: pointer targets in passing argument 2 of 'at_write_command' differ in signedness
.\modem.c:40: note: expected 'uint8 *' but argument is of type 'char *'
.\modem.c:114: warning: pointer targets in passing argument 1 of 'at_write_command' differ in signedness
.\modem.c:40: note: expected 'uint8 *' but argument is of type 'char *'
.\modem.c:114: warning: pointer targets in passing argument 2 of 'at_write_command' differ in signedness
.\modem.c:40: note: expected 'uint8 *' but argument is of type 'char *'
.\modem.c: In function 'modem_disconnect':
.\modem.c:151: warning: pointer targets in passing argument 1 of 'at_write_command' differ in signedness
.\modem.c:40: note: expected 'uint8 *' but argument is of type 'char *'
.\modem.c:151: warning: pointer targets in passing argument 2 of 'at_write_command' differ in signedness
.\modem.c:40: note: expected 'uint8 *' but argument is of type 'char *'
.\modem.c:152: warning: pointer targets in passing argument 1 of 'at_write_command' differ in signedness
.\modem.c:40: note: expected 'uint8 *' but argument is of type 'char *'
.\modem.c:152: warning: pointer targets in passing argument 2 of 'at_write_command' differ in signedness
.\modem.c:40: note: expected 'uint8 *' but argument is of type 'char *'
.\modem.c: In function 'modem_send_packet':
.\modem.c:181: warning: pointer targets in passing argument 1 of 'at_write_command' differ in signedness
.\modem.c:40: note: expected 'uint8 *' but argument is of type 'char *'
.\modem.c:181: warning: pointer targets in passing argument 2 of 'at_write_command' differ in signedness
.\modem.c:40: note: expected 'uint8 *' but argument is of type 'char *'
.\modem.c:182: warning: pointer targets in passing argument 1 of 'at_write_command' differ in signedness
.\modem.c:40: note: expected 'uint8 *' but argument is of type 'char *'
.\modem.c:182: warning: pointer targets in passing argument 2 of 'at_write_command' differ in signedness
.\modem.c:40: note: expected 'uint8 *' but argument is of type 'char *'
.\modem.c:185: warning: pointer targets in passing argument 1 of 'sprintf' differ in signedness
c:\program files (x86)\cypress\psoc creator\2.2\psoc creator\import\gnu_cs\arm\4.4.1\bin\../lib/gcc/arm-none-eabi/4.4.1/../../../../arm-none-eabi/include/stdio.h:264: note: expected 'char *' but argument is of type 'uint8 *'
.\modem.c:186: warning: pointer targets in passing argument 2 of 'at_write_command' differ in signedness
.\modem.c:40: note: expected 'uint8 *' but argument is of type 'char *'
.\modem.c:198: warning: unused variable 'disconnected'
.\modem.c: In function 'modem_receive_packet':
.\modem.c:229: warning: pointer targets in passing argument 1 of 'at_write_command' differ in signedness
.\modem.c:40: note: expected 'uint8 *' but argument is of type 'char *'
.\modem.c:229: warning: pointer targets in passing argument 2 of 'at_write_command' differ in signedness
.\modem.c:40: note: expected 'uint8 *' but argument is of type 'char *'
.\modem.c:230: warning: pointer targets in passing argument 1 of 'at_write_command' differ in signedness
.\modem.c:40: note: expected 'uint8 *' but argument is of type 'char *'
.\modem.c:230: warning: pointer targets in passing argument 2 of 'at_write_command' differ in signedness
.\modem.c:40: note: expected 'uint8 *' but argument is of type 'char *'
.\modem.c:238: warning: pointer targets in passing argument 1 of 'at_write_command' differ in signedness
.\modem.c:40: note: expected 'uint8 *' but argument is of type 'char *'
.\modem.c:238: warning: pointer targets in passing argument 2 of 'at_write_command' differ in signedness
.\modem.c:40: note: expected 'uint8 *' but argument is of type 'char *'
.\modem.c:243: warning: pointer targets in passing argument 1 of 'sprintf' differ in signedness
c:\program files (x86)\cypress\psoc creator\2.2\psoc creator\import\gnu_cs\arm\4.4.1\bin\../lib/gcc/arm-none-eabi/4.4.1/../../../../arm-none-eabi/include/stdio.h:264: note: expected 'char *' but argument is of type 'uint8 *'
.\modem.c:256: warning: unused variable 'disconnected'
arm-none-eabi-gcc.exe -I. -Wno-main -I./Generated_Source/PSoC5 -mcpu=cortex-m3 -mthumb -I ..\neolib -I ..\emFile_V322b\Code\Include\PSoC5 -I ..\emFile_V322b\Code\Include\PSoC5\emf32nOS -Wall -g -D DEBUG -Wa,-alh=.\ARM_GCC_441\Debug\ultrasonic.lst -ffunction-sections -c .\ultrasonic.c -o .\ARM_GCC_441\Debug\ultrasonic.o
.\ultrasonic.c: In function 'ultrasonic_get_reading':
.\ultrasonic.c:70: warning: pointer targets in passing argument 1 of 'strlen' differ in signedness
c:\program files (x86)\cypress\psoc creator\2.2\psoc creator\import\gnu_cs\arm\4.4.1\bin\../lib/gcc/arm-none-eabi/4.4.1/../../../../arm-none-eabi/include/string.h:34: note: expected 'const char *' but argument is of type 'uint8 *'
.\ultrasonic.c:86: warning: pointer targets in passing argument 1 of 'atof' differ in signedness
c:\program files (x86)\cypress\psoc creator\2.2\psoc creator\import\gnu_cs\arm\4.4.1\bin\../lib/gcc/arm-none-eabi/4.4.1/../../../../arm-none-eabi/include/stdlib.h:74: note: expected 'const char *' but argument is of type 'uint8 *'
arm-none-eabi-gcc.exe -I. -Wno-main -I./Generated_Source/PSoC5 -mcpu=cortex-m3 -mthumb -I ..\neolib -I ..\emFile_V322b\Code\Include\PSoC5 -I ..\emFile_V322b\Code\Include\PSoC5\emf32nOS -Wall -g -D DEBUG -Wa,-alh=.\ARM_GCC_441\Debug\slre.lst -ffunction-sections -c .\slre.c -o .\ARM_GCC_441\Debug\slre.o
arm-none-eabi-gcc.exe -I. -Wno-main -I./Generated_Source/PSoC5 -mcpu=cortex-m3 -mthumb -I ..\neolib -I ..\emFile_V322b\Code\Include\PSoC5 -I ..\emFile_V322b\Code\Include\PSoC5\emf32nOS -Wall -g -D DEBUG -Wa,-alh=.\ARM_GCC_441\Debug\sleep.lst -ffunction-sections -c .\sleep.c -o .\ARM_GCC_441\Debug\sleep.o
.\sleep.c: In function 'Components_Sleep':
.\sleep.c:25: warning: implicit declaration of function 'NeoRTC_Sleep'
.\sleep.c: In function 'Components_Wakeup':
.\sleep.c:34: warning: implicit declaration of function 'NeoRTC_Wakeup'
arm-none-eabi-gcc.exe -I. -Wno-main -I./Generated_Source/PSoC5 -mcpu=cortex-m3 -mthumb -I ..\neolib -I ..\emFile_V322b\Code\Include\PSoC5 -I ..\emFile_V322b\Code\Include\PSoC5\emf32nOS -Wall -g -D DEBUG -Wa,-alh=.\ARM_GCC_441\Debug\BatteryVoltage.lst -ffunction-sections -c .\BatteryVoltage.c -o .\ARM_GCC_441\Debug\BatteryVoltage.o
arm-none-eabi-gcc.exe -I. -Wno-main -I./Generated_Source/PSoC5 -mcpu=cortex-m3 -mthumb -I ..\neolib -I ..\emFile_V322b\Code\Include\PSoC5 -I ..\emFile_V322b\Code\Include\PSoC5\emf32nOS -Wall -g -D DEBUG -Wa,-alh=.\ARM_GCC_441\Debug\main.lst -ffunction-sections -c .\main.c -o .\ARM_GCC_441\Debug\main.o
In file included from .\main.c:10:
.\/ultrasonic.h:18: warning: "MAX_STRING_LENGTH" redefined
.\/modem.h:16: note: this is the location of the previous definition
In file included from .\main.c:11:
.\/solinst_depth.h:21: warning: "DEPTH_STRING_LENGTH" redefined
.\/ultrasonic.h:19: note: this is the location of the previous definition
.\main.c: In function 'main':
.\main.c:97: warning: implicit declaration of function 'debug_write'
.\main.c:111: warning: pointer targets in passing argument 1 of 'sprintf' differ in signedness
c:\program files (x86)\cypress\psoc creator\2.2\psoc creator\import\gnu_cs\arm\4.4.1\bin\../lib/gcc/arm-none-eabi/4.4.1/../../../../arm-none-eabi/include/stdio.h:264: note: expected 'char *' but argument is of type 'uint8 *'
.\main.c:113: warning: pointer targets in passing argument 1 of 'strlen' differ in signedness
c:\program files (x86)\cypress\psoc creator\2.2\psoc creator\import\gnu_cs\arm\4.4.1\bin\../lib/gcc/arm-none-eabi/4.4.1/../../../../arm-none-eabi/include/string.h:34: note: expected 'const char *' but argument is of type 'uint8 *'
.\main.c:133: warning: pointer targets in passing argument 1 of 'sprintf' differ in signedness
c:\program files (x86)\cypress\psoc creator\2.2\psoc creator\import\gnu_cs\arm\4.4.1\bin\../lib/gcc/arm-none-eabi/4.4.1/../../../../arm-none-eabi/include/stdio.h:264: note: expected 'char *' but argument is of type 'uint8 *'
.\main.c:140: warning: statement with no effect
.\main.c:166: warning: large integer implicitly truncated to unsigned type
.\main.c:177: warning: large integer implicitly truncated to unsigned type
arm-none-eabi-gcc.exe -I. -Wno-main -I./Generated_Source/PSoC5 -mcpu=cortex-m3 -mthumb -I ..\neolib -I ..\emFile_V322b\Code\Include\PSoC5 -I ..\emFile_V322b\Code\Include\PSoC5\emf32nOS -Wall -g -D DEBUG -Wa,-alh=.\ARM_GCC_441\Debug\solinst_depth.lst -ffunction-sections -c .\solinst_depth.c -o .\ARM_GCC_441\Debug\solinst_depth.o
.\solinst_depth.c: In function 'solinst_get_reading':
.\solinst_depth.c:105: warning: pointer targets in passing argument 1 of 'strlen' differ in signedness
c:\program files (x86)\cypress\psoc creator\2.2\psoc creator\import\gnu_cs\arm\4.4.1\bin\../lib/gcc/arm-none-eabi/4.4.1/../../../../arm-none-eabi/include/string.h:34: note: expected 'const char *' but argument is of type 'uint8 *'
.\solinst_depth.c:134: warning: pointer targets in passing argument 1 of 'atof' differ in signedness
c:\program files (x86)\cypress\psoc creator\2.2\psoc creator\import\gnu_cs\arm\4.4.1\bin\../lib/gcc/arm-none-eabi/4.4.1/../../../../arm-none-eabi/include/stdlib.h:74: note: expected 'const char *' but argument is of type 'uint8 *'
.\solinst_depth.c:135: warning: pointer targets in passing argument 1 of 'atof' differ in signedness
c:\program files (x86)\cypress\psoc creator\2.2\psoc creator\import\gnu_cs\arm\4.4.1\bin\../lib/gcc/arm-none-eabi/4.4.1/../../../../arm-none-eabi/include/stdlib.h:74: note: expected 'const char *' but argument is of type 'uint8 *'
arm-none-eabi-gcc.exe -I. -Wno-main -I./Generated_Source/PSoC5 -mcpu=cortex-m3 -mthumb -I ..\neolib -I ..\emFile_V322b\Code\Include\PSoC5 -I ..\emFile_V322b\Code\Include\PSoC5\emf32nOS -Wall -g -D DEBUG -Wa,-alh=.\ARM_GCC_441\Debug\debug.lst -ffunction-sections -c .\debug.c -o .\ARM_GCC_441\Debug\debug.o
.\debug.c: In function 'debug_write':
.\debug.c:42: warning: pointer targets in passing argument 1 of 'sprintf' differ in signedness
c:\program files (x86)\cypress\psoc creator\2.2\psoc creator\import\gnu_cs\arm\4.4.1\bin\../lib/gcc/arm-none-eabi/4.4.1/../../../../arm-none-eabi/include/stdio.h:264: note: expected 'char *' but argument is of type 'uint8 *'
.\debug.c:42: warning: format '%s' expects type 'char *', but argument 10 has type 'const void *'
.\debug.c:42: warning: format '%s' expects type 'char *', but argument 10 has type 'const void *'
.\debug.c:44: warning: pointer targets in passing argument 1 of 'strlen' differ in signedness
c:\program files (x86)\cypress\psoc creator\2.2\psoc creator\import\gnu_cs\arm\4.4.1\bin\../lib/gcc/arm-none-eabi/4.4.1/../../../../arm-none-eabi/include/string.h:34: note: expected 'const char *' but argument is of type 'uint8 *'
arm-none-eabi-gcc.exe -I. -Wno-main -I./Generated_Source/PSoC5 -mcpu=cortex-m3 -mthumb -I ..\neolib -I ..\emFile_V322b\Code\Include\PSoC5 -I ..\emFile_V322b\Code\Include\PSoC5\emf32nOS -Wall -g -D DEBUG -Wa,-alh=.\ARM_GCC_441\Debug\Cm3Start.lst -ffunction-sections -c .\Generated_Source\PSoC5\Cm3Start.c -o .\ARM_GCC_441\Debug\Cm3Start.o
arm-none-eabi-gcc.exe -I. -Wno-main -I./Generated_Source/PSoC5 -mcpu=cortex-m3 -mthumb -I ..\neolib -I ..\emFile_V322b\Code\Include\PSoC5 -I ..\emFile_V322b\Code\Include\PSoC5\emf32nOS -Wall -g -D DEBUG -Wa,-alh=.\ARM_GCC_441\Debug\core_cm3.lst -ffunction-sections -c .\Generated_Source\PSoC5\core_cm3.c -o .\ARM_GCC_441\Debug\core_cm3.o
arm-none-eabi-as.exe -I. -I./Generated_Source/PSoC5 -mcpu=cortex-m3 -mthumb -g -alh=.\ARM_GCC_441\Debug/CyBootAsmGnu.lst -o .\ARM_GCC_441\Debug\CyBootAsmGnu.o .\Generated_Source\PSoC5\CyBootAsmGnu.s
arm-none-eabi-gcc.exe -I. -Wno-main -I./Generated_Source/PSoC5 -mcpu=cortex-m3 -mthumb -I ..\neolib -I ..\emFile_V322b\Code\Include\PSoC5 -I ..\emFile_V322b\Code\Include\PSoC5\emf32nOS -Wall -g -D DEBUG -Wa,-alh=.\ARM_GCC_441\Debug\CyDmac.lst -ffunction-sections -c .\Generated_Source\PSoC5\CyDmac.c -o .\ARM_GCC_441\Debug\CyDmac.o
arm-none-eabi-gcc.exe -I. -Wno-main -I./Generated_Source/PSoC5 -mcpu=cortex-m3 -mthumb -I ..\neolib -I ..\emFile_V322b\Code\Include\PSoC5 -I ..\emFile_V322b\Code\Include\PSoC5\emf32nOS -Wall -g -D DEBUG -Wa,-alh=.\ARM_GCC_441\Debug\CyFlash.lst -ffunction-sections -c .\Generated_Source\PSoC5\CyFlash.c -o .\ARM_GCC_441\Debug\CyFlash.o
arm-none-eabi-gcc.exe -I. -Wno-main -I./Generated_Source/PSoC5 -mcpu=cortex-m3 -mthumb -I ..\neolib -I ..\emFile_V322b\Code\Include\PSoC5 -I ..\emFile_V322b\Code\Include\PSoC5\emf32nOS -Wall -g -D DEBUG -Wa,-alh=.\ARM_GCC_441\Debug\CyLib.lst -ffunction-sections -c .\Generated_Source\PSoC5\CyLib.c -o .\ARM_GCC_441\Debug\CyLib.o
arm-none-eabi-gcc.exe -I. -Wno-main -I./Generated_Source/PSoC5 -mcpu=cortex-m3 -mthumb -I ..\neolib -I ..\emFile_V322b\Code\Include\PSoC5 -I ..\emFile_V322b\Code\Include\PSoC5\emf32nOS -Wall -g -D DEBUG -Wa,-alh=.\ARM_GCC_441\Debug\cyPm.lst -ffunction-sections -c .\Generated_Source\PSoC5\cyPm.c -o .\ARM_GCC_441\Debug\cyPm.o
arm-none-eabi-gcc.exe -I. -Wno-main -I./Generated_Source/PSoC5 -mcpu=cortex-m3 -mthumb -I ..\neolib -I ..\emFile_V322b\Code\Include\PSoC5 -I ..\emFile_V322b\Code\Include\PSoC5\emf32nOS -Wall -g -D DEBUG -Wa,-alh=.\ARM_GCC_441\Debug\CySpc.lst -ffunction-sections -c .\Generated_Source\PSoC5\CySpc.c -o .\ARM_GCC_441\Debug\CySpc.o
arm-none-eabi-gcc.exe -I. -Wno-main -I./Generated_Source/PSoC5 -mcpu=cortex-m3 -mthumb -I ..\neolib -I ..\emFile_V322b\Code\Include\PSoC5 -I ..\emFile_V322b\Code\Include\PSoC5\emf32nOS -Wall -g -D DEBUG -Wa,-alh=.\ARM_GCC_441\Debug\cyutils.lst -ffunction-sections -c .\Generated_Source\PSoC5\cyutils.c -o .\ARM_GCC_441\Debug\cyutils.o
arm-none-eabi-gcc.exe -I. -Wno-main -I./Generated_Source/PSoC5 -mcpu=cortex-m3 -mthumb -I ..\neolib -I ..\emFile_V322b\Code\Include\PSoC5 -I ..\emFile_V322b\Code\Include\PSoC5\emf32nOS -Wall -g -D DEBUG -Wa,-alh=.\ARM_GCC_441\Debug\uart.lst -ffunction-sections -c .\Generated_Source\PSoC5\uart.c -o .\ARM_GCC_441\Debug\uart.o
arm-none-eabi-gcc.exe -I. -Wno-main -I./Generated_Source/PSoC5 -mcpu=cortex-m3 -mthumb -I ..\neolib -I ..\emFile_V322b\Code\Include\PSoC5 -I ..\emFile_V322b\Code\Include\PSoC5\emf32nOS -Wall -g -D DEBUG -Wa,-alh=.\ARM_GCC_441\Debug\uart_PM.lst -ffunction-sections -c .\Generated_Source\PSoC5\uart_PM.c -o .\ARM_GCC_441\Debug\uart_PM.o
arm-none-eabi-gcc.exe -I. -Wno-main -I./Generated_Source/PSoC5 -mcpu=cortex-m3 -mthumb -I ..\neolib -I ..\emFile_V322b\Code\Include\PSoC5 -I ..\emFile_V322b\Code\Include\PSoC5\emf32nOS -Wall -g -D DEBUG -Wa,-alh=.\ARM_GCC_441\Debug\uart_INT.lst -ffunction-sections -c .\Generated_Source\PSoC5\uart_INT.c -o .\ARM_GCC_441\Debug\uart_INT.o
arm-none-eabi-gcc.exe -I. -Wno-main -I./Generated_Source/PSoC5 -mcpu=cortex-m3 -mthumb -I ..\neolib -I ..\emFile_V322b\Code\Include\PSoC5 -I ..\emFile_V322b\Code\Include\PSoC5\emf32nOS -Wall -g -D DEBUG -Wa,-alh=.\ARM_GCC_441\Debug\uart_BOOT.lst -ffunction-sections -c .\Generated_Source\PSoC5\uart_BOOT.c -o .\ARM_GCC_441\Debug\uart_BOOT.o
arm-none-eabi-gcc.exe -I. -Wno-main -I./Generated_Source/PSoC5 -mcpu=cortex-m3 -mthumb -I ..\neolib -I ..\emFile_V322b\Code\Include\PSoC5 -I ..\emFile_V322b\Code\Include\PSoC5\emf32nOS -Wall -g -D DEBUG -Wa,-alh=.\ARM_GCC_441\Debug\uart_IntClock.lst -ffunction-sections -c .\Generated_Source\PSoC5\uart_IntClock.c -o .\ARM_GCC_441\Debug\uart_IntClock.o
arm-none-eabi-gcc.exe -I. -Wno-main -I./Generated_Source/PSoC5 -mcpu=cortex-m3 -mthumb -I ..\neolib -I ..\emFile_V322b\Code\Include\PSoC5 -I ..\emFile_V322b\Code\Include\PSoC5\emf32nOS -Wall -g -D DEBUG -Wa,-alh=.\ARM_GCC_441\Debug\isr_byte_rx.lst -ffunction-sections -c .\Generated_Source\PSoC5\isr_byte_rx.c -o .\ARM_GCC_441\Debug\isr_byte_rx.o
arm-none-eabi-gcc.exe -I. -Wno-main -I./Generated_Source/PSoC5 -mcpu=cortex-m3 -mthumb -I ..\neolib -I ..\emFile_V322b\Code\Include\PSoC5 -I ..\emFile_V322b\Code\Include\PSoC5\emf32nOS -Wall -g -D DEBUG -Wa,-alh=.\ARM_GCC_441\Debug\modem_reset_pin.lst -ffunction-sections -c .\Generated_Source\PSoC5\modem_reset_pin.c -o .\ARM_GCC_441\Debug\modem_reset_pin.o
arm-none-eabi-gcc.exe -I. -Wno-main -I./Generated_Source/PSoC5 -mcpu=cortex-m3 -mthumb -I ..\neolib -I ..\emFile_V322b\Code\Include\PSoC5 -I ..\emFile_V322b\Code\Include\PSoC5\emf32nOS -Wall -g -D DEBUG -Wa,-alh=.\ARM_GCC_441\Debug\modem_power_pin.lst -ffunction-sections -c .\Generated_Source\PSoC5\modem_power_pin.c -o .\ARM_GCC_441\Debug\modem_power_pin.o
arm-none-eabi-gcc.exe -I. -Wno-main -I./Generated_Source/PSoC5 -mcpu=cortex-m3 -mthumb -I ..\neolib -I ..\emFile_V322b\Code\Include\PSoC5 -I ..\emFile_V322b\Code\Include\PSoC5\emf32nOS -Wall -g -D DEBUG -Wa,-alh=.\ARM_GCC_441\Debug\modem_voltage_pin.lst -ffunction-sections -c .\Generated_Source\PSoC5\modem_voltage_pin.c -o .\ARM_GCC_441\Debug\modem_voltage_pin.o
arm-none-eabi-gcc.exe -I. -Wno-main -I./Generated_Source/PSoC5 -mcpu=cortex-m3 -mthumb -I ..\neolib -I ..\emFile_V322b\Code\Include\PSoC5 -I ..\emFile_V322b\Code\Include\PSoC5\emf32nOS -Wall -g -D DEBUG -Wa,-alh=.\ARM_GCC_441\Debug\ultrasonic_voltage_pin.lst -ffunction-sections -c .\Generated_Source\PSoC5\ultrasonic_voltage_pin.c -o .\ARM_GCC_441\Debug\ultrasonic_voltage_pin.o
arm-none-eabi-gcc.exe -I. -Wno-main -I./Generated_Source/PSoC5 -mcpu=cortex-m3 -mthumb -I ..\neolib -I ..\emFile_V322b\Code\Include\PSoC5 -I ..\emFile_V322b\Code\Include\PSoC5\emf32nOS -Wall -g -D DEBUG -Wa,-alh=.\ARM_GCC_441\Debug\isr_byte_ultrasonic_rx.lst -ffunction-sections -c .\Generated_Source\PSoC5\isr_byte_ultrasonic_rx.c -o .\ARM_GCC_441\Debug\isr_byte_ultrasonic_rx.o
arm-none-eabi-gcc.exe -I. -Wno-main -I./Generated_Source/PSoC5 -mcpu=cortex-m3 -mthumb -I ..\neolib -I ..\emFile_V322b\Code\Include\PSoC5 -I ..\emFile_V322b\Code\Include\PSoC5\emf32nOS -Wall -g -D DEBUG -Wa,-alh=.\ARM_GCC_441\Debug\SleepTimer.lst -ffunction-sections -c .\Generated_Source\PSoC5\SleepTimer.c -o .\ARM_GCC_441\Debug\SleepTimer.o
arm-none-eabi-gcc.exe -I. -Wno-main -I./Generated_Source/PSoC5 -mcpu=cortex-m3 -mthumb -I ..\neolib -I ..\emFile_V322b\Code\Include\PSoC5 -I ..\emFile_V322b\Code\Include\PSoC5\emf32nOS -Wall -g -D DEBUG -Wa,-alh=.\ARM_GCC_441\Debug\uart_tx.lst -ffunction-sections -c .\Generated_Source\PSoC5\uart_tx.c -o .\ARM_GCC_441\Debug\uart_tx.o
arm-none-eabi-gcc.exe -I. -Wno-main -I./Generated_Source/PSoC5 -mcpu=cortex-m3 -mthumb -I ..\neolib -I ..\emFile_V322b\Code\Include\PSoC5 -I ..\emFile_V322b\Code\Include\PSoC5\emf32nOS -Wall -g -D DEBUG -Wa,-alh=.\ARM_GCC_441\Debug\emFile_1_ConfigMMC_SPI.lst -ffunction-sections -c .\Generated_Source\PSoC5\emFile_1_ConfigMMC_SPI.c -o .\ARM_GCC_441\Debug\emFile_1_ConfigMMC_SPI.o
arm-none-eabi-gcc.exe -I. -Wno-main -I./Generated_Source/PSoC5 -mcpu=cortex-m3 -mthumb -I ..\neolib -I ..\emFile_V322b\Code\Include\PSoC5 -I ..\emFile_V322b\Code\Include\PSoC5\emf32nOS -Wall -g -D DEBUG -Wa,-alh=.\ARM_GCC_441\Debug\emFile_1_MMC_HW_SPI.lst -ffunction-sections -c .\Generated_Source\PSoC5\emFile_1_MMC_HW_SPI.c -o .\ARM_GCC_441\Debug\emFile_1_MMC_HW_SPI.o
arm-none-eabi-gcc.exe -I. -Wno-main -I./Generated_Source/PSoC5 -mcpu=cortex-m3 -mthumb -I ..\neolib -I ..\emFile_V322b\Code\Include\PSoC5 -I ..\emFile_V322b\Code\Include\PSoC5\emf32nOS -Wall -g -D DEBUG -Wa,-alh=.\ARM_GCC_441\Debug\emFile_1_PM.lst -ffunction-sections -c .\Generated_Source\PSoC5\emFile_1_PM.c -o .\ARM_GCC_441\Debug\emFile_1_PM.o
arm-none-eabi-gcc.exe -I. -Wno-main -I./Generated_Source/PSoC5 -mcpu=cortex-m3 -mthumb -I ..\neolib -I ..\emFile_V322b\Code\Include\PSoC5 -I ..\emFile_V322b\Code\Include\PSoC5\emf32nOS -Wall -g -D DEBUG -Wa,-alh=.\ARM_GCC_441\Debug\emFile_1_SPI0.lst -ffunction-sections -c .\Generated_Source\PSoC5\emFile_1_SPI0.c -o .\ARM_GCC_441\Debug\emFile_1_SPI0.o
arm-none-eabi-gcc.exe -I. -Wno-main -I./Generated_Source/PSoC5 -mcpu=cortex-m3 -mthumb -I ..\neolib -I ..\emFile_V322b\Code\Include\PSoC5 -I ..\emFile_V322b\Code\Include\PSoC5\emf32nOS -Wall -g -D DEBUG -Wa,-alh=.\ARM_GCC_441\Debug\emFile_1_SPI0_PM.lst -ffunction-sections -c .\Generated_Source\PSoC5\emFile_1_SPI0_PM.c -o .\ARM_GCC_441\Debug\emFile_1_SPI0_PM.o
arm-none-eabi-gcc.exe -I. -Wno-main -I./Generated_Source/PSoC5 -mcpu=cortex-m3 -mthumb -I ..\neolib -I ..\emFile_V322b\Code\Include\PSoC5 -I ..\emFile_V322b\Code\Include\PSoC5\emf32nOS -Wall -g -D DEBUG -Wa,-alh=.\ARM_GCC_441\Debug\emFile_1_SPI0_INT.lst -ffunction-sections -c .\Generated_Source\PSoC5\emFile_1_SPI0_INT.c -o .\ARM_GCC_441\Debug\emFile_1_SPI0_INT.o
arm-none-eabi-gcc.exe -I. -Wno-main -I./Generated_Source/PSoC5 -mcpu=cortex-m3 -mthumb -I ..\neolib -I ..\emFile_V322b\Code\Include\PSoC5 -I ..\emFile_V322b\Code\Include\PSoC5\emf32nOS -Wall -g -D DEBUG -Wa,-alh=.\ARM_GCC_441\Debug\emFile_1_mosi0.lst -ffunction-sections -c .\Generated_Source\PSoC5\emFile_1_mosi0.c -o .\ARM_GCC_441\Debug\emFile_1_mosi0.o
arm-none-eabi-gcc.exe -I. -Wno-main -I./Generated_Source/PSoC5 -mcpu=cortex-m3 -mthumb -I ..\neolib -I ..\emFile_V322b\Code\Include\PSoC5 -I ..\emFile_V322b\Code\Include\PSoC5\emf32nOS -Wall -g -D DEBUG -Wa,-alh=.\ARM_GCC_441\Debug\emFile_1_Clock_1.lst -ffunction-sections -c .\Generated_Source\PSoC5\emFile_1_Clock_1.c -o .\ARM_GCC_441\Debug\emFile_1_Clock_1.o
arm-none-eabi-gcc.exe -I. -Wno-main -I./Generated_Source/PSoC5 -mcpu=cortex-m3 -mthumb -I ..\neolib -I ..\emFile_V322b\Code\Include\PSoC5 -I ..\emFile_V322b\Code\Include\PSoC5\emf32nOS -Wall -g -D DEBUG -Wa,-alh=.\ARM_GCC_441\Debug\emFile_1_miso0.lst -ffunction-sections -c .\Generated_Source\PSoC5\emFile_1_miso0.c -o .\ARM_GCC_441\Debug\emFile_1_miso0.o
arm-none-eabi-gcc.exe -I. -Wno-main -I./Generated_Source/PSoC5 -mcpu=cortex-m3 -mthumb -I ..\neolib -I ..\emFile_V322b\Code\Include\PSoC5 -I ..\emFile_V322b\Code\Include\PSoC5\emf32nOS -Wall -g -D DEBUG -Wa,-alh=.\ARM_GCC_441\Debug\emFile_1_sclk0.lst -ffunction-sections -c .\Generated_Source\PSoC5\emFile_1_sclk0.c -o .\ARM_GCC_441\Debug\emFile_1_sclk0.o
arm-none-eabi-gcc.exe -I. -Wno-main -I./Generated_Source/PSoC5 -mcpu=cortex-m3 -mthumb -I ..\neolib -I ..\emFile_V322b\Code\Include\PSoC5 -I ..\emFile_V322b\Code\Include\PSoC5\emf32nOS -Wall -g -D DEBUG -Wa,-alh=.\ARM_GCC_441\Debug\emFile_1_SPI0_CS.lst -ffunction-sections -c .\Generated_Source\PSoC5\emFile_1_SPI0_CS.c -o .\ARM_GCC_441\Debug\emFile_1_SPI0_CS.o
arm-none-eabi-gcc.exe -I. -Wno-main -I./Generated_Source/PSoC5 -mcpu=cortex-m3 -mthumb -I ..\neolib -I ..\emFile_V322b\Code\Include\PSoC5 -I ..\emFile_V322b\Code\Include\PSoC5\emf32nOS -Wall -g -D DEBUG -Wa,-alh=.\ARM_GCC_441\Debug\NEOMOTE_1_UART_MOTE.lst -ffunction-sections -c .\Generated_Source\PSoC5\NEOMOTE_1_UART_MOTE.c -o .\ARM_GCC_441\Debug\NEOMOTE_1_UART_MOTE.o
arm-none-eabi-gcc.exe -I. -Wno-main -I./Generated_Source/PSoC5 -mcpu=cortex-m3 -mthumb -I ..\neolib -I ..\emFile_V322b\Code\Include\PSoC5 -I ..\emFile_V322b\Code\Include\PSoC5\emf32nOS -Wall -g -D DEBUG -Wa,-alh=.\ARM_GCC_441\Debug\NEOMOTE_1_UART_MOTE_PM.lst -ffunction-sections -c .\Generated_Source\PSoC5\NEOMOTE_1_UART_MOTE_PM.c -o .\ARM_GCC_441\Debug\NEOMOTE_1_UART_MOTE_PM.o
arm-none-eabi-gcc.exe -I. -Wno-main -I./Generated_Source/PSoC5 -mcpu=cortex-m3 -mthumb -I ..\neolib -I ..\emFile_V322b\Code\Include\PSoC5 -I ..\emFile_V322b\Code\Include\PSoC5\emf32nOS -Wall -g -D DEBUG -Wa,-alh=.\ARM_GCC_441\Debug\NEOMOTE_1_UART_MOTE_INT.lst -ffunction-sections -c .\Generated_Source\PSoC5\NEOMOTE_1_UART_MOTE_INT.c -o .\ARM_GCC_441\Debug\NEOMOTE_1_UART_MOTE_INT.o
arm-none-eabi-gcc.exe -I. -Wno-main -I./Generated_Source/PSoC5 -mcpu=cortex-m3 -mthumb -I ..\neolib -I ..\emFile_V322b\Code\Include\PSoC5 -I ..\emFile_V322b\Code\Include\PSoC5\emf32nOS -Wall -g -D DEBUG -Wa,-alh=.\ARM_GCC_441\Debug\NEOMOTE_1_UART_MOTE_BOOT.lst -ffunction-sections -c .\Generated_Source\PSoC5\NEOMOTE_1_UART_MOTE_BOOT.c -o .\ARM_GCC_441\Debug\NEOMOTE_1_UART_MOTE_BOOT.o
arm-none-eabi-gcc.exe -I. -Wno-main -I./Generated_Source/PSoC5 -mcpu=cortex-m3 -mthumb -I ..\neolib -I ..\emFile_V322b\Code\Include\PSoC5 -I ..\emFile_V322b\Code\Include\PSoC5\emf32nOS -Wall -g -D DEBUG -Wa,-alh=.\ARM_GCC_441\Debug\NEOMOTE_1_isr_RX.lst -ffunction-sections -c .\Generated_Source\PSoC5\NEOMOTE_1_isr_RX.c -o .\ARM_GCC_441\Debug\NEOMOTE_1_isr_RX.o
arm-none-eabi-gcc.exe -I. -Wno-main -I./Generated_Source/PSoC5 -mcpu=cortex-m3 -mthumb -I ..\neolib -I ..\emFile_V322b\Code\Include\PSoC5 -I ..\emFile_V322b\Code\Include\PSoC5\emf32nOS -Wall -g -D DEBUG -Wa,-alh=.\ARM_GCC_441\Debug\NEOMOTE_1_RX_RTS_n.lst -ffunction-sections -c .\Generated_Source\PSoC5\NEOMOTE_1_RX_RTS_n.c -o .\ARM_GCC_441\Debug\NEOMOTE_1_RX_RTS_n.o
arm-none-eabi-gcc.exe -I. -Wno-main -I./Generated_Source/PSoC5 -mcpu=cortex-m3 -mthumb -I ..\neolib -I ..\emFile_V322b\Code\Include\PSoC5 -I ..\emFile_V322b\Code\Include\PSoC5\emf32nOS -Wall -g -D DEBUG -Wa,-alh=.\ARM_GCC_441\Debug\NEOMOTE_1_RX_CTS_n.lst -ffunction-sections -c .\Generated_Source\PSoC5\NEOMOTE_1_RX_CTS_n.c -o .\ARM_GCC_441\Debug\NEOMOTE_1_RX_CTS_n.o
arm-none-eabi-gcc.exe -I. -Wno-main -I./Generated_Source/PSoC5 -mcpu=cortex-m3 -mthumb -I ..\neolib -I ..\emFile_V322b\Code\Include\PSoC5 -I ..\emFile_V322b\Code\Include\PSoC5\emf32nOS -Wall -g -D DEBUG -Wa,-alh=.\ARM_GCC_441\Debug\NEOMOTE_1_TX_RTS_n.lst -ffunction-sections -c .\Generated_Source\PSoC5\NEOMOTE_1_TX_RTS_n.c -o .\ARM_GCC_441\Debug\NEOMOTE_1_TX_RTS_n.o
arm-none-eabi-gcc.exe -I. -Wno-main -I./Generated_Source/PSoC5 -mcpu=cortex-m3 -mthumb -I ..\neolib -I ..\emFile_V322b\Code\Include\PSoC5 -I ..\emFile_V322b\Code\Include\PSoC5\emf32nOS -Wall -g -D DEBUG -Wa,-alh=.\ARM_GCC_441\Debug\NEOMOTE_1_TX_CTS_n.lst -ffunction-sections -c .\Generated_Source\PSoC5\NEOMOTE_1_TX_CTS_n.c -o .\ARM_GCC_441\Debug\NEOMOTE_1_TX_CTS_n.o
arm-none-eabi-gcc.exe -I. -Wno-main -I./Generated_Source/PSoC5 -mcpu=cortex-m3 -mthumb -I ..\neolib -I ..\emFile_V322b\Code\Include\PSoC5 -I ..\emFile_V322b\Code\Include\PSoC5\emf32nOS -Wall -g -D DEBUG -Wa,-alh=.\ARM_GCC_441\Debug\NEOMOTE_1_isr_RX_RTSn.lst -ffunction-sections -c .\Generated_Source\PSoC5\NEOMOTE_1_isr_RX_RTSn.c -o .\ARM_GCC_441\Debug\NEOMOTE_1_isr_RX_RTSn.o
arm-none-eabi-gcc.exe -I. -Wno-main -I./Generated_Source/PSoC5 -mcpu=cortex-m3 -mthumb -I ..\neolib -I ..\emFile_V322b\Code\Include\PSoC5 -I ..\emFile_V322b\Code\Include\PSoC5\emf32nOS -Wall -g -D DEBUG -Wa,-alh=.\ARM_GCC_441\Debug\NEOMOTE_1_External_VRef.lst -ffunction-sections -c .\Generated_Source\PSoC5\NEOMOTE_1_External_VRef.c -o .\ARM_GCC_441\Debug\NEOMOTE_1_External_VRef.o
arm-none-eabi-gcc.exe -I. -Wno-main -I./Generated_Source/PSoC5 -mcpu=cortex-m3 -mthumb -I ..\neolib -I ..\emFile_V322b\Code\Include\PSoC5 -I ..\emFile_V322b\Code\Include\PSoC5\emf32nOS -Wall -g -D DEBUG -Wa,-alh=.\ARM_GCC_441\Debug\NEOMOTE_1_I2C_0.lst -ffunction-sections -c .\Generated_Source\PSoC5\NEOMOTE_1_I2C_0.c -o .\ARM_GCC_441\Debug\NEOMOTE_1_I2C_0.o
arm-none-eabi-gcc.exe -I. -Wno-main -I./Generated_Source/PSoC5 -mcpu=cortex-m3 -mthumb -I ..\neolib -I ..\emFile_V322b\Code\Include\PSoC5 -I ..\emFile_V322b\Code\Include\PSoC5\emf32nOS -Wall -g -D DEBUG -Wa,-alh=.\ARM_GCC_441\Debug\NEOMOTE_1_I2C_0_BOOT.lst -ffunction-sections -c .\Generated_Source\PSoC5\NEOMOTE_1_I2C_0_BOOT.c -o .\ARM_GCC_441\Debug\NEOMOTE_1_I2C_0_BOOT.o
arm-none-eabi-gcc.exe -I. -Wno-main -I./Generated_Source/PSoC5 -mcpu=cortex-m3 -mthumb -I ..\neolib -I ..\emFile_V322b\Code\Include\PSoC5 -I ..\emFile_V322b\Code\Include\PSoC5\emf32nOS -Wall -g -D DEBUG -Wa,-alh=.\ARM_GCC_441\Debug\NEOMOTE_1_I2C_0_INT.lst -ffunction-sections -c .\Generated_Source\PSoC5\NEOMOTE_1_I2C_0_INT.c -o .\ARM_GCC_441\Debug\NEOMOTE_1_I2C_0_INT.o
arm-none-eabi-gcc.exe -I. -Wno-main -I./Generated_Source/PSoC5 -mcpu=cortex-m3 -mthumb -I ..\neolib -I ..\emFile_V322b\Code\Include\PSoC5 -I ..\emFile_V322b\Code\Include\PSoC5\emf32nOS -Wall -g -D DEBUG -Wa,-alh=.\ARM_GCC_441\Debug\NEOMOTE_1_I2C_0_PM.lst -ffunction-sections -c .\Generated_Source\PSoC5\NEOMOTE_1_I2C_0_PM.c -o .\ARM_GCC_441\Debug\NEOMOTE_1_I2C_0_PM.o
arm-none-eabi-gcc.exe -I. -Wno-main -I./Generated_Source/PSoC5 -mcpu=cortex-m3 -mthumb -I ..\neolib -I ..\emFile_V322b\Code\Include\PSoC5 -I ..\emFile_V322b\Code\Include\PSoC5\emf32nOS -Wall -g -D DEBUG -Wa,-alh=.\ARM_GCC_441\Debug\NEOMOTE_1_I2C_0_SLAVE.lst -ffunction-sections -c .\Generated_Source\PSoC5\NEOMOTE_1_I2C_0_SLAVE.c -o .\ARM_GCC_441\Debug\NEOMOTE_1_I2C_0_SLAVE.o
arm-none-eabi-gcc.exe -I. -Wno-main -I./Generated_Source/PSoC5 -mcpu=cortex-m3 -mthumb -I ..\neolib -I ..\emFile_V322b\Code\Include\PSoC5 -I ..\emFile_V322b\Code\Include\PSoC5\emf32nOS -Wall -g -D DEBUG -Wa,-alh=.\ARM_GCC_441\Debug\NEOMOTE_1_I2C_0_MASTER.lst -ffunction-sections -c .\Generated_Source\PSoC5\NEOMOTE_1_I2C_0_MASTER.c -o .\ARM_GCC_441\Debug\NEOMOTE_1_I2C_0_MASTER.o
arm-none-eabi-gcc.exe -I. -Wno-main -I./Generated_Source/PSoC5 -mcpu=cortex-m3 -mthumb -I ..\neolib -I ..\emFile_V322b\Code\Include\PSoC5 -I ..\emFile_V322b\Code\Include\PSoC5\emf32nOS -Wall -g -D DEBUG -Wa,-alh=.\ARM_GCC_441\Debug\NEOMOTE_1_I2C_0_SDA.lst -ffunction-sections -c .\Generated_Source\PSoC5\NEOMOTE_1_I2C_0_SDA.c -o .\ARM_GCC_441\Debug\NEOMOTE_1_I2C_0_SDA.o
arm-none-eabi-gcc.exe -I. -Wno-main -I./Generated_Source/PSoC5 -mcpu=cortex-m3 -mthumb -I ..\neolib -I ..\emFile_V322b\Code\Include\PSoC5 -I ..\emFile_V322b\Code\Include\PSoC5\emf32nOS -Wall -g -D DEBUG -Wa,-alh=.\ARM_GCC_441\Debug\NEOMOTE_1_I2C_0_SCL.lst -ffunction-sections -c .\Generated_Source\PSoC5\NEOMOTE_1_I2C_0_SCL.c -o .\ARM_GCC_441\Debug\NEOMOTE_1_I2C_0_SCL.o
arm-none-eabi-gcc.exe -I. -Wno-main -I./Generated_Source/PSoC5 -mcpu=cortex-m3 -mthumb -I ..\neolib -I ..\emFile_V322b\Code\Include\PSoC5 -I ..\emFile_V322b\Code\Include\PSoC5\emf32nOS -Wall -g -D DEBUG -Wa,-alh=.\ARM_GCC_441\Debug\NEOMOTE_1_NEO_RTC_INT1.lst -ffunction-sections -c .\Generated_Source\PSoC5\NEOMOTE_1_NEO_RTC_INT1.c -o .\ARM_GCC_441\Debug\NEOMOTE_1_NEO_RTC_INT1.o
arm-none-eabi-gcc.exe -I. -Wno-main -I./Generated_Source/PSoC5 -mcpu=cortex-m3 -mthumb -I ..\neolib -I ..\emFile_V322b\Code\Include\PSoC5 -I ..\emFile_V322b\Code\Include\PSoC5\emf32nOS -Wall -g -D DEBUG -Wa,-alh=.\ARM_GCC_441\Debug\NEOMOTE_1_isr_rtc_int1.lst -ffunction-sections -c .\Generated_Source\PSoC5\NEOMOTE_1_isr_rtc_int1.c -o .\ARM_GCC_441\Debug\NEOMOTE_1_isr_rtc_int1.o
arm-none-eabi-gcc.exe -I. -Wno-main -I./Generated_Source/PSoC5 -mcpu=cortex-m3 -mthumb -I ..\neolib -I ..\emFile_V322b\Code\Include\PSoC5 -I ..\emFile_V322b\Code\Include\PSoC5\emf32nOS -Wall -g -D DEBUG -Wa,-alh=.\ARM_GCC_441\Debug\NEOMOTE_1_SD_Card_Power.lst -ffunction-sections -c .\Generated_Source\PSoC5\NEOMOTE_1_SD_Card_Power.c -o .\ARM_GCC_441\Debug\NEOMOTE_1_SD_Card_Power.o
arm-none-eabi-gcc.exe -I. -Wno-main -I./Generated_Source/PSoC5 -mcpu=cortex-m3 -mthumb -I ..\neolib -I ..\emFile_V322b\Code\Include\PSoC5 -I ..\emFile_V322b\Code\Include\PSoC5\emf32nOS -Wall -g -D DEBUG -Wa,-alh=.\ARM_GCC_441\Debug\NEOMOTE_1_UART_MOTE_IntClock.lst -ffunction-sections -c .\Generated_Source\PSoC5\NEOMOTE_1_UART_MOTE_IntClock.c -o .\ARM_GCC_441\Debug\NEOMOTE_1_UART_MOTE_IntClock.o
arm-none-eabi-gcc.exe -I. -Wno-main -I./Generated_Source/PSoC5 -mcpu=cortex-m3 -mthumb -I ..\neolib -I ..\emFile_V322b\Code\Include\PSoC5 -I ..\emFile_V322b\Code\Include\PSoC5\emf32nOS -Wall -g -D DEBUG -Wa,-alh=.\ARM_GCC_441\Debug\uart_ultrasonic.lst -ffunction-sections -c .\Generated_Source\PSoC5\uart_ultrasonic.c -o .\ARM_GCC_441\Debug\uart_ultrasonic.o
arm-none-eabi-gcc.exe -I. -Wno-main -I./Generated_Source/PSoC5 -mcpu=cortex-m3 -mthumb -I ..\neolib -I ..\emFile_V322b\Code\Include\PSoC5 -I ..\emFile_V322b\Code\Include\PSoC5\emf32nOS -Wall -g -D DEBUG -Wa,-alh=.\ARM_GCC_441\Debug\uart_ultrasonic_PM.lst -ffunction-sections -c .\Generated_Source\PSoC5\uart_ultrasonic_PM.c -o .\ARM_GCC_441\Debug\uart_ultrasonic_PM.o
arm-none-eabi-gcc.exe -I. -Wno-main -I./Generated_Source/PSoC5 -mcpu=cortex-m3 -mthumb -I ..\neolib -I ..\emFile_V322b\Code\Include\PSoC5 -I ..\emFile_V322b\Code\Include\PSoC5\emf32nOS -Wall -g -D DEBUG -Wa,-alh=.\ARM_GCC_441\Debug\uart_ultrasonic_INT.lst -ffunction-sections -c .\Generated_Source\PSoC5\uart_ultrasonic_INT.c -o .\ARM_GCC_441\Debug\uart_ultrasonic_INT.o
arm-none-eabi-gcc.exe -I. -Wno-main -I./Generated_Source/PSoC5 -mcpu=cortex-m3 -mthumb -I ..\neolib -I ..\emFile_V322b\Code\Include\PSoC5 -I ..\emFile_V322b\Code\Include\PSoC5\emf32nOS -Wall -g -D DEBUG -Wa,-alh=.\ARM_GCC_441\Debug\uart_ultrasonic_BOOT.lst -ffunction-sections -c .\Generated_Source\PSoC5\uart_ultrasonic_BOOT.c -o .\ARM_GCC_441\Debug\uart_ultrasonic_BOOT.o
arm-none-eabi-gcc.exe -I. -Wno-main -I./Generated_Source/PSoC5 -mcpu=cortex-m3 -mthumb -I ..\neolib -I ..\emFile_V322b\Code\Include\PSoC5 -I ..\emFile_V322b\Code\Include\PSoC5\emf32nOS -Wall -g -D DEBUG -Wa,-alh=.\ARM_GCC_441\Debug\uart_ultrasonic_IntClock.lst -ffunction-sections -c .\Generated_Source\PSoC5\uart_ultrasonic_IntClock.c -o .\ARM_GCC_441\Debug\uart_ultrasonic_IntClock.o
arm-none-eabi-gcc.exe -I. -Wno-main -I./Generated_Source/PSoC5 -mcpu=cortex-m3 -mthumb -I ..\neolib -I ..\emFile_V322b\Code\Include\PSoC5 -I ..\emFile_V322b\Code\Include\PSoC5\emf32nOS -Wall -g -D DEBUG -Wa,-alh=.\ARM_GCC_441\Debug\uart_solinst.lst -ffunction-sections -c .\Generated_Source\PSoC5\uart_solinst.c -o .\ARM_GCC_441\Debug\uart_solinst.o
arm-none-eabi-gcc.exe -I. -Wno-main -I./Generated_Source/PSoC5 -mcpu=cortex-m3 -mthumb -I ..\neolib -I ..\emFile_V322b\Code\Include\PSoC5 -I ..\emFile_V322b\Code\Include\PSoC5\emf32nOS -Wall -g -D DEBUG -Wa,-alh=.\ARM_GCC_441\Debug\uart_solinst_PM.lst -ffunction-sections -c .\Generated_Source\PSoC5\uart_solinst_PM.c -o .\ARM_GCC_441\Debug\uart_solinst_PM.o
arm-none-eabi-gcc.exe -I. -Wno-main -I./Generated_Source/PSoC5 -mcpu=cortex-m3 -mthumb -I ..\neolib -I ..\emFile_V322b\Code\Include\PSoC5 -I ..\emFile_V322b\Code\Include\PSoC5\emf32nOS -Wall -g -D DEBUG -Wa,-alh=.\ARM_GCC_441\Debug\uart_solinst_INT.lst -ffunction-sections -c .\Generated_Source\PSoC5\uart_solinst_INT.c -o .\ARM_GCC_441\Debug\uart_solinst_INT.o
arm-none-eabi-gcc.exe -I. -Wno-main -I./Generated_Source/PSoC5 -mcpu=cortex-m3 -mthumb -I ..\neolib -I ..\emFile_V322b\Code\Include\PSoC5 -I ..\emFile_V322b\Code\Include\PSoC5\emf32nOS -Wall -g -D DEBUG -Wa,-alh=.\ARM_GCC_441\Debug\uart_solinst_BOOT.lst -ffunction-sections -c .\Generated_Source\PSoC5\uart_solinst_BOOT.c -o .\ARM_GCC_441\Debug\uart_solinst_BOOT.o
arm-none-eabi-gcc.exe -I. -Wno-main -I./Generated_Source/PSoC5 -mcpu=cortex-m3 -mthumb -I ..\neolib -I ..\emFile_V322b\Code\Include\PSoC5 -I ..\emFile_V322b\Code\Include\PSoC5\emf32nOS -Wall -g -D DEBUG -Wa,-alh=.\ARM_GCC_441\Debug\isr_solinst_byte_rx.lst -ffunction-sections -c .\Generated_Source\PSoC5\isr_solinst_byte_rx.c -o .\ARM_GCC_441\Debug\isr_solinst_byte_rx.o
arm-none-eabi-gcc.exe -I. -Wno-main -I./Generated_Source/PSoC5 -mcpu=cortex-m3 -mthumb -I ..\neolib -I ..\emFile_V322b\Code\Include\PSoC5 -I ..\emFile_V322b\Code\Include\PSoC5\emf32nOS -Wall -g -D DEBUG -Wa,-alh=.\ARM_GCC_441\Debug\uart_solinst_tx.lst -ffunction-sections -c .\Generated_Source\PSoC5\uart_solinst_tx.c -o .\ARM_GCC_441\Debug\uart_solinst_tx.o
arm-none-eabi-gcc.exe -I. -Wno-main -I./Generated_Source/PSoC5 -mcpu=cortex-m3 -mthumb -I ..\neolib -I ..\emFile_V322b\Code\Include\PSoC5 -I ..\emFile_V322b\Code\Include\PSoC5\emf32nOS -Wall -g -D DEBUG -Wa,-alh=.\ARM_GCC_441\Debug\solinst_power_pin.lst -ffunction-sections -c .\Generated_Source\PSoC5\solinst_power_pin.c -o .\ARM_GCC_441\Debug\solinst_power_pin.o
arm-none-eabi-gcc.exe -I. -Wno-main -I./Generated_Source/PSoC5 -mcpu=cortex-m3 -mthumb -I ..\neolib -I ..\emFile_V322b\Code\Include\PSoC5 -I ..\emFile_V322b\Code\Include\PSoC5\emf32nOS -Wall -g -D DEBUG -Wa,-alh=.\ARM_GCC_441\Debug\uart_solinst_IntClock.lst -ffunction-sections -c .\Generated_Source\PSoC5\uart_solinst_IntClock.c -o .\ARM_GCC_441\Debug\uart_solinst_IntClock.o
arm-none-eabi-gcc.exe -I. -Wno-main -I./Generated_Source/PSoC5 -mcpu=cortex-m3 -mthumb -I ..\neolib -I ..\emFile_V322b\Code\Include\PSoC5 -I ..\emFile_V322b\Code\Include\PSoC5\emf32nOS -Wall -g -D DEBUG -Wa,-alh=.\ARM_GCC_441\Debug\isr_SleepTimer.lst -ffunction-sections -c .\Generated_Source\PSoC5\isr_SleepTimer.c -o .\ARM_GCC_441\Debug\isr_SleepTimer.o
arm-none-eabi-gcc.exe -I. -Wno-main -I./Generated_Source/PSoC5 -mcpu=cortex-m3 -mthumb -I ..\neolib -I ..\emFile_V322b\Code\Include\PSoC5 -I ..\emFile_V322b\Code\Include\PSoC5\emf32nOS -Wall -g -D DEBUG -Wa,-alh=.\ARM_GCC_441\Debug\NEOMOTE_1_RX_Pin.lst -ffunction-sections -c .\Generated_Source\PSoC5\NEOMOTE_1_RX_Pin.c -o .\ARM_GCC_441\Debug\NEOMOTE_1_RX_Pin.o
arm-none-eabi-gcc.exe -I. -Wno-main -I./Generated_Source/PSoC5 -mcpu=cortex-m3 -mthumb -I ..\neolib -I ..\emFile_V322b\Code\Include\PSoC5 -I ..\emFile_V322b\Code\Include\PSoC5\emf32nOS -Wall -g -D DEBUG -Wa,-alh=.\ARM_GCC_441\Debug\NEOMOTE_1_TX_Pin.lst -ffunction-sections -c .\Generated_Source\PSoC5\NEOMOTE_1_TX_Pin.c -o .\ARM_GCC_441\Debug\NEOMOTE_1_TX_Pin.o
arm-none-eabi-gcc.exe -I. -Wno-main -I./Generated_Source/PSoC5 -mcpu=cortex-m3 -mthumb -I ..\neolib -I ..\emFile_V322b\Code\Include\PSoC5 -I ..\emFile_V322b\Code\Include\PSoC5\emf32nOS -Wall -g -D DEBUG -Wa,-alh=.\ARM_GCC_441\Debug\NEOMOTE_1_TimeN.lst -ffunction-sections -c .\Generated_Source\PSoC5\NEOMOTE_1_TimeN.c -o .\ARM_GCC_441\Debug\NEOMOTE_1_TimeN.o
arm-none-eabi-gcc.exe -I. -Wno-main -I./Generated_Source/PSoC5 -mcpu=cortex-m3 -mthumb -I ..\neolib -I ..\emFile_V322b\Code\Include\PSoC5 -I ..\emFile_V322b\Code\Include\PSoC5\emf32nOS -Wall -g -D DEBUG -Wa,-alh=.\ARM_GCC_441\Debug\NEOMOTE_1_RTC_Crystal.lst -ffunction-sections -c .\Generated_Source\PSoC5\NEOMOTE_1_RTC_Crystal.c -o .\ARM_GCC_441\Debug\NEOMOTE_1_RTC_Crystal.o
arm-none-eabi-gcc.exe -I. -Wno-main -I./Generated_Source/PSoC5 -mcpu=cortex-m3 -mthumb -I ..\neolib -I ..\emFile_V322b\Code\Include\PSoC5 -I ..\emFile_V322b\Code\Include\PSoC5\emf32nOS -Wall -g -D DEBUG -Wa,-alh=.\ARM_GCC_441\Debug\NEOMOTE_1_RTC_Int2.lst -ffunction-sections -c .\Generated_Source\PSoC5\NEOMOTE_1_RTC_Int2.c -o .\ARM_GCC_441\Debug\NEOMOTE_1_RTC_Int2.o
arm-none-eabi-gcc.exe -I. -Wno-main -I./Generated_Source/PSoC5 -mcpu=cortex-m3 -mthumb -I ..\neolib -I ..\emFile_V322b\Code\Include\PSoC5 -I ..\emFile_V322b\Code\Include\PSoC5\emf32nOS -Wall -g -D DEBUG -Wa,-alh=.\ARM_GCC_441\Debug\NEOMOTE_1_pwr.lst -ffunction-sections -c .\Generated_Source\PSoC5\NEOMOTE_1_pwr.c -o .\ARM_GCC_441\Debug\NEOMOTE_1_pwr.o
arm-none-eabi-gcc.exe -I. -Wno-main -I./Generated_Source/PSoC5 -mcpu=cortex-m3 -mthumb -I ..\neolib -I ..\emFile_V322b\Code\Include\PSoC5 -I ..\emFile_V322b\Code\Include\PSoC5\emf32nOS -Wall -g -D DEBUG -Wa,-alh=.\ARM_GCC_441\Debug\NEOMOTE_1_pwr_1.lst -ffunction-sections -c .\Generated_Source\PSoC5\NEOMOTE_1_pwr_1.c -o .\ARM_GCC_441\Debug\NEOMOTE_1_pwr_1.o
arm-none-eabi-gcc.exe -I. -Wno-main -I./Generated_Source/PSoC5 -mcpu=cortex-m3 -mthumb -I ..\neolib -I ..\emFile_V322b\Code\Include\PSoC5 -I ..\emFile_V322b\Code\Include\PSoC5\emf32nOS -Wall -g -D DEBUG -Wa,-alh=.\ARM_GCC_441\Debug\ControlReg_Modem.lst -ffunction-sections -c .\Generated_Source\PSoC5\ControlReg_Modem.c -o .\ARM_GCC_441\Debug\ControlReg_Modem.o
arm-none-eabi-gcc.exe -I. -Wno-main -I./Generated_Source/PSoC5 -mcpu=cortex-m3 -mthumb -I ..\neolib -I ..\emFile_V322b\Code\Include\PSoC5 -I ..\emFile_V322b\Code\Include\PSoC5\emf32nOS -Wall -g -D DEBUG -Wa,-alh=.\ARM_GCC_441\Debug\ControlReg_Solinst.lst -ffunction-sections -c .\Generated_Source\PSoC5\ControlReg_Solinst.c -o .\ARM_GCC_441\Debug\ControlReg_Solinst.o
arm-none-eabi-gcc.exe -I. -Wno-main -I./Generated_Source/PSoC5 -mcpu=cortex-m3 -mthumb -I ..\neolib -I ..\emFile_V322b\Code\Include\PSoC5 -I ..\emFile_V322b\Code\Include\PSoC5\emf32nOS -Wall -g -D DEBUG -Wa,-alh=.\ARM_GCC_441\Debug\Vbat.lst -ffunction-sections -c .\Generated_Source\PSoC5\Vbat.c -o .\ARM_GCC_441\Debug\Vbat.o
arm-none-eabi-gcc.exe -I. -Wno-main -I./Generated_Source/PSoC5 -mcpu=cortex-m3 -mthumb -I ..\neolib -I ..\emFile_V322b\Code\Include\PSoC5 -I ..\emFile_V322b\Code\Include\PSoC5\emf32nOS -Wall -g -D DEBUG -Wa,-alh=.\ARM_GCC_441\Debug\ADC_SAR_1.lst -ffunction-sections -c .\Generated_Source\PSoC5\ADC_SAR_1.c -o .\ARM_GCC_441\Debug\ADC_SAR_1.o
arm-none-eabi-gcc.exe -I. -Wno-main -I./Generated_Source/PSoC5 -mcpu=cortex-m3 -mthumb -I ..\neolib -I ..\emFile_V322b\Code\Include\PSoC5 -I ..\emFile_V322b\Code\Include\PSoC5\emf32nOS -Wall -g -D DEBUG -Wa,-alh=.\ARM_GCC_441\Debug\ADC_SAR_1_INT.lst -ffunction-sections -c .\Generated_Source\PSoC5\ADC_SAR_1_INT.c -o .\ARM_GCC_441\Debug\ADC_SAR_1_INT.o
arm-none-eabi-gcc.exe -I. -Wno-main -I./Generated_Source/PSoC5 -mcpu=cortex-m3 -mthumb -I ..\neolib -I ..\emFile_V322b\Code\Include\PSoC5 -I ..\emFile_V322b\Code\Include\PSoC5\emf32nOS -Wall -g -D DEBUG -Wa,-alh=.\ARM_GCC_441\Debug\ADC_SAR_1_PM.lst -ffunction-sections -c .\Generated_Source\PSoC5\ADC_SAR_1_PM.c -o .\ARM_GCC_441\Debug\ADC_SAR_1_PM.o
arm-none-eabi-gcc.exe -I. -Wno-main -I./Generated_Source/PSoC5 -mcpu=cortex-m3 -mthumb -I ..\neolib -I ..\emFile_V322b\Code\Include\PSoC5 -I ..\emFile_V322b\Code\Include\PSoC5\emf32nOS -Wall -g -D DEBUG -Wa,-alh=.\ARM_GCC_441\Debug\VBAT_EN.lst -ffunction-sections -c .\Generated_Source\PSoC5\VBAT_EN.c -o .\ARM_GCC_441\Debug\VBAT_EN.o
arm-none-eabi-gcc.exe -I. -Wno-main -I./Generated_Source/PSoC5 -mcpu=cortex-m3 -mthumb -I ..\neolib -I ..\emFile_V322b\Code\Include\PSoC5 -I ..\emFile_V322b\Code\Include\PSoC5\emf32nOS -Wall -g -D DEBUG -Wa,-alh=.\ARM_GCC_441\Debug\ADC_SAR_1_IRQ.lst -ffunction-sections -c .\Generated_Source\PSoC5\ADC_SAR_1_IRQ.c -o .\ARM_GCC_441\Debug\ADC_SAR_1_IRQ.o
arm-none-eabi-gcc.exe -I. -Wno-main -I./Generated_Source/PSoC5 -mcpu=cortex-m3 -mthumb -I ..\neolib -I ..\emFile_V322b\Code\Include\PSoC5 -I ..\emFile_V322b\Code\Include\PSoC5\emf32nOS -Wall -g -D DEBUG -Wa,-alh=.\ARM_GCC_441\Debug\ADC_SAR_1_theACLK.lst -ffunction-sections -c .\Generated_Source\PSoC5\ADC_SAR_1_theACLK.c -o .\ARM_GCC_441\Debug\ADC_SAR_1_theACLK.o
arm-none-eabi-gcc.exe -I. -Wno-main -I./Generated_Source/PSoC5 -mcpu=cortex-m3 -mthumb -I ..\neolib -I ..\emFile_V322b\Code\Include\PSoC5 -I ..\emFile_V322b\Code\Include\PSoC5\emf32nOS -Wall -g -D DEBUG -Wa,-alh=.\ARM_GCC_441\Debug\ADC_SAR_1_Bypass.lst -ffunction-sections -c .\Generated_Source\PSoC5\ADC_SAR_1_Bypass.c -o .\ARM_GCC_441\Debug\ADC_SAR_1_Bypass.o
arm-none-eabi-gcc.exe -I. -Wno-main -I./Generated_Source/PSoC5 -mcpu=cortex-m3 -mthumb -I ..\neolib -I ..\emFile_V322b\Code\Include\PSoC5 -I ..\emFile_V322b\Code\Include\PSoC5\emf32nOS -Wall -g -D DEBUG -Wa,-alh=.\ARM_GCC_441\Debug\PumpCycle.lst -ffunction-sections -c .\Generated_Source\PSoC5\PumpCycle.c -o .\ARM_GCC_441\Debug\PumpCycle.o
arm-none-eabi-gcc.exe -I. -Wno-main -I./Generated_Source/PSoC5 -mcpu=cortex-m3 -mthumb -I ..\neolib -I ..\emFile_V322b\Code\Include\PSoC5 -I ..\emFile_V322b\Code\Include\PSoC5\emf32nOS -Wall -g -D DEBUG -Wa,-alh=.\ARM_GCC_441\Debug\PumpCycle_PM.lst -ffunction-sections -c .\Generated_Source\PSoC5\PumpCycle_PM.c -o .\ARM_GCC_441\Debug\PumpCycle_PM.o
arm-none-eabi-gcc.exe -I. -Wno-main -I./Generated_Source/PSoC5 -mcpu=cortex-m3 -mthumb -I ..\neolib -I ..\emFile_V322b\Code\Include\PSoC5 -I ..\emFile_V322b\Code\Include\PSoC5\emf32nOS -Wall -g -D DEBUG -Wa,-alh=.\ARM_GCC_441\Debug\PWM_1.lst -ffunction-sections -c .\Generated_Source\PSoC5\PWM_1.c -o .\ARM_GCC_441\Debug\PWM_1.o
arm-none-eabi-gcc.exe -I. -Wno-main -I./Generated_Source/PSoC5 -mcpu=cortex-m3 -mthumb -I ..\neolib -I ..\emFile_V322b\Code\Include\PSoC5 -I ..\emFile_V322b\Code\Include\PSoC5\emf32nOS -Wall -g -D DEBUG -Wa,-alh=.\ARM_GCC_441\Debug\PWM_1_PM.lst -ffunction-sections -c .\Generated_Source\PSoC5\PWM_1_PM.c -o .\ARM_GCC_441\Debug\PWM_1_PM.o
arm-none-eabi-gcc.exe -I. -Wno-main -I./Generated_Source/PSoC5 -mcpu=cortex-m3 -mthumb -I ..\neolib -I ..\emFile_V322b\Code\Include\PSoC5 -I ..\emFile_V322b\Code\Include\PSoC5\emf32nOS -Wall -g -D DEBUG -Wa,-alh=.\ARM_GCC_441\Debug\Clock_1.lst -ffunction-sections -c .\Generated_Source\PSoC5\Clock_1.c -o .\ARM_GCC_441\Debug\Clock_1.o
arm-none-eabi-gcc.exe -I. -Wno-main -I./Generated_Source/PSoC5 -mcpu=cortex-m3 -mthumb -I ..\neolib -I ..\emFile_V322b\Code\Include\PSoC5 -I ..\emFile_V322b\Code\Include\PSoC5\emf32nOS -Wall -g -D DEBUG -Wa,-alh=.\ARM_GCC_441\Debug\pump_active.lst -ffunction-sections -c .\Generated_Source\PSoC5\pump_active.c -o .\ARM_GCC_441\Debug\pump_active.o
arm-none-eabi-gcc.exe -I. -Wno-main -I./Generated_Source/PSoC5 -mcpu=cortex-m3 -mthumb -I ..\neolib -I ..\emFile_V322b\Code\Include\PSoC5 -I ..\emFile_V322b\Code\Include\PSoC5\emf32nOS -Wall -g -D DEBUG -Wa,-alh=.\ARM_GCC_441\Debug\SlowClock.lst -ffunction-sections -c .\Generated_Source\PSoC5\SlowClock.c -o .\ARM_GCC_441\Debug\SlowClock.o
arm-none-eabi-gcc.exe -I. -Wno-main -I./Generated_Source/PSoC5 -mcpu=cortex-m3 -mthumb -I ..\neolib -I ..\emFile_V322b\Code\Include\PSoC5 -I ..\emFile_V322b\Code\Include\PSoC5\emf32nOS -Wall -g -D DEBUG -Wa,-alh=.\ARM_GCC_441\Debug\cyfitter_cfg.lst -ffunction-sections -c .\Generated_Source\PSoC5\cyfitter_cfg.c -o .\ARM_GCC_441\Debug\cyfitter_cfg.o
arm-none-eabi-ar.exe -rs .\ARM_GCC_441\Debug\PSoC_Datalogger_SMS.a .\ARM_GCC_441\Debug\core_cm3.o .\ARM_GCC_441\Debug\CyBootAsmGnu.o .\ARM_GCC_441\Debug\CyDmac.o .\ARM_GCC_441\Debug\CyFlash.o .\ARM_GCC_441\Debug\CyLib.o .\ARM_GCC_441\Debug\cyPm.o .\ARM_GCC_441\Debug\CySpc.o .\ARM_GCC_441\Debug\cyutils.o .\ARM_GCC_441\Debug\uart.o .\ARM_GCC_441\Debug\uart_PM.o .\ARM_GCC_441\Debug\uart_INT.o .\ARM_GCC_441\Debug\uart_BOOT.o .\ARM_GCC_441\Debug\uart_IntClock.o .\ARM_GCC_441\Debug\isr_byte_rx.o .\ARM_GCC_441\Debug\modem_reset_pin.o .\ARM_GCC_441\Debug\modem_power_pin.o .\ARM_GCC_441\Debug\modem_voltage_pin.o .\ARM_GCC_441\Debug\ultrasonic_voltage_pin.o .\ARM_GCC_441\Debug\isr_byte_ultrasonic_rx.o .\ARM_GCC_441\Debug\SleepTimer.o .\ARM_GCC_441\Debug\uart_tx.o .\ARM_GCC_441\Debug\emFile_1_ConfigMMC_SPI.o .\ARM_GCC_441\Debug\emFile_1_MMC_HW_SPI.o .\ARM_GCC_441\Debug\emFile_1_PM.o .\ARM_GCC_441\Debug\emFile_1_SPI0.o .\ARM_GCC_441\Debug\emFile_1_SPI0_PM.o .\ARM_GCC_441\Debug\emFile_1_SPI0_INT.o .\ARM_GCC_441\Debug\emFile_1_mosi0.o .\ARM_GCC_441\Debug\emFile_1_Clock_1.o .\ARM_GCC_441\Debug\emFile_1_miso0.o .\ARM_GCC_441\Debug\emFile_1_sclk0.o .\ARM_GCC_441\Debug\emFile_1_SPI0_CS.o .\ARM_GCC_441\Debug\NEOMOTE_1_UART_MOTE.o .\ARM_GCC_441\Debug\NEOMOTE_1_UART_MOTE_PM.o .\ARM_GCC_441\Debug\NEOMOTE_1_UART_MOTE_INT.o .\ARM_GCC_441\Debug\NEOMOTE_1_UART_MOTE_BOOT.o .\ARM_GCC_441\Debug\NEOMOTE_1_isr_RX.o .\ARM_GCC_441\Debug\NEOMOTE_1_RX_RTS_n.o .\ARM_GCC_441\Debug\NEOMOTE_1_RX_CTS_n.o .\ARM_GCC_441\Debug\NEOMOTE_1_TX_RTS_n.o .\ARM_GCC_441\Debug\NEOMOTE_1_TX_CTS_n.o .\ARM_GCC_441\Debug\NEOMOTE_1_isr_RX_RTSn.o .\ARM_GCC_441\Debug\NEOMOTE_1_External_VRef.o .\ARM_GCC_441\Debug\NEOMOTE_1_I2C_0.o .\ARM_GCC_441\Debug\NEOMOTE_1_I2C_0_BOOT.o .\ARM_GCC_441\Debug\NEOMOTE_1_I2C_0_INT.o .\ARM_GCC_441\Debug\NEOMOTE_1_I2C_0_PM.o .\ARM_GCC_441\Debug\NEOMOTE_1_I2C_0_SLAVE.o .\ARM_GCC_441\Debug\NEOMOTE_1_I2C_0_MASTER.o .\ARM_GCC_441\Debug\NEOMOTE_1_I2C_0_SDA.o .\ARM_GCC_441\Debug\NEOMOTE_1_I2C_0_SCL.o .\ARM_GCC_441\Debug\NEOMOTE_1_NEO_RTC_INT1.o .\ARM_GCC_441\Debug\NEOMOTE_1_isr_rtc_int1.o .\ARM_GCC_441\Debug\NEOMOTE_1_SD_Card_Power.o .\ARM_GCC_441\Debug\NEOMOTE_1_UART_MOTE_IntClock.o .\ARM_GCC_441\Debug\uart_ultrasonic.o .\ARM_GCC_441\Debug\uart_ultrasonic_PM.o .\ARM_GCC_441\Debug\uart_ultrasonic_INT.o .\ARM_GCC_441\Debug\uart_ultrasonic_BOOT.o .\ARM_GCC_441\Debug\uart_ultrasonic_IntClock.o .\ARM_GCC_441\Debug\uart_solinst.o .\ARM_GCC_441\Debug\uart_solinst_PM.o .\ARM_GCC_441\Debug\uart_solinst_INT.o .\ARM_GCC_441\Debug\uart_solinst_BOOT.o .\ARM_GCC_441\Debug\isr_solinst_byte_rx.o .\ARM_GCC_441\Debug\uart_solinst_tx.o .\ARM_GCC_441\Debug\solinst_power_pin.o .\ARM_GCC_441\Debug\uart_solinst_IntClock.o .\ARM_GCC_441\Debug\isr_SleepTimer.o .\ARM_GCC_441\Debug\NEOMOTE_1_RX_Pin.o .\ARM_GCC_441\Debug\NEOMOTE_1_TX_Pin.o .\ARM_GCC_441\Debug\NEOMOTE_1_TimeN.o .\ARM_GCC_441\Debug\NEOMOTE_1_RTC_Crystal.o .\ARM_GCC_441\Debug\NEOMOTE_1_RTC_Int2.o .\ARM_GCC_441\Debug\NEOMOTE_1_pwr.o .\ARM_GCC_441\Debug\NEOMOTE_1_pwr_1.o .\ARM_GCC_441\Debug\ControlReg_Modem.o .\ARM_GCC_441\Debug\ControlReg_Solinst.o .\ARM_GCC_441\Debug\Vbat.o .\ARM_GCC_441\Debug\ADC_SAR_1.o .\ARM_GCC_441\Debug\ADC_SAR_1_INT.o .\ARM_GCC_441\Debug\ADC_SAR_1_PM.o .\ARM_GCC_441\Debug\VBAT_EN.o .\ARM_GCC_441\Debug\ADC_SAR_1_IRQ.o .\ARM_GCC_441\Debug\ADC_SAR_1_theACLK.o .\ARM_GCC_441\Debug\ADC_SAR_1_Bypass.o .\ARM_GCC_441\Debug\PumpCycle.o .\ARM_GCC_441\Debug\PumpCycle_PM.o .\ARM_GCC_441\Debug\PWM_1.o .\ARM_GCC_441\Debug\PWM_1_PM.o .\ARM_GCC_441\Debug\Clock_1.o .\ARM_GCC_441\Debug\pump_active.o .\ARM_GCC_441\Debug\SlowClock.o .\ARM_GCC_441\Debug\cyfitter_cfg.o
arm-none-eabi-ar.exe: creating .\ARM_GCC_441\Debug\PSoC_Datalogger_SMS.a
arm-none-eabi-gcc.exe -mthumb -march=armv7-m -mfix-cortex-m3-ldrd -T .\Generated_Source\PSoC5\cm3gcc.ld -L ..\neolib -L ..\..\..\software\emFile_V322b\LinkLibrary\PSoC5\GCC -g -Wl,-Map,.\ARM_GCC_441\Debug\PSoC_Datalogger_SMS.map -Wl,--gc-sections -Wl,--start-group -o .\ARM_GCC_441\Debug\PSoC_Datalogger_SMS.elf .\ARM_GCC_441\Debug\modem.o .\ARM_GCC_441\Debug\ultrasonic.o .\ARM_GCC_441\Debug\slre.o .\ARM_GCC_441\Debug\sleep.o .\ARM_GCC_441\Debug\BatteryVoltage.o .\ARM_GCC_441\Debug\main.o .\ARM_GCC_441\Debug\solinst_depth.o .\ARM_GCC_441\Debug\debug.o .\ARM_GCC_441\Debug\Cm3Start.o .\ARM_GCC_441\Debug\PSoC_Datalogger_SMS.a "C:\Program Files (x86)\Cypress\PSoC Creator\2.2\PSoC Creator\psoc\content\cycomponentlibrary\CyComponentLibrary.cylib\CortexM3\ARM_GCC_441\Debug\CyComponentLibrary.a" -l neomote -l emf32nosnlfn -Wl,--end-group
c:/program files (x86)/cypress/psoc creator/2.2/psoc creator/import/gnu_cs/arm/4.4.1/bin/../lib/gcc/arm-none-eabi/4.4.1/../../../../arm-none-eabi/lib/thumb2\libcs3unhosted.a(unhosted-_close.o): warning: IO function '_close' used
c:/program files (x86)/cypress/psoc creator/2.2/psoc creator/import/gnu_cs/arm/4.4.1/bin/../lib/gcc/arm-none-eabi/4.4.1/../../../../arm-none-eabi/lib/thumb2\libcs3unhosted.a(unhosted-_fstat.o): warning: IO function '_fstat' used
c:/program files (x86)/cypress/psoc creator/2.2/psoc creator/import/gnu_cs/arm/4.4.1/bin/../lib/gcc/arm-none-eabi/4.4.1/../../../../arm-none-eabi/lib/thumb2\libcs3unhosted.a(unhosted-isatty.o): warning: IO function '_isatty' used
c:/program files (x86)/cypress/psoc creator/2.2/psoc creator/import/gnu_cs/arm/4.4.1/bin/../lib/gcc/arm-none-eabi/4.4.1/../../../../arm-none-eabi/lib/thumb2\libcs3unhosted.a(unhosted-_kill.o): warning: IO function '_kill' used
c:/program files (x86)/cypress/psoc creator/2.2/psoc creator/import/gnu_cs/arm/4.4.1/bin/../lib/gcc/arm-none-eabi/4.4.1/../../../../arm-none-eabi/lib/thumb2\libcs3unhosted.a(unhosted-_lseek.o): warning: IO function '_lseek' used
c:/program files (x86)/cypress/psoc creator/2.2/psoc creator/import/gnu_cs/arm/4.4.1/bin/../lib/gcc/arm-none-eabi/4.4.1/../../../../arm-none-eabi/lib/thumb2\libcs3unhosted.a(unhosted-_read.o): warning: IO function '_read' used
c:/program files (x86)/cypress/psoc creator/2.2/psoc creator/import/gnu_cs/arm/4.4.1/bin/../lib/gcc/arm-none-eabi/4.4.1/../../../../arm-none-eabi/lib/thumb2\libcs3unhosted.a(unhosted-_write.o): warning: IO function '_write' used
arm-none-eabi-objcopy.exe -O ihex .\ARM_GCC_441\Debug\PSoC_Datalogger_SMS.elf .\ARM_GCC_441\Debug\PSoC_Datalogger_SMS.ihx
cyhextool -o .\ARM_GCC_441\Debug\PSoC_Datalogger_SMS.hex -f .\ARM_GCC_441\Debug\PSoC_Datalogger_SMS.ihx -prot .\Generated_Source\PSoC5\protect.hex -id E13C069 -a EEPROM=90200000:800,PROGRAM=00000000:40000,CONFIG=80000000:8000,PROTECT=90400000:100 -meta 0101 -cunv 00000006 -wonv BC90ACAF -ecc .\Generated_Source\PSoC5\config.hex
Flash used: 83028 of 262144 bytes (31.7 %).
SRAM used: 9004 of 65536 bytes (13.7 %).
--------------- Rebuild Succeeded: 05/16/2014 20:42:35 ---------------
