ARM GAS  C:\Users\yazh\AppData\Local\Temp\cc7XLp0W.s 			page 1


   1              		.syntax unified
   2              		.cpu cortex-m3
   3              		.fpu softvfp
   4              		.eabi_attribute 20, 1
   5              		.eabi_attribute 21, 1
   6              		.eabi_attribute 23, 3
   7              		.eabi_attribute 24, 1
   8              		.eabi_attribute 25, 1
   9              		.eabi_attribute 26, 1
  10              		.eabi_attribute 30, 6
  11              		.eabi_attribute 18, 4
  12              		.thumb
  13              		.file	"utilities.c"
  14              		.section	.debug_abbrev,"",%progbits
  15              	.Ldebug_abbrev0:
  16              		.section	.debug_info,"",%progbits
  17              	.Ldebug_info0:
  18              		.section	.debug_line,"",%progbits
  19              	.Ldebug_line0:
  20              		.text
  21              	.Ltext0:
  22              		.cfi_sections	.debug_frame
  23              	.Letext0:
  24              		.section	.debug_abbrev
  25 0000 00       		.byte	0x0
  26              		.ident	"GCC: (Sourcery G++ Lite 2010q1-188) 4.4.1"
