ARM GAS  C:\Users\cps\AppData\Local\Temp\cc1OvBkv.s 			page 1


   1              		.syntax unified
   2              		.cpu cortex-m3
   3              		.fpu softvfp
   4              		.eabi_attribute 20, 1
   5              		.eabi_attribute 21, 1
   6              		.eabi_attribute 23, 3
   7              		.eabi_attribute 24, 1
   8              		.eabi_attribute 25, 1
   9              		.eabi_attribute 26, 1
  10              		.eabi_attribute 30, 1
  11              		.eabi_attribute 34, 1
  12              		.eabi_attribute 18, 4
  13              		.thumb
  14              		.file	"cymetadata.c"
  15              		.text
  16              	.Ltext0:
  17              		.cfi_sections	.debug_frame
  18              		.global	cy_metadata
  19              		.global	cy_meta_flashprotect
  20              		.global	cy_meta_wonvl
  21              		.global	cy_meta_custnvl
  22              		.global	cy_meta_configecc
  23              		.section	.cyconfigecc,"a",%progbits
  24              		.align	2
  25              		.type	cy_meta_configecc, %object
  26              		.size	cy_meta_configecc, 1372
  27              	cy_meta_configecc:
  28 0000 04       		.byte	4
  29 0001 52       		.byte	82
  30 0002 00       		.byte	0
  31 0003 40       		.byte	64
  32 0004 01       		.byte	1
  33 0005 64       		.byte	100
  34 0006 00       		.byte	0
  35 0007 40       		.byte	64
  36 0008 02       		.byte	2
  37 0009 65       		.byte	101
  38 000a 00       		.byte	0
  39 000b 40       		.byte	64
  40 000c 01       		.byte	1
  41 000d 05       		.byte	5
  42 000e 01       		.byte	1
  43 000f 40       		.byte	64
  44 0010 54       		.byte	84
  45 0011 08       		.byte	8
  46 0012 01       		.byte	1
  47 0013 40       		.byte	64
  48 0014 51       		.byte	81
  49 0015 09       		.byte	9
  50 0016 01       		.byte	1
  51 0017 40       		.byte	64
  52 0018 4C       		.byte	76
  53 0019 0A       		.byte	10
  54 001a 01       		.byte	1
  55 001b 40       		.byte	64
  56 001c 34       		.byte	52
  57 001d 0B       		.byte	11
ARM GAS  C:\Users\cps\AppData\Local\Temp\cc1OvBkv.s 			page 2


  58 001e 01       		.byte	1
  59 001f 40       		.byte	64
  60 0020 60       		.byte	96
  61 0021 18       		.byte	24
  62 0022 01       		.byte	1
  63 0023 40       		.byte	64
  64 0024 3F       		.byte	63
  65 0025 19       		.byte	25
  66 0026 01       		.byte	1
  67 0027 40       		.byte	64
  68 0028 52       		.byte	82
  69 0029 1A       		.byte	26
  70 002a 01       		.byte	1
  71 002b 40       		.byte	64
  72 002c 45       		.byte	69
  73 002d 1B       		.byte	27
  74 002e 01       		.byte	1
  75 002f 40       		.byte	64
  76 0030 02       		.byte	2
  77 0031 40       		.byte	64
  78 0032 01       		.byte	1
  79 0033 40       		.byte	64
  80 0034 01       		.byte	1
  81 0035 41       		.byte	65
  82 0036 01       		.byte	1
  83 0037 40       		.byte	64
  84 0038 03       		.byte	3
  85 0039 42       		.byte	66
  86 003a 01       		.byte	1
  87 003b 40       		.byte	64
  88 003c 04       		.byte	4
  89 003d 4C       		.byte	76
  90 003e 01       		.byte	1
  91 003f 40       		.byte	64
  92 0040 0A       		.byte	10
  93 0041 4D       		.byte	77
  94 0042 01       		.byte	1
  95 0043 40       		.byte	64
  96 0044 04       		.byte	4
  97 0045 50       		.byte	80
  98 0046 01       		.byte	1
  99 0047 40       		.byte	64
 100 0048 01       		.byte	1
 101 0049 51       		.byte	81
 102 004a 01       		.byte	1
 103 004b 40       		.byte	64
 104 004c 09       		.byte	9
 105 004d 04       		.byte	4
 106 004e 0C       		.byte	12
 107 004f 04       		.byte	4
 108 0050 29       		.byte	41
 109 0051 08       		.byte	8
 110 0052 2C       		.byte	44
 111 0053 08       		.byte	8
 112 0054 29       		.byte	41
 113 0055 04       		.byte	4
 114 0056 28       		.byte	40
ARM GAS  C:\Users\cps\AppData\Local\Temp\cc1OvBkv.s 			page 3


 115 0057 0F       		.byte	15
 116 0058 38       		.byte	56
 117 0059 08       		.byte	8
 118 005a E6       		.byte	-26
 119 005b 08       		.byte	8
 120 005c 01       		.byte	1
 121 005d 01       		.byte	1
 122 005e 02       		.byte	2
 123 005f 13       		.byte	19
 124 0060 09       		.byte	9
 125 0061 0C       		.byte	12
 126 0062 0A       		.byte	10
 127 0063 1B       		.byte	27
 128 0064 0B       		.byte	11
 129 0065 02       		.byte	2
 130 0066 0C       		.byte	12
 131 0067 01       		.byte	1
 132 0068 0D       		.byte	13
 133 0069 0E       		.byte	14
 134 006a 0E       		.byte	14
 135 006b 06       		.byte	6
 136 006c 11       		.byte	17
 137 006d 03       		.byte	3
 138 006e 13       		.byte	19
 139 006f 10       		.byte	16
 140 0070 14       		.byte	20
 141 0071 01       		.byte	1
 142 0072 15       		.byte	21
 143 0073 01       		.byte	1
 144 0074 16       		.byte	22
 145 0075 32       		.byte	50
 146 0076 19       		.byte	25
 147 0077 02       		.byte	2
 148 0078 1A       		.byte	26
 149 0079 13       		.byte	19
 150 007a 1B       		.byte	27
 151 007b 1C       		.byte	28
 152 007c 1C       		.byte	28
 153 007d 12       		.byte	18
 154 007e 1E       		.byte	30
 155 007f 01       		.byte	1
 156 0080 25       		.byte	37
 157 0081 0E       		.byte	14
 158 0082 29       		.byte	41
 159 0083 04       		.byte	4
 160 0084 2B       		.byte	43
 161 0085 0A       		.byte	10
 162 0086 2C       		.byte	44
 163 0087 01       		.byte	1
 164 0088 2D       		.byte	45
 165 0089 06       		.byte	6
 166 008a 2E       		.byte	46
 167 008b 04       		.byte	4
 168 008c 2F       		.byte	47
 169 008d 08       		.byte	8
 170 008e 30       		.byte	48
 171 008f 07       		.byte	7
ARM GAS  C:\Users\cps\AppData\Local\Temp\cc1OvBkv.s 			page 4


 172 0090 32       		.byte	50
 173 0091 10       		.byte	16
 174 0092 33       		.byte	51
 175 0093 1E       		.byte	30
 176 0094 34       		.byte	52
 177 0095 08       		.byte	8
 178 0096 36       		.byte	54
 179 0097 20       		.byte	32
 180 0098 37       		.byte	55
 181 0099 01       		.byte	1
 182 009a 39       		.byte	57
 183 009b 80       		.byte	-128
 184 009c 3A       		.byte	58
 185 009d 02       		.byte	2
 186 009e 3B       		.byte	59
 187 009f 08       		.byte	8
 188 00a0 3E       		.byte	62
 189 00a1 04       		.byte	4
 190 00a2 58       		.byte	88
 191 00a3 04       		.byte	4
 192 00a4 59       		.byte	89
 193 00a5 04       		.byte	4
 194 00a6 5F       		.byte	95
 195 00a7 01       		.byte	1
 196 00a8 86       		.byte	-122
 197 00a9 02       		.byte	2
 198 00aa 88       		.byte	-120
 199 00ab 01       		.byte	1
 200 00ac 8D       		.byte	-115
 201 00ad 40       		.byte	64
 202 00ae 8E       		.byte	-114
 203 00af 01       		.byte	1
 204 00b0 8F       		.byte	-113
 205 00b1 13       		.byte	19
 206 00b2 90       		.byte	-112
 207 00b3 01       		.byte	1
 208 00b4 91       		.byte	-111
 209 00b5 FF       		.byte	-1
 210 00b6 94       		.byte	-108
 211 00b7 01       		.byte	1
 212 00b8 95       		.byte	-107
 213 00b9 46       		.byte	70
 214 00ba 97       		.byte	-105
 215 00bb A9       		.byte	-87
 216 00bc 99       		.byte	-103
 217 00bd 33       		.byte	51
 218 00be 9B       		.byte	-101
 219 00bf 0C       		.byte	12
 220 00c0 9D       		.byte	-99
 221 00c1 80       		.byte	-128
 222 00c2 9F       		.byte	-97
 223 00c3 56       		.byte	86
 224 00c4 A0       		.byte	-96
 225 00c5 01       		.byte	1
 226 00c6 A3       		.byte	-93
 227 00c7 01       		.byte	1
 228 00c8 A8       		.byte	-88
ARM GAS  C:\Users\cps\AppData\Local\Temp\cc1OvBkv.s 			page 5


 229 00c9 01       		.byte	1
 230 00ca A9       		.byte	-87
 231 00cb 2A       		.byte	42
 232 00cc AB       		.byte	-85
 233 00cd 54       		.byte	84
 234 00ce AD       		.byte	-83
 235 00cf 0E       		.byte	14
 236 00d0 AF       		.byte	-81
 237 00d1 30       		.byte	48
 238 00d2 B0       		.byte	-80
 239 00d3 03       		.byte	3
 240 00d4 B3       		.byte	-77
 241 00d5 FF       		.byte	-1
 242 00d6 C0       		.byte	-64
 243 00d7 34       		.byte	52
 244 00d8 C4       		.byte	-60
 245 00d9 05       		.byte	5
 246 00da C5       		.byte	-59
 247 00db D0       		.byte	-48
 248 00dc C6       		.byte	-58
 249 00dd 0B       		.byte	11
 250 00de C8       		.byte	-56
 251 00df 06       		.byte	6
 252 00e0 C9       		.byte	-55
 253 00e1 FF       		.byte	-1
 254 00e2 CA       		.byte	-54
 255 00e3 7F       		.byte	127
 256 00e4 CB       		.byte	-53
 257 00e5 FF       		.byte	-1
 258 00e6 CC       		.byte	-52
 259 00e7 42       		.byte	66
 260 00e8 CD       		.byte	-51
 261 00e9 A0       		.byte	-96
 262 00ea CE       		.byte	-50
 263 00eb 70       		.byte	112
 264 00ec D0       		.byte	-48
 265 00ed 0C       		.byte	12
 266 00ee D2       		.byte	-46
 267 00ef F6       		.byte	-10
 268 00f0 D8       		.byte	-40
 269 00f1 04       		.byte	4
 270 00f2 D9       		.byte	-39
 271 00f3 04       		.byte	4
 272 00f4 DA       		.byte	-38
 273 00f5 04       		.byte	4
 274 00f6 DB       		.byte	-37
 275 00f7 04       		.byte	4
 276 00f8 DF       		.byte	-33
 277 00f9 01       		.byte	1
 278 00fa E1       		.byte	-31
 279 00fb 09       		.byte	9
 280 00fc E2       		.byte	-30
 281 00fd 40       		.byte	64
 282 00fe E3       		.byte	-29
 283 00ff 09       		.byte	9
 284 0100 E4       		.byte	-28
 285 0101 30       		.byte	48
ARM GAS  C:\Users\cps\AppData\Local\Temp\cc1OvBkv.s 			page 6


 286 0102 E5       		.byte	-27
 287 0103 09       		.byte	9
 288 0104 00       		.byte	0
 289 0105 08       		.byte	8
 290 0106 03       		.byte	3
 291 0107 0A       		.byte	10
 292 0108 04       		.byte	4
 293 0109 40       		.byte	64
 294 010a 05       		.byte	5
 295 010b 11       		.byte	17
 296 010c 08       		.byte	8
 297 010d 02       		.byte	2
 298 010e 09       		.byte	9
 299 010f 08       		.byte	8
 300 0110 0E       		.byte	14
 301 0111 26       		.byte	38
 302 0112 10       		.byte	16
 303 0113 80       		.byte	-128
 304 0114 12       		.byte	18
 305 0115 08       		.byte	8
 306 0116 14       		.byte	20
 307 0117 01       		.byte	1
 308 0118 1B       		.byte	27
 309 0119 03       		.byte	3
 310 011a 1C       		.byte	28
 311 011b 40       		.byte	64
 312 011c 1E       		.byte	30
 313 011d 06       		.byte	6
 314 011e 1F       		.byte	31
 315 011f 04       		.byte	4
 316 0120 22       		.byte	34
 317 0121 08       		.byte	8
 318 0122 23       		.byte	35
 319 0123 10       		.byte	16
 320 0124 25       		.byte	37
 321 0125 C0       		.byte	-64
 322 0126 26       		.byte	38
 323 0127 04       		.byte	4
 324 0128 27       		.byte	39
 325 0129 20       		.byte	32
 326 012a 29       		.byte	41
 327 012b 02       		.byte	2
 328 012c 2B       		.byte	43
 329 012d 0A       		.byte	10
 330 012e 2E       		.byte	46
 331 012f 80       		.byte	-128
 332 0130 2F       		.byte	47
 333 0131 28       		.byte	40
 334 0132 30       		.byte	48
 335 0133 01       		.byte	1
 336 0134 31       		.byte	49
 337 0135 80       		.byte	-128
 338 0136 32       		.byte	50
 339 0137 08       		.byte	8
 340 0138 33       		.byte	51
 341 0139 20       		.byte	32
 342 013a 34       		.byte	52
ARM GAS  C:\Users\cps\AppData\Local\Temp\cc1OvBkv.s 			page 7


 343 013b 01       		.byte	1
 344 013c 37       		.byte	55
 345 013d 28       		.byte	40
 346 013e 3A       		.byte	58
 347 013f 80       		.byte	-128
 348 0140 3D       		.byte	61
 349 0141 41       		.byte	65
 350 0142 3F       		.byte	63
 351 0143 10       		.byte	16
 352 0144 40       		.byte	64
 353 0145 20       		.byte	32
 354 0146 42       		.byte	66
 355 0147 50       		.byte	80
 356 0148 48       		.byte	72
 357 0149 40       		.byte	64
 358 014a 49       		.byte	73
 359 014b 02       		.byte	2
 360 014c 4A       		.byte	74
 361 014d 80       		.byte	-128
 362 014e 4B       		.byte	75
 363 014f 40       		.byte	64
 364 0150 4C       		.byte	76
 365 0151 01       		.byte	1
 366 0152 4F       		.byte	79
 367 0153 40       		.byte	64
 368 0154 50       		.byte	80
 369 0155 40       		.byte	64
 370 0156 62       		.byte	98
 371 0157 40       		.byte	64
 372 0158 63       		.byte	99
 373 0159 02       		.byte	2
 374 015a 64       		.byte	100
 375 015b 10       		.byte	16
 376 015c 65       		.byte	101
 377 015d 04       		.byte	4
 378 015e 6A       		.byte	106
 379 015f 20       		.byte	32
 380 0160 6B       		.byte	107
 381 0161 10       		.byte	16
 382 0162 70       		.byte	112
 383 0163 82       		.byte	-126
 384 0164 71       		.byte	113
 385 0165 04       		.byte	4
 386 0166 72       		.byte	114
 387 0167 08       		.byte	8
 388 0168 73       		.byte	115
 389 0169 04       		.byte	4
 390 016a 8E       		.byte	-114
 391 016b 10       		.byte	16
 392 016c 8F       		.byte	-113
 393 016d 80       		.byte	-128
 394 016e 92       		.byte	-110
 395 016f 10       		.byte	16
 396 0170 94       		.byte	-108
 397 0171 02       		.byte	2
 398 0172 97       		.byte	-105
 399 0173 09       		.byte	9
ARM GAS  C:\Users\cps\AppData\Local\Temp\cc1OvBkv.s 			page 8


 400 0174 9A       		.byte	-102
 401 0175 80       		.byte	-128
 402 0176 9C       		.byte	-100
 403 0177 62       		.byte	98
 404 0178 9D       		.byte	-99
 405 0179 04       		.byte	4
 406 017a 9E       		.byte	-98
 407 017b 48       		.byte	72
 408 017c 9F       		.byte	-97
 409 017d 10       		.byte	16
 410 017e A0       		.byte	-96
 411 017f 04       		.byte	4
 412 0180 A1       		.byte	-95
 413 0181 08       		.byte	8
 414 0182 A2       		.byte	-94
 415 0183 10       		.byte	16
 416 0184 A3       		.byte	-93
 417 0185 20       		.byte	32
 418 0186 A4       		.byte	-92
 419 0187 40       		.byte	64
 420 0188 A5       		.byte	-91
 421 0189 40       		.byte	64
 422 018a A6       		.byte	-90
 423 018b 0C       		.byte	12
 424 018c A7       		.byte	-89
 425 018d 8B       		.byte	-117
 426 018e A8       		.byte	-88
 427 018f 04       		.byte	4
 428 0190 AA       		.byte	-86
 429 0191 40       		.byte	64
 430 0192 AC       		.byte	-84
 431 0193 40       		.byte	64
 432 0194 AD       		.byte	-83
 433 0195 10       		.byte	16
 434 0196 C0       		.byte	-64
 435 0197 D7       		.byte	-41
 436 0198 C2       		.byte	-62
 437 0199 EC       		.byte	-20
 438 019a C4       		.byte	-60
 439 019b 8A       		.byte	-118
 440 019c CA       		.byte	-54
 441 019d 7D       		.byte	125
 442 019e CC       		.byte	-52
 443 019f EF       		.byte	-17
 444 01a0 CE       		.byte	-50
 445 01a1 B8       		.byte	-72
 446 01a2 D0       		.byte	-48
 447 01a3 03       		.byte	3
 448 01a4 D2       		.byte	-46
 449 01a5 08       		.byte	8
 450 01a6 00       		.byte	0
 451 01a7 4F       		.byte	79
 452 01a8 01       		.byte	1
 453 01a9 03       		.byte	3
 454 01aa 05       		.byte	5
 455 01ab 01       		.byte	1
 456 01ac 06       		.byte	6
ARM GAS  C:\Users\cps\AppData\Local\Temp\cc1OvBkv.s 			page 9


 457 01ad 01       		.byte	1
 458 01ae 08       		.byte	8
 459 01af 42       		.byte	66
 460 01b0 09       		.byte	9
 461 01b1 7F       		.byte	127
 462 01b2 0A       		.byte	10
 463 01b3 09       		.byte	9
 464 01b4 0C       		.byte	12
 465 01b5 03       		.byte	3
 466 01b6 0D       		.byte	13
 467 01b7 40       		.byte	64
 468 01b8 0E       		.byte	14
 469 01b9 20       		.byte	32
 470 01ba 0F       		.byte	15
 471 01bb 07       		.byte	7
 472 01bc 10       		.byte	16
 473 01bd 48       		.byte	72
 474 01be 11       		.byte	17
 475 01bf 05       		.byte	5
 476 01c0 12       		.byte	18
 477 01c1 02       		.byte	2
 478 01c2 13       		.byte	19
 479 01c3 78       		.byte	120
 480 01c4 14       		.byte	20
 481 01c5 1F       		.byte	31
 482 01c6 15       		.byte	21
 483 01c7 01       		.byte	1
 484 01c8 18       		.byte	24
 485 01c9 40       		.byte	64
 486 01ca 19       		.byte	25
 487 01cb 01       		.byte	1
 488 01cc 1A       		.byte	26
 489 01cd 14       		.byte	20
 490 01ce 1C       		.byte	28
 491 01cf 01       		.byte	1
 492 01d0 1D       		.byte	29
 493 01d1 10       		.byte	16
 494 01d2 1F       		.byte	31
 495 01d3 07       		.byte	7
 496 01d4 20       		.byte	32
 497 01d5 03       		.byte	3
 498 01d6 21       		.byte	33
 499 01d7 03       		.byte	3
 500 01d8 24       		.byte	36
 501 01d9 01       		.byte	1
 502 01da 25       		.byte	37
 503 01db 3A       		.byte	58
 504 01dc 27       		.byte	39
 505 01dd 04       		.byte	4
 506 01de 28       		.byte	40
 507 01df 40       		.byte	64
 508 01e0 29       		.byte	41
 509 01e1 22       		.byte	34
 510 01e2 2A       		.byte	42
 511 01e3 0B       		.byte	11
 512 01e4 2B       		.byte	43
 513 01e5 05       		.byte	5
ARM GAS  C:\Users\cps\AppData\Local\Temp\cc1OvBkv.s 			page 10


 514 01e6 2C       		.byte	44
 515 01e7 90       		.byte	-112
 516 01e8 2D       		.byte	45
 517 01e9 08       		.byte	8
 518 01ea 2E       		.byte	46
 519 01eb 0B       		.byte	11
 520 01ec 2F       		.byte	47
 521 01ed 07       		.byte	7
 522 01ee 32       		.byte	50
 523 01ef E0       		.byte	-32
 524 01f0 34       		.byte	52
 525 01f1 1F       		.byte	31
 526 01f2 35       		.byte	53
 527 01f3 7F       		.byte	127
 528 01f4 38       		.byte	56
 529 01f5 08       		.byte	8
 530 01f6 3E       		.byte	62
 531 01f7 04       		.byte	4
 532 01f8 3F       		.byte	63
 533 01f9 10       		.byte	16
 534 01fa 58       		.byte	88
 535 01fb 04       		.byte	4
 536 01fc 59       		.byte	89
 537 01fd 04       		.byte	4
 538 01fe 5F       		.byte	95
 539 01ff 01       		.byte	1
 540 0200 81       		.byte	-127
 541 0201 65       		.byte	101
 542 0202 82       		.byte	-126
 543 0203 01       		.byte	1
 544 0204 85       		.byte	-123
 545 0205 31       		.byte	49
 546 0206 87       		.byte	-121
 547 0207 08       		.byte	8
 548 0208 8B       		.byte	-117
 549 0209 10       		.byte	16
 550 020a 8D       		.byte	-115
 551 020b 45       		.byte	69
 552 020c 8F       		.byte	-113
 553 020d 20       		.byte	32
 554 020e 91       		.byte	-111
 555 020f 01       		.byte	1
 556 0210 93       		.byte	-109
 557 0211 0E       		.byte	14
 558 0212 95       		.byte	-107
 559 0213 44       		.byte	68
 560 0214 97       		.byte	-105
 561 0215 21       		.byte	33
 562 0216 99       		.byte	-103
 563 0217 31       		.byte	49
 564 0218 9B       		.byte	-101
 565 0219 02       		.byte	2
 566 021a A1       		.byte	-95
 567 021b 80       		.byte	-128
 568 021c A5       		.byte	-91
 569 021d 65       		.byte	101
 570 021e A9       		.byte	-87
ARM GAS  C:\Users\cps\AppData\Local\Temp\cc1OvBkv.s 			page 11


 571 021f 44       		.byte	68
 572 0220 AB       		.byte	-85
 573 0221 01       		.byte	1
 574 0222 B1       		.byte	-79
 575 0223 0F       		.byte	15
 576 0224 B2       		.byte	-78
 577 0225 01       		.byte	1
 578 0226 B3       		.byte	-77
 579 0227 80       		.byte	-128
 580 0228 B5       		.byte	-75
 581 0229 30       		.byte	48
 582 022a B7       		.byte	-73
 583 022b 40       		.byte	64
 584 022c B9       		.byte	-71
 585 022d 80       		.byte	-128
 586 022e BB       		.byte	-69
 587 022f 02       		.byte	2
 588 0230 BF       		.byte	-65
 589 0231 40       		.byte	64
 590 0232 D4       		.byte	-44
 591 0233 20       		.byte	32
 592 0234 D6       		.byte	-42
 593 0235 04       		.byte	4
 594 0236 D8       		.byte	-40
 595 0237 04       		.byte	4
 596 0238 D9       		.byte	-39
 597 0239 04       		.byte	4
 598 023a DB       		.byte	-37
 599 023b 04       		.byte	4
 600 023c DF       		.byte	-33
 601 023d 01       		.byte	1
 602 023e 00       		.byte	0
 603 023f 80       		.byte	-128
 604 0240 02       		.byte	2
 605 0241 41       		.byte	65
 606 0242 03       		.byte	3
 607 0243 18       		.byte	24
 608 0244 04       		.byte	4
 609 0245 02       		.byte	2
 610 0246 08       		.byte	8
 611 0247 02       		.byte	2
 612 0248 09       		.byte	9
 613 0249 84       		.byte	-124
 614 024a 0A       		.byte	10
 615 024b 04       		.byte	4
 616 024c 11       		.byte	17
 617 024d C4       		.byte	-60
 618 024e 12       		.byte	18
 619 024f 08       		.byte	8
 620 0250 13       		.byte	19
 621 0251 01       		.byte	1
 622 0252 1A       		.byte	26
 623 0253 14       		.byte	20
 624 0254 1B       		.byte	27
 625 0255 20       		.byte	32
 626 0256 1E       		.byte	30
 627 0257 20       		.byte	32
ARM GAS  C:\Users\cps\AppData\Local\Temp\cc1OvBkv.s 			page 12


 628 0258 20       		.byte	32
 629 0259 08       		.byte	8
 630 025a 24       		.byte	36
 631 025b 24       		.byte	36
 632 025c 25       		.byte	37
 633 025d 1C       		.byte	28
 634 025e 26       		.byte	38
 635 025f 41       		.byte	65
 636 0260 28       		.byte	40
 637 0261 02       		.byte	2
 638 0262 2A       		.byte	42
 639 0263 81       		.byte	-127
 640 0264 2B       		.byte	43
 641 0265 28       		.byte	40
 642 0266 2F       		.byte	47
 643 0267 A8       		.byte	-88
 644 0268 30       		.byte	48
 645 0269 80       		.byte	-128
 646 026a 31       		.byte	49
 647 026b 04       		.byte	4
 648 026c 33       		.byte	51
 649 026d 12       		.byte	18
 650 026e 34       		.byte	52
 651 026f 20       		.byte	32
 652 0270 36       		.byte	54
 653 0271 09       		.byte	9
 654 0272 38       		.byte	56
 655 0273 20       		.byte	32
 656 0274 39       		.byte	57
 657 0275 44       		.byte	68
 658 0276 3A       		.byte	58
 659 0277 08       		.byte	8
 660 0278 3B       		.byte	59
 661 0279 01       		.byte	1
 662 027a 3D       		.byte	61
 663 027b 28       		.byte	40
 664 027c 3E       		.byte	62
 665 027d 80       		.byte	-128
 666 027e 3F       		.byte	63
 667 027f 02       		.byte	2
 668 0280 5D       		.byte	93
 669 0281 10       		.byte	16
 670 0282 5E       		.byte	94
 671 0283 4A       		.byte	74
 672 0284 64       		.byte	100
 673 0285 01       		.byte	1
 674 0286 66       		.byte	102
 675 0287 02       		.byte	2
 676 0288 67       		.byte	103
 677 0289 08       		.byte	8
 678 028a 78       		.byte	120
 679 028b 01       		.byte	1
 680 028c 7A       		.byte	122
 681 028d 40       		.byte	64
 682 028e 86       		.byte	-122
 683 028f 02       		.byte	2
 684 0290 88       		.byte	-120
ARM GAS  C:\Users\cps\AppData\Local\Temp\cc1OvBkv.s 			page 13


 685 0291 80       		.byte	-128
 686 0292 8A       		.byte	-118
 687 0293 08       		.byte	8
 688 0294 8D       		.byte	-115
 689 0295 84       		.byte	-124
 690 0296 C0       		.byte	-64
 691 0297 1F       		.byte	31
 692 0298 C2       		.byte	-62
 693 0299 0F       		.byte	15
 694 029a C4       		.byte	-60
 695 029b 0F       		.byte	15
 696 029c CA       		.byte	-54
 697 029d EF       		.byte	-17
 698 029e CC       		.byte	-52
 699 029f EF       		.byte	-17
 700 02a0 CE       		.byte	-50
 701 02a1 FF       		.byte	-1
 702 02a2 D6       		.byte	-42
 703 02a3 F0       		.byte	-16
 704 02a4 D8       		.byte	-40
 705 02a5 B0       		.byte	-80
 706 02a6 01       		.byte	1
 707 02a7 50       		.byte	80
 708 02a8 02       		.byte	2
 709 02a9 01       		.byte	1
 710 02aa 03       		.byte	3
 711 02ab 01       		.byte	1
 712 02ac 04       		.byte	4
 713 02ad 02       		.byte	2
 714 02ae 06       		.byte	6
 715 02af 0C       		.byte	12
 716 02b0 07       		.byte	7
 717 02b1 20       		.byte	32
 718 02b2 08       		.byte	8
 719 02b3 02       		.byte	2
 720 02b4 09       		.byte	9
 721 02b5 80       		.byte	-128
 722 02b6 0A       		.byte	10
 723 02b7 04       		.byte	4
 724 02b8 0D       		.byte	13
 725 02b9 0F       		.byte	15
 726 02ba 11       		.byte	17
 727 02bb 40       		.byte	64
 728 02bc 13       		.byte	19
 729 02bd 14       		.byte	20
 730 02be 15       		.byte	21
 731 02bf 40       		.byte	64
 732 02c0 17       		.byte	23
 733 02c1 18       		.byte	24
 734 02c2 1F       		.byte	31
 735 02c3 40       		.byte	64
 736 02c4 21       		.byte	33
 737 02c5 04       		.byte	4
 738 02c6 23       		.byte	35
 739 02c7 08       		.byte	8
 740 02c8 25       		.byte	37
 741 02c9 50       		.byte	80
ARM GAS  C:\Users\cps\AppData\Local\Temp\cc1OvBkv.s 			page 14


 742 02ca 27       		.byte	39
 743 02cb 02       		.byte	2
 744 02cc 29       		.byte	41
 745 02cd 40       		.byte	64
 746 02ce 2B       		.byte	43
 747 02cf 08       		.byte	8
 748 02d0 2D       		.byte	45
 749 02d1 3F       		.byte	63
 750 02d2 30       		.byte	48
 751 02d3 08       		.byte	8
 752 02d4 32       		.byte	50
 753 02d5 06       		.byte	6
 754 02d6 33       		.byte	51
 755 02d7 3F       		.byte	63
 756 02d8 34       		.byte	52
 757 02d9 01       		.byte	1
 758 02da 35       		.byte	53
 759 02db C0       		.byte	-64
 760 02dc 39       		.byte	57
 761 02dd 28       		.byte	40
 762 02de 3F       		.byte	63
 763 02df 10       		.byte	16
 764 02e0 40       		.byte	64
 765 02e1 63       		.byte	99
 766 02e2 45       		.byte	69
 767 02e3 20       		.byte	32
 768 02e4 46       		.byte	70
 769 02e5 05       		.byte	5
 770 02e6 48       		.byte	72
 771 02e7 06       		.byte	6
 772 02e8 49       		.byte	73
 773 02e9 FF       		.byte	-1
 774 02ea 4A       		.byte	74
 775 02eb FF       		.byte	-1
 776 02ec 4B       		.byte	75
 777 02ed FF       		.byte	-1
 778 02ee 4C       		.byte	76
 779 02ef 42       		.byte	66
 780 02f0 4D       		.byte	77
 781 02f1 A0       		.byte	-96
 782 02f2 4E       		.byte	78
 783 02f3 70       		.byte	112
 784 02f4 50       		.byte	80
 785 02f5 08       		.byte	8
 786 02f6 51       		.byte	81
 787 02f7 10       		.byte	16
 788 02f8 58       		.byte	88
 789 02f9 04       		.byte	4
 790 02fa 59       		.byte	89
 791 02fb 04       		.byte	4
 792 02fc 5A       		.byte	90
 793 02fd 04       		.byte	4
 794 02fe 5F       		.byte	95
 795 02ff 01       		.byte	1
 796 0300 61       		.byte	97
 797 0301 48       		.byte	72
 798 0302 62       		.byte	98
ARM GAS  C:\Users\cps\AppData\Local\Temp\cc1OvBkv.s 			page 15


 799 0303 40       		.byte	64
 800 0304 63       		.byte	99
 801 0305 48       		.byte	72
 802 0306 64       		.byte	100
 803 0307 80       		.byte	-128
 804 0308 65       		.byte	101
 805 0309 48       		.byte	72
 806 030a 66       		.byte	102
 807 030b 80       		.byte	-128
 808 030c 67       		.byte	103
 809 030d 48       		.byte	72
 810 030e 80       		.byte	-128
 811 030f 01       		.byte	1
 812 0310 81       		.byte	-127
 813 0311 02       		.byte	2
 814 0312 82       		.byte	-126
 815 0313 02       		.byte	2
 816 0314 84       		.byte	-124
 817 0315 41       		.byte	65
 818 0316 85       		.byte	-123
 819 0317 04       		.byte	4
 820 0318 86       		.byte	-122
 821 0319 84       		.byte	-124
 822 031a 88       		.byte	-120
 823 031b 05       		.byte	5
 824 031c 89       		.byte	-119
 825 031d CC       		.byte	-52
 826 031e 8A       		.byte	-118
 827 031f 0A       		.byte	10
 828 0320 8B       		.byte	-117
 829 0321 13       		.byte	19
 830 0322 8E       		.byte	-114
 831 0323 02       		.byte	2
 832 0324 8F       		.byte	-113
 833 0325 B5       		.byte	-75
 834 0326 92       		.byte	-110
 835 0327 10       		.byte	16
 836 0328 93       		.byte	-109
 837 0329 01       		.byte	1
 838 032a 94       		.byte	-108
 839 032b 0F       		.byte	15
 840 032c 95       		.byte	-107
 841 032d FF       		.byte	-1
 842 032e 9B       		.byte	-101
 843 032f 02       		.byte	2
 844 0330 9C       		.byte	-100
 845 0331 08       		.byte	8
 846 0332 9E       		.byte	-98
 847 0333 05       		.byte	5
 848 0334 9F       		.byte	-97
 849 0335 04       		.byte	4
 850 0336 A0       		.byte	-96
 851 0337 20       		.byte	32
 852 0338 A1       		.byte	-95
 853 0339 1A       		.byte	26
 854 033a A3       		.byte	-93
 855 033b 60       		.byte	96
ARM GAS  C:\Users\cps\AppData\Local\Temp\cc1OvBkv.s 			page 16


 856 033c A4       		.byte	-92
 857 033d 20       		.byte	32
 858 033e A5       		.byte	-91
 859 033f A9       		.byte	-87
 860 0340 A7       		.byte	-89
 861 0341 54       		.byte	84
 862 0342 A8       		.byte	-88
 863 0343 01       		.byte	1
 864 0344 A9       		.byte	-87
 865 0345 A5       		.byte	-91
 866 0346 AA       		.byte	-86
 867 0347 02       		.byte	2
 868 0348 AB       		.byte	-85
 869 0349 4A       		.byte	74
 870 034a AC       		.byte	-84
 871 034b 46       		.byte	70
 872 034c AD       		.byte	-83
 873 034d 4D       		.byte	77
 874 034e AE       		.byte	-82
 875 034f 80       		.byte	-128
 876 0350 AF       		.byte	-81
 877 0351 92       		.byte	-110
 878 0352 B0       		.byte	-80
 879 0353 E0       		.byte	-32
 880 0354 B1       		.byte	-79
 881 0355 FF       		.byte	-1
 882 0356 B2       		.byte	-78
 883 0357 1F       		.byte	31
 884 0358 B4       		.byte	-76
 885 0359 20       		.byte	32
 886 035a B8       		.byte	-72
 887 035b 22       		.byte	34
 888 035c BE       		.byte	-66
 889 035d 11       		.byte	17
 890 035e BF       		.byte	-65
 891 035f 01       		.byte	1
 892 0360 D8       		.byte	-40
 893 0361 04       		.byte	4
 894 0362 D9       		.byte	-39
 895 0363 04       		.byte	4
 896 0364 DF       		.byte	-33
 897 0365 01       		.byte	1
 898 0366 01       		.byte	1
 899 0367 02       		.byte	2
 900 0368 03       		.byte	3
 901 0369 29       		.byte	41
 902 036a 04       		.byte	4
 903 036b 10       		.byte	16
 904 036c 05       		.byte	5
 905 036d 09       		.byte	9
 906 036e 09       		.byte	9
 907 036f 4A       		.byte	74
 908 0370 11       		.byte	17
 909 0371 49       		.byte	73
 910 0372 12       		.byte	18
 911 0373 28       		.byte	40
 912 0374 13       		.byte	19
ARM GAS  C:\Users\cps\AppData\Local\Temp\cc1OvBkv.s 			page 17


 913 0375 08       		.byte	8
 914 0376 1A       		.byte	26
 915 0377 40       		.byte	64
 916 0378 1B       		.byte	27
 917 0379 18       		.byte	24
 918 037a 1C       		.byte	28
 919 037b 28       		.byte	40
 920 037c 1D       		.byte	29
 921 037d 11       		.byte	17
 922 037e 1F       		.byte	31
 923 037f 01       		.byte	1
 924 0380 21       		.byte	33
 925 0381 02       		.byte	2
 926 0382 24       		.byte	36
 927 0383 10       		.byte	16
 928 0384 27       		.byte	39
 929 0385 04       		.byte	4
 930 0386 28       		.byte	40
 931 0387 02       		.byte	2
 932 0388 2A       		.byte	42
 933 0389 02       		.byte	2
 934 038a 2B       		.byte	43
 935 038b 28       		.byte	40
 936 038c 2C       		.byte	44
 937 038d 01       		.byte	1
 938 038e 2F       		.byte	47
 939 038f 68       		.byte	104
 940 0390 30       		.byte	48
 941 0391 92       		.byte	-110
 942 0392 31       		.byte	49
 943 0393 08       		.byte	8
 944 0394 34       		.byte	52
 945 0395 02       		.byte	2
 946 0396 36       		.byte	54
 947 0397 88       		.byte	-120
 948 0398 3A       		.byte	58
 949 0399 80       		.byte	-128
 950 039a 3B       		.byte	59
 951 039b 95       		.byte	-107
 952 039c 3C       		.byte	60
 953 039d 20       		.byte	32
 954 039e 3D       		.byte	61
 955 039f 08       		.byte	8
 956 03a0 3E       		.byte	62
 957 03a1 02       		.byte	2
 958 03a2 3F       		.byte	63
 959 03a3 82       		.byte	-126
 960 03a4 47       		.byte	71
 961 03a5 04       		.byte	4
 962 03a6 4D       		.byte	77
 963 03a7 01       		.byte	1
 964 03a8 4F       		.byte	79
 965 03a9 20       		.byte	32
 966 03aa 57       		.byte	87
 967 03ab 40       		.byte	64
 968 03ac 79       		.byte	121
 969 03ad 40       		.byte	64
ARM GAS  C:\Users\cps\AppData\Local\Temp\cc1OvBkv.s 			page 18


 970 03ae 7B       		.byte	123
 971 03af 01       		.byte	1
 972 03b0 88       		.byte	-120
 973 03b1 01       		.byte	1
 974 03b2 89       		.byte	-119
 975 03b3 08       		.byte	8
 976 03b4 90       		.byte	-112
 977 03b5 80       		.byte	-128
 978 03b6 93       		.byte	-109
 979 03b7 14       		.byte	20
 980 03b8 94       		.byte	-108
 981 03b9 02       		.byte	2
 982 03ba 95       		.byte	-107
 983 03bb 41       		.byte	65
 984 03bc 96       		.byte	-106
 985 03bd 40       		.byte	64
 986 03be 97       		.byte	-105
 987 03bf 01       		.byte	1
 988 03c0 98       		.byte	-104
 989 03c1 30       		.byte	48
 990 03c2 99       		.byte	-103
 991 03c3 02       		.byte	2
 992 03c4 9C       		.byte	-100
 993 03c5 43       		.byte	67
 994 03c6 9D       		.byte	-99
 995 03c7 11       		.byte	17
 996 03c8 9F       		.byte	-97
 997 03c9 08       		.byte	8
 998 03ca A0       		.byte	-96
 999 03cb 82       		.byte	-126
 1000 03cc A1       		.byte	-95
 1001 03cd 48       		.byte	72
 1002 03ce A2       		.byte	-94
 1003 03cf 88       		.byte	-120
 1004 03d0 A3       		.byte	-93
 1005 03d1 21       		.byte	33
 1006 03d2 A7       		.byte	-89
 1007 03d3 08       		.byte	8
 1008 03d4 C0       		.byte	-64
 1009 03d5 7F       		.byte	127
 1010 03d6 C2       		.byte	-62
 1011 03d7 0D       		.byte	13
 1012 03d8 C4       		.byte	-60
 1013 03d9 0F       		.byte	15
 1014 03da CA       		.byte	-54
 1015 03db FF       		.byte	-1
 1016 03dc CC       		.byte	-52
 1017 03dd DF       		.byte	-33
 1018 03de CE       		.byte	-50
 1019 03df FF       		.byte	-1
 1020 03e0 D0       		.byte	-48
 1021 03e1 40       		.byte	64
 1022 03e2 D2       		.byte	-46
 1023 03e3 20       		.byte	32
 1024 03e4 00       		.byte	0
 1025 03e5 0D       		.byte	13
 1026 03e6 01       		.byte	1
ARM GAS  C:\Users\cps\AppData\Local\Temp\cc1OvBkv.s 			page 19


 1027 03e7 1C       		.byte	28
 1028 03e8 03       		.byte	3
 1029 03e9 02       		.byte	2
 1030 03ea 04       		.byte	4
 1031 03eb 5D       		.byte	93
 1032 03ec 05       		.byte	5
 1033 03ed 02       		.byte	2
 1034 03ee 06       		.byte	6
 1035 03ef A2       		.byte	-94
 1036 03f0 07       		.byte	7
 1037 03f1 18       		.byte	24
 1038 03f2 08       		.byte	8
 1039 03f3 04       		.byte	4
 1040 03f4 09       		.byte	9
 1041 03f5 12       		.byte	18
 1042 03f6 0A       		.byte	10
 1043 03f7 E0       		.byte	-32
 1044 03f8 0B       		.byte	11
 1045 03f9 08       		.byte	8
 1046 03fa 0C       		.byte	12
 1047 03fb 40       		.byte	64
 1048 03fc 0D       		.byte	13
 1049 03fd 04       		.byte	4
 1050 03fe 0E       		.byte	14
 1051 03ff 1D       		.byte	29
 1052 0400 10       		.byte	16
 1053 0401 3D       		.byte	61
 1054 0402 11       		.byte	17
 1055 0403 01       		.byte	1
 1056 0404 12       		.byte	18
 1057 0405 C2       		.byte	-62
 1058 0406 14       		.byte	20
 1059 0407 E2       		.byte	-30
 1060 0408 15       		.byte	21
 1061 0409 06       		.byte	6
 1062 040a 17       		.byte	23
 1063 040b 20       		.byte	32
 1064 040c 18       		.byte	24
 1065 040d 01       		.byte	1
 1066 040e 19       		.byte	25
 1067 040f 3F       		.byte	63
 1068 0410 1D       		.byte	29
 1069 0411 02       		.byte	2
 1070 0412 1E       		.byte	30
 1071 0413 08       		.byte	8
 1072 0414 21       		.byte	33
 1073 0415 01       		.byte	1
 1074 0416 22       		.byte	34
 1075 0417 02       		.byte	2
 1076 0418 23       		.byte	35
 1077 0419 1E       		.byte	30
 1078 041a 24       		.byte	36
 1079 041b 01       		.byte	1
 1080 041c 25       		.byte	37
 1081 041d 20       		.byte	32
 1082 041e 28       		.byte	40
 1083 041f 92       		.byte	-110
ARM GAS  C:\Users\cps\AppData\Local\Temp\cc1OvBkv.s 			page 20


 1084 0420 29       		.byte	41
 1085 0421 18       		.byte	24
 1086 0422 2A       		.byte	42
 1087 0423 60       		.byte	96
 1088 0424 2B       		.byte	43
 1089 0425 06       		.byte	6
 1090 0426 2D       		.byte	45
 1091 0427 0A       		.byte	10
 1092 0428 2E       		.byte	46
 1093 0429 FF       		.byte	-1
 1094 042a 2F       		.byte	47
 1095 042b 10       		.byte	16
 1096 042c 30       		.byte	48
 1097 042d FF       		.byte	-1
 1098 042e 31       		.byte	49
 1099 042f 1F       		.byte	31
 1100 0430 37       		.byte	55
 1101 0431 20       		.byte	32
 1102 0432 39       		.byte	57
 1103 0433 02       		.byte	2
 1104 0434 3E       		.byte	62
 1105 0435 01       		.byte	1
 1106 0436 58       		.byte	88
 1107 0437 04       		.byte	4
 1108 0438 59       		.byte	89
 1109 0439 04       		.byte	4
 1110 043a 5F       		.byte	95
 1111 043b 01       		.byte	1
 1112 043c 83       		.byte	-125
 1113 043d 0B       		.byte	11
 1114 043e 86       		.byte	-122
 1115 043f 01       		.byte	1
 1116 0440 87       		.byte	-121
 1117 0441 78       		.byte	120
 1118 0442 8B       		.byte	-117
 1119 0443 78       		.byte	120
 1120 0444 8D       		.byte	-115
 1121 0445 78       		.byte	120
 1122 0446 8E       		.byte	-114
 1123 0447 03       		.byte	3
 1124 0448 8F       		.byte	-113
 1125 0449 03       		.byte	3
 1126 044a 91       		.byte	-111
 1127 044b 03       		.byte	3
 1128 044c 92       		.byte	-110
 1129 044d 04       		.byte	4
 1130 044e 93       		.byte	-109
 1131 044f 20       		.byte	32
 1132 0450 94       		.byte	-108
 1133 0451 08       		.byte	8
 1134 0452 95       		.byte	-107
 1135 0453 03       		.byte	3
 1136 0454 96       		.byte	-106
 1137 0455 02       		.byte	2
 1138 0456 97       		.byte	-105
 1139 0457 40       		.byte	64
 1140 0458 99       		.byte	-103
ARM GAS  C:\Users\cps\AppData\Local\Temp\cc1OvBkv.s 			page 21


 1141 0459 01       		.byte	1
 1142 045a 9B       		.byte	-101
 1143 045b 04       		.byte	4
 1144 045c 9D       		.byte	-99
 1145 045d 01       		.byte	1
 1146 045e 9F       		.byte	-97
 1147 045f 06       		.byte	6
 1148 0460 A0       		.byte	-96
 1149 0461 08       		.byte	8
 1150 0462 A1       		.byte	-95
 1151 0463 02       		.byte	2
 1152 0464 A2       		.byte	-94
 1153 0465 01       		.byte	1
 1154 0466 A3       		.byte	-93
 1155 0467 81       		.byte	-127
 1156 0468 A7       		.byte	-89
 1157 0469 13       		.byte	19
 1158 046a AB       		.byte	-85
 1159 046b 43       		.byte	67
 1160 046c AD       		.byte	-83
 1161 046d 78       		.byte	120
 1162 046e AE       		.byte	-82
 1163 046f 01       		.byte	1
 1164 0470 B0       		.byte	-80
 1165 0471 08       		.byte	8
 1166 0472 B1       		.byte	-79
 1167 0473 07       		.byte	7
 1168 0474 B5       		.byte	-75
 1169 0475 78       		.byte	120
 1170 0476 B6       		.byte	-74
 1171 0477 07       		.byte	7
 1172 0478 B7       		.byte	-73
 1173 0479 80       		.byte	-128
 1174 047a B8       		.byte	-72
 1175 047b 02       		.byte	2
 1176 047c BA       		.byte	-70
 1177 047d 80       		.byte	-128
 1178 047e BB       		.byte	-69
 1179 047f 02       		.byte	2
 1180 0480 BF       		.byte	-65
 1181 0481 10       		.byte	16
 1182 0482 D8       		.byte	-40
 1183 0483 04       		.byte	4
 1184 0484 D9       		.byte	-39
 1185 0485 04       		.byte	4
 1186 0486 DF       		.byte	-33
 1187 0487 01       		.byte	1
 1188 0488 01       		.byte	1
 1189 0489 02       		.byte	2
 1190 048a 02       		.byte	2
 1191 048b 10       		.byte	16
 1192 048c 03       		.byte	3
 1193 048d 29       		.byte	41
 1194 048e 06       		.byte	6
 1195 048f 10       		.byte	16
 1196 0490 07       		.byte	7
 1197 0491 01       		.byte	1
ARM GAS  C:\Users\cps\AppData\Local\Temp\cc1OvBkv.s 			page 22


 1198 0492 08       		.byte	8
 1199 0493 10       		.byte	16
 1200 0494 09       		.byte	9
 1201 0495 09       		.byte	9
 1202 0496 0A       		.byte	10
 1203 0497 20       		.byte	32
 1204 0498 0B       		.byte	11
 1205 0499 01       		.byte	1
 1206 049a 0D       		.byte	13
 1207 049b 08       		.byte	8
 1208 049c 0E       		.byte	14
 1209 049d 40       		.byte	64
 1210 049e 10       		.byte	16
 1211 049f 80       		.byte	-128
 1212 04a0 11       		.byte	17
 1213 04a1 80       		.byte	-128
 1214 04a2 12       		.byte	18
 1215 04a3 08       		.byte	8
 1216 04a4 13       		.byte	19
 1217 04a5 04       		.byte	4
 1218 04a6 16       		.byte	22
 1219 04a7 82       		.byte	-126
 1220 04a8 1A       		.byte	26
 1221 04a9 40       		.byte	64
 1222 04aa 1D       		.byte	29
 1223 04ab 01       		.byte	1
 1224 04ac 1E       		.byte	30
 1225 04ad 02       		.byte	2
 1226 04ae 22       		.byte	34
 1227 04af 01       		.byte	1
 1228 04b0 23       		.byte	35
 1229 04b1 01       		.byte	1
 1230 04b2 24       		.byte	36
 1231 04b3 02       		.byte	2
 1232 04b4 26       		.byte	38
 1233 04b5 20       		.byte	32
 1234 04b6 27       		.byte	39
 1235 04b7 40       		.byte	64
 1236 04b8 28       		.byte	40
 1237 04b9 22       		.byte	34
 1238 04ba 29       		.byte	41
 1239 04bb 01       		.byte	1
 1240 04bc 2A       		.byte	42
 1241 04bd 10       		.byte	16
 1242 04be 2F       		.byte	47
 1243 04bf AD       		.byte	-83
 1244 04c0 30       		.byte	48
 1245 04c1 88       		.byte	-120
 1246 04c2 32       		.byte	50
 1247 04c3 11       		.byte	17
 1248 04c4 33       		.byte	51
 1249 04c5 10       		.byte	16
 1250 04c6 34       		.byte	52
 1251 04c7 42       		.byte	66
 1252 04c8 36       		.byte	54
 1253 04c9 09       		.byte	9
 1254 04ca 37       		.byte	55
ARM GAS  C:\Users\cps\AppData\Local\Temp\cc1OvBkv.s 			page 23


 1255 04cb 51       		.byte	81
 1256 04cc 38       		.byte	56
 1257 04cd 80       		.byte	-128
 1258 04ce 3A       		.byte	58
 1259 04cf 02       		.byte	2
 1260 04d0 3B       		.byte	59
 1261 04d1 18       		.byte	24
 1262 04d2 3C       		.byte	60
 1263 04d3 18       		.byte	24
 1264 04d4 3D       		.byte	61
 1265 04d5 82       		.byte	-126
 1266 04d6 3E       		.byte	62
 1267 04d7 80       		.byte	-128
 1268 04d8 3F       		.byte	63
 1269 04d9 02       		.byte	2
 1270 04da 86       		.byte	-122
 1271 04db 01       		.byte	1
 1272 04dc 8C       		.byte	-116
 1273 04dd 08       		.byte	8
 1274 04de 8F       		.byte	-113
 1275 04df 81       		.byte	-127
 1276 04e0 90       		.byte	-112
 1277 04e1 90       		.byte	-112
 1278 04e2 93       		.byte	-109
 1279 04e3 16       		.byte	22
 1280 04e4 94       		.byte	-108
 1281 04e5 02       		.byte	2
 1282 04e6 97       		.byte	-105
 1283 04e7 01       		.byte	1
 1284 04e8 98       		.byte	-104
 1285 04e9 30       		.byte	48
 1286 04ea 99       		.byte	-103
 1287 04eb 02       		.byte	2
 1288 04ec 9A       		.byte	-102
 1289 04ed 02       		.byte	2
 1290 04ee 9C       		.byte	-100
 1291 04ef 42       		.byte	66
 1292 04f0 9E       		.byte	-98
 1293 04f1 80       		.byte	-128
 1294 04f2 9F       		.byte	-97
 1295 04f3 01       		.byte	1
 1296 04f4 A0       		.byte	-96
 1297 04f5 84       		.byte	-124
 1298 04f6 A1       		.byte	-95
 1299 04f7 48       		.byte	72
 1300 04f8 A2       		.byte	-94
 1301 04f9 08       		.byte	8
 1302 04fa A3       		.byte	-93
 1303 04fb 29       		.byte	41
 1304 04fc A6       		.byte	-90
 1305 04fd 20       		.byte	32
 1306 04fe A8       		.byte	-88
 1307 04ff 10       		.byte	16
 1308 0500 B5       		.byte	-75
 1309 0501 08       		.byte	8
 1310 0502 C0       		.byte	-64
 1311 0503 AF       		.byte	-81
ARM GAS  C:\Users\cps\AppData\Local\Temp\cc1OvBkv.s 			page 24


 1312 0504 C2       		.byte	-62
 1313 0505 3F       		.byte	63
 1314 0506 C4       		.byte	-60
 1315 0507 9F       		.byte	-97
 1316 0508 CA       		.byte	-54
 1317 0509 FF       		.byte	-1
 1318 050a CC       		.byte	-52
 1319 050b FF       		.byte	-1
 1320 050c CE       		.byte	-50
 1321 050d FF       		.byte	-1
 1322 050e E4       		.byte	-28
 1323 050f 02       		.byte	2
 1324 0510 EC       		.byte	-20
 1325 0511 01       		.byte	1
 1326 0512 33       		.byte	51
 1327 0513 80       		.byte	-128
 1328 0514 CC       		.byte	-52
 1329 0515 10       		.byte	16
 1330 0516 A7       		.byte	-89
 1331 0517 80       		.byte	-128
 1332 0518 87       		.byte	-121
 1333 0519 80       		.byte	-128
 1334 051a A7       		.byte	-89
 1335 051b 80       		.byte	-128
 1336 051c E6       		.byte	-26
 1337 051d 10       		.byte	16
 1338 051e 00       		.byte	0
 1339 051f 40       		.byte	64
 1340 0520 5A       		.byte	90
 1341 0521 80       		.byte	-128
 1342 0522 C0       		.byte	-64
 1343 0523 02       		.byte	2
 1344 0524 D4       		.byte	-44
 1345 0525 01       		.byte	1
 1346 0526 04       		.byte	4
 1347 0527 40       		.byte	64
 1348 0528 51       		.byte	81
 1349 0529 01       		.byte	1
 1350 052a 85       		.byte	-123
 1351 052b 01       		.byte	1
 1352 052c 8C       		.byte	-116
 1353 052d 40       		.byte	64
 1354 052e AA       		.byte	-86
 1355 052f 40       		.byte	64
 1356 0530 B4       		.byte	-76
 1357 0531 40       		.byte	64
 1358 0532 C0       		.byte	-64
 1359 0533 01       		.byte	1
 1360 0534 D4       		.byte	-44
 1361 0535 01       		.byte	1
 1362 0536 E2       		.byte	-30
 1363 0537 02       		.byte	2
 1364 0538 EA       		.byte	-22
 1365 0539 02       		.byte	2
 1366 053a 00       		.byte	0
 1367 053b 01       		.byte	1
 1368 053c 0C       		.byte	12
ARM GAS  C:\Users\cps\AppData\Local\Temp\cc1OvBkv.s 			page 25


 1369 053d 01       		.byte	1
 1370 053e 10       		.byte	16
 1371 053f 01       		.byte	1
 1372 0540 1C       		.byte	28
 1373 0541 01       		.byte	1
 1374 0542 00       		.byte	0
 1375 0543 03       		.byte	3
 1376 0544 04       		.byte	4
 1377 0545 00       		.byte	0
 1378 0546 00       		.byte	0
 1379 0547 00       		.byte	0
 1380 0548 04       		.byte	4
 1381 0549 00       		.byte	0
 1382 054a 04       		.byte	4
 1383 054b 00       		.byte	0
 1384 054c 00       		.byte	0
 1385 054d 00       		.byte	0
 1386 054e 00       		.byte	0
 1387 054f 00       		.byte	0
 1388 0550 08       		.byte	8
 1389 0551 00       		.byte	0
 1390 0552 00       		.byte	0
 1391 0553 04       		.byte	4
 1392 0554 08       		.byte	8
 1393 0555 00       		.byte	0
 1394 0556 08       		.byte	8
 1395 0557 00       		.byte	0
 1396 0558 00       		.byte	0
 1397 0559 00       		.byte	0
 1398 055a 00       		.byte	0
 1399 055b 00       		.byte	0
 1400              		.section	.cywolatch,"a",%progbits
 1401              		.align	2
 1402              		.type	cy_meta_wonvl, %object
 1403              		.size	cy_meta_wonvl, 4
 1404              	cy_meta_wonvl:
 1405 0000 BC       		.byte	-68
 1406 0001 90       		.byte	-112
 1407 0002 AC       		.byte	-84
 1408 0003 AF       		.byte	-81
 1409              		.section	.cycustnvl,"a",%progbits
 1410              		.align	2
 1411              		.type	cy_meta_custnvl, %object
 1412              		.size	cy_meta_custnvl, 4
 1413              	cy_meta_custnvl:
 1414 0000 00       		.byte	0
 1415 0001 00       		.byte	0
 1416 0002 40       		.byte	64
 1417 0003 05       		.byte	5
 1418              		.section	.cymeta,"a",%progbits
 1419              		.align	2
 1420              		.type	cy_metadata, %object
 1421              		.size	cy_metadata, 12
 1422              	cy_metadata:
 1423 0000 00       		.byte	0
 1424 0001 01       		.byte	1
 1425 0002 2E       		.byte	46
ARM GAS  C:\Users\cps\AppData\Local\Temp\cc1OvBkv.s 			page 26


 1426 0003 12       		.byte	18
 1427 0004 30       		.byte	48
 1428 0005 69       		.byte	105
 1429 0006 00       		.byte	0
 1430 0007 01       		.byte	1
 1431 0008 00       		.byte	0
 1432 0009 00       		.byte	0
 1433 000a 00       		.byte	0
 1434 000b 00       		.byte	0
 1435              		.section	.cyflashprotect,"a",%progbits
 1436              		.align	2
 1437              		.type	cy_meta_flashprotect, %object
 1438              		.size	cy_meta_flashprotect, 256
 1439              	cy_meta_flashprotect:
 1440 0000 00000000 		.space	256
 1440      00000000 
 1440      00000000 
 1440      00000000 
 1440      00000000 
 1441              		.text
 1442              	.Letext0:
 1443              		.file 1 ".\\Generated_Source\\PSoC5\\cymetadata.c"
 1444              		.file 2 ".\\Generated_Source\\PSoC5\\cytypes.h"
 1445              		.section	.debug_info,"",%progbits
 1446              	.Ldebug_info0:
 1447 0000 38010000 		.4byte	0x138
 1448 0004 0400     		.2byte	0x4
 1449 0006 00000000 		.4byte	.Ldebug_abbrev0
 1450 000a 04       		.byte	0x4
 1451 000b 01       		.uleb128 0x1
 1452 000c 94000000 		.4byte	.LASF18
 1453 0010 01       		.byte	0x1
 1454 0011 00000000 		.4byte	.LASF19
 1455 0015 85010000 		.4byte	.LASF20
 1456 0019 00000000 		.4byte	.Ldebug_line0
 1457 001d 02       		.uleb128 0x2
 1458 001e 01       		.byte	0x1
 1459 001f 06       		.byte	0x6
 1460 0020 05020000 		.4byte	.LASF0
 1461 0024 02       		.uleb128 0x2
 1462 0025 01       		.byte	0x1
 1463 0026 08       		.byte	0x8
 1464 0027 38000000 		.4byte	.LASF1
 1465 002b 02       		.uleb128 0x2
 1466 002c 02       		.byte	0x2
 1467 002d 05       		.byte	0x5
 1468 002e EC010000 		.4byte	.LASF2
 1469 0032 02       		.uleb128 0x2
 1470 0033 02       		.byte	0x2
 1471 0034 07       		.byte	0x7
 1472 0035 58000000 		.4byte	.LASF3
 1473 0039 02       		.uleb128 0x2
 1474 003a 04       		.byte	0x4
 1475 003b 05       		.byte	0x5
 1476 003c FC010000 		.4byte	.LASF4
 1477 0040 02       		.uleb128 0x2
 1478 0041 04       		.byte	0x4
ARM GAS  C:\Users\cps\AppData\Local\Temp\cc1OvBkv.s 			page 27


 1479 0042 07       		.byte	0x7
 1480 0043 46000000 		.4byte	.LASF5
 1481 0047 02       		.uleb128 0x2
 1482 0048 08       		.byte	0x8
 1483 0049 05       		.byte	0x5
 1484 004a 72010000 		.4byte	.LASF6
 1485 004e 02       		.uleb128 0x2
 1486 004f 08       		.byte	0x8
 1487 0050 07       		.byte	0x7
 1488 0051 2F010000 		.4byte	.LASF7
 1489 0055 03       		.uleb128 0x3
 1490 0056 04       		.byte	0x4
 1491 0057 05       		.byte	0x5
 1492 0058 696E7400 		.ascii	"int\000"
 1493 005c 02       		.uleb128 0x2
 1494 005d 04       		.byte	0x4
 1495 005e 07       		.byte	0x7
 1496 005f 22010000 		.4byte	.LASF8
 1497 0063 04       		.uleb128 0x4
 1498 0064 F6010000 		.4byte	.LASF21
 1499 0068 02       		.byte	0x2
 1500 0069 3801     		.2byte	0x138
 1501 006b 24000000 		.4byte	0x24
 1502 006f 02       		.uleb128 0x2
 1503 0070 04       		.byte	0x4
 1504 0071 04       		.byte	0x4
 1505 0072 32000000 		.4byte	.LASF9
 1506 0076 02       		.uleb128 0x2
 1507 0077 08       		.byte	0x8
 1508 0078 04       		.byte	0x4
 1509 0079 6B000000 		.4byte	.LASF10
 1510 007d 02       		.uleb128 0x2
 1511 007e 01       		.byte	0x1
 1512 007f 08       		.byte	0x8
 1513 0080 80010000 		.4byte	.LASF11
 1514 0084 05       		.uleb128 0x5
 1515 0085 63000000 		.4byte	0x63
 1516 0089 95000000 		.4byte	0x95
 1517 008d 06       		.uleb128 0x6
 1518 008e 95000000 		.4byte	0x95
 1519 0092 5B05     		.2byte	0x55b
 1520 0094 00       		.byte	0
 1521 0095 02       		.uleb128 0x2
 1522 0096 04       		.byte	0x4
 1523 0097 07       		.byte	0x7
 1524 0098 69010000 		.4byte	.LASF12
 1525 009c 07       		.uleb128 0x7
 1526 009d 82000000 		.4byte	.LASF13
 1527 00a1 01       		.byte	0x1
 1528 00a2 1F       		.byte	0x1f
 1529 00a3 AD000000 		.4byte	0xad
 1530 00a7 05       		.uleb128 0x5
 1531 00a8 03       		.byte	0x3
 1532 00a9 00000000 		.4byte	cy_meta_configecc
 1533 00ad 08       		.uleb128 0x8
 1534 00ae 84000000 		.4byte	0x84
 1535 00b2 05       		.uleb128 0x5
ARM GAS  C:\Users\cps\AppData\Local\Temp\cc1OvBkv.s 			page 28


 1536 00b3 63000000 		.4byte	0x63
 1537 00b7 C2000000 		.4byte	0xc2
 1538 00bb 09       		.uleb128 0x9
 1539 00bc 95000000 		.4byte	0x95
 1540 00c0 03       		.byte	0x3
 1541 00c1 00       		.byte	0
 1542 00c2 07       		.uleb128 0x7
 1543 00c3 72000000 		.4byte	.LASF14
 1544 00c7 01       		.byte	0x1
 1545 00c8 D8       		.byte	0xd8
 1546 00c9 D3000000 		.4byte	0xd3
 1547 00cd 05       		.uleb128 0x5
 1548 00ce 03       		.byte	0x3
 1549 00cf 00000000 		.4byte	cy_meta_custnvl
 1550 00d3 08       		.uleb128 0x8
 1551 00d4 B2000000 		.4byte	0xb2
 1552 00d8 07       		.uleb128 0x7
 1553 00d9 5B010000 		.4byte	.LASF15
 1554 00dd 01       		.byte	0x1
 1555 00de E6       		.byte	0xe6
 1556 00df E9000000 		.4byte	0xe9
 1557 00e3 05       		.uleb128 0x5
 1558 00e4 03       		.byte	0x3
 1559 00e5 00000000 		.4byte	cy_meta_wonvl
 1560 00e9 08       		.uleb128 0x8
 1561 00ea B2000000 		.4byte	0xb2
 1562 00ee 05       		.uleb128 0x5
 1563 00ef 63000000 		.4byte	0x63
 1564 00f3 FE000000 		.4byte	0xfe
 1565 00f7 09       		.uleb128 0x9
 1566 00f8 95000000 		.4byte	0x95
 1567 00fc FF       		.byte	0xff
 1568 00fd 00       		.byte	0
 1569 00fe 07       		.uleb128 0x7
 1570 00ff 46010000 		.4byte	.LASF16
 1571 0103 01       		.byte	0x1
 1572 0104 F4       		.byte	0xf4
 1573 0105 0F010000 		.4byte	0x10f
 1574 0109 05       		.uleb128 0x5
 1575 010a 03       		.byte	0x3
 1576 010b 00000000 		.4byte	cy_meta_flashprotect
 1577 010f 08       		.uleb128 0x8
 1578 0110 EE000000 		.4byte	0xee
 1579 0114 05       		.uleb128 0x5
 1580 0115 63000000 		.4byte	0x63
 1581 0119 24010000 		.4byte	0x124
 1582 011d 09       		.uleb128 0x9
 1583 011e 95000000 		.4byte	0x95
 1584 0122 0B       		.byte	0xb
 1585 0123 00       		.byte	0
 1586 0124 0A       		.uleb128 0xa
 1587 0125 26000000 		.4byte	.LASF17
 1588 0129 01       		.byte	0x1
 1589 012a 2101     		.2byte	0x121
 1590 012c 36010000 		.4byte	0x136
 1591 0130 05       		.uleb128 0x5
 1592 0131 03       		.byte	0x3
ARM GAS  C:\Users\cps\AppData\Local\Temp\cc1OvBkv.s 			page 29


 1593 0132 00000000 		.4byte	cy_metadata
 1594 0136 08       		.uleb128 0x8
 1595 0137 14010000 		.4byte	0x114
 1596 013b 00       		.byte	0
 1597              		.section	.debug_abbrev,"",%progbits
 1598              	.Ldebug_abbrev0:
 1599 0000 01       		.uleb128 0x1
 1600 0001 11       		.uleb128 0x11
 1601 0002 01       		.byte	0x1
 1602 0003 25       		.uleb128 0x25
 1603 0004 0E       		.uleb128 0xe
 1604 0005 13       		.uleb128 0x13
 1605 0006 0B       		.uleb128 0xb
 1606 0007 03       		.uleb128 0x3
 1607 0008 0E       		.uleb128 0xe
 1608 0009 1B       		.uleb128 0x1b
 1609 000a 0E       		.uleb128 0xe
 1610 000b 10       		.uleb128 0x10
 1611 000c 17       		.uleb128 0x17
 1612 000d 00       		.byte	0
 1613 000e 00       		.byte	0
 1614 000f 02       		.uleb128 0x2
 1615 0010 24       		.uleb128 0x24
 1616 0011 00       		.byte	0
 1617 0012 0B       		.uleb128 0xb
 1618 0013 0B       		.uleb128 0xb
 1619 0014 3E       		.uleb128 0x3e
 1620 0015 0B       		.uleb128 0xb
 1621 0016 03       		.uleb128 0x3
 1622 0017 0E       		.uleb128 0xe
 1623 0018 00       		.byte	0
 1624 0019 00       		.byte	0
 1625 001a 03       		.uleb128 0x3
 1626 001b 24       		.uleb128 0x24
 1627 001c 00       		.byte	0
 1628 001d 0B       		.uleb128 0xb
 1629 001e 0B       		.uleb128 0xb
 1630 001f 3E       		.uleb128 0x3e
 1631 0020 0B       		.uleb128 0xb
 1632 0021 03       		.uleb128 0x3
 1633 0022 08       		.uleb128 0x8
 1634 0023 00       		.byte	0
 1635 0024 00       		.byte	0
 1636 0025 04       		.uleb128 0x4
 1637 0026 16       		.uleb128 0x16
 1638 0027 00       		.byte	0
 1639 0028 03       		.uleb128 0x3
 1640 0029 0E       		.uleb128 0xe
 1641 002a 3A       		.uleb128 0x3a
 1642 002b 0B       		.uleb128 0xb
 1643 002c 3B       		.uleb128 0x3b
 1644 002d 05       		.uleb128 0x5
 1645 002e 49       		.uleb128 0x49
 1646 002f 13       		.uleb128 0x13
 1647 0030 00       		.byte	0
 1648 0031 00       		.byte	0
 1649 0032 05       		.uleb128 0x5
ARM GAS  C:\Users\cps\AppData\Local\Temp\cc1OvBkv.s 			page 30


 1650 0033 01       		.uleb128 0x1
 1651 0034 01       		.byte	0x1
 1652 0035 49       		.uleb128 0x49
 1653 0036 13       		.uleb128 0x13
 1654 0037 01       		.uleb128 0x1
 1655 0038 13       		.uleb128 0x13
 1656 0039 00       		.byte	0
 1657 003a 00       		.byte	0
 1658 003b 06       		.uleb128 0x6
 1659 003c 21       		.uleb128 0x21
 1660 003d 00       		.byte	0
 1661 003e 49       		.uleb128 0x49
 1662 003f 13       		.uleb128 0x13
 1663 0040 2F       		.uleb128 0x2f
 1664 0041 05       		.uleb128 0x5
 1665 0042 00       		.byte	0
 1666 0043 00       		.byte	0
 1667 0044 07       		.uleb128 0x7
 1668 0045 34       		.uleb128 0x34
 1669 0046 00       		.byte	0
 1670 0047 03       		.uleb128 0x3
 1671 0048 0E       		.uleb128 0xe
 1672 0049 3A       		.uleb128 0x3a
 1673 004a 0B       		.uleb128 0xb
 1674 004b 3B       		.uleb128 0x3b
 1675 004c 0B       		.uleb128 0xb
 1676 004d 49       		.uleb128 0x49
 1677 004e 13       		.uleb128 0x13
 1678 004f 3F       		.uleb128 0x3f
 1679 0050 19       		.uleb128 0x19
 1680 0051 02       		.uleb128 0x2
 1681 0052 18       		.uleb128 0x18
 1682 0053 00       		.byte	0
 1683 0054 00       		.byte	0
 1684 0055 08       		.uleb128 0x8
 1685 0056 26       		.uleb128 0x26
 1686 0057 00       		.byte	0
 1687 0058 49       		.uleb128 0x49
 1688 0059 13       		.uleb128 0x13
 1689 005a 00       		.byte	0
 1690 005b 00       		.byte	0
 1691 005c 09       		.uleb128 0x9
 1692 005d 21       		.uleb128 0x21
 1693 005e 00       		.byte	0
 1694 005f 49       		.uleb128 0x49
 1695 0060 13       		.uleb128 0x13
 1696 0061 2F       		.uleb128 0x2f
 1697 0062 0B       		.uleb128 0xb
 1698 0063 00       		.byte	0
 1699 0064 00       		.byte	0
 1700 0065 0A       		.uleb128 0xa
 1701 0066 34       		.uleb128 0x34
 1702 0067 00       		.byte	0
 1703 0068 03       		.uleb128 0x3
 1704 0069 0E       		.uleb128 0xe
 1705 006a 3A       		.uleb128 0x3a
 1706 006b 0B       		.uleb128 0xb
ARM GAS  C:\Users\cps\AppData\Local\Temp\cc1OvBkv.s 			page 31


 1707 006c 3B       		.uleb128 0x3b
 1708 006d 05       		.uleb128 0x5
 1709 006e 49       		.uleb128 0x49
 1710 006f 13       		.uleb128 0x13
 1711 0070 3F       		.uleb128 0x3f
 1712 0071 19       		.uleb128 0x19
 1713 0072 02       		.uleb128 0x2
 1714 0073 18       		.uleb128 0x18
 1715 0074 00       		.byte	0
 1716 0075 00       		.byte	0
 1717 0076 00       		.byte	0
 1718              		.section	.debug_aranges,"",%progbits
 1719 0000 14000000 		.4byte	0x14
 1720 0004 0200     		.2byte	0x2
 1721 0006 00000000 		.4byte	.Ldebug_info0
 1722 000a 04       		.byte	0x4
 1723 000b 00       		.byte	0
 1724 000c 0000     		.2byte	0
 1725 000e 0000     		.2byte	0
 1726 0010 00000000 		.4byte	0
 1727 0014 00000000 		.4byte	0
 1728              		.section	.debug_line,"",%progbits
 1729              	.Ldebug_line0:
 1730 0000 4F000000 		.section	.debug_str,"MS",%progbits,1
 1730      02004900 
 1730      00000201 
 1730      FB0E0D00 
 1730      01010101 
 1731              	.LASF19:
 1732 0000 2E5C4765 		.ascii	".\\Generated_Source\\PSoC5\\cymetadata.c\000"
 1732      6E657261 
 1732      7465645F 
 1732      536F7572 
 1732      63655C50 
 1733              	.LASF17:
 1734 0026 63795F6D 		.ascii	"cy_metadata\000"
 1734      65746164 
 1734      61746100 
 1735              	.LASF9:
 1736 0032 666C6F61 		.ascii	"float\000"
 1736      7400
 1737              	.LASF1:
 1738 0038 756E7369 		.ascii	"unsigned char\000"
 1738      676E6564 
 1738      20636861 
 1738      7200
 1739              	.LASF5:
 1740 0046 6C6F6E67 		.ascii	"long unsigned int\000"
 1740      20756E73 
 1740      69676E65 
 1740      6420696E 
 1740      7400
 1741              	.LASF3:
 1742 0058 73686F72 		.ascii	"short unsigned int\000"
 1742      7420756E 
 1742      7369676E 
 1742      65642069 
ARM GAS  C:\Users\cps\AppData\Local\Temp\cc1OvBkv.s 			page 32


 1742      6E7400
 1743              	.LASF10:
 1744 006b 646F7562 		.ascii	"double\000"
 1744      6C6500
 1745              	.LASF14:
 1746 0072 63795F6D 		.ascii	"cy_meta_custnvl\000"
 1746      6574615F 
 1746      63757374 
 1746      6E766C00 
 1747              	.LASF13:
 1748 0082 63795F6D 		.ascii	"cy_meta_configecc\000"
 1748      6574615F 
 1748      636F6E66 
 1748      69676563 
 1748      6300
 1749              	.LASF18:
 1750 0094 474E5520 		.ascii	"GNU C 4.9.3 20150303 (release) [ARM/embedded-4_9-br"
 1750      4320342E 
 1750      392E3320 
 1750      32303135 
 1750      30333033 
 1751 00c7 616E6368 		.ascii	"anch revision 221220] -mcpu=cortex-m3 -mthumb -g -O"
 1751      20726576 
 1751      6973696F 
 1751      6E203232 
 1751      31323230 
 1752 00fa 67202D66 		.ascii	"g -ffunction-sections -ffat-lto-objects\000"
 1752      66756E63 
 1752      74696F6E 
 1752      2D736563 
 1752      74696F6E 
 1753              	.LASF8:
 1754 0122 756E7369 		.ascii	"unsigned int\000"
 1754      676E6564 
 1754      20696E74 
 1754      00
 1755              	.LASF7:
 1756 012f 6C6F6E67 		.ascii	"long long unsigned int\000"
 1756      206C6F6E 
 1756      6720756E 
 1756      7369676E 
 1756      65642069 
 1757              	.LASF16:
 1758 0146 63795F6D 		.ascii	"cy_meta_flashprotect\000"
 1758      6574615F 
 1758      666C6173 
 1758      6870726F 
 1758      74656374 
 1759              	.LASF15:
 1760 015b 63795F6D 		.ascii	"cy_meta_wonvl\000"
 1760      6574615F 
 1760      776F6E76 
 1760      6C00
 1761              	.LASF12:
 1762 0169 73697A65 		.ascii	"sizetype\000"
 1762      74797065 
 1762      00
ARM GAS  C:\Users\cps\AppData\Local\Temp\cc1OvBkv.s 			page 33


 1763              	.LASF6:
 1764 0172 6C6F6E67 		.ascii	"long long int\000"
 1764      206C6F6E 
 1764      6720696E 
 1764      7400
 1765              	.LASF11:
 1766 0180 63686172 		.ascii	"char\000"
 1766      00
 1767              	.LASF20:
 1768 0185 433A5C55 		.ascii	"C:\\Users\\cps\\Documents\\neoapi\\Project Template"
 1768      73657273 
 1768      5C637073 
 1768      5C446F63 
 1768      756D656E 
 1769 01b3 735C5365 		.ascii	"s\\Sensor Examples\\Example Sensors\\Sensirion_Temp"
 1769      6E736F72 
 1769      20457861 
 1769      6D706C65 
 1769      735C4578 
 1770 01e3 52482E63 		.ascii	"RH.cydsn\000"
 1770      7964736E 
 1770      00
 1771              	.LASF2:
 1772 01ec 73686F72 		.ascii	"short int\000"
 1772      7420696E 
 1772      7400
 1773              	.LASF21:
 1774 01f6 75696E74 		.ascii	"uint8\000"
 1774      3800
 1775              	.LASF4:
 1776 01fc 6C6F6E67 		.ascii	"long int\000"
 1776      20696E74 
 1776      00
 1777              	.LASF0:
 1778 0205 7369676E 		.ascii	"signed char\000"
 1778      65642063 
 1778      68617200 
 1779              		.ident	"GCC: (GNU Tools for ARM Embedded Processors) 4.9.3 20150303 (release) [ARM/embedded-4_9-br
