ARM GAS  C:\Users\cps\AppData\Local\Temp\cc9jkphU.s 			page 1


   1              		.syntax unified
   2              		.cpu cortex-m3
   3              		.fpu softvfp
   4              		.eabi_attribute 20, 1
   5              		.eabi_attribute 21, 1
   6              		.eabi_attribute 23, 3
   7              		.eabi_attribute 24, 1
   8              		.eabi_attribute 25, 1
   9              		.eabi_attribute 26, 1
  10              		.eabi_attribute 30, 1
  11              		.eabi_attribute 34, 1
  12              		.eabi_attribute 18, 4
  13              		.thumb
  14              		.file	"Sensirion_I2C_PM.c"
  15              		.text
  16              	.Ltext0:
  17              		.cfi_sections	.debug_frame
  18              		.section	.text.Sensirion_I2C_SaveConfig,"ax",%progbits
  19              		.align	2
  20              		.global	Sensirion_I2C_SaveConfig
  21              		.thumb
  22              		.thumb_func
  23              		.type	Sensirion_I2C_SaveConfig, %function
  24              	Sensirion_I2C_SaveConfig:
  25              	.LFB0:
  26              		.file 1 ".\\Generated_Source\\PSoC5\\Sensirion_I2C_PM.c"
   1:.\Generated_Source\PSoC5/Sensirion_I2C_PM.c **** /*******************************************************************************
   2:.\Generated_Source\PSoC5/Sensirion_I2C_PM.c **** * File Name: Sensirion_I2C_PM.c
   3:.\Generated_Source\PSoC5/Sensirion_I2C_PM.c **** * Version 3.30
   4:.\Generated_Source\PSoC5/Sensirion_I2C_PM.c **** *
   5:.\Generated_Source\PSoC5/Sensirion_I2C_PM.c **** * Description:
   6:.\Generated_Source\PSoC5/Sensirion_I2C_PM.c **** *  This file provides Low power mode APIs for I2C component.
   7:.\Generated_Source\PSoC5/Sensirion_I2C_PM.c **** *
   8:.\Generated_Source\PSoC5/Sensirion_I2C_PM.c **** * Note:
   9:.\Generated_Source\PSoC5/Sensirion_I2C_PM.c **** *  None
  10:.\Generated_Source\PSoC5/Sensirion_I2C_PM.c **** *
  11:.\Generated_Source\PSoC5/Sensirion_I2C_PM.c **** ********************************************************************************
  12:.\Generated_Source\PSoC5/Sensirion_I2C_PM.c **** * Copyright 2008-2012, Cypress Semiconductor Corporation.  All rights reserved.
  13:.\Generated_Source\PSoC5/Sensirion_I2C_PM.c **** * You may use this file only in accordance with the license, terms, conditions,
  14:.\Generated_Source\PSoC5/Sensirion_I2C_PM.c **** * disclaimers, and limitations in the end user license agreement accompanying
  15:.\Generated_Source\PSoC5/Sensirion_I2C_PM.c **** * the software package with which this file was provided.
  16:.\Generated_Source\PSoC5/Sensirion_I2C_PM.c **** *******************************************************************************/
  17:.\Generated_Source\PSoC5/Sensirion_I2C_PM.c **** 
  18:.\Generated_Source\PSoC5/Sensirion_I2C_PM.c **** #include "Sensirion_I2C_PVT.h"
  19:.\Generated_Source\PSoC5/Sensirion_I2C_PM.c **** 
  20:.\Generated_Source\PSoC5/Sensirion_I2C_PM.c **** Sensirion_I2C_BACKUP_STRUCT Sensirion_I2C_backup =
  21:.\Generated_Source\PSoC5/Sensirion_I2C_PM.c **** {
  22:.\Generated_Source\PSoC5/Sensirion_I2C_PM.c ****     Sensirion_I2C_DISABLE, /* enableState */
  23:.\Generated_Source\PSoC5/Sensirion_I2C_PM.c **** 
  24:.\Generated_Source\PSoC5/Sensirion_I2C_PM.c ****     #if(Sensirion_I2C_FF_IMPLEMENTED)
  25:.\Generated_Source\PSoC5/Sensirion_I2C_PM.c ****         Sensirion_I2C_DEFAULT_XCFG,  /* xcfg */
  26:.\Generated_Source\PSoC5/Sensirion_I2C_PM.c ****         Sensirion_I2C_DEFAULT_CFG,   /* cfg  */
  27:.\Generated_Source\PSoC5/Sensirion_I2C_PM.c **** 
  28:.\Generated_Source\PSoC5/Sensirion_I2C_PM.c ****         #if(Sensirion_I2C_MODE_SLAVE_ENABLED)
  29:.\Generated_Source\PSoC5/Sensirion_I2C_PM.c ****             Sensirion_I2C_DEFAULT_ADDR, /* addr */
  30:.\Generated_Source\PSoC5/Sensirion_I2C_PM.c ****         #endif /* (Sensirion_I2C_MODE_SLAVE_ENABLED) */
  31:.\Generated_Source\PSoC5/Sensirion_I2C_PM.c **** 
ARM GAS  C:\Users\cps\AppData\Local\Temp\cc9jkphU.s 			page 2


  32:.\Generated_Source\PSoC5/Sensirion_I2C_PM.c ****         #if(CY_PSOC5A)
  33:.\Generated_Source\PSoC5/Sensirion_I2C_PM.c ****             LO8(Sensirion_I2C_DEFAULT_DIVIDE_FACTOR),  /* div */
  34:.\Generated_Source\PSoC5/Sensirion_I2C_PM.c ****         #else
  35:.\Generated_Source\PSoC5/Sensirion_I2C_PM.c ****             LO8(Sensirion_I2C_DEFAULT_DIVIDE_FACTOR), /* div1 */
  36:.\Generated_Source\PSoC5/Sensirion_I2C_PM.c ****             HI8(Sensirion_I2C_DEFAULT_DIVIDE_FACTOR), /* div2 */
  37:.\Generated_Source\PSoC5/Sensirion_I2C_PM.c ****         #endif /* (CY_PSOC5A) */
  38:.\Generated_Source\PSoC5/Sensirion_I2C_PM.c **** 
  39:.\Generated_Source\PSoC5/Sensirion_I2C_PM.c ****     #else  /* (Sensirion_I2C_UDB_IMPLEMENTED) */
  40:.\Generated_Source\PSoC5/Sensirion_I2C_PM.c ****         Sensirion_I2C_DEFAULT_CFG,    /* control */
  41:.\Generated_Source\PSoC5/Sensirion_I2C_PM.c **** 
  42:.\Generated_Source\PSoC5/Sensirion_I2C_PM.c ****         #if(CY_UDB_V0)
  43:.\Generated_Source\PSoC5/Sensirion_I2C_PM.c ****             Sensirion_I2C_INT_ENABLE_MASK, /* aux_ctl */
  44:.\Generated_Source\PSoC5/Sensirion_I2C_PM.c **** 
  45:.\Generated_Source\PSoC5/Sensirion_I2C_PM.c ****             #if(Sensirion_I2C_MODE_SLAVE_ENABLED)
  46:.\Generated_Source\PSoC5/Sensirion_I2C_PM.c ****                 Sensirion_I2C_DEFAULT_ADDR, /* addr_d0 */
  47:.\Generated_Source\PSoC5/Sensirion_I2C_PM.c ****             #endif /* (Sensirion_I2C_MODE_SLAVE_ENABLED) */
  48:.\Generated_Source\PSoC5/Sensirion_I2C_PM.c ****         #endif /* (CY_UDB_V0) */
  49:.\Generated_Source\PSoC5/Sensirion_I2C_PM.c ****     #endif /* (Sensirion_I2C_FF_IMPLEMENTED) */
  50:.\Generated_Source\PSoC5/Sensirion_I2C_PM.c **** 
  51:.\Generated_Source\PSoC5/Sensirion_I2C_PM.c ****     #if(Sensirion_I2C_TIMEOUT_ENABLED)
  52:.\Generated_Source\PSoC5/Sensirion_I2C_PM.c ****         Sensirion_I2C_DEFAULT_TMOUT_PERIOD,
  53:.\Generated_Source\PSoC5/Sensirion_I2C_PM.c ****         Sensirion_I2C_DEFAULT_TMOUT_INTR_MASK,
  54:.\Generated_Source\PSoC5/Sensirion_I2C_PM.c **** 
  55:.\Generated_Source\PSoC5/Sensirion_I2C_PM.c ****         #if(Sensirion_I2C_TIMEOUT_PRESCALER_ENABLED && CY_UDB_V0)
  56:.\Generated_Source\PSoC5/Sensirion_I2C_PM.c ****             Sensirion_I2C_DEFAULT_TMOUT_PRESCALER_PRD,
  57:.\Generated_Source\PSoC5/Sensirion_I2C_PM.c ****         #endif /* (Sensirion_I2C_TIMEOUT_PRESCALER_ENABLED) */
  58:.\Generated_Source\PSoC5/Sensirion_I2C_PM.c **** 
  59:.\Generated_Source\PSoC5/Sensirion_I2C_PM.c ****     #endif /* (Sensirion_I2C_TIMEOUT_ENABLED) */
  60:.\Generated_Source\PSoC5/Sensirion_I2C_PM.c **** };
  61:.\Generated_Source\PSoC5/Sensirion_I2C_PM.c **** 
  62:.\Generated_Source\PSoC5/Sensirion_I2C_PM.c **** #if((Sensirion_I2C_FF_IMPLEMENTED) && (Sensirion_I2C_WAKEUP_ENABLED))
  63:.\Generated_Source\PSoC5/Sensirion_I2C_PM.c ****     volatile uint8 Sensirion_I2C_wakeupSource;
  64:.\Generated_Source\PSoC5/Sensirion_I2C_PM.c **** #endif /* ((Sensirion_I2C_FF_IMPLEMENTED) && (Sensirion_I2C_WAKEUP_ENABLED)) */
  65:.\Generated_Source\PSoC5/Sensirion_I2C_PM.c **** 
  66:.\Generated_Source\PSoC5/Sensirion_I2C_PM.c **** 
  67:.\Generated_Source\PSoC5/Sensirion_I2C_PM.c **** /*******************************************************************************
  68:.\Generated_Source\PSoC5/Sensirion_I2C_PM.c **** * Function Name: Sensirion_I2C_SaveConfig
  69:.\Generated_Source\PSoC5/Sensirion_I2C_PM.c **** ********************************************************************************
  70:.\Generated_Source\PSoC5/Sensirion_I2C_PM.c **** *
  71:.\Generated_Source\PSoC5/Sensirion_I2C_PM.c **** * Summary:
  72:.\Generated_Source\PSoC5/Sensirion_I2C_PM.c **** *  Wakeup on address match enabled: disables I2C Master(if was enabled before go
  73:.\Generated_Source\PSoC5/Sensirion_I2C_PM.c **** *  to sleep), enables I2C backup regulator. Waits while on-going transaction be
  74:.\Generated_Source\PSoC5/Sensirion_I2C_PM.c **** *  will completed and I2C will be ready go to sleep. All incoming transaction
  75:.\Generated_Source\PSoC5/Sensirion_I2C_PM.c **** *  will be NACKed till power down will be asserted. The address match event
  76:.\Generated_Source\PSoC5/Sensirion_I2C_PM.c **** *  wakes up the chip.
  77:.\Generated_Source\PSoC5/Sensirion_I2C_PM.c **** *  Wakeup on address match disabled: saves I2C configuration and non-retention
  78:.\Generated_Source\PSoC5/Sensirion_I2C_PM.c **** *  register values.
  79:.\Generated_Source\PSoC5/Sensirion_I2C_PM.c **** *
  80:.\Generated_Source\PSoC5/Sensirion_I2C_PM.c **** * Parameters:
  81:.\Generated_Source\PSoC5/Sensirion_I2C_PM.c **** *  None
  82:.\Generated_Source\PSoC5/Sensirion_I2C_PM.c **** *
  83:.\Generated_Source\PSoC5/Sensirion_I2C_PM.c **** * Return:
  84:.\Generated_Source\PSoC5/Sensirion_I2C_PM.c **** *  None
  85:.\Generated_Source\PSoC5/Sensirion_I2C_PM.c **** *
  86:.\Generated_Source\PSoC5/Sensirion_I2C_PM.c **** * Global Variables:
  87:.\Generated_Source\PSoC5/Sensirion_I2C_PM.c **** *  Sensirion_I2C_backup - used to save component configuration and
  88:.\Generated_Source\PSoC5/Sensirion_I2C_PM.c **** *       none-retention registers before enter sleep mode.
ARM GAS  C:\Users\cps\AppData\Local\Temp\cc9jkphU.s 			page 3


  89:.\Generated_Source\PSoC5/Sensirion_I2C_PM.c **** *
  90:.\Generated_Source\PSoC5/Sensirion_I2C_PM.c **** * Reentrant:
  91:.\Generated_Source\PSoC5/Sensirion_I2C_PM.c **** *  No
  92:.\Generated_Source\PSoC5/Sensirion_I2C_PM.c **** *
  93:.\Generated_Source\PSoC5/Sensirion_I2C_PM.c **** *******************************************************************************/
  94:.\Generated_Source\PSoC5/Sensirion_I2C_PM.c **** void Sensirion_I2C_SaveConfig(void) 
  95:.\Generated_Source\PSoC5/Sensirion_I2C_PM.c **** {
  27              		.loc 1 95 0
  28              		.cfi_startproc
  29              		@ args = 0, pretend = 0, frame = 0
  30              		@ frame_needed = 0, uses_anonymous_args = 0
  31              		@ link register save eliminated.
  96:.\Generated_Source\PSoC5/Sensirion_I2C_PM.c ****     #if(Sensirion_I2C_FF_IMPLEMENTED)
  97:.\Generated_Source\PSoC5/Sensirion_I2C_PM.c ****         #if(Sensirion_I2C_WAKEUP_ENABLED)
  98:.\Generated_Source\PSoC5/Sensirion_I2C_PM.c ****             uint8 enableInterrupts;
  99:.\Generated_Source\PSoC5/Sensirion_I2C_PM.c ****         #endif /* (Sensirion_I2C_WAKEUP_ENABLED) */
 100:.\Generated_Source\PSoC5/Sensirion_I2C_PM.c **** 
 101:.\Generated_Source\PSoC5/Sensirion_I2C_PM.c ****         /* Store regiters in either Sleep mode */
 102:.\Generated_Source\PSoC5/Sensirion_I2C_PM.c ****         Sensirion_I2C_backup.cfg  = Sensirion_I2C_CFG_REG;
 103:.\Generated_Source\PSoC5/Sensirion_I2C_PM.c ****         Sensirion_I2C_backup.xcfg = Sensirion_I2C_XCFG_REG;
 104:.\Generated_Source\PSoC5/Sensirion_I2C_PM.c **** 
 105:.\Generated_Source\PSoC5/Sensirion_I2C_PM.c ****         #if(Sensirion_I2C_MODE_SLAVE_ENABLED)
 106:.\Generated_Source\PSoC5/Sensirion_I2C_PM.c ****             Sensirion_I2C_backup.addr = Sensirion_I2C_ADDR_REG;
 107:.\Generated_Source\PSoC5/Sensirion_I2C_PM.c ****         #endif /* (Sensirion_I2C_MODE_SLAVE_ENABLED) */
 108:.\Generated_Source\PSoC5/Sensirion_I2C_PM.c **** 
 109:.\Generated_Source\PSoC5/Sensirion_I2C_PM.c ****         #if(CY_PSOC5A)
 110:.\Generated_Source\PSoC5/Sensirion_I2C_PM.c ****             Sensirion_I2C_backup.clkDiv   = Sensirion_I2C_CLKDIV_REG;
 111:.\Generated_Source\PSoC5/Sensirion_I2C_PM.c ****         #else
 112:.\Generated_Source\PSoC5/Sensirion_I2C_PM.c ****             Sensirion_I2C_backup.clkDiv1  = Sensirion_I2C_CLKDIV1_REG;
 113:.\Generated_Source\PSoC5/Sensirion_I2C_PM.c ****             Sensirion_I2C_backup.clkDiv2  = Sensirion_I2C_CLKDIV2_REG;
 114:.\Generated_Source\PSoC5/Sensirion_I2C_PM.c ****         #endif /* (CY_PSOC5A) */
 115:.\Generated_Source\PSoC5/Sensirion_I2C_PM.c **** 
 116:.\Generated_Source\PSoC5/Sensirion_I2C_PM.c ****         #if(Sensirion_I2C_WAKEUP_ENABLED)
 117:.\Generated_Source\PSoC5/Sensirion_I2C_PM.c ****             /* Need to disable Master */
 118:.\Generated_Source\PSoC5/Sensirion_I2C_PM.c ****             Sensirion_I2C_CFG_REG &= ((uint8) ~Sensirion_I2C_ENABLE_MASTER);
 119:.\Generated_Source\PSoC5/Sensirion_I2C_PM.c **** 
 120:.\Generated_Source\PSoC5/Sensirion_I2C_PM.c ****             /* Enable the I2C regulator backup */
 121:.\Generated_Source\PSoC5/Sensirion_I2C_PM.c ****             enableInterrupts = CyEnterCriticalSection();
 122:.\Generated_Source\PSoC5/Sensirion_I2C_PM.c ****             Sensirion_I2C_PWRSYS_CR1_REG |= Sensirion_I2C_PWRSYS_CR1_I2C_REG_BACKUP;
 123:.\Generated_Source\PSoC5/Sensirion_I2C_PM.c ****             CyExitCriticalSection(enableInterrupts);
 124:.\Generated_Source\PSoC5/Sensirion_I2C_PM.c **** 
 125:.\Generated_Source\PSoC5/Sensirion_I2C_PM.c ****             /* 1) Set force NACK to ignore I2C transactions
 126:.\Generated_Source\PSoC5/Sensirion_I2C_PM.c ****                2) Wait while I2C will be ready go to Sleep
 127:.\Generated_Source\PSoC5/Sensirion_I2C_PM.c ****                3) These bits are cleared on wake up */
 128:.\Generated_Source\PSoC5/Sensirion_I2C_PM.c ****             Sensirion_I2C_XCFG_REG |= Sensirion_I2C_XCFG_FORCE_NACK;
 129:.\Generated_Source\PSoC5/Sensirion_I2C_PM.c ****             while(0u == (Sensirion_I2C_XCFG_REG & Sensirion_I2C_XCFG_RDY_TO_SLEEP))
 130:.\Generated_Source\PSoC5/Sensirion_I2C_PM.c ****             {
 131:.\Generated_Source\PSoC5/Sensirion_I2C_PM.c ****                 ; /* Wait when block is ready to Sleep */
 132:.\Generated_Source\PSoC5/Sensirion_I2C_PM.c ****             }
 133:.\Generated_Source\PSoC5/Sensirion_I2C_PM.c **** 
 134:.\Generated_Source\PSoC5/Sensirion_I2C_PM.c ****             /* Setup wakeup interrupt */
 135:.\Generated_Source\PSoC5/Sensirion_I2C_PM.c ****             Sensirion_I2C_DisableInt();
 136:.\Generated_Source\PSoC5/Sensirion_I2C_PM.c ****             (void) CyIntSetVector(Sensirion_I2C_ISR_NUMBER, &Sensirion_I2C_WAKEUP_ISR);
 137:.\Generated_Source\PSoC5/Sensirion_I2C_PM.c ****             Sensirion_I2C_wakeupSource = 0u;
 138:.\Generated_Source\PSoC5/Sensirion_I2C_PM.c ****             Sensirion_I2C_EnableInt();
 139:.\Generated_Source\PSoC5/Sensirion_I2C_PM.c **** 
 140:.\Generated_Source\PSoC5/Sensirion_I2C_PM.c ****         #endif /* (Sensirion_I2C_WAKEUP_ENABLED) */
ARM GAS  C:\Users\cps\AppData\Local\Temp\cc9jkphU.s 			page 4


 141:.\Generated_Source\PSoC5/Sensirion_I2C_PM.c **** 
 142:.\Generated_Source\PSoC5/Sensirion_I2C_PM.c ****     #else
 143:.\Generated_Source\PSoC5/Sensirion_I2C_PM.c ****         /* Store only address match bit */
 144:.\Generated_Source\PSoC5/Sensirion_I2C_PM.c ****         Sensirion_I2C_backup.control = (Sensirion_I2C_CFG_REG & Sensirion_I2C_CTRL_ANY_ADDRESS_MASK
  32              		.loc 1 144 0
  33 0000 034B     		ldr	r3, .L2
  34 0002 1B78     		ldrb	r3, [r3]	@ zero_extendqisi2
  35 0004 03F00803 		and	r3, r3, #8
  36 0008 024A     		ldr	r2, .L2+4
  37 000a 5370     		strb	r3, [r2, #1]
  38 000c 7047     		bx	lr
  39              	.L3:
  40 000e 00BF     		.align	2
  41              	.L2:
  42 0010 79640040 		.word	1073767545
  43 0014 00000000 		.word	.LANCHOR0
  44              		.cfi_endproc
  45              	.LFE0:
  46              		.size	Sensirion_I2C_SaveConfig, .-Sensirion_I2C_SaveConfig
  47              		.section	.text.Sensirion_I2C_Sleep,"ax",%progbits
  48              		.align	2
  49              		.global	Sensirion_I2C_Sleep
  50              		.thumb
  51              		.thumb_func
  52              		.type	Sensirion_I2C_Sleep, %function
  53              	Sensirion_I2C_Sleep:
  54              	.LFB1:
 145:.\Generated_Source\PSoC5/Sensirion_I2C_PM.c **** 
 146:.\Generated_Source\PSoC5/Sensirion_I2C_PM.c ****         #if(CY_UDB_V0)
 147:.\Generated_Source\PSoC5/Sensirion_I2C_PM.c ****             /* Store interrupt mask bits */
 148:.\Generated_Source\PSoC5/Sensirion_I2C_PM.c ****             Sensirion_I2C_backup.intMask = Sensirion_I2C_INT_MASK_REG;
 149:.\Generated_Source\PSoC5/Sensirion_I2C_PM.c **** 
 150:.\Generated_Source\PSoC5/Sensirion_I2C_PM.c ****             #if(Sensirion_I2C_MODE & Sensirion_I2C_MODE_SLAVE)
 151:.\Generated_Source\PSoC5/Sensirion_I2C_PM.c ****                 Sensirion_I2C_backup.addr = Sensirion_I2C_ADDR_REG;
 152:.\Generated_Source\PSoC5/Sensirion_I2C_PM.c ****             #endif /* (Sensirion_I2C_MODE & Sensirion_I2C_MODE_SLAVE) */
 153:.\Generated_Source\PSoC5/Sensirion_I2C_PM.c **** 
 154:.\Generated_Source\PSoC5/Sensirion_I2C_PM.c ****         #endif /* (CY_UDB_V0) */
 155:.\Generated_Source\PSoC5/Sensirion_I2C_PM.c **** 
 156:.\Generated_Source\PSoC5/Sensirion_I2C_PM.c ****     #endif /* (Sensirion_I2C_FF_IMPLEMENTED) */
 157:.\Generated_Source\PSoC5/Sensirion_I2C_PM.c **** 
 158:.\Generated_Source\PSoC5/Sensirion_I2C_PM.c ****     #if(Sensirion_I2C_TIMEOUT_ENABLED)
 159:.\Generated_Source\PSoC5/Sensirion_I2C_PM.c ****         Sensirion_I2C_TimeoutSaveConfig();   /* Save Timeout config */
 160:.\Generated_Source\PSoC5/Sensirion_I2C_PM.c ****     #endif /* (Sensirion_I2C_TIMEOUT_ENABLED) */
 161:.\Generated_Source\PSoC5/Sensirion_I2C_PM.c **** }
 162:.\Generated_Source\PSoC5/Sensirion_I2C_PM.c **** 
 163:.\Generated_Source\PSoC5/Sensirion_I2C_PM.c **** 
 164:.\Generated_Source\PSoC5/Sensirion_I2C_PM.c **** /*******************************************************************************
 165:.\Generated_Source\PSoC5/Sensirion_I2C_PM.c **** * Function Name: Sensirion_I2C_Sleep
 166:.\Generated_Source\PSoC5/Sensirion_I2C_PM.c **** ********************************************************************************
 167:.\Generated_Source\PSoC5/Sensirion_I2C_PM.c **** *
 168:.\Generated_Source\PSoC5/Sensirion_I2C_PM.c **** * Summary:
 169:.\Generated_Source\PSoC5/Sensirion_I2C_PM.c **** *  Wakeup on address match enabled: All incoming transaction will be NACKed till
 170:.\Generated_Source\PSoC5/Sensirion_I2C_PM.c **** *  power down will be asserted. The address match event wakes up the chip.
 171:.\Generated_Source\PSoC5/Sensirion_I2C_PM.c **** *  Wakeup on address match disabled: Disables active mode power template bits or
 172:.\Generated_Source\PSoC5/Sensirion_I2C_PM.c **** *  clock gating as appropriate. Saves I2C configuration and non-retention
 173:.\Generated_Source\PSoC5/Sensirion_I2C_PM.c **** *  register values.
 174:.\Generated_Source\PSoC5/Sensirion_I2C_PM.c **** *  Disables I2C interrupt.
ARM GAS  C:\Users\cps\AppData\Local\Temp\cc9jkphU.s 			page 5


 175:.\Generated_Source\PSoC5/Sensirion_I2C_PM.c **** *
 176:.\Generated_Source\PSoC5/Sensirion_I2C_PM.c **** * Parameters:
 177:.\Generated_Source\PSoC5/Sensirion_I2C_PM.c **** *  None
 178:.\Generated_Source\PSoC5/Sensirion_I2C_PM.c **** *
 179:.\Generated_Source\PSoC5/Sensirion_I2C_PM.c **** * Return:
 180:.\Generated_Source\PSoC5/Sensirion_I2C_PM.c **** *  None
 181:.\Generated_Source\PSoC5/Sensirion_I2C_PM.c **** *
 182:.\Generated_Source\PSoC5/Sensirion_I2C_PM.c **** * Reentrant:
 183:.\Generated_Source\PSoC5/Sensirion_I2C_PM.c **** *  No
 184:.\Generated_Source\PSoC5/Sensirion_I2C_PM.c **** *
 185:.\Generated_Source\PSoC5/Sensirion_I2C_PM.c **** *******************************************************************************/
 186:.\Generated_Source\PSoC5/Sensirion_I2C_PM.c **** void Sensirion_I2C_Sleep(void) 
 187:.\Generated_Source\PSoC5/Sensirion_I2C_PM.c **** {
  55              		.loc 1 187 0
  56              		.cfi_startproc
  57              		@ args = 0, pretend = 0, frame = 0
  58              		@ frame_needed = 0, uses_anonymous_args = 0
  59 0000 08B5     		push	{r3, lr}
  60              		.cfi_def_cfa_offset 8
  61              		.cfi_offset 3, -8
  62              		.cfi_offset 14, -4
 188:.\Generated_Source\PSoC5/Sensirion_I2C_PM.c ****     #if(Sensirion_I2C_WAKEUP_ENABLED)
 189:.\Generated_Source\PSoC5/Sensirion_I2C_PM.c ****         /* The I2C block should be always enabled if used as wakeup source */
 190:.\Generated_Source\PSoC5/Sensirion_I2C_PM.c ****         Sensirion_I2C_backup.enableState = Sensirion_I2C_DISABLE;
 191:.\Generated_Source\PSoC5/Sensirion_I2C_PM.c **** 
 192:.\Generated_Source\PSoC5/Sensirion_I2C_PM.c ****         #if(Sensirion_I2C_TIMEOUT_ENABLED)
 193:.\Generated_Source\PSoC5/Sensirion_I2C_PM.c ****             Sensirion_I2C_TimeoutStop();
 194:.\Generated_Source\PSoC5/Sensirion_I2C_PM.c ****         #endif /* (Sensirion_I2C_TIMEOUT_ENABLED) */
 195:.\Generated_Source\PSoC5/Sensirion_I2C_PM.c **** 
 196:.\Generated_Source\PSoC5/Sensirion_I2C_PM.c ****     #else
 197:.\Generated_Source\PSoC5/Sensirion_I2C_PM.c **** 
 198:.\Generated_Source\PSoC5/Sensirion_I2C_PM.c ****         Sensirion_I2C_backup.enableState = ((uint8) Sensirion_I2C_IS_ENABLED);
  63              		.loc 1 198 0
  64 0002 074A     		ldr	r2, .L7
  65 0004 1378     		ldrb	r3, [r2]	@ zero_extendqisi2
  66 0006 C3F34003 		ubfx	r3, r3, #1, #1
  67 000a 0649     		ldr	r1, .L7+4
  68 000c 0B70     		strb	r3, [r1]
 199:.\Generated_Source\PSoC5/Sensirion_I2C_PM.c **** 
 200:.\Generated_Source\PSoC5/Sensirion_I2C_PM.c ****         if(Sensirion_I2C_IS_ENABLED)
  69              		.loc 1 200 0
  70 000e 1378     		ldrb	r3, [r2]	@ zero_extendqisi2
  71 0010 13F0020F 		tst	r3, #2
  72 0014 01D0     		beq	.L5
 201:.\Generated_Source\PSoC5/Sensirion_I2C_PM.c ****         {
 202:.\Generated_Source\PSoC5/Sensirion_I2C_PM.c ****             Sensirion_I2C_Stop();
  73              		.loc 1 202 0
  74 0016 FFF7FEFF 		bl	Sensirion_I2C_Stop
  75              	.LVL0:
  76              	.L5:
 203:.\Generated_Source\PSoC5/Sensirion_I2C_PM.c ****         }
 204:.\Generated_Source\PSoC5/Sensirion_I2C_PM.c ****     #endif /* (Sensirion_I2C_WAKEUP_ENABLED) */
 205:.\Generated_Source\PSoC5/Sensirion_I2C_PM.c **** 
 206:.\Generated_Source\PSoC5/Sensirion_I2C_PM.c ****     Sensirion_I2C_SaveConfig();
  77              		.loc 1 206 0
  78 001a FFF7FEFF 		bl	Sensirion_I2C_SaveConfig
  79              	.LVL1:
ARM GAS  C:\Users\cps\AppData\Local\Temp\cc9jkphU.s 			page 6


  80 001e 08BD     		pop	{r3, pc}
  81              	.L8:
  82              		.align	2
  83              	.L7:
  84 0020 79640040 		.word	1073767545
  85 0024 00000000 		.word	.LANCHOR0
  86              		.cfi_endproc
  87              	.LFE1:
  88              		.size	Sensirion_I2C_Sleep, .-Sensirion_I2C_Sleep
  89              		.section	.text.Sensirion_I2C_RestoreConfig,"ax",%progbits
  90              		.align	2
  91              		.global	Sensirion_I2C_RestoreConfig
  92              		.thumb
  93              		.thumb_func
  94              		.type	Sensirion_I2C_RestoreConfig, %function
  95              	Sensirion_I2C_RestoreConfig:
  96              	.LFB2:
 207:.\Generated_Source\PSoC5/Sensirion_I2C_PM.c **** }
 208:.\Generated_Source\PSoC5/Sensirion_I2C_PM.c **** 
 209:.\Generated_Source\PSoC5/Sensirion_I2C_PM.c **** 
 210:.\Generated_Source\PSoC5/Sensirion_I2C_PM.c **** /*******************************************************************************
 211:.\Generated_Source\PSoC5/Sensirion_I2C_PM.c **** * Function Name: Sensirion_I2C_RestoreConfig
 212:.\Generated_Source\PSoC5/Sensirion_I2C_PM.c **** ********************************************************************************
 213:.\Generated_Source\PSoC5/Sensirion_I2C_PM.c **** *
 214:.\Generated_Source\PSoC5/Sensirion_I2C_PM.c **** * Summary:
 215:.\Generated_Source\PSoC5/Sensirion_I2C_PM.c **** *  Wakeup on address match enabled: enables I2C Master (if was enabled before go
 216:.\Generated_Source\PSoC5/Sensirion_I2C_PM.c **** *  to sleep), disables I2C backup regulator.
 217:.\Generated_Source\PSoC5/Sensirion_I2C_PM.c **** *  Wakeup on address match disabled: Restores I2C configuration and
 218:.\Generated_Source\PSoC5/Sensirion_I2C_PM.c **** *  non-retention register values.
 219:.\Generated_Source\PSoC5/Sensirion_I2C_PM.c **** *
 220:.\Generated_Source\PSoC5/Sensirion_I2C_PM.c **** * Parameters:
 221:.\Generated_Source\PSoC5/Sensirion_I2C_PM.c **** *  None
 222:.\Generated_Source\PSoC5/Sensirion_I2C_PM.c **** *
 223:.\Generated_Source\PSoC5/Sensirion_I2C_PM.c **** * Return:
 224:.\Generated_Source\PSoC5/Sensirion_I2C_PM.c **** *  None
 225:.\Generated_Source\PSoC5/Sensirion_I2C_PM.c **** *
 226:.\Generated_Source\PSoC5/Sensirion_I2C_PM.c **** * Global Variables:
 227:.\Generated_Source\PSoC5/Sensirion_I2C_PM.c **** *  Sensirion_I2C_backup - used to save component configuration and
 228:.\Generated_Source\PSoC5/Sensirion_I2C_PM.c **** *  none-retention registers before exit sleep mode.
 229:.\Generated_Source\PSoC5/Sensirion_I2C_PM.c **** *
 230:.\Generated_Source\PSoC5/Sensirion_I2C_PM.c **** *******************************************************************************/
 231:.\Generated_Source\PSoC5/Sensirion_I2C_PM.c **** void Sensirion_I2C_RestoreConfig(void) 
 232:.\Generated_Source\PSoC5/Sensirion_I2C_PM.c **** {
  97              		.loc 1 232 0
  98              		.cfi_startproc
  99              		@ args = 0, pretend = 0, frame = 0
 100              		@ frame_needed = 0, uses_anonymous_args = 0
 101              		@ link register save eliminated.
 233:.\Generated_Source\PSoC5/Sensirion_I2C_PM.c ****     #if(Sensirion_I2C_FF_IMPLEMENTED)
 234:.\Generated_Source\PSoC5/Sensirion_I2C_PM.c ****         uint8 enableInterrupts;
 235:.\Generated_Source\PSoC5/Sensirion_I2C_PM.c **** 
 236:.\Generated_Source\PSoC5/Sensirion_I2C_PM.c ****         if(Sensirion_I2C_CHECK_PWRSYS_I2C_BACKUP)    /* Enabled if was in Sleep */
 237:.\Generated_Source\PSoC5/Sensirion_I2C_PM.c ****         {
 238:.\Generated_Source\PSoC5/Sensirion_I2C_PM.c ****             /* Disable back-up regulator */
 239:.\Generated_Source\PSoC5/Sensirion_I2C_PM.c ****             enableInterrupts = CyEnterCriticalSection();
 240:.\Generated_Source\PSoC5/Sensirion_I2C_PM.c ****             Sensirion_I2C_PWRSYS_CR1_REG &= ((uint8) ~Sensirion_I2C_PWRSYS_CR1_I2C_REG_BACKUP);
 241:.\Generated_Source\PSoC5/Sensirion_I2C_PM.c ****             CyExitCriticalSection(enableInterrupts);
ARM GAS  C:\Users\cps\AppData\Local\Temp\cc9jkphU.s 			page 7


 242:.\Generated_Source\PSoC5/Sensirion_I2C_PM.c **** 
 243:.\Generated_Source\PSoC5/Sensirion_I2C_PM.c ****             /* Re-enable Master */
 244:.\Generated_Source\PSoC5/Sensirion_I2C_PM.c ****             Sensirion_I2C_CFG_REG = Sensirion_I2C_backup.cfg;
 245:.\Generated_Source\PSoC5/Sensirion_I2C_PM.c ****         }
 246:.\Generated_Source\PSoC5/Sensirion_I2C_PM.c ****         else /* The I2C_REG_BACKUP was cleaned by PM API: it means Hibernate or wake-up not set */
 247:.\Generated_Source\PSoC5/Sensirion_I2C_PM.c ****         {
 248:.\Generated_Source\PSoC5/Sensirion_I2C_PM.c ****             #if(Sensirion_I2C_WAKEUP_ENABLED)
 249:.\Generated_Source\PSoC5/Sensirion_I2C_PM.c ****                 /* Disable power to I2C block before register restore */
 250:.\Generated_Source\PSoC5/Sensirion_I2C_PM.c ****                 enableInterrupts = CyEnterCriticalSection();
 251:.\Generated_Source\PSoC5/Sensirion_I2C_PM.c ****                 Sensirion_I2C_ACT_PWRMGR_REG  &= ((uint8) ~Sensirion_I2C_ACT_PWR_EN);
 252:.\Generated_Source\PSoC5/Sensirion_I2C_PM.c ****                 Sensirion_I2C_STBY_PWRMGR_REG &= ((uint8) ~Sensirion_I2C_STBY_PWR_EN);
 253:.\Generated_Source\PSoC5/Sensirion_I2C_PM.c ****                 CyExitCriticalSection(enableInterrupts);
 254:.\Generated_Source\PSoC5/Sensirion_I2C_PM.c **** 
 255:.\Generated_Source\PSoC5/Sensirion_I2C_PM.c ****                 /* Enable component after restore complete */
 256:.\Generated_Source\PSoC5/Sensirion_I2C_PM.c ****                 Sensirion_I2C_backup.enableState = Sensirion_I2C_ENABLE;
 257:.\Generated_Source\PSoC5/Sensirion_I2C_PM.c ****             #endif /* (Sensirion_I2C_WAKEUP_ENABLED) */
 258:.\Generated_Source\PSoC5/Sensirion_I2C_PM.c **** 
 259:.\Generated_Source\PSoC5/Sensirion_I2C_PM.c ****             /* Restore component registers: Hibernate disable power */
 260:.\Generated_Source\PSoC5/Sensirion_I2C_PM.c ****             Sensirion_I2C_XCFG_REG = Sensirion_I2C_backup.xcfg;
 261:.\Generated_Source\PSoC5/Sensirion_I2C_PM.c ****             Sensirion_I2C_CFG_REG  = Sensirion_I2C_backup.cfg;
 262:.\Generated_Source\PSoC5/Sensirion_I2C_PM.c **** 
 263:.\Generated_Source\PSoC5/Sensirion_I2C_PM.c ****             #if(Sensirion_I2C_MODE_SLAVE_ENABLED)
 264:.\Generated_Source\PSoC5/Sensirion_I2C_PM.c ****                 Sensirion_I2C_ADDR_REG = Sensirion_I2C_backup.addr;
 265:.\Generated_Source\PSoC5/Sensirion_I2C_PM.c ****             #endif /* (Sensirion_I2C_MODE_SLAVE_ENABLED) */
 266:.\Generated_Source\PSoC5/Sensirion_I2C_PM.c **** 
 267:.\Generated_Source\PSoC5/Sensirion_I2C_PM.c ****             #if(CY_PSOC5A)
 268:.\Generated_Source\PSoC5/Sensirion_I2C_PM.c ****                 Sensirion_I2C_CLKDIV_REG  = Sensirion_I2C_backup.clkDiv;
 269:.\Generated_Source\PSoC5/Sensirion_I2C_PM.c ****             #else
 270:.\Generated_Source\PSoC5/Sensirion_I2C_PM.c ****                 Sensirion_I2C_CLKDIV1_REG = Sensirion_I2C_backup.clkDiv1;
 271:.\Generated_Source\PSoC5/Sensirion_I2C_PM.c ****                 Sensirion_I2C_CLKDIV2_REG = Sensirion_I2C_backup.clkDiv2;
 272:.\Generated_Source\PSoC5/Sensirion_I2C_PM.c ****             #endif /* (CY_PSOC5A) */
 273:.\Generated_Source\PSoC5/Sensirion_I2C_PM.c ****         }
 274:.\Generated_Source\PSoC5/Sensirion_I2C_PM.c **** 
 275:.\Generated_Source\PSoC5/Sensirion_I2C_PM.c ****         #if(Sensirion_I2C_WAKEUP_ENABLED)
 276:.\Generated_Source\PSoC5/Sensirion_I2C_PM.c ****             Sensirion_I2C_DisableInt();
 277:.\Generated_Source\PSoC5/Sensirion_I2C_PM.c ****             (void) CyIntSetVector(Sensirion_I2C_ISR_NUMBER, &Sensirion_I2C_ISR);
 278:.\Generated_Source\PSoC5/Sensirion_I2C_PM.c ****             if(0u != Sensirion_I2C_wakeupSource)
 279:.\Generated_Source\PSoC5/Sensirion_I2C_PM.c ****             {
 280:.\Generated_Source\PSoC5/Sensirion_I2C_PM.c ****                 Sensirion_I2C_SetPendingInt();   /* Generate interrupt to process incomming transca
 281:.\Generated_Source\PSoC5/Sensirion_I2C_PM.c ****             }
 282:.\Generated_Source\PSoC5/Sensirion_I2C_PM.c ****             Sensirion_I2C_EnableInt();
 283:.\Generated_Source\PSoC5/Sensirion_I2C_PM.c ****         #endif /* (Sensirion_I2C_WAKEUP_ENABLED) */
 284:.\Generated_Source\PSoC5/Sensirion_I2C_PM.c **** 
 285:.\Generated_Source\PSoC5/Sensirion_I2C_PM.c ****     #else
 286:.\Generated_Source\PSoC5/Sensirion_I2C_PM.c **** 
 287:.\Generated_Source\PSoC5/Sensirion_I2C_PM.c ****         #if(CY_UDB_V0)
 288:.\Generated_Source\PSoC5/Sensirion_I2C_PM.c ****             uint8 enableInterrupts;
 289:.\Generated_Source\PSoC5/Sensirion_I2C_PM.c **** 
 290:.\Generated_Source\PSoC5/Sensirion_I2C_PM.c ****             Sensirion_I2C_INT_MASK_REG |= Sensirion_I2C_backup.intMask;
 291:.\Generated_Source\PSoC5/Sensirion_I2C_PM.c **** 
 292:.\Generated_Source\PSoC5/Sensirion_I2C_PM.c ****             enableInterrupts = CyEnterCriticalSection();
 293:.\Generated_Source\PSoC5/Sensirion_I2C_PM.c ****             Sensirion_I2C_INT_ENABLE_REG |= Sensirion_I2C_INT_ENABLE_MASK;
 294:.\Generated_Source\PSoC5/Sensirion_I2C_PM.c ****             CyExitCriticalSection(enableInterrupts);
 295:.\Generated_Source\PSoC5/Sensirion_I2C_PM.c **** 
 296:.\Generated_Source\PSoC5/Sensirion_I2C_PM.c ****             #if(Sensirion_I2C_MODE_MASTER_ENABLED)
 297:.\Generated_Source\PSoC5/Sensirion_I2C_PM.c ****                 /* Restore Master Clock generator */
 298:.\Generated_Source\PSoC5/Sensirion_I2C_PM.c ****                 Sensirion_I2C_MCLK_PRD_REG = Sensirion_I2C_DEFAULT_MCLK_PRD;
ARM GAS  C:\Users\cps\AppData\Local\Temp\cc9jkphU.s 			page 8


 299:.\Generated_Source\PSoC5/Sensirion_I2C_PM.c ****                 Sensirion_I2C_MCLK_CMP_REG = Sensirion_I2C_DEFAULT_MCLK_CMP;
 300:.\Generated_Source\PSoC5/Sensirion_I2C_PM.c ****             #endif /* (Sensirion_I2C_MODE_MASTER_ENABLED) */
 301:.\Generated_Source\PSoC5/Sensirion_I2C_PM.c **** 
 302:.\Generated_Source\PSoC5/Sensirion_I2C_PM.c ****             #if(Sensirion_I2C_MODE_SLAVE_ENABLED)
 303:.\Generated_Source\PSoC5/Sensirion_I2C_PM.c ****                 Sensirion_I2C_ADDR_REG = Sensirion_I2C_backup.addr;
 304:.\Generated_Source\PSoC5/Sensirion_I2C_PM.c **** 
 305:.\Generated_Source\PSoC5/Sensirion_I2C_PM.c ****                 /* Restore slave bit counter period */
 306:.\Generated_Source\PSoC5/Sensirion_I2C_PM.c ****                 Sensirion_I2C_PERIOD_REG = Sensirion_I2C_DEFAULT_PERIOD;
 307:.\Generated_Source\PSoC5/Sensirion_I2C_PM.c ****             #endif /* (Sensirion_I2C_MODE_SLAVE_ENABLED) */
 308:.\Generated_Source\PSoC5/Sensirion_I2C_PM.c **** 
 309:.\Generated_Source\PSoC5/Sensirion_I2C_PM.c ****         #endif /* (CY_UDB_V0) */
 310:.\Generated_Source\PSoC5/Sensirion_I2C_PM.c **** 
 311:.\Generated_Source\PSoC5/Sensirion_I2C_PM.c ****         Sensirion_I2C_CFG_REG = Sensirion_I2C_backup.control;
 102              		.loc 1 311 0
 103 0000 024B     		ldr	r3, .L10
 104 0002 5A78     		ldrb	r2, [r3, #1]	@ zero_extendqisi2
 105 0004 024B     		ldr	r3, .L10+4
 106 0006 1A70     		strb	r2, [r3]
 107 0008 7047     		bx	lr
 108              	.L11:
 109 000a 00BF     		.align	2
 110              	.L10:
 111 000c 00000000 		.word	.LANCHOR0
 112 0010 79640040 		.word	1073767545
 113              		.cfi_endproc
 114              	.LFE2:
 115              		.size	Sensirion_I2C_RestoreConfig, .-Sensirion_I2C_RestoreConfig
 116              		.section	.text.Sensirion_I2C_Wakeup,"ax",%progbits
 117              		.align	2
 118              		.global	Sensirion_I2C_Wakeup
 119              		.thumb
 120              		.thumb_func
 121              		.type	Sensirion_I2C_Wakeup, %function
 122              	Sensirion_I2C_Wakeup:
 123              	.LFB3:
 312:.\Generated_Source\PSoC5/Sensirion_I2C_PM.c **** 
 313:.\Generated_Source\PSoC5/Sensirion_I2C_PM.c ****     #endif /* (Sensirion_I2C_FF_IMPLEMENTED) */
 314:.\Generated_Source\PSoC5/Sensirion_I2C_PM.c **** 
 315:.\Generated_Source\PSoC5/Sensirion_I2C_PM.c ****     #if(Sensirion_I2C_TIMEOUT_ENABLED)
 316:.\Generated_Source\PSoC5/Sensirion_I2C_PM.c ****         Sensirion_I2C_TimeoutRestoreConfig();
 317:.\Generated_Source\PSoC5/Sensirion_I2C_PM.c ****     #endif /* (Sensirion_I2C_TIMEOUT_ENABLED) */
 318:.\Generated_Source\PSoC5/Sensirion_I2C_PM.c **** }
 319:.\Generated_Source\PSoC5/Sensirion_I2C_PM.c **** 
 320:.\Generated_Source\PSoC5/Sensirion_I2C_PM.c **** 
 321:.\Generated_Source\PSoC5/Sensirion_I2C_PM.c **** /*******************************************************************************
 322:.\Generated_Source\PSoC5/Sensirion_I2C_PM.c **** * Function Name: Sensirion_I2C_Wakeup
 323:.\Generated_Source\PSoC5/Sensirion_I2C_PM.c **** ********************************************************************************
 324:.\Generated_Source\PSoC5/Sensirion_I2C_PM.c **** *
 325:.\Generated_Source\PSoC5/Sensirion_I2C_PM.c **** * Summary:
 326:.\Generated_Source\PSoC5/Sensirion_I2C_PM.c **** *  Wakeup on address match enabled: enables I2C Master (if was enabled before go
 327:.\Generated_Source\PSoC5/Sensirion_I2C_PM.c **** *  to sleep) and disables I2C backup regulator.
 328:.\Generated_Source\PSoC5/Sensirion_I2C_PM.c **** *  Wakeup on address match disabled: Restores I2C configuration and
 329:.\Generated_Source\PSoC5/Sensirion_I2C_PM.c **** *  non-retention register values. Restores Active mode power template bits or
 330:.\Generated_Source\PSoC5/Sensirion_I2C_PM.c **** *  clock gating as appropriate.
 331:.\Generated_Source\PSoC5/Sensirion_I2C_PM.c **** *  The I2C interrupt remains disabled after function call.
 332:.\Generated_Source\PSoC5/Sensirion_I2C_PM.c **** *
 333:.\Generated_Source\PSoC5/Sensirion_I2C_PM.c **** * Parameters:
ARM GAS  C:\Users\cps\AppData\Local\Temp\cc9jkphU.s 			page 9


 334:.\Generated_Source\PSoC5/Sensirion_I2C_PM.c **** *  None
 335:.\Generated_Source\PSoC5/Sensirion_I2C_PM.c **** *
 336:.\Generated_Source\PSoC5/Sensirion_I2C_PM.c **** * Return:
 337:.\Generated_Source\PSoC5/Sensirion_I2C_PM.c **** *  None
 338:.\Generated_Source\PSoC5/Sensirion_I2C_PM.c **** *
 339:.\Generated_Source\PSoC5/Sensirion_I2C_PM.c **** * Reentrant:
 340:.\Generated_Source\PSoC5/Sensirion_I2C_PM.c **** *  No
 341:.\Generated_Source\PSoC5/Sensirion_I2C_PM.c **** *
 342:.\Generated_Source\PSoC5/Sensirion_I2C_PM.c **** *******************************************************************************/
 343:.\Generated_Source\PSoC5/Sensirion_I2C_PM.c **** void Sensirion_I2C_Wakeup(void) 
 344:.\Generated_Source\PSoC5/Sensirion_I2C_PM.c **** {
 124              		.loc 1 344 0
 125              		.cfi_startproc
 126              		@ args = 0, pretend = 0, frame = 0
 127              		@ frame_needed = 0, uses_anonymous_args = 0
 128 0000 08B5     		push	{r3, lr}
 129              		.cfi_def_cfa_offset 8
 130              		.cfi_offset 3, -8
 131              		.cfi_offset 14, -4
 345:.\Generated_Source\PSoC5/Sensirion_I2C_PM.c ****     Sensirion_I2C_RestoreConfig();   /* Restore I2C register settings */
 132              		.loc 1 345 0
 133 0002 FFF7FEFF 		bl	Sensirion_I2C_RestoreConfig
 134              	.LVL2:
 346:.\Generated_Source\PSoC5/Sensirion_I2C_PM.c **** 
 347:.\Generated_Source\PSoC5/Sensirion_I2C_PM.c ****     /* Restore component enable state */
 348:.\Generated_Source\PSoC5/Sensirion_I2C_PM.c ****     if(0u != Sensirion_I2C_backup.enableState)
 135              		.loc 1 348 0
 136 0006 044B     		ldr	r3, .L15
 137 0008 1B78     		ldrb	r3, [r3]	@ zero_extendqisi2
 138 000a 23B1     		cbz	r3, .L12
 349:.\Generated_Source\PSoC5/Sensirion_I2C_PM.c ****     {
 350:.\Generated_Source\PSoC5/Sensirion_I2C_PM.c ****         Sensirion_I2C_Enable();
 139              		.loc 1 350 0
 140 000c FFF7FEFF 		bl	Sensirion_I2C_Enable
 141              	.LVL3:
 351:.\Generated_Source\PSoC5/Sensirion_I2C_PM.c ****         Sensirion_I2C_EnableInt();
 142              		.loc 1 351 0
 143 0010 0122     		movs	r2, #1
 144 0012 024B     		ldr	r3, .L15+4
 145 0014 1A60     		str	r2, [r3]
 146              	.L12:
 147 0016 08BD     		pop	{r3, pc}
 148              	.L16:
 149              		.align	2
 150              	.L15:
 151 0018 00000000 		.word	.LANCHOR0
 152 001c 00E100E0 		.word	-536813312
 153              		.cfi_endproc
 154              	.LFE3:
 155              		.size	Sensirion_I2C_Wakeup, .-Sensirion_I2C_Wakeup
 156              		.global	Sensirion_I2C_backup
 157              		.bss
 158              		.align	2
 159              		.set	.LANCHOR0,. + 0
 160              		.type	Sensirion_I2C_backup, %object
 161              		.size	Sensirion_I2C_backup, 2
 162              	Sensirion_I2C_backup:
ARM GAS  C:\Users\cps\AppData\Local\Temp\cc9jkphU.s 			page 10


 163 0000 0000     		.space	2
 164 0002 0000     		.text
 165              	.Letext0:
 166              		.file 2 ".\\Generated_Source\\PSoC5\\cytypes.h"
 167              		.file 3 ".\\Generated_Source\\PSoC5\\Sensirion_I2C.h"
 168              		.section	.debug_info,"",%progbits
 169              	.Ldebug_info0:
 170 0000 7C010000 		.4byte	0x17c
 171 0004 0400     		.2byte	0x4
 172 0006 00000000 		.4byte	.Ldebug_abbrev0
 173 000a 04       		.byte	0x4
 174 000b 01       		.uleb128 0x1
 175 000c E1000000 		.4byte	.LASF26
 176 0010 01       		.byte	0x1
 177 0011 59000000 		.4byte	.LASF27
 178 0015 C4010000 		.4byte	.LASF28
 179 0019 00000000 		.4byte	.Ldebug_ranges0+0
 180 001d 00000000 		.4byte	0
 181 0021 00000000 		.4byte	.Ldebug_line0
 182 0025 02       		.uleb128 0x2
 183 0026 01       		.byte	0x1
 184 0027 06       		.byte	0x6
 185 0028 97020000 		.4byte	.LASF0
 186 002c 02       		.uleb128 0x2
 187 002d 01       		.byte	0x1
 188 002e 08       		.byte	0x8
 189 002f A0000000 		.4byte	.LASF1
 190 0033 02       		.uleb128 0x2
 191 0034 02       		.byte	0x2
 192 0035 05       		.byte	0x5
 193 0036 47020000 		.4byte	.LASF2
 194 003a 02       		.uleb128 0x2
 195 003b 02       		.byte	0x2
 196 003c 07       		.byte	0x7
 197 003d 46000000 		.4byte	.LASF3
 198 0041 02       		.uleb128 0x2
 199 0042 04       		.byte	0x4
 200 0043 05       		.byte	0x5
 201 0044 82020000 		.4byte	.LASF4
 202 0048 02       		.uleb128 0x2
 203 0049 04       		.byte	0x4
 204 004a 07       		.byte	0x7
 205 004b B3000000 		.4byte	.LASF5
 206 004f 02       		.uleb128 0x2
 207 0050 08       		.byte	0x8
 208 0051 05       		.byte	0x5
 209 0052 B1010000 		.4byte	.LASF6
 210 0056 02       		.uleb128 0x2
 211 0057 08       		.byte	0x8
 212 0058 07       		.byte	0x7
 213 0059 7C010000 		.4byte	.LASF7
 214 005d 03       		.uleb128 0x3
 215 005e 04       		.byte	0x4
 216 005f 05       		.byte	0x5
 217 0060 696E7400 		.ascii	"int\000"
 218 0064 02       		.uleb128 0x2
 219 0065 04       		.byte	0x4
ARM GAS  C:\Users\cps\AppData\Local\Temp\cc9jkphU.s 			page 11


 220 0066 07       		.byte	0x7
 221 0067 6F010000 		.4byte	.LASF8
 222 006b 04       		.uleb128 0x4
 223 006c C5000000 		.4byte	.LASF9
 224 0070 02       		.byte	0x2
 225 0071 3801     		.2byte	0x138
 226 0073 2C000000 		.4byte	0x2c
 227 0077 04       		.uleb128 0x4
 228 0078 DA000000 		.4byte	.LASF10
 229 007c 02       		.byte	0x2
 230 007d 3A01     		.2byte	0x13a
 231 007f 48000000 		.4byte	0x48
 232 0083 02       		.uleb128 0x2
 233 0084 04       		.byte	0x4
 234 0085 04       		.byte	0x4
 235 0086 85000000 		.4byte	.LASF11
 236 008a 02       		.uleb128 0x2
 237 008b 08       		.byte	0x8
 238 008c 04       		.byte	0x4
 239 008d D3000000 		.4byte	.LASF12
 240 0091 02       		.uleb128 0x2
 241 0092 01       		.byte	0x1
 242 0093 08       		.byte	0x8
 243 0094 BF010000 		.4byte	.LASF13
 244 0098 04       		.uleb128 0x4
 245 0099 AE000000 		.4byte	.LASF14
 246 009d 02       		.byte	0x2
 247 009e E201     		.2byte	0x1e2
 248 00a0 A4000000 		.4byte	0xa4
 249 00a4 05       		.uleb128 0x5
 250 00a5 6B000000 		.4byte	0x6b
 251 00a9 04       		.uleb128 0x4
 252 00aa 00000000 		.4byte	.LASF15
 253 00ae 02       		.byte	0x2
 254 00af E401     		.2byte	0x1e4
 255 00b1 B5000000 		.4byte	0xb5
 256 00b5 05       		.uleb128 0x5
 257 00b6 77000000 		.4byte	0x77
 258 00ba 02       		.uleb128 0x2
 259 00bb 04       		.byte	0x4
 260 00bc 07       		.byte	0x7
 261 00bd A8010000 		.4byte	.LASF16
 262 00c1 06       		.uleb128 0x6
 263 00c2 02       		.byte	0x2
 264 00c3 03       		.byte	0x3
 265 00c4 78       		.byte	0x78
 266 00c5 E2000000 		.4byte	0xe2
 267 00c9 07       		.uleb128 0x7
 268 00ca 8B020000 		.4byte	.LASF17
 269 00ce 03       		.byte	0x3
 270 00cf 7A       		.byte	0x7a
 271 00d0 6B000000 		.4byte	0x6b
 272 00d4 00       		.byte	0
 273 00d5 07       		.uleb128 0x7
 274 00d6 CB000000 		.4byte	.LASF18
 275 00da 03       		.byte	0x3
 276 00db 8C       		.byte	0x8c
ARM GAS  C:\Users\cps\AppData\Local\Temp\cc9jkphU.s 			page 12


 277 00dc 6B000000 		.4byte	0x6b
 278 00e0 01       		.byte	0x1
 279 00e1 00       		.byte	0
 280 00e2 08       		.uleb128 0x8
 281 00e3 51020000 		.4byte	.LASF19
 282 00e7 03       		.byte	0x3
 283 00e8 A2       		.byte	0xa2
 284 00e9 C1000000 		.4byte	0xc1
 285 00ed 09       		.uleb128 0x9
 286 00ee 06000000 		.4byte	.LASF20
 287 00f2 01       		.byte	0x1
 288 00f3 5E       		.byte	0x5e
 289 00f4 00000000 		.4byte	.LFB0
 290 00f8 18000000 		.4byte	.LFE0-.LFB0
 291 00fc 01       		.uleb128 0x1
 292 00fd 9C       		.byte	0x9c
 293 00fe 0A       		.uleb128 0xa
 294 00ff 1F000000 		.4byte	.LASF22
 295 0103 01       		.byte	0x1
 296 0104 BA       		.byte	0xba
 297 0105 00000000 		.4byte	.LFB1
 298 0109 28000000 		.4byte	.LFE1-.LFB1
 299 010d 01       		.uleb128 0x1
 300 010e 9C       		.byte	0x9c
 301 010f 26010000 		.4byte	0x126
 302 0113 0B       		.uleb128 0xb
 303 0114 1A000000 		.4byte	.LVL0
 304 0118 71010000 		.4byte	0x171
 305 011c 0B       		.uleb128 0xb
 306 011d 1E000000 		.4byte	.LVL1
 307 0121 ED000000 		.4byte	0xed
 308 0125 00       		.byte	0
 309 0126 09       		.uleb128 0x9
 310 0127 2B020000 		.4byte	.LASF21
 311 012b 01       		.byte	0x1
 312 012c E7       		.byte	0xe7
 313 012d 00000000 		.4byte	.LFB2
 314 0131 14000000 		.4byte	.LFE2-.LFB2
 315 0135 01       		.uleb128 0x1
 316 0136 9C       		.byte	0x9c
 317 0137 0C       		.uleb128 0xc
 318 0138 6D020000 		.4byte	.LASF23
 319 013c 01       		.byte	0x1
 320 013d 5701     		.2byte	0x157
 321 013f 00000000 		.4byte	.LFB3
 322 0143 20000000 		.4byte	.LFE3-.LFB3
 323 0147 01       		.uleb128 0x1
 324 0148 9C       		.byte	0x9c
 325 0149 60010000 		.4byte	0x160
 326 014d 0B       		.uleb128 0xb
 327 014e 06000000 		.4byte	.LVL2
 328 0152 26010000 		.4byte	0x126
 329 0156 0B       		.uleb128 0xb
 330 0157 10000000 		.4byte	.LVL3
 331 015b 78010000 		.4byte	0x178
 332 015f 00       		.byte	0
 333 0160 0D       		.uleb128 0xd
ARM GAS  C:\Users\cps\AppData\Local\Temp\cc9jkphU.s 			page 13


 334 0161 93010000 		.4byte	.LASF29
 335 0165 01       		.byte	0x1
 336 0166 14       		.byte	0x14
 337 0167 E2000000 		.4byte	0xe2
 338 016b 05       		.uleb128 0x5
 339 016c 03       		.byte	0x3
 340 016d 00000000 		.4byte	Sensirion_I2C_backup
 341 0171 0E       		.uleb128 0xe
 342 0172 33000000 		.4byte	.LASF24
 343 0176 03       		.byte	0x3
 344 0177 AD       		.byte	0xad
 345 0178 0E       		.uleb128 0xe
 346 0179 8B000000 		.4byte	.LASF25
 347 017d 03       		.byte	0x3
 348 017e AA       		.byte	0xaa
 349 017f 00       		.byte	0
 350              		.section	.debug_abbrev,"",%progbits
 351              	.Ldebug_abbrev0:
 352 0000 01       		.uleb128 0x1
 353 0001 11       		.uleb128 0x11
 354 0002 01       		.byte	0x1
 355 0003 25       		.uleb128 0x25
 356 0004 0E       		.uleb128 0xe
 357 0005 13       		.uleb128 0x13
 358 0006 0B       		.uleb128 0xb
 359 0007 03       		.uleb128 0x3
 360 0008 0E       		.uleb128 0xe
 361 0009 1B       		.uleb128 0x1b
 362 000a 0E       		.uleb128 0xe
 363 000b 55       		.uleb128 0x55
 364 000c 17       		.uleb128 0x17
 365 000d 11       		.uleb128 0x11
 366 000e 01       		.uleb128 0x1
 367 000f 10       		.uleb128 0x10
 368 0010 17       		.uleb128 0x17
 369 0011 00       		.byte	0
 370 0012 00       		.byte	0
 371 0013 02       		.uleb128 0x2
 372 0014 24       		.uleb128 0x24
 373 0015 00       		.byte	0
 374 0016 0B       		.uleb128 0xb
 375 0017 0B       		.uleb128 0xb
 376 0018 3E       		.uleb128 0x3e
 377 0019 0B       		.uleb128 0xb
 378 001a 03       		.uleb128 0x3
 379 001b 0E       		.uleb128 0xe
 380 001c 00       		.byte	0
 381 001d 00       		.byte	0
 382 001e 03       		.uleb128 0x3
 383 001f 24       		.uleb128 0x24
 384 0020 00       		.byte	0
 385 0021 0B       		.uleb128 0xb
 386 0022 0B       		.uleb128 0xb
 387 0023 3E       		.uleb128 0x3e
 388 0024 0B       		.uleb128 0xb
 389 0025 03       		.uleb128 0x3
 390 0026 08       		.uleb128 0x8
ARM GAS  C:\Users\cps\AppData\Local\Temp\cc9jkphU.s 			page 14


 391 0027 00       		.byte	0
 392 0028 00       		.byte	0
 393 0029 04       		.uleb128 0x4
 394 002a 16       		.uleb128 0x16
 395 002b 00       		.byte	0
 396 002c 03       		.uleb128 0x3
 397 002d 0E       		.uleb128 0xe
 398 002e 3A       		.uleb128 0x3a
 399 002f 0B       		.uleb128 0xb
 400 0030 3B       		.uleb128 0x3b
 401 0031 05       		.uleb128 0x5
 402 0032 49       		.uleb128 0x49
 403 0033 13       		.uleb128 0x13
 404 0034 00       		.byte	0
 405 0035 00       		.byte	0
 406 0036 05       		.uleb128 0x5
 407 0037 35       		.uleb128 0x35
 408 0038 00       		.byte	0
 409 0039 49       		.uleb128 0x49
 410 003a 13       		.uleb128 0x13
 411 003b 00       		.byte	0
 412 003c 00       		.byte	0
 413 003d 06       		.uleb128 0x6
 414 003e 13       		.uleb128 0x13
 415 003f 01       		.byte	0x1
 416 0040 0B       		.uleb128 0xb
 417 0041 0B       		.uleb128 0xb
 418 0042 3A       		.uleb128 0x3a
 419 0043 0B       		.uleb128 0xb
 420 0044 3B       		.uleb128 0x3b
 421 0045 0B       		.uleb128 0xb
 422 0046 01       		.uleb128 0x1
 423 0047 13       		.uleb128 0x13
 424 0048 00       		.byte	0
 425 0049 00       		.byte	0
 426 004a 07       		.uleb128 0x7
 427 004b 0D       		.uleb128 0xd
 428 004c 00       		.byte	0
 429 004d 03       		.uleb128 0x3
 430 004e 0E       		.uleb128 0xe
 431 004f 3A       		.uleb128 0x3a
 432 0050 0B       		.uleb128 0xb
 433 0051 3B       		.uleb128 0x3b
 434 0052 0B       		.uleb128 0xb
 435 0053 49       		.uleb128 0x49
 436 0054 13       		.uleb128 0x13
 437 0055 38       		.uleb128 0x38
 438 0056 0B       		.uleb128 0xb
 439 0057 00       		.byte	0
 440 0058 00       		.byte	0
 441 0059 08       		.uleb128 0x8
 442 005a 16       		.uleb128 0x16
 443 005b 00       		.byte	0
 444 005c 03       		.uleb128 0x3
 445 005d 0E       		.uleb128 0xe
 446 005e 3A       		.uleb128 0x3a
 447 005f 0B       		.uleb128 0xb
ARM GAS  C:\Users\cps\AppData\Local\Temp\cc9jkphU.s 			page 15


 448 0060 3B       		.uleb128 0x3b
 449 0061 0B       		.uleb128 0xb
 450 0062 49       		.uleb128 0x49
 451 0063 13       		.uleb128 0x13
 452 0064 00       		.byte	0
 453 0065 00       		.byte	0
 454 0066 09       		.uleb128 0x9
 455 0067 2E       		.uleb128 0x2e
 456 0068 00       		.byte	0
 457 0069 3F       		.uleb128 0x3f
 458 006a 19       		.uleb128 0x19
 459 006b 03       		.uleb128 0x3
 460 006c 0E       		.uleb128 0xe
 461 006d 3A       		.uleb128 0x3a
 462 006e 0B       		.uleb128 0xb
 463 006f 3B       		.uleb128 0x3b
 464 0070 0B       		.uleb128 0xb
 465 0071 27       		.uleb128 0x27
 466 0072 19       		.uleb128 0x19
 467 0073 11       		.uleb128 0x11
 468 0074 01       		.uleb128 0x1
 469 0075 12       		.uleb128 0x12
 470 0076 06       		.uleb128 0x6
 471 0077 40       		.uleb128 0x40
 472 0078 18       		.uleb128 0x18
 473 0079 9742     		.uleb128 0x2117
 474 007b 19       		.uleb128 0x19
 475 007c 00       		.byte	0
 476 007d 00       		.byte	0
 477 007e 0A       		.uleb128 0xa
 478 007f 2E       		.uleb128 0x2e
 479 0080 01       		.byte	0x1
 480 0081 3F       		.uleb128 0x3f
 481 0082 19       		.uleb128 0x19
 482 0083 03       		.uleb128 0x3
 483 0084 0E       		.uleb128 0xe
 484 0085 3A       		.uleb128 0x3a
 485 0086 0B       		.uleb128 0xb
 486 0087 3B       		.uleb128 0x3b
 487 0088 0B       		.uleb128 0xb
 488 0089 27       		.uleb128 0x27
 489 008a 19       		.uleb128 0x19
 490 008b 11       		.uleb128 0x11
 491 008c 01       		.uleb128 0x1
 492 008d 12       		.uleb128 0x12
 493 008e 06       		.uleb128 0x6
 494 008f 40       		.uleb128 0x40
 495 0090 18       		.uleb128 0x18
 496 0091 9742     		.uleb128 0x2117
 497 0093 19       		.uleb128 0x19
 498 0094 01       		.uleb128 0x1
 499 0095 13       		.uleb128 0x13
 500 0096 00       		.byte	0
 501 0097 00       		.byte	0
 502 0098 0B       		.uleb128 0xb
 503 0099 898201   		.uleb128 0x4109
 504 009c 00       		.byte	0
ARM GAS  C:\Users\cps\AppData\Local\Temp\cc9jkphU.s 			page 16


 505 009d 11       		.uleb128 0x11
 506 009e 01       		.uleb128 0x1
 507 009f 31       		.uleb128 0x31
 508 00a0 13       		.uleb128 0x13
 509 00a1 00       		.byte	0
 510 00a2 00       		.byte	0
 511 00a3 0C       		.uleb128 0xc
 512 00a4 2E       		.uleb128 0x2e
 513 00a5 01       		.byte	0x1
 514 00a6 3F       		.uleb128 0x3f
 515 00a7 19       		.uleb128 0x19
 516 00a8 03       		.uleb128 0x3
 517 00a9 0E       		.uleb128 0xe
 518 00aa 3A       		.uleb128 0x3a
 519 00ab 0B       		.uleb128 0xb
 520 00ac 3B       		.uleb128 0x3b
 521 00ad 05       		.uleb128 0x5
 522 00ae 27       		.uleb128 0x27
 523 00af 19       		.uleb128 0x19
 524 00b0 11       		.uleb128 0x11
 525 00b1 01       		.uleb128 0x1
 526 00b2 12       		.uleb128 0x12
 527 00b3 06       		.uleb128 0x6
 528 00b4 40       		.uleb128 0x40
 529 00b5 18       		.uleb128 0x18
 530 00b6 9742     		.uleb128 0x2117
 531 00b8 19       		.uleb128 0x19
 532 00b9 01       		.uleb128 0x1
 533 00ba 13       		.uleb128 0x13
 534 00bb 00       		.byte	0
 535 00bc 00       		.byte	0
 536 00bd 0D       		.uleb128 0xd
 537 00be 34       		.uleb128 0x34
 538 00bf 00       		.byte	0
 539 00c0 03       		.uleb128 0x3
 540 00c1 0E       		.uleb128 0xe
 541 00c2 3A       		.uleb128 0x3a
 542 00c3 0B       		.uleb128 0xb
 543 00c4 3B       		.uleb128 0x3b
 544 00c5 0B       		.uleb128 0xb
 545 00c6 49       		.uleb128 0x49
 546 00c7 13       		.uleb128 0x13
 547 00c8 3F       		.uleb128 0x3f
 548 00c9 19       		.uleb128 0x19
 549 00ca 02       		.uleb128 0x2
 550 00cb 18       		.uleb128 0x18
 551 00cc 00       		.byte	0
 552 00cd 00       		.byte	0
 553 00ce 0E       		.uleb128 0xe
 554 00cf 2E       		.uleb128 0x2e
 555 00d0 00       		.byte	0
 556 00d1 3F       		.uleb128 0x3f
 557 00d2 19       		.uleb128 0x19
 558 00d3 03       		.uleb128 0x3
 559 00d4 0E       		.uleb128 0xe
 560 00d5 3A       		.uleb128 0x3a
 561 00d6 0B       		.uleb128 0xb
ARM GAS  C:\Users\cps\AppData\Local\Temp\cc9jkphU.s 			page 17


 562 00d7 3B       		.uleb128 0x3b
 563 00d8 0B       		.uleb128 0xb
 564 00d9 27       		.uleb128 0x27
 565 00da 19       		.uleb128 0x19
 566 00db 3C       		.uleb128 0x3c
 567 00dc 19       		.uleb128 0x19
 568 00dd 00       		.byte	0
 569 00de 00       		.byte	0
 570 00df 00       		.byte	0
 571              		.section	.debug_aranges,"",%progbits
 572 0000 34000000 		.4byte	0x34
 573 0004 0200     		.2byte	0x2
 574 0006 00000000 		.4byte	.Ldebug_info0
 575 000a 04       		.byte	0x4
 576 000b 00       		.byte	0
 577 000c 0000     		.2byte	0
 578 000e 0000     		.2byte	0
 579 0010 00000000 		.4byte	.LFB0
 580 0014 18000000 		.4byte	.LFE0-.LFB0
 581 0018 00000000 		.4byte	.LFB1
 582 001c 28000000 		.4byte	.LFE1-.LFB1
 583 0020 00000000 		.4byte	.LFB2
 584 0024 14000000 		.4byte	.LFE2-.LFB2
 585 0028 00000000 		.4byte	.LFB3
 586 002c 20000000 		.4byte	.LFE3-.LFB3
 587 0030 00000000 		.4byte	0
 588 0034 00000000 		.4byte	0
 589              		.section	.debug_ranges,"",%progbits
 590              	.Ldebug_ranges0:
 591 0000 00000000 		.4byte	.LFB0
 592 0004 18000000 		.4byte	.LFE0
 593 0008 00000000 		.4byte	.LFB1
 594 000c 28000000 		.4byte	.LFE1
 595 0010 00000000 		.4byte	.LFB2
 596 0014 14000000 		.4byte	.LFE2
 597 0018 00000000 		.4byte	.LFB3
 598 001c 20000000 		.4byte	.LFE3
 599 0020 00000000 		.4byte	0
 600 0024 00000000 		.4byte	0
 601              		.section	.debug_line,"",%progbits
 602              	.Ldebug_line0:
 603 0000 B9000000 		.section	.debug_str,"MS",%progbits,1
 603      02006200 
 603      00000201 
 603      FB0E0D00 
 603      01010101 
 604              	.LASF15:
 605 0000 72656733 		.ascii	"reg32\000"
 605      3200
 606              	.LASF20:
 607 0006 53656E73 		.ascii	"Sensirion_I2C_SaveConfig\000"
 607      6972696F 
 607      6E5F4932 
 607      435F5361 
 607      7665436F 
 608              	.LASF22:
 609 001f 53656E73 		.ascii	"Sensirion_I2C_Sleep\000"
ARM GAS  C:\Users\cps\AppData\Local\Temp\cc9jkphU.s 			page 18


 609      6972696F 
 609      6E5F4932 
 609      435F536C 
 609      65657000 
 610              	.LASF24:
 611 0033 53656E73 		.ascii	"Sensirion_I2C_Stop\000"
 611      6972696F 
 611      6E5F4932 
 611      435F5374 
 611      6F7000
 612              	.LASF3:
 613 0046 73686F72 		.ascii	"short unsigned int\000"
 613      7420756E 
 613      7369676E 
 613      65642069 
 613      6E7400
 614              	.LASF27:
 615 0059 2E5C4765 		.ascii	".\\Generated_Source\\PSoC5\\Sensirion_I2C_PM.c\000"
 615      6E657261 
 615      7465645F 
 615      536F7572 
 615      63655C50 
 616              	.LASF11:
 617 0085 666C6F61 		.ascii	"float\000"
 617      7400
 618              	.LASF25:
 619 008b 53656E73 		.ascii	"Sensirion_I2C_Enable\000"
 619      6972696F 
 619      6E5F4932 
 619      435F456E 
 619      61626C65 
 620              	.LASF1:
 621 00a0 756E7369 		.ascii	"unsigned char\000"
 621      676E6564 
 621      20636861 
 621      7200
 622              	.LASF14:
 623 00ae 72656738 		.ascii	"reg8\000"
 623      00
 624              	.LASF5:
 625 00b3 6C6F6E67 		.ascii	"long unsigned int\000"
 625      20756E73 
 625      69676E65 
 625      6420696E 
 625      7400
 626              	.LASF9:
 627 00c5 75696E74 		.ascii	"uint8\000"
 627      3800
 628              	.LASF18:
 629 00cb 636F6E74 		.ascii	"control\000"
 629      726F6C00 
 630              	.LASF12:
 631 00d3 646F7562 		.ascii	"double\000"
 631      6C6500
 632              	.LASF10:
 633 00da 75696E74 		.ascii	"uint32\000"
 633      333200
ARM GAS  C:\Users\cps\AppData\Local\Temp\cc9jkphU.s 			page 19


 634              	.LASF26:
 635 00e1 474E5520 		.ascii	"GNU C 4.9.3 20150303 (release) [ARM/embedded-4_9-br"
 635      4320342E 
 635      392E3320 
 635      32303135 
 635      30333033 
 636 0114 616E6368 		.ascii	"anch revision 221220] -mcpu=cortex-m3 -mthumb -g -O"
 636      20726576 
 636      6973696F 
 636      6E203232 
 636      31323230 
 637 0147 67202D66 		.ascii	"g -ffunction-sections -ffat-lto-objects\000"
 637      66756E63 
 637      74696F6E 
 637      2D736563 
 637      74696F6E 
 638              	.LASF8:
 639 016f 756E7369 		.ascii	"unsigned int\000"
 639      676E6564 
 639      20696E74 
 639      00
 640              	.LASF7:
 641 017c 6C6F6E67 		.ascii	"long long unsigned int\000"
 641      206C6F6E 
 641      6720756E 
 641      7369676E 
 641      65642069 
 642              	.LASF29:
 643 0193 53656E73 		.ascii	"Sensirion_I2C_backup\000"
 643      6972696F 
 643      6E5F4932 
 643      435F6261 
 643      636B7570 
 644              	.LASF16:
 645 01a8 73697A65 		.ascii	"sizetype\000"
 645      74797065 
 645      00
 646              	.LASF6:
 647 01b1 6C6F6E67 		.ascii	"long long int\000"
 647      206C6F6E 
 647      6720696E 
 647      7400
 648              	.LASF13:
 649 01bf 63686172 		.ascii	"char\000"
 649      00
 650              	.LASF28:
 651 01c4 433A5C55 		.ascii	"C:\\Users\\cps\\Documents\\neoapi\\Project Template"
 651      73657273 
 651      5C637073 
 651      5C446F63 
 651      756D656E 
 652 01f2 735C5365 		.ascii	"s\\Sensor Examples\\Example Sensors\\Sensirion_Temp"
 652      6E736F72 
 652      20457861 
 652      6D706C65 
 652      735C4578 
 653 0222 52482E63 		.ascii	"RH.cydsn\000"
ARM GAS  C:\Users\cps\AppData\Local\Temp\cc9jkphU.s 			page 20


 653      7964736E 
 653      00
 654              	.LASF21:
 655 022b 53656E73 		.ascii	"Sensirion_I2C_RestoreConfig\000"
 655      6972696F 
 655      6E5F4932 
 655      435F5265 
 655      73746F72 
 656              	.LASF2:
 657 0247 73686F72 		.ascii	"short int\000"
 657      7420696E 
 657      7400
 658              	.LASF19:
 659 0251 53656E73 		.ascii	"Sensirion_I2C_BACKUP_STRUCT\000"
 659      6972696F 
 659      6E5F4932 
 659      435F4241 
 659      434B5550 
 660              	.LASF23:
 661 026d 53656E73 		.ascii	"Sensirion_I2C_Wakeup\000"
 661      6972696F 
 661      6E5F4932 
 661      435F5761 
 661      6B657570 
 662              	.LASF4:
 663 0282 6C6F6E67 		.ascii	"long int\000"
 663      20696E74 
 663      00
 664              	.LASF17:
 665 028b 656E6162 		.ascii	"enableState\000"
 665      6C655374 
 665      61746500 
 666              	.LASF0:
 667 0297 7369676E 		.ascii	"signed char\000"
 667      65642063 
 667      68617200 
 668              		.ident	"GCC: (GNU Tools for ARM Embedded Processors) 4.9.3 20150303 (release) [ARM/embedded-4_9-br
