ARM GAS  C:\Users\karunmj\AppData\Local\Temp\ccmkVaXq.s 			page 1


   1              		.syntax unified
   2              		.cpu cortex-m3
   3              		.fpu softvfp
   4              		.eabi_attribute 20, 1
   5              		.eabi_attribute 21, 1
   6              		.eabi_attribute 23, 3
   7              		.eabi_attribute 24, 1
   8              		.eabi_attribute 25, 1
   9              		.eabi_attribute 26, 1
  10              		.eabi_attribute 30, 6
  11              		.eabi_attribute 18, 4
  12              		.thumb
  13              		.file	"ADC_SAR_1_PM.c"
  14              		.section	.debug_abbrev,"",%progbits
  15              	.Ldebug_abbrev0:
  16              		.section	.debug_info,"",%progbits
  17              	.Ldebug_info0:
  18              		.section	.debug_line,"",%progbits
  19              	.Ldebug_line0:
  20 0000 C7000000 		.text
  20      02007400 
  20      00000201 
  20      FB0E0D00 
  20      01010101 
  21              	.Ltext0:
  22              		.cfi_sections	.debug_frame
  23              		.bss
  24              		.align	2
  25              	ADC_SAR_1_backup:
  26 0000 00       		.space	1
  27 0001 000000   		.section	.text.ADC_SAR_1_SaveConfig,"ax",%progbits
  28              		.align	2
  29              		.global	ADC_SAR_1_SaveConfig
  30              		.thumb
  31              		.thumb_func
  32              		.type	ADC_SAR_1_SaveConfig, %function
  33              	ADC_SAR_1_SaveConfig:
  34              	.LFB0:
  35              		.file 1 ".\\Generated_Source\\PSoC5\\ADC_SAR_1_PM.c"
   1:.\Generated_Source\PSoC5/ADC_SAR_1_PM.c **** /*******************************************************************************
   2:.\Generated_Source\PSoC5/ADC_SAR_1_PM.c **** * File Name: ADC_SAR_1_PM.c
   3:.\Generated_Source\PSoC5/ADC_SAR_1_PM.c **** * Version 2.0
   4:.\Generated_Source\PSoC5/ADC_SAR_1_PM.c **** *
   5:.\Generated_Source\PSoC5/ADC_SAR_1_PM.c **** * Description:
   6:.\Generated_Source\PSoC5/ADC_SAR_1_PM.c **** *  This file provides Sleep/WakeUp APIs functionality.
   7:.\Generated_Source\PSoC5/ADC_SAR_1_PM.c **** *
   8:.\Generated_Source\PSoC5/ADC_SAR_1_PM.c **** * Note:
   9:.\Generated_Source\PSoC5/ADC_SAR_1_PM.c **** *
  10:.\Generated_Source\PSoC5/ADC_SAR_1_PM.c **** ********************************************************************************
  11:.\Generated_Source\PSoC5/ADC_SAR_1_PM.c **** * Copyright 2008-2012, Cypress Semiconductor Corporation.  All rights reserved.
  12:.\Generated_Source\PSoC5/ADC_SAR_1_PM.c **** * You may use this file only in accordance with the license, terms, conditions,
  13:.\Generated_Source\PSoC5/ADC_SAR_1_PM.c **** * disclaimers, and limitations in the end user license agreement accompanying
  14:.\Generated_Source\PSoC5/ADC_SAR_1_PM.c **** * the software package with which this file was provided.
  15:.\Generated_Source\PSoC5/ADC_SAR_1_PM.c **** *******************************************************************************/
  16:.\Generated_Source\PSoC5/ADC_SAR_1_PM.c **** 
  17:.\Generated_Source\PSoC5/ADC_SAR_1_PM.c **** #include "ADC_SAR_1.h"
  18:.\Generated_Source\PSoC5/ADC_SAR_1_PM.c **** 
ARM GAS  C:\Users\karunmj\AppData\Local\Temp\ccmkVaXq.s 			page 2


  19:.\Generated_Source\PSoC5/ADC_SAR_1_PM.c **** 
  20:.\Generated_Source\PSoC5/ADC_SAR_1_PM.c **** /***************************************
  21:.\Generated_Source\PSoC5/ADC_SAR_1_PM.c **** * Local data allocation
  22:.\Generated_Source\PSoC5/ADC_SAR_1_PM.c **** ***************************************/
  23:.\Generated_Source\PSoC5/ADC_SAR_1_PM.c **** 
  24:.\Generated_Source\PSoC5/ADC_SAR_1_PM.c **** static ADC_SAR_1_BACKUP_STRUCT  ADC_SAR_1_backup =
  25:.\Generated_Source\PSoC5/ADC_SAR_1_PM.c **** {
  26:.\Generated_Source\PSoC5/ADC_SAR_1_PM.c ****     ADC_SAR_1_DISABLED
  27:.\Generated_Source\PSoC5/ADC_SAR_1_PM.c **** };
  28:.\Generated_Source\PSoC5/ADC_SAR_1_PM.c **** 
  29:.\Generated_Source\PSoC5/ADC_SAR_1_PM.c **** 
  30:.\Generated_Source\PSoC5/ADC_SAR_1_PM.c **** /*******************************************************************************
  31:.\Generated_Source\PSoC5/ADC_SAR_1_PM.c **** * Function Name: ADC_SAR_1_SaveConfig
  32:.\Generated_Source\PSoC5/ADC_SAR_1_PM.c **** ********************************************************************************
  33:.\Generated_Source\PSoC5/ADC_SAR_1_PM.c **** *
  34:.\Generated_Source\PSoC5/ADC_SAR_1_PM.c **** * Summary:
  35:.\Generated_Source\PSoC5/ADC_SAR_1_PM.c **** *  Saves the current user configuration.
  36:.\Generated_Source\PSoC5/ADC_SAR_1_PM.c **** *
  37:.\Generated_Source\PSoC5/ADC_SAR_1_PM.c **** * Parameters:
  38:.\Generated_Source\PSoC5/ADC_SAR_1_PM.c **** *  None.
  39:.\Generated_Source\PSoC5/ADC_SAR_1_PM.c **** *
  40:.\Generated_Source\PSoC5/ADC_SAR_1_PM.c **** * Return:
  41:.\Generated_Source\PSoC5/ADC_SAR_1_PM.c **** *  None.
  42:.\Generated_Source\PSoC5/ADC_SAR_1_PM.c **** *
  43:.\Generated_Source\PSoC5/ADC_SAR_1_PM.c **** *******************************************************************************/
  44:.\Generated_Source\PSoC5/ADC_SAR_1_PM.c **** void ADC_SAR_1_SaveConfig(void)
  45:.\Generated_Source\PSoC5/ADC_SAR_1_PM.c **** {
  36              		.loc 1 45 0
  37              		.cfi_startproc
  38              		@ args = 0, pretend = 0, frame = 0
  39              		@ frame_needed = 1, uses_anonymous_args = 0
  40              		@ link register save eliminated.
  41 0000 80B4     		push	{r7}
  42              	.LCFI0:
  43              		.cfi_def_cfa_offset 4
  44 0002 00AF     		add	r7, sp, #0
  45              		.cfi_offset 7, -4
  46              	.LCFI1:
  47              		.cfi_def_cfa_register 7
  46:.\Generated_Source\PSoC5/ADC_SAR_1_PM.c ****     /* All configuration registers are marked as [reset_all_retention] */
  47:.\Generated_Source\PSoC5/ADC_SAR_1_PM.c **** }
  48              		.loc 1 47 0
  49 0004 BD46     		mov	sp, r7
  50 0006 80BC     		pop	{r7}
  51 0008 7047     		bx	lr
  52              		.cfi_endproc
  53              	.LFE0:
  54              		.size	ADC_SAR_1_SaveConfig, .-ADC_SAR_1_SaveConfig
  55 000a 00BF     		.section	.text.ADC_SAR_1_RestoreConfig,"ax",%progbits
  56              		.align	2
  57              		.global	ADC_SAR_1_RestoreConfig
  58              		.thumb
  59              		.thumb_func
  60              		.type	ADC_SAR_1_RestoreConfig, %function
  61              	ADC_SAR_1_RestoreConfig:
  62              	.LFB1:
  48:.\Generated_Source\PSoC5/ADC_SAR_1_PM.c **** 
ARM GAS  C:\Users\karunmj\AppData\Local\Temp\ccmkVaXq.s 			page 3


  49:.\Generated_Source\PSoC5/ADC_SAR_1_PM.c **** 
  50:.\Generated_Source\PSoC5/ADC_SAR_1_PM.c **** /*******************************************************************************
  51:.\Generated_Source\PSoC5/ADC_SAR_1_PM.c **** * Function Name: ADC_SAR_1_RestoreConfig
  52:.\Generated_Source\PSoC5/ADC_SAR_1_PM.c **** ********************************************************************************
  53:.\Generated_Source\PSoC5/ADC_SAR_1_PM.c **** *
  54:.\Generated_Source\PSoC5/ADC_SAR_1_PM.c **** * Summary:
  55:.\Generated_Source\PSoC5/ADC_SAR_1_PM.c **** *  Restores the current user configuration.
  56:.\Generated_Source\PSoC5/ADC_SAR_1_PM.c **** *
  57:.\Generated_Source\PSoC5/ADC_SAR_1_PM.c **** * Parameters:
  58:.\Generated_Source\PSoC5/ADC_SAR_1_PM.c **** *  None.
  59:.\Generated_Source\PSoC5/ADC_SAR_1_PM.c **** *
  60:.\Generated_Source\PSoC5/ADC_SAR_1_PM.c **** * Return:
  61:.\Generated_Source\PSoC5/ADC_SAR_1_PM.c **** *  None.
  62:.\Generated_Source\PSoC5/ADC_SAR_1_PM.c **** *
  63:.\Generated_Source\PSoC5/ADC_SAR_1_PM.c **** *******************************************************************************/
  64:.\Generated_Source\PSoC5/ADC_SAR_1_PM.c **** void ADC_SAR_1_RestoreConfig(void)
  65:.\Generated_Source\PSoC5/ADC_SAR_1_PM.c **** {
  63              		.loc 1 65 0
  64              		.cfi_startproc
  65              		@ args = 0, pretend = 0, frame = 0
  66              		@ frame_needed = 1, uses_anonymous_args = 0
  67              		@ link register save eliminated.
  68 0000 80B4     		push	{r7}
  69              	.LCFI2:
  70              		.cfi_def_cfa_offset 4
  71 0002 00AF     		add	r7, sp, #0
  72              		.cfi_offset 7, -4
  73              	.LCFI3:
  74              		.cfi_def_cfa_register 7
  66:.\Generated_Source\PSoC5/ADC_SAR_1_PM.c ****     /* All congiguration registers are marked as [reset_all_retention] */
  67:.\Generated_Source\PSoC5/ADC_SAR_1_PM.c **** }
  75              		.loc 1 67 0
  76 0004 BD46     		mov	sp, r7
  77 0006 80BC     		pop	{r7}
  78 0008 7047     		bx	lr
  79              		.cfi_endproc
  80              	.LFE1:
  81              		.size	ADC_SAR_1_RestoreConfig, .-ADC_SAR_1_RestoreConfig
  82 000a 00BF     		.section	.text.ADC_SAR_1_Sleep,"ax",%progbits
  83              		.align	2
  84              		.global	ADC_SAR_1_Sleep
  85              		.thumb
  86              		.thumb_func
  87              		.type	ADC_SAR_1_Sleep, %function
  88              	ADC_SAR_1_Sleep:
  89              	.LFB2:
  68:.\Generated_Source\PSoC5/ADC_SAR_1_PM.c **** 
  69:.\Generated_Source\PSoC5/ADC_SAR_1_PM.c **** 
  70:.\Generated_Source\PSoC5/ADC_SAR_1_PM.c **** /*******************************************************************************
  71:.\Generated_Source\PSoC5/ADC_SAR_1_PM.c **** * Function Name: ADC_SAR_1_Sleep
  72:.\Generated_Source\PSoC5/ADC_SAR_1_PM.c **** ********************************************************************************
  73:.\Generated_Source\PSoC5/ADC_SAR_1_PM.c **** *
  74:.\Generated_Source\PSoC5/ADC_SAR_1_PM.c **** * Summary:
  75:.\Generated_Source\PSoC5/ADC_SAR_1_PM.c **** *  Stops and saves the user configuration
  76:.\Generated_Source\PSoC5/ADC_SAR_1_PM.c **** *
  77:.\Generated_Source\PSoC5/ADC_SAR_1_PM.c **** * Parameters:
  78:.\Generated_Source\PSoC5/ADC_SAR_1_PM.c **** *  None.
ARM GAS  C:\Users\karunmj\AppData\Local\Temp\ccmkVaXq.s 			page 4


  79:.\Generated_Source\PSoC5/ADC_SAR_1_PM.c **** *
  80:.\Generated_Source\PSoC5/ADC_SAR_1_PM.c **** * Return:
  81:.\Generated_Source\PSoC5/ADC_SAR_1_PM.c **** *  None.
  82:.\Generated_Source\PSoC5/ADC_SAR_1_PM.c **** *
  83:.\Generated_Source\PSoC5/ADC_SAR_1_PM.c **** * Global Variables:
  84:.\Generated_Source\PSoC5/ADC_SAR_1_PM.c **** *  ADC_SAR_1_backup - modified.
  85:.\Generated_Source\PSoC5/ADC_SAR_1_PM.c **** *
  86:.\Generated_Source\PSoC5/ADC_SAR_1_PM.c **** *******************************************************************************/
  87:.\Generated_Source\PSoC5/ADC_SAR_1_PM.c **** void ADC_SAR_1_Sleep(void)
  88:.\Generated_Source\PSoC5/ADC_SAR_1_PM.c **** {
  90              		.loc 1 88 0
  91              		.cfi_startproc
  92              		@ args = 0, pretend = 0, frame = 0
  93              		@ frame_needed = 1, uses_anonymous_args = 0
  94 0000 80B5     		push	{r7, lr}
  95              	.LCFI4:
  96              		.cfi_def_cfa_offset 8
  97 0002 00AF     		add	r7, sp, #0
  98              		.cfi_offset 14, -4
  99              		.cfi_offset 7, -8
 100              	.LCFI5:
 101              		.cfi_def_cfa_register 7
  89:.\Generated_Source\PSoC5/ADC_SAR_1_PM.c ****     if((ADC_SAR_1_PWRMGR_SAR_REG  & ADC_SAR_1_ACT_PWR_SAR_EN) != 0u)
 102              		.loc 1 89 0
 103 0004 44F2AB33 		movw	r3, #:lower16:1073759147
 104 0008 C4F20003 		movt	r3, #:upper16:1073759147
 105 000c 1B78     		ldrb	r3, [r3, #0]
 106 000e DBB2     		uxtb	r3, r3
 107 0010 03F00103 		and	r3, r3, #1
 108 0014 DBB2     		uxtb	r3, r3
 109 0016 002B     		cmp	r3, #0
 110 0018 1CD0     		beq	.L6
  90:.\Generated_Source\PSoC5/ADC_SAR_1_PM.c ****     {
  91:.\Generated_Source\PSoC5/ADC_SAR_1_PM.c ****         if((ADC_SAR_1_SAR_CSR0_REG & ADC_SAR_1_SAR_SOF_START_CONV) != 0u)
 111              		.loc 1 91 0
 112 001a 45F60013 		movw	r3, #:lower16:1073764608
 113 001e C4F20003 		movt	r3, #:upper16:1073764608
 114 0022 1B78     		ldrb	r3, [r3, #0]
 115 0024 DBB2     		uxtb	r3, r3
 116 0026 03F00103 		and	r3, r3, #1
 117 002a DBB2     		uxtb	r3, r3
 118 002c 002B     		cmp	r3, #0
 119 002e 07D0     		beq	.L7
  92:.\Generated_Source\PSoC5/ADC_SAR_1_PM.c ****         {
  93:.\Generated_Source\PSoC5/ADC_SAR_1_PM.c ****             ADC_SAR_1_backup.enableState = ADC_SAR_1_ENABLED | ADC_SAR_1_STARTED;
 120              		.loc 1 93 0
 121 0030 40F20003 		movw	r3, #:lower16:ADC_SAR_1_backup
 122 0034 C0F20003 		movt	r3, #:upper16:ADC_SAR_1_backup
 123 0038 4FF00302 		mov	r2, #3
 124 003c 1A70     		strb	r2, [r3, #0]
 125 003e 06E0     		b	.L8
 126              	.L7:
  94:.\Generated_Source\PSoC5/ADC_SAR_1_PM.c ****         }
  95:.\Generated_Source\PSoC5/ADC_SAR_1_PM.c ****         else
  96:.\Generated_Source\PSoC5/ADC_SAR_1_PM.c ****         {
  97:.\Generated_Source\PSoC5/ADC_SAR_1_PM.c ****             ADC_SAR_1_backup.enableState = ADC_SAR_1_ENABLED;
 127              		.loc 1 97 0
ARM GAS  C:\Users\karunmj\AppData\Local\Temp\ccmkVaXq.s 			page 5


 128 0040 40F20003 		movw	r3, #:lower16:ADC_SAR_1_backup
 129 0044 C0F20003 		movt	r3, #:upper16:ADC_SAR_1_backup
 130 0048 4FF00102 		mov	r2, #1
 131 004c 1A70     		strb	r2, [r3, #0]
 132              	.L8:
  98:.\Generated_Source\PSoC5/ADC_SAR_1_PM.c ****         }
  99:.\Generated_Source\PSoC5/ADC_SAR_1_PM.c ****         ADC_SAR_1_Stop();
 133              		.loc 1 99 0
 134 004e FFF7FEFF 		bl	ADC_SAR_1_Stop
 135 0052 06E0     		b	.L10
 136              	.L6:
 100:.\Generated_Source\PSoC5/ADC_SAR_1_PM.c ****     }
 101:.\Generated_Source\PSoC5/ADC_SAR_1_PM.c ****     else
 102:.\Generated_Source\PSoC5/ADC_SAR_1_PM.c ****     {
 103:.\Generated_Source\PSoC5/ADC_SAR_1_PM.c ****         ADC_SAR_1_backup.enableState = ADC_SAR_1_DISABLED;
 137              		.loc 1 103 0
 138 0054 40F20003 		movw	r3, #:lower16:ADC_SAR_1_backup
 139 0058 C0F20003 		movt	r3, #:upper16:ADC_SAR_1_backup
 140 005c 4FF00002 		mov	r2, #0
 141 0060 1A70     		strb	r2, [r3, #0]
 142              	.L10:
 104:.\Generated_Source\PSoC5/ADC_SAR_1_PM.c ****     }
 105:.\Generated_Source\PSoC5/ADC_SAR_1_PM.c ****     /*ADC_SAR_1_SaveConfig();*/
 106:.\Generated_Source\PSoC5/ADC_SAR_1_PM.c **** }
 143              		.loc 1 106 0
 144 0062 80BD     		pop	{r7, pc}
 145              		.cfi_endproc
 146              	.LFE2:
 147              		.size	ADC_SAR_1_Sleep, .-ADC_SAR_1_Sleep
 148              		.section	.text.ADC_SAR_1_Wakeup,"ax",%progbits
 149              		.align	2
 150              		.global	ADC_SAR_1_Wakeup
 151              		.thumb
 152              		.thumb_func
 153              		.type	ADC_SAR_1_Wakeup, %function
 154              	ADC_SAR_1_Wakeup:
 155              	.LFB3:
 107:.\Generated_Source\PSoC5/ADC_SAR_1_PM.c **** 
 108:.\Generated_Source\PSoC5/ADC_SAR_1_PM.c **** 
 109:.\Generated_Source\PSoC5/ADC_SAR_1_PM.c **** /*******************************************************************************
 110:.\Generated_Source\PSoC5/ADC_SAR_1_PM.c **** * Function Name: ADC_SAR_1_Wakeup
 111:.\Generated_Source\PSoC5/ADC_SAR_1_PM.c **** ********************************************************************************
 112:.\Generated_Source\PSoC5/ADC_SAR_1_PM.c **** *
 113:.\Generated_Source\PSoC5/ADC_SAR_1_PM.c **** * Summary:
 114:.\Generated_Source\PSoC5/ADC_SAR_1_PM.c **** *  Restores and enables the user configuration
 115:.\Generated_Source\PSoC5/ADC_SAR_1_PM.c **** *
 116:.\Generated_Source\PSoC5/ADC_SAR_1_PM.c **** * Parameters:
 117:.\Generated_Source\PSoC5/ADC_SAR_1_PM.c **** *  None.
 118:.\Generated_Source\PSoC5/ADC_SAR_1_PM.c **** *
 119:.\Generated_Source\PSoC5/ADC_SAR_1_PM.c **** * Return:
 120:.\Generated_Source\PSoC5/ADC_SAR_1_PM.c **** *  None.
 121:.\Generated_Source\PSoC5/ADC_SAR_1_PM.c **** *
 122:.\Generated_Source\PSoC5/ADC_SAR_1_PM.c **** * Global Variables:
 123:.\Generated_Source\PSoC5/ADC_SAR_1_PM.c **** *  ADC_SAR_1_backup - used.
 124:.\Generated_Source\PSoC5/ADC_SAR_1_PM.c **** *
 125:.\Generated_Source\PSoC5/ADC_SAR_1_PM.c **** *******************************************************************************/
 126:.\Generated_Source\PSoC5/ADC_SAR_1_PM.c **** void ADC_SAR_1_Wakeup(void)
ARM GAS  C:\Users\karunmj\AppData\Local\Temp\ccmkVaXq.s 			page 6


 127:.\Generated_Source\PSoC5/ADC_SAR_1_PM.c **** {
 156              		.loc 1 127 0
 157              		.cfi_startproc
 158              		@ args = 0, pretend = 0, frame = 0
 159              		@ frame_needed = 1, uses_anonymous_args = 0
 160 0000 80B5     		push	{r7, lr}
 161              	.LCFI6:
 162              		.cfi_def_cfa_offset 8
 163 0002 00AF     		add	r7, sp, #0
 164              		.cfi_offset 14, -4
 165              		.cfi_offset 7, -8
 166              	.LCFI7:
 167              		.cfi_def_cfa_register 7
 128:.\Generated_Source\PSoC5/ADC_SAR_1_PM.c ****     /*ADC_SAR_1_RestoreConfig();*/
 129:.\Generated_Source\PSoC5/ADC_SAR_1_PM.c ****     if(ADC_SAR_1_backup.enableState != ADC_SAR_1_DISABLED)
 168              		.loc 1 129 0
 169 0004 40F20003 		movw	r3, #:lower16:ADC_SAR_1_backup
 170 0008 C0F20003 		movt	r3, #:upper16:ADC_SAR_1_backup
 171 000c 1B78     		ldrb	r3, [r3, #0]	@ zero_extendqisi2
 172 000e 002B     		cmp	r3, #0
 173 0010 0CD0     		beq	.L13
 130:.\Generated_Source\PSoC5/ADC_SAR_1_PM.c ****     {
 131:.\Generated_Source\PSoC5/ADC_SAR_1_PM.c ****         ADC_SAR_1_Enable();
 174              		.loc 1 131 0
 175 0012 FFF7FEFF 		bl	ADC_SAR_1_Enable
 132:.\Generated_Source\PSoC5/ADC_SAR_1_PM.c ****         #if(ADC_SAR_1_DEFAULT_CONV_MODE != ADC_SAR_1__HARDWARE_TRIGGER)
 133:.\Generated_Source\PSoC5/ADC_SAR_1_PM.c ****             if((ADC_SAR_1_backup.enableState & ADC_SAR_1_STARTED) != 0u)
 176              		.loc 1 133 0
 177 0016 40F20003 		movw	r3, #:lower16:ADC_SAR_1_backup
 178 001a C0F20003 		movt	r3, #:upper16:ADC_SAR_1_backup
 179 001e 1B78     		ldrb	r3, [r3, #0]	@ zero_extendqisi2
 180 0020 03F00203 		and	r3, r3, #2
 181 0024 002B     		cmp	r3, #0
 182 0026 01D0     		beq	.L13
 134:.\Generated_Source\PSoC5/ADC_SAR_1_PM.c ****             {
 135:.\Generated_Source\PSoC5/ADC_SAR_1_PM.c ****                 ADC_SAR_1_StartConvert();
 183              		.loc 1 135 0
 184 0028 FFF7FEFF 		bl	ADC_SAR_1_StartConvert
 185              	.L13:
 136:.\Generated_Source\PSoC5/ADC_SAR_1_PM.c ****             }
 137:.\Generated_Source\PSoC5/ADC_SAR_1_PM.c ****         #endif /* End ADC_SAR_1_DEFAULT_CONV_MODE != ADC_SAR_1__HARDWARE_TRIGGER */
 138:.\Generated_Source\PSoC5/ADC_SAR_1_PM.c ****         
 139:.\Generated_Source\PSoC5/ADC_SAR_1_PM.c ****     }
 140:.\Generated_Source\PSoC5/ADC_SAR_1_PM.c **** }
 186              		.loc 1 140 0
 187 002c 80BD     		pop	{r7, pc}
 188              		.cfi_endproc
 189              	.LFE3:
 190              		.size	ADC_SAR_1_Wakeup, .-ADC_SAR_1_Wakeup
 191 002e 00BF     		.text
 192              	.Letext0:
 193              		.section	.debug_loc,"",%progbits
 194              	.Ldebug_loc0:
 195              	.LLST0:
 196 0000 00000000 		.4byte	.LFB0
 197 0004 02000000 		.4byte	.LCFI0
 198 0008 0100     		.2byte	0x1
ARM GAS  C:\Users\karunmj\AppData\Local\Temp\ccmkVaXq.s 			page 7


 199 000a 5D       		.byte	0x5d
 200 000b 02000000 		.4byte	.LCFI0
 201 000f 04000000 		.4byte	.LCFI1
 202 0013 0200     		.2byte	0x2
 203 0015 7D       		.byte	0x7d
 204 0016 04       		.sleb128 4
 205 0017 04000000 		.4byte	.LCFI1
 206 001b 0A000000 		.4byte	.LFE0
 207 001f 0200     		.2byte	0x2
 208 0021 77       		.byte	0x77
 209 0022 04       		.sleb128 4
 210 0023 00000000 		.4byte	0x0
 211 0027 00000000 		.4byte	0x0
 212              	.LLST1:
 213 002b 00000000 		.4byte	.LFB1
 214 002f 02000000 		.4byte	.LCFI2
 215 0033 0100     		.2byte	0x1
 216 0035 5D       		.byte	0x5d
 217 0036 02000000 		.4byte	.LCFI2
 218 003a 04000000 		.4byte	.LCFI3
 219 003e 0200     		.2byte	0x2
 220 0040 7D       		.byte	0x7d
 221 0041 04       		.sleb128 4
 222 0042 04000000 		.4byte	.LCFI3
 223 0046 0A000000 		.4byte	.LFE1
 224 004a 0200     		.2byte	0x2
 225 004c 77       		.byte	0x77
 226 004d 04       		.sleb128 4
 227 004e 00000000 		.4byte	0x0
 228 0052 00000000 		.4byte	0x0
 229              	.LLST2:
 230 0056 00000000 		.4byte	.LFB2
 231 005a 02000000 		.4byte	.LCFI4
 232 005e 0100     		.2byte	0x1
 233 0060 5D       		.byte	0x5d
 234 0061 02000000 		.4byte	.LCFI4
 235 0065 04000000 		.4byte	.LCFI5
 236 0069 0200     		.2byte	0x2
 237 006b 7D       		.byte	0x7d
 238 006c 08       		.sleb128 8
 239 006d 04000000 		.4byte	.LCFI5
 240 0071 64000000 		.4byte	.LFE2
 241 0075 0200     		.2byte	0x2
 242 0077 77       		.byte	0x77
 243 0078 08       		.sleb128 8
 244 0079 00000000 		.4byte	0x0
 245 007d 00000000 		.4byte	0x0
 246              	.LLST3:
 247 0081 00000000 		.4byte	.LFB3
 248 0085 02000000 		.4byte	.LCFI6
 249 0089 0100     		.2byte	0x1
 250 008b 5D       		.byte	0x5d
 251 008c 02000000 		.4byte	.LCFI6
 252 0090 04000000 		.4byte	.LCFI7
 253 0094 0200     		.2byte	0x2
 254 0096 7D       		.byte	0x7d
 255 0097 08       		.sleb128 8
ARM GAS  C:\Users\karunmj\AppData\Local\Temp\ccmkVaXq.s 			page 8


 256 0098 04000000 		.4byte	.LCFI7
 257 009c 2E000000 		.4byte	.LFE3
 258 00a0 0200     		.2byte	0x2
 259 00a2 77       		.byte	0x77
 260 00a3 08       		.sleb128 8
 261 00a4 00000000 		.4byte	0x0
 262 00a8 00000000 		.4byte	0x0
 263              		.file 2 ".\\Generated_Source\\PSoC5\\/cytypes.h"
 264              		.file 3 ".\\Generated_Source\\PSoC5\\/ADC_SAR_1.h"
 265              		.section	.debug_info
 266 0000 13010000 		.4byte	0x113
 267 0004 0200     		.2byte	0x2
 268 0006 00000000 		.4byte	.Ldebug_abbrev0
 269 000a 04       		.byte	0x4
 270 000b 01       		.uleb128 0x1
 271 000c 23010000 		.4byte	.LASF18
 272 0010 01       		.byte	0x1
 273 0011 53010000 		.4byte	.LASF19
 274 0015 3D000000 		.4byte	.LASF20
 275 0019 00000000 		.4byte	0x0
 276 001d 00000000 		.4byte	0x0
 277 0021 00000000 		.4byte	.Ldebug_ranges0+0x0
 278 0025 00000000 		.4byte	.Ldebug_line0
 279 0029 02       		.uleb128 0x2
 280 002a 01       		.byte	0x1
 281 002b 06       		.byte	0x6
 282 002c 96010000 		.4byte	.LASF0
 283 0030 02       		.uleb128 0x2
 284 0031 01       		.byte	0x1
 285 0032 08       		.byte	0x8
 286 0033 8C000000 		.4byte	.LASF1
 287 0037 02       		.uleb128 0x2
 288 0038 02       		.byte	0x2
 289 0039 05       		.byte	0x5
 290 003a 49010000 		.4byte	.LASF2
 291 003e 02       		.uleb128 0x2
 292 003f 02       		.byte	0x2
 293 0040 07       		.byte	0x7
 294 0041 C4000000 		.4byte	.LASF3
 295 0045 02       		.uleb128 0x2
 296 0046 04       		.byte	0x4
 297 0047 05       		.byte	0x5
 298 0048 81010000 		.4byte	.LASF4
 299 004c 02       		.uleb128 0x2
 300 004d 04       		.byte	0x4
 301 004e 07       		.byte	0x7
 302 004f B2000000 		.4byte	.LASF5
 303 0053 02       		.uleb128 0x2
 304 0054 08       		.byte	0x8
 305 0055 05       		.byte	0x5
 306 0056 00000000 		.4byte	.LASF6
 307 005a 02       		.uleb128 0x2
 308 005b 08       		.byte	0x8
 309 005c 07       		.byte	0x7
 310 005d FC000000 		.4byte	.LASF7
 311 0061 03       		.uleb128 0x3
 312 0062 04       		.byte	0x4
ARM GAS  C:\Users\karunmj\AppData\Local\Temp\ccmkVaXq.s 			page 9


 313 0063 05       		.byte	0x5
 314 0064 696E7400 		.ascii	"int\000"
 315 0068 02       		.uleb128 0x2
 316 0069 04       		.byte	0x4
 317 006a 07       		.byte	0x7
 318 006b EF000000 		.4byte	.LASF8
 319 006f 04       		.uleb128 0x4
 320 0070 7B010000 		.4byte	.LASF12
 321 0074 02       		.byte	0x2
 322 0075 4C       		.byte	0x4c
 323 0076 30000000 		.4byte	0x30
 324 007a 02       		.uleb128 0x2
 325 007b 04       		.byte	0x4
 326 007c 04       		.byte	0x4
 327 007d 37000000 		.4byte	.LASF9
 328 0081 02       		.uleb128 0x2
 329 0082 08       		.byte	0x8
 330 0083 04       		.byte	0x4
 331 0084 D7000000 		.4byte	.LASF10
 332 0088 02       		.uleb128 0x2
 333 0089 01       		.byte	0x1
 334 008a 08       		.byte	0x8
 335 008b 2F010000 		.4byte	.LASF11
 336 008f 05       		.uleb128 0x5
 337 0090 01       		.byte	0x1
 338 0091 03       		.byte	0x3
 339 0092 2C       		.byte	0x2c
 340 0093 A6000000 		.4byte	0xa6
 341 0097 06       		.uleb128 0x6
 342 0098 8A010000 		.4byte	.LASF21
 343 009c 03       		.byte	0x3
 344 009d 2D       		.byte	0x2d
 345 009e 6F000000 		.4byte	0x6f
 346 00a2 02       		.byte	0x2
 347 00a3 23       		.byte	0x23
 348 00a4 00       		.uleb128 0x0
 349 00a5 00       		.byte	0x0
 350 00a6 04       		.uleb128 0x4
 351 00a7 0E000000 		.4byte	.LASF13
 352 00ab 03       		.byte	0x3
 353 00ac 2E       		.byte	0x2e
 354 00ad 8F000000 		.4byte	0x8f
 355 00b1 07       		.uleb128 0x7
 356 00b2 01       		.byte	0x1
 357 00b3 34010000 		.4byte	.LASF14
 358 00b7 01       		.byte	0x1
 359 00b8 2C       		.byte	0x2c
 360 00b9 01       		.byte	0x1
 361 00ba 00000000 		.4byte	.LFB0
 362 00be 0A000000 		.4byte	.LFE0
 363 00c2 00000000 		.4byte	.LLST0
 364 00c6 07       		.uleb128 0x7
 365 00c7 01       		.byte	0x1
 366 00c8 9A000000 		.4byte	.LASF15
 367 00cc 01       		.byte	0x1
 368 00cd 40       		.byte	0x40
 369 00ce 01       		.byte	0x1
ARM GAS  C:\Users\karunmj\AppData\Local\Temp\ccmkVaXq.s 			page 10


 370 00cf 00000000 		.4byte	.LFB1
 371 00d3 0A000000 		.4byte	.LFE1
 372 00d7 2B000000 		.4byte	.LLST1
 373 00db 07       		.uleb128 0x7
 374 00dc 01       		.byte	0x1
 375 00dd 13010000 		.4byte	.LASF16
 376 00e1 01       		.byte	0x1
 377 00e2 57       		.byte	0x57
 378 00e3 01       		.byte	0x1
 379 00e4 00000000 		.4byte	.LFB2
 380 00e8 64000000 		.4byte	.LFE2
 381 00ec 56000000 		.4byte	.LLST2
 382 00f0 07       		.uleb128 0x7
 383 00f1 01       		.byte	0x1
 384 00f2 26000000 		.4byte	.LASF17
 385 00f6 01       		.byte	0x1
 386 00f7 7E       		.byte	0x7e
 387 00f8 01       		.byte	0x1
 388 00f9 00000000 		.4byte	.LFB3
 389 00fd 2E000000 		.4byte	.LFE3
 390 0101 81000000 		.4byte	.LLST3
 391 0105 08       		.uleb128 0x8
 392 0106 DE000000 		.4byte	.LASF22
 393 010a 01       		.byte	0x1
 394 010b 18       		.byte	0x18
 395 010c A6000000 		.4byte	0xa6
 396 0110 05       		.byte	0x5
 397 0111 03       		.byte	0x3
 398 0112 00000000 		.4byte	ADC_SAR_1_backup
 399 0116 00       		.byte	0x0
 400              		.section	.debug_abbrev
 401 0000 01       		.uleb128 0x1
 402 0001 11       		.uleb128 0x11
 403 0002 01       		.byte	0x1
 404 0003 25       		.uleb128 0x25
 405 0004 0E       		.uleb128 0xe
 406 0005 13       		.uleb128 0x13
 407 0006 0B       		.uleb128 0xb
 408 0007 03       		.uleb128 0x3
 409 0008 0E       		.uleb128 0xe
 410 0009 1B       		.uleb128 0x1b
 411 000a 0E       		.uleb128 0xe
 412 000b 11       		.uleb128 0x11
 413 000c 01       		.uleb128 0x1
 414 000d 52       		.uleb128 0x52
 415 000e 01       		.uleb128 0x1
 416 000f 55       		.uleb128 0x55
 417 0010 06       		.uleb128 0x6
 418 0011 10       		.uleb128 0x10
 419 0012 06       		.uleb128 0x6
 420 0013 00       		.byte	0x0
 421 0014 00       		.byte	0x0
 422 0015 02       		.uleb128 0x2
 423 0016 24       		.uleb128 0x24
 424 0017 00       		.byte	0x0
 425 0018 0B       		.uleb128 0xb
 426 0019 0B       		.uleb128 0xb
ARM GAS  C:\Users\karunmj\AppData\Local\Temp\ccmkVaXq.s 			page 11


 427 001a 3E       		.uleb128 0x3e
 428 001b 0B       		.uleb128 0xb
 429 001c 03       		.uleb128 0x3
 430 001d 0E       		.uleb128 0xe
 431 001e 00       		.byte	0x0
 432 001f 00       		.byte	0x0
 433 0020 03       		.uleb128 0x3
 434 0021 24       		.uleb128 0x24
 435 0022 00       		.byte	0x0
 436 0023 0B       		.uleb128 0xb
 437 0024 0B       		.uleb128 0xb
 438 0025 3E       		.uleb128 0x3e
 439 0026 0B       		.uleb128 0xb
 440 0027 03       		.uleb128 0x3
 441 0028 08       		.uleb128 0x8
 442 0029 00       		.byte	0x0
 443 002a 00       		.byte	0x0
 444 002b 04       		.uleb128 0x4
 445 002c 16       		.uleb128 0x16
 446 002d 00       		.byte	0x0
 447 002e 03       		.uleb128 0x3
 448 002f 0E       		.uleb128 0xe
 449 0030 3A       		.uleb128 0x3a
 450 0031 0B       		.uleb128 0xb
 451 0032 3B       		.uleb128 0x3b
 452 0033 0B       		.uleb128 0xb
 453 0034 49       		.uleb128 0x49
 454 0035 13       		.uleb128 0x13
 455 0036 00       		.byte	0x0
 456 0037 00       		.byte	0x0
 457 0038 05       		.uleb128 0x5
 458 0039 13       		.uleb128 0x13
 459 003a 01       		.byte	0x1
 460 003b 0B       		.uleb128 0xb
 461 003c 0B       		.uleb128 0xb
 462 003d 3A       		.uleb128 0x3a
 463 003e 0B       		.uleb128 0xb
 464 003f 3B       		.uleb128 0x3b
 465 0040 0B       		.uleb128 0xb
 466 0041 01       		.uleb128 0x1
 467 0042 13       		.uleb128 0x13
 468 0043 00       		.byte	0x0
 469 0044 00       		.byte	0x0
 470 0045 06       		.uleb128 0x6
 471 0046 0D       		.uleb128 0xd
 472 0047 00       		.byte	0x0
 473 0048 03       		.uleb128 0x3
 474 0049 0E       		.uleb128 0xe
 475 004a 3A       		.uleb128 0x3a
 476 004b 0B       		.uleb128 0xb
 477 004c 3B       		.uleb128 0x3b
 478 004d 0B       		.uleb128 0xb
 479 004e 49       		.uleb128 0x49
 480 004f 13       		.uleb128 0x13
 481 0050 38       		.uleb128 0x38
 482 0051 0A       		.uleb128 0xa
 483 0052 00       		.byte	0x0
ARM GAS  C:\Users\karunmj\AppData\Local\Temp\ccmkVaXq.s 			page 12


 484 0053 00       		.byte	0x0
 485 0054 07       		.uleb128 0x7
 486 0055 2E       		.uleb128 0x2e
 487 0056 00       		.byte	0x0
 488 0057 3F       		.uleb128 0x3f
 489 0058 0C       		.uleb128 0xc
 490 0059 03       		.uleb128 0x3
 491 005a 0E       		.uleb128 0xe
 492 005b 3A       		.uleb128 0x3a
 493 005c 0B       		.uleb128 0xb
 494 005d 3B       		.uleb128 0x3b
 495 005e 0B       		.uleb128 0xb
 496 005f 27       		.uleb128 0x27
 497 0060 0C       		.uleb128 0xc
 498 0061 11       		.uleb128 0x11
 499 0062 01       		.uleb128 0x1
 500 0063 12       		.uleb128 0x12
 501 0064 01       		.uleb128 0x1
 502 0065 40       		.uleb128 0x40
 503 0066 06       		.uleb128 0x6
 504 0067 00       		.byte	0x0
 505 0068 00       		.byte	0x0
 506 0069 08       		.uleb128 0x8
 507 006a 34       		.uleb128 0x34
 508 006b 00       		.byte	0x0
 509 006c 03       		.uleb128 0x3
 510 006d 0E       		.uleb128 0xe
 511 006e 3A       		.uleb128 0x3a
 512 006f 0B       		.uleb128 0xb
 513 0070 3B       		.uleb128 0x3b
 514 0071 0B       		.uleb128 0xb
 515 0072 49       		.uleb128 0x49
 516 0073 13       		.uleb128 0x13
 517 0074 02       		.uleb128 0x2
 518 0075 0A       		.uleb128 0xa
 519 0076 00       		.byte	0x0
 520 0077 00       		.byte	0x0
 521 0078 00       		.byte	0x0
 522              		.section	.debug_pubnames,"",%progbits
 523 0000 6C000000 		.4byte	0x6c
 524 0004 0200     		.2byte	0x2
 525 0006 00000000 		.4byte	.Ldebug_info0
 526 000a 17010000 		.4byte	0x117
 527 000e B1000000 		.4byte	0xb1
 528 0012 4144435F 		.ascii	"ADC_SAR_1_SaveConfig\000"
 528      5341525F 
 528      315F5361 
 528      7665436F 
 528      6E666967 
 529 0027 C6000000 		.4byte	0xc6
 530 002b 4144435F 		.ascii	"ADC_SAR_1_RestoreConfig\000"
 530      5341525F 
 530      315F5265 
 530      73746F72 
 530      65436F6E 
 531 0043 DB000000 		.4byte	0xdb
 532 0047 4144435F 		.ascii	"ADC_SAR_1_Sleep\000"
ARM GAS  C:\Users\karunmj\AppData\Local\Temp\ccmkVaXq.s 			page 13


 532      5341525F 
 532      315F536C 
 532      65657000 
 533 0057 F0000000 		.4byte	0xf0
 534 005b 4144435F 		.ascii	"ADC_SAR_1_Wakeup\000"
 534      5341525F 
 534      315F5761 
 534      6B657570 
 534      00
 535 006c 00000000 		.4byte	0x0
 536              		.section	.debug_aranges,"",%progbits
 537 0000 34000000 		.4byte	0x34
 538 0004 0200     		.2byte	0x2
 539 0006 00000000 		.4byte	.Ldebug_info0
 540 000a 04       		.byte	0x4
 541 000b 00       		.byte	0x0
 542 000c 0000     		.2byte	0x0
 543 000e 0000     		.2byte	0x0
 544 0010 00000000 		.4byte	.LFB0
 545 0014 0A000000 		.4byte	.LFE0-.LFB0
 546 0018 00000000 		.4byte	.LFB1
 547 001c 0A000000 		.4byte	.LFE1-.LFB1
 548 0020 00000000 		.4byte	.LFB2
 549 0024 64000000 		.4byte	.LFE2-.LFB2
 550 0028 00000000 		.4byte	.LFB3
 551 002c 2E000000 		.4byte	.LFE3-.LFB3
 552 0030 00000000 		.4byte	0x0
 553 0034 00000000 		.4byte	0x0
 554              		.section	.debug_ranges,"",%progbits
 555              	.Ldebug_ranges0:
 556 0000 00000000 		.4byte	.Ltext0
 557 0004 00000000 		.4byte	.Letext0
 558 0008 00000000 		.4byte	.LFB0
 559 000c 0A000000 		.4byte	.LFE0
 560 0010 00000000 		.4byte	.LFB1
 561 0014 0A000000 		.4byte	.LFE1
 562 0018 00000000 		.4byte	.LFB2
 563 001c 64000000 		.4byte	.LFE2
 564 0020 00000000 		.4byte	.LFB3
 565 0024 2E000000 		.4byte	.LFE3
 566 0028 00000000 		.4byte	0x0
 567 002c 00000000 		.4byte	0x0
 568              		.section	.debug_str,"MS",%progbits,1
 569              	.LASF6:
 570 0000 6C6F6E67 		.ascii	"long long int\000"
 570      206C6F6E 
 570      6720696E 
 570      7400
 571              	.LASF13:
 572 000e 4144435F 		.ascii	"ADC_SAR_1_BACKUP_STRUCT\000"
 572      5341525F 
 572      315F4241 
 572      434B5550 
 572      5F535452 
 573              	.LASF17:
 574 0026 4144435F 		.ascii	"ADC_SAR_1_Wakeup\000"
 574      5341525F 
ARM GAS  C:\Users\karunmj\AppData\Local\Temp\ccmkVaXq.s 			page 14


 574      315F5761 
 574      6B657570 
 574      00
 575              	.LASF9:
 576 0037 666C6F61 		.ascii	"float\000"
 576      7400
 577              	.LASF20:
 578 003d 433A5C55 		.ascii	"C:\\Users\\karunmj\\Documents\\GitHub\\m2m\\hardwar"
 578      73657273 
 578      5C6B6172 
 578      756E6D6A 
 578      5C446F63 
 579 006a 655C7073 		.ascii	"e\\psoc5\\PSoC_Datalogger_SMS.cydsn\000"
 579      6F63355C 
 579      50536F43 
 579      5F446174 
 579      616C6F67 
 580              	.LASF1:
 581 008c 756E7369 		.ascii	"unsigned char\000"
 581      676E6564 
 581      20636861 
 581      7200
 582              	.LASF15:
 583 009a 4144435F 		.ascii	"ADC_SAR_1_RestoreConfig\000"
 583      5341525F 
 583      315F5265 
 583      73746F72 
 583      65436F6E 
 584              	.LASF5:
 585 00b2 6C6F6E67 		.ascii	"long unsigned int\000"
 585      20756E73 
 585      69676E65 
 585      6420696E 
 585      7400
 586              	.LASF3:
 587 00c4 73686F72 		.ascii	"short unsigned int\000"
 587      7420756E 
 587      7369676E 
 587      65642069 
 587      6E7400
 588              	.LASF10:
 589 00d7 646F7562 		.ascii	"double\000"
 589      6C6500
 590              	.LASF22:
 591 00de 4144435F 		.ascii	"ADC_SAR_1_backup\000"
 591      5341525F 
 591      315F6261 
 591      636B7570 
 591      00
 592              	.LASF8:
 593 00ef 756E7369 		.ascii	"unsigned int\000"
 593      676E6564 
 593      20696E74 
 593      00
 594              	.LASF7:
 595 00fc 6C6F6E67 		.ascii	"long long unsigned int\000"
 595      206C6F6E 
ARM GAS  C:\Users\karunmj\AppData\Local\Temp\ccmkVaXq.s 			page 15


 595      6720756E 
 595      7369676E 
 595      65642069 
 596              	.LASF16:
 597 0113 4144435F 		.ascii	"ADC_SAR_1_Sleep\000"
 597      5341525F 
 597      315F536C 
 597      65657000 
 598              	.LASF18:
 599 0123 474E5520 		.ascii	"GNU C 4.4.1\000"
 599      4320342E 
 599      342E3100 
 600              	.LASF11:
 601 012f 63686172 		.ascii	"char\000"
 601      00
 602              	.LASF14:
 603 0134 4144435F 		.ascii	"ADC_SAR_1_SaveConfig\000"
 603      5341525F 
 603      315F5361 
 603      7665436F 
 603      6E666967 
 604              	.LASF2:
 605 0149 73686F72 		.ascii	"short int\000"
 605      7420696E 
 605      7400
 606              	.LASF19:
 607 0153 2E5C4765 		.ascii	".\\Generated_Source\\PSoC5\\ADC_SAR_1_PM.c\000"
 607      6E657261 
 607      7465645F 
 607      536F7572 
 607      63655C50 
 608              	.LASF12:
 609 017b 75696E74 		.ascii	"uint8\000"
 609      3800
 610              	.LASF4:
 611 0181 6C6F6E67 		.ascii	"long int\000"
 611      20696E74 
 611      00
 612              	.LASF21:
 613 018a 656E6162 		.ascii	"enableState\000"
 613      6C655374 
 613      61746500 
 614              	.LASF0:
 615 0196 7369676E 		.ascii	"signed char\000"
 615      65642063 
 615      68617200 
 616              		.ident	"GCC: (Sourcery G++ Lite 2010q1-188) 4.4.1"
