ARM GAS  C:\Users\cps\AppData\Local\Temp\ccmmP6ZV.s 			page 1


   1              		.syntax unified
   2              		.cpu cortex-m3
   3              		.fpu softvfp
   4              		.eabi_attribute 20, 1
   5              		.eabi_attribute 21, 1
   6              		.eabi_attribute 23, 3
   7              		.eabi_attribute 24, 1
   8              		.eabi_attribute 25, 1
   9              		.eabi_attribute 26, 1
  10              		.eabi_attribute 30, 1
  11              		.eabi_attribute 34, 1
  12              		.eabi_attribute 18, 4
  13              		.thumb
  14              		.file	"cymetadata.c"
  15              		.text
  16              	.Ltext0:
  17              		.cfi_sections	.debug_frame
  18              		.global	cy_metadata
  19              		.global	cy_meta_flashprotect
  20              		.global	cy_meta_wonvl
  21              		.global	cy_meta_custnvl
  22              		.global	cy_meta_configecc
  23              		.section	.cyconfigecc,"a",%progbits
  24              		.align	2
  25              		.type	cy_meta_configecc, %object
  26              		.size	cy_meta_configecc, 556
  27              	cy_meta_configecc:
  28 0000 01       		.byte	1
  29 0001 52       		.byte	82
  30 0002 00       		.byte	0
  31 0003 40       		.byte	64
  32 0004 02       		.byte	2
  33 0005 64       		.byte	100
  34 0006 00       		.byte	0
  35 0007 40       		.byte	64
  36 0008 39       		.byte	57
  37 0009 00       		.byte	0
  38 000a 01       		.byte	1
  39 000b 40       		.byte	64
  40 000c 2D       		.byte	45
  41 000d 01       		.byte	1
  42 000e 01       		.byte	1
  43 000f 40       		.byte	64
  44 0010 41       		.byte	65
  45 0011 02       		.byte	2
  46 0012 01       		.byte	1
  47 0013 40       		.byte	64
  48 0014 3D       		.byte	61
  49 0015 03       		.byte	3
  50 0016 01       		.byte	1
  51 0017 40       		.byte	64
  52 0018 02       		.byte	2
  53 0019 05       		.byte	5
  54 001a 01       		.byte	1
  55 001b 40       		.byte	64
  56 001c 04       		.byte	4
  57 001d 40       		.byte	64
ARM GAS  C:\Users\cps\AppData\Local\Temp\ccmmP6ZV.s 			page 2


  58 001e 01       		.byte	1
  59 001f 40       		.byte	64
  60 0020 05       		.byte	5
  61 0021 41       		.byte	65
  62 0022 01       		.byte	1
  63 0023 40       		.byte	64
  64 0024 02       		.byte	2
  65 0025 50       		.byte	80
  66 0026 01       		.byte	1
  67 0027 40       		.byte	64
  68 0028 01       		.byte	1
  69 0029 51       		.byte	81
  70 002a 01       		.byte	1
  71 002b 40       		.byte	64
  72 002c 24       		.byte	36
  73 002d 01       		.byte	1
  74 002e 81       		.byte	-127
  75 002f 72       		.byte	114
  76 0030 82       		.byte	-126
  77 0031 38       		.byte	56
  78 0032 04       		.byte	4
  79 0033 06       		.byte	6
  80 0034 06       		.byte	6
  81 0035 01       		.byte	1
  82 0036 08       		.byte	8
  83 0037 06       		.byte	6
  84 0038 0A       		.byte	10
  85 0039 01       		.byte	1
  86 003a 0C       		.byte	12
  87 003b 04       		.byte	4
  88 003c 14       		.byte	20
  89 003d 01       		.byte	1
  90 003e 16       		.byte	22
  91 003f 06       		.byte	6
  92 0040 18       		.byte	24
  93 0041 07       		.byte	7
  94 0042 24       		.byte	36
  95 0043 02       		.byte	2
  96 0044 28       		.byte	40
  97 0045 06       		.byte	6
  98 0046 2E       		.byte	46
  99 0047 01       		.byte	1
 100 0048 34       		.byte	52
 101 0049 07       		.byte	7
 102 004a 3A       		.byte	58
 103 004b 20       		.byte	32
 104 004c 58       		.byte	88
 105 004d 04       		.byte	4
 106 004e 5F       		.byte	95
 107 004f 01       		.byte	1
 108 0050 80       		.byte	-128
 109 0051 03       		.byte	3
 110 0052 81       		.byte	-127
 111 0053 10       		.byte	16
 112 0054 84       		.byte	-124
 113 0055 02       		.byte	2
 114 0056 85       		.byte	-123
ARM GAS  C:\Users\cps\AppData\Local\Temp\ccmmP6ZV.s 			page 3


 115 0057 08       		.byte	8
 116 0058 88       		.byte	-120
 117 0059 0C       		.byte	12
 118 005a 89       		.byte	-119
 119 005b 3C       		.byte	60
 120 005c 8A       		.byte	-118
 121 005d 03       		.byte	3
 122 005e 8B       		.byte	-117
 123 005f C2       		.byte	-62
 124 0060 8C       		.byte	-116
 125 0061 01       		.byte	1
 126 0062 8D       		.byte	-115
 127 0063 44       		.byte	68
 128 0064 8E       		.byte	-114
 129 0065 10       		.byte	16
 130 0066 92       		.byte	-110
 131 0067 03       		.byte	3
 132 0068 93       		.byte	-109
 133 0069 E3       		.byte	-29
 134 006a 94       		.byte	-108
 135 006b 0F       		.byte	15
 136 006c 95       		.byte	-107
 137 006d 80       		.byte	-128
 138 006e 98       		.byte	-104
 139 006f 04       		.byte	4
 140 0070 99       		.byte	-103
 141 0071 18       		.byte	24
 142 0072 9F       		.byte	-97
 143 0073 04       		.byte	4
 144 0074 A0       		.byte	-96
 145 0075 03       		.byte	3
 146 0076 A1       		.byte	-95
 147 0077 E7       		.byte	-25
 148 0078 A2       		.byte	-94
 149 0079 0C       		.byte	12
 150 007a A3       		.byte	-93
 151 007b 18       		.byte	24
 152 007c A4       		.byte	-92
 153 007d 0F       		.byte	15
 154 007e A5       		.byte	-91
 155 007f 1C       		.byte	28
 156 0080 A7       		.byte	-89
 157 0081 E1       		.byte	-31
 158 0082 A8       		.byte	-88
 159 0083 0C       		.byte	12
 160 0084 A9       		.byte	-87
 161 0085 FF       		.byte	-1
 162 0086 AC       		.byte	-84
 163 0087 08       		.byte	8
 164 0088 AD       		.byte	-83
 165 0089 C0       		.byte	-64
 166 008a B0       		.byte	-80
 167 008b 10       		.byte	16
 168 008c B1       		.byte	-79
 169 008d 38       		.byte	56
 170 008e B3       		.byte	-77
 171 008f 1F       		.byte	31
ARM GAS  C:\Users\cps\AppData\Local\Temp\ccmmP6ZV.s 			page 4


 172 0090 B4       		.byte	-76
 173 0091 0F       		.byte	15
 174 0092 B7       		.byte	-73
 175 0093 C0       		.byte	-64
 176 0094 BA       		.byte	-70
 177 0095 28       		.byte	40
 178 0096 BB       		.byte	-69
 179 0097 08       		.byte	8
 180 0098 D6       		.byte	-42
 181 0099 02       		.byte	2
 182 009a D7       		.byte	-41
 183 009b 13       		.byte	19
 184 009c D8       		.byte	-40
 185 009d 04       		.byte	4
 186 009e D9       		.byte	-39
 187 009f 04       		.byte	4
 188 00a0 DB       		.byte	-37
 189 00a1 04       		.byte	4
 190 00a2 DF       		.byte	-33
 191 00a3 01       		.byte	1
 192 00a4 00       		.byte	0
 193 00a5 10       		.byte	16
 194 00a6 02       		.byte	2
 195 00a7 01       		.byte	1
 196 00a8 03       		.byte	3
 197 00a9 20       		.byte	32
 198 00aa 04       		.byte	4
 199 00ab 10       		.byte	16
 200 00ac 05       		.byte	5
 201 00ad 84       		.byte	-124
 202 00ae 06       		.byte	6
 203 00af C0       		.byte	-64
 204 00b0 0B       		.byte	11
 205 00b1 28       		.byte	40
 206 00b2 0C       		.byte	12
 207 00b3 22       		.byte	34
 208 00b4 0D       		.byte	13
 209 00b5 08       		.byte	8
 210 00b6 10       		.byte	16
 211 00b7 22       		.byte	34
 212 00b8 13       		.byte	19
 213 00b9 20       		.byte	32
 214 00ba 14       		.byte	20
 215 00bb C0       		.byte	-64
 216 00bc 15       		.byte	21
 217 00bd 04       		.byte	4
 218 00be 16       		.byte	22
 219 00bf 01       		.byte	1
 220 00c0 17       		.byte	23
 221 00c1 20       		.byte	32
 222 00c2 1B       		.byte	27
 223 00c3 20       		.byte	32
 224 00c4 1D       		.byte	29
 225 00c5 08       		.byte	8
 226 00c6 1E       		.byte	30
 227 00c7 80       		.byte	-128
 228 00c8 1F       		.byte	31
ARM GAS  C:\Users\cps\AppData\Local\Temp\ccmmP6ZV.s 			page 5


 229 00c9 14       		.byte	20
 230 00ca 24       		.byte	36
 231 00cb 11       		.byte	17
 232 00cc 25       		.byte	37
 233 00cd 02       		.byte	2
 234 00ce 26       		.byte	38
 235 00cf 08       		.byte	8
 236 00d0 2C       		.byte	44
 237 00d1 40       		.byte	64
 238 00d2 2E       		.byte	46
 239 00d3 80       		.byte	-128
 240 00d4 2F       		.byte	47
 241 00d5 24       		.byte	36
 242 00d6 35       		.byte	53
 243 00d7 05       		.byte	5
 244 00d8 36       		.byte	54
 245 00d9 40       		.byte	64
 246 00da 37       		.byte	55
 247 00db 20       		.byte	32
 248 00dc 3C       		.byte	60
 249 00dd 10       		.byte	16
 250 00de 3E       		.byte	62
 251 00df 0A       		.byte	10
 252 00e0 3F       		.byte	63
 253 00e1 80       		.byte	-128
 254 00e2 5D       		.byte	93
 255 00e3 02       		.byte	2
 256 00e4 6C       		.byte	108
 257 00e5 08       		.byte	8
 258 00e6 6D       		.byte	109
 259 00e7 40       		.byte	64
 260 00e8 6F       		.byte	111
 261 00e9 10       		.byte	16
 262 00ea 74       		.byte	116
 263 00eb 20       		.byte	32
 264 00ec 76       		.byte	118
 265 00ed 0B       		.byte	11
 266 00ee 77       		.byte	119
 267 00ef 20       		.byte	32
 268 00f0 C0       		.byte	-64
 269 00f1 F7       		.byte	-9
 270 00f2 C2       		.byte	-62
 271 00f3 76       		.byte	118
 272 00f4 C4       		.byte	-60
 273 00f5 F7       		.byte	-9
 274 00f6 CA       		.byte	-54
 275 00f7 F0       		.byte	-16
 276 00f8 CC       		.byte	-52
 277 00f9 F0       		.byte	-16
 278 00fa CE       		.byte	-50
 279 00fb F0       		.byte	-16
 280 00fc D6       		.byte	-42
 281 00fd 80       		.byte	-128
 282 00fe 04       		.byte	4
 283 00ff 44       		.byte	68
 284 0100 06       		.byte	6
 285 0101 31       		.byte	49
ARM GAS  C:\Users\cps\AppData\Local\Temp\ccmmP6ZV.s 			page 6


 286 0102 07       		.byte	7
 287 0103 01       		.byte	1
 288 0104 08       		.byte	8
 289 0105 01       		.byte	1
 290 0106 0A       		.byte	10
 291 0107 0E       		.byte	14
 292 0108 10       		.byte	16
 293 0109 22       		.byte	34
 294 010a 12       		.byte	18
 295 010b 51       		.byte	81
 296 010c 14       		.byte	20
 297 010d E7       		.byte	-25
 298 010e 17       		.byte	23
 299 010f 01       		.byte	1
 300 0110 1F       		.byte	31
 301 0111 02       		.byte	2
 302 0112 25       		.byte	37
 303 0113 01       		.byte	1
 304 0114 28       		.byte	40
 305 0115 E7       		.byte	-25
 306 0116 29       		.byte	41
 307 0117 01       		.byte	1
 308 0118 2C       		.byte	44
 309 0119 80       		.byte	-128
 310 011a 2F       		.byte	47
 311 011b 02       		.byte	2
 312 011c 30       		.byte	48
 313 011d 80       		.byte	-128
 314 011e 31       		.byte	49
 315 011f 01       		.byte	1
 316 0120 32       		.byte	50
 317 0121 60       		.byte	96
 318 0122 34       		.byte	52
 319 0123 07       		.byte	7
 320 0124 35       		.byte	53
 321 0125 02       		.byte	2
 322 0126 36       		.byte	54
 323 0127 18       		.byte	24
 324 0128 39       		.byte	57
 325 0129 02       		.byte	2
 326 012a 3E       		.byte	62
 327 012b 40       		.byte	64
 328 012c 3F       		.byte	63
 329 012d 10       		.byte	16
 330 012e 40       		.byte	64
 331 012f 25       		.byte	37
 332 0130 41       		.byte	65
 333 0131 06       		.byte	6
 334 0132 42       		.byte	66
 335 0133 04       		.byte	4
 336 0134 44       		.byte	68
 337 0135 01       		.byte	1
 338 0136 45       		.byte	69
 339 0137 C0       		.byte	-64
 340 0138 46       		.byte	70
 341 0139 0E       		.byte	14
 342 013a 48       		.byte	72
ARM GAS  C:\Users\cps\AppData\Local\Temp\ccmmP6ZV.s 			page 7


 343 013b 06       		.byte	6
 344 013c 49       		.byte	73
 345 013d FF       		.byte	-1
 346 013e 4A       		.byte	74
 347 013f FF       		.byte	-1
 348 0140 4B       		.byte	75
 349 0141 FF       		.byte	-1
 350 0142 4C       		.byte	76
 351 0143 62       		.byte	98
 352 0144 4D       		.byte	77
 353 0145 A0       		.byte	-96
 354 0146 4E       		.byte	78
 355 0147 F0       		.byte	-16
 356 0148 4F       		.byte	79
 357 0149 41       		.byte	65
 358 014a 50       		.byte	80
 359 014b 0C       		.byte	12
 360 014c 54       		.byte	84
 361 014d 18       		.byte	24
 362 014e 56       		.byte	86
 363 014f 04       		.byte	4
 364 0150 58       		.byte	88
 365 0151 04       		.byte	4
 366 0152 59       		.byte	89
 367 0153 04       		.byte	4
 368 0154 5A       		.byte	90
 369 0155 04       		.byte	4
 370 0156 5B       		.byte	91
 371 0157 04       		.byte	4
 372 0158 5F       		.byte	95
 373 0159 01       		.byte	1
 374 015a 66       		.byte	102
 375 015b 40       		.byte	64
 376 015c 67       		.byte	103
 377 015d 02       		.byte	2
 378 015e 69       		.byte	105
 379 015f 10       		.byte	16
 380 0160 6A       		.byte	106
 381 0161 30       		.byte	48
 382 0162 6B       		.byte	107
 383 0163 10       		.byte	16
 384 0164 6D       		.byte	109
 385 0165 10       		.byte	16
 386 0166 6E       		.byte	110
 387 0167 10       		.byte	16
 388 0168 6F       		.byte	111
 389 0169 12       		.byte	18
 390 016a 84       		.byte	-124
 391 016b 02       		.byte	2
 392 016c 88       		.byte	-120
 393 016d 02       		.byte	2
 394 016e 92       		.byte	-110
 395 016f 01       		.byte	1
 396 0170 94       		.byte	-108
 397 0171 02       		.byte	2
 398 0172 98       		.byte	-104
 399 0173 02       		.byte	2
ARM GAS  C:\Users\cps\AppData\Local\Temp\ccmmP6ZV.s 			page 8


 400 0174 A2       		.byte	-94
 401 0175 01       		.byte	1
 402 0176 B0       		.byte	-80
 403 0177 02       		.byte	2
 404 0178 B6       		.byte	-74
 405 0179 01       		.byte	1
 406 017a BE       		.byte	-66
 407 017b 41       		.byte	65
 408 017c D8       		.byte	-40
 409 017d 04       		.byte	4
 410 017e DF       		.byte	-33
 411 017f 01       		.byte	1
 412 0180 01       		.byte	1
 413 0181 04       		.byte	4
 414 0182 02       		.byte	2
 415 0183 08       		.byte	8
 416 0184 03       		.byte	3
 417 0185 20       		.byte	32
 418 0186 05       		.byte	5
 419 0187 14       		.byte	20
 420 0188 08       		.byte	8
 421 0189 04       		.byte	4
 422 018a 09       		.byte	9
 423 018b 02       		.byte	2
 424 018c 0A       		.byte	10
 425 018d 08       		.byte	8
 426 018e 0B       		.byte	11
 427 018f 28       		.byte	40
 428 0190 0C       		.byte	12
 429 0191 08       		.byte	8
 430 0192 0F       		.byte	15
 431 0193 80       		.byte	-128
 432 0194 10       		.byte	16
 433 0195 80       		.byte	-128
 434 0196 15       		.byte	21
 435 0197 40       		.byte	64
 436 0198 17       		.byte	23
 437 0199 10       		.byte	16
 438 019a 19       		.byte	25
 439 019b 82       		.byte	-126
 440 019c 1D       		.byte	29
 441 019d B5       		.byte	-75
 442 019e 24       		.byte	36
 443 019f 08       		.byte	8
 444 01a0 27       		.byte	39
 445 01a1 80       		.byte	-128
 446 01a2 2E       		.byte	46
 447 01a3 80       		.byte	-128
 448 01a4 2F       		.byte	47
 449 01a5 14       		.byte	20
 450 01a6 30       		.byte	48
 451 01a7 02       		.byte	2
 452 01a8 31       		.byte	49
 453 01a9 01       		.byte	1
 454 01aa 36       		.byte	54
 455 01ab 08       		.byte	8
 456 01ac 37       		.byte	55
ARM GAS  C:\Users\cps\AppData\Local\Temp\ccmmP6ZV.s 			page 9


 457 01ad 80       		.byte	-128
 458 01ae 38       		.byte	56
 459 01af 08       		.byte	8
 460 01b0 3B       		.byte	59
 461 01b1 04       		.byte	4
 462 01b2 3D       		.byte	61
 463 01b3 04       		.byte	4
 464 01b4 44       		.byte	68
 465 01b5 04       		.byte	4
 466 01b6 45       		.byte	69
 467 01b7 82       		.byte	-126
 468 01b8 4C       		.byte	76
 469 01b9 82       		.byte	-126
 470 01ba 4E       		.byte	78
 471 01bb 04       		.byte	4
 472 01bc 56       		.byte	86
 473 01bd 80       		.byte	-128
 474 01be 5C       		.byte	92
 475 01bf 01       		.byte	1
 476 01c0 65       		.byte	101
 477 01c1 80       		.byte	-128
 478 01c2 67       		.byte	103
 479 01c3 84       		.byte	-124
 480 01c4 87       		.byte	-121
 481 01c5 40       		.byte	64
 482 01c6 90       		.byte	-112
 483 01c7 01       		.byte	1
 484 01c8 91       		.byte	-111
 485 01c9 40       		.byte	64
 486 01ca 93       		.byte	-109
 487 01cb 28       		.byte	40
 488 01cc 95       		.byte	-107
 489 01cd 04       		.byte	4
 490 01ce 9B       		.byte	-101
 491 01cf 10       		.byte	16
 492 01d0 9D       		.byte	-99
 493 01d1 07       		.byte	7
 494 01d2 9E       		.byte	-98
 495 01d3 40       		.byte	64
 496 01d4 A0       		.byte	-96
 497 01d5 08       		.byte	8
 498 01d6 A1       		.byte	-95
 499 01d7 02       		.byte	2
 500 01d8 A2       		.byte	-94
 501 01d9 08       		.byte	8
 502 01da A3       		.byte	-93
 503 01db 60       		.byte	96
 504 01dc A4       		.byte	-92
 505 01dd 02       		.byte	2
 506 01de A9       		.byte	-87
 507 01df 80       		.byte	-128
 508 01e0 AB       		.byte	-85
 509 01e1 40       		.byte	64
 510 01e2 AC       		.byte	-84
 511 01e3 80       		.byte	-128
 512 01e4 AF       		.byte	-81
 513 01e5 10       		.byte	16
ARM GAS  C:\Users\cps\AppData\Local\Temp\ccmmP6ZV.s 			page 10


 514 01e6 C0       		.byte	-64
 515 01e7 66       		.byte	102
 516 01e8 C2       		.byte	-62
 517 01e9 3E       		.byte	62
 518 01ea C4       		.byte	-60
 519 01eb C8       		.byte	-56
 520 01ec CA       		.byte	-54
 521 01ed 70       		.byte	112
 522 01ee CC       		.byte	-52
 523 01ef 50       		.byte	80
 524 01f0 CE       		.byte	-50
 525 01f1 40       		.byte	64
 526 01f2 D0       		.byte	-48
 527 01f3 B0       		.byte	-80
 528 01f4 D2       		.byte	-46
 529 01f5 30       		.byte	48
 530 01f6 D6       		.byte	-42
 531 01f7 80       		.byte	-128
 532 01f8 D8       		.byte	-40
 533 01f9 B0       		.byte	-80
 534 01fa AD       		.byte	-83
 535 01fb 20       		.byte	32
 536 01fc AE       		.byte	-82
 537 01fd 40       		.byte	64
 538 01fe 03       		.byte	3
 539 01ff 10       		.byte	16
 540 0200 30       		.byte	48
 541 0201 80       		.byte	-128
 542 0202 C0       		.byte	-64
 543 0203 10       		.byte	16
 544 0204 CC       		.byte	-52
 545 0205 10       		.byte	16
 546 0206 84       		.byte	-124
 547 0207 80       		.byte	-128
 548 0208 A4       		.byte	-92
 549 0209 80       		.byte	-128
 550 020a AB       		.byte	-85
 551 020b 10       		.byte	16
 552 020c E2       		.byte	-30
 553 020d 10       		.byte	16
 554 020e E8       		.byte	-24
 555 020f 20       		.byte	32
 556 0210 00       		.byte	0
 557 0211 01       		.byte	1
 558 0212 08       		.byte	8
 559 0213 01       		.byte	1
 560 0214 00       		.byte	0
 561 0215 03       		.byte	3
 562 0216 00       		.byte	0
 563 0217 00       		.byte	0
 564 0218 08       		.byte	8
 565 0219 00       		.byte	0
 566 021a 00       		.byte	0
 567 021b 08       		.byte	8
 568 021c 08       		.byte	8
 569 021d 00       		.byte	0
 570 021e 00       		.byte	0
ARM GAS  C:\Users\cps\AppData\Local\Temp\ccmmP6ZV.s 			page 11


 571 021f 00       		.byte	0
 572 0220 00       		.byte	0
 573 0221 00       		.byte	0
 574 0222 00       		.byte	0
 575 0223 00       		.byte	0
 576 0224 01       		.byte	1
 577 0225 00       		.byte	0
 578 0226 00       		.byte	0
 579 0227 00       		.byte	0
 580 0228 00       		.byte	0
 581 0229 00       		.byte	0
 582 022a 00       		.byte	0
 583 022b 00       		.byte	0
 584              		.section	.cywolatch,"a",%progbits
 585              		.align	2
 586              		.type	cy_meta_wonvl, %object
 587              		.size	cy_meta_wonvl, 4
 588              	cy_meta_wonvl:
 589 0000 BC       		.byte	-68
 590 0001 90       		.byte	-112
 591 0002 AC       		.byte	-84
 592 0003 AF       		.byte	-81
 593              		.section	.cycustnvl,"a",%progbits
 594              		.align	2
 595              		.type	cy_meta_custnvl, %object
 596              		.size	cy_meta_custnvl, 4
 597              	cy_meta_custnvl:
 598 0000 00       		.byte	0
 599 0001 00       		.byte	0
 600 0002 40       		.byte	64
 601 0003 05       		.byte	5
 602              		.section	.cymeta,"a",%progbits
 603              		.align	2
 604              		.type	cy_metadata, %object
 605              		.size	cy_metadata, 12
 606              	cy_metadata:
 607 0000 00       		.byte	0
 608 0001 01       		.byte	1
 609 0002 2E       		.byte	46
 610 0003 12       		.byte	18
 611 0004 30       		.byte	48
 612 0005 69       		.byte	105
 613 0006 00       		.byte	0
 614 0007 01       		.byte	1
 615 0008 00       		.byte	0
 616 0009 00       		.byte	0
 617 000a 00       		.byte	0
 618 000b 00       		.byte	0
 619              		.section	.cyflashprotect,"a",%progbits
 620              		.align	2
 621              		.type	cy_meta_flashprotect, %object
 622              		.size	cy_meta_flashprotect, 256
 623              	cy_meta_flashprotect:
 624 0000 00000000 		.space	256
 624      00000000 
 624      00000000 
 624      00000000 
ARM GAS  C:\Users\cps\AppData\Local\Temp\ccmmP6ZV.s 			page 12


 624      00000000 
 625              		.text
 626              	.Letext0:
 627              		.file 1 ".\\Generated_Source\\PSoC5\\cymetadata.c"
 628              		.file 2 ".\\Generated_Source\\PSoC5\\cytypes.h"
 629              		.section	.debug_info,"",%progbits
 630              	.Ldebug_info0:
 631 0000 37010000 		.4byte	0x137
 632 0004 0400     		.2byte	0x4
 633 0006 00000000 		.4byte	.Ldebug_abbrev0
 634 000a 04       		.byte	0x4
 635 000b 01       		.uleb128 0x1
 636 000c F5000000 		.4byte	.LASF18
 637 0010 01       		.byte	0x1
 638 0011 00000000 		.4byte	.LASF19
 639 0015 26000000 		.4byte	.LASF20
 640 0019 00000000 		.4byte	.Ldebug_line0
 641 001d 02       		.uleb128 0x2
 642 001e 01       		.byte	0x1
 643 001f 06       		.byte	0x6
 644 0020 FF010000 		.4byte	.LASF0
 645 0024 02       		.uleb128 0x2
 646 0025 01       		.byte	0x1
 647 0026 08       		.byte	0x8
 648 0027 99000000 		.4byte	.LASF1
 649 002b 02       		.uleb128 0x2
 650 002c 02       		.byte	0x2
 651 002d 05       		.byte	0x5
 652 002e E6010000 		.4byte	.LASF2
 653 0032 02       		.uleb128 0x2
 654 0033 02       		.byte	0x2
 655 0034 07       		.byte	0x7
 656 0035 B9000000 		.4byte	.LASF3
 657 0039 02       		.uleb128 0x2
 658 003a 04       		.byte	0x4
 659 003b 05       		.byte	0x5
 660 003c F6010000 		.4byte	.LASF4
 661 0040 02       		.uleb128 0x2
 662 0041 04       		.byte	0x4
 663 0042 07       		.byte	0x7
 664 0043 A7000000 		.4byte	.LASF5
 665 0047 02       		.uleb128 0x2
 666 0048 08       		.byte	0x8
 667 0049 05       		.byte	0x5
 668 004a D3010000 		.4byte	.LASF6
 669 004e 02       		.uleb128 0x2
 670 004f 08       		.byte	0x8
 671 0050 07       		.byte	0x7
 672 0051 90010000 		.4byte	.LASF7
 673 0055 03       		.uleb128 0x3
 674 0056 04       		.byte	0x4
 675 0057 05       		.byte	0x5
 676 0058 696E7400 		.ascii	"int\000"
 677 005c 02       		.uleb128 0x2
 678 005d 04       		.byte	0x4
 679 005e 07       		.byte	0x7
 680 005f 83010000 		.4byte	.LASF8
ARM GAS  C:\Users\cps\AppData\Local\Temp\ccmmP6ZV.s 			page 13


 681 0063 04       		.uleb128 0x4
 682 0064 F0010000 		.4byte	.LASF21
 683 0068 02       		.byte	0x2
 684 0069 3801     		.2byte	0x138
 685 006b 24000000 		.4byte	0x24
 686 006f 02       		.uleb128 0x2
 687 0070 04       		.byte	0x4
 688 0071 04       		.byte	0x4
 689 0072 93000000 		.4byte	.LASF9
 690 0076 02       		.uleb128 0x2
 691 0077 08       		.byte	0x8
 692 0078 04       		.byte	0x4
 693 0079 CC000000 		.4byte	.LASF10
 694 007d 02       		.uleb128 0x2
 695 007e 01       		.byte	0x1
 696 007f 08       		.byte	0x8
 697 0080 E1010000 		.4byte	.LASF11
 698 0084 05       		.uleb128 0x5
 699 0085 63000000 		.4byte	0x63
 700 0089 95000000 		.4byte	0x95
 701 008d 06       		.uleb128 0x6
 702 008e 95000000 		.4byte	0x95
 703 0092 2B02     		.2byte	0x22b
 704 0094 00       		.byte	0
 705 0095 02       		.uleb128 0x2
 706 0096 04       		.byte	0x4
 707 0097 07       		.byte	0x7
 708 0098 CA010000 		.4byte	.LASF12
 709 009c 07       		.uleb128 0x7
 710 009d E3000000 		.4byte	.LASF13
 711 00a1 01       		.byte	0x1
 712 00a2 1F       		.byte	0x1f
 713 00a3 AD000000 		.4byte	0xad
 714 00a7 05       		.uleb128 0x5
 715 00a8 03       		.byte	0x3
 716 00a9 00000000 		.4byte	cy_meta_configecc
 717 00ad 08       		.uleb128 0x8
 718 00ae 84000000 		.4byte	0x84
 719 00b2 05       		.uleb128 0x5
 720 00b3 63000000 		.4byte	0x63
 721 00b7 C2000000 		.4byte	0xc2
 722 00bb 09       		.uleb128 0x9
 723 00bc 95000000 		.4byte	0x95
 724 00c0 03       		.byte	0x3
 725 00c1 00       		.byte	0
 726 00c2 07       		.uleb128 0x7
 727 00c3 D3000000 		.4byte	.LASF14
 728 00c7 01       		.byte	0x1
 729 00c8 72       		.byte	0x72
 730 00c9 D3000000 		.4byte	0xd3
 731 00cd 05       		.uleb128 0x5
 732 00ce 03       		.byte	0x3
 733 00cf 00000000 		.4byte	cy_meta_custnvl
 734 00d3 08       		.uleb128 0x8
 735 00d4 B2000000 		.4byte	0xb2
 736 00d8 07       		.uleb128 0x7
 737 00d9 BC010000 		.4byte	.LASF15
ARM GAS  C:\Users\cps\AppData\Local\Temp\ccmmP6ZV.s 			page 14


 738 00dd 01       		.byte	0x1
 739 00de 80       		.byte	0x80
 740 00df E9000000 		.4byte	0xe9
 741 00e3 05       		.uleb128 0x5
 742 00e4 03       		.byte	0x3
 743 00e5 00000000 		.4byte	cy_meta_wonvl
 744 00e9 08       		.uleb128 0x8
 745 00ea B2000000 		.4byte	0xb2
 746 00ee 05       		.uleb128 0x5
 747 00ef 63000000 		.4byte	0x63
 748 00f3 FE000000 		.4byte	0xfe
 749 00f7 09       		.uleb128 0x9
 750 00f8 95000000 		.4byte	0x95
 751 00fc FF       		.byte	0xff
 752 00fd 00       		.byte	0
 753 00fe 07       		.uleb128 0x7
 754 00ff A7010000 		.4byte	.LASF16
 755 0103 01       		.byte	0x1
 756 0104 8E       		.byte	0x8e
 757 0105 0F010000 		.4byte	0x10f
 758 0109 05       		.uleb128 0x5
 759 010a 03       		.byte	0x3
 760 010b 00000000 		.4byte	cy_meta_flashprotect
 761 010f 08       		.uleb128 0x8
 762 0110 EE000000 		.4byte	0xee
 763 0114 05       		.uleb128 0x5
 764 0115 63000000 		.4byte	0x63
 765 0119 24010000 		.4byte	0x124
 766 011d 09       		.uleb128 0x9
 767 011e 95000000 		.4byte	0x95
 768 0122 0B       		.byte	0xb
 769 0123 00       		.byte	0
 770 0124 07       		.uleb128 0x7
 771 0125 87000000 		.4byte	.LASF17
 772 0129 01       		.byte	0x1
 773 012a BB       		.byte	0xbb
 774 012b 35010000 		.4byte	0x135
 775 012f 05       		.uleb128 0x5
 776 0130 03       		.byte	0x3
 777 0131 00000000 		.4byte	cy_metadata
 778 0135 08       		.uleb128 0x8
 779 0136 14010000 		.4byte	0x114
 780 013a 00       		.byte	0
 781              		.section	.debug_abbrev,"",%progbits
 782              	.Ldebug_abbrev0:
 783 0000 01       		.uleb128 0x1
 784 0001 11       		.uleb128 0x11
 785 0002 01       		.byte	0x1
 786 0003 25       		.uleb128 0x25
 787 0004 0E       		.uleb128 0xe
 788 0005 13       		.uleb128 0x13
 789 0006 0B       		.uleb128 0xb
 790 0007 03       		.uleb128 0x3
 791 0008 0E       		.uleb128 0xe
 792 0009 1B       		.uleb128 0x1b
 793 000a 0E       		.uleb128 0xe
 794 000b 10       		.uleb128 0x10
ARM GAS  C:\Users\cps\AppData\Local\Temp\ccmmP6ZV.s 			page 15


 795 000c 17       		.uleb128 0x17
 796 000d 00       		.byte	0
 797 000e 00       		.byte	0
 798 000f 02       		.uleb128 0x2
 799 0010 24       		.uleb128 0x24
 800 0011 00       		.byte	0
 801 0012 0B       		.uleb128 0xb
 802 0013 0B       		.uleb128 0xb
 803 0014 3E       		.uleb128 0x3e
 804 0015 0B       		.uleb128 0xb
 805 0016 03       		.uleb128 0x3
 806 0017 0E       		.uleb128 0xe
 807 0018 00       		.byte	0
 808 0019 00       		.byte	0
 809 001a 03       		.uleb128 0x3
 810 001b 24       		.uleb128 0x24
 811 001c 00       		.byte	0
 812 001d 0B       		.uleb128 0xb
 813 001e 0B       		.uleb128 0xb
 814 001f 3E       		.uleb128 0x3e
 815 0020 0B       		.uleb128 0xb
 816 0021 03       		.uleb128 0x3
 817 0022 08       		.uleb128 0x8
 818 0023 00       		.byte	0
 819 0024 00       		.byte	0
 820 0025 04       		.uleb128 0x4
 821 0026 16       		.uleb128 0x16
 822 0027 00       		.byte	0
 823 0028 03       		.uleb128 0x3
 824 0029 0E       		.uleb128 0xe
 825 002a 3A       		.uleb128 0x3a
 826 002b 0B       		.uleb128 0xb
 827 002c 3B       		.uleb128 0x3b
 828 002d 05       		.uleb128 0x5
 829 002e 49       		.uleb128 0x49
 830 002f 13       		.uleb128 0x13
 831 0030 00       		.byte	0
 832 0031 00       		.byte	0
 833 0032 05       		.uleb128 0x5
 834 0033 01       		.uleb128 0x1
 835 0034 01       		.byte	0x1
 836 0035 49       		.uleb128 0x49
 837 0036 13       		.uleb128 0x13
 838 0037 01       		.uleb128 0x1
 839 0038 13       		.uleb128 0x13
 840 0039 00       		.byte	0
 841 003a 00       		.byte	0
 842 003b 06       		.uleb128 0x6
 843 003c 21       		.uleb128 0x21
 844 003d 00       		.byte	0
 845 003e 49       		.uleb128 0x49
 846 003f 13       		.uleb128 0x13
 847 0040 2F       		.uleb128 0x2f
 848 0041 05       		.uleb128 0x5
 849 0042 00       		.byte	0
 850 0043 00       		.byte	0
 851 0044 07       		.uleb128 0x7
ARM GAS  C:\Users\cps\AppData\Local\Temp\ccmmP6ZV.s 			page 16


 852 0045 34       		.uleb128 0x34
 853 0046 00       		.byte	0
 854 0047 03       		.uleb128 0x3
 855 0048 0E       		.uleb128 0xe
 856 0049 3A       		.uleb128 0x3a
 857 004a 0B       		.uleb128 0xb
 858 004b 3B       		.uleb128 0x3b
 859 004c 0B       		.uleb128 0xb
 860 004d 49       		.uleb128 0x49
 861 004e 13       		.uleb128 0x13
 862 004f 3F       		.uleb128 0x3f
 863 0050 19       		.uleb128 0x19
 864 0051 02       		.uleb128 0x2
 865 0052 18       		.uleb128 0x18
 866 0053 00       		.byte	0
 867 0054 00       		.byte	0
 868 0055 08       		.uleb128 0x8
 869 0056 26       		.uleb128 0x26
 870 0057 00       		.byte	0
 871 0058 49       		.uleb128 0x49
 872 0059 13       		.uleb128 0x13
 873 005a 00       		.byte	0
 874 005b 00       		.byte	0
 875 005c 09       		.uleb128 0x9
 876 005d 21       		.uleb128 0x21
 877 005e 00       		.byte	0
 878 005f 49       		.uleb128 0x49
 879 0060 13       		.uleb128 0x13
 880 0061 2F       		.uleb128 0x2f
 881 0062 0B       		.uleb128 0xb
 882 0063 00       		.byte	0
 883 0064 00       		.byte	0
 884 0065 00       		.byte	0
 885              		.section	.debug_aranges,"",%progbits
 886 0000 14000000 		.4byte	0x14
 887 0004 0200     		.2byte	0x2
 888 0006 00000000 		.4byte	.Ldebug_info0
 889 000a 04       		.byte	0x4
 890 000b 00       		.byte	0
 891 000c 0000     		.2byte	0
 892 000e 0000     		.2byte	0
 893 0010 00000000 		.4byte	0
 894 0014 00000000 		.4byte	0
 895              		.section	.debug_line,"",%progbits
 896              	.Ldebug_line0:
 897 0000 4F000000 		.section	.debug_str,"MS",%progbits,1
 897      02004900 
 897      00000201 
 897      FB0E0D00 
 897      01010101 
 898              	.LASF19:
 899 0000 2E5C4765 		.ascii	".\\Generated_Source\\PSoC5\\cymetadata.c\000"
 899      6E657261 
 899      7465645F 
 899      536F7572 
 899      63655C50 
 900              	.LASF20:
ARM GAS  C:\Users\cps\AppData\Local\Temp\ccmmP6ZV.s 			page 17


 901 0026 433A5C55 		.ascii	"C:\\Users\\cps\\Documents\\neoapi\\Project Template"
 901      73657273 
 901      5C637073 
 901      5C446F63 
 901      756D656E 
 902 0054 735C5365 		.ascii	"s\\Sensor Examples\\Example Sensors\\DecagonGS3.cyd"
 902      6E736F72 
 902      20457861 
 902      6D706C65 
 902      735C4578 
 903 0084 736E00   		.ascii	"sn\000"
 904              	.LASF17:
 905 0087 63795F6D 		.ascii	"cy_metadata\000"
 905      65746164 
 905      61746100 
 906              	.LASF9:
 907 0093 666C6F61 		.ascii	"float\000"
 907      7400
 908              	.LASF1:
 909 0099 756E7369 		.ascii	"unsigned char\000"
 909      676E6564 
 909      20636861 
 909      7200
 910              	.LASF5:
 911 00a7 6C6F6E67 		.ascii	"long unsigned int\000"
 911      20756E73 
 911      69676E65 
 911      6420696E 
 911      7400
 912              	.LASF3:
 913 00b9 73686F72 		.ascii	"short unsigned int\000"
 913      7420756E 
 913      7369676E 
 913      65642069 
 913      6E7400
 914              	.LASF10:
 915 00cc 646F7562 		.ascii	"double\000"
 915      6C6500
 916              	.LASF14:
 917 00d3 63795F6D 		.ascii	"cy_meta_custnvl\000"
 917      6574615F 
 917      63757374 
 917      6E766C00 
 918              	.LASF13:
 919 00e3 63795F6D 		.ascii	"cy_meta_configecc\000"
 919      6574615F 
 919      636F6E66 
 919      69676563 
 919      6300
 920              	.LASF18:
 921 00f5 474E5520 		.ascii	"GNU C 4.9.3 20150303 (release) [ARM/embedded-4_9-br"
 921      4320342E 
 921      392E3320 
 921      32303135 
 921      30333033 
 922 0128 616E6368 		.ascii	"anch revision 221220] -mcpu=cortex-m3 -mthumb -g -O"
 922      20726576 
ARM GAS  C:\Users\cps\AppData\Local\Temp\ccmmP6ZV.s 			page 18


 922      6973696F 
 922      6E203232 
 922      31323230 
 923 015b 67202D66 		.ascii	"g -ffunction-sections -ffat-lto-objects\000"
 923      66756E63 
 923      74696F6E 
 923      2D736563 
 923      74696F6E 
 924              	.LASF8:
 925 0183 756E7369 		.ascii	"unsigned int\000"
 925      676E6564 
 925      20696E74 
 925      00
 926              	.LASF7:
 927 0190 6C6F6E67 		.ascii	"long long unsigned int\000"
 927      206C6F6E 
 927      6720756E 
 927      7369676E 
 927      65642069 
 928              	.LASF16:
 929 01a7 63795F6D 		.ascii	"cy_meta_flashprotect\000"
 929      6574615F 
 929      666C6173 
 929      6870726F 
 929      74656374 
 930              	.LASF15:
 931 01bc 63795F6D 		.ascii	"cy_meta_wonvl\000"
 931      6574615F 
 931      776F6E76 
 931      6C00
 932              	.LASF12:
 933 01ca 73697A65 		.ascii	"sizetype\000"
 933      74797065 
 933      00
 934              	.LASF6:
 935 01d3 6C6F6E67 		.ascii	"long long int\000"
 935      206C6F6E 
 935      6720696E 
 935      7400
 936              	.LASF11:
 937 01e1 63686172 		.ascii	"char\000"
 937      00
 938              	.LASF2:
 939 01e6 73686F72 		.ascii	"short int\000"
 939      7420696E 
 939      7400
 940              	.LASF21:
 941 01f0 75696E74 		.ascii	"uint8\000"
 941      3800
 942              	.LASF4:
 943 01f6 6C6F6E67 		.ascii	"long int\000"
 943      20696E74 
 943      00
 944              	.LASF0:
 945 01ff 7369676E 		.ascii	"signed char\000"
 945      65642063 
 945      68617200 
ARM GAS  C:\Users\cps\AppData\Local\Temp\ccmmP6ZV.s 			page 19


 946              		.ident	"GCC: (GNU Tools for ARM Embedded Processors) 4.9.3 20150303 (release) [ARM/embedded-4_9-br
