ARM GAS  C:\Users\cps\AppData\Local\Temp\ccq6yXxZ.s 			page 1


   1              		.syntax unified
   2              		.cpu cortex-m3
   3              		.fpu softvfp
   4              		.eabi_attribute 20, 1
   5              		.eabi_attribute 21, 1
   6              		.eabi_attribute 23, 3
   7              		.eabi_attribute 24, 1
   8              		.eabi_attribute 25, 1
   9              		.eabi_attribute 26, 1
  10              		.eabi_attribute 30, 1
  11              		.eabi_attribute 34, 1
  12              		.eabi_attribute 18, 4
  13              		.thumb
  14              		.file	"decagon.c"
  15              		.text
  16              	.Ltext0:
  17              		.cfi_sections	.debug_frame
  18              		.section	.text.IntUartRx_D,"ax",%progbits
  19              		.align	2
  20              		.global	IntUartRx_D
  21              		.thumb
  22              		.thumb_func
  23              		.type	IntUartRx_D, %function
  24              	IntUartRx_D:
  25              	.LFB0:
  26              		.file 1 ".\\decagon.c"
   1:.\decagon.c   **** //==============================Header File/Global Variable==============================
   2:.\decagon.c   **** //Standard String Library
   3:.\decagon.c   **** 
   4:.\decagon.c   **** 
   5:.\decagon.c   **** 
   6:.\decagon.c   **** #include <string.h>
   7:.\decagon.c   **** #include "decagon.h"
   8:.\decagon.c   **** //Import the header file that has all the files listed for use in the master file later
   9:.\decagon.c   **** //Global Variable for the number of characters received from the UART reading
  10:.\decagon.c   **** #define RAW_SERIAL_DATA_LENGTH_d 100
  11:.\decagon.c   **** //How many reading to we want to average by after the reading's been parsed.
  12:.\decagon.c   **** #define VALUES_ARRAY_LENGTH 6
  13:.\decagon.c   **** //This is where we stored the initial UART reading result
  14:.\decagon.c   **** uint8 raw_serial_data_d[RAW_SERIAL_DATA_LENGTH_d];
  15:.\decagon.c   **** //counter for interrupt readings
  16:.\decagon.c   **** uint8 raw_serial_data_count_d;
  17:.\decagon.c   **** 
  18:.\decagon.c   **** 
  19:.\decagon.c   **** 
  20:.\decagon.c   **** //===============================Interrupt Function==============================
  21:.\decagon.c   **** CY_ISR(IntUartRx_D)
  22:.\decagon.c   **** {
  27              		.loc 1 22 0
  28              		.cfi_startproc
  29              		@ args = 0, pretend = 0, frame = 0
  30              		@ frame_needed = 0, uses_anonymous_args = 0
  31 0000 08B5     		push	{r3, lr}
  32              		.cfi_def_cfa_offset 8
  33              		.cfi_offset 3, -8
  34              		.cfi_offset 14, -4
  23:.\decagon.c   ****    uint8 getchar;
ARM GAS  C:\Users\cps\AppData\Local\Temp\ccq6yXxZ.s 			page 2


  24:.\decagon.c   ****    getchar  = UART_Decagon_GetChar();
  35              		.loc 1 24 0
  36 0002 FFF7FEFF 		bl	UART_Decagon_GetChar
  37              	.LVL0:
  38 0006 C0B2     		uxtb	r0, r0
  39              	.LVL1:
  25:.\decagon.c   ****         
  26:.\decagon.c   ****    if(getchar > 0u && raw_serial_data_count_d < RAW_SERIAL_DATA_LENGTH_d){
  40              		.loc 1 26 0
  41 0008 40B1     		cbz	r0, .L1
  42              		.loc 1 26 0 is_stmt 0 discriminator 1
  43 000a 054B     		ldr	r3, .L4
  44 000c 1B78     		ldrb	r3, [r3]	@ zero_extendqisi2
  45 000e 632B     		cmp	r3, #99
  46 0010 04D8     		bhi	.L1
  27:.\decagon.c   ****         raw_serial_data_d[raw_serial_data_count_d] = getchar;
  47              		.loc 1 27 0 is_stmt 1
  48 0012 044A     		ldr	r2, .L4+4
  49 0014 D054     		strb	r0, [r2, r3]
  28:.\decagon.c   ****         raw_serial_data_count_d++;
  50              		.loc 1 28 0
  51 0016 0133     		adds	r3, r3, #1
  52 0018 014A     		ldr	r2, .L4
  53 001a 1370     		strb	r3, [r2]
  54              	.L1:
  55 001c 08BD     		pop	{r3, pc}
  56              	.L5:
  57 001e 00BF     		.align	2
  58              	.L4:
  59 0020 00000000 		.word	raw_serial_data_count_d
  60 0024 00000000 		.word	raw_serial_data_d
  61              		.cfi_endproc
  62              	.LFE0:
  63              		.size	IntUartRx_D, .-IntUartRx_D
  64              		.section	.text.Decagon_Convert_Raw_Reading,"ax",%progbits
  65              		.align	2
  66              		.global	Decagon_Convert_Raw_Reading
  67              		.thumb
  68              		.thumb_func
  69              		.type	Decagon_Convert_Raw_Reading, %function
  70              	Decagon_Convert_Raw_Reading:
  71              	.LFB2:
  29:.\decagon.c   ****    }   
  30:.\decagon.c   ****     
  31:.\decagon.c   **** }
  32:.\decagon.c   **** 
  33:.\decagon.c   **** 
  34:.\decagon.c   **** DecagonGS3 Decagon_Take_Reading(){
  35:.\decagon.c   **** 	
  36:.\decagon.c   **** 	UART_Decagon_Start();
  37:.\decagon.c   ****     raw_serial_data_count_d = 0u;
  38:.\decagon.c   ****     
  39:.\decagon.c   **** 	Decagon_Power_Write(0u); 
  40:.\decagon.c   ****     isr_Decagon_StartEx(IntUartRx_D);
  41:.\decagon.c   ****     CyDelay(1000u);
  42:.\decagon.c   ****     Decagon_Power_Write(1u);
  43:.\decagon.c   ****     isr_Decagon_Stop();
ARM GAS  C:\Users\cps\AppData\Local\Temp\ccq6yXxZ.s 			page 3


  44:.\decagon.c   **** 
  45:.\decagon.c   ****     DecagonGS3 SoilMoisture;
  46:.\decagon.c   ****     SoilMoisture = Decagon_Convert_Raw_Reading(raw_serial_data_d);
  47:.\decagon.c   **** 	UART_Decagon_Stop();
  48:.\decagon.c   ****     return SoilMoisture;
  49:.\decagon.c   **** 	
  50:.\decagon.c   **** }
  51:.\decagon.c   **** 
  52:.\decagon.c   **** 
  53:.\decagon.c   **** DecagonGS3 Decagon_Convert_Raw_Reading(uint8* raw_D){
  72              		.loc 1 53 0
  73              		.cfi_startproc
  74              		@ args = 0, pretend = 0, frame = 16
  75              		@ frame_needed = 0, uses_anonymous_args = 0
  76              	.LVL2:
  77 0000 10B5     		push	{r4, lr}
  78              		.cfi_def_cfa_offset 8
  79              		.cfi_offset 4, -8
  80              		.cfi_offset 14, -4
  81 0002 86B0     		sub	sp, sp, #24
  82              		.cfi_def_cfa_offset 32
  83 0004 0446     		mov	r4, r0
  54:.\decagon.c   ****     DecagonGS3 final_reading;
  55:.\decagon.c   ****     final_reading.valid = 0u;
  84              		.loc 1 55 0
  85 0006 0023     		movs	r3, #0
  86 0008 8DF81630 		strb	r3, [sp, #22]
  56:.\decagon.c   ****     
  57:.\decagon.c   ****     final_reading.valid  = sscanf(raw_D,"\x09%f %f %d\r%s",&final_reading.dielectric,
  87              		.loc 1 57 0
  88 000c 05AA     		add	r2, sp, #20
  89 000e 0092     		str	r2, [sp]
  90 0010 0193     		str	r3, [sp, #4]
  91 0012 0846     		mov	r0, r1
  92              	.LVL3:
  93 0014 0A49     		ldr	r1, .L9
  94              	.LVL4:
  95 0016 03AA     		add	r2, sp, #12
  96 0018 04AB     		add	r3, sp, #16
  97 001a FFF7FEFF 		bl	sscanf
  98              	.LVL5:
  99 001e C0B2     		uxtb	r0, r0
 100 0020 8DF81600 		strb	r0, [sp, #22]
  58:.\decagon.c   ****                                 &final_reading.temp,&final_reading.conductivity,NULL);
  59:.\decagon.c   **** 
  60:.\decagon.c   **** 	//if you know the the calibration equation, you can caalcualte the soil moisutre here, too
  61:.\decagon.c   ****     if(final_reading.valid != 4){
 101              		.loc 1 61 0
 102 0024 0428     		cmp	r0, #4
 103 0026 02D0     		beq	.L7
  62:.\decagon.c   ****         final_reading.valid = 0;
 104              		.loc 1 62 0
 105 0028 0023     		movs	r3, #0
 106 002a 8DF81630 		strb	r3, [sp, #22]
 107              	.L7:
  63:.\decagon.c   ****     }
  64:.\decagon.c   ****     
ARM GAS  C:\Users\cps\AppData\Local\Temp\ccq6yXxZ.s 			page 4


  65:.\decagon.c   ****     return final_reading;
 108              		.loc 1 65 0
 109 002e 06AB     		add	r3, sp, #24
 110 0030 13E90700 		ldmdb	r3, {r0, r1, r2}
 111 0034 84E80700 		stmia	r4, {r0, r1, r2}
  66:.\decagon.c   ****     
  67:.\decagon.c   **** }...
 112              		.loc 1 67 0
 113 0038 2046     		mov	r0, r4
 114 003a 06B0     		add	sp, sp, #24
 115              		.cfi_def_cfa_offset 8
 116              		@ sp needed
 117 003c 10BD     		pop	{r4, pc}
 118              	.LVL6:
 119              	.L10:
 120 003e 00BF     		.align	2
 121              	.L9:
 122 0040 00000000 		.word	.LC0
 123              		.cfi_endproc
 124              	.LFE2:
 125              		.size	Decagon_Convert_Raw_Reading, .-Decagon_Convert_Raw_Reading
 126              		.section	.text.Decagon_Take_Reading,"ax",%progbits
 127              		.align	2
 128              		.global	Decagon_Take_Reading
 129              		.thumb
 130              		.thumb_func
 131              		.type	Decagon_Take_Reading, %function
 132              	Decagon_Take_Reading:
 133              	.LFB1:
  34:.\decagon.c   **** DecagonGS3 Decagon_Take_Reading(){
 134              		.loc 1 34 0
 135              		.cfi_startproc
 136              		@ args = 0, pretend = 0, frame = 0
 137              		@ frame_needed = 0, uses_anonymous_args = 0
 138              	.LVL7:
 139 0000 10B5     		push	{r4, lr}
 140              		.cfi_def_cfa_offset 8
 141              		.cfi_offset 4, -8
 142              		.cfi_offset 14, -4
 143 0002 0446     		mov	r4, r0
  36:.\decagon.c   **** 	UART_Decagon_Start();
 144              		.loc 1 36 0
 145 0004 FFF7FEFF 		bl	UART_Decagon_Start
 146              	.LVL8:
  37:.\decagon.c   ****     raw_serial_data_count_d = 0u;
 147              		.loc 1 37 0
 148 0008 0020     		movs	r0, #0
 149 000a 0C4B     		ldr	r3, .L13
 150 000c 1870     		strb	r0, [r3]
  39:.\decagon.c   **** 	Decagon_Power_Write(0u); 
 151              		.loc 1 39 0
 152 000e FFF7FEFF 		bl	Decagon_Power_Write
 153              	.LVL9:
  40:.\decagon.c   ****     isr_Decagon_StartEx(IntUartRx_D);
 154              		.loc 1 40 0
 155 0012 0B48     		ldr	r0, .L13+4
 156 0014 FFF7FEFF 		bl	isr_Decagon_StartEx
ARM GAS  C:\Users\cps\AppData\Local\Temp\ccq6yXxZ.s 			page 5


 157              	.LVL10:
  41:.\decagon.c   ****     CyDelay(1000u);
 158              		.loc 1 41 0
 159 0018 4FF47A70 		mov	r0, #1000
 160 001c FFF7FEFF 		bl	CyDelay
 161              	.LVL11:
  42:.\decagon.c   ****     Decagon_Power_Write(1u);
 162              		.loc 1 42 0
 163 0020 0120     		movs	r0, #1
 164 0022 FFF7FEFF 		bl	Decagon_Power_Write
 165              	.LVL12:
  43:.\decagon.c   ****     isr_Decagon_Stop();
 166              		.loc 1 43 0
 167 0026 FFF7FEFF 		bl	isr_Decagon_Stop
 168              	.LVL13:
  46:.\decagon.c   ****     SoilMoisture = Decagon_Convert_Raw_Reading(raw_serial_data_d);
 169              		.loc 1 46 0
 170 002a 2046     		mov	r0, r4
 171 002c 0549     		ldr	r1, .L13+8
 172 002e FFF7FEFF 		bl	Decagon_Convert_Raw_Reading
 173              	.LVL14:
  47:.\decagon.c   **** 	UART_Decagon_Stop();
 174              		.loc 1 47 0
 175 0032 FFF7FEFF 		bl	UART_Decagon_Stop
 176              	.LVL15:
  50:.\decagon.c   **** }
 177              		.loc 1 50 0
 178 0036 2046     		mov	r0, r4
 179 0038 10BD     		pop	{r4, pc}
 180              	.LVL16:
 181              	.L14:
 182 003a 00BF     		.align	2
 183              	.L13:
 184 003c 00000000 		.word	raw_serial_data_count_d
 185 0040 00000000 		.word	IntUartRx_D
 186 0044 00000000 		.word	raw_serial_data_d
 187              		.cfi_endproc
 188              	.LFE1:
 189              		.size	Decagon_Take_Reading, .-Decagon_Take_Reading
 190              		.comm	raw_serial_data_count_d,1,1
 191              		.comm	raw_serial_data_d,100,4
 192              		.section	.rodata.str1.4,"aMS",%progbits,1
 193              		.align	2
 194              	.LC0:
 195 0000 09256620 		.ascii	"\011%f %f %d\015%s\000"
 195      25662025 
 195      640D2573 
 195      00
 196 000d 000000   		.text
 197              	.Letext0:
 198              		.file 2 "Generated_Source\\PSoC5/cytypes.h"
 199              		.file 3 ".\\decagon.h"
 200              		.file 4 "<built-in>"
 201              		.section	.debug_info,"",%progbits
 202              	.Ldebug_info0:
 203 0000 8C030000 		.4byte	0x38c
 204 0004 0400     		.2byte	0x4
ARM GAS  C:\Users\cps\AppData\Local\Temp\ccq6yXxZ.s 			page 6


 205 0006 00000000 		.4byte	.Ldebug_abbrev0
 206 000a 04       		.byte	0x4
 207 000b 01       		.uleb128 0x1
 208 000c 48010000 		.4byte	.LASF35
 209 0010 01       		.byte	0x1
 210 0011 5B000000 		.4byte	.LASF36
 211 0015 67000000 		.4byte	.LASF37
 212 0019 00000000 		.4byte	.Ldebug_ranges0+0
 213 001d 00000000 		.4byte	0
 214 0021 00000000 		.4byte	.Ldebug_line0
 215 0025 02       		.uleb128 0x2
 216 0026 04       		.byte	0x4
 217 0027 05       		.byte	0x5
 218 0028 696E7400 		.ascii	"int\000"
 219 002c 03       		.uleb128 0x3
 220 002d 04       		.byte	0x4
 221 002e 07       		.byte	0x7
 222 002f 4E000000 		.4byte	.LASF0
 223 0033 03       		.uleb128 0x3
 224 0034 01       		.byte	0x1
 225 0035 06       		.byte	0x6
 226 0036 C1020000 		.4byte	.LASF1
 227 003a 03       		.uleb128 0x3
 228 003b 01       		.byte	0x1
 229 003c 08       		.byte	0x8
 230 003d CE000000 		.4byte	.LASF2
 231 0041 03       		.uleb128 0x3
 232 0042 02       		.byte	0x2
 233 0043 05       		.byte	0x5
 234 0044 6D020000 		.4byte	.LASF3
 235 0048 03       		.uleb128 0x3
 236 0049 02       		.byte	0x2
 237 004a 07       		.byte	0x7
 238 004b 3B000000 		.4byte	.LASF4
 239 004f 03       		.uleb128 0x3
 240 0050 04       		.byte	0x4
 241 0051 05       		.byte	0x5
 242 0052 B8020000 		.4byte	.LASF5
 243 0056 03       		.uleb128 0x3
 244 0057 04       		.byte	0x4
 245 0058 07       		.byte	0x7
 246 0059 DC000000 		.4byte	.LASF6
 247 005d 03       		.uleb128 0x3
 248 005e 08       		.byte	0x8
 249 005f 05       		.byte	0x5
 250 0060 1F020000 		.4byte	.LASF7
 251 0064 03       		.uleb128 0x3
 252 0065 08       		.byte	0x8
 253 0066 07       		.byte	0x7
 254 0067 E3010000 		.4byte	.LASF8
 255 006b 03       		.uleb128 0x3
 256 006c 04       		.byte	0x4
 257 006d 07       		.byte	0x7
 258 006e 16020000 		.4byte	.LASF9
 259 0072 03       		.uleb128 0x3
 260 0073 01       		.byte	0x1
 261 0074 08       		.byte	0x8
ARM GAS  C:\Users\cps\AppData\Local\Temp\ccq6yXxZ.s 			page 7


 262 0075 42020000 		.4byte	.LASF10
 263 0079 04       		.uleb128 0x4
 264 007a 04       		.byte	0x4
 265 007b 7F000000 		.4byte	0x7f
 266 007f 05       		.uleb128 0x5
 267 0080 72000000 		.4byte	0x72
 268 0084 06       		.uleb128 0x6
 269 0085 F3000000 		.4byte	.LASF11
 270 0089 02       		.byte	0x2
 271 008a 3801     		.2byte	0x138
 272 008c 3A000000 		.4byte	0x3a
 273 0090 06       		.uleb128 0x6
 274 0091 29010000 		.4byte	.LASF12
 275 0095 02       		.byte	0x2
 276 0096 3901     		.2byte	0x139
 277 0098 48000000 		.4byte	0x48
 278 009c 03       		.uleb128 0x3
 279 009d 04       		.byte	0x4
 280 009e 04       		.byte	0x4
 281 009f C8000000 		.4byte	.LASF13
 282 00a3 03       		.uleb128 0x3
 283 00a4 08       		.byte	0x8
 284 00a5 04       		.byte	0x4
 285 00a6 0D010000 		.4byte	.LASF14
 286 00aa 07       		.uleb128 0x7
 287 00ab 0C       		.byte	0xc
 288 00ac 03       		.byte	0x3
 289 00ad 11       		.byte	0x11
 290 00ae E3000000 		.4byte	0xe3
 291 00b2 08       		.uleb128 0x8
 292 00b3 1E000000 		.4byte	.LASF15
 293 00b7 03       		.byte	0x3
 294 00b8 12       		.byte	0x12
 295 00b9 9C000000 		.4byte	0x9c
 296 00bd 00       		.byte	0
 297 00be 08       		.uleb128 0x8
 298 00bf EE000000 		.4byte	.LASF16
 299 00c3 03       		.byte	0x3
 300 00c4 13       		.byte	0x13
 301 00c5 9C000000 		.4byte	0x9c
 302 00c9 04       		.byte	0x4
 303 00ca 08       		.uleb128 0x8
 304 00cb 60020000 		.4byte	.LASF17
 305 00cf 03       		.byte	0x3
 306 00d0 14       		.byte	0x14
 307 00d1 90000000 		.4byte	0x90
 308 00d5 08       		.byte	0x8
 309 00d6 08       		.uleb128 0x8
 310 00d7 5A020000 		.4byte	.LASF18
 311 00db 03       		.byte	0x3
 312 00dc 15       		.byte	0x15
 313 00dd 84000000 		.4byte	0x84
 314 00e1 0A       		.byte	0xa
 315 00e2 00       		.byte	0
 316 00e3 09       		.uleb128 0x9
 317 00e4 A1020000 		.4byte	.LASF19
 318 00e8 03       		.byte	0x3
ARM GAS  C:\Users\cps\AppData\Local\Temp\ccq6yXxZ.s 			page 8


 319 00e9 16       		.byte	0x16
 320 00ea AA000000 		.4byte	0xaa
 321 00ee 0A       		.uleb128 0xa
 322 00ef AC020000 		.4byte	.LASF22
 323 00f3 01       		.byte	0x1
 324 00f4 15       		.byte	0x15
 325 00f5 00000000 		.4byte	.LFB0
 326 00f9 28000000 		.4byte	.LFE0-.LFB0
 327 00fd 01       		.uleb128 0x1
 328 00fe 9C       		.byte	0x9c
 329 00ff 2B010000 		.4byte	0x12b
 330 0103 0B       		.uleb128 0xb
 331 0104 FA010000 		.4byte	.LASF20
 332 0108 01       		.byte	0x1
 333 0109 17       		.byte	0x17
 334 010a 84000000 		.4byte	0x84
 335 010e 01       		.uleb128 0x1
 336 010f 50       		.byte	0x50
 337 0110 0C       		.uleb128 0xc
 338 0111 14010000 		.4byte	.LASF24
 339 0115 01       		.byte	0x1
 340 0116 18       		.byte	0x18
 341 0117 25000000 		.4byte	0x25
 342 011b 21010000 		.4byte	0x121
 343 011f 0D       		.uleb128 0xd
 344 0120 00       		.byte	0
 345 0121 0E       		.uleb128 0xe
 346 0122 06000000 		.4byte	.LVL0
 347 0126 01030000 		.4byte	0x301
 348 012a 00       		.byte	0
 349 012b 0F       		.uleb128 0xf
 350 012c 85020000 		.4byte	.LASF38
 351 0130 01       		.byte	0x1
 352 0131 35       		.byte	0x35
 353 0132 E3000000 		.4byte	0xe3
 354 0136 00000000 		.4byte	.LFB2
 355 013a 44000000 		.4byte	.LFE2-.LFB2
 356 013e 01       		.uleb128 0x1
 357 013f 9C       		.byte	0x9c
 358 0140 B0010000 		.4byte	0x1b0
 359 0144 10       		.uleb128 0x10
 360 0145 18000000 		.4byte	.LASF39
 361 0149 01       		.byte	0x1
 362 014a 35       		.byte	0x35
 363 014b B0010000 		.4byte	0x1b0
 364 014f 00000000 		.4byte	.LLST0
 365 0153 0B       		.uleb128 0xb
 366 0154 77020000 		.4byte	.LASF21
 367 0158 01       		.byte	0x1
 368 0159 36       		.byte	0x36
 369 015a E3000000 		.4byte	0xe3
 370 015e 02       		.uleb128 0x2
 371 015f 91       		.byte	0x91
 372 0160 6C       		.sleb128 -20
 373 0161 11       		.uleb128 0x11
 374 0162 00000000 		.4byte	.LASF34
 375 0166 04       		.byte	0x4
ARM GAS  C:\Users\cps\AppData\Local\Temp\ccq6yXxZ.s 			page 9


 376 0167 00       		.byte	0
 377 0168 25000000 		.4byte	0x25
 378 016c 7C010000 		.4byte	0x17c
 379 0170 12       		.uleb128 0x12
 380 0171 79000000 		.4byte	0x79
 381 0175 12       		.uleb128 0x12
 382 0176 79000000 		.4byte	0x79
 383 017a 0D       		.uleb128 0xd
 384 017b 00       		.byte	0
 385 017c 13       		.uleb128 0x13
 386 017d 1E000000 		.4byte	.LVL5
 387 0181 12030000 		.4byte	0x312
 388 0185 14       		.uleb128 0x14
 389 0186 01       		.uleb128 0x1
 390 0187 53       		.byte	0x53
 391 0188 02       		.uleb128 0x2
 392 0189 91       		.byte	0x91
 393 018a 70       		.sleb128 -16
 394 018b 14       		.uleb128 0x14
 395 018c 01       		.uleb128 0x1
 396 018d 52       		.byte	0x52
 397 018e 02       		.uleb128 0x2
 398 018f 91       		.byte	0x91
 399 0190 6C       		.sleb128 -20
 400 0191 14       		.uleb128 0x14
 401 0192 01       		.uleb128 0x1
 402 0193 51       		.byte	0x51
 403 0194 05       		.uleb128 0x5
 404 0195 03       		.byte	0x3
 405 0196 00000000 		.4byte	.LC0
 406 019a 14       		.uleb128 0x14
 407 019b 01       		.uleb128 0x1
 408 019c 50       		.byte	0x50
 409 019d 03       		.uleb128 0x3
 410 019e F3       		.byte	0xf3
 411 019f 01       		.uleb128 0x1
 412 01a0 51       		.byte	0x51
 413 01a1 14       		.uleb128 0x14
 414 01a2 02       		.uleb128 0x2
 415 01a3 7D       		.byte	0x7d
 416 01a4 04       		.sleb128 4
 417 01a5 01       		.uleb128 0x1
 418 01a6 30       		.byte	0x30
 419 01a7 14       		.uleb128 0x14
 420 01a8 02       		.uleb128 0x2
 421 01a9 7D       		.byte	0x7d
 422 01aa 00       		.sleb128 0
 423 01ab 02       		.uleb128 0x2
 424 01ac 91       		.byte	0x91
 425 01ad 74       		.sleb128 -12
 426 01ae 00       		.byte	0
 427 01af 00       		.byte	0
 428 01b0 04       		.uleb128 0x4
 429 01b1 04       		.byte	0x4
 430 01b2 84000000 		.4byte	0x84
 431 01b6 15       		.uleb128 0x15
 432 01b7 2D020000 		.4byte	.LASF23
ARM GAS  C:\Users\cps\AppData\Local\Temp\ccq6yXxZ.s 			page 10


 433 01bb 01       		.byte	0x1
 434 01bc 22       		.byte	0x22
 435 01bd E3000000 		.4byte	0xe3
 436 01c1 00000000 		.4byte	.LFB1
 437 01c5 48000000 		.4byte	.LFE1-.LFB1
 438 01c9 01       		.uleb128 0x1
 439 01ca 9C       		.byte	0x9c
 440 01cb CF020000 		.4byte	0x2cf
 441 01cf 0C       		.uleb128 0xc
 442 01d0 47020000 		.4byte	.LASF25
 443 01d4 01       		.byte	0x1
 444 01d5 24       		.byte	0x24
 445 01d6 25000000 		.4byte	0x25
 446 01da E0010000 		.4byte	0x1e0
 447 01de 0D       		.uleb128 0xd
 448 01df 00       		.byte	0
 449 01e0 0C       		.uleb128 0xc
 450 01e1 02020000 		.4byte	.LASF26
 451 01e5 01       		.byte	0x1
 452 01e6 27       		.byte	0x27
 453 01e7 25000000 		.4byte	0x25
 454 01eb F1010000 		.4byte	0x1f1
 455 01ef 0D       		.uleb128 0xd
 456 01f0 00       		.byte	0
 457 01f1 0C       		.uleb128 0xc
 458 01f2 F9000000 		.4byte	.LASF27
 459 01f6 01       		.byte	0x1
 460 01f7 28       		.byte	0x28
 461 01f8 25000000 		.4byte	0x25
 462 01fc 02020000 		.4byte	0x202
 463 0200 0D       		.uleb128 0xd
 464 0201 00       		.byte	0
 465 0202 0C       		.uleb128 0xc
 466 0203 DF020000 		.4byte	.LASF28
 467 0207 01       		.byte	0x1
 468 0208 29       		.byte	0x29
 469 0209 25000000 		.4byte	0x25
 470 020d 13020000 		.4byte	0x213
 471 0211 0D       		.uleb128 0xd
 472 0212 00       		.byte	0
 473 0213 0C       		.uleb128 0xc
 474 0214 07000000 		.4byte	.LASF29
 475 0218 01       		.byte	0x1
 476 0219 2B       		.byte	0x2b
 477 021a 25000000 		.4byte	0x25
 478 021e 24020000 		.4byte	0x224
 479 0222 0D       		.uleb128 0xd
 480 0223 00       		.byte	0
 481 0224 16       		.uleb128 0x16
 482 0225 D6010000 		.4byte	.LASF30
 483 0229 01       		.byte	0x1
 484 022a 2D       		.byte	0x2d
 485 022b E3000000 		.4byte	0xe3
 486 022f 2C000000 		.4byte	.LLST1
 487 0233 0C       		.uleb128 0xc
 488 0234 29000000 		.4byte	.LASF31
 489 0238 01       		.byte	0x1
ARM GAS  C:\Users\cps\AppData\Local\Temp\ccq6yXxZ.s 			page 11


 490 0239 2F       		.byte	0x2f
 491 023a 25000000 		.4byte	0x25
 492 023e 44020000 		.4byte	0x244
 493 0242 0D       		.uleb128 0xd
 494 0243 00       		.byte	0
 495 0244 0E       		.uleb128 0xe
 496 0245 08000000 		.4byte	.LVL8
 497 0249 2D030000 		.4byte	0x32d
 498 024d 17       		.uleb128 0x17
 499 024e 12000000 		.4byte	.LVL9
 500 0252 3E030000 		.4byte	0x33e
 501 0256 60020000 		.4byte	0x260
 502 025a 14       		.uleb128 0x14
 503 025b 01       		.uleb128 0x1
 504 025c 50       		.byte	0x50
 505 025d 01       		.uleb128 0x1
 506 025e 30       		.byte	0x30
 507 025f 00       		.byte	0
 508 0260 17       		.uleb128 0x17
 509 0261 18000000 		.4byte	.LVL10
 510 0265 4F030000 		.4byte	0x34f
 511 0269 77020000 		.4byte	0x277
 512 026d 14       		.uleb128 0x14
 513 026e 01       		.uleb128 0x1
 514 026f 50       		.byte	0x50
 515 0270 05       		.uleb128 0x5
 516 0271 03       		.byte	0x3
 517 0272 00000000 		.4byte	IntUartRx_D
 518 0276 00       		.byte	0
 519 0277 17       		.uleb128 0x17
 520 0278 20000000 		.4byte	.LVL11
 521 027c 60030000 		.4byte	0x360
 522 0280 8C020000 		.4byte	0x28c
 523 0284 14       		.uleb128 0x14
 524 0285 01       		.uleb128 0x1
 525 0286 50       		.byte	0x50
 526 0287 03       		.uleb128 0x3
 527 0288 0A       		.byte	0xa
 528 0289 E803     		.2byte	0x3e8
 529 028b 00       		.byte	0
 530 028c 17       		.uleb128 0x17
 531 028d 26000000 		.4byte	.LVL12
 532 0291 3E030000 		.4byte	0x33e
 533 0295 9F020000 		.4byte	0x29f
 534 0299 14       		.uleb128 0x14
 535 029a 01       		.uleb128 0x1
 536 029b 50       		.byte	0x50
 537 029c 01       		.uleb128 0x1
 538 029d 31       		.byte	0x31
 539 029e 00       		.byte	0
 540 029f 0E       		.uleb128 0xe
 541 02a0 2A000000 		.4byte	.LVL13
 542 02a4 71030000 		.4byte	0x371
 543 02a8 17       		.uleb128 0x17
 544 02a9 32000000 		.4byte	.LVL14
 545 02ad 2B010000 		.4byte	0x12b
 546 02b1 C5020000 		.4byte	0x2c5
ARM GAS  C:\Users\cps\AppData\Local\Temp\ccq6yXxZ.s 			page 12


 547 02b5 14       		.uleb128 0x14
 548 02b6 01       		.uleb128 0x1
 549 02b7 51       		.byte	0x51
 550 02b8 05       		.uleb128 0x5
 551 02b9 03       		.byte	0x3
 552 02ba 00000000 		.4byte	raw_serial_data_d
 553 02be 14       		.uleb128 0x14
 554 02bf 01       		.uleb128 0x1
 555 02c0 50       		.byte	0x50
 556 02c1 02       		.uleb128 0x2
 557 02c2 74       		.byte	0x74
 558 02c3 00       		.sleb128 0
 559 02c4 00       		.byte	0
 560 02c5 0E       		.uleb128 0xe
 561 02c6 36000000 		.4byte	.LVL15
 562 02ca 82030000 		.4byte	0x382
 563 02ce 00       		.byte	0
 564 02cf 18       		.uleb128 0x18
 565 02d0 84000000 		.4byte	0x84
 566 02d4 DF020000 		.4byte	0x2df
 567 02d8 19       		.uleb128 0x19
 568 02d9 6B000000 		.4byte	0x6b
 569 02dd 63       		.byte	0x63
 570 02de 00       		.byte	0
 571 02df 1A       		.uleb128 0x1a
 572 02e0 CD020000 		.4byte	.LASF32
 573 02e4 01       		.byte	0x1
 574 02e5 0E       		.byte	0xe
 575 02e6 CF020000 		.4byte	0x2cf
 576 02ea 05       		.uleb128 0x5
 577 02eb 03       		.byte	0x3
 578 02ec 00000000 		.4byte	raw_serial_data_d
 579 02f0 1A       		.uleb128 0x1a
 580 02f1 30010000 		.4byte	.LASF33
 581 02f5 01       		.byte	0x1
 582 02f6 10       		.byte	0x10
 583 02f7 84000000 		.4byte	0x84
 584 02fb 05       		.uleb128 0x5
 585 02fc 03       		.byte	0x3
 586 02fd 00000000 		.4byte	raw_serial_data_count_d
 587 0301 0C       		.uleb128 0xc
 588 0302 14010000 		.4byte	.LASF24
 589 0306 01       		.byte	0x1
 590 0307 18       		.byte	0x18
 591 0308 25000000 		.4byte	0x25
 592 030c 12030000 		.4byte	0x312
 593 0310 0D       		.uleb128 0xd
 594 0311 00       		.byte	0
 595 0312 11       		.uleb128 0x11
 596 0313 00000000 		.4byte	.LASF34
 597 0317 04       		.byte	0x4
 598 0318 00       		.byte	0
 599 0319 25000000 		.4byte	0x25
 600 031d 2D030000 		.4byte	0x32d
 601 0321 12       		.uleb128 0x12
 602 0322 79000000 		.4byte	0x79
 603 0326 12       		.uleb128 0x12
ARM GAS  C:\Users\cps\AppData\Local\Temp\ccq6yXxZ.s 			page 13


 604 0327 79000000 		.4byte	0x79
 605 032b 0D       		.uleb128 0xd
 606 032c 00       		.byte	0
 607 032d 0C       		.uleb128 0xc
 608 032e 47020000 		.4byte	.LASF25
 609 0332 01       		.byte	0x1
 610 0333 24       		.byte	0x24
 611 0334 25000000 		.4byte	0x25
 612 0338 3E030000 		.4byte	0x33e
 613 033c 0D       		.uleb128 0xd
 614 033d 00       		.byte	0
 615 033e 0C       		.uleb128 0xc
 616 033f 02020000 		.4byte	.LASF26
 617 0343 01       		.byte	0x1
 618 0344 27       		.byte	0x27
 619 0345 25000000 		.4byte	0x25
 620 0349 4F030000 		.4byte	0x34f
 621 034d 0D       		.uleb128 0xd
 622 034e 00       		.byte	0
 623 034f 0C       		.uleb128 0xc
 624 0350 F9000000 		.4byte	.LASF27
 625 0354 01       		.byte	0x1
 626 0355 28       		.byte	0x28
 627 0356 25000000 		.4byte	0x25
 628 035a 60030000 		.4byte	0x360
 629 035e 0D       		.uleb128 0xd
 630 035f 00       		.byte	0
 631 0360 0C       		.uleb128 0xc
 632 0361 DF020000 		.4byte	.LASF28
 633 0365 01       		.byte	0x1
 634 0366 29       		.byte	0x29
 635 0367 25000000 		.4byte	0x25
 636 036b 71030000 		.4byte	0x371
 637 036f 0D       		.uleb128 0xd
 638 0370 00       		.byte	0
 639 0371 0C       		.uleb128 0xc
 640 0372 07000000 		.4byte	.LASF29
 641 0376 01       		.byte	0x1
 642 0377 2B       		.byte	0x2b
 643 0378 25000000 		.4byte	0x25
 644 037c 82030000 		.4byte	0x382
 645 0380 0D       		.uleb128 0xd
 646 0381 00       		.byte	0
 647 0382 1B       		.uleb128 0x1b
 648 0383 29000000 		.4byte	.LASF31
 649 0387 01       		.byte	0x1
 650 0388 2F       		.byte	0x2f
 651 0389 25000000 		.4byte	0x25
 652 038d 0D       		.uleb128 0xd
 653 038e 00       		.byte	0
 654 038f 00       		.byte	0
 655              		.section	.debug_abbrev,"",%progbits
 656              	.Ldebug_abbrev0:
 657 0000 01       		.uleb128 0x1
 658 0001 11       		.uleb128 0x11
 659 0002 01       		.byte	0x1
 660 0003 25       		.uleb128 0x25
ARM GAS  C:\Users\cps\AppData\Local\Temp\ccq6yXxZ.s 			page 14


 661 0004 0E       		.uleb128 0xe
 662 0005 13       		.uleb128 0x13
 663 0006 0B       		.uleb128 0xb
 664 0007 03       		.uleb128 0x3
 665 0008 0E       		.uleb128 0xe
 666 0009 1B       		.uleb128 0x1b
 667 000a 0E       		.uleb128 0xe
 668 000b 55       		.uleb128 0x55
 669 000c 17       		.uleb128 0x17
 670 000d 11       		.uleb128 0x11
 671 000e 01       		.uleb128 0x1
 672 000f 10       		.uleb128 0x10
 673 0010 17       		.uleb128 0x17
 674 0011 00       		.byte	0
 675 0012 00       		.byte	0
 676 0013 02       		.uleb128 0x2
 677 0014 24       		.uleb128 0x24
 678 0015 00       		.byte	0
 679 0016 0B       		.uleb128 0xb
 680 0017 0B       		.uleb128 0xb
 681 0018 3E       		.uleb128 0x3e
 682 0019 0B       		.uleb128 0xb
 683 001a 03       		.uleb128 0x3
 684 001b 08       		.uleb128 0x8
 685 001c 00       		.byte	0
 686 001d 00       		.byte	0
 687 001e 03       		.uleb128 0x3
 688 001f 24       		.uleb128 0x24
 689 0020 00       		.byte	0
 690 0021 0B       		.uleb128 0xb
 691 0022 0B       		.uleb128 0xb
 692 0023 3E       		.uleb128 0x3e
 693 0024 0B       		.uleb128 0xb
 694 0025 03       		.uleb128 0x3
 695 0026 0E       		.uleb128 0xe
 696 0027 00       		.byte	0
 697 0028 00       		.byte	0
 698 0029 04       		.uleb128 0x4
 699 002a 0F       		.uleb128 0xf
 700 002b 00       		.byte	0
 701 002c 0B       		.uleb128 0xb
 702 002d 0B       		.uleb128 0xb
 703 002e 49       		.uleb128 0x49
 704 002f 13       		.uleb128 0x13
 705 0030 00       		.byte	0
 706 0031 00       		.byte	0
 707 0032 05       		.uleb128 0x5
 708 0033 26       		.uleb128 0x26
 709 0034 00       		.byte	0
 710 0035 49       		.uleb128 0x49
 711 0036 13       		.uleb128 0x13
 712 0037 00       		.byte	0
 713 0038 00       		.byte	0
 714 0039 06       		.uleb128 0x6
 715 003a 16       		.uleb128 0x16
 716 003b 00       		.byte	0
 717 003c 03       		.uleb128 0x3
ARM GAS  C:\Users\cps\AppData\Local\Temp\ccq6yXxZ.s 			page 15


 718 003d 0E       		.uleb128 0xe
 719 003e 3A       		.uleb128 0x3a
 720 003f 0B       		.uleb128 0xb
 721 0040 3B       		.uleb128 0x3b
 722 0041 05       		.uleb128 0x5
 723 0042 49       		.uleb128 0x49
 724 0043 13       		.uleb128 0x13
 725 0044 00       		.byte	0
 726 0045 00       		.byte	0
 727 0046 07       		.uleb128 0x7
 728 0047 13       		.uleb128 0x13
 729 0048 01       		.byte	0x1
 730 0049 0B       		.uleb128 0xb
 731 004a 0B       		.uleb128 0xb
 732 004b 3A       		.uleb128 0x3a
 733 004c 0B       		.uleb128 0xb
 734 004d 3B       		.uleb128 0x3b
 735 004e 0B       		.uleb128 0xb
 736 004f 01       		.uleb128 0x1
 737 0050 13       		.uleb128 0x13
 738 0051 00       		.byte	0
 739 0052 00       		.byte	0
 740 0053 08       		.uleb128 0x8
 741 0054 0D       		.uleb128 0xd
 742 0055 00       		.byte	0
 743 0056 03       		.uleb128 0x3
 744 0057 0E       		.uleb128 0xe
 745 0058 3A       		.uleb128 0x3a
 746 0059 0B       		.uleb128 0xb
 747 005a 3B       		.uleb128 0x3b
 748 005b 0B       		.uleb128 0xb
 749 005c 49       		.uleb128 0x49
 750 005d 13       		.uleb128 0x13
 751 005e 38       		.uleb128 0x38
 752 005f 0B       		.uleb128 0xb
 753 0060 00       		.byte	0
 754 0061 00       		.byte	0
 755 0062 09       		.uleb128 0x9
 756 0063 16       		.uleb128 0x16
 757 0064 00       		.byte	0
 758 0065 03       		.uleb128 0x3
 759 0066 0E       		.uleb128 0xe
 760 0067 3A       		.uleb128 0x3a
 761 0068 0B       		.uleb128 0xb
 762 0069 3B       		.uleb128 0x3b
 763 006a 0B       		.uleb128 0xb
 764 006b 49       		.uleb128 0x49
 765 006c 13       		.uleb128 0x13
 766 006d 00       		.byte	0
 767 006e 00       		.byte	0
 768 006f 0A       		.uleb128 0xa
 769 0070 2E       		.uleb128 0x2e
 770 0071 01       		.byte	0x1
 771 0072 3F       		.uleb128 0x3f
 772 0073 19       		.uleb128 0x19
 773 0074 03       		.uleb128 0x3
 774 0075 0E       		.uleb128 0xe
ARM GAS  C:\Users\cps\AppData\Local\Temp\ccq6yXxZ.s 			page 16


 775 0076 3A       		.uleb128 0x3a
 776 0077 0B       		.uleb128 0xb
 777 0078 3B       		.uleb128 0x3b
 778 0079 0B       		.uleb128 0xb
 779 007a 27       		.uleb128 0x27
 780 007b 19       		.uleb128 0x19
 781 007c 11       		.uleb128 0x11
 782 007d 01       		.uleb128 0x1
 783 007e 12       		.uleb128 0x12
 784 007f 06       		.uleb128 0x6
 785 0080 40       		.uleb128 0x40
 786 0081 18       		.uleb128 0x18
 787 0082 9742     		.uleb128 0x2117
 788 0084 19       		.uleb128 0x19
 789 0085 01       		.uleb128 0x1
 790 0086 13       		.uleb128 0x13
 791 0087 00       		.byte	0
 792 0088 00       		.byte	0
 793 0089 0B       		.uleb128 0xb
 794 008a 34       		.uleb128 0x34
 795 008b 00       		.byte	0
 796 008c 03       		.uleb128 0x3
 797 008d 0E       		.uleb128 0xe
 798 008e 3A       		.uleb128 0x3a
 799 008f 0B       		.uleb128 0xb
 800 0090 3B       		.uleb128 0x3b
 801 0091 0B       		.uleb128 0xb
 802 0092 49       		.uleb128 0x49
 803 0093 13       		.uleb128 0x13
 804 0094 02       		.uleb128 0x2
 805 0095 18       		.uleb128 0x18
 806 0096 00       		.byte	0
 807 0097 00       		.byte	0
 808 0098 0C       		.uleb128 0xc
 809 0099 2E       		.uleb128 0x2e
 810 009a 01       		.byte	0x1
 811 009b 3F       		.uleb128 0x3f
 812 009c 19       		.uleb128 0x19
 813 009d 03       		.uleb128 0x3
 814 009e 0E       		.uleb128 0xe
 815 009f 3A       		.uleb128 0x3a
 816 00a0 0B       		.uleb128 0xb
 817 00a1 3B       		.uleb128 0x3b
 818 00a2 0B       		.uleb128 0xb
 819 00a3 49       		.uleb128 0x49
 820 00a4 13       		.uleb128 0x13
 821 00a5 3C       		.uleb128 0x3c
 822 00a6 19       		.uleb128 0x19
 823 00a7 01       		.uleb128 0x1
 824 00a8 13       		.uleb128 0x13
 825 00a9 00       		.byte	0
 826 00aa 00       		.byte	0
 827 00ab 0D       		.uleb128 0xd
 828 00ac 18       		.uleb128 0x18
 829 00ad 00       		.byte	0
 830 00ae 00       		.byte	0
 831 00af 00       		.byte	0
ARM GAS  C:\Users\cps\AppData\Local\Temp\ccq6yXxZ.s 			page 17


 832 00b0 0E       		.uleb128 0xe
 833 00b1 898201   		.uleb128 0x4109
 834 00b4 00       		.byte	0
 835 00b5 11       		.uleb128 0x11
 836 00b6 01       		.uleb128 0x1
 837 00b7 31       		.uleb128 0x31
 838 00b8 13       		.uleb128 0x13
 839 00b9 00       		.byte	0
 840 00ba 00       		.byte	0
 841 00bb 0F       		.uleb128 0xf
 842 00bc 2E       		.uleb128 0x2e
 843 00bd 01       		.byte	0x1
 844 00be 3F       		.uleb128 0x3f
 845 00bf 19       		.uleb128 0x19
 846 00c0 03       		.uleb128 0x3
 847 00c1 0E       		.uleb128 0xe
 848 00c2 3A       		.uleb128 0x3a
 849 00c3 0B       		.uleb128 0xb
 850 00c4 3B       		.uleb128 0x3b
 851 00c5 0B       		.uleb128 0xb
 852 00c6 27       		.uleb128 0x27
 853 00c7 19       		.uleb128 0x19
 854 00c8 49       		.uleb128 0x49
 855 00c9 13       		.uleb128 0x13
 856 00ca 11       		.uleb128 0x11
 857 00cb 01       		.uleb128 0x1
 858 00cc 12       		.uleb128 0x12
 859 00cd 06       		.uleb128 0x6
 860 00ce 40       		.uleb128 0x40
 861 00cf 18       		.uleb128 0x18
 862 00d0 9742     		.uleb128 0x2117
 863 00d2 19       		.uleb128 0x19
 864 00d3 01       		.uleb128 0x1
 865 00d4 13       		.uleb128 0x13
 866 00d5 00       		.byte	0
 867 00d6 00       		.byte	0
 868 00d7 10       		.uleb128 0x10
 869 00d8 05       		.uleb128 0x5
 870 00d9 00       		.byte	0
 871 00da 03       		.uleb128 0x3
 872 00db 0E       		.uleb128 0xe
 873 00dc 3A       		.uleb128 0x3a
 874 00dd 0B       		.uleb128 0xb
 875 00de 3B       		.uleb128 0x3b
 876 00df 0B       		.uleb128 0xb
 877 00e0 49       		.uleb128 0x49
 878 00e1 13       		.uleb128 0x13
 879 00e2 02       		.uleb128 0x2
 880 00e3 17       		.uleb128 0x17
 881 00e4 00       		.byte	0
 882 00e5 00       		.byte	0
 883 00e6 11       		.uleb128 0x11
 884 00e7 2E       		.uleb128 0x2e
 885 00e8 01       		.byte	0x1
 886 00e9 3F       		.uleb128 0x3f
 887 00ea 19       		.uleb128 0x19
 888 00eb 03       		.uleb128 0x3
ARM GAS  C:\Users\cps\AppData\Local\Temp\ccq6yXxZ.s 			page 18


 889 00ec 0E       		.uleb128 0xe
 890 00ed 3A       		.uleb128 0x3a
 891 00ee 0B       		.uleb128 0xb
 892 00ef 3B       		.uleb128 0x3b
 893 00f0 0B       		.uleb128 0xb
 894 00f1 27       		.uleb128 0x27
 895 00f2 19       		.uleb128 0x19
 896 00f3 49       		.uleb128 0x49
 897 00f4 13       		.uleb128 0x13
 898 00f5 3C       		.uleb128 0x3c
 899 00f6 19       		.uleb128 0x19
 900 00f7 01       		.uleb128 0x1
 901 00f8 13       		.uleb128 0x13
 902 00f9 00       		.byte	0
 903 00fa 00       		.byte	0
 904 00fb 12       		.uleb128 0x12
 905 00fc 05       		.uleb128 0x5
 906 00fd 00       		.byte	0
 907 00fe 49       		.uleb128 0x49
 908 00ff 13       		.uleb128 0x13
 909 0100 00       		.byte	0
 910 0101 00       		.byte	0
 911 0102 13       		.uleb128 0x13
 912 0103 898201   		.uleb128 0x4109
 913 0106 01       		.byte	0x1
 914 0107 11       		.uleb128 0x11
 915 0108 01       		.uleb128 0x1
 916 0109 31       		.uleb128 0x31
 917 010a 13       		.uleb128 0x13
 918 010b 00       		.byte	0
 919 010c 00       		.byte	0
 920 010d 14       		.uleb128 0x14
 921 010e 8A8201   		.uleb128 0x410a
 922 0111 00       		.byte	0
 923 0112 02       		.uleb128 0x2
 924 0113 18       		.uleb128 0x18
 925 0114 9142     		.uleb128 0x2111
 926 0116 18       		.uleb128 0x18
 927 0117 00       		.byte	0
 928 0118 00       		.byte	0
 929 0119 15       		.uleb128 0x15
 930 011a 2E       		.uleb128 0x2e
 931 011b 01       		.byte	0x1
 932 011c 3F       		.uleb128 0x3f
 933 011d 19       		.uleb128 0x19
 934 011e 03       		.uleb128 0x3
 935 011f 0E       		.uleb128 0xe
 936 0120 3A       		.uleb128 0x3a
 937 0121 0B       		.uleb128 0xb
 938 0122 3B       		.uleb128 0x3b
 939 0123 0B       		.uleb128 0xb
 940 0124 49       		.uleb128 0x49
 941 0125 13       		.uleb128 0x13
 942 0126 11       		.uleb128 0x11
 943 0127 01       		.uleb128 0x1
 944 0128 12       		.uleb128 0x12
 945 0129 06       		.uleb128 0x6
ARM GAS  C:\Users\cps\AppData\Local\Temp\ccq6yXxZ.s 			page 19


 946 012a 40       		.uleb128 0x40
 947 012b 18       		.uleb128 0x18
 948 012c 9742     		.uleb128 0x2117
 949 012e 19       		.uleb128 0x19
 950 012f 01       		.uleb128 0x1
 951 0130 13       		.uleb128 0x13
 952 0131 00       		.byte	0
 953 0132 00       		.byte	0
 954 0133 16       		.uleb128 0x16
 955 0134 34       		.uleb128 0x34
 956 0135 00       		.byte	0
 957 0136 03       		.uleb128 0x3
 958 0137 0E       		.uleb128 0xe
 959 0138 3A       		.uleb128 0x3a
 960 0139 0B       		.uleb128 0xb
 961 013a 3B       		.uleb128 0x3b
 962 013b 0B       		.uleb128 0xb
 963 013c 49       		.uleb128 0x49
 964 013d 13       		.uleb128 0x13
 965 013e 02       		.uleb128 0x2
 966 013f 17       		.uleb128 0x17
 967 0140 00       		.byte	0
 968 0141 00       		.byte	0
 969 0142 17       		.uleb128 0x17
 970 0143 898201   		.uleb128 0x4109
 971 0146 01       		.byte	0x1
 972 0147 11       		.uleb128 0x11
 973 0148 01       		.uleb128 0x1
 974 0149 31       		.uleb128 0x31
 975 014a 13       		.uleb128 0x13
 976 014b 01       		.uleb128 0x1
 977 014c 13       		.uleb128 0x13
 978 014d 00       		.byte	0
 979 014e 00       		.byte	0
 980 014f 18       		.uleb128 0x18
 981 0150 01       		.uleb128 0x1
 982 0151 01       		.byte	0x1
 983 0152 49       		.uleb128 0x49
 984 0153 13       		.uleb128 0x13
 985 0154 01       		.uleb128 0x1
 986 0155 13       		.uleb128 0x13
 987 0156 00       		.byte	0
 988 0157 00       		.byte	0
 989 0158 19       		.uleb128 0x19
 990 0159 21       		.uleb128 0x21
 991 015a 00       		.byte	0
 992 015b 49       		.uleb128 0x49
 993 015c 13       		.uleb128 0x13
 994 015d 2F       		.uleb128 0x2f
 995 015e 0B       		.uleb128 0xb
 996 015f 00       		.byte	0
 997 0160 00       		.byte	0
 998 0161 1A       		.uleb128 0x1a
 999 0162 34       		.uleb128 0x34
 1000 0163 00       		.byte	0
 1001 0164 03       		.uleb128 0x3
 1002 0165 0E       		.uleb128 0xe
ARM GAS  C:\Users\cps\AppData\Local\Temp\ccq6yXxZ.s 			page 20


 1003 0166 3A       		.uleb128 0x3a
 1004 0167 0B       		.uleb128 0xb
 1005 0168 3B       		.uleb128 0x3b
 1006 0169 0B       		.uleb128 0xb
 1007 016a 49       		.uleb128 0x49
 1008 016b 13       		.uleb128 0x13
 1009 016c 3F       		.uleb128 0x3f
 1010 016d 19       		.uleb128 0x19
 1011 016e 02       		.uleb128 0x2
 1012 016f 18       		.uleb128 0x18
 1013 0170 00       		.byte	0
 1014 0171 00       		.byte	0
 1015 0172 1B       		.uleb128 0x1b
 1016 0173 2E       		.uleb128 0x2e
 1017 0174 01       		.byte	0x1
 1018 0175 3F       		.uleb128 0x3f
 1019 0176 19       		.uleb128 0x19
 1020 0177 03       		.uleb128 0x3
 1021 0178 0E       		.uleb128 0xe
 1022 0179 3A       		.uleb128 0x3a
 1023 017a 0B       		.uleb128 0xb
 1024 017b 3B       		.uleb128 0x3b
 1025 017c 0B       		.uleb128 0xb
 1026 017d 49       		.uleb128 0x49
 1027 017e 13       		.uleb128 0x13
 1028 017f 3C       		.uleb128 0x3c
 1029 0180 19       		.uleb128 0x19
 1030 0181 00       		.byte	0
 1031 0182 00       		.byte	0
 1032 0183 00       		.byte	0
 1033              		.section	.debug_loc,"",%progbits
 1034              	.Ldebug_loc0:
 1035              	.LLST0:
 1036 0000 00000000 		.4byte	.LVL2
 1037 0004 16000000 		.4byte	.LVL4
 1038 0008 0100     		.2byte	0x1
 1039 000a 51       		.byte	0x51
 1040 000b 16000000 		.4byte	.LVL4
 1041 000f 1D000000 		.4byte	.LVL5-1
 1042 0013 0100     		.2byte	0x1
 1043 0015 50       		.byte	0x50
 1044 0016 1D000000 		.4byte	.LVL5-1
 1045 001a 44000000 		.4byte	.LFE2
 1046 001e 0400     		.2byte	0x4
 1047 0020 F3       		.byte	0xf3
 1048 0021 01       		.uleb128 0x1
 1049 0022 51       		.byte	0x51
 1050 0023 9F       		.byte	0x9f
 1051 0024 00000000 		.4byte	0
 1052 0028 00000000 		.4byte	0
 1053              	.LLST1:
 1054 002c 00000000 		.4byte	.LVL7
 1055 0030 07000000 		.4byte	.LVL8-1
 1056 0034 0200     		.2byte	0x2
 1057 0036 70       		.byte	0x70
 1058 0037 00       		.sleb128 0
 1059 0038 07000000 		.4byte	.LVL8-1
ARM GAS  C:\Users\cps\AppData\Local\Temp\ccq6yXxZ.s 			page 21


 1060 003c 3A000000 		.4byte	.LVL16
 1061 0040 0200     		.2byte	0x2
 1062 0042 74       		.byte	0x74
 1063 0043 00       		.sleb128 0
 1064 0044 3A000000 		.4byte	.LVL16
 1065 0048 48000000 		.4byte	.LFE1
 1066 004c 0200     		.2byte	0x2
 1067 004e 70       		.byte	0x70
 1068 004f 00       		.sleb128 0
 1069 0050 00000000 		.4byte	0
 1070 0054 00000000 		.4byte	0
 1071              		.section	.debug_aranges,"",%progbits
 1072 0000 2C000000 		.4byte	0x2c
 1073 0004 0200     		.2byte	0x2
 1074 0006 00000000 		.4byte	.Ldebug_info0
 1075 000a 04       		.byte	0x4
 1076 000b 00       		.byte	0
 1077 000c 0000     		.2byte	0
 1078 000e 0000     		.2byte	0
 1079 0010 00000000 		.4byte	.LFB0
 1080 0014 28000000 		.4byte	.LFE0-.LFB0
 1081 0018 00000000 		.4byte	.LFB2
 1082 001c 44000000 		.4byte	.LFE2-.LFB2
 1083 0020 00000000 		.4byte	.LFB1
 1084 0024 48000000 		.4byte	.LFE1-.LFB1
 1085 0028 00000000 		.4byte	0
 1086 002c 00000000 		.4byte	0
 1087              		.section	.debug_ranges,"",%progbits
 1088              	.Ldebug_ranges0:
 1089 0000 00000000 		.4byte	.LFB0
 1090 0004 28000000 		.4byte	.LFE0
 1091 0008 00000000 		.4byte	.LFB2
 1092 000c 44000000 		.4byte	.LFE2
 1093 0010 00000000 		.4byte	.LFB1
 1094 0014 48000000 		.4byte	.LFE1
 1095 0018 00000000 		.4byte	0
 1096 001c 00000000 		.4byte	0
 1097              		.section	.debug_line,"",%progbits
 1098              	.Ldebug_line0:
 1099 0000 B1000000 		.section	.debug_str,"MS",%progbits,1
 1099      02006300 
 1099      00000201 
 1099      FB0E0D00 
 1099      01010101 
 1100              	.LASF34:
 1101 0000 73736361 		.ascii	"sscanf\000"
 1101      6E6600
 1102              	.LASF29:
 1103 0007 6973725F 		.ascii	"isr_Decagon_Stop\000"
 1103      44656361 
 1103      676F6E5F 
 1103      53746F70 
 1103      00
 1104              	.LASF39:
 1105 0018 7261775F 		.ascii	"raw_D\000"
 1105      4400
 1106              	.LASF15:
ARM GAS  C:\Users\cps\AppData\Local\Temp\ccq6yXxZ.s 			page 22


 1107 001e 6469656C 		.ascii	"dielectric\000"
 1107      65637472 
 1107      696300
 1108              	.LASF31:
 1109 0029 55415254 		.ascii	"UART_Decagon_Stop\000"
 1109      5F446563 
 1109      61676F6E 
 1109      5F53746F 
 1109      7000
 1110              	.LASF4:
 1111 003b 73686F72 		.ascii	"short unsigned int\000"
 1111      7420756E 
 1111      7369676E 
 1111      65642069 
 1111      6E7400
 1112              	.LASF0:
 1113 004e 756E7369 		.ascii	"unsigned int\000"
 1113      676E6564 
 1113      20696E74 
 1113      00
 1114              	.LASF36:
 1115 005b 2E5C6465 		.ascii	".\\decagon.c\000"
 1115      6361676F 
 1115      6E2E6300 
 1116              	.LASF37:
 1117 0067 433A5C55 		.ascii	"C:\\Users\\cps\\Documents\\neoapi\\Project Template"
 1117      73657273 
 1117      5C637073 
 1117      5C446F63 
 1117      756D656E 
 1118 0095 735C5365 		.ascii	"s\\Sensor Examples\\Example Sensors\\DecagonGS3.cyd"
 1118      6E736F72 
 1118      20457861 
 1118      6D706C65 
 1118      735C4578 
 1119 00c5 736E00   		.ascii	"sn\000"
 1120              	.LASF13:
 1121 00c8 666C6F61 		.ascii	"float\000"
 1121      7400
 1122              	.LASF2:
 1123 00ce 756E7369 		.ascii	"unsigned char\000"
 1123      676E6564 
 1123      20636861 
 1123      7200
 1124              	.LASF6:
 1125 00dc 6C6F6E67 		.ascii	"long unsigned int\000"
 1125      20756E73 
 1125      69676E65 
 1125      6420696E 
 1125      7400
 1126              	.LASF16:
 1127 00ee 74656D70 		.ascii	"temp\000"
 1127      00
 1128              	.LASF11:
 1129 00f3 75696E74 		.ascii	"uint8\000"
 1129      3800
 1130              	.LASF27:
ARM GAS  C:\Users\cps\AppData\Local\Temp\ccq6yXxZ.s 			page 23


 1131 00f9 6973725F 		.ascii	"isr_Decagon_StartEx\000"
 1131      44656361 
 1131      676F6E5F 
 1131      53746172 
 1131      74457800 
 1132              	.LASF14:
 1133 010d 646F7562 		.ascii	"double\000"
 1133      6C6500
 1134              	.LASF24:
 1135 0114 55415254 		.ascii	"UART_Decagon_GetChar\000"
 1135      5F446563 
 1135      61676F6E 
 1135      5F476574 
 1135      43686172 
 1136              	.LASF12:
 1137 0129 75696E74 		.ascii	"uint16\000"
 1137      313600
 1138              	.LASF33:
 1139 0130 7261775F 		.ascii	"raw_serial_data_count_d\000"
 1139      73657269 
 1139      616C5F64 
 1139      6174615F 
 1139      636F756E 
 1140              	.LASF35:
 1141 0148 474E5520 		.ascii	"GNU C 4.9.3 20150303 (release) [ARM/embedded-4_9-br"
 1141      4320342E 
 1141      392E3320 
 1141      32303135 
 1141      30333033 
 1142 017b 616E6368 		.ascii	"anch revision 221220] -mcpu=cortex-m3 -mthumb -g -O"
 1142      20726576 
 1142      6973696F 
 1142      6E203232 
 1142      31323230 
 1143 01ae 67202D66 		.ascii	"g -ffunction-sections -ffat-lto-objects\000"
 1143      66756E63 
 1143      74696F6E 
 1143      2D736563 
 1143      74696F6E 
 1144              	.LASF30:
 1145 01d6 536F696C 		.ascii	"SoilMoisture\000"
 1145      4D6F6973 
 1145      74757265 
 1145      00
 1146              	.LASF8:
 1147 01e3 6C6F6E67 		.ascii	"long long unsigned int\000"
 1147      206C6F6E 
 1147      6720756E 
 1147      7369676E 
 1147      65642069 
 1148              	.LASF20:
 1149 01fa 67657463 		.ascii	"getchar\000"
 1149      68617200 
 1150              	.LASF26:
 1151 0202 44656361 		.ascii	"Decagon_Power_Write\000"
 1151      676F6E5F 
 1151      506F7765 
ARM GAS  C:\Users\cps\AppData\Local\Temp\ccq6yXxZ.s 			page 24


 1151      725F5772 
 1151      69746500 
 1152              	.LASF9:
 1153 0216 73697A65 		.ascii	"sizetype\000"
 1153      74797065 
 1153      00
 1154              	.LASF7:
 1155 021f 6C6F6E67 		.ascii	"long long int\000"
 1155      206C6F6E 
 1155      6720696E 
 1155      7400
 1156              	.LASF23:
 1157 022d 44656361 		.ascii	"Decagon_Take_Reading\000"
 1157      676F6E5F 
 1157      54616B65 
 1157      5F526561 
 1157      64696E67 
 1158              	.LASF10:
 1159 0242 63686172 		.ascii	"char\000"
 1159      00
 1160              	.LASF25:
 1161 0247 55415254 		.ascii	"UART_Decagon_Start\000"
 1161      5F446563 
 1161      61676F6E 
 1161      5F537461 
 1161      727400
 1162              	.LASF18:
 1163 025a 76616C69 		.ascii	"valid\000"
 1163      6400
 1164              	.LASF17:
 1165 0260 636F6E64 		.ascii	"conductivity\000"
 1165      75637469 
 1165      76697479 
 1165      00
 1166              	.LASF3:
 1167 026d 73686F72 		.ascii	"short int\000"
 1167      7420696E 
 1167      7400
 1168              	.LASF21:
 1169 0277 66696E61 		.ascii	"final_reading\000"
 1169      6C5F7265 
 1169      6164696E 
 1169      6700
 1170              	.LASF38:
 1171 0285 44656361 		.ascii	"Decagon_Convert_Raw_Reading\000"
 1171      676F6E5F 
 1171      436F6E76 
 1171      6572745F 
 1171      5261775F 
 1172              	.LASF19:
 1173 02a1 44656361 		.ascii	"DecagonGS3\000"
 1173      676F6E47 
 1173      533300
 1174              	.LASF22:
 1175 02ac 496E7455 		.ascii	"IntUartRx_D\000"
 1175      61727452 
 1175      785F4400 
ARM GAS  C:\Users\cps\AppData\Local\Temp\ccq6yXxZ.s 			page 25


 1176              	.LASF5:
 1177 02b8 6C6F6E67 		.ascii	"long int\000"
 1177      20696E74 
 1177      00
 1178              	.LASF1:
 1179 02c1 7369676E 		.ascii	"signed char\000"
 1179      65642063 
 1179      68617200 
 1180              	.LASF32:
 1181 02cd 7261775F 		.ascii	"raw_serial_data_d\000"
 1181      73657269 
 1181      616C5F64 
 1181      6174615F 
 1181      6400
 1182              	.LASF28:
 1183 02df 43794465 		.ascii	"CyDelay\000"
 1183      6C617900 
 1184              		.ident	"GCC: (GNU Tools for ARM Embedded Processors) 4.9.3 20150303 (release) [ARM/embedded-4_9-br
