ARM GAS  C:\Users\cps\AppData\Local\Temp\ccpxzgri.s 			page 1


   1              		.syntax unified
   2              		.cpu cortex-m3
   3              		.fpu softvfp
   4              		.eabi_attribute 20, 1
   5              		.eabi_attribute 21, 1
   6              		.eabi_attribute 23, 3
   7              		.eabi_attribute 24, 1
   8              		.eabi_attribute 25, 1
   9              		.eabi_attribute 26, 1
  10              		.eabi_attribute 30, 1
  11              		.eabi_attribute 34, 1
  12              		.eabi_attribute 18, 4
  13              		.thumb
  14              		.file	"Decagon_Power.c"
  15              		.text
  16              	.Ltext0:
  17              		.cfi_sections	.debug_frame
  18              		.section	.text.Decagon_Power_Write,"ax",%progbits
  19              		.align	2
  20              		.global	Decagon_Power_Write
  21              		.thumb
  22              		.thumb_func
  23              		.type	Decagon_Power_Write, %function
  24              	Decagon_Power_Write:
  25              	.LFB0:
  26              		.file 1 ".\\Generated_Source\\PSoC5\\Decagon_Power.c"
   1:.\Generated_Source\PSoC5/Decagon_Power.c **** /*******************************************************************************
   2:.\Generated_Source\PSoC5/Decagon_Power.c **** * File Name: Decagon_Power.c  
   3:.\Generated_Source\PSoC5/Decagon_Power.c **** * Version 2.5
   4:.\Generated_Source\PSoC5/Decagon_Power.c **** *
   5:.\Generated_Source\PSoC5/Decagon_Power.c **** * Description:
   6:.\Generated_Source\PSoC5/Decagon_Power.c **** *  This file contains API to enable firmware control of a Pins component.
   7:.\Generated_Source\PSoC5/Decagon_Power.c **** *
   8:.\Generated_Source\PSoC5/Decagon_Power.c **** * Note:
   9:.\Generated_Source\PSoC5/Decagon_Power.c **** *
  10:.\Generated_Source\PSoC5/Decagon_Power.c **** ********************************************************************************
  11:.\Generated_Source\PSoC5/Decagon_Power.c **** * Copyright 2008-2014, Cypress Semiconductor Corporation.  All rights reserved.
  12:.\Generated_Source\PSoC5/Decagon_Power.c **** * You may use this file only in accordance with the license, terms, conditions, 
  13:.\Generated_Source\PSoC5/Decagon_Power.c **** * disclaimers, and limitations in the end user license agreement accompanying 
  14:.\Generated_Source\PSoC5/Decagon_Power.c **** * the software package with which this file was provided.
  15:.\Generated_Source\PSoC5/Decagon_Power.c **** *******************************************************************************/
  16:.\Generated_Source\PSoC5/Decagon_Power.c **** 
  17:.\Generated_Source\PSoC5/Decagon_Power.c **** #include "cytypes.h"
  18:.\Generated_Source\PSoC5/Decagon_Power.c **** #include "Decagon_Power.h"
  19:.\Generated_Source\PSoC5/Decagon_Power.c **** 
  20:.\Generated_Source\PSoC5/Decagon_Power.c **** /* APIs are not generated for P15[7:6] on PSoC 5 */
  21:.\Generated_Source\PSoC5/Decagon_Power.c **** #if !(CY_PSOC5A &&\
  22:.\Generated_Source\PSoC5/Decagon_Power.c **** 	 Decagon_Power__PORT == 15 && ((Decagon_Power__MASK & 0xC0) != 0))
  23:.\Generated_Source\PSoC5/Decagon_Power.c **** 
  24:.\Generated_Source\PSoC5/Decagon_Power.c **** 
  25:.\Generated_Source\PSoC5/Decagon_Power.c **** /*******************************************************************************
  26:.\Generated_Source\PSoC5/Decagon_Power.c **** * Function Name: Decagon_Power_Write
  27:.\Generated_Source\PSoC5/Decagon_Power.c **** ********************************************************************************
  28:.\Generated_Source\PSoC5/Decagon_Power.c **** *
  29:.\Generated_Source\PSoC5/Decagon_Power.c **** * Summary:
  30:.\Generated_Source\PSoC5/Decagon_Power.c **** *  Assign a new value to the digital port's data output register.  
  31:.\Generated_Source\PSoC5/Decagon_Power.c **** *
ARM GAS  C:\Users\cps\AppData\Local\Temp\ccpxzgri.s 			page 2


  32:.\Generated_Source\PSoC5/Decagon_Power.c **** * Parameters:  
  33:.\Generated_Source\PSoC5/Decagon_Power.c **** *  prtValue:  The value to be assigned to the Digital Port. 
  34:.\Generated_Source\PSoC5/Decagon_Power.c **** *
  35:.\Generated_Source\PSoC5/Decagon_Power.c **** * Return: 
  36:.\Generated_Source\PSoC5/Decagon_Power.c **** *  None
  37:.\Generated_Source\PSoC5/Decagon_Power.c **** *  
  38:.\Generated_Source\PSoC5/Decagon_Power.c **** *******************************************************************************/
  39:.\Generated_Source\PSoC5/Decagon_Power.c **** void Decagon_Power_Write(uint8 value) 
  40:.\Generated_Source\PSoC5/Decagon_Power.c **** {
  27              		.loc 1 40 0
  28              		.cfi_startproc
  29              		@ args = 0, pretend = 0, frame = 0
  30              		@ frame_needed = 0, uses_anonymous_args = 0
  31              		@ link register save eliminated.
  32              	.LVL0:
  41:.\Generated_Source\PSoC5/Decagon_Power.c ****     uint8 staticBits = (Decagon_Power_DR & (uint8)(~Decagon_Power_MASK));
  33              		.loc 1 41 0
  34 0000 044A     		ldr	r2, .L2
  35 0002 1378     		ldrb	r3, [r2]	@ zero_extendqisi2
  36 0004 03F0F703 		and	r3, r3, #247
  37              	.LVL1:
  42:.\Generated_Source\PSoC5/Decagon_Power.c ****     Decagon_Power_DR = staticBits | ((uint8)(value << Decagon_Power_SHIFT) & Decagon_Power_MASK);
  38              		.loc 1 42 0
  39 0008 C000     		lsls	r0, r0, #3
  40              	.LVL2:
  41 000a 00F00800 		and	r0, r0, #8
  42 000e 1843     		orrs	r0, r0, r3
  43 0010 1070     		strb	r0, [r2]
  44 0012 7047     		bx	lr
  45              	.L3:
  46              		.align	2
  47              	.L2:
  48 0014 C0510040 		.word	1073762752
  49              		.cfi_endproc
  50              	.LFE0:
  51              		.size	Decagon_Power_Write, .-Decagon_Power_Write
  52              		.section	.text.Decagon_Power_SetDriveMode,"ax",%progbits
  53              		.align	2
  54              		.global	Decagon_Power_SetDriveMode
  55              		.thumb
  56              		.thumb_func
  57              		.type	Decagon_Power_SetDriveMode, %function
  58              	Decagon_Power_SetDriveMode:
  59              	.LFB1:
  43:.\Generated_Source\PSoC5/Decagon_Power.c **** }
  44:.\Generated_Source\PSoC5/Decagon_Power.c **** 
  45:.\Generated_Source\PSoC5/Decagon_Power.c **** 
  46:.\Generated_Source\PSoC5/Decagon_Power.c **** /*******************************************************************************
  47:.\Generated_Source\PSoC5/Decagon_Power.c **** * Function Name: Decagon_Power_SetDriveMode
  48:.\Generated_Source\PSoC5/Decagon_Power.c **** ********************************************************************************
  49:.\Generated_Source\PSoC5/Decagon_Power.c **** *
  50:.\Generated_Source\PSoC5/Decagon_Power.c **** * Summary:
  51:.\Generated_Source\PSoC5/Decagon_Power.c **** *  Change the drive mode on the pins of the port.
  52:.\Generated_Source\PSoC5/Decagon_Power.c **** * 
  53:.\Generated_Source\PSoC5/Decagon_Power.c **** * Parameters:  
  54:.\Generated_Source\PSoC5/Decagon_Power.c **** *  mode:  Change the pins to one of the following drive modes.
  55:.\Generated_Source\PSoC5/Decagon_Power.c **** *
ARM GAS  C:\Users\cps\AppData\Local\Temp\ccpxzgri.s 			page 3


  56:.\Generated_Source\PSoC5/Decagon_Power.c **** *  Decagon_Power_DM_STRONG     Strong Drive 
  57:.\Generated_Source\PSoC5/Decagon_Power.c **** *  Decagon_Power_DM_OD_HI      Open Drain, Drives High 
  58:.\Generated_Source\PSoC5/Decagon_Power.c **** *  Decagon_Power_DM_OD_LO      Open Drain, Drives Low 
  59:.\Generated_Source\PSoC5/Decagon_Power.c **** *  Decagon_Power_DM_RES_UP     Resistive Pull Up 
  60:.\Generated_Source\PSoC5/Decagon_Power.c **** *  Decagon_Power_DM_RES_DWN    Resistive Pull Down 
  61:.\Generated_Source\PSoC5/Decagon_Power.c **** *  Decagon_Power_DM_RES_UPDWN  Resistive Pull Up/Down 
  62:.\Generated_Source\PSoC5/Decagon_Power.c **** *  Decagon_Power_DM_DIG_HIZ    High Impedance Digital 
  63:.\Generated_Source\PSoC5/Decagon_Power.c **** *  Decagon_Power_DM_ALG_HIZ    High Impedance Analog 
  64:.\Generated_Source\PSoC5/Decagon_Power.c **** *
  65:.\Generated_Source\PSoC5/Decagon_Power.c **** * Return: 
  66:.\Generated_Source\PSoC5/Decagon_Power.c **** *  None
  67:.\Generated_Source\PSoC5/Decagon_Power.c **** *
  68:.\Generated_Source\PSoC5/Decagon_Power.c **** *******************************************************************************/
  69:.\Generated_Source\PSoC5/Decagon_Power.c **** void Decagon_Power_SetDriveMode(uint8 mode) 
  70:.\Generated_Source\PSoC5/Decagon_Power.c **** {
  60              		.loc 1 70 0
  61              		.cfi_startproc
  62              		@ args = 0, pretend = 0, frame = 0
  63              		@ frame_needed = 0, uses_anonymous_args = 0
  64              		@ link register save eliminated.
  65              	.LVL3:
  71:.\Generated_Source\PSoC5/Decagon_Power.c **** 	CyPins_SetPinDriveMode(Decagon_Power_0, mode);
  66              		.loc 1 71 0
  67 0000 044A     		ldr	r2, .L5
  68 0002 1378     		ldrb	r3, [r2]	@ zero_extendqisi2
  69 0004 03F0F103 		and	r3, r3, #241
  70 0008 00F00E00 		and	r0, r0, #14
  71              	.LVL4:
  72 000c 1843     		orrs	r0, r0, r3
  73 000e 1070     		strb	r0, [r2]
  74 0010 7047     		bx	lr
  75              	.L6:
  76 0012 00BF     		.align	2
  77              	.L5:
  78 0014 63500040 		.word	1073762403
  79              		.cfi_endproc
  80              	.LFE1:
  81              		.size	Decagon_Power_SetDriveMode, .-Decagon_Power_SetDriveMode
  82              		.section	.text.Decagon_Power_Read,"ax",%progbits
  83              		.align	2
  84              		.global	Decagon_Power_Read
  85              		.thumb
  86              		.thumb_func
  87              		.type	Decagon_Power_Read, %function
  88              	Decagon_Power_Read:
  89              	.LFB2:
  72:.\Generated_Source\PSoC5/Decagon_Power.c **** }
  73:.\Generated_Source\PSoC5/Decagon_Power.c **** 
  74:.\Generated_Source\PSoC5/Decagon_Power.c **** 
  75:.\Generated_Source\PSoC5/Decagon_Power.c **** /*******************************************************************************
  76:.\Generated_Source\PSoC5/Decagon_Power.c **** * Function Name: Decagon_Power_Read
  77:.\Generated_Source\PSoC5/Decagon_Power.c **** ********************************************************************************
  78:.\Generated_Source\PSoC5/Decagon_Power.c **** *
  79:.\Generated_Source\PSoC5/Decagon_Power.c **** * Summary:
  80:.\Generated_Source\PSoC5/Decagon_Power.c **** *  Read the current value on the pins of the Digital Port in right justified 
  81:.\Generated_Source\PSoC5/Decagon_Power.c **** *  form.
  82:.\Generated_Source\PSoC5/Decagon_Power.c **** *
ARM GAS  C:\Users\cps\AppData\Local\Temp\ccpxzgri.s 			page 4


  83:.\Generated_Source\PSoC5/Decagon_Power.c **** * Parameters:  
  84:.\Generated_Source\PSoC5/Decagon_Power.c **** *  None
  85:.\Generated_Source\PSoC5/Decagon_Power.c **** *
  86:.\Generated_Source\PSoC5/Decagon_Power.c **** * Return: 
  87:.\Generated_Source\PSoC5/Decagon_Power.c **** *  Returns the current value of the Digital Port as a right justified number
  88:.\Generated_Source\PSoC5/Decagon_Power.c **** *  
  89:.\Generated_Source\PSoC5/Decagon_Power.c **** * Note:
  90:.\Generated_Source\PSoC5/Decagon_Power.c **** *  Macro Decagon_Power_ReadPS calls this function. 
  91:.\Generated_Source\PSoC5/Decagon_Power.c **** *  
  92:.\Generated_Source\PSoC5/Decagon_Power.c **** *******************************************************************************/
  93:.\Generated_Source\PSoC5/Decagon_Power.c **** uint8 Decagon_Power_Read(void) 
  94:.\Generated_Source\PSoC5/Decagon_Power.c **** {
  90              		.loc 1 94 0
  91              		.cfi_startproc
  92              		@ args = 0, pretend = 0, frame = 0
  93              		@ frame_needed = 0, uses_anonymous_args = 0
  94              		@ link register save eliminated.
  95:.\Generated_Source\PSoC5/Decagon_Power.c ****     return (Decagon_Power_PS & Decagon_Power_MASK) >> Decagon_Power_SHIFT;
  95              		.loc 1 95 0
  96 0000 024B     		ldr	r3, .L8
  97 0002 1878     		ldrb	r0, [r3]	@ zero_extendqisi2
  96:.\Generated_Source\PSoC5/Decagon_Power.c **** }
  98              		.loc 1 96 0
  99 0004 C0F3C000 		ubfx	r0, r0, #3, #1
 100 0008 7047     		bx	lr
 101              	.L9:
 102 000a 00BF     		.align	2
 103              	.L8:
 104 000c C1510040 		.word	1073762753
 105              		.cfi_endproc
 106              	.LFE2:
 107              		.size	Decagon_Power_Read, .-Decagon_Power_Read
 108              		.section	.text.Decagon_Power_ReadDataReg,"ax",%progbits
 109              		.align	2
 110              		.global	Decagon_Power_ReadDataReg
 111              		.thumb
 112              		.thumb_func
 113              		.type	Decagon_Power_ReadDataReg, %function
 114              	Decagon_Power_ReadDataReg:
 115              	.LFB3:
  97:.\Generated_Source\PSoC5/Decagon_Power.c **** 
  98:.\Generated_Source\PSoC5/Decagon_Power.c **** 
  99:.\Generated_Source\PSoC5/Decagon_Power.c **** /*******************************************************************************
 100:.\Generated_Source\PSoC5/Decagon_Power.c **** * Function Name: Decagon_Power_ReadDataReg
 101:.\Generated_Source\PSoC5/Decagon_Power.c **** ********************************************************************************
 102:.\Generated_Source\PSoC5/Decagon_Power.c **** *
 103:.\Generated_Source\PSoC5/Decagon_Power.c **** * Summary:
 104:.\Generated_Source\PSoC5/Decagon_Power.c **** *  Read the current value assigned to a Digital Port's data output register
 105:.\Generated_Source\PSoC5/Decagon_Power.c **** *
 106:.\Generated_Source\PSoC5/Decagon_Power.c **** * Parameters:  
 107:.\Generated_Source\PSoC5/Decagon_Power.c **** *  None 
 108:.\Generated_Source\PSoC5/Decagon_Power.c **** *
 109:.\Generated_Source\PSoC5/Decagon_Power.c **** * Return: 
 110:.\Generated_Source\PSoC5/Decagon_Power.c **** *  Returns the current value assigned to the Digital Port's data output register
 111:.\Generated_Source\PSoC5/Decagon_Power.c **** *  
 112:.\Generated_Source\PSoC5/Decagon_Power.c **** *******************************************************************************/
 113:.\Generated_Source\PSoC5/Decagon_Power.c **** uint8 Decagon_Power_ReadDataReg(void) 
ARM GAS  C:\Users\cps\AppData\Local\Temp\ccpxzgri.s 			page 5


 114:.\Generated_Source\PSoC5/Decagon_Power.c **** {
 116              		.loc 1 114 0
 117              		.cfi_startproc
 118              		@ args = 0, pretend = 0, frame = 0
 119              		@ frame_needed = 0, uses_anonymous_args = 0
 120              		@ link register save eliminated.
 115:.\Generated_Source\PSoC5/Decagon_Power.c ****     return (Decagon_Power_DR & Decagon_Power_MASK) >> Decagon_Power_SHIFT;
 121              		.loc 1 115 0
 122 0000 024B     		ldr	r3, .L11
 123 0002 1878     		ldrb	r0, [r3]	@ zero_extendqisi2
 116:.\Generated_Source\PSoC5/Decagon_Power.c **** }
 124              		.loc 1 116 0
 125 0004 C0F3C000 		ubfx	r0, r0, #3, #1
 126 0008 7047     		bx	lr
 127              	.L12:
 128 000a 00BF     		.align	2
 129              	.L11:
 130 000c C0510040 		.word	1073762752
 131              		.cfi_endproc
 132              	.LFE3:
 133              		.size	Decagon_Power_ReadDataReg, .-Decagon_Power_ReadDataReg
 134              		.text
 135              	.Letext0:
 136              		.file 2 ".\\Generated_Source\\PSoC5\\cytypes.h"
 137              		.section	.debug_info,"",%progbits
 138              	.Ldebug_info0:
 139 0000 1B010000 		.4byte	0x11b
 140 0004 0400     		.2byte	0x4
 141 0006 00000000 		.4byte	.Ldebug_abbrev0
 142 000a 04       		.byte	0x4
 143 000b 01       		.uleb128 0x1
 144 000c E5000000 		.4byte	.LASF20
 145 0010 01       		.byte	0x1
 146 0011 73010000 		.4byte	.LASF21
 147 0015 11000000 		.4byte	.LASF22
 148 0019 00000000 		.4byte	.Ldebug_ranges0+0
 149 001d 00000000 		.4byte	0
 150 0021 00000000 		.4byte	.Ldebug_line0
 151 0025 02       		.uleb128 0x2
 152 0026 01       		.byte	0x1
 153 0027 06       		.byte	0x6
 154 0028 1F020000 		.4byte	.LASF0
 155 002c 02       		.uleb128 0x2
 156 002d 01       		.byte	0x1
 157 002e 08       		.byte	0x8
 158 002f 93000000 		.4byte	.LASF1
 159 0033 02       		.uleb128 0x2
 160 0034 02       		.byte	0x2
 161 0035 05       		.byte	0x5
 162 0036 06020000 		.4byte	.LASF2
 163 003a 02       		.uleb128 0x2
 164 003b 02       		.byte	0x2
 165 003c 07       		.byte	0x7
 166 003d B8000000 		.4byte	.LASF3
 167 0041 02       		.uleb128 0x2
 168 0042 04       		.byte	0x4
 169 0043 05       		.byte	0x5
ARM GAS  C:\Users\cps\AppData\Local\Temp\ccpxzgri.s 			page 6


 170 0044 16020000 		.4byte	.LASF4
 171 0048 02       		.uleb128 0x2
 172 0049 04       		.byte	0x4
 173 004a 07       		.byte	0x7
 174 004b A6000000 		.4byte	.LASF5
 175 004f 02       		.uleb128 0x2
 176 0050 08       		.byte	0x8
 177 0051 05       		.byte	0x5
 178 0052 F3010000 		.4byte	.LASF6
 179 0056 02       		.uleb128 0x2
 180 0057 08       		.byte	0x8
 181 0058 07       		.byte	0x7
 182 0059 C3010000 		.4byte	.LASF7
 183 005d 03       		.uleb128 0x3
 184 005e 04       		.byte	0x4
 185 005f 05       		.byte	0x5
 186 0060 696E7400 		.ascii	"int\000"
 187 0064 02       		.uleb128 0x2
 188 0065 04       		.byte	0x4
 189 0066 07       		.byte	0x7
 190 0067 9C010000 		.4byte	.LASF8
 191 006b 04       		.uleb128 0x4
 192 006c 10020000 		.4byte	.LASF12
 193 0070 02       		.byte	0x2
 194 0071 3801     		.2byte	0x138
 195 0073 2C000000 		.4byte	0x2c
 196 0077 02       		.uleb128 0x2
 197 0078 04       		.byte	0x4
 198 0079 04       		.byte	0x4
 199 007a 72000000 		.4byte	.LASF9
 200 007e 02       		.uleb128 0x2
 201 007f 08       		.byte	0x8
 202 0080 04       		.byte	0x4
 203 0081 CB000000 		.4byte	.LASF10
 204 0085 02       		.uleb128 0x2
 205 0086 01       		.byte	0x1
 206 0087 08       		.byte	0x8
 207 0088 01020000 		.4byte	.LASF11
 208 008c 04       		.uleb128 0x4
 209 008d A1000000 		.4byte	.LASF13
 210 0091 02       		.byte	0x2
 211 0092 E201     		.2byte	0x1e2
 212 0094 98000000 		.4byte	0x98
 213 0098 05       		.uleb128 0x5
 214 0099 6B000000 		.4byte	0x6b
 215 009d 06       		.uleb128 0x6
 216 009e DF010000 		.4byte	.LASF14
 217 00a2 01       		.byte	0x1
 218 00a3 27       		.byte	0x27
 219 00a4 00000000 		.4byte	.LFB0
 220 00a8 18000000 		.4byte	.LFE0-.LFB0
 221 00ac 01       		.uleb128 0x1
 222 00ad 9C       		.byte	0x9c
 223 00ae CF000000 		.4byte	0xcf
 224 00b2 07       		.uleb128 0x7
 225 00b3 00000000 		.4byte	.LASF16
 226 00b7 01       		.byte	0x1
ARM GAS  C:\Users\cps\AppData\Local\Temp\ccpxzgri.s 			page 7


 227 00b8 27       		.byte	0x27
 228 00b9 6B000000 		.4byte	0x6b
 229 00bd 00000000 		.4byte	.LLST0
 230 00c1 08       		.uleb128 0x8
 231 00c2 06000000 		.4byte	.LASF23
 232 00c6 01       		.byte	0x1
 233 00c7 29       		.byte	0x29
 234 00c8 6B000000 		.4byte	0x6b
 235 00cc 01       		.uleb128 0x1
 236 00cd 53       		.byte	0x53
 237 00ce 00       		.byte	0
 238 00cf 06       		.uleb128 0x6
 239 00d0 78000000 		.4byte	.LASF15
 240 00d4 01       		.byte	0x1
 241 00d5 45       		.byte	0x45
 242 00d6 00000000 		.4byte	.LFB1
 243 00da 18000000 		.4byte	.LFE1-.LFB1
 244 00de 01       		.uleb128 0x1
 245 00df 9C       		.byte	0x9c
 246 00e0 F4000000 		.4byte	0xf4
 247 00e4 07       		.uleb128 0x7
 248 00e5 DA010000 		.4byte	.LASF17
 249 00e9 01       		.byte	0x1
 250 00ea 45       		.byte	0x45
 251 00eb 6B000000 		.4byte	0x6b
 252 00ef 21000000 		.4byte	.LLST1
 253 00f3 00       		.byte	0
 254 00f4 09       		.uleb128 0x9
 255 00f5 D2000000 		.4byte	.LASF18
 256 00f9 01       		.byte	0x1
 257 00fa 5D       		.byte	0x5d
 258 00fb 6B000000 		.4byte	0x6b
 259 00ff 00000000 		.4byte	.LFB2
 260 0103 10000000 		.4byte	.LFE2-.LFB2
 261 0107 01       		.uleb128 0x1
 262 0108 9C       		.byte	0x9c
 263 0109 09       		.uleb128 0x9
 264 010a A9010000 		.4byte	.LASF19
 265 010e 01       		.byte	0x1
 266 010f 71       		.byte	0x71
 267 0110 6B000000 		.4byte	0x6b
 268 0114 00000000 		.4byte	.LFB3
 269 0118 10000000 		.4byte	.LFE3-.LFB3
 270 011c 01       		.uleb128 0x1
 271 011d 9C       		.byte	0x9c
 272 011e 00       		.byte	0
 273              		.section	.debug_abbrev,"",%progbits
 274              	.Ldebug_abbrev0:
 275 0000 01       		.uleb128 0x1
 276 0001 11       		.uleb128 0x11
 277 0002 01       		.byte	0x1
 278 0003 25       		.uleb128 0x25
 279 0004 0E       		.uleb128 0xe
 280 0005 13       		.uleb128 0x13
 281 0006 0B       		.uleb128 0xb
 282 0007 03       		.uleb128 0x3
 283 0008 0E       		.uleb128 0xe
ARM GAS  C:\Users\cps\AppData\Local\Temp\ccpxzgri.s 			page 8


 284 0009 1B       		.uleb128 0x1b
 285 000a 0E       		.uleb128 0xe
 286 000b 55       		.uleb128 0x55
 287 000c 17       		.uleb128 0x17
 288 000d 11       		.uleb128 0x11
 289 000e 01       		.uleb128 0x1
 290 000f 10       		.uleb128 0x10
 291 0010 17       		.uleb128 0x17
 292 0011 00       		.byte	0
 293 0012 00       		.byte	0
 294 0013 02       		.uleb128 0x2
 295 0014 24       		.uleb128 0x24
 296 0015 00       		.byte	0
 297 0016 0B       		.uleb128 0xb
 298 0017 0B       		.uleb128 0xb
 299 0018 3E       		.uleb128 0x3e
 300 0019 0B       		.uleb128 0xb
 301 001a 03       		.uleb128 0x3
 302 001b 0E       		.uleb128 0xe
 303 001c 00       		.byte	0
 304 001d 00       		.byte	0
 305 001e 03       		.uleb128 0x3
 306 001f 24       		.uleb128 0x24
 307 0020 00       		.byte	0
 308 0021 0B       		.uleb128 0xb
 309 0022 0B       		.uleb128 0xb
 310 0023 3E       		.uleb128 0x3e
 311 0024 0B       		.uleb128 0xb
 312 0025 03       		.uleb128 0x3
 313 0026 08       		.uleb128 0x8
 314 0027 00       		.byte	0
 315 0028 00       		.byte	0
 316 0029 04       		.uleb128 0x4
 317 002a 16       		.uleb128 0x16
 318 002b 00       		.byte	0
 319 002c 03       		.uleb128 0x3
 320 002d 0E       		.uleb128 0xe
 321 002e 3A       		.uleb128 0x3a
 322 002f 0B       		.uleb128 0xb
 323 0030 3B       		.uleb128 0x3b
 324 0031 05       		.uleb128 0x5
 325 0032 49       		.uleb128 0x49
 326 0033 13       		.uleb128 0x13
 327 0034 00       		.byte	0
 328 0035 00       		.byte	0
 329 0036 05       		.uleb128 0x5
 330 0037 35       		.uleb128 0x35
 331 0038 00       		.byte	0
 332 0039 49       		.uleb128 0x49
 333 003a 13       		.uleb128 0x13
 334 003b 00       		.byte	0
 335 003c 00       		.byte	0
 336 003d 06       		.uleb128 0x6
 337 003e 2E       		.uleb128 0x2e
 338 003f 01       		.byte	0x1
 339 0040 3F       		.uleb128 0x3f
 340 0041 19       		.uleb128 0x19
ARM GAS  C:\Users\cps\AppData\Local\Temp\ccpxzgri.s 			page 9


 341 0042 03       		.uleb128 0x3
 342 0043 0E       		.uleb128 0xe
 343 0044 3A       		.uleb128 0x3a
 344 0045 0B       		.uleb128 0xb
 345 0046 3B       		.uleb128 0x3b
 346 0047 0B       		.uleb128 0xb
 347 0048 27       		.uleb128 0x27
 348 0049 19       		.uleb128 0x19
 349 004a 11       		.uleb128 0x11
 350 004b 01       		.uleb128 0x1
 351 004c 12       		.uleb128 0x12
 352 004d 06       		.uleb128 0x6
 353 004e 40       		.uleb128 0x40
 354 004f 18       		.uleb128 0x18
 355 0050 9742     		.uleb128 0x2117
 356 0052 19       		.uleb128 0x19
 357 0053 01       		.uleb128 0x1
 358 0054 13       		.uleb128 0x13
 359 0055 00       		.byte	0
 360 0056 00       		.byte	0
 361 0057 07       		.uleb128 0x7
 362 0058 05       		.uleb128 0x5
 363 0059 00       		.byte	0
 364 005a 03       		.uleb128 0x3
 365 005b 0E       		.uleb128 0xe
 366 005c 3A       		.uleb128 0x3a
 367 005d 0B       		.uleb128 0xb
 368 005e 3B       		.uleb128 0x3b
 369 005f 0B       		.uleb128 0xb
 370 0060 49       		.uleb128 0x49
 371 0061 13       		.uleb128 0x13
 372 0062 02       		.uleb128 0x2
 373 0063 17       		.uleb128 0x17
 374 0064 00       		.byte	0
 375 0065 00       		.byte	0
 376 0066 08       		.uleb128 0x8
 377 0067 34       		.uleb128 0x34
 378 0068 00       		.byte	0
 379 0069 03       		.uleb128 0x3
 380 006a 0E       		.uleb128 0xe
 381 006b 3A       		.uleb128 0x3a
 382 006c 0B       		.uleb128 0xb
 383 006d 3B       		.uleb128 0x3b
 384 006e 0B       		.uleb128 0xb
 385 006f 49       		.uleb128 0x49
 386 0070 13       		.uleb128 0x13
 387 0071 02       		.uleb128 0x2
 388 0072 18       		.uleb128 0x18
 389 0073 00       		.byte	0
 390 0074 00       		.byte	0
 391 0075 09       		.uleb128 0x9
 392 0076 2E       		.uleb128 0x2e
 393 0077 00       		.byte	0
 394 0078 3F       		.uleb128 0x3f
 395 0079 19       		.uleb128 0x19
 396 007a 03       		.uleb128 0x3
 397 007b 0E       		.uleb128 0xe
ARM GAS  C:\Users\cps\AppData\Local\Temp\ccpxzgri.s 			page 10


 398 007c 3A       		.uleb128 0x3a
 399 007d 0B       		.uleb128 0xb
 400 007e 3B       		.uleb128 0x3b
 401 007f 0B       		.uleb128 0xb
 402 0080 27       		.uleb128 0x27
 403 0081 19       		.uleb128 0x19
 404 0082 49       		.uleb128 0x49
 405 0083 13       		.uleb128 0x13
 406 0084 11       		.uleb128 0x11
 407 0085 01       		.uleb128 0x1
 408 0086 12       		.uleb128 0x12
 409 0087 06       		.uleb128 0x6
 410 0088 40       		.uleb128 0x40
 411 0089 18       		.uleb128 0x18
 412 008a 9742     		.uleb128 0x2117
 413 008c 19       		.uleb128 0x19
 414 008d 00       		.byte	0
 415 008e 00       		.byte	0
 416 008f 00       		.byte	0
 417              		.section	.debug_loc,"",%progbits
 418              	.Ldebug_loc0:
 419              	.LLST0:
 420 0000 00000000 		.4byte	.LVL0
 421 0004 0A000000 		.4byte	.LVL2
 422 0008 0100     		.2byte	0x1
 423 000a 50       		.byte	0x50
 424 000b 0A000000 		.4byte	.LVL2
 425 000f 18000000 		.4byte	.LFE0
 426 0013 0400     		.2byte	0x4
 427 0015 F3       		.byte	0xf3
 428 0016 01       		.uleb128 0x1
 429 0017 50       		.byte	0x50
 430 0018 9F       		.byte	0x9f
 431 0019 00000000 		.4byte	0
 432 001d 00000000 		.4byte	0
 433              	.LLST1:
 434 0021 00000000 		.4byte	.LVL3
 435 0025 0C000000 		.4byte	.LVL4
 436 0029 0100     		.2byte	0x1
 437 002b 50       		.byte	0x50
 438 002c 0C000000 		.4byte	.LVL4
 439 0030 18000000 		.4byte	.LFE1
 440 0034 0400     		.2byte	0x4
 441 0036 F3       		.byte	0xf3
 442 0037 01       		.uleb128 0x1
 443 0038 50       		.byte	0x50
 444 0039 9F       		.byte	0x9f
 445 003a 00000000 		.4byte	0
 446 003e 00000000 		.4byte	0
 447              		.section	.debug_aranges,"",%progbits
 448 0000 34000000 		.4byte	0x34
 449 0004 0200     		.2byte	0x2
 450 0006 00000000 		.4byte	.Ldebug_info0
 451 000a 04       		.byte	0x4
 452 000b 00       		.byte	0
 453 000c 0000     		.2byte	0
 454 000e 0000     		.2byte	0
ARM GAS  C:\Users\cps\AppData\Local\Temp\ccpxzgri.s 			page 11


 455 0010 00000000 		.4byte	.LFB0
 456 0014 18000000 		.4byte	.LFE0-.LFB0
 457 0018 00000000 		.4byte	.LFB1
 458 001c 18000000 		.4byte	.LFE1-.LFB1
 459 0020 00000000 		.4byte	.LFB2
 460 0024 10000000 		.4byte	.LFE2-.LFB2
 461 0028 00000000 		.4byte	.LFB3
 462 002c 10000000 		.4byte	.LFE3-.LFB3
 463 0030 00000000 		.4byte	0
 464 0034 00000000 		.4byte	0
 465              		.section	.debug_ranges,"",%progbits
 466              	.Ldebug_ranges0:
 467 0000 00000000 		.4byte	.LFB0
 468 0004 18000000 		.4byte	.LFE0
 469 0008 00000000 		.4byte	.LFB1
 470 000c 18000000 		.4byte	.LFE1
 471 0010 00000000 		.4byte	.LFB2
 472 0014 10000000 		.4byte	.LFE2
 473 0018 00000000 		.4byte	.LFB3
 474 001c 10000000 		.4byte	.LFE3
 475 0020 00000000 		.4byte	0
 476 0024 00000000 		.4byte	0
 477              		.section	.debug_line,"",%progbits
 478              	.Ldebug_line0:
 479 0000 98000000 		.section	.debug_str,"MS",%progbits,1
 479      02004C00 
 479      00000201 
 479      FB0E0D00 
 479      01010101 
 480              	.LASF16:
 481 0000 76616C75 		.ascii	"value\000"
 481      6500
 482              	.LASF23:
 483 0006 73746174 		.ascii	"staticBits\000"
 483      69634269 
 483      747300
 484              	.LASF22:
 485 0011 433A5C55 		.ascii	"C:\\Users\\cps\\Documents\\neoapi\\Project Template"
 485      73657273 
 485      5C637073 
 485      5C446F63 
 485      756D656E 
 486 003f 735C5365 		.ascii	"s\\Sensor Examples\\Example Sensors\\DecagonGS3.cyd"
 486      6E736F72 
 486      20457861 
 486      6D706C65 
 486      735C4578 
 487 006f 736E00   		.ascii	"sn\000"
 488              	.LASF9:
 489 0072 666C6F61 		.ascii	"float\000"
 489      7400
 490              	.LASF15:
 491 0078 44656361 		.ascii	"Decagon_Power_SetDriveMode\000"
 491      676F6E5F 
 491      506F7765 
 491      725F5365 
 491      74447269 
ARM GAS  C:\Users\cps\AppData\Local\Temp\ccpxzgri.s 			page 12


 492              	.LASF1:
 493 0093 756E7369 		.ascii	"unsigned char\000"
 493      676E6564 
 493      20636861 
 493      7200
 494              	.LASF13:
 495 00a1 72656738 		.ascii	"reg8\000"
 495      00
 496              	.LASF5:
 497 00a6 6C6F6E67 		.ascii	"long unsigned int\000"
 497      20756E73 
 497      69676E65 
 497      6420696E 
 497      7400
 498              	.LASF3:
 499 00b8 73686F72 		.ascii	"short unsigned int\000"
 499      7420756E 
 499      7369676E 
 499      65642069 
 499      6E7400
 500              	.LASF10:
 501 00cb 646F7562 		.ascii	"double\000"
 501      6C6500
 502              	.LASF18:
 503 00d2 44656361 		.ascii	"Decagon_Power_Read\000"
 503      676F6E5F 
 503      506F7765 
 503      725F5265 
 503      616400
 504              	.LASF20:
 505 00e5 474E5520 		.ascii	"GNU C 4.9.3 20150303 (release) [ARM/embedded-4_9-br"
 505      4320342E 
 505      392E3320 
 505      32303135 
 505      30333033 
 506 0118 616E6368 		.ascii	"anch revision 221220] -mcpu=cortex-m3 -mthumb -g -O"
 506      20726576 
 506      6973696F 
 506      6E203232 
 506      31323230 
 507 014b 67202D66 		.ascii	"g -ffunction-sections -ffat-lto-objects\000"
 507      66756E63 
 507      74696F6E 
 507      2D736563 
 507      74696F6E 
 508              	.LASF21:
 509 0173 2E5C4765 		.ascii	".\\Generated_Source\\PSoC5\\Decagon_Power.c\000"
 509      6E657261 
 509      7465645F 
 509      536F7572 
 509      63655C50 
 510              	.LASF8:
 511 019c 756E7369 		.ascii	"unsigned int\000"
 511      676E6564 
 511      20696E74 
 511      00
 512              	.LASF19:
ARM GAS  C:\Users\cps\AppData\Local\Temp\ccpxzgri.s 			page 13


 513 01a9 44656361 		.ascii	"Decagon_Power_ReadDataReg\000"
 513      676F6E5F 
 513      506F7765 
 513      725F5265 
 513      61644461 
 514              	.LASF7:
 515 01c3 6C6F6E67 		.ascii	"long long unsigned int\000"
 515      206C6F6E 
 515      6720756E 
 515      7369676E 
 515      65642069 
 516              	.LASF17:
 517 01da 6D6F6465 		.ascii	"mode\000"
 517      00
 518              	.LASF14:
 519 01df 44656361 		.ascii	"Decagon_Power_Write\000"
 519      676F6E5F 
 519      506F7765 
 519      725F5772 
 519      69746500 
 520              	.LASF6:
 521 01f3 6C6F6E67 		.ascii	"long long int\000"
 521      206C6F6E 
 521      6720696E 
 521      7400
 522              	.LASF11:
 523 0201 63686172 		.ascii	"char\000"
 523      00
 524              	.LASF2:
 525 0206 73686F72 		.ascii	"short int\000"
 525      7420696E 
 525      7400
 526              	.LASF12:
 527 0210 75696E74 		.ascii	"uint8\000"
 527      3800
 528              	.LASF4:
 529 0216 6C6F6E67 		.ascii	"long int\000"
 529      20696E74 
 529      00
 530              	.LASF0:
 531 021f 7369676E 		.ascii	"signed char\000"
 531      65642063 
 531      68617200 
 532              		.ident	"GCC: (GNU Tools for ARM Embedded Processors) 4.9.3 20150303 (release) [ARM/embedded-4_9-br
