ARM GAS  C:\Users\cps\AppData\Local\Temp\ccc4ryUu.s 			page 1


   1              		.syntax unified
   2              		.cpu cortex-m3
   3              		.fpu softvfp
   4              		.eabi_attribute 20, 1
   5              		.eabi_attribute 21, 1
   6              		.eabi_attribute 23, 3
   7              		.eabi_attribute 24, 1
   8              		.eabi_attribute 25, 1
   9              		.eabi_attribute 26, 1
  10              		.eabi_attribute 30, 1
  11              		.eabi_attribute 34, 1
  12              		.eabi_attribute 18, 4
  13              		.thumb
  14              		.file	"main.c"
  15              		.text
  16              	.Ltext0:
  17              		.cfi_sections	.debug_frame
  18              		.section	.text.main,"ax",%progbits
  19              		.align	2
  20              		.global	main
  21              		.thumb
  22              		.thumb_func
  23              		.type	main, %function
  24              	main:
  25              	.LFB63:
  26              		.file 1 ".\\main.c"
   1:.\main.c      **** /* ========================================
   2:.\main.c      ****  *
   3:.\main.c      ****  * Copyright YOUR COMPANY, THE YEAR
   4:.\main.c      ****  * All Rights Reserved
   5:.\main.c      ****  * UNPUBLISHED, LICENSED SOFTWARE.
   6:.\main.c      ****  *
   7:.\main.c      ****  * CONFIDENTIAL AND PROPRIETARY INFORMATION
   8:.\main.c      ****  * WHICH IS THE PROPERTY OF your company.
   9:.\main.c      ****  *
  10:.\main.c      ****  * ========================================
  11:.\main.c      **** */
  12:.\main.c      **** #include <project.h>
  13:.\main.c      **** #include "decagon.h"
  14:.\main.c      **** 
  15:.\main.c      **** int main()
  16:.\main.c      **** {
  27              		.loc 1 16 0
  28              		.cfi_startproc
  29              		@ args = 0, pretend = 0, frame = 16
  30              		@ frame_needed = 0, uses_anonymous_args = 0
  31 0000 00B5     		push	{lr}
  32              		.cfi_def_cfa_offset 4
  33              		.cfi_offset 14, -4
  34 0002 85B0     		sub	sp, sp, #20
  35              		.cfi_def_cfa_offset 24
  17:.\main.c      ****     CyGlobalIntEnable; /* Enable global interrupts. */
  36              		.loc 1 17 0
  37              	@ 17 ".\main.c" 1
  38 0004 62B6     		CPSIE   i
  39              	@ 0 "" 2
  40              		.thumb
ARM GAS  C:\Users\cps\AppData\Local\Temp\ccc4ryUu.s 			page 2


  41              	.L2:
  42              	.LBB2:
  18:.\main.c      **** 
  19:.\main.c      ****     /* Place your initialization/startup code here (e.g. MyInst_Start()) */
  20:.\main.c      **** 
  21:.\main.c      ****     for(;;)
  22:.\main.c      ****     {
  23:.\main.c      ****         DecagonGS3 reading =  Decagon_Take_Reading();
  43              		.loc 1 23 0 discriminator 1
  44 0006 01A8     		add	r0, sp, #4
  45 0008 FFF7FEFF 		bl	Decagon_Take_Reading
  46              	.LVL0:
  24:.\main.c      **** 		CyDelay(2000u);
  47              		.loc 1 24 0 discriminator 1
  48 000c 4FF4FA60 		mov	r0, #2000
  49 0010 FFF7FEFF 		bl	CyDelay
  50              	.LVL1:
  51              	.LBE2:
  25:.\main.c      ****     }
  52              		.loc 1 25 0 discriminator 1
  53 0014 F7E7     		b	.L2
  54              		.cfi_endproc
  55              	.LFE63:
  56              		.size	main, .-main
  57 0016 00BF     		.text
  58              	.Letext0:
  59              		.file 2 "c:\\program files (x86)\\cypress\\psoc creator\\3.3\\psoc creator\\import\\gnu\\arm\\4.9.
  60              		.file 3 "c:\\program files (x86)\\cypress\\psoc creator\\3.3\\psoc creator\\import\\gnu\\arm\\4.9.
  61              		.file 4 "Generated_Source\\PSoC5/cytypes.h"
  62              		.file 5 ".\\decagon.h"
  63              		.file 6 "Generated_Source\\PSoC5/core_cm3.h"
  64              		.file 7 "Generated_Source\\PSoC5/CyLib.h"
  65              		.section	.debug_info,"",%progbits
  66              	.Ldebug_info0:
  67 0000 88010000 		.4byte	0x188
  68 0004 0400     		.2byte	0x4
  69 0006 00000000 		.4byte	.Ldebug_abbrev0
  70 000a 04       		.byte	0x4
  71 000b 01       		.uleb128 0x1
  72 000c 01010000 		.4byte	.LASF23
  73 0010 01       		.byte	0x1
  74 0011 A7000000 		.4byte	.LASF24
  75 0015 2A000000 		.4byte	.LASF25
  76 0019 00000000 		.4byte	.Ldebug_ranges0+0
  77 001d 00000000 		.4byte	0
  78 0021 00000000 		.4byte	.Ldebug_line0
  79 0025 02       		.uleb128 0x2
  80 0026 01       		.byte	0x1
  81 0027 06       		.byte	0x6
  82 0028 0E020000 		.4byte	.LASF0
  83 002c 02       		.uleb128 0x2
  84 002d 01       		.byte	0x1
  85 002e 08       		.byte	0x8
  86 002f 99000000 		.4byte	.LASF1
  87 0033 02       		.uleb128 0x2
  88 0034 02       		.byte	0x2
  89 0035 05       		.byte	0x5
ARM GAS  C:\Users\cps\AppData\Local\Temp\ccc4ryUu.s 			page 3


  90 0036 F5010000 		.4byte	.LASF2
  91 003a 02       		.uleb128 0x2
  92 003b 02       		.byte	0x2
  93 003c 07       		.byte	0x7
  94 003d C7000000 		.4byte	.LASF3
  95 0041 03       		.uleb128 0x3
  96 0042 0B000000 		.4byte	.LASF9
  97 0046 02       		.byte	0x2
  98 0047 3F       		.byte	0x3f
  99 0048 4C000000 		.4byte	0x4c
 100 004c 02       		.uleb128 0x2
 101 004d 04       		.byte	0x4
 102 004e 05       		.byte	0x5
 103 004f 05020000 		.4byte	.LASF4
 104 0053 02       		.uleb128 0x2
 105 0054 04       		.byte	0x4
 106 0055 07       		.byte	0x7
 107 0056 B0000000 		.4byte	.LASF5
 108 005a 02       		.uleb128 0x2
 109 005b 08       		.byte	0x8
 110 005c 05       		.byte	0x5
 111 005d C4010000 		.4byte	.LASF6
 112 0061 02       		.uleb128 0x2
 113 0062 08       		.byte	0x8
 114 0063 07       		.byte	0x7
 115 0064 9C010000 		.4byte	.LASF7
 116 0068 04       		.uleb128 0x4
 117 0069 04       		.byte	0x4
 118 006a 05       		.byte	0x5
 119 006b 696E7400 		.ascii	"int\000"
 120 006f 02       		.uleb128 0x2
 121 0070 04       		.byte	0x4
 122 0071 07       		.byte	0x7
 123 0072 8F010000 		.4byte	.LASF8
 124 0076 03       		.uleb128 0x3
 125 0077 B3010000 		.4byte	.LASF10
 126 007b 03       		.byte	0x3
 127 007c 2C       		.byte	0x2c
 128 007d 41000000 		.4byte	0x41
 129 0081 05       		.uleb128 0x5
 130 0082 FF010000 		.4byte	.LASF11
 131 0086 04       		.byte	0x4
 132 0087 3801     		.2byte	0x138
 133 0089 2C000000 		.4byte	0x2c
 134 008d 05       		.uleb128 0x5
 135 008e F3000000 		.4byte	.LASF12
 136 0092 04       		.byte	0x4
 137 0093 3901     		.2byte	0x139
 138 0095 3A000000 		.4byte	0x3a
 139 0099 05       		.uleb128 0x5
 140 009a FA000000 		.4byte	.LASF13
 141 009e 04       		.byte	0x4
 142 009f 3A01     		.2byte	0x13a
 143 00a1 53000000 		.4byte	0x53
 144 00a5 02       		.uleb128 0x2
 145 00a6 04       		.byte	0x4
 146 00a7 04       		.byte	0x4
ARM GAS  C:\Users\cps\AppData\Local\Temp\ccc4ryUu.s 			page 4


 147 00a8 93000000 		.4byte	.LASF14
 148 00ac 02       		.uleb128 0x2
 149 00ad 08       		.byte	0x8
 150 00ae 04       		.byte	0x4
 151 00af E7000000 		.4byte	.LASF15
 152 00b3 02       		.uleb128 0x2
 153 00b4 01       		.byte	0x1
 154 00b5 08       		.byte	0x8
 155 00b6 DD010000 		.4byte	.LASF16
 156 00ba 02       		.uleb128 0x2
 157 00bb 04       		.byte	0x4
 158 00bc 07       		.byte	0x7
 159 00bd BB010000 		.4byte	.LASF17
 160 00c1 06       		.uleb128 0x6
 161 00c2 0C       		.byte	0xc
 162 00c3 05       		.byte	0x5
 163 00c4 11       		.byte	0x11
 164 00c5 FA000000 		.4byte	0xfa
 165 00c9 07       		.uleb128 0x7
 166 00ca 00000000 		.4byte	.LASF18
 167 00ce 05       		.byte	0x5
 168 00cf 12       		.byte	0x12
 169 00d0 A5000000 		.4byte	0xa5
 170 00d4 00       		.byte	0
 171 00d5 07       		.uleb128 0x7
 172 00d6 C2000000 		.4byte	.LASF19
 173 00da 05       		.byte	0x5
 174 00db 13       		.byte	0x13
 175 00dc A5000000 		.4byte	0xa5
 176 00e0 04       		.byte	0x4
 177 00e1 07       		.uleb128 0x7
 178 00e2 E8010000 		.4byte	.LASF20
 179 00e6 05       		.byte	0x5
 180 00e7 14       		.byte	0x14
 181 00e8 8D000000 		.4byte	0x8d
 182 00ec 08       		.byte	0x8
 183 00ed 07       		.uleb128 0x7
 184 00ee E2010000 		.4byte	.LASF21
 185 00f2 05       		.byte	0x5
 186 00f3 15       		.byte	0x15
 187 00f4 81000000 		.4byte	0x81
 188 00f8 0A       		.byte	0xa
 189 00f9 00       		.byte	0
 190 00fa 03       		.uleb128 0x3
 191 00fb D2010000 		.4byte	.LASF22
 192 00ff 05       		.byte	0x5
 193 0100 16       		.byte	0x16
 194 0101 C1000000 		.4byte	0xc1
 195 0105 08       		.uleb128 0x8
 196 0106 EE000000 		.4byte	.LASF26
 197 010a 01       		.byte	0x1
 198 010b 0F       		.byte	0xf
 199 010c 68000000 		.4byte	0x68
 200 0110 00000000 		.4byte	.LFB63
 201 0114 16000000 		.4byte	.LFE63-.LFB63
 202 0118 01       		.uleb128 0x1
 203 0119 9C       		.byte	0x9c
ARM GAS  C:\Users\cps\AppData\Local\Temp\ccc4ryUu.s 			page 5


 204 011a 5C010000 		.4byte	0x15c
 205 011e 09       		.uleb128 0x9
 206 011f 06000000 		.4byte	.LBB2
 207 0123 0E000000 		.4byte	.LBE2-.LBB2
 208 0127 0A       		.uleb128 0xa
 209 0128 8B000000 		.4byte	.LASF27
 210 012c 01       		.byte	0x1
 211 012d 17       		.byte	0x17
 212 012e FA000000 		.4byte	0xfa
 213 0132 02       		.uleb128 0x2
 214 0133 91       		.byte	0x91
 215 0134 6C       		.sleb128 -20
 216 0135 0B       		.uleb128 0xb
 217 0136 0C000000 		.4byte	.LVL0
 218 013a 6D010000 		.4byte	0x16d
 219 013e 49010000 		.4byte	0x149
 220 0142 0C       		.uleb128 0xc
 221 0143 01       		.uleb128 0x1
 222 0144 50       		.byte	0x50
 223 0145 02       		.uleb128 0x2
 224 0146 91       		.byte	0x91
 225 0147 6C       		.sleb128 -20
 226 0148 00       		.byte	0
 227 0149 0D       		.uleb128 0xd
 228 014a 14000000 		.4byte	.LVL1
 229 014e 7E010000 		.4byte	0x17e
 230 0152 0C       		.uleb128 0xc
 231 0153 01       		.uleb128 0x1
 232 0154 50       		.byte	0x50
 233 0155 03       		.uleb128 0x3
 234 0156 0A       		.byte	0xa
 235 0157 D007     		.2byte	0x7d0
 236 0159 00       		.byte	0
 237 015a 00       		.byte	0
 238 015b 00       		.byte	0
 239 015c 0E       		.uleb128 0xe
 240 015d DA000000 		.4byte	.LASF28
 241 0161 06       		.byte	0x6
 242 0162 5506     		.2byte	0x655
 243 0164 68010000 		.4byte	0x168
 244 0168 0F       		.uleb128 0xf
 245 0169 76000000 		.4byte	0x76
 246 016d 10       		.uleb128 0x10
 247 016e 15000000 		.4byte	.LASF29
 248 0172 05       		.byte	0x5
 249 0173 19       		.byte	0x19
 250 0174 FA000000 		.4byte	0xfa
 251 0178 7E010000 		.4byte	0x17e
 252 017c 11       		.uleb128 0x11
 253 017d 00       		.byte	0
 254 017e 12       		.uleb128 0x12
 255 017f 1A020000 		.4byte	.LASF30
 256 0183 07       		.byte	0x7
 257 0184 77       		.byte	0x77
 258 0185 13       		.uleb128 0x13
 259 0186 99000000 		.4byte	0x99
 260 018a 00       		.byte	0
ARM GAS  C:\Users\cps\AppData\Local\Temp\ccc4ryUu.s 			page 6


 261 018b 00       		.byte	0
 262              		.section	.debug_abbrev,"",%progbits
 263              	.Ldebug_abbrev0:
 264 0000 01       		.uleb128 0x1
 265 0001 11       		.uleb128 0x11
 266 0002 01       		.byte	0x1
 267 0003 25       		.uleb128 0x25
 268 0004 0E       		.uleb128 0xe
 269 0005 13       		.uleb128 0x13
 270 0006 0B       		.uleb128 0xb
 271 0007 03       		.uleb128 0x3
 272 0008 0E       		.uleb128 0xe
 273 0009 1B       		.uleb128 0x1b
 274 000a 0E       		.uleb128 0xe
 275 000b 55       		.uleb128 0x55
 276 000c 17       		.uleb128 0x17
 277 000d 11       		.uleb128 0x11
 278 000e 01       		.uleb128 0x1
 279 000f 10       		.uleb128 0x10
 280 0010 17       		.uleb128 0x17
 281 0011 00       		.byte	0
 282 0012 00       		.byte	0
 283 0013 02       		.uleb128 0x2
 284 0014 24       		.uleb128 0x24
 285 0015 00       		.byte	0
 286 0016 0B       		.uleb128 0xb
 287 0017 0B       		.uleb128 0xb
 288 0018 3E       		.uleb128 0x3e
 289 0019 0B       		.uleb128 0xb
 290 001a 03       		.uleb128 0x3
 291 001b 0E       		.uleb128 0xe
 292 001c 00       		.byte	0
 293 001d 00       		.byte	0
 294 001e 03       		.uleb128 0x3
 295 001f 16       		.uleb128 0x16
 296 0020 00       		.byte	0
 297 0021 03       		.uleb128 0x3
 298 0022 0E       		.uleb128 0xe
 299 0023 3A       		.uleb128 0x3a
 300 0024 0B       		.uleb128 0xb
 301 0025 3B       		.uleb128 0x3b
 302 0026 0B       		.uleb128 0xb
 303 0027 49       		.uleb128 0x49
 304 0028 13       		.uleb128 0x13
 305 0029 00       		.byte	0
 306 002a 00       		.byte	0
 307 002b 04       		.uleb128 0x4
 308 002c 24       		.uleb128 0x24
 309 002d 00       		.byte	0
 310 002e 0B       		.uleb128 0xb
 311 002f 0B       		.uleb128 0xb
 312 0030 3E       		.uleb128 0x3e
 313 0031 0B       		.uleb128 0xb
 314 0032 03       		.uleb128 0x3
 315 0033 08       		.uleb128 0x8
 316 0034 00       		.byte	0
 317 0035 00       		.byte	0
ARM GAS  C:\Users\cps\AppData\Local\Temp\ccc4ryUu.s 			page 7


 318 0036 05       		.uleb128 0x5
 319 0037 16       		.uleb128 0x16
 320 0038 00       		.byte	0
 321 0039 03       		.uleb128 0x3
 322 003a 0E       		.uleb128 0xe
 323 003b 3A       		.uleb128 0x3a
 324 003c 0B       		.uleb128 0xb
 325 003d 3B       		.uleb128 0x3b
 326 003e 05       		.uleb128 0x5
 327 003f 49       		.uleb128 0x49
 328 0040 13       		.uleb128 0x13
 329 0041 00       		.byte	0
 330 0042 00       		.byte	0
 331 0043 06       		.uleb128 0x6
 332 0044 13       		.uleb128 0x13
 333 0045 01       		.byte	0x1
 334 0046 0B       		.uleb128 0xb
 335 0047 0B       		.uleb128 0xb
 336 0048 3A       		.uleb128 0x3a
 337 0049 0B       		.uleb128 0xb
 338 004a 3B       		.uleb128 0x3b
 339 004b 0B       		.uleb128 0xb
 340 004c 01       		.uleb128 0x1
 341 004d 13       		.uleb128 0x13
 342 004e 00       		.byte	0
 343 004f 00       		.byte	0
 344 0050 07       		.uleb128 0x7
 345 0051 0D       		.uleb128 0xd
 346 0052 00       		.byte	0
 347 0053 03       		.uleb128 0x3
 348 0054 0E       		.uleb128 0xe
 349 0055 3A       		.uleb128 0x3a
 350 0056 0B       		.uleb128 0xb
 351 0057 3B       		.uleb128 0x3b
 352 0058 0B       		.uleb128 0xb
 353 0059 49       		.uleb128 0x49
 354 005a 13       		.uleb128 0x13
 355 005b 38       		.uleb128 0x38
 356 005c 0B       		.uleb128 0xb
 357 005d 00       		.byte	0
 358 005e 00       		.byte	0
 359 005f 08       		.uleb128 0x8
 360 0060 2E       		.uleb128 0x2e
 361 0061 01       		.byte	0x1
 362 0062 3F       		.uleb128 0x3f
 363 0063 19       		.uleb128 0x19
 364 0064 03       		.uleb128 0x3
 365 0065 0E       		.uleb128 0xe
 366 0066 3A       		.uleb128 0x3a
 367 0067 0B       		.uleb128 0xb
 368 0068 3B       		.uleb128 0x3b
 369 0069 0B       		.uleb128 0xb
 370 006a 49       		.uleb128 0x49
 371 006b 13       		.uleb128 0x13
 372 006c 11       		.uleb128 0x11
 373 006d 01       		.uleb128 0x1
 374 006e 12       		.uleb128 0x12
ARM GAS  C:\Users\cps\AppData\Local\Temp\ccc4ryUu.s 			page 8


 375 006f 06       		.uleb128 0x6
 376 0070 40       		.uleb128 0x40
 377 0071 18       		.uleb128 0x18
 378 0072 9742     		.uleb128 0x2117
 379 0074 19       		.uleb128 0x19
 380 0075 01       		.uleb128 0x1
 381 0076 13       		.uleb128 0x13
 382 0077 00       		.byte	0
 383 0078 00       		.byte	0
 384 0079 09       		.uleb128 0x9
 385 007a 0B       		.uleb128 0xb
 386 007b 01       		.byte	0x1
 387 007c 11       		.uleb128 0x11
 388 007d 01       		.uleb128 0x1
 389 007e 12       		.uleb128 0x12
 390 007f 06       		.uleb128 0x6
 391 0080 00       		.byte	0
 392 0081 00       		.byte	0
 393 0082 0A       		.uleb128 0xa
 394 0083 34       		.uleb128 0x34
 395 0084 00       		.byte	0
 396 0085 03       		.uleb128 0x3
 397 0086 0E       		.uleb128 0xe
 398 0087 3A       		.uleb128 0x3a
 399 0088 0B       		.uleb128 0xb
 400 0089 3B       		.uleb128 0x3b
 401 008a 0B       		.uleb128 0xb
 402 008b 49       		.uleb128 0x49
 403 008c 13       		.uleb128 0x13
 404 008d 02       		.uleb128 0x2
 405 008e 18       		.uleb128 0x18
 406 008f 00       		.byte	0
 407 0090 00       		.byte	0
 408 0091 0B       		.uleb128 0xb
 409 0092 898201   		.uleb128 0x4109
 410 0095 01       		.byte	0x1
 411 0096 11       		.uleb128 0x11
 412 0097 01       		.uleb128 0x1
 413 0098 31       		.uleb128 0x31
 414 0099 13       		.uleb128 0x13
 415 009a 01       		.uleb128 0x1
 416 009b 13       		.uleb128 0x13
 417 009c 00       		.byte	0
 418 009d 00       		.byte	0
 419 009e 0C       		.uleb128 0xc
 420 009f 8A8201   		.uleb128 0x410a
 421 00a2 00       		.byte	0
 422 00a3 02       		.uleb128 0x2
 423 00a4 18       		.uleb128 0x18
 424 00a5 9142     		.uleb128 0x2111
 425 00a7 18       		.uleb128 0x18
 426 00a8 00       		.byte	0
 427 00a9 00       		.byte	0
 428 00aa 0D       		.uleb128 0xd
 429 00ab 898201   		.uleb128 0x4109
 430 00ae 01       		.byte	0x1
 431 00af 11       		.uleb128 0x11
ARM GAS  C:\Users\cps\AppData\Local\Temp\ccc4ryUu.s 			page 9


 432 00b0 01       		.uleb128 0x1
 433 00b1 31       		.uleb128 0x31
 434 00b2 13       		.uleb128 0x13
 435 00b3 00       		.byte	0
 436 00b4 00       		.byte	0
 437 00b5 0E       		.uleb128 0xe
 438 00b6 34       		.uleb128 0x34
 439 00b7 00       		.byte	0
 440 00b8 03       		.uleb128 0x3
 441 00b9 0E       		.uleb128 0xe
 442 00ba 3A       		.uleb128 0x3a
 443 00bb 0B       		.uleb128 0xb
 444 00bc 3B       		.uleb128 0x3b
 445 00bd 05       		.uleb128 0x5
 446 00be 49       		.uleb128 0x49
 447 00bf 13       		.uleb128 0x13
 448 00c0 3F       		.uleb128 0x3f
 449 00c1 19       		.uleb128 0x19
 450 00c2 3C       		.uleb128 0x3c
 451 00c3 19       		.uleb128 0x19
 452 00c4 00       		.byte	0
 453 00c5 00       		.byte	0
 454 00c6 0F       		.uleb128 0xf
 455 00c7 35       		.uleb128 0x35
 456 00c8 00       		.byte	0
 457 00c9 49       		.uleb128 0x49
 458 00ca 13       		.uleb128 0x13
 459 00cb 00       		.byte	0
 460 00cc 00       		.byte	0
 461 00cd 10       		.uleb128 0x10
 462 00ce 2E       		.uleb128 0x2e
 463 00cf 01       		.byte	0x1
 464 00d0 3F       		.uleb128 0x3f
 465 00d1 19       		.uleb128 0x19
 466 00d2 03       		.uleb128 0x3
 467 00d3 0E       		.uleb128 0xe
 468 00d4 3A       		.uleb128 0x3a
 469 00d5 0B       		.uleb128 0xb
 470 00d6 3B       		.uleb128 0x3b
 471 00d7 0B       		.uleb128 0xb
 472 00d8 49       		.uleb128 0x49
 473 00d9 13       		.uleb128 0x13
 474 00da 3C       		.uleb128 0x3c
 475 00db 19       		.uleb128 0x19
 476 00dc 01       		.uleb128 0x1
 477 00dd 13       		.uleb128 0x13
 478 00de 00       		.byte	0
 479 00df 00       		.byte	0
 480 00e0 11       		.uleb128 0x11
 481 00e1 18       		.uleb128 0x18
 482 00e2 00       		.byte	0
 483 00e3 00       		.byte	0
 484 00e4 00       		.byte	0
 485 00e5 12       		.uleb128 0x12
 486 00e6 2E       		.uleb128 0x2e
 487 00e7 01       		.byte	0x1
 488 00e8 3F       		.uleb128 0x3f
ARM GAS  C:\Users\cps\AppData\Local\Temp\ccc4ryUu.s 			page 10


 489 00e9 19       		.uleb128 0x19
 490 00ea 03       		.uleb128 0x3
 491 00eb 0E       		.uleb128 0xe
 492 00ec 3A       		.uleb128 0x3a
 493 00ed 0B       		.uleb128 0xb
 494 00ee 3B       		.uleb128 0x3b
 495 00ef 0B       		.uleb128 0xb
 496 00f0 27       		.uleb128 0x27
 497 00f1 19       		.uleb128 0x19
 498 00f2 3C       		.uleb128 0x3c
 499 00f3 19       		.uleb128 0x19
 500 00f4 00       		.byte	0
 501 00f5 00       		.byte	0
 502 00f6 13       		.uleb128 0x13
 503 00f7 05       		.uleb128 0x5
 504 00f8 00       		.byte	0
 505 00f9 49       		.uleb128 0x49
 506 00fa 13       		.uleb128 0x13
 507 00fb 00       		.byte	0
 508 00fc 00       		.byte	0
 509 00fd 00       		.byte	0
 510              		.section	.debug_aranges,"",%progbits
 511 0000 1C000000 		.4byte	0x1c
 512 0004 0200     		.2byte	0x2
 513 0006 00000000 		.4byte	.Ldebug_info0
 514 000a 04       		.byte	0x4
 515 000b 00       		.byte	0
 516 000c 0000     		.2byte	0
 517 000e 0000     		.2byte	0
 518 0010 00000000 		.4byte	.LFB63
 519 0014 16000000 		.4byte	.LFE63-.LFB63
 520 0018 00000000 		.4byte	0
 521 001c 00000000 		.4byte	0
 522              		.section	.debug_ranges,"",%progbits
 523              	.Ldebug_ranges0:
 524 0000 00000000 		.4byte	.LFB63
 525 0004 16000000 		.4byte	.LFE63
 526 0008 00000000 		.4byte	0
 527 000c 00000000 		.4byte	0
 528              		.section	.debug_line,"",%progbits
 529              	.Ldebug_line0:
 530 0000 88010000 		.section	.debug_str,"MS",%progbits,1
 530      02006301 
 530      00000201 
 530      FB0E0D00 
 530      01010101 
 531              	.LASF18:
 532 0000 6469656C 		.ascii	"dielectric\000"
 532      65637472 
 532      696300
 533              	.LASF9:
 534 000b 5F5F696E 		.ascii	"__int32_t\000"
 534      7433325F 
 534      7400
 535              	.LASF29:
 536 0015 44656361 		.ascii	"Decagon_Take_Reading\000"
 536      676F6E5F 
ARM GAS  C:\Users\cps\AppData\Local\Temp\ccc4ryUu.s 			page 11


 536      54616B65 
 536      5F526561 
 536      64696E67 
 537              	.LASF25:
 538 002a 433A5C55 		.ascii	"C:\\Users\\cps\\Documents\\neoapi\\Project Template"
 538      73657273 
 538      5C637073 
 538      5C446F63 
 538      756D656E 
 539 0058 735C5365 		.ascii	"s\\Sensor Examples\\Example Sensors\\DecagonGS3.cyd"
 539      6E736F72 
 539      20457861 
 539      6D706C65 
 539      735C4578 
 540 0088 736E00   		.ascii	"sn\000"
 541              	.LASF27:
 542 008b 72656164 		.ascii	"reading\000"
 542      696E6700 
 543              	.LASF14:
 544 0093 666C6F61 		.ascii	"float\000"
 544      7400
 545              	.LASF1:
 546 0099 756E7369 		.ascii	"unsigned char\000"
 546      676E6564 
 546      20636861 
 546      7200
 547              	.LASF24:
 548 00a7 2E5C6D61 		.ascii	".\\main.c\000"
 548      696E2E63 
 548      00
 549              	.LASF5:
 550 00b0 6C6F6E67 		.ascii	"long unsigned int\000"
 550      20756E73 
 550      69676E65 
 550      6420696E 
 550      7400
 551              	.LASF19:
 552 00c2 74656D70 		.ascii	"temp\000"
 552      00
 553              	.LASF3:
 554 00c7 73686F72 		.ascii	"short unsigned int\000"
 554      7420756E 
 554      7369676E 
 554      65642069 
 554      6E7400
 555              	.LASF28:
 556 00da 49544D5F 		.ascii	"ITM_RxBuffer\000"
 556      52784275 
 556      66666572 
 556      00
 557              	.LASF15:
 558 00e7 646F7562 		.ascii	"double\000"
 558      6C6500
 559              	.LASF26:
 560 00ee 6D61696E 		.ascii	"main\000"
 560      00
 561              	.LASF12:
ARM GAS  C:\Users\cps\AppData\Local\Temp\ccc4ryUu.s 			page 12


 562 00f3 75696E74 		.ascii	"uint16\000"
 562      313600
 563              	.LASF13:
 564 00fa 75696E74 		.ascii	"uint32\000"
 564      333200
 565              	.LASF23:
 566 0101 474E5520 		.ascii	"GNU C 4.9.3 20150303 (release) [ARM/embedded-4_9-br"
 566      4320342E 
 566      392E3320 
 566      32303135 
 566      30333033 
 567 0134 616E6368 		.ascii	"anch revision 221220] -mcpu=cortex-m3 -mthumb -g -O"
 567      20726576 
 567      6973696F 
 567      6E203232 
 567      31323230 
 568 0167 67202D66 		.ascii	"g -ffunction-sections -ffat-lto-objects\000"
 568      66756E63 
 568      74696F6E 
 568      2D736563 
 568      74696F6E 
 569              	.LASF8:
 570 018f 756E7369 		.ascii	"unsigned int\000"
 570      676E6564 
 570      20696E74 
 570      00
 571              	.LASF7:
 572 019c 6C6F6E67 		.ascii	"long long unsigned int\000"
 572      206C6F6E 
 572      6720756E 
 572      7369676E 
 572      65642069 
 573              	.LASF10:
 574 01b3 696E7433 		.ascii	"int32_t\000"
 574      325F7400 
 575              	.LASF17:
 576 01bb 73697A65 		.ascii	"sizetype\000"
 576      74797065 
 576      00
 577              	.LASF6:
 578 01c4 6C6F6E67 		.ascii	"long long int\000"
 578      206C6F6E 
 578      6720696E 
 578      7400
 579              	.LASF22:
 580 01d2 44656361 		.ascii	"DecagonGS3\000"
 580      676F6E47 
 580      533300
 581              	.LASF16:
 582 01dd 63686172 		.ascii	"char\000"
 582      00
 583              	.LASF21:
 584 01e2 76616C69 		.ascii	"valid\000"
 584      6400
 585              	.LASF20:
 586 01e8 636F6E64 		.ascii	"conductivity\000"
 586      75637469 
ARM GAS  C:\Users\cps\AppData\Local\Temp\ccc4ryUu.s 			page 13


 586      76697479 
 586      00
 587              	.LASF2:
 588 01f5 73686F72 		.ascii	"short int\000"
 588      7420696E 
 588      7400
 589              	.LASF11:
 590 01ff 75696E74 		.ascii	"uint8\000"
 590      3800
 591              	.LASF4:
 592 0205 6C6F6E67 		.ascii	"long int\000"
 592      20696E74 
 592      00
 593              	.LASF0:
 594 020e 7369676E 		.ascii	"signed char\000"
 594      65642063 
 594      68617200 
 595              	.LASF30:
 596 021a 43794465 		.ascii	"CyDelay\000"
 596      6C617900 
 597              		.ident	"GCC: (GNU Tools for ARM Embedded Processors) 4.9.3 20150303 (release) [ARM/embedded-4_9-br
