ARM GAS  C:\Users\karunmj\AppData\Local\Temp\ccqWL9PT.s 			page 1


   1              		.syntax unified
   2              		.cpu cortex-m3
   3              		.fpu softvfp
   4              		.eabi_attribute 20, 1
   5              		.eabi_attribute 21, 1
   6              		.eabi_attribute 23, 3
   7              		.eabi_attribute 24, 1
   8              		.eabi_attribute 25, 1
   9              		.eabi_attribute 26, 1
  10              		.eabi_attribute 30, 6
  11              		.eabi_attribute 18, 4
  12              		.thumb
  13              		.file	"ADC_SAR_Seq_1_PM.c"
  14              		.section	.debug_abbrev,"",%progbits
  15              	.Ldebug_abbrev0:
  16              		.section	.debug_info,"",%progbits
  17              	.Ldebug_info0:
  18              		.section	.debug_line,"",%progbits
  19              	.Ldebug_line0:
  20 0000 91000000 		.text
  20      02004200 
  20      00000201 
  20      FB0E0D00 
  20      01010101 
  21              	.Ltext0:
  22              		.cfi_sections	.debug_frame
  23              		.section	.text.ADC_SAR_Seq_1_Sleep,"ax",%progbits
  24              		.align	2
  25              		.global	ADC_SAR_Seq_1_Sleep
  26              		.thumb
  27              		.thumb_func
  28              		.type	ADC_SAR_Seq_1_Sleep, %function
  29              	ADC_SAR_Seq_1_Sleep:
  30              	.LFB0:
  31              		.file 1 ".\\Generated_Source\\PSoC5\\ADC_SAR_Seq_1_PM.c"
   1:.\Generated_Source\PSoC5/ADC_SAR_Seq_1_PM.c **** /*******************************************************************************
   2:.\Generated_Source\PSoC5/ADC_SAR_Seq_1_PM.c **** * File Name: ADC_SAR_Seq_1_PM.c
   3:.\Generated_Source\PSoC5/ADC_SAR_Seq_1_PM.c **** * Version 1.0
   4:.\Generated_Source\PSoC5/ADC_SAR_Seq_1_PM.c **** *
   5:.\Generated_Source\PSoC5/ADC_SAR_Seq_1_PM.c **** * Description:
   6:.\Generated_Source\PSoC5/ADC_SAR_Seq_1_PM.c **** *  This file contains the setup, control and status commands to support
   7:.\Generated_Source\PSoC5/ADC_SAR_Seq_1_PM.c **** *  component operations in low power mode.
   8:.\Generated_Source\PSoC5/ADC_SAR_Seq_1_PM.c **** *
   9:.\Generated_Source\PSoC5/ADC_SAR_Seq_1_PM.c **** * Note:
  10:.\Generated_Source\PSoC5/ADC_SAR_Seq_1_PM.c **** *
  11:.\Generated_Source\PSoC5/ADC_SAR_Seq_1_PM.c **** ********************************************************************************
  12:.\Generated_Source\PSoC5/ADC_SAR_Seq_1_PM.c **** * Copyright 2012, Cypress Semiconductor Corporation.  All rights reserved.
  13:.\Generated_Source\PSoC5/ADC_SAR_Seq_1_PM.c **** * You may use this file only in accordance with the license, terms, conditions,
  14:.\Generated_Source\PSoC5/ADC_SAR_Seq_1_PM.c **** * disclaimers, and limitations in the end user license agreement accompanying
  15:.\Generated_Source\PSoC5/ADC_SAR_Seq_1_PM.c **** * the software package with which this file was provided.
  16:.\Generated_Source\PSoC5/ADC_SAR_Seq_1_PM.c **** *******************************************************************************/
  17:.\Generated_Source\PSoC5/ADC_SAR_Seq_1_PM.c **** 
  18:.\Generated_Source\PSoC5/ADC_SAR_Seq_1_PM.c **** #include "ADC_SAR_Seq_1.h"
  19:.\Generated_Source\PSoC5/ADC_SAR_Seq_1_PM.c **** #include "ADC_SAR_Seq_1_SAR.h"
  20:.\Generated_Source\PSoC5/ADC_SAR_Seq_1_PM.c **** 
  21:.\Generated_Source\PSoC5/ADC_SAR_Seq_1_PM.c **** 
  22:.\Generated_Source\PSoC5/ADC_SAR_Seq_1_PM.c **** /*******************************************************************************
ARM GAS  C:\Users\karunmj\AppData\Local\Temp\ccqWL9PT.s 			page 2


  23:.\Generated_Source\PSoC5/ADC_SAR_Seq_1_PM.c **** * Function Name: ADC_SAR_Seq_1_Sleep
  24:.\Generated_Source\PSoC5/ADC_SAR_Seq_1_PM.c **** ********************************************************************************
  25:.\Generated_Source\PSoC5/ADC_SAR_Seq_1_PM.c **** *
  26:.\Generated_Source\PSoC5/ADC_SAR_Seq_1_PM.c **** * Summary:
  27:.\Generated_Source\PSoC5/ADC_SAR_Seq_1_PM.c **** *  Stops the ADC operation and saves the configuration registers and component
  28:.\Generated_Source\PSoC5/ADC_SAR_Seq_1_PM.c **** *  enable state. Should be called just prior to entering sleep
  29:.\Generated_Source\PSoC5/ADC_SAR_Seq_1_PM.c **** *
  30:.\Generated_Source\PSoC5/ADC_SAR_Seq_1_PM.c **** * Parameters:
  31:.\Generated_Source\PSoC5/ADC_SAR_Seq_1_PM.c **** *  None.
  32:.\Generated_Source\PSoC5/ADC_SAR_Seq_1_PM.c **** *
  33:.\Generated_Source\PSoC5/ADC_SAR_Seq_1_PM.c **** * Return:
  34:.\Generated_Source\PSoC5/ADC_SAR_Seq_1_PM.c **** *  None.
  35:.\Generated_Source\PSoC5/ADC_SAR_Seq_1_PM.c **** *
  36:.\Generated_Source\PSoC5/ADC_SAR_Seq_1_PM.c **** * Side Effects:
  37:.\Generated_Source\PSoC5/ADC_SAR_Seq_1_PM.c **** *  None.
  38:.\Generated_Source\PSoC5/ADC_SAR_Seq_1_PM.c **** *
  39:.\Generated_Source\PSoC5/ADC_SAR_Seq_1_PM.c **** * Reentrant:
  40:.\Generated_Source\PSoC5/ADC_SAR_Seq_1_PM.c **** *  No.
  41:.\Generated_Source\PSoC5/ADC_SAR_Seq_1_PM.c **** *
  42:.\Generated_Source\PSoC5/ADC_SAR_Seq_1_PM.c **** *******************************************************************************/
  43:.\Generated_Source\PSoC5/ADC_SAR_Seq_1_PM.c **** void ADC_SAR_Seq_1_Sleep(void)
  44:.\Generated_Source\PSoC5/ADC_SAR_Seq_1_PM.c **** {
  32              		.loc 1 44 0
  33              		.cfi_startproc
  34              		@ args = 0, pretend = 0, frame = 0
  35              		@ frame_needed = 1, uses_anonymous_args = 0
  36 0000 80B5     		push	{r7, lr}
  37              	.LCFI0:
  38              		.cfi_def_cfa_offset 8
  39 0002 00AF     		add	r7, sp, #0
  40              		.cfi_offset 14, -4
  41              		.cfi_offset 7, -8
  42              	.LCFI1:
  43              		.cfi_def_cfa_register 7
  45:.\Generated_Source\PSoC5/ADC_SAR_Seq_1_PM.c ****     ADC_SAR_Seq_1_SAR_Sleep();
  44              		.loc 1 45 0
  45 0004 FFF7FEFF 		bl	ADC_SAR_Seq_1_SAR_Sleep
  46:.\Generated_Source\PSoC5/ADC_SAR_Seq_1_PM.c ****     ADC_SAR_Seq_1_Disable();
  46              		.loc 1 46 0
  47 0008 FFF7FEFF 		bl	ADC_SAR_Seq_1_Disable
  47:.\Generated_Source\PSoC5/ADC_SAR_Seq_1_PM.c **** }
  48              		.loc 1 47 0
  49 000c 80BD     		pop	{r7, pc}
  50              		.cfi_endproc
  51              	.LFE0:
  52              		.size	ADC_SAR_Seq_1_Sleep, .-ADC_SAR_Seq_1_Sleep
  53 000e 00BF     		.section	.text.ADC_SAR_Seq_1_Wakeup,"ax",%progbits
  54              		.align	2
  55              		.global	ADC_SAR_Seq_1_Wakeup
  56              		.thumb
  57              		.thumb_func
  58              		.type	ADC_SAR_Seq_1_Wakeup, %function
  59              	ADC_SAR_Seq_1_Wakeup:
  60              	.LFB1:
  48:.\Generated_Source\PSoC5/ADC_SAR_Seq_1_PM.c **** 
  49:.\Generated_Source\PSoC5/ADC_SAR_Seq_1_PM.c **** 
  50:.\Generated_Source\PSoC5/ADC_SAR_Seq_1_PM.c **** /*******************************************************************************
ARM GAS  C:\Users\karunmj\AppData\Local\Temp\ccqWL9PT.s 			page 3


  51:.\Generated_Source\PSoC5/ADC_SAR_Seq_1_PM.c **** * Function Name: ADC_SAR_Seq_1_Wakeup
  52:.\Generated_Source\PSoC5/ADC_SAR_Seq_1_PM.c **** ********************************************************************************
  53:.\Generated_Source\PSoC5/ADC_SAR_Seq_1_PM.c **** *
  54:.\Generated_Source\PSoC5/ADC_SAR_Seq_1_PM.c **** * Summary:
  55:.\Generated_Source\PSoC5/ADC_SAR_Seq_1_PM.c **** *  Restores the component enable state and configuration registers. This should
  56:.\Generated_Source\PSoC5/ADC_SAR_Seq_1_PM.c **** *  be called just after awaking from sleep mode
  57:.\Generated_Source\PSoC5/ADC_SAR_Seq_1_PM.c **** *
  58:.\Generated_Source\PSoC5/ADC_SAR_Seq_1_PM.c **** * Parameters:
  59:.\Generated_Source\PSoC5/ADC_SAR_Seq_1_PM.c **** *  None.
  60:.\Generated_Source\PSoC5/ADC_SAR_Seq_1_PM.c **** *
  61:.\Generated_Source\PSoC5/ADC_SAR_Seq_1_PM.c **** * Return:
  62:.\Generated_Source\PSoC5/ADC_SAR_Seq_1_PM.c **** *  None.
  63:.\Generated_Source\PSoC5/ADC_SAR_Seq_1_PM.c **** *
  64:.\Generated_Source\PSoC5/ADC_SAR_Seq_1_PM.c **** * Side Effects:
  65:.\Generated_Source\PSoC5/ADC_SAR_Seq_1_PM.c **** *  None.
  66:.\Generated_Source\PSoC5/ADC_SAR_Seq_1_PM.c **** *
  67:.\Generated_Source\PSoC5/ADC_SAR_Seq_1_PM.c **** * Reentrant:
  68:.\Generated_Source\PSoC5/ADC_SAR_Seq_1_PM.c **** *  No.
  69:.\Generated_Source\PSoC5/ADC_SAR_Seq_1_PM.c **** *
  70:.\Generated_Source\PSoC5/ADC_SAR_Seq_1_PM.c **** *******************************************************************************/
  71:.\Generated_Source\PSoC5/ADC_SAR_Seq_1_PM.c **** void ADC_SAR_Seq_1_Wakeup(void)
  72:.\Generated_Source\PSoC5/ADC_SAR_Seq_1_PM.c **** {
  61              		.loc 1 72 0
  62              		.cfi_startproc
  63              		@ args = 0, pretend = 0, frame = 0
  64              		@ frame_needed = 1, uses_anonymous_args = 0
  65 0000 80B5     		push	{r7, lr}
  66              	.LCFI2:
  67              		.cfi_def_cfa_offset 8
  68 0002 00AF     		add	r7, sp, #0
  69              		.cfi_offset 14, -4
  70              		.cfi_offset 7, -8
  71              	.LCFI3:
  72              		.cfi_def_cfa_register 7
  73:.\Generated_Source\PSoC5/ADC_SAR_Seq_1_PM.c ****     ADC_SAR_Seq_1_Enable();
  73              		.loc 1 73 0
  74 0004 FFF7FEFF 		bl	ADC_SAR_Seq_1_Enable
  74:.\Generated_Source\PSoC5/ADC_SAR_Seq_1_PM.c ****     ADC_SAR_Seq_1_SAR_Wakeup();
  75              		.loc 1 74 0
  76 0008 FFF7FEFF 		bl	ADC_SAR_Seq_1_SAR_Wakeup
  75:.\Generated_Source\PSoC5/ADC_SAR_Seq_1_PM.c **** 
  76:.\Generated_Source\PSoC5/ADC_SAR_Seq_1_PM.c ****     #if(ADC_SAR_Seq_1_SAMPLE_MODE == ADC_SAR_Seq_1_SAMPLE_MODE_FREE_RUNNING)
  77:.\Generated_Source\PSoC5/ADC_SAR_Seq_1_PM.c ****         ADC_SAR_Seq_1_SAR_StartConvert();
  77              		.loc 1 77 0
  78 000c FFF7FEFF 		bl	ADC_SAR_Seq_1_SAR_StartConvert
  78:.\Generated_Source\PSoC5/ADC_SAR_Seq_1_PM.c ****     #endif /* (ADC_SAR_Seq_1_SAMPLE_MODE == ADC_SAR_Seq_1_SAMPLE_MODE_FREE_RUNNING) */
  79:.\Generated_Source\PSoC5/ADC_SAR_Seq_1_PM.c **** 
  80:.\Generated_Source\PSoC5/ADC_SAR_Seq_1_PM.c ****     (void) CY_GET_REG8(ADC_SAR_Seq_1_STATUS_PTR);
  79              		.loc 1 80 0
  80 0010 46F26143 		movw	r3, #:lower16:1073767521
  81 0014 C4F20003 		movt	r3, #:upper16:1073767521
  82 0018 1B78     		ldrb	r3, [r3, #0]
  81:.\Generated_Source\PSoC5/ADC_SAR_Seq_1_PM.c **** 
  82:.\Generated_Source\PSoC5/ADC_SAR_Seq_1_PM.c **** }
  83              		.loc 1 82 0
  84 001a 80BD     		pop	{r7, pc}
  85              		.cfi_endproc
ARM GAS  C:\Users\karunmj\AppData\Local\Temp\ccqWL9PT.s 			page 4


  86              	.LFE1:
  87              		.size	ADC_SAR_Seq_1_Wakeup, .-ADC_SAR_Seq_1_Wakeup
  88              		.section	.text.ADC_SAR_Seq_1_SaveConfig,"ax",%progbits
  89              		.align	2
  90              		.global	ADC_SAR_Seq_1_SaveConfig
  91              		.thumb
  92              		.thumb_func
  93              		.type	ADC_SAR_Seq_1_SaveConfig, %function
  94              	ADC_SAR_Seq_1_SaveConfig:
  95              	.LFB2:
  83:.\Generated_Source\PSoC5/ADC_SAR_Seq_1_PM.c **** 
  84:.\Generated_Source\PSoC5/ADC_SAR_Seq_1_PM.c **** 
  85:.\Generated_Source\PSoC5/ADC_SAR_Seq_1_PM.c **** /*******************************************************************************
  86:.\Generated_Source\PSoC5/ADC_SAR_Seq_1_PM.c **** * Function Name: ADC_SAR_Seq_1_SaveConfig
  87:.\Generated_Source\PSoC5/ADC_SAR_Seq_1_PM.c **** ********************************************************************************
  88:.\Generated_Source\PSoC5/ADC_SAR_Seq_1_PM.c **** *
  89:.\Generated_Source\PSoC5/ADC_SAR_Seq_1_PM.c **** * Summary:
  90:.\Generated_Source\PSoC5/ADC_SAR_Seq_1_PM.c **** *  Save the current configuration of ADC non-retention registers
  91:.\Generated_Source\PSoC5/ADC_SAR_Seq_1_PM.c **** *
  92:.\Generated_Source\PSoC5/ADC_SAR_Seq_1_PM.c **** * Parameters:
  93:.\Generated_Source\PSoC5/ADC_SAR_Seq_1_PM.c **** *  None.
  94:.\Generated_Source\PSoC5/ADC_SAR_Seq_1_PM.c **** *
  95:.\Generated_Source\PSoC5/ADC_SAR_Seq_1_PM.c **** * Return:
  96:.\Generated_Source\PSoC5/ADC_SAR_Seq_1_PM.c **** *  None.
  97:.\Generated_Source\PSoC5/ADC_SAR_Seq_1_PM.c **** *
  98:.\Generated_Source\PSoC5/ADC_SAR_Seq_1_PM.c **** * Side Effects:
  99:.\Generated_Source\PSoC5/ADC_SAR_Seq_1_PM.c **** *  None.
 100:.\Generated_Source\PSoC5/ADC_SAR_Seq_1_PM.c **** *
 101:.\Generated_Source\PSoC5/ADC_SAR_Seq_1_PM.c **** * Reentrant:
 102:.\Generated_Source\PSoC5/ADC_SAR_Seq_1_PM.c **** *  No.
 103:.\Generated_Source\PSoC5/ADC_SAR_Seq_1_PM.c **** *
 104:.\Generated_Source\PSoC5/ADC_SAR_Seq_1_PM.c **** *******************************************************************************/
 105:.\Generated_Source\PSoC5/ADC_SAR_Seq_1_PM.c **** void ADC_SAR_Seq_1_SaveConfig(void)
 106:.\Generated_Source\PSoC5/ADC_SAR_Seq_1_PM.c **** {
  96              		.loc 1 106 0
  97              		.cfi_startproc
  98              		@ args = 0, pretend = 0, frame = 0
  99              		@ frame_needed = 1, uses_anonymous_args = 0
 100              		@ link register save eliminated.
 101 0000 80B4     		push	{r7}
 102              	.LCFI4:
 103              		.cfi_def_cfa_offset 4
 104 0002 00AF     		add	r7, sp, #0
 105              		.cfi_offset 7, -4
 106              	.LCFI5:
 107              		.cfi_def_cfa_register 7
 107:.\Generated_Source\PSoC5/ADC_SAR_Seq_1_PM.c **** 
 108:.\Generated_Source\PSoC5/ADC_SAR_Seq_1_PM.c **** }
 108              		.loc 1 108 0
 109 0004 BD46     		mov	sp, r7
 110 0006 80BC     		pop	{r7}
 111 0008 7047     		bx	lr
 112              		.cfi_endproc
 113              	.LFE2:
 114              		.size	ADC_SAR_Seq_1_SaveConfig, .-ADC_SAR_Seq_1_SaveConfig
 115 000a 00BF     		.section	.text.ADC_SAR_Seq_1_RestoreConfig,"ax",%progbits
 116              		.align	2
ARM GAS  C:\Users\karunmj\AppData\Local\Temp\ccqWL9PT.s 			page 5


 117              		.global	ADC_SAR_Seq_1_RestoreConfig
 118              		.thumb
 119              		.thumb_func
 120              		.type	ADC_SAR_Seq_1_RestoreConfig, %function
 121              	ADC_SAR_Seq_1_RestoreConfig:
 122              	.LFB3:
 109:.\Generated_Source\PSoC5/ADC_SAR_Seq_1_PM.c **** 
 110:.\Generated_Source\PSoC5/ADC_SAR_Seq_1_PM.c **** 
 111:.\Generated_Source\PSoC5/ADC_SAR_Seq_1_PM.c **** /*******************************************************************************
 112:.\Generated_Source\PSoC5/ADC_SAR_Seq_1_PM.c **** * Function Name: ADC_SAR_Seq_1_RestoreConfig
 113:.\Generated_Source\PSoC5/ADC_SAR_Seq_1_PM.c **** ********************************************************************************
 114:.\Generated_Source\PSoC5/ADC_SAR_Seq_1_PM.c **** *
 115:.\Generated_Source\PSoC5/ADC_SAR_Seq_1_PM.c **** * Summary:
 116:.\Generated_Source\PSoC5/ADC_SAR_Seq_1_PM.c **** *  Restores the configuration of ADC non-retention registers
 117:.\Generated_Source\PSoC5/ADC_SAR_Seq_1_PM.c **** *
 118:.\Generated_Source\PSoC5/ADC_SAR_Seq_1_PM.c **** * Parameters:
 119:.\Generated_Source\PSoC5/ADC_SAR_Seq_1_PM.c **** *  None.
 120:.\Generated_Source\PSoC5/ADC_SAR_Seq_1_PM.c **** *
 121:.\Generated_Source\PSoC5/ADC_SAR_Seq_1_PM.c **** * Return:
 122:.\Generated_Source\PSoC5/ADC_SAR_Seq_1_PM.c **** *  None.
 123:.\Generated_Source\PSoC5/ADC_SAR_Seq_1_PM.c **** *
 124:.\Generated_Source\PSoC5/ADC_SAR_Seq_1_PM.c **** * Side Effects:
 125:.\Generated_Source\PSoC5/ADC_SAR_Seq_1_PM.c **** *  None.
 126:.\Generated_Source\PSoC5/ADC_SAR_Seq_1_PM.c **** *
 127:.\Generated_Source\PSoC5/ADC_SAR_Seq_1_PM.c **** * Reentrant:
 128:.\Generated_Source\PSoC5/ADC_SAR_Seq_1_PM.c **** *  No.
 129:.\Generated_Source\PSoC5/ADC_SAR_Seq_1_PM.c **** *
 130:.\Generated_Source\PSoC5/ADC_SAR_Seq_1_PM.c **** *******************************************************************************/
 131:.\Generated_Source\PSoC5/ADC_SAR_Seq_1_PM.c **** void ADC_SAR_Seq_1_RestoreConfig(void)
 132:.\Generated_Source\PSoC5/ADC_SAR_Seq_1_PM.c **** {
 123              		.loc 1 132 0
 124              		.cfi_startproc
 125              		@ args = 0, pretend = 0, frame = 0
 126              		@ frame_needed = 1, uses_anonymous_args = 0
 127              		@ link register save eliminated.
 128 0000 80B4     		push	{r7}
 129              	.LCFI6:
 130              		.cfi_def_cfa_offset 4
 131 0002 00AF     		add	r7, sp, #0
 132              		.cfi_offset 7, -4
 133              	.LCFI7:
 134              		.cfi_def_cfa_register 7
 133:.\Generated_Source\PSoC5/ADC_SAR_Seq_1_PM.c **** 
 134:.\Generated_Source\PSoC5/ADC_SAR_Seq_1_PM.c **** }
 135              		.loc 1 134 0
 136 0004 BD46     		mov	sp, r7
 137 0006 80BC     		pop	{r7}
 138 0008 7047     		bx	lr
 139              		.cfi_endproc
 140              	.LFE3:
 141              		.size	ADC_SAR_Seq_1_RestoreConfig, .-ADC_SAR_Seq_1_RestoreConfig
 142 000a 00BF     		.text
 143              	.Letext0:
 144              		.section	.debug_loc,"",%progbits
 145              	.Ldebug_loc0:
 146              	.LLST0:
 147 0000 00000000 		.4byte	.LFB0
ARM GAS  C:\Users\karunmj\AppData\Local\Temp\ccqWL9PT.s 			page 6


 148 0004 02000000 		.4byte	.LCFI0
 149 0008 0100     		.2byte	0x1
 150 000a 5D       		.byte	0x5d
 151 000b 02000000 		.4byte	.LCFI0
 152 000f 04000000 		.4byte	.LCFI1
 153 0013 0200     		.2byte	0x2
 154 0015 7D       		.byte	0x7d
 155 0016 08       		.sleb128 8
 156 0017 04000000 		.4byte	.LCFI1
 157 001b 0E000000 		.4byte	.LFE0
 158 001f 0200     		.2byte	0x2
 159 0021 77       		.byte	0x77
 160 0022 08       		.sleb128 8
 161 0023 00000000 		.4byte	0x0
 162 0027 00000000 		.4byte	0x0
 163              	.LLST1:
 164 002b 00000000 		.4byte	.LFB1
 165 002f 02000000 		.4byte	.LCFI2
 166 0033 0100     		.2byte	0x1
 167 0035 5D       		.byte	0x5d
 168 0036 02000000 		.4byte	.LCFI2
 169 003a 04000000 		.4byte	.LCFI3
 170 003e 0200     		.2byte	0x2
 171 0040 7D       		.byte	0x7d
 172 0041 08       		.sleb128 8
 173 0042 04000000 		.4byte	.LCFI3
 174 0046 1C000000 		.4byte	.LFE1
 175 004a 0200     		.2byte	0x2
 176 004c 77       		.byte	0x77
 177 004d 08       		.sleb128 8
 178 004e 00000000 		.4byte	0x0
 179 0052 00000000 		.4byte	0x0
 180              	.LLST2:
 181 0056 00000000 		.4byte	.LFB2
 182 005a 02000000 		.4byte	.LCFI4
 183 005e 0100     		.2byte	0x1
 184 0060 5D       		.byte	0x5d
 185 0061 02000000 		.4byte	.LCFI4
 186 0065 04000000 		.4byte	.LCFI5
 187 0069 0200     		.2byte	0x2
 188 006b 7D       		.byte	0x7d
 189 006c 04       		.sleb128 4
 190 006d 04000000 		.4byte	.LCFI5
 191 0071 0A000000 		.4byte	.LFE2
 192 0075 0200     		.2byte	0x2
 193 0077 77       		.byte	0x77
 194 0078 04       		.sleb128 4
 195 0079 00000000 		.4byte	0x0
 196 007d 00000000 		.4byte	0x0
 197              	.LLST3:
 198 0081 00000000 		.4byte	.LFB3
 199 0085 02000000 		.4byte	.LCFI6
 200 0089 0100     		.2byte	0x1
 201 008b 5D       		.byte	0x5d
 202 008c 02000000 		.4byte	.LCFI6
 203 0090 04000000 		.4byte	.LCFI7
 204 0094 0200     		.2byte	0x2
ARM GAS  C:\Users\karunmj\AppData\Local\Temp\ccqWL9PT.s 			page 7


 205 0096 7D       		.byte	0x7d
 206 0097 04       		.sleb128 4
 207 0098 04000000 		.4byte	.LCFI7
 208 009c 0A000000 		.4byte	.LFE3
 209 00a0 0200     		.2byte	0x2
 210 00a2 77       		.byte	0x77
 211 00a3 04       		.sleb128 4
 212 00a4 00000000 		.4byte	0x0
 213 00a8 00000000 		.4byte	0x0
 214              		.section	.debug_info
 215 0000 D8000000 		.4byte	0xd8
 216 0004 0200     		.2byte	0x2
 217 0006 00000000 		.4byte	.Ldebug_abbrev0
 218 000a 04       		.byte	0x4
 219 000b 01       		.uleb128 0x1
 220 000c A9000000 		.4byte	.LASF16
 221 0010 01       		.byte	0x1
 222 0011 D1000000 		.4byte	.LASF17
 223 0015 1B000000 		.4byte	.LASF18
 224 0019 00000000 		.4byte	0x0
 225 001d 00000000 		.4byte	0x0
 226 0021 00000000 		.4byte	.Ldebug_ranges0+0x0
 227 0025 00000000 		.4byte	.Ldebug_line0
 228 0029 02       		.uleb128 0x2
 229 002a 01       		.byte	0x1
 230 002b 06       		.byte	0x6
 231 002c 17010000 		.4byte	.LASF0
 232 0030 02       		.uleb128 0x2
 233 0031 01       		.byte	0x1
 234 0032 08       		.byte	0x8
 235 0033 B5000000 		.4byte	.LASF1
 236 0037 02       		.uleb128 0x2
 237 0038 02       		.byte	0x2
 238 0039 05       		.byte	0x5
 239 003a 57010000 		.4byte	.LASF2
 240 003e 02       		.uleb128 0x2
 241 003f 02       		.byte	0x2
 242 0040 07       		.byte	0x7
 243 0041 04010000 		.4byte	.LASF3
 244 0045 02       		.uleb128 0x2
 245 0046 04       		.byte	0x4
 246 0047 05       		.byte	0x5
 247 0048 C8000000 		.4byte	.LASF4
 248 004c 02       		.uleb128 0x2
 249 004d 04       		.byte	0x4
 250 004e 07       		.byte	0x7
 251 004f 6C000000 		.4byte	.LASF5
 252 0053 02       		.uleb128 0x2
 253 0054 08       		.byte	0x8
 254 0055 05       		.byte	0x5
 255 0056 00000000 		.4byte	.LASF6
 256 005a 02       		.uleb128 0x2
 257 005b 08       		.byte	0x8
 258 005c 07       		.byte	0x7
 259 005d 7E000000 		.4byte	.LASF7
 260 0061 03       		.uleb128 0x3
 261 0062 04       		.byte	0x4
ARM GAS  C:\Users\karunmj\AppData\Local\Temp\ccqWL9PT.s 			page 8


 262 0063 05       		.byte	0x5
 263 0064 696E7400 		.ascii	"int\000"
 264 0068 02       		.uleb128 0x2
 265 0069 04       		.byte	0x4
 266 006a 07       		.byte	0x7
 267 006b 0E000000 		.4byte	.LASF8
 268 006f 02       		.uleb128 0x2
 269 0070 04       		.byte	0x4
 270 0071 04       		.byte	0x4
 271 0072 3C010000 		.4byte	.LASF9
 272 0076 02       		.uleb128 0x2
 273 0077 08       		.byte	0x8
 274 0078 04       		.byte	0x4
 275 0079 FD000000 		.4byte	.LASF10
 276 007d 02       		.uleb128 0x2
 277 007e 01       		.byte	0x1
 278 007f 08       		.byte	0x8
 279 0080 C3000000 		.4byte	.LASF11
 280 0084 04       		.uleb128 0x4
 281 0085 04       		.byte	0x4
 282 0086 07       		.byte	0x7
 283 0087 05       		.uleb128 0x5
 284 0088 01       		.byte	0x1
 285 0089 95000000 		.4byte	.LASF12
 286 008d 01       		.byte	0x1
 287 008e 2B       		.byte	0x2b
 288 008f 01       		.byte	0x1
 289 0090 00000000 		.4byte	.LFB0
 290 0094 0E000000 		.4byte	.LFE0
 291 0098 00000000 		.4byte	.LLST0
 292 009c 05       		.uleb128 0x5
 293 009d 01       		.byte	0x1
 294 009e 42010000 		.4byte	.LASF13
 295 00a2 01       		.byte	0x1
 296 00a3 47       		.byte	0x47
 297 00a4 01       		.byte	0x1
 298 00a5 00000000 		.4byte	.LFB1
 299 00a9 1C000000 		.4byte	.LFE1
 300 00ad 2B000000 		.4byte	.LLST1
 301 00b1 05       		.uleb128 0x5
 302 00b2 01       		.byte	0x1
 303 00b3 23010000 		.4byte	.LASF14
 304 00b7 01       		.byte	0x1
 305 00b8 69       		.byte	0x69
 306 00b9 01       		.byte	0x1
 307 00ba 00000000 		.4byte	.LFB2
 308 00be 0A000000 		.4byte	.LFE2
 309 00c2 56000000 		.4byte	.LLST2
 310 00c6 05       		.uleb128 0x5
 311 00c7 01       		.byte	0x1
 312 00c8 61010000 		.4byte	.LASF15
 313 00cc 01       		.byte	0x1
 314 00cd 83       		.byte	0x83
 315 00ce 01       		.byte	0x1
 316 00cf 00000000 		.4byte	.LFB3
 317 00d3 0A000000 		.4byte	.LFE3
 318 00d7 81000000 		.4byte	.LLST3
ARM GAS  C:\Users\karunmj\AppData\Local\Temp\ccqWL9PT.s 			page 9


 319 00db 00       		.byte	0x0
 320              		.section	.debug_abbrev
 321 0000 01       		.uleb128 0x1
 322 0001 11       		.uleb128 0x11
 323 0002 01       		.byte	0x1
 324 0003 25       		.uleb128 0x25
 325 0004 0E       		.uleb128 0xe
 326 0005 13       		.uleb128 0x13
 327 0006 0B       		.uleb128 0xb
 328 0007 03       		.uleb128 0x3
 329 0008 0E       		.uleb128 0xe
 330 0009 1B       		.uleb128 0x1b
 331 000a 0E       		.uleb128 0xe
 332 000b 11       		.uleb128 0x11
 333 000c 01       		.uleb128 0x1
 334 000d 52       		.uleb128 0x52
 335 000e 01       		.uleb128 0x1
 336 000f 55       		.uleb128 0x55
 337 0010 06       		.uleb128 0x6
 338 0011 10       		.uleb128 0x10
 339 0012 06       		.uleb128 0x6
 340 0013 00       		.byte	0x0
 341 0014 00       		.byte	0x0
 342 0015 02       		.uleb128 0x2
 343 0016 24       		.uleb128 0x24
 344 0017 00       		.byte	0x0
 345 0018 0B       		.uleb128 0xb
 346 0019 0B       		.uleb128 0xb
 347 001a 3E       		.uleb128 0x3e
 348 001b 0B       		.uleb128 0xb
 349 001c 03       		.uleb128 0x3
 350 001d 0E       		.uleb128 0xe
 351 001e 00       		.byte	0x0
 352 001f 00       		.byte	0x0
 353 0020 03       		.uleb128 0x3
 354 0021 24       		.uleb128 0x24
 355 0022 00       		.byte	0x0
 356 0023 0B       		.uleb128 0xb
 357 0024 0B       		.uleb128 0xb
 358 0025 3E       		.uleb128 0x3e
 359 0026 0B       		.uleb128 0xb
 360 0027 03       		.uleb128 0x3
 361 0028 08       		.uleb128 0x8
 362 0029 00       		.byte	0x0
 363 002a 00       		.byte	0x0
 364 002b 04       		.uleb128 0x4
 365 002c 24       		.uleb128 0x24
 366 002d 00       		.byte	0x0
 367 002e 0B       		.uleb128 0xb
 368 002f 0B       		.uleb128 0xb
 369 0030 3E       		.uleb128 0x3e
 370 0031 0B       		.uleb128 0xb
 371 0032 00       		.byte	0x0
 372 0033 00       		.byte	0x0
 373 0034 05       		.uleb128 0x5
 374 0035 2E       		.uleb128 0x2e
 375 0036 00       		.byte	0x0
ARM GAS  C:\Users\karunmj\AppData\Local\Temp\ccqWL9PT.s 			page 10


 376 0037 3F       		.uleb128 0x3f
 377 0038 0C       		.uleb128 0xc
 378 0039 03       		.uleb128 0x3
 379 003a 0E       		.uleb128 0xe
 380 003b 3A       		.uleb128 0x3a
 381 003c 0B       		.uleb128 0xb
 382 003d 3B       		.uleb128 0x3b
 383 003e 0B       		.uleb128 0xb
 384 003f 27       		.uleb128 0x27
 385 0040 0C       		.uleb128 0xc
 386 0041 11       		.uleb128 0x11
 387 0042 01       		.uleb128 0x1
 388 0043 12       		.uleb128 0x12
 389 0044 01       		.uleb128 0x1
 390 0045 40       		.uleb128 0x40
 391 0046 06       		.uleb128 0x6
 392 0047 00       		.byte	0x0
 393 0048 00       		.byte	0x0
 394 0049 00       		.byte	0x0
 395              		.section	.debug_pubnames,"",%progbits
 396 0000 7C000000 		.4byte	0x7c
 397 0004 0200     		.2byte	0x2
 398 0006 00000000 		.4byte	.Ldebug_info0
 399 000a DC000000 		.4byte	0xdc
 400 000e 87000000 		.4byte	0x87
 401 0012 4144435F 		.ascii	"ADC_SAR_Seq_1_Sleep\000"
 401      5341525F 
 401      5365715F 
 401      315F536C 
 401      65657000 
 402 0026 9C000000 		.4byte	0x9c
 403 002a 4144435F 		.ascii	"ADC_SAR_Seq_1_Wakeup\000"
 403      5341525F 
 403      5365715F 
 403      315F5761 
 403      6B657570 
 404 003f B1000000 		.4byte	0xb1
 405 0043 4144435F 		.ascii	"ADC_SAR_Seq_1_SaveConfig\000"
 405      5341525F 
 405      5365715F 
 405      315F5361 
 405      7665436F 
 406 005c C6000000 		.4byte	0xc6
 407 0060 4144435F 		.ascii	"ADC_SAR_Seq_1_RestoreConfig\000"
 407      5341525F 
 407      5365715F 
 407      315F5265 
 407      73746F72 
 408 007c 00000000 		.4byte	0x0
 409              		.section	.debug_aranges,"",%progbits
 410 0000 34000000 		.4byte	0x34
 411 0004 0200     		.2byte	0x2
 412 0006 00000000 		.4byte	.Ldebug_info0
 413 000a 04       		.byte	0x4
 414 000b 00       		.byte	0x0
 415 000c 0000     		.2byte	0x0
 416 000e 0000     		.2byte	0x0
ARM GAS  C:\Users\karunmj\AppData\Local\Temp\ccqWL9PT.s 			page 11


 417 0010 00000000 		.4byte	.LFB0
 418 0014 0E000000 		.4byte	.LFE0-.LFB0
 419 0018 00000000 		.4byte	.LFB1
 420 001c 1C000000 		.4byte	.LFE1-.LFB1
 421 0020 00000000 		.4byte	.LFB2
 422 0024 0A000000 		.4byte	.LFE2-.LFB2
 423 0028 00000000 		.4byte	.LFB3
 424 002c 0A000000 		.4byte	.LFE3-.LFB3
 425 0030 00000000 		.4byte	0x0
 426 0034 00000000 		.4byte	0x0
 427              		.section	.debug_ranges,"",%progbits
 428              	.Ldebug_ranges0:
 429 0000 00000000 		.4byte	.Ltext0
 430 0004 00000000 		.4byte	.Letext0
 431 0008 00000000 		.4byte	.LFB0
 432 000c 0E000000 		.4byte	.LFE0
 433 0010 00000000 		.4byte	.LFB1
 434 0014 1C000000 		.4byte	.LFE1
 435 0018 00000000 		.4byte	.LFB2
 436 001c 0A000000 		.4byte	.LFE2
 437 0020 00000000 		.4byte	.LFB3
 438 0024 0A000000 		.4byte	.LFE3
 439 0028 00000000 		.4byte	0x0
 440 002c 00000000 		.4byte	0x0
 441              		.section	.debug_str,"MS",%progbits,1
 442              	.LASF6:
 443 0000 6C6F6E67 		.ascii	"long long int\000"
 443      206C6F6E 
 443      6720696E 
 443      7400
 444              	.LASF8:
 445 000e 756E7369 		.ascii	"unsigned int\000"
 445      676E6564 
 445      20696E74 
 445      00
 446              	.LASF18:
 447 001b 433A5C55 		.ascii	"C:\\Users\\karunmj\\Documents\\GitHub\\m2m\\hardwar"
 447      73657273 
 447      5C6B6172 
 447      756E6D6A 
 447      5C446F63 
 448 0048 655C7073 		.ascii	"e\\psoc5\\Campbell_Conductivity.cydsn\000"
 448      6F63355C 
 448      43616D70 
 448      62656C6C 
 448      5F436F6E 
 449              	.LASF5:
 450 006c 6C6F6E67 		.ascii	"long unsigned int\000"
 450      20756E73 
 450      69676E65 
 450      6420696E 
 450      7400
 451              	.LASF7:
 452 007e 6C6F6E67 		.ascii	"long long unsigned int\000"
 452      206C6F6E 
 452      6720756E 
 452      7369676E 
ARM GAS  C:\Users\karunmj\AppData\Local\Temp\ccqWL9PT.s 			page 12


 452      65642069 
 453              	.LASF12:
 454 0095 4144435F 		.ascii	"ADC_SAR_Seq_1_Sleep\000"
 454      5341525F 
 454      5365715F 
 454      315F536C 
 454      65657000 
 455              	.LASF16:
 456 00a9 474E5520 		.ascii	"GNU C 4.4.1\000"
 456      4320342E 
 456      342E3100 
 457              	.LASF1:
 458 00b5 756E7369 		.ascii	"unsigned char\000"
 458      676E6564 
 458      20636861 
 458      7200
 459              	.LASF11:
 460 00c3 63686172 		.ascii	"char\000"
 460      00
 461              	.LASF4:
 462 00c8 6C6F6E67 		.ascii	"long int\000"
 462      20696E74 
 462      00
 463              	.LASF17:
 464 00d1 2E5C4765 		.ascii	".\\Generated_Source\\PSoC5\\ADC_SAR_Seq_1_PM.c\000"
 464      6E657261 
 464      7465645F 
 464      536F7572 
 464      63655C50 
 465              	.LASF10:
 466 00fd 646F7562 		.ascii	"double\000"
 466      6C6500
 467              	.LASF3:
 468 0104 73686F72 		.ascii	"short unsigned int\000"
 468      7420756E 
 468      7369676E 
 468      65642069 
 468      6E7400
 469              	.LASF0:
 470 0117 7369676E 		.ascii	"signed char\000"
 470      65642063 
 470      68617200 
 471              	.LASF14:
 472 0123 4144435F 		.ascii	"ADC_SAR_Seq_1_SaveConfig\000"
 472      5341525F 
 472      5365715F 
 472      315F5361 
 472      7665436F 
 473              	.LASF9:
 474 013c 666C6F61 		.ascii	"float\000"
 474      7400
 475              	.LASF13:
 476 0142 4144435F 		.ascii	"ADC_SAR_Seq_1_Wakeup\000"
 476      5341525F 
 476      5365715F 
 476      315F5761 
 476      6B657570 
ARM GAS  C:\Users\karunmj\AppData\Local\Temp\ccqWL9PT.s 			page 13


 477              	.LASF2:
 478 0157 73686F72 		.ascii	"short int\000"
 478      7420696E 
 478      7400
 479              	.LASF15:
 480 0161 4144435F 		.ascii	"ADC_SAR_Seq_1_RestoreConfig\000"
 480      5341525F 
 480      5365715F 
 480      315F5265 
 480      73746F72 
 481              		.ident	"GCC: (Sourcery G++ Lite 2010q1-188) 4.4.1"
