ARM GAS  C:\Users\karunmj\AppData\Local\Temp\ccWoocNH.s 			page 1


   1              		.syntax unified
   2              		.cpu cortex-m3
   3              		.fpu softvfp
   4              		.eabi_attribute 20, 1
   5              		.eabi_attribute 21, 1
   6              		.eabi_attribute 23, 3
   7              		.eabi_attribute 24, 1
   8              		.eabi_attribute 25, 1
   9              		.eabi_attribute 26, 1
  10              		.eabi_attribute 30, 6
  11              		.eabi_attribute 18, 4
  12              		.thumb
  13              		.file	"modem.c"
  14              		.section	.debug_abbrev,"",%progbits
  15              	.Ldebug_abbrev0:
  16              		.section	.debug_info,"",%progbits
  17              	.Ldebug_info0:
  18              		.section	.debug_line,"",%progbits
  19              	.Ldebug_line0:
  20 0000 49010000 		.text
  20      02006200 
  20      00000201 
  20      FB0E0D00 
  20      01010101 
  21              	.Ltext0:
  22              		.cfi_sections	.debug_frame
  23              		.comm	modem_state,1,1
  24              		.comm	uart_received_string,128,4
  25              		.global	uart_string_index
  26              		.bss
  27              		.type	uart_string_index, %object
  28              		.size	uart_string_index, 1
  29              	uart_string_index:
  30 0000 00       		.space	1
  31              		.section	.text.modem_get_state,"ax",%progbits
  32              		.align	2
  33              		.global	modem_get_state
  34              		.thumb
  35              		.thumb_func
  36              		.type	modem_get_state, %function
  37              	modem_get_state:
  38              	.LFB29:
  39              		.file 1 ".\\modem.c"
   1:.\modem.c     **** ///* ========================================
   2:.\modem.c     **** // *
   3:.\modem.c     **** // * Copyright YOUR COMPANY, THE YEAR
   4:.\modem.c     **** // * All Rights Reserved
   5:.\modem.c     **** // * UNPUBLISHED, LICENSED SOFTWARE.
   6:.\modem.c     **** // *
   7:.\modem.c     **** // * CONFIDENTIAL AND PROPRIETARY INFORMATION
   8:.\modem.c     **** // * WHICH IS THE PROPERTY OF your company.
   9:.\modem.c     **** // *
  10:.\modem.c     **** // * ========================================
  11:.\modem.c     **** //*/
  12:.\modem.c     **** //
  13:.\modem.c     **** 
  14:.\modem.c     **** #include <device.h>
ARM GAS  C:\Users\karunmj\AppData\Local\Temp\ccWoocNH.s 			page 2


  15:.\modem.c     **** #include <string.h>
  16:.\modem.c     **** #include "modem.h"
  17:.\modem.c     **** 
  18:.\modem.c     **** uint8 uart_received_string[128];
  19:.\modem.c     **** uint8 uart_string_index = 0;
  20:.\modem.c     **** 
  21:.\modem.c     **** CY_ISR_PROTO(isr_byte_rx);
  22:.\modem.c     **** 
  23:.\modem.c     **** void uart_string_reset();
  24:.\modem.c     **** void at_command_write(uint8 uart_string, uint8 uart_timeout);
  25:.\modem.c     **** 
  26:.\modem.c     **** uint8 modem_get_state(){
  40              		.loc 1 26 0
  41              		.cfi_startproc
  42              		@ args = 0, pretend = 0, frame = 0
  43              		@ frame_needed = 1, uses_anonymous_args = 0
  44              		@ link register save eliminated.
  45 0000 80B4     		push	{r7}
  46              	.LCFI0:
  47              		.cfi_def_cfa_offset 4
  48 0002 00AF     		add	r7, sp, #0
  49              		.cfi_offset 7, -4
  50              	.LCFI1:
  51              		.cfi_def_cfa_register 7
  27:.\modem.c     ****     return modem_state;
  52              		.loc 1 27 0
  53 0004 40F20003 		movw	r3, #:lower16:modem_state
  54 0008 C0F20003 		movt	r3, #:upper16:modem_state
  55 000c 1B78     		ldrb	r3, [r3, #0]	@ zero_extendqisi2
  28:.\modem.c     **** }
  56              		.loc 1 28 0
  57 000e 1846     		mov	r0, r3
  58 0010 BD46     		mov	sp, r7
  59 0012 80BC     		pop	{r7}
  60 0014 7047     		bx	lr
  61              		.cfi_endproc
  62              	.LFE29:
  63              		.size	modem_get_state, .-modem_get_state
  64 0016 00BF     		.section	.text.modem_start,"ax",%progbits
  65              		.align	2
  66              		.global	modem_start
  67              		.thumb
  68              		.thumb_func
  69              		.type	modem_start, %function
  70              	modem_start:
  71              	.LFB30:
  29:.\modem.c     **** 
  30:.\modem.c     **** void modem_start(){
  72              		.loc 1 30 0
  73              		.cfi_startproc
  74              		@ args = 0, pretend = 0, frame = 0
  75              		@ frame_needed = 1, uses_anonymous_args = 0
  76 0000 80B5     		push	{r7, lr}
  77              	.LCFI2:
  78              		.cfi_def_cfa_offset 8
  79 0002 00AF     		add	r7, sp, #0
  80              		.cfi_offset 14, -4
ARM GAS  C:\Users\karunmj\AppData\Local\Temp\ccWoocNH.s 			page 3


  81              		.cfi_offset 7, -8
  82              	.LCFI3:
  83              		.cfi_def_cfa_register 7
  31:.\modem.c     ****     uart_Start();
  84              		.loc 1 31 0
  85 0004 FFF7FEFF 		bl	uart_Start
  32:.\modem.c     ****     isr_byte_rx_StartEx(isr_byte_rx);
  86              		.loc 1 32 0
  87 0008 40F20000 		movw	r0, #:lower16:isr_byte_rx
  88 000c C0F20000 		movt	r0, #:upper16:isr_byte_rx
  89 0010 FFF7FEFF 		bl	isr_byte_rx_StartEx
  33:.\modem.c     ****     modem_state = MODEM_STATE_OFF;
  90              		.loc 1 33 0
  91 0014 40F20003 		movw	r3, #:lower16:modem_state
  92 0018 C0F20003 		movt	r3, #:upper16:modem_state
  93 001c 4FF00002 		mov	r2, #0
  94 0020 1A70     		strb	r2, [r3, #0]
  34:.\modem.c     **** }
  95              		.loc 1 34 0
  96 0022 80BD     		pop	{r7, pc}
  97              		.cfi_endproc
  98              	.LFE30:
  99              		.size	modem_start, .-modem_start
 100              		.section	.rodata
 101              		.align	2
 102              	.LC0:
 103 0000 00       		.ascii	"\000"
 104              		.section	.text.at_write_command,"ax",%progbits
 105              		.align	2
 106              		.global	at_write_command
 107              		.thumb
 108              		.thumb_func
 109              		.type	at_write_command, %function
 110              	at_write_command:
 111              	.LFB31:
  35:.\modem.c     **** 
  36:.\modem.c     **** uint8 at_write_command(uint8* uart_string, uint8* expected_response, uint32 uart_timeout){
 112              		.loc 1 36 0
 113              		.cfi_startproc
 114              		@ args = 0, pretend = 0, frame = 40
 115              		@ frame_needed = 1, uses_anonymous_args = 0
 116 0000 80B5     		push	{r7, lr}
 117              	.LCFI4:
 118              		.cfi_def_cfa_offset 8
 119 0002 8AB0     		sub	sp, sp, #40
 120              	.LCFI5:
 121              		.cfi_def_cfa_offset 48
 122 0004 00AF     		add	r7, sp, #0
 123              		.cfi_offset 14, -4
 124              		.cfi_offset 7, -8
 125              	.LCFI6:
 126              		.cfi_def_cfa_register 7
 127 0006 F860     		str	r0, [r7, #12]
 128 0008 B960     		str	r1, [r7, #8]
 129 000a 7A60     		str	r2, [r7, #4]
  37:.\modem.c     ****     uint8 response = 0u;
 130              		.loc 1 37 0
ARM GAS  C:\Users\karunmj\AppData\Local\Temp\ccWoocNH.s 			page 4


 131 000c 4FF00003 		mov	r3, #0
 132 0010 FB75     		strb	r3, [r7, #23]
  38:.\modem.c     ****     uint32 i = 0u;
 133              		.loc 1 38 0
 134 0012 4FF00003 		mov	r3, #0
 135 0016 BB61     		str	r3, [r7, #24]
  39:.\modem.c     ****     uint32 delay = 100u;
 136              		.loc 1 39 0
 137 0018 4FF06403 		mov	r3, #100
 138 001c FB61     		str	r3, [r7, #28]
  40:.\modem.c     ****     uint32 interval = uart_timeout/delay;
 139              		.loc 1 40 0
 140 001e 7A68     		ldr	r2, [r7, #4]
 141 0020 FB69     		ldr	r3, [r7, #28]
 142 0022 B2FBF3F3 		udiv	r3, r2, r3
 143 0026 3B62     		str	r3, [r7, #32]
  41:.\modem.c     ****     
  42:.\modem.c     ****     uart_string_reset();
 144              		.loc 1 42 0
 145 0028 FFF7FEFF 		bl	uart_string_reset
  43:.\modem.c     ****     uart_PutString(uart_string);
 146              		.loc 1 43 0
 147 002c F868     		ldr	r0, [r7, #12]
 148 002e FFF7FEFF 		bl	uart_PutString
  44:.\modem.c     ****     
  45:.\modem.c     ****     if(expected_response != ""){
 149              		.loc 1 45 0
 150 0032 BA68     		ldr	r2, [r7, #8]
 151 0034 40F20003 		movw	r3, #:lower16:.LC0
 152 0038 C0F20003 		movt	r3, #:upper16:.LC0
 153 003c 9A42     		cmp	r2, r3
 154 003e 1ED0     		beq	.L6
  46:.\modem.c     ****         for(i=0;i<interval;i++){
 155              		.loc 1 46 0
 156 0040 4FF00003 		mov	r3, #0
 157 0044 BB61     		str	r3, [r7, #24]
 158 0046 16E0     		b	.L7
 159              	.L9:
 160              	.LBB2:
  47:.\modem.c     ****             uint16 valid = strstr ( uart_received_string, expected_response );
 161              		.loc 1 47 0
 162 0048 40F20000 		movw	r0, #:lower16:uart_received_string
 163 004c C0F20000 		movt	r0, #:upper16:uart_received_string
 164 0050 B968     		ldr	r1, [r7, #8]
 165 0052 FFF7FEFF 		bl	strstr
 166 0056 0346     		mov	r3, r0
 167 0058 FB84     		strh	r3, [r7, #38]	@ movhi
  48:.\modem.c     ****             if(valid != NULL){
 168              		.loc 1 48 0
 169 005a FB8C     		ldrh	r3, [r7, #38]
 170 005c 002B     		cmp	r3, #0
 171 005e 03D0     		beq	.L8
  49:.\modem.c     ****                 response = 1u;
 172              		.loc 1 49 0
 173 0060 4FF00103 		mov	r3, #1
 174 0064 FB75     		strb	r3, [r7, #23]
  50:.\modem.c     ****                 break;
ARM GAS  C:\Users\karunmj\AppData\Local\Temp\ccWoocNH.s 			page 5


 175              		.loc 1 50 0
 176 0066 0AE0     		b	.L6
 177              	.L8:
  51:.\modem.c     ****             }
  52:.\modem.c     ****         CyDelay(delay);
 178              		.loc 1 52 0
 179 0068 F869     		ldr	r0, [r7, #28]
 180 006a FFF7FEFF 		bl	CyDelay
 181              	.LBE2:
 182              		.loc 1 46 0
 183 006e BB69     		ldr	r3, [r7, #24]
 184 0070 03F10103 		add	r3, r3, #1
 185 0074 BB61     		str	r3, [r7, #24]
 186              	.L7:
 187 0076 BA69     		ldr	r2, [r7, #24]
 188 0078 3B6A     		ldr	r3, [r7, #32]
 189 007a 9A42     		cmp	r2, r3
 190 007c E4D3     		bcc	.L9
 191              	.L6:
  53:.\modem.c     ****         }
  54:.\modem.c     ****     }
  55:.\modem.c     ****     return response;
 192              		.loc 1 55 0
 193 007e FB7D     		ldrb	r3, [r7, #23]	@ zero_extendqisi2
  56:.\modem.c     **** }
 194              		.loc 1 56 0
 195 0080 1846     		mov	r0, r3
 196 0082 07F12807 		add	r7, r7, #40
 197 0086 BD46     		mov	sp, r7
 198 0088 80BD     		pop	{r7, pc}
 199              		.cfi_endproc
 200              	.LFE31:
 201              		.size	at_write_command, .-at_write_command
 202 008a 00BF     		.section	.rodata
 203 0001 000000   		.align	2
 204              	.LC1:
 205 0004 4154234D 		.ascii	"AT#MODE=RESET\015\000"
 205      4F44453D 
 205      52455345 
 205      540D00
 206 0013 00       		.align	2
 207              	.LC2:
 208 0014 4F4B00   		.ascii	"OK\000"
 209              		.section	.text.modem_reset,"ax",%progbits
 210              		.align	2
 211              		.global	modem_reset
 212              		.thumb
 213              		.thumb_func
 214              		.type	modem_reset, %function
 215              	modem_reset:
 216              	.LFB32:
  57:.\modem.c     **** 
  58:.\modem.c     **** uint8 modem_reset(){
 217              		.loc 1 58 0
 218              		.cfi_startproc
 219              		@ args = 0, pretend = 0, frame = 0
 220              		@ frame_needed = 1, uses_anonymous_args = 0
ARM GAS  C:\Users\karunmj\AppData\Local\Temp\ccWoocNH.s 			page 6


 221 0000 80B5     		push	{r7, lr}
 222              	.LCFI7:
 223              		.cfi_def_cfa_offset 8
 224 0002 00AF     		add	r7, sp, #0
 225              		.cfi_offset 14, -4
 226              		.cfi_offset 7, -8
 227              	.LCFI8:
 228              		.cfi_def_cfa_register 7
  59:.\modem.c     ****     if(at_write_command("AT#MODE=RESET\r","OK",10000u)){
 229              		.loc 1 59 0
 230 0004 40F20000 		movw	r0, #:lower16:.LC1
 231 0008 C0F20000 		movt	r0, #:upper16:.LC1
 232 000c 40F20001 		movw	r1, #:lower16:.LC2
 233 0010 C0F20001 		movt	r1, #:upper16:.LC2
 234 0014 42F21072 		movw	r2, #10000
 235 0018 FFF7FEFF 		bl	at_write_command
 236 001c 0346     		mov	r3, r0
 237 001e 002B     		cmp	r3, #0
 238 0020 02D0     		beq	.L12
  60:.\modem.c     ****         return 1u;
 239              		.loc 1 60 0
 240 0022 4FF00103 		mov	r3, #1
 241 0026 01E0     		b	.L13
 242              	.L12:
  61:.\modem.c     ****     }
  62:.\modem.c     ****     return 0u;
 243              		.loc 1 62 0
 244 0028 4FF00003 		mov	r3, #0
 245              	.L13:
  63:.\modem.c     **** }
 246              		.loc 1 63 0
 247 002c 1846     		mov	r0, r3
 248 002e 80BD     		pop	{r7, pc}
 249              		.cfi_endproc
 250              	.LFE32:
 251              		.size	modem_reset, .-modem_reset
 252              		.section	.rodata
 253 0017 00       		.align	2
 254              	.LC3:
 255 0018 41542B43 		.ascii	"AT+CREG=1\015\000"
 255      5245473D 
 255      310D00
 256 0023 00       		.align	2
 257              	.LC4:
 258 0024 41542353 		.ascii	"AT#SGACT=1,1\015\000"
 258      47414354 
 258      3D312C31 
 258      0D00
 259              		.section	.text.modem_join_network,"ax",%progbits
 260              		.align	2
 261              		.global	modem_join_network
 262              		.thumb
 263              		.thumb_func
 264              		.type	modem_join_network, %function
 265              	modem_join_network:
 266              	.LFB33:
  64:.\modem.c     **** 
ARM GAS  C:\Users\karunmj\AppData\Local\Temp\ccWoocNH.s 			page 7


  65:.\modem.c     **** uint8 modem_join_network(){
 267              		.loc 1 65 0
 268              		.cfi_startproc
 269              		@ args = 0, pretend = 0, frame = 0
 270              		@ frame_needed = 1, uses_anonymous_args = 0
 271 0000 80B5     		push	{r7, lr}
 272              	.LCFI9:
 273              		.cfi_def_cfa_offset 8
 274 0002 00AF     		add	r7, sp, #0
 275              		.cfi_offset 14, -4
 276              		.cfi_offset 7, -8
 277              	.LCFI10:
 278              		.cfi_def_cfa_register 7
  66:.\modem.c     ****     if(at_write_command("AT+CREG=1\r","OK",5000u)){
 279              		.loc 1 66 0
 280 0004 40F20000 		movw	r0, #:lower16:.LC3
 281 0008 C0F20000 		movt	r0, #:upper16:.LC3
 282 000c 40F20001 		movw	r1, #:lower16:.LC2
 283 0010 C0F20001 		movt	r1, #:upper16:.LC2
 284 0014 41F28832 		movw	r2, #5000
 285 0018 FFF7FEFF 		bl	at_write_command
 286 001c 0346     		mov	r3, r0
 287 001e 002B     		cmp	r3, #0
 288 0020 18D0     		beq	.L16
  67:.\modem.c     ****         if(at_write_command("AT#SGACT=1,1\r","OK",25000u)){
 289              		.loc 1 67 0
 290 0022 40F20000 		movw	r0, #:lower16:.LC4
 291 0026 C0F20000 		movt	r0, #:upper16:.LC4
 292 002a 40F20001 		movw	r1, #:lower16:.LC2
 293 002e C0F20001 		movt	r1, #:upper16:.LC2
 294 0032 46F2A812 		movw	r2, #25000
 295 0036 FFF7FEFF 		bl	at_write_command
 296 003a 0346     		mov	r3, r0
 297 003c 002B     		cmp	r3, #0
 298 003e 09D0     		beq	.L16
  68:.\modem.c     ****             modem_state = MODEM_STATE_READY;
 299              		.loc 1 68 0
 300 0040 40F20003 		movw	r3, #:lower16:modem_state
 301 0044 C0F20003 		movt	r3, #:upper16:modem_state
 302 0048 4FF00302 		mov	r2, #3
 303 004c 1A70     		strb	r2, [r3, #0]
  69:.\modem.c     ****             return 1u;   // return 1 if succesfully connected
 304              		.loc 1 69 0
 305 004e 4FF00103 		mov	r3, #1
 306 0052 01E0     		b	.L17
 307              	.L16:
  70:.\modem.c     ****         }
  71:.\modem.c     ****     }
  72:.\modem.c     ****     return 0u;   // return 0 if failure to connect
 308              		.loc 1 72 0
 309 0054 4FF00003 		mov	r3, #0
 310              	.L17:
  73:.\modem.c     **** }
 311              		.loc 1 73 0
 312 0058 1846     		mov	r0, r3
 313 005a 80BD     		pop	{r7, pc}
 314              		.cfi_endproc
ARM GAS  C:\Users\karunmj\AppData\Local\Temp\ccWoocNH.s 			page 8


 315              	.LFE33:
 316              		.size	modem_join_network, .-modem_join_network
 317              		.section	.rodata
 318 0032 0000     		.align	2
 319              	.LC5:
 320 0034 41542353 		.ascii	"AT#SD=1,0,50321,\"50.19.242.87\",0,0,1\015\000"
 320      443D312C 
 320      302C3530 
 320      3332312C 
 320      2235302E 
 321 005a 0000     		.align	2
 322              	.LC6:
 323 005c 41542353 		.ascii	"AT#SSEND=1\015\000"
 323      53454E44 
 323      3D310D00 
 324              		.align	2
 325              	.LC7:
 326 0068 3E00     		.ascii	">\000"
 327 006a 0000     		.section	.text.modem_send_packet,"ax",%progbits
 328              		.align	2
 329              		.global	modem_send_packet
 330              		.thumb
 331              		.thumb_func
 332              		.type	modem_send_packet, %function
 333              	modem_send_packet:
 334              	.LFB34:
  74:.\modem.c     **** 
  75:.\modem.c     **** uint8 modem_send_packet(uint8* packet, uint8 size){
 335              		.loc 1 75 0
 336              		.cfi_startproc
 337              		@ args = 0, pretend = 0, frame = 8
 338              		@ frame_needed = 1, uses_anonymous_args = 0
 339 0000 80B5     		push	{r7, lr}
 340              	.LCFI11:
 341              		.cfi_def_cfa_offset 8
 342 0002 82B0     		sub	sp, sp, #8
 343              	.LCFI12:
 344              		.cfi_def_cfa_offset 16
 345 0004 00AF     		add	r7, sp, #0
 346              		.cfi_offset 14, -4
 347              		.cfi_offset 7, -8
 348              	.LCFI13:
 349              		.cfi_def_cfa_register 7
 350 0006 7860     		str	r0, [r7, #4]
 351 0008 0B46     		mov	r3, r1
 352 000a FB70     		strb	r3, [r7, #3]
  76:.\modem.c     ****     if(at_write_command("AT#SD=1,0,50321,\"50.19.242.87\",0,0,1\r","OK",15000u) != 0){
 353              		.loc 1 76 0
 354 000c 40F20000 		movw	r0, #:lower16:.LC5
 355 0010 C0F20000 		movt	r0, #:upper16:.LC5
 356 0014 40F20001 		movw	r1, #:lower16:.LC2
 357 0018 C0F20001 		movt	r1, #:upper16:.LC2
 358 001c 43F69822 		movw	r2, #15000
 359 0020 FFF7FEFF 		bl	at_write_command
 360 0024 0346     		mov	r3, r0
 361 0026 002B     		cmp	r3, #0
 362 0028 24D0     		beq	.L20
ARM GAS  C:\Users\karunmj\AppData\Local\Temp\ccWoocNH.s 			page 9


  77:.\modem.c     ****         if(at_write_command("AT#SSEND=1\r",">",5000u) != 0){
 363              		.loc 1 77 0
 364 002a 40F20000 		movw	r0, #:lower16:.LC6
 365 002e C0F20000 		movt	r0, #:upper16:.LC6
 366 0032 40F20001 		movw	r1, #:lower16:.LC7
 367 0036 C0F20001 		movt	r1, #:upper16:.LC7
 368 003a 41F28832 		movw	r2, #5000
 369 003e FFF7FEFF 		bl	at_write_command
 370 0042 0346     		mov	r3, r0
 371 0044 002B     		cmp	r3, #0
 372 0046 15D0     		beq	.L20
  78:.\modem.c     ****             if(at_write_command(packet,"OK",20000u) != 0){
 373              		.loc 1 78 0
 374 0048 7868     		ldr	r0, [r7, #4]
 375 004a 40F20001 		movw	r1, #:lower16:.LC2
 376 004e C0F20001 		movt	r1, #:upper16:.LC2
 377 0052 44F62062 		movw	r2, #20000
 378 0056 FFF7FEFF 		bl	at_write_command
 379 005a 0346     		mov	r3, r0
 380 005c 002B     		cmp	r3, #0
 381 005e 09D0     		beq	.L20
  79:.\modem.c     ****                 modem_state = MODEM_STATE_READY;
 382              		.loc 1 79 0
 383 0060 40F20003 		movw	r3, #:lower16:modem_state
 384 0064 C0F20003 		movt	r3, #:upper16:modem_state
 385 0068 4FF00302 		mov	r2, #3
 386 006c 1A70     		strb	r2, [r3, #0]
  80:.\modem.c     ****                 return 1u;   // return 1 if succesfully sent packet
 387              		.loc 1 80 0
 388 006e 4FF00103 		mov	r3, #1
 389 0072 01E0     		b	.L21
 390              	.L20:
  81:.\modem.c     ****             }
  82:.\modem.c     ****         }
  83:.\modem.c     ****     }
  84:.\modem.c     ****     return 0u;   // return 0 if failure to send packet
 391              		.loc 1 84 0
 392 0074 4FF00003 		mov	r3, #0
 393              	.L21:
  85:.\modem.c     **** }
 394              		.loc 1 85 0
 395 0078 1846     		mov	r0, r3
 396 007a 07F10807 		add	r7, r7, #8
 397 007e BD46     		mov	sp, r7
 398 0080 80BD     		pop	{r7, pc}
 399              		.cfi_endproc
 400              	.LFE34:
 401              		.size	modem_send_packet, .-modem_send_packet
 402 0082 00BF     		.section	.text.modem_power_on,"ax",%progbits
 403              		.align	2
 404              		.global	modem_power_on
 405              		.thumb
 406              		.thumb_func
 407              		.type	modem_power_on, %function
 408              	modem_power_on:
 409              	.LFB35:
  86:.\modem.c     **** 
ARM GAS  C:\Users\karunmj\AppData\Local\Temp\ccWoocNH.s 			page 10


  87:.\modem.c     **** uint8 modem_power_on(){
 410              		.loc 1 87 0
 411              		.cfi_startproc
 412              		@ args = 0, pretend = 0, frame = 0
 413              		@ frame_needed = 1, uses_anonymous_args = 0
 414 0000 80B5     		push	{r7, lr}
 415              	.LCFI14:
 416              		.cfi_def_cfa_offset 8
 417 0002 00AF     		add	r7, sp, #0
 418              		.cfi_offset 14, -4
 419              		.cfi_offset 7, -8
 420              	.LCFI15:
 421              		.cfi_def_cfa_register 7
  88:.\modem.c     ****     modem_voltage_pin_Write(0u); //provide power to modem
 422              		.loc 1 88 0
 423 0004 4FF00000 		mov	r0, #0
 424 0008 FFF7FEFF 		bl	modem_voltage_pin_Write
  89:.\modem.c     ****     modem_power_pin_Write(0u);
 425              		.loc 1 89 0
 426 000c 4FF00000 		mov	r0, #0
 427 0010 FFF7FEFF 		bl	modem_power_pin_Write
  90:.\modem.c     ****     CyDelay(1500u);
 428              		.loc 1 90 0
 429 0014 40F2DC50 		movw	r0, #1500
 430 0018 FFF7FEFF 		bl	CyDelay
  91:.\modem.c     ****     modem_power_pin_Write(1u);
 431              		.loc 1 91 0
 432 001c 4FF00100 		mov	r0, #1
 433 0020 FFF7FEFF 		bl	modem_power_pin_Write
  92:.\modem.c     ****     CyDelay(5000u); // wait for module to turn on
 434              		.loc 1 92 0
 435 0024 41F28830 		movw	r0, #5000
 436 0028 FFF7FEFF 		bl	CyDelay
  93:.\modem.c     ****     modem_state = MODEM_STATE_IDLE;
 437              		.loc 1 93 0
 438 002c 40F20003 		movw	r3, #:lower16:modem_state
 439 0030 C0F20003 		movt	r3, #:upper16:modem_state
 440 0034 4FF00102 		mov	r2, #1
 441 0038 1A70     		strb	r2, [r3, #0]
  94:.\modem.c     **** }
 442              		.loc 1 94 0
 443 003a 80BD     		pop	{r7, pc}
 444              		.cfi_endproc
 445              	.LFE35:
 446              		.size	modem_power_on, .-modem_power_on
 447              		.section	.text.modem_power_off,"ax",%progbits
 448              		.align	2
 449              		.global	modem_power_off
 450              		.thumb
 451              		.thumb_func
 452              		.type	modem_power_off, %function
 453              	modem_power_off:
 454              	.LFB36:
  95:.\modem.c     **** 
  96:.\modem.c     **** uint8 modem_power_off(){
 455              		.loc 1 96 0
 456              		.cfi_startproc
ARM GAS  C:\Users\karunmj\AppData\Local\Temp\ccWoocNH.s 			page 11


 457              		@ args = 0, pretend = 0, frame = 0
 458              		@ frame_needed = 1, uses_anonymous_args = 0
 459 0000 80B5     		push	{r7, lr}
 460              	.LCFI16:
 461              		.cfi_def_cfa_offset 8
 462 0002 00AF     		add	r7, sp, #0
 463              		.cfi_offset 14, -4
 464              		.cfi_offset 7, -8
 465              	.LCFI17:
 466              		.cfi_def_cfa_register 7
  97:.\modem.c     ****     modem_power_pin_Write(0u);
 467              		.loc 1 97 0
 468 0004 4FF00000 		mov	r0, #0
 469 0008 FFF7FEFF 		bl	modem_power_pin_Write
  98:.\modem.c     ****     CyDelay(1500u);
 470              		.loc 1 98 0
 471 000c 40F2DC50 		movw	r0, #1500
 472 0010 FFF7FEFF 		bl	CyDelay
  99:.\modem.c     ****     modem_power_pin_Write(1u);
 473              		.loc 1 99 0
 474 0014 4FF00100 		mov	r0, #1
 475 0018 FFF7FEFF 		bl	modem_power_pin_Write
 100:.\modem.c     ****     CyDelay(5000u); // wait for module to turn off
 476              		.loc 1 100 0
 477 001c 41F28830 		movw	r0, #5000
 478 0020 FFF7FEFF 		bl	CyDelay
 101:.\modem.c     ****     modem_voltage_pin_Write(1u); // cut power to modem
 479              		.loc 1 101 0
 480 0024 4FF00100 		mov	r0, #1
 481 0028 FFF7FEFF 		bl	modem_voltage_pin_Write
 102:.\modem.c     ****     modem_state = MODEM_STATE_OFF;
 482              		.loc 1 102 0
 483 002c 40F20003 		movw	r3, #:lower16:modem_state
 484 0030 C0F20003 		movt	r3, #:upper16:modem_state
 485 0034 4FF00002 		mov	r2, #0
 486 0038 1A70     		strb	r2, [r3, #0]
 103:.\modem.c     **** }
 487              		.loc 1 103 0
 488 003a 80BD     		pop	{r7, pc}
 489              		.cfi_endproc
 490              	.LFE36:
 491              		.size	modem_power_off, .-modem_power_off
 492              		.section	.text.uart_string_reset,"ax",%progbits
 493              		.align	2
 494              		.global	uart_string_reset
 495              		.thumb
 496              		.thumb_func
 497              		.type	uart_string_reset, %function
 498              	uart_string_reset:
 499              	.LFB37:
 104:.\modem.c     **** 
 105:.\modem.c     **** void uart_string_reset(){
 500              		.loc 1 105 0
 501              		.cfi_startproc
 502              		@ args = 0, pretend = 0, frame = 8
 503              		@ frame_needed = 1, uses_anonymous_args = 0
 504 0000 80B5     		push	{r7, lr}
ARM GAS  C:\Users\karunmj\AppData\Local\Temp\ccWoocNH.s 			page 12


 505              	.LCFI18:
 506              		.cfi_def_cfa_offset 8
 507 0002 82B0     		sub	sp, sp, #8
 508              	.LCFI19:
 509              		.cfi_def_cfa_offset 16
 510 0004 00AF     		add	r7, sp, #0
 511              		.cfi_offset 14, -4
 512              		.cfi_offset 7, -8
 513              	.LCFI20:
 514              		.cfi_def_cfa_register 7
 106:.\modem.c     ****     // reset uart_received_string to zero
 107:.\modem.c     ****     uint8 i = 0;
 515              		.loc 1 107 0
 516 0006 4FF00003 		mov	r3, #0
 517 000a FB71     		strb	r3, [r7, #7]
 108:.\modem.c     ****     
 109:.\modem.c     ****     for(i = 0; i < 128; i++){
 518              		.loc 1 109 0
 519 000c 4FF00003 		mov	r3, #0
 520 0010 FB71     		strb	r3, [r7, #7]
 521 0012 0BE0     		b	.L28
 522              	.L29:
 110:.\modem.c     ****         uart_received_string[i] = 0;
 523              		.loc 1 110 0
 524 0014 FA79     		ldrb	r2, [r7, #7]	@ zero_extendqisi2
 525 0016 40F20003 		movw	r3, #:lower16:uart_received_string
 526 001a C0F20003 		movt	r3, #:upper16:uart_received_string
 527 001e 4FF00001 		mov	r1, #0
 528 0022 9954     		strb	r1, [r3, r2]
 529              		.loc 1 109 0
 530 0024 FB79     		ldrb	r3, [r7, #7]
 531 0026 03F10103 		add	r3, r3, #1
 532 002a FB71     		strb	r3, [r7, #7]
 533              	.L28:
 534 002c FB79     		ldrb	r3, [r7, #7]	@ zero_extendqisi2
 535 002e 5BB2     		sxtb	r3, r3
 536 0030 002B     		cmp	r3, #0
 537 0032 EFDA     		bge	.L29
 111:.\modem.c     ****     }
 112:.\modem.c     ****     uart_string_index = 0;
 538              		.loc 1 112 0
 539 0034 40F20003 		movw	r3, #:lower16:uart_string_index
 540 0038 C0F20003 		movt	r3, #:upper16:uart_string_index
 541 003c 4FF00002 		mov	r2, #0
 542 0040 1A70     		strb	r2, [r3, #0]
 113:.\modem.c     ****     uart_ClearRxBuffer();
 543              		.loc 1 113 0
 544 0042 FFF7FEFF 		bl	uart_ClearRxBuffer
 114:.\modem.c     **** }
 545              		.loc 1 114 0
 546 0046 07F10807 		add	r7, r7, #8
 547 004a BD46     		mov	sp, r7
 548 004c 80BD     		pop	{r7, pc}
 549              		.cfi_endproc
 550              	.LFE37:
 551              		.size	uart_string_reset, .-uart_string_reset
 552 004e 00BF     		.section	.text.isr_byte_rx,"ax",%progbits
ARM GAS  C:\Users\karunmj\AppData\Local\Temp\ccWoocNH.s 			page 13


 553              		.align	2
 554              		.global	isr_byte_rx
 555              		.thumb
 556              		.thumb_func
 557              		.type	isr_byte_rx, %function
 558              	isr_byte_rx:
 559              	.LFB38:
 115:.\modem.c     **** 
 116:.\modem.c     **** CY_ISR(isr_byte_rx){
 560              		.loc 1 116 0
 561              		.cfi_startproc
 562              		@ args = 0, pretend = 0, frame = 8
 563              		@ frame_needed = 1, uses_anonymous_args = 0
 564 0000 80B5     		push	{r7, lr}
 565              	.LCFI21:
 566              		.cfi_def_cfa_offset 8
 567 0002 82B0     		sub	sp, sp, #8
 568              	.LCFI22:
 569              		.cfi_def_cfa_offset 16
 570 0004 00AF     		add	r7, sp, #0
 571              		.cfi_offset 14, -4
 572              		.cfi_offset 7, -8
 573              	.LCFI23:
 574              		.cfi_def_cfa_register 7
 117:.\modem.c     ****     // hold the next char in the rx register as a temporary variable
 118:.\modem.c     ****     uint8 rx_char_hold = uart_GetChar();
 575              		.loc 1 118 0
 576 0006 FFF7FEFF 		bl	uart_GetChar
 577 000a 0346     		mov	r3, r0
 578 000c FB71     		strb	r3, [r7, #7]
 119:.\modem.c     ****     
 120:.\modem.c     ****     // store the char in uart_received_string
 121:.\modem.c     ****     if(rx_char_hold){
 579              		.loc 1 121 0
 580 000e FB79     		ldrb	r3, [r7, #7]	@ zero_extendqisi2
 581 0010 002B     		cmp	r3, #0
 582 0012 18D0     		beq	.L33
 122:.\modem.c     ****         uart_received_string[uart_string_index] = rx_char_hold;
 583              		.loc 1 122 0
 584 0014 40F20003 		movw	r3, #:lower16:uart_string_index
 585 0018 C0F20003 		movt	r3, #:upper16:uart_string_index
 586 001c 1B78     		ldrb	r3, [r3, #0]	@ zero_extendqisi2
 587 001e 1A46     		mov	r2, r3
 588 0020 40F20003 		movw	r3, #:lower16:uart_received_string
 589 0024 C0F20003 		movt	r3, #:upper16:uart_received_string
 590 0028 F979     		ldrb	r1, [r7, #7]
 591 002a 9954     		strb	r1, [r3, r2]
 123:.\modem.c     ****         uart_string_index++;
 592              		.loc 1 123 0
 593 002c 40F20003 		movw	r3, #:lower16:uart_string_index
 594 0030 C0F20003 		movt	r3, #:upper16:uart_string_index
 595 0034 1B78     		ldrb	r3, [r3, #0]	@ zero_extendqisi2
 596 0036 03F10103 		add	r3, r3, #1
 597 003a DAB2     		uxtb	r2, r3
 598 003c 40F20003 		movw	r3, #:lower16:uart_string_index
 599 0040 C0F20003 		movt	r3, #:upper16:uart_string_index
 600 0044 1A70     		strb	r2, [r3, #0]
ARM GAS  C:\Users\karunmj\AppData\Local\Temp\ccWoocNH.s 			page 14


 601              	.L33:
 124:.\modem.c     ****     }
 125:.\modem.c     **** }
 602              		.loc 1 125 0
 603 0046 07F10807 		add	r7, r7, #8
 604 004a BD46     		mov	sp, r7
 605 004c 80BD     		pop	{r7, pc}
 606              		.cfi_endproc
 607              	.LFE38:
 608              		.size	isr_byte_rx, .-isr_byte_rx
 609 004e 00BF     		.text
 610              	.Letext0:
 611              		.section	.debug_loc,"",%progbits
 612              	.Ldebug_loc0:
 613              	.LLST0:
 614 0000 00000000 		.4byte	.LFB29
 615 0004 02000000 		.4byte	.LCFI0
 616 0008 0100     		.2byte	0x1
 617 000a 5D       		.byte	0x5d
 618 000b 02000000 		.4byte	.LCFI0
 619 000f 04000000 		.4byte	.LCFI1
 620 0013 0200     		.2byte	0x2
 621 0015 7D       		.byte	0x7d
 622 0016 04       		.sleb128 4
 623 0017 04000000 		.4byte	.LCFI1
 624 001b 16000000 		.4byte	.LFE29
 625 001f 0200     		.2byte	0x2
 626 0021 77       		.byte	0x77
 627 0022 04       		.sleb128 4
 628 0023 00000000 		.4byte	0x0
 629 0027 00000000 		.4byte	0x0
 630              	.LLST1:
 631 002b 00000000 		.4byte	.LFB30
 632 002f 02000000 		.4byte	.LCFI2
 633 0033 0100     		.2byte	0x1
 634 0035 5D       		.byte	0x5d
 635 0036 02000000 		.4byte	.LCFI2
 636 003a 04000000 		.4byte	.LCFI3
 637 003e 0200     		.2byte	0x2
 638 0040 7D       		.byte	0x7d
 639 0041 08       		.sleb128 8
 640 0042 04000000 		.4byte	.LCFI3
 641 0046 24000000 		.4byte	.LFE30
 642 004a 0200     		.2byte	0x2
 643 004c 77       		.byte	0x77
 644 004d 08       		.sleb128 8
 645 004e 00000000 		.4byte	0x0
 646 0052 00000000 		.4byte	0x0
 647              	.LLST2:
 648 0056 00000000 		.4byte	.LFB31
 649 005a 02000000 		.4byte	.LCFI4
 650 005e 0100     		.2byte	0x1
 651 0060 5D       		.byte	0x5d
 652 0061 02000000 		.4byte	.LCFI4
 653 0065 04000000 		.4byte	.LCFI5
 654 0069 0200     		.2byte	0x2
 655 006b 7D       		.byte	0x7d
ARM GAS  C:\Users\karunmj\AppData\Local\Temp\ccWoocNH.s 			page 15


 656 006c 08       		.sleb128 8
 657 006d 04000000 		.4byte	.LCFI5
 658 0071 06000000 		.4byte	.LCFI6
 659 0075 0200     		.2byte	0x2
 660 0077 7D       		.byte	0x7d
 661 0078 30       		.sleb128 48
 662 0079 06000000 		.4byte	.LCFI6
 663 007d 8A000000 		.4byte	.LFE31
 664 0081 0200     		.2byte	0x2
 665 0083 77       		.byte	0x77
 666 0084 30       		.sleb128 48
 667 0085 00000000 		.4byte	0x0
 668 0089 00000000 		.4byte	0x0
 669              	.LLST3:
 670 008d 00000000 		.4byte	.LFB32
 671 0091 02000000 		.4byte	.LCFI7
 672 0095 0100     		.2byte	0x1
 673 0097 5D       		.byte	0x5d
 674 0098 02000000 		.4byte	.LCFI7
 675 009c 04000000 		.4byte	.LCFI8
 676 00a0 0200     		.2byte	0x2
 677 00a2 7D       		.byte	0x7d
 678 00a3 08       		.sleb128 8
 679 00a4 04000000 		.4byte	.LCFI8
 680 00a8 30000000 		.4byte	.LFE32
 681 00ac 0200     		.2byte	0x2
 682 00ae 77       		.byte	0x77
 683 00af 08       		.sleb128 8
 684 00b0 00000000 		.4byte	0x0
 685 00b4 00000000 		.4byte	0x0
 686              	.LLST4:
 687 00b8 00000000 		.4byte	.LFB33
 688 00bc 02000000 		.4byte	.LCFI9
 689 00c0 0100     		.2byte	0x1
 690 00c2 5D       		.byte	0x5d
 691 00c3 02000000 		.4byte	.LCFI9
 692 00c7 04000000 		.4byte	.LCFI10
 693 00cb 0200     		.2byte	0x2
 694 00cd 7D       		.byte	0x7d
 695 00ce 08       		.sleb128 8
 696 00cf 04000000 		.4byte	.LCFI10
 697 00d3 5C000000 		.4byte	.LFE33
 698 00d7 0200     		.2byte	0x2
 699 00d9 77       		.byte	0x77
 700 00da 08       		.sleb128 8
 701 00db 00000000 		.4byte	0x0
 702 00df 00000000 		.4byte	0x0
 703              	.LLST5:
 704 00e3 00000000 		.4byte	.LFB34
 705 00e7 02000000 		.4byte	.LCFI11
 706 00eb 0100     		.2byte	0x1
 707 00ed 5D       		.byte	0x5d
 708 00ee 02000000 		.4byte	.LCFI11
 709 00f2 04000000 		.4byte	.LCFI12
 710 00f6 0200     		.2byte	0x2
 711 00f8 7D       		.byte	0x7d
 712 00f9 08       		.sleb128 8
ARM GAS  C:\Users\karunmj\AppData\Local\Temp\ccWoocNH.s 			page 16


 713 00fa 04000000 		.4byte	.LCFI12
 714 00fe 06000000 		.4byte	.LCFI13
 715 0102 0200     		.2byte	0x2
 716 0104 7D       		.byte	0x7d
 717 0105 10       		.sleb128 16
 718 0106 06000000 		.4byte	.LCFI13
 719 010a 82000000 		.4byte	.LFE34
 720 010e 0200     		.2byte	0x2
 721 0110 77       		.byte	0x77
 722 0111 10       		.sleb128 16
 723 0112 00000000 		.4byte	0x0
 724 0116 00000000 		.4byte	0x0
 725              	.LLST6:
 726 011a 00000000 		.4byte	.LFB35
 727 011e 02000000 		.4byte	.LCFI14
 728 0122 0100     		.2byte	0x1
 729 0124 5D       		.byte	0x5d
 730 0125 02000000 		.4byte	.LCFI14
 731 0129 04000000 		.4byte	.LCFI15
 732 012d 0200     		.2byte	0x2
 733 012f 7D       		.byte	0x7d
 734 0130 08       		.sleb128 8
 735 0131 04000000 		.4byte	.LCFI15
 736 0135 3C000000 		.4byte	.LFE35
 737 0139 0200     		.2byte	0x2
 738 013b 77       		.byte	0x77
 739 013c 08       		.sleb128 8
 740 013d 00000000 		.4byte	0x0
 741 0141 00000000 		.4byte	0x0
 742              	.LLST7:
 743 0145 00000000 		.4byte	.LFB36
 744 0149 02000000 		.4byte	.LCFI16
 745 014d 0100     		.2byte	0x1
 746 014f 5D       		.byte	0x5d
 747 0150 02000000 		.4byte	.LCFI16
 748 0154 04000000 		.4byte	.LCFI17
 749 0158 0200     		.2byte	0x2
 750 015a 7D       		.byte	0x7d
 751 015b 08       		.sleb128 8
 752 015c 04000000 		.4byte	.LCFI17
 753 0160 3C000000 		.4byte	.LFE36
 754 0164 0200     		.2byte	0x2
 755 0166 77       		.byte	0x77
 756 0167 08       		.sleb128 8
 757 0168 00000000 		.4byte	0x0
 758 016c 00000000 		.4byte	0x0
 759              	.LLST8:
 760 0170 00000000 		.4byte	.LFB37
 761 0174 02000000 		.4byte	.LCFI18
 762 0178 0100     		.2byte	0x1
 763 017a 5D       		.byte	0x5d
 764 017b 02000000 		.4byte	.LCFI18
 765 017f 04000000 		.4byte	.LCFI19
 766 0183 0200     		.2byte	0x2
 767 0185 7D       		.byte	0x7d
 768 0186 08       		.sleb128 8
 769 0187 04000000 		.4byte	.LCFI19
ARM GAS  C:\Users\karunmj\AppData\Local\Temp\ccWoocNH.s 			page 17


 770 018b 06000000 		.4byte	.LCFI20
 771 018f 0200     		.2byte	0x2
 772 0191 7D       		.byte	0x7d
 773 0192 10       		.sleb128 16
 774 0193 06000000 		.4byte	.LCFI20
 775 0197 4E000000 		.4byte	.LFE37
 776 019b 0200     		.2byte	0x2
 777 019d 77       		.byte	0x77
 778 019e 10       		.sleb128 16
 779 019f 00000000 		.4byte	0x0
 780 01a3 00000000 		.4byte	0x0
 781              	.LLST9:
 782 01a7 00000000 		.4byte	.LFB38
 783 01ab 02000000 		.4byte	.LCFI21
 784 01af 0100     		.2byte	0x1
 785 01b1 5D       		.byte	0x5d
 786 01b2 02000000 		.4byte	.LCFI21
 787 01b6 04000000 		.4byte	.LCFI22
 788 01ba 0200     		.2byte	0x2
 789 01bc 7D       		.byte	0x7d
 790 01bd 08       		.sleb128 8
 791 01be 04000000 		.4byte	.LCFI22
 792 01c2 06000000 		.4byte	.LCFI23
 793 01c6 0200     		.2byte	0x2
 794 01c8 7D       		.byte	0x7d
 795 01c9 10       		.sleb128 16
 796 01ca 06000000 		.4byte	.LCFI23
 797 01ce 4E000000 		.4byte	.LFE38
 798 01d2 0200     		.2byte	0x2
 799 01d4 77       		.byte	0x77
 800 01d5 10       		.sleb128 16
 801 01d6 00000000 		.4byte	0x0
 802 01da 00000000 		.4byte	0x0
 803              		.file 2 "./Generated_Source/PSoC5/cytypes.h"
 804              		.file 3 "./Generated_Source/PSoC5/core_cm3.h"
 805              		.file 4 ".\\/modem.h"
 806              		.section	.debug_info
 807 0000 AD020000 		.4byte	0x2ad
 808 0004 0200     		.2byte	0x2
 809 0006 00000000 		.4byte	.Ldebug_abbrev0
 810 000a 04       		.byte	0x4
 811 000b 01       		.uleb128 0x1
 812 000c C7010000 		.4byte	.LASF36
 813 0010 01       		.byte	0x1
 814 0011 A4010000 		.4byte	.LASF37
 815 0015 DB000000 		.4byte	.LASF38
 816 0019 00000000 		.4byte	0x0
 817 001d 00000000 		.4byte	0x0
 818 0021 00000000 		.4byte	.Ldebug_ranges0+0x0
 819 0025 00000000 		.4byte	.Ldebug_line0
 820 0029 02       		.uleb128 0x2
 821 002a 01       		.byte	0x1
 822 002b 06       		.byte	0x6
 823 002c 2E020000 		.4byte	.LASF0
 824 0030 02       		.uleb128 0x2
 825 0031 01       		.byte	0x1
 826 0032 08       		.byte	0x8
ARM GAS  C:\Users\karunmj\AppData\Local\Temp\ccWoocNH.s 			page 18


 827 0033 CD000000 		.4byte	.LASF1
 828 0037 02       		.uleb128 0x2
 829 0038 02       		.byte	0x2
 830 0039 05       		.byte	0x5
 831 003a F6010000 		.4byte	.LASF2
 832 003e 02       		.uleb128 0x2
 833 003f 02       		.byte	0x2
 834 0040 07       		.byte	0x7
 835 0041 50000000 		.4byte	.LASF3
 836 0045 02       		.uleb128 0x2
 837 0046 04       		.byte	0x4
 838 0047 05       		.byte	0x5
 839 0048 0D020000 		.4byte	.LASF4
 840 004c 02       		.uleb128 0x2
 841 004d 04       		.byte	0x4
 842 004e 07       		.byte	0x7
 843 004f A8000000 		.4byte	.LASF5
 844 0053 02       		.uleb128 0x2
 845 0054 08       		.byte	0x8
 846 0055 05       		.byte	0x5
 847 0056 00000000 		.4byte	.LASF6
 848 005a 02       		.uleb128 0x2
 849 005b 08       		.byte	0x8
 850 005c 07       		.byte	0x7
 851 005d 84010000 		.4byte	.LASF7
 852 0061 03       		.uleb128 0x3
 853 0062 04       		.byte	0x4
 854 0063 05       		.byte	0x5
 855 0064 696E7400 		.ascii	"int\000"
 856 0068 02       		.uleb128 0x2
 857 0069 04       		.byte	0x4
 858 006a 07       		.byte	0x7
 859 006b 77010000 		.4byte	.LASF8
 860 006f 04       		.uleb128 0x4
 861 0070 BA000000 		.4byte	.LASF9
 862 0074 02       		.byte	0x2
 863 0075 4C       		.byte	0x4c
 864 0076 30000000 		.4byte	0x30
 865 007a 04       		.uleb128 0x4
 866 007b 69010000 		.4byte	.LASF10
 867 007f 02       		.byte	0x2
 868 0080 4D       		.byte	0x4d
 869 0081 3E000000 		.4byte	0x3e
 870 0085 04       		.uleb128 0x4
 871 0086 70010000 		.4byte	.LASF11
 872 008a 02       		.byte	0x2
 873 008b 4E       		.byte	0x4e
 874 008c 4C000000 		.4byte	0x4c
 875 0090 02       		.uleb128 0x2
 876 0091 04       		.byte	0x4
 877 0092 04       		.byte	0x4
 878 0093 82000000 		.4byte	.LASF12
 879 0097 02       		.uleb128 0x2
 880 0098 08       		.byte	0x8
 881 0099 04       		.byte	0x4
 882 009a 36010000 		.4byte	.LASF13
 883 009e 02       		.uleb128 0x2
ARM GAS  C:\Users\karunmj\AppData\Local\Temp\ccWoocNH.s 			page 19


 884 009f 01       		.byte	0x1
 885 00a0 08       		.byte	0x8
 886 00a1 D3010000 		.4byte	.LASF14
 887 00a5 05       		.uleb128 0x5
 888 00a6 04       		.byte	0x4
 889 00a7 07       		.byte	0x7
 890 00a8 06       		.uleb128 0x6
 891 00a9 01       		.byte	0x1
 892 00aa B7010000 		.4byte	.LASF22
 893 00ae 01       		.byte	0x1
 894 00af 1A       		.byte	0x1a
 895 00b0 6F000000 		.4byte	0x6f
 896 00b4 00000000 		.4byte	.LFB29
 897 00b8 16000000 		.4byte	.LFE29
 898 00bc 00000000 		.4byte	.LLST0
 899 00c0 07       		.uleb128 0x7
 900 00c1 01       		.byte	0x1
 901 00c2 3A020000 		.4byte	.LASF39
 902 00c6 01       		.byte	0x1
 903 00c7 1E       		.byte	0x1e
 904 00c8 00000000 		.4byte	.LFB30
 905 00cc 24000000 		.4byte	.LFE30
 906 00d0 2B000000 		.4byte	.LLST1
 907 00d4 08       		.uleb128 0x8
 908 00d5 01       		.byte	0x1
 909 00d6 1D000000 		.4byte	.LASF25
 910 00da 01       		.byte	0x1
 911 00db 24       		.byte	0x24
 912 00dc 01       		.byte	0x1
 913 00dd 6F000000 		.4byte	0x6f
 914 00e1 00000000 		.4byte	.LFB31
 915 00e5 8A000000 		.4byte	.LFE31
 916 00e9 56000000 		.4byte	.LLST2
 917 00ed 6A010000 		.4byte	0x16a
 918 00f1 09       		.uleb128 0x9
 919 00f2 D8010000 		.4byte	.LASF15
 920 00f6 01       		.byte	0x1
 921 00f7 24       		.byte	0x24
 922 00f8 6A010000 		.4byte	0x16a
 923 00fc 02       		.byte	0x2
 924 00fd 91       		.byte	0x91
 925 00fe 5C       		.sleb128 -36
 926 00ff 09       		.uleb128 0x9
 927 0100 50010000 		.4byte	.LASF16
 928 0104 01       		.byte	0x1
 929 0105 24       		.byte	0x24
 930 0106 6A010000 		.4byte	0x16a
 931 010a 02       		.byte	0x2
 932 010b 91       		.byte	0x91
 933 010c 58       		.sleb128 -40
 934 010d 09       		.uleb128 0x9
 935 010e 00020000 		.4byte	.LASF17
 936 0112 01       		.byte	0x1
 937 0113 24       		.byte	0x24
 938 0114 85000000 		.4byte	0x85
 939 0118 02       		.byte	0x2
 940 0119 91       		.byte	0x91
ARM GAS  C:\Users\karunmj\AppData\Local\Temp\ccWoocNH.s 			page 20


 941 011a 54       		.sleb128 -44
 942 011b 0A       		.uleb128 0xa
 943 011c AE010000 		.4byte	.LASF18
 944 0120 01       		.byte	0x1
 945 0121 25       		.byte	0x25
 946 0122 6F000000 		.4byte	0x6f
 947 0126 02       		.byte	0x2
 948 0127 91       		.byte	0x91
 949 0128 67       		.sleb128 -25
 950 0129 0B       		.uleb128 0xb
 951 012a 6900     		.ascii	"i\000"
 952 012c 01       		.byte	0x1
 953 012d 26       		.byte	0x26
 954 012e 85000000 		.4byte	0x85
 955 0132 02       		.byte	0x2
 956 0133 91       		.byte	0x91
 957 0134 68       		.sleb128 -24
 958 0135 0A       		.uleb128 0xa
 959 0136 88000000 		.4byte	.LASF19
 960 013a 01       		.byte	0x1
 961 013b 27       		.byte	0x27
 962 013c 85000000 		.4byte	0x85
 963 0140 02       		.byte	0x2
 964 0141 91       		.byte	0x91
 965 0142 6C       		.sleb128 -20
 966 0143 0A       		.uleb128 0xa
 967 0144 9B010000 		.4byte	.LASF20
 968 0148 01       		.byte	0x1
 969 0149 28       		.byte	0x28
 970 014a 85000000 		.4byte	0x85
 971 014e 02       		.byte	0x2
 972 014f 91       		.byte	0x91
 973 0150 70       		.sleb128 -16
 974 0151 0C       		.uleb128 0xc
 975 0152 48000000 		.4byte	.LBB2
 976 0156 6E000000 		.4byte	.LBE2
 977 015a 0A       		.uleb128 0xa
 978 015b E4010000 		.4byte	.LASF21
 979 015f 01       		.byte	0x1
 980 0160 2F       		.byte	0x2f
 981 0161 7A000000 		.4byte	0x7a
 982 0165 02       		.byte	0x2
 983 0166 91       		.byte	0x91
 984 0167 76       		.sleb128 -10
 985 0168 00       		.byte	0x0
 986 0169 00       		.byte	0x0
 987 016a 0D       		.uleb128 0xd
 988 016b 04       		.byte	0x4
 989 016c 6F000000 		.4byte	0x6f
 990 0170 06       		.uleb128 0x6
 991 0171 01       		.byte	0x1
 992 0172 22020000 		.4byte	.LASF23
 993 0176 01       		.byte	0x1
 994 0177 3A       		.byte	0x3a
 995 0178 6F000000 		.4byte	0x6f
 996 017c 00000000 		.4byte	.LFB32
 997 0180 30000000 		.4byte	.LFE32
ARM GAS  C:\Users\karunmj\AppData\Local\Temp\ccWoocNH.s 			page 21


 998 0184 8D000000 		.4byte	.LLST3
 999 0188 06       		.uleb128 0x6
 1000 0189 01       		.byte	0x1
 1001 018a 3D010000 		.4byte	.LASF24
 1002 018e 01       		.byte	0x1
 1003 018f 41       		.byte	0x41
 1004 0190 6F000000 		.4byte	0x6f
 1005 0194 00000000 		.4byte	.LFB33
 1006 0198 5C000000 		.4byte	.LFE33
 1007 019c B8000000 		.4byte	.LLST4
 1008 01a0 08       		.uleb128 0x8
 1009 01a1 01       		.byte	0x1
 1010 01a2 46020000 		.4byte	.LASF26
 1011 01a6 01       		.byte	0x1
 1012 01a7 4B       		.byte	0x4b
 1013 01a8 01       		.byte	0x1
 1014 01a9 6F000000 		.4byte	0x6f
 1015 01ad 00000000 		.4byte	.LFB34
 1016 01b1 82000000 		.4byte	.LFE34
 1017 01b5 E3000000 		.4byte	.LLST5
 1018 01b9 DA010000 		.4byte	0x1da
 1019 01bd 09       		.uleb128 0x9
 1020 01be 62010000 		.4byte	.LASF27
 1021 01c2 01       		.byte	0x1
 1022 01c3 4B       		.byte	0x4b
 1023 01c4 6A010000 		.4byte	0x16a
 1024 01c8 02       		.byte	0x2
 1025 01c9 91       		.byte	0x91
 1026 01ca 74       		.sleb128 -12
 1027 01cb 09       		.uleb128 0x9
 1028 01cc 8E000000 		.4byte	.LASF28
 1029 01d0 01       		.byte	0x1
 1030 01d1 4B       		.byte	0x4b
 1031 01d2 6F000000 		.4byte	0x6f
 1032 01d6 02       		.byte	0x2
 1033 01d7 91       		.byte	0x91
 1034 01d8 73       		.sleb128 -13
 1035 01d9 00       		.byte	0x0
 1036 01da 06       		.uleb128 0x6
 1037 01db 01       		.byte	0x1
 1038 01dc 0E000000 		.4byte	.LASF29
 1039 01e0 01       		.byte	0x1
 1040 01e1 57       		.byte	0x57
 1041 01e2 6F000000 		.4byte	0x6f
 1042 01e6 00000000 		.4byte	.LFB35
 1043 01ea 3C000000 		.4byte	.LFE35
 1044 01ee 1A010000 		.4byte	.LLST6
 1045 01f2 06       		.uleb128 0x6
 1046 01f3 01       		.byte	0x1
 1047 01f4 2E000000 		.4byte	.LASF30
 1048 01f8 01       		.byte	0x1
 1049 01f9 60       		.byte	0x60
 1050 01fa 6F000000 		.4byte	0x6f
 1051 01fe 00000000 		.4byte	.LFB36
 1052 0202 3C000000 		.4byte	.LFE36
 1053 0206 45010000 		.4byte	.LLST7
 1054 020a 0E       		.uleb128 0xe
ARM GAS  C:\Users\karunmj\AppData\Local\Temp\ccWoocNH.s 			page 22


 1055 020b 01       		.byte	0x1
 1056 020c 63000000 		.4byte	.LASF40
 1057 0210 01       		.byte	0x1
 1058 0211 69       		.byte	0x69
 1059 0212 00000000 		.4byte	.LFB37
 1060 0216 4E000000 		.4byte	.LFE37
 1061 021a 70010000 		.4byte	.LLST8
 1062 021e 2F020000 		.4byte	0x22f
 1063 0222 0B       		.uleb128 0xb
 1064 0223 6900     		.ascii	"i\000"
 1065 0225 01       		.byte	0x1
 1066 0226 6B       		.byte	0x6b
 1067 0227 6F000000 		.4byte	0x6f
 1068 022b 02       		.byte	0x2
 1069 022c 91       		.byte	0x91
 1070 022d 77       		.sleb128 -9
 1071 022e 00       		.byte	0x0
 1072 022f 0F       		.uleb128 0xf
 1073 0230 01       		.byte	0x1
 1074 0231 EA010000 		.4byte	.LASF41
 1075 0235 01       		.byte	0x1
 1076 0236 74       		.byte	0x74
 1077 0237 01       		.byte	0x1
 1078 0238 00000000 		.4byte	.LFB38
 1079 023c 4E000000 		.4byte	.LFE38
 1080 0240 A7010000 		.4byte	.LLST9
 1081 0244 57020000 		.4byte	0x257
 1082 0248 0A       		.uleb128 0xa
 1083 0249 75000000 		.4byte	.LASF31
 1084 024d 01       		.byte	0x1
 1085 024e 76       		.byte	0x76
 1086 024f 6F000000 		.4byte	0x6f
 1087 0253 02       		.byte	0x2
 1088 0254 91       		.byte	0x91
 1089 0255 77       		.sleb128 -9
 1090 0256 00       		.byte	0x0
 1091 0257 10       		.uleb128 0x10
 1092 0258 C0000000 		.4byte	.LASF32
 1093 025c 03       		.byte	0x3
 1094 025d CE06     		.2byte	0x6ce
 1095 025f 65020000 		.4byte	0x265
 1096 0263 01       		.byte	0x1
 1097 0264 01       		.byte	0x1
 1098 0265 11       		.uleb128 0x11
 1099 0266 61000000 		.4byte	0x61
 1100 026a 12       		.uleb128 0x12
 1101 026b 16020000 		.4byte	.LASF33
 1102 026f 04       		.byte	0x4
 1103 0270 12       		.byte	0x12
 1104 0271 6F000000 		.4byte	0x6f
 1105 0275 01       		.byte	0x1
 1106 0276 05       		.byte	0x5
 1107 0277 03       		.byte	0x3
 1108 0278 00000000 		.4byte	modem_state
 1109 027c 13       		.uleb128 0x13
 1110 027d 6F000000 		.4byte	0x6f
 1111 0281 8C020000 		.4byte	0x28c
ARM GAS  C:\Users\karunmj\AppData\Local\Temp\ccWoocNH.s 			page 23


 1112 0285 14       		.uleb128 0x14
 1113 0286 A5000000 		.4byte	0xa5
 1114 028a 7F       		.byte	0x7f
 1115 028b 00       		.byte	0x0
 1116 028c 12       		.uleb128 0x12
 1117 028d 93000000 		.4byte	.LASF34
 1118 0291 01       		.byte	0x1
 1119 0292 12       		.byte	0x12
 1120 0293 7C020000 		.4byte	0x27c
 1121 0297 01       		.byte	0x1
 1122 0298 05       		.byte	0x5
 1123 0299 03       		.byte	0x3
 1124 029a 00000000 		.4byte	uart_received_string
 1125 029e 12       		.uleb128 0x12
 1126 029f 3E000000 		.4byte	.LASF35
 1127 02a3 01       		.byte	0x1
 1128 02a4 13       		.byte	0x13
 1129 02a5 6F000000 		.4byte	0x6f
 1130 02a9 01       		.byte	0x1
 1131 02aa 05       		.byte	0x5
 1132 02ab 03       		.byte	0x3
 1133 02ac 00000000 		.4byte	uart_string_index
 1134 02b0 00       		.byte	0x0
 1135              		.section	.debug_abbrev
 1136 0000 01       		.uleb128 0x1
 1137 0001 11       		.uleb128 0x11
 1138 0002 01       		.byte	0x1
 1139 0003 25       		.uleb128 0x25
 1140 0004 0E       		.uleb128 0xe
 1141 0005 13       		.uleb128 0x13
 1142 0006 0B       		.uleb128 0xb
 1143 0007 03       		.uleb128 0x3
 1144 0008 0E       		.uleb128 0xe
 1145 0009 1B       		.uleb128 0x1b
 1146 000a 0E       		.uleb128 0xe
 1147 000b 11       		.uleb128 0x11
 1148 000c 01       		.uleb128 0x1
 1149 000d 52       		.uleb128 0x52
 1150 000e 01       		.uleb128 0x1
 1151 000f 55       		.uleb128 0x55
 1152 0010 06       		.uleb128 0x6
 1153 0011 10       		.uleb128 0x10
 1154 0012 06       		.uleb128 0x6
 1155 0013 00       		.byte	0x0
 1156 0014 00       		.byte	0x0
 1157 0015 02       		.uleb128 0x2
 1158 0016 24       		.uleb128 0x24
 1159 0017 00       		.byte	0x0
 1160 0018 0B       		.uleb128 0xb
 1161 0019 0B       		.uleb128 0xb
 1162 001a 3E       		.uleb128 0x3e
 1163 001b 0B       		.uleb128 0xb
 1164 001c 03       		.uleb128 0x3
 1165 001d 0E       		.uleb128 0xe
 1166 001e 00       		.byte	0x0
 1167 001f 00       		.byte	0x0
 1168 0020 03       		.uleb128 0x3
ARM GAS  C:\Users\karunmj\AppData\Local\Temp\ccWoocNH.s 			page 24


 1169 0021 24       		.uleb128 0x24
 1170 0022 00       		.byte	0x0
 1171 0023 0B       		.uleb128 0xb
 1172 0024 0B       		.uleb128 0xb
 1173 0025 3E       		.uleb128 0x3e
 1174 0026 0B       		.uleb128 0xb
 1175 0027 03       		.uleb128 0x3
 1176 0028 08       		.uleb128 0x8
 1177 0029 00       		.byte	0x0
 1178 002a 00       		.byte	0x0
 1179 002b 04       		.uleb128 0x4
 1180 002c 16       		.uleb128 0x16
 1181 002d 00       		.byte	0x0
 1182 002e 03       		.uleb128 0x3
 1183 002f 0E       		.uleb128 0xe
 1184 0030 3A       		.uleb128 0x3a
 1185 0031 0B       		.uleb128 0xb
 1186 0032 3B       		.uleb128 0x3b
 1187 0033 0B       		.uleb128 0xb
 1188 0034 49       		.uleb128 0x49
 1189 0035 13       		.uleb128 0x13
 1190 0036 00       		.byte	0x0
 1191 0037 00       		.byte	0x0
 1192 0038 05       		.uleb128 0x5
 1193 0039 24       		.uleb128 0x24
 1194 003a 00       		.byte	0x0
 1195 003b 0B       		.uleb128 0xb
 1196 003c 0B       		.uleb128 0xb
 1197 003d 3E       		.uleb128 0x3e
 1198 003e 0B       		.uleb128 0xb
 1199 003f 00       		.byte	0x0
 1200 0040 00       		.byte	0x0
 1201 0041 06       		.uleb128 0x6
 1202 0042 2E       		.uleb128 0x2e
 1203 0043 00       		.byte	0x0
 1204 0044 3F       		.uleb128 0x3f
 1205 0045 0C       		.uleb128 0xc
 1206 0046 03       		.uleb128 0x3
 1207 0047 0E       		.uleb128 0xe
 1208 0048 3A       		.uleb128 0x3a
 1209 0049 0B       		.uleb128 0xb
 1210 004a 3B       		.uleb128 0x3b
 1211 004b 0B       		.uleb128 0xb
 1212 004c 49       		.uleb128 0x49
 1213 004d 13       		.uleb128 0x13
 1214 004e 11       		.uleb128 0x11
 1215 004f 01       		.uleb128 0x1
 1216 0050 12       		.uleb128 0x12
 1217 0051 01       		.uleb128 0x1
 1218 0052 40       		.uleb128 0x40
 1219 0053 06       		.uleb128 0x6
 1220 0054 00       		.byte	0x0
 1221 0055 00       		.byte	0x0
 1222 0056 07       		.uleb128 0x7
 1223 0057 2E       		.uleb128 0x2e
 1224 0058 00       		.byte	0x0
 1225 0059 3F       		.uleb128 0x3f
ARM GAS  C:\Users\karunmj\AppData\Local\Temp\ccWoocNH.s 			page 25


 1226 005a 0C       		.uleb128 0xc
 1227 005b 03       		.uleb128 0x3
 1228 005c 0E       		.uleb128 0xe
 1229 005d 3A       		.uleb128 0x3a
 1230 005e 0B       		.uleb128 0xb
 1231 005f 3B       		.uleb128 0x3b
 1232 0060 0B       		.uleb128 0xb
 1233 0061 11       		.uleb128 0x11
 1234 0062 01       		.uleb128 0x1
 1235 0063 12       		.uleb128 0x12
 1236 0064 01       		.uleb128 0x1
 1237 0065 40       		.uleb128 0x40
 1238 0066 06       		.uleb128 0x6
 1239 0067 00       		.byte	0x0
 1240 0068 00       		.byte	0x0
 1241 0069 08       		.uleb128 0x8
 1242 006a 2E       		.uleb128 0x2e
 1243 006b 01       		.byte	0x1
 1244 006c 3F       		.uleb128 0x3f
 1245 006d 0C       		.uleb128 0xc
 1246 006e 03       		.uleb128 0x3
 1247 006f 0E       		.uleb128 0xe
 1248 0070 3A       		.uleb128 0x3a
 1249 0071 0B       		.uleb128 0xb
 1250 0072 3B       		.uleb128 0x3b
 1251 0073 0B       		.uleb128 0xb
 1252 0074 27       		.uleb128 0x27
 1253 0075 0C       		.uleb128 0xc
 1254 0076 49       		.uleb128 0x49
 1255 0077 13       		.uleb128 0x13
 1256 0078 11       		.uleb128 0x11
 1257 0079 01       		.uleb128 0x1
 1258 007a 12       		.uleb128 0x12
 1259 007b 01       		.uleb128 0x1
 1260 007c 40       		.uleb128 0x40
 1261 007d 06       		.uleb128 0x6
 1262 007e 01       		.uleb128 0x1
 1263 007f 13       		.uleb128 0x13
 1264 0080 00       		.byte	0x0
 1265 0081 00       		.byte	0x0
 1266 0082 09       		.uleb128 0x9
 1267 0083 05       		.uleb128 0x5
 1268 0084 00       		.byte	0x0
 1269 0085 03       		.uleb128 0x3
 1270 0086 0E       		.uleb128 0xe
 1271 0087 3A       		.uleb128 0x3a
 1272 0088 0B       		.uleb128 0xb
 1273 0089 3B       		.uleb128 0x3b
 1274 008a 0B       		.uleb128 0xb
 1275 008b 49       		.uleb128 0x49
 1276 008c 13       		.uleb128 0x13
 1277 008d 02       		.uleb128 0x2
 1278 008e 0A       		.uleb128 0xa
 1279 008f 00       		.byte	0x0
 1280 0090 00       		.byte	0x0
 1281 0091 0A       		.uleb128 0xa
 1282 0092 34       		.uleb128 0x34
ARM GAS  C:\Users\karunmj\AppData\Local\Temp\ccWoocNH.s 			page 26


 1283 0093 00       		.byte	0x0
 1284 0094 03       		.uleb128 0x3
 1285 0095 0E       		.uleb128 0xe
 1286 0096 3A       		.uleb128 0x3a
 1287 0097 0B       		.uleb128 0xb
 1288 0098 3B       		.uleb128 0x3b
 1289 0099 0B       		.uleb128 0xb
 1290 009a 49       		.uleb128 0x49
 1291 009b 13       		.uleb128 0x13
 1292 009c 02       		.uleb128 0x2
 1293 009d 0A       		.uleb128 0xa
 1294 009e 00       		.byte	0x0
 1295 009f 00       		.byte	0x0
 1296 00a0 0B       		.uleb128 0xb
 1297 00a1 34       		.uleb128 0x34
 1298 00a2 00       		.byte	0x0
 1299 00a3 03       		.uleb128 0x3
 1300 00a4 08       		.uleb128 0x8
 1301 00a5 3A       		.uleb128 0x3a
 1302 00a6 0B       		.uleb128 0xb
 1303 00a7 3B       		.uleb128 0x3b
 1304 00a8 0B       		.uleb128 0xb
 1305 00a9 49       		.uleb128 0x49
 1306 00aa 13       		.uleb128 0x13
 1307 00ab 02       		.uleb128 0x2
 1308 00ac 0A       		.uleb128 0xa
 1309 00ad 00       		.byte	0x0
 1310 00ae 00       		.byte	0x0
 1311 00af 0C       		.uleb128 0xc
 1312 00b0 0B       		.uleb128 0xb
 1313 00b1 01       		.byte	0x1
 1314 00b2 11       		.uleb128 0x11
 1315 00b3 01       		.uleb128 0x1
 1316 00b4 12       		.uleb128 0x12
 1317 00b5 01       		.uleb128 0x1
 1318 00b6 00       		.byte	0x0
 1319 00b7 00       		.byte	0x0
 1320 00b8 0D       		.uleb128 0xd
 1321 00b9 0F       		.uleb128 0xf
 1322 00ba 00       		.byte	0x0
 1323 00bb 0B       		.uleb128 0xb
 1324 00bc 0B       		.uleb128 0xb
 1325 00bd 49       		.uleb128 0x49
 1326 00be 13       		.uleb128 0x13
 1327 00bf 00       		.byte	0x0
 1328 00c0 00       		.byte	0x0
 1329 00c1 0E       		.uleb128 0xe
 1330 00c2 2E       		.uleb128 0x2e
 1331 00c3 01       		.byte	0x1
 1332 00c4 3F       		.uleb128 0x3f
 1333 00c5 0C       		.uleb128 0xc
 1334 00c6 03       		.uleb128 0x3
 1335 00c7 0E       		.uleb128 0xe
 1336 00c8 3A       		.uleb128 0x3a
 1337 00c9 0B       		.uleb128 0xb
 1338 00ca 3B       		.uleb128 0x3b
 1339 00cb 0B       		.uleb128 0xb
ARM GAS  C:\Users\karunmj\AppData\Local\Temp\ccWoocNH.s 			page 27


 1340 00cc 11       		.uleb128 0x11
 1341 00cd 01       		.uleb128 0x1
 1342 00ce 12       		.uleb128 0x12
 1343 00cf 01       		.uleb128 0x1
 1344 00d0 40       		.uleb128 0x40
 1345 00d1 06       		.uleb128 0x6
 1346 00d2 01       		.uleb128 0x1
 1347 00d3 13       		.uleb128 0x13
 1348 00d4 00       		.byte	0x0
 1349 00d5 00       		.byte	0x0
 1350 00d6 0F       		.uleb128 0xf
 1351 00d7 2E       		.uleb128 0x2e
 1352 00d8 01       		.byte	0x1
 1353 00d9 3F       		.uleb128 0x3f
 1354 00da 0C       		.uleb128 0xc
 1355 00db 03       		.uleb128 0x3
 1356 00dc 0E       		.uleb128 0xe
 1357 00dd 3A       		.uleb128 0x3a
 1358 00de 0B       		.uleb128 0xb
 1359 00df 3B       		.uleb128 0x3b
 1360 00e0 0B       		.uleb128 0xb
 1361 00e1 27       		.uleb128 0x27
 1362 00e2 0C       		.uleb128 0xc
 1363 00e3 11       		.uleb128 0x11
 1364 00e4 01       		.uleb128 0x1
 1365 00e5 12       		.uleb128 0x12
 1366 00e6 01       		.uleb128 0x1
 1367 00e7 40       		.uleb128 0x40
 1368 00e8 06       		.uleb128 0x6
 1369 00e9 01       		.uleb128 0x1
 1370 00ea 13       		.uleb128 0x13
 1371 00eb 00       		.byte	0x0
 1372 00ec 00       		.byte	0x0
 1373 00ed 10       		.uleb128 0x10
 1374 00ee 34       		.uleb128 0x34
 1375 00ef 00       		.byte	0x0
 1376 00f0 03       		.uleb128 0x3
 1377 00f1 0E       		.uleb128 0xe
 1378 00f2 3A       		.uleb128 0x3a
 1379 00f3 0B       		.uleb128 0xb
 1380 00f4 3B       		.uleb128 0x3b
 1381 00f5 05       		.uleb128 0x5
 1382 00f6 49       		.uleb128 0x49
 1383 00f7 13       		.uleb128 0x13
 1384 00f8 3F       		.uleb128 0x3f
 1385 00f9 0C       		.uleb128 0xc
 1386 00fa 3C       		.uleb128 0x3c
 1387 00fb 0C       		.uleb128 0xc
 1388 00fc 00       		.byte	0x0
 1389 00fd 00       		.byte	0x0
 1390 00fe 11       		.uleb128 0x11
 1391 00ff 35       		.uleb128 0x35
 1392 0100 00       		.byte	0x0
 1393 0101 49       		.uleb128 0x49
 1394 0102 13       		.uleb128 0x13
 1395 0103 00       		.byte	0x0
 1396 0104 00       		.byte	0x0
ARM GAS  C:\Users\karunmj\AppData\Local\Temp\ccWoocNH.s 			page 28


 1397 0105 12       		.uleb128 0x12
 1398 0106 34       		.uleb128 0x34
 1399 0107 00       		.byte	0x0
 1400 0108 03       		.uleb128 0x3
 1401 0109 0E       		.uleb128 0xe
 1402 010a 3A       		.uleb128 0x3a
 1403 010b 0B       		.uleb128 0xb
 1404 010c 3B       		.uleb128 0x3b
 1405 010d 0B       		.uleb128 0xb
 1406 010e 49       		.uleb128 0x49
 1407 010f 13       		.uleb128 0x13
 1408 0110 3F       		.uleb128 0x3f
 1409 0111 0C       		.uleb128 0xc
 1410 0112 02       		.uleb128 0x2
 1411 0113 0A       		.uleb128 0xa
 1412 0114 00       		.byte	0x0
 1413 0115 00       		.byte	0x0
 1414 0116 13       		.uleb128 0x13
 1415 0117 01       		.uleb128 0x1
 1416 0118 01       		.byte	0x1
 1417 0119 49       		.uleb128 0x49
 1418 011a 13       		.uleb128 0x13
 1419 011b 01       		.uleb128 0x1
 1420 011c 13       		.uleb128 0x13
 1421 011d 00       		.byte	0x0
 1422 011e 00       		.byte	0x0
 1423 011f 14       		.uleb128 0x14
 1424 0120 21       		.uleb128 0x21
 1425 0121 00       		.byte	0x0
 1426 0122 49       		.uleb128 0x49
 1427 0123 13       		.uleb128 0x13
 1428 0124 2F       		.uleb128 0x2f
 1429 0125 0B       		.uleb128 0xb
 1430 0126 00       		.byte	0x0
 1431 0127 00       		.byte	0x0
 1432 0128 00       		.byte	0x0
 1433              		.section	.debug_pubnames,"",%progbits
 1434 0000 10010000 		.4byte	0x110
 1435 0004 0200     		.2byte	0x2
 1436 0006 00000000 		.4byte	.Ldebug_info0
 1437 000a B1020000 		.4byte	0x2b1
 1438 000e A8000000 		.4byte	0xa8
 1439 0012 6D6F6465 		.ascii	"modem_get_state\000"
 1439      6D5F6765 
 1439      745F7374 
 1439      61746500 
 1440 0022 C0000000 		.4byte	0xc0
 1441 0026 6D6F6465 		.ascii	"modem_start\000"
 1441      6D5F7374 
 1441      61727400 
 1442 0032 D4000000 		.4byte	0xd4
 1443 0036 61745F77 		.ascii	"at_write_command\000"
 1443      72697465 
 1443      5F636F6D 
 1443      6D616E64 
 1443      00
 1444 0047 70010000 		.4byte	0x170
ARM GAS  C:\Users\karunmj\AppData\Local\Temp\ccWoocNH.s 			page 29


 1445 004b 6D6F6465 		.ascii	"modem_reset\000"
 1445      6D5F7265 
 1445      73657400 
 1446 0057 88010000 		.4byte	0x188
 1447 005b 6D6F6465 		.ascii	"modem_join_network\000"
 1447      6D5F6A6F 
 1447      696E5F6E 
 1447      6574776F 
 1447      726B00
 1448 006e A0010000 		.4byte	0x1a0
 1449 0072 6D6F6465 		.ascii	"modem_send_packet\000"
 1449      6D5F7365 
 1449      6E645F70 
 1449      61636B65 
 1449      7400
 1450 0084 DA010000 		.4byte	0x1da
 1451 0088 6D6F6465 		.ascii	"modem_power_on\000"
 1451      6D5F706F 
 1451      7765725F 
 1451      6F6E00
 1452 0097 F2010000 		.4byte	0x1f2
 1453 009b 6D6F6465 		.ascii	"modem_power_off\000"
 1453      6D5F706F 
 1453      7765725F 
 1453      6F666600 
 1454 00ab 0A020000 		.4byte	0x20a
 1455 00af 75617274 		.ascii	"uart_string_reset\000"
 1455      5F737472 
 1455      696E675F 
 1455      72657365 
 1455      7400
 1456 00c1 2F020000 		.4byte	0x22f
 1457 00c5 6973725F 		.ascii	"isr_byte_rx\000"
 1457      62797465 
 1457      5F727800 
 1458 00d1 6A020000 		.4byte	0x26a
 1459 00d5 6D6F6465 		.ascii	"modem_state\000"
 1459      6D5F7374 
 1459      61746500 
 1460 00e1 8C020000 		.4byte	0x28c
 1461 00e5 75617274 		.ascii	"uart_received_string\000"
 1461      5F726563 
 1461      65697665 
 1461      645F7374 
 1461      72696E67 
 1462 00fa 9E020000 		.4byte	0x29e
 1463 00fe 75617274 		.ascii	"uart_string_index\000"
 1463      5F737472 
 1463      696E675F 
 1463      696E6465 
 1463      7800
 1464 0110 00000000 		.4byte	0x0
 1465              		.section	.debug_aranges,"",%progbits
 1466 0000 64000000 		.4byte	0x64
 1467 0004 0200     		.2byte	0x2
 1468 0006 00000000 		.4byte	.Ldebug_info0
 1469 000a 04       		.byte	0x4
ARM GAS  C:\Users\karunmj\AppData\Local\Temp\ccWoocNH.s 			page 30


 1470 000b 00       		.byte	0x0
 1471 000c 0000     		.2byte	0x0
 1472 000e 0000     		.2byte	0x0
 1473 0010 00000000 		.4byte	.LFB29
 1474 0014 16000000 		.4byte	.LFE29-.LFB29
 1475 0018 00000000 		.4byte	.LFB30
 1476 001c 24000000 		.4byte	.LFE30-.LFB30
 1477 0020 00000000 		.4byte	.LFB31
 1478 0024 8A000000 		.4byte	.LFE31-.LFB31
 1479 0028 00000000 		.4byte	.LFB32
 1480 002c 30000000 		.4byte	.LFE32-.LFB32
 1481 0030 00000000 		.4byte	.LFB33
 1482 0034 5C000000 		.4byte	.LFE33-.LFB33
 1483 0038 00000000 		.4byte	.LFB34
 1484 003c 82000000 		.4byte	.LFE34-.LFB34
 1485 0040 00000000 		.4byte	.LFB35
 1486 0044 3C000000 		.4byte	.LFE35-.LFB35
 1487 0048 00000000 		.4byte	.LFB36
 1488 004c 3C000000 		.4byte	.LFE36-.LFB36
 1489 0050 00000000 		.4byte	.LFB37
 1490 0054 4E000000 		.4byte	.LFE37-.LFB37
 1491 0058 00000000 		.4byte	.LFB38
 1492 005c 4E000000 		.4byte	.LFE38-.LFB38
 1493 0060 00000000 		.4byte	0x0
 1494 0064 00000000 		.4byte	0x0
 1495              		.section	.debug_ranges,"",%progbits
 1496              	.Ldebug_ranges0:
 1497 0000 00000000 		.4byte	.Ltext0
 1498 0004 00000000 		.4byte	.Letext0
 1499 0008 00000000 		.4byte	.LFB29
 1500 000c 16000000 		.4byte	.LFE29
 1501 0010 00000000 		.4byte	.LFB30
 1502 0014 24000000 		.4byte	.LFE30
 1503 0018 00000000 		.4byte	.LFB31
 1504 001c 8A000000 		.4byte	.LFE31
 1505 0020 00000000 		.4byte	.LFB32
 1506 0024 30000000 		.4byte	.LFE32
 1507 0028 00000000 		.4byte	.LFB33
 1508 002c 5C000000 		.4byte	.LFE33
 1509 0030 00000000 		.4byte	.LFB34
 1510 0034 82000000 		.4byte	.LFE34
 1511 0038 00000000 		.4byte	.LFB35
 1512 003c 3C000000 		.4byte	.LFE35
 1513 0040 00000000 		.4byte	.LFB36
 1514 0044 3C000000 		.4byte	.LFE36
 1515 0048 00000000 		.4byte	.LFB37
 1516 004c 4E000000 		.4byte	.LFE37
 1517 0050 00000000 		.4byte	.LFB38
 1518 0054 4E000000 		.4byte	.LFE38
 1519 0058 00000000 		.4byte	0x0
 1520 005c 00000000 		.4byte	0x0
 1521              		.section	.debug_str,"MS",%progbits,1
 1522              	.LASF6:
 1523 0000 6C6F6E67 		.ascii	"long long int\000"
 1523      206C6F6E 
 1523      6720696E 
 1523      7400
ARM GAS  C:\Users\karunmj\AppData\Local\Temp\ccWoocNH.s 			page 31


 1524              	.LASF29:
 1525 000e 6D6F6465 		.ascii	"modem_power_on\000"
 1525      6D5F706F 
 1525      7765725F 
 1525      6F6E00
 1526              	.LASF25:
 1527 001d 61745F77 		.ascii	"at_write_command\000"
 1527      72697465 
 1527      5F636F6D 
 1527      6D616E64 
 1527      00
 1528              	.LASF30:
 1529 002e 6D6F6465 		.ascii	"modem_power_off\000"
 1529      6D5F706F 
 1529      7765725F 
 1529      6F666600 
 1530              	.LASF35:
 1531 003e 75617274 		.ascii	"uart_string_index\000"
 1531      5F737472 
 1531      696E675F 
 1531      696E6465 
 1531      7800
 1532              	.LASF3:
 1533 0050 73686F72 		.ascii	"short unsigned int\000"
 1533      7420756E 
 1533      7369676E 
 1533      65642069 
 1533      6E7400
 1534              	.LASF40:
 1535 0063 75617274 		.ascii	"uart_string_reset\000"
 1535      5F737472 
 1535      696E675F 
 1535      72657365 
 1535      7400
 1536              	.LASF31:
 1537 0075 72785F63 		.ascii	"rx_char_hold\000"
 1537      6861725F 
 1537      686F6C64 
 1537      00
 1538              	.LASF12:
 1539 0082 666C6F61 		.ascii	"float\000"
 1539      7400
 1540              	.LASF19:
 1541 0088 64656C61 		.ascii	"delay\000"
 1541      7900
 1542              	.LASF28:
 1543 008e 73697A65 		.ascii	"size\000"
 1543      00
 1544              	.LASF34:
 1545 0093 75617274 		.ascii	"uart_received_string\000"
 1545      5F726563 
 1545      65697665 
 1545      645F7374 
 1545      72696E67 
 1546              	.LASF5:
 1547 00a8 6C6F6E67 		.ascii	"long unsigned int\000"
 1547      20756E73 
ARM GAS  C:\Users\karunmj\AppData\Local\Temp\ccWoocNH.s 			page 32


 1547      69676E65 
 1547      6420696E 
 1547      7400
 1548              	.LASF9:
 1549 00ba 75696E74 		.ascii	"uint8\000"
 1549      3800
 1550              	.LASF32:
 1551 00c0 49544D5F 		.ascii	"ITM_RxBuffer\000"
 1551      52784275 
 1551      66666572 
 1551      00
 1552              	.LASF1:
 1553 00cd 756E7369 		.ascii	"unsigned char\000"
 1553      676E6564 
 1553      20636861 
 1553      7200
 1554              	.LASF38:
 1555 00db 433A5C55 		.ascii	"C:\\Users\\karunmj\\Google Drive\\SURE\\Resources\\"
 1555      73657273 
 1555      5C6B6172 
 1555      756E6D6A 
 1555      5C476F6F 
 1556 0108 50536F43 		.ascii	"PSoC\\m2m\\hardware\\psoc5\\PSoC_Datalogger.cydsn\000"
 1556      5C6D326D 
 1556      5C686172 
 1556      64776172 
 1556      655C7073 
 1557              	.LASF13:
 1558 0136 646F7562 		.ascii	"double\000"
 1558      6C6500
 1559              	.LASF24:
 1560 013d 6D6F6465 		.ascii	"modem_join_network\000"
 1560      6D5F6A6F 
 1560      696E5F6E 
 1560      6574776F 
 1560      726B00
 1561              	.LASF16:
 1562 0150 65787065 		.ascii	"expected_response\000"
 1562      63746564 
 1562      5F726573 
 1562      706F6E73 
 1562      6500
 1563              	.LASF27:
 1564 0162 7061636B 		.ascii	"packet\000"
 1564      657400
 1565              	.LASF10:
 1566 0169 75696E74 		.ascii	"uint16\000"
 1566      313600
 1567              	.LASF11:
 1568 0170 75696E74 		.ascii	"uint32\000"
 1568      333200
 1569              	.LASF8:
 1570 0177 756E7369 		.ascii	"unsigned int\000"
 1570      676E6564 
 1570      20696E74 
 1570      00
 1571              	.LASF7:
ARM GAS  C:\Users\karunmj\AppData\Local\Temp\ccWoocNH.s 			page 33


 1572 0184 6C6F6E67 		.ascii	"long long unsigned int\000"
 1572      206C6F6E 
 1572      6720756E 
 1572      7369676E 
 1572      65642069 
 1573              	.LASF20:
 1574 019b 696E7465 		.ascii	"interval\000"
 1574      7276616C 
 1574      00
 1575              	.LASF37:
 1576 01a4 2E5C6D6F 		.ascii	".\\modem.c\000"
 1576      64656D2E 
 1576      6300
 1577              	.LASF18:
 1578 01ae 72657370 		.ascii	"response\000"
 1578      6F6E7365 
 1578      00
 1579              	.LASF22:
 1580 01b7 6D6F6465 		.ascii	"modem_get_state\000"
 1580      6D5F6765 
 1580      745F7374 
 1580      61746500 
 1581              	.LASF36:
 1582 01c7 474E5520 		.ascii	"GNU C 4.4.1\000"
 1582      4320342E 
 1582      342E3100 
 1583              	.LASF14:
 1584 01d3 63686172 		.ascii	"char\000"
 1584      00
 1585              	.LASF15:
 1586 01d8 75617274 		.ascii	"uart_string\000"
 1586      5F737472 
 1586      696E6700 
 1587              	.LASF21:
 1588 01e4 76616C69 		.ascii	"valid\000"
 1588      6400
 1589              	.LASF41:
 1590 01ea 6973725F 		.ascii	"isr_byte_rx\000"
 1590      62797465 
 1590      5F727800 
 1591              	.LASF2:
 1592 01f6 73686F72 		.ascii	"short int\000"
 1592      7420696E 
 1592      7400
 1593              	.LASF17:
 1594 0200 75617274 		.ascii	"uart_timeout\000"
 1594      5F74696D 
 1594      656F7574 
 1594      00
 1595              	.LASF4:
 1596 020d 6C6F6E67 		.ascii	"long int\000"
 1596      20696E74 
 1596      00
 1597              	.LASF33:
 1598 0216 6D6F6465 		.ascii	"modem_state\000"
 1598      6D5F7374 
 1598      61746500 
ARM GAS  C:\Users\karunmj\AppData\Local\Temp\ccWoocNH.s 			page 34


 1599              	.LASF23:
 1600 0222 6D6F6465 		.ascii	"modem_reset\000"
 1600      6D5F7265 
 1600      73657400 
 1601              	.LASF0:
 1602 022e 7369676E 		.ascii	"signed char\000"
 1602      65642063 
 1602      68617200 
 1603              	.LASF39:
 1604 023a 6D6F6465 		.ascii	"modem_start\000"
 1604      6D5F7374 
 1604      61727400 
 1605              	.LASF26:
 1606 0246 6D6F6465 		.ascii	"modem_send_packet\000"
 1606      6D5F7365 
 1606      6E645F70 
 1606      61636B65 
 1606      7400
 1607              		.ident	"GCC: (Sourcery G++ Lite 2010q1-188) 4.4.1"
