ARM GAS  C:\Users\karunmj\AppData\Local\Temp\ccPyO0UW.s 			page 1


   1              		.syntax unified
   2              		.cpu cortex-m3
   3              		.fpu softvfp
   4              		.eabi_attribute 20, 1
   5              		.eabi_attribute 21, 1
   6              		.eabi_attribute 23, 3
   7              		.eabi_attribute 24, 1
   8              		.eabi_attribute 25, 1
   9              		.eabi_attribute 26, 1
  10              		.eabi_attribute 30, 6
  11              		.eabi_attribute 18, 4
  12              		.thumb
  13              		.file	"AMuxSeq_1.c"
  14              		.section	.debug_abbrev,"",%progbits
  15              	.Ldebug_abbrev0:
  16              		.section	.debug_info,"",%progbits
  17              	.Ldebug_info0:
  18              		.section	.debug_line,"",%progbits
  19              	.Ldebug_line0:
  20 0000 AF000000 		.text
  20      02006200 
  20      00000201 
  20      FB0E0D00 
  20      01010101 
  21              	.Ltext0:
  22              		.cfi_sections	.debug_frame
  23              		.global	AMuxSeq_1_initVar
  24              		.bss
  25              		.type	AMuxSeq_1_initVar, %object
  26              		.size	AMuxSeq_1_initVar, 1
  27              	AMuxSeq_1_initVar:
  28 0000 00       		.space	1
  29              		.section	.text.AMuxSeq_1_Start,"ax",%progbits
  30              		.align	2
  31              		.global	AMuxSeq_1_Start
  32              		.thumb
  33              		.thumb_func
  34              		.type	AMuxSeq_1_Start, %function
  35              	AMuxSeq_1_Start:
  36              	.LFB0:
  37              		.file 1 ".\\Generated_Source\\PSoC5\\AMuxSeq_1.c"
   1:.\Generated_Source\PSoC5/AMuxSeq_1.c **** /*******************************************************************************
   2:.\Generated_Source\PSoC5/AMuxSeq_1.c **** * File Name: AMuxSeq_1.c
   3:.\Generated_Source\PSoC5/AMuxSeq_1.c **** * Version 1.70
   4:.\Generated_Source\PSoC5/AMuxSeq_1.c **** *
   5:.\Generated_Source\PSoC5/AMuxSeq_1.c **** *  Description:
   6:.\Generated_Source\PSoC5/AMuxSeq_1.c **** *    This file contains functions for the AMuxSeq.
   7:.\Generated_Source\PSoC5/AMuxSeq_1.c **** *
   8:.\Generated_Source\PSoC5/AMuxSeq_1.c **** *   Note:
   9:.\Generated_Source\PSoC5/AMuxSeq_1.c **** *
  10:.\Generated_Source\PSoC5/AMuxSeq_1.c **** *******************************************************************************
  11:.\Generated_Source\PSoC5/AMuxSeq_1.c **** * Copyright 2008-2010, Cypress Semiconductor Corporation.  All rights reserved.
  12:.\Generated_Source\PSoC5/AMuxSeq_1.c **** * You may use this file only in accordance with the license, terms, conditions, 
  13:.\Generated_Source\PSoC5/AMuxSeq_1.c **** * disclaimers, and limitations in the end user license agreement accompanying 
  14:.\Generated_Source\PSoC5/AMuxSeq_1.c **** * the software package with which this file was provided.
  15:.\Generated_Source\PSoC5/AMuxSeq_1.c **** ********************************************************************************/
  16:.\Generated_Source\PSoC5/AMuxSeq_1.c **** 
ARM GAS  C:\Users\karunmj\AppData\Local\Temp\ccPyO0UW.s 			page 2


  17:.\Generated_Source\PSoC5/AMuxSeq_1.c **** #include "AMuxSeq_1.h"
  18:.\Generated_Source\PSoC5/AMuxSeq_1.c **** 
  19:.\Generated_Source\PSoC5/AMuxSeq_1.c **** uint8 AMuxSeq_1_initVar = 0u;
  20:.\Generated_Source\PSoC5/AMuxSeq_1.c **** 
  21:.\Generated_Source\PSoC5/AMuxSeq_1.c **** 
  22:.\Generated_Source\PSoC5/AMuxSeq_1.c **** /*******************************************************************************
  23:.\Generated_Source\PSoC5/AMuxSeq_1.c **** * Function Name: AMuxSeq_1_Start
  24:.\Generated_Source\PSoC5/AMuxSeq_1.c **** ********************************************************************************
  25:.\Generated_Source\PSoC5/AMuxSeq_1.c **** * Summary:
  26:.\Generated_Source\PSoC5/AMuxSeq_1.c **** *  Disconnect all channels. The next time Next is called, channel 0 will be
  27:.\Generated_Source\PSoC5/AMuxSeq_1.c **** *  connected.
  28:.\Generated_Source\PSoC5/AMuxSeq_1.c **** *
  29:.\Generated_Source\PSoC5/AMuxSeq_1.c **** * Parameters:
  30:.\Generated_Source\PSoC5/AMuxSeq_1.c **** *  void
  31:.\Generated_Source\PSoC5/AMuxSeq_1.c **** *
  32:.\Generated_Source\PSoC5/AMuxSeq_1.c **** * Return:
  33:.\Generated_Source\PSoC5/AMuxSeq_1.c **** *  void
  34:.\Generated_Source\PSoC5/AMuxSeq_1.c **** *
  35:.\Generated_Source\PSoC5/AMuxSeq_1.c **** *******************************************************************************/
  36:.\Generated_Source\PSoC5/AMuxSeq_1.c **** void AMuxSeq_1_Start(void)
  37:.\Generated_Source\PSoC5/AMuxSeq_1.c **** {
  38              		.loc 1 37 0
  39              		.cfi_startproc
  40              		@ args = 0, pretend = 0, frame = 0
  41              		@ frame_needed = 1, uses_anonymous_args = 0
  42 0000 80B5     		push	{r7, lr}
  43              	.LCFI0:
  44              		.cfi_def_cfa_offset 8
  45 0002 00AF     		add	r7, sp, #0
  46              		.cfi_offset 14, -4
  47              		.cfi_offset 7, -8
  48              	.LCFI1:
  49              		.cfi_def_cfa_register 7
  38:.\Generated_Source\PSoC5/AMuxSeq_1.c ****     AMuxSeq_1_DisconnectAll();
  50              		.loc 1 38 0
  51 0004 FFF7FEFF 		bl	AMuxSeq_1_DisconnectAll
  39:.\Generated_Source\PSoC5/AMuxSeq_1.c ****     AMuxSeq_1_initVar = 1u;
  52              		.loc 1 39 0
  53 0008 40F20003 		movw	r3, #:lower16:AMuxSeq_1_initVar
  54 000c C0F20003 		movt	r3, #:upper16:AMuxSeq_1_initVar
  55 0010 4FF00102 		mov	r2, #1
  56 0014 1A70     		strb	r2, [r3, #0]
  40:.\Generated_Source\PSoC5/AMuxSeq_1.c **** }
  57              		.loc 1 40 0
  58 0016 80BD     		pop	{r7, pc}
  59              		.cfi_endproc
  60              	.LFE0:
  61              		.size	AMuxSeq_1_Start, .-AMuxSeq_1_Start
  62              		.section	.text.AMuxSeq_1_Init,"ax",%progbits
  63              		.align	2
  64              		.global	AMuxSeq_1_Init
  65              		.thumb
  66              		.thumb_func
  67              		.type	AMuxSeq_1_Init, %function
  68              	AMuxSeq_1_Init:
  69              	.LFB1:
  41:.\Generated_Source\PSoC5/AMuxSeq_1.c **** 
ARM GAS  C:\Users\karunmj\AppData\Local\Temp\ccPyO0UW.s 			page 3


  42:.\Generated_Source\PSoC5/AMuxSeq_1.c **** 
  43:.\Generated_Source\PSoC5/AMuxSeq_1.c **** /*******************************************************************************
  44:.\Generated_Source\PSoC5/AMuxSeq_1.c **** * Function Name: AMuxSeq_1_Init
  45:.\Generated_Source\PSoC5/AMuxSeq_1.c **** ********************************************************************************
  46:.\Generated_Source\PSoC5/AMuxSeq_1.c **** * Summary:
  47:.\Generated_Source\PSoC5/AMuxSeq_1.c **** *  Disconnect all channels. The next time Next is called, channel 0 will be
  48:.\Generated_Source\PSoC5/AMuxSeq_1.c **** *  connected.
  49:.\Generated_Source\PSoC5/AMuxSeq_1.c **** *
  50:.\Generated_Source\PSoC5/AMuxSeq_1.c **** * Parameters:
  51:.\Generated_Source\PSoC5/AMuxSeq_1.c **** *  void
  52:.\Generated_Source\PSoC5/AMuxSeq_1.c **** *
  53:.\Generated_Source\PSoC5/AMuxSeq_1.c **** * Return:
  54:.\Generated_Source\PSoC5/AMuxSeq_1.c **** *  void
  55:.\Generated_Source\PSoC5/AMuxSeq_1.c **** *
  56:.\Generated_Source\PSoC5/AMuxSeq_1.c **** *******************************************************************************/
  57:.\Generated_Source\PSoC5/AMuxSeq_1.c **** void AMuxSeq_1_Init(void)
  58:.\Generated_Source\PSoC5/AMuxSeq_1.c **** {
  70              		.loc 1 58 0
  71              		.cfi_startproc
  72              		@ args = 0, pretend = 0, frame = 0
  73              		@ frame_needed = 1, uses_anonymous_args = 0
  74 0000 80B5     		push	{r7, lr}
  75              	.LCFI2:
  76              		.cfi_def_cfa_offset 8
  77 0002 00AF     		add	r7, sp, #0
  78              		.cfi_offset 14, -4
  79              		.cfi_offset 7, -8
  80              	.LCFI3:
  81              		.cfi_def_cfa_register 7
  59:.\Generated_Source\PSoC5/AMuxSeq_1.c ****     AMuxSeq_1_DisconnectAll();
  82              		.loc 1 59 0
  83 0004 FFF7FEFF 		bl	AMuxSeq_1_DisconnectAll
  60:.\Generated_Source\PSoC5/AMuxSeq_1.c **** }
  84              		.loc 1 60 0
  85 0008 80BD     		pop	{r7, pc}
  86              		.cfi_endproc
  87              	.LFE1:
  88              		.size	AMuxSeq_1_Init, .-AMuxSeq_1_Init
  89 000a 00BF     		.section	.text.AMuxSeq_1_Stop,"ax",%progbits
  90              		.align	2
  91              		.global	AMuxSeq_1_Stop
  92              		.thumb
  93              		.thumb_func
  94              		.type	AMuxSeq_1_Stop, %function
  95              	AMuxSeq_1_Stop:
  96              	.LFB2:
  61:.\Generated_Source\PSoC5/AMuxSeq_1.c **** 
  62:.\Generated_Source\PSoC5/AMuxSeq_1.c **** 
  63:.\Generated_Source\PSoC5/AMuxSeq_1.c **** /*******************************************************************************
  64:.\Generated_Source\PSoC5/AMuxSeq_1.c **** * Function Name: AMuxSeq_1_Stop
  65:.\Generated_Source\PSoC5/AMuxSeq_1.c **** ********************************************************************************
  66:.\Generated_Source\PSoC5/AMuxSeq_1.c **** * Summary:
  67:.\Generated_Source\PSoC5/AMuxSeq_1.c **** *  Disconnect all channels. The next time Next is called, channel 0 will be
  68:.\Generated_Source\PSoC5/AMuxSeq_1.c **** *  connected.
  69:.\Generated_Source\PSoC5/AMuxSeq_1.c **** *
  70:.\Generated_Source\PSoC5/AMuxSeq_1.c **** * Parameters:
  71:.\Generated_Source\PSoC5/AMuxSeq_1.c **** *  void
ARM GAS  C:\Users\karunmj\AppData\Local\Temp\ccPyO0UW.s 			page 4


  72:.\Generated_Source\PSoC5/AMuxSeq_1.c **** *
  73:.\Generated_Source\PSoC5/AMuxSeq_1.c **** * Return:
  74:.\Generated_Source\PSoC5/AMuxSeq_1.c **** *  void
  75:.\Generated_Source\PSoC5/AMuxSeq_1.c **** *
  76:.\Generated_Source\PSoC5/AMuxSeq_1.c **** *******************************************************************************/
  77:.\Generated_Source\PSoC5/AMuxSeq_1.c **** void AMuxSeq_1_Stop(void)
  78:.\Generated_Source\PSoC5/AMuxSeq_1.c **** {
  97              		.loc 1 78 0
  98              		.cfi_startproc
  99              		@ args = 0, pretend = 0, frame = 0
 100              		@ frame_needed = 1, uses_anonymous_args = 0
 101 0000 80B5     		push	{r7, lr}
 102              	.LCFI4:
 103              		.cfi_def_cfa_offset 8
 104 0002 00AF     		add	r7, sp, #0
 105              		.cfi_offset 14, -4
 106              		.cfi_offset 7, -8
 107              	.LCFI5:
 108              		.cfi_def_cfa_register 7
  79:.\Generated_Source\PSoC5/AMuxSeq_1.c ****     AMuxSeq_1_DisconnectAll();
 109              		.loc 1 79 0
 110 0004 FFF7FEFF 		bl	AMuxSeq_1_DisconnectAll
  80:.\Generated_Source\PSoC5/AMuxSeq_1.c **** }
 111              		.loc 1 80 0
 112 0008 80BD     		pop	{r7, pc}
 113              		.cfi_endproc
 114              	.LFE2:
 115              		.size	AMuxSeq_1_Stop, .-AMuxSeq_1_Stop
 116 000a 00BF     		.section	.text.AMuxSeq_1_GetChannel,"ax",%progbits
 117              		.align	2
 118              		.global	AMuxSeq_1_GetChannel
 119              		.thumb
 120              		.thumb_func
 121              		.type	AMuxSeq_1_GetChannel, %function
 122              	AMuxSeq_1_GetChannel:
 123              	.LFB3:
  81:.\Generated_Source\PSoC5/AMuxSeq_1.c **** 
  82:.\Generated_Source\PSoC5/AMuxSeq_1.c **** #if(AMuxSeq_1_MUXTYPE == AMuxSeq_1_MUX_DIFF)
  83:.\Generated_Source\PSoC5/AMuxSeq_1.c **** 
  84:.\Generated_Source\PSoC5/AMuxSeq_1.c **** extern int8 AMuxSeq_1_CYAMUXSIDE_A_curChannel;
  85:.\Generated_Source\PSoC5/AMuxSeq_1.c **** 
  86:.\Generated_Source\PSoC5/AMuxSeq_1.c **** 
  87:.\Generated_Source\PSoC5/AMuxSeq_1.c **** /*******************************************************************************
  88:.\Generated_Source\PSoC5/AMuxSeq_1.c **** * Function Name: AMuxSeq_1_Next
  89:.\Generated_Source\PSoC5/AMuxSeq_1.c **** ********************************************************************************
  90:.\Generated_Source\PSoC5/AMuxSeq_1.c **** * Summary:
  91:.\Generated_Source\PSoC5/AMuxSeq_1.c **** *  Disconnects the previous channel and connects the next one in the sequence.
  92:.\Generated_Source\PSoC5/AMuxSeq_1.c **** *  When Next is called for the first time after Init, Start, Enable, Stop, or
  93:.\Generated_Source\PSoC5/AMuxSeq_1.c **** *  DisconnectAll, it connects channel 0.
  94:.\Generated_Source\PSoC5/AMuxSeq_1.c **** *
  95:.\Generated_Source\PSoC5/AMuxSeq_1.c **** * Parameters:
  96:.\Generated_Source\PSoC5/AMuxSeq_1.c **** *  void
  97:.\Generated_Source\PSoC5/AMuxSeq_1.c **** *
  98:.\Generated_Source\PSoC5/AMuxSeq_1.c **** * Return:
  99:.\Generated_Source\PSoC5/AMuxSeq_1.c **** *  void
 100:.\Generated_Source\PSoC5/AMuxSeq_1.c **** *
 101:.\Generated_Source\PSoC5/AMuxSeq_1.c **** *******************************************************************************/
ARM GAS  C:\Users\karunmj\AppData\Local\Temp\ccPyO0UW.s 			page 5


 102:.\Generated_Source\PSoC5/AMuxSeq_1.c **** void AMuxSeq_1_Next(void)
 103:.\Generated_Source\PSoC5/AMuxSeq_1.c **** {
 104:.\Generated_Source\PSoC5/AMuxSeq_1.c ****     AMuxSeq_1_CYAMUXSIDE_A_Next();
 105:.\Generated_Source\PSoC5/AMuxSeq_1.c ****     AMuxSeq_1_CYAMUXSIDE_B_Next();
 106:.\Generated_Source\PSoC5/AMuxSeq_1.c **** }
 107:.\Generated_Source\PSoC5/AMuxSeq_1.c **** 
 108:.\Generated_Source\PSoC5/AMuxSeq_1.c **** 
 109:.\Generated_Source\PSoC5/AMuxSeq_1.c **** /*******************************************************************************
 110:.\Generated_Source\PSoC5/AMuxSeq_1.c **** * Function Name: AMuxSeq_1_DisconnectAll
 111:.\Generated_Source\PSoC5/AMuxSeq_1.c **** ********************************************************************************
 112:.\Generated_Source\PSoC5/AMuxSeq_1.c **** * Summary:
 113:.\Generated_Source\PSoC5/AMuxSeq_1.c **** *  This function disconnects all channels. The next time Next is called, channel
 114:.\Generated_Source\PSoC5/AMuxSeq_1.c **** *  0 will be connected.
 115:.\Generated_Source\PSoC5/AMuxSeq_1.c **** *
 116:.\Generated_Source\PSoC5/AMuxSeq_1.c **** * Parameters:
 117:.\Generated_Source\PSoC5/AMuxSeq_1.c **** *  void
 118:.\Generated_Source\PSoC5/AMuxSeq_1.c **** *
 119:.\Generated_Source\PSoC5/AMuxSeq_1.c **** * Return:
 120:.\Generated_Source\PSoC5/AMuxSeq_1.c **** *  void
 121:.\Generated_Source\PSoC5/AMuxSeq_1.c **** *
 122:.\Generated_Source\PSoC5/AMuxSeq_1.c **** *******************************************************************************/
 123:.\Generated_Source\PSoC5/AMuxSeq_1.c **** void AMuxSeq_1_DisconnectAll(void)
 124:.\Generated_Source\PSoC5/AMuxSeq_1.c **** {
 125:.\Generated_Source\PSoC5/AMuxSeq_1.c ****     AMuxSeq_1_CYAMUXSIDE_A_DisconnectAll();
 126:.\Generated_Source\PSoC5/AMuxSeq_1.c ****     AMuxSeq_1_CYAMUXSIDE_B_DisconnectAll();
 127:.\Generated_Source\PSoC5/AMuxSeq_1.c **** }
 128:.\Generated_Source\PSoC5/AMuxSeq_1.c **** 
 129:.\Generated_Source\PSoC5/AMuxSeq_1.c **** 
 130:.\Generated_Source\PSoC5/AMuxSeq_1.c **** /*******************************************************************************
 131:.\Generated_Source\PSoC5/AMuxSeq_1.c **** * Function Name: AMuxSeq_1_GetChannel
 132:.\Generated_Source\PSoC5/AMuxSeq_1.c **** ********************************************************************************
 133:.\Generated_Source\PSoC5/AMuxSeq_1.c **** * Summary:
 134:.\Generated_Source\PSoC5/AMuxSeq_1.c **** *  The currently connected channel is retuned. If no channel is connected
 135:.\Generated_Source\PSoC5/AMuxSeq_1.c **** *  returns -1.
 136:.\Generated_Source\PSoC5/AMuxSeq_1.c **** *
 137:.\Generated_Source\PSoC5/AMuxSeq_1.c **** * Parameters:
 138:.\Generated_Source\PSoC5/AMuxSeq_1.c **** *  void
 139:.\Generated_Source\PSoC5/AMuxSeq_1.c **** *
 140:.\Generated_Source\PSoC5/AMuxSeq_1.c **** * Return:
 141:.\Generated_Source\PSoC5/AMuxSeq_1.c **** *  The current channel or -1.
 142:.\Generated_Source\PSoC5/AMuxSeq_1.c **** *
 143:.\Generated_Source\PSoC5/AMuxSeq_1.c **** *******************************************************************************/
 144:.\Generated_Source\PSoC5/AMuxSeq_1.c **** int8 AMuxSeq_1_GetChannel(void)
 145:.\Generated_Source\PSoC5/AMuxSeq_1.c **** {
 146:.\Generated_Source\PSoC5/AMuxSeq_1.c ****     return AMuxSeq_1_CYAMUXSIDE_A_curChannel;
 147:.\Generated_Source\PSoC5/AMuxSeq_1.c **** }
 148:.\Generated_Source\PSoC5/AMuxSeq_1.c **** 
 149:.\Generated_Source\PSoC5/AMuxSeq_1.c **** #else
 150:.\Generated_Source\PSoC5/AMuxSeq_1.c **** 
 151:.\Generated_Source\PSoC5/AMuxSeq_1.c **** extern int8 AMuxSeq_1_curChannel;
 152:.\Generated_Source\PSoC5/AMuxSeq_1.c **** 
 153:.\Generated_Source\PSoC5/AMuxSeq_1.c **** 
 154:.\Generated_Source\PSoC5/AMuxSeq_1.c **** /*******************************************************************************
 155:.\Generated_Source\PSoC5/AMuxSeq_1.c **** * Function Name: AMuxSeq_1_GetChannel
 156:.\Generated_Source\PSoC5/AMuxSeq_1.c **** ********************************************************************************
 157:.\Generated_Source\PSoC5/AMuxSeq_1.c **** * Summary:
 158:.\Generated_Source\PSoC5/AMuxSeq_1.c **** *  The currently connected channel is retuned. If no channel is connected
ARM GAS  C:\Users\karunmj\AppData\Local\Temp\ccPyO0UW.s 			page 6


 159:.\Generated_Source\PSoC5/AMuxSeq_1.c **** *  returns -1.
 160:.\Generated_Source\PSoC5/AMuxSeq_1.c **** *
 161:.\Generated_Source\PSoC5/AMuxSeq_1.c **** * Parameters:
 162:.\Generated_Source\PSoC5/AMuxSeq_1.c **** *  void
 163:.\Generated_Source\PSoC5/AMuxSeq_1.c **** *
 164:.\Generated_Source\PSoC5/AMuxSeq_1.c **** * Return:
 165:.\Generated_Source\PSoC5/AMuxSeq_1.c **** *  The current channel or -1.
 166:.\Generated_Source\PSoC5/AMuxSeq_1.c **** *
 167:.\Generated_Source\PSoC5/AMuxSeq_1.c **** *******************************************************************************/
 168:.\Generated_Source\PSoC5/AMuxSeq_1.c **** int8 AMuxSeq_1_GetChannel(void)
 169:.\Generated_Source\PSoC5/AMuxSeq_1.c **** {
 124              		.loc 1 169 0
 125              		.cfi_startproc
 126              		@ args = 0, pretend = 0, frame = 0
 127              		@ frame_needed = 1, uses_anonymous_args = 0
 128              		@ link register save eliminated.
 129 0000 80B4     		push	{r7}
 130              	.LCFI6:
 131              		.cfi_def_cfa_offset 4
 132 0002 00AF     		add	r7, sp, #0
 133              		.cfi_offset 7, -4
 134              	.LCFI7:
 135              		.cfi_def_cfa_register 7
 170:.\Generated_Source\PSoC5/AMuxSeq_1.c ****     return AMuxSeq_1_curChannel;
 136              		.loc 1 170 0
 137 0004 40F20003 		movw	r3, #:lower16:AMuxSeq_1_curChannel
 138 0008 C0F20003 		movt	r3, #:upper16:AMuxSeq_1_curChannel
 139 000c 1B78     		ldrb	r3, [r3, #0]	@ zero_extendqisi2
 140 000e 5BB2     		sxtb	r3, r3
 171:.\Generated_Source\PSoC5/AMuxSeq_1.c **** }
 141              		.loc 1 171 0
 142 0010 1846     		mov	r0, r3
 143 0012 BD46     		mov	sp, r7
 144 0014 80BC     		pop	{r7}
 145 0016 7047     		bx	lr
 146              		.cfi_endproc
 147              	.LFE3:
 148              		.size	AMuxSeq_1_GetChannel, .-AMuxSeq_1_GetChannel
 149              		.text
 150              	.Letext0:
 151              		.section	.debug_loc,"",%progbits
 152              	.Ldebug_loc0:
 153              	.LLST0:
 154 0000 00000000 		.4byte	.LFB0
 155 0004 02000000 		.4byte	.LCFI0
 156 0008 0100     		.2byte	0x1
 157 000a 5D       		.byte	0x5d
 158 000b 02000000 		.4byte	.LCFI0
 159 000f 04000000 		.4byte	.LCFI1
 160 0013 0200     		.2byte	0x2
 161 0015 7D       		.byte	0x7d
 162 0016 08       		.sleb128 8
 163 0017 04000000 		.4byte	.LCFI1
 164 001b 18000000 		.4byte	.LFE0
 165 001f 0200     		.2byte	0x2
 166 0021 77       		.byte	0x77
 167 0022 08       		.sleb128 8
ARM GAS  C:\Users\karunmj\AppData\Local\Temp\ccPyO0UW.s 			page 7


 168 0023 00000000 		.4byte	0x0
 169 0027 00000000 		.4byte	0x0
 170              	.LLST1:
 171 002b 00000000 		.4byte	.LFB1
 172 002f 02000000 		.4byte	.LCFI2
 173 0033 0100     		.2byte	0x1
 174 0035 5D       		.byte	0x5d
 175 0036 02000000 		.4byte	.LCFI2
 176 003a 04000000 		.4byte	.LCFI3
 177 003e 0200     		.2byte	0x2
 178 0040 7D       		.byte	0x7d
 179 0041 08       		.sleb128 8
 180 0042 04000000 		.4byte	.LCFI3
 181 0046 0A000000 		.4byte	.LFE1
 182 004a 0200     		.2byte	0x2
 183 004c 77       		.byte	0x77
 184 004d 08       		.sleb128 8
 185 004e 00000000 		.4byte	0x0
 186 0052 00000000 		.4byte	0x0
 187              	.LLST2:
 188 0056 00000000 		.4byte	.LFB2
 189 005a 02000000 		.4byte	.LCFI4
 190 005e 0100     		.2byte	0x1
 191 0060 5D       		.byte	0x5d
 192 0061 02000000 		.4byte	.LCFI4
 193 0065 04000000 		.4byte	.LCFI5
 194 0069 0200     		.2byte	0x2
 195 006b 7D       		.byte	0x7d
 196 006c 08       		.sleb128 8
 197 006d 04000000 		.4byte	.LCFI5
 198 0071 0A000000 		.4byte	.LFE2
 199 0075 0200     		.2byte	0x2
 200 0077 77       		.byte	0x77
 201 0078 08       		.sleb128 8
 202 0079 00000000 		.4byte	0x0
 203 007d 00000000 		.4byte	0x0
 204              	.LLST3:
 205 0081 00000000 		.4byte	.LFB3
 206 0085 02000000 		.4byte	.LCFI6
 207 0089 0100     		.2byte	0x1
 208 008b 5D       		.byte	0x5d
 209 008c 02000000 		.4byte	.LCFI6
 210 0090 04000000 		.4byte	.LCFI7
 211 0094 0200     		.2byte	0x2
 212 0096 7D       		.byte	0x7d
 213 0097 04       		.sleb128 4
 214 0098 04000000 		.4byte	.LCFI7
 215 009c 18000000 		.4byte	.LFE3
 216 00a0 0200     		.2byte	0x2
 217 00a2 77       		.byte	0x77
 218 00a3 04       		.sleb128 4
 219 00a4 00000000 		.4byte	0x0
 220 00a8 00000000 		.4byte	0x0
 221              		.file 2 ".\\Generated_Source\\PSoC5\\/cytypes.h"
 222              		.section	.debug_info
 223 0000 0E010000 		.4byte	0x10e
 224 0004 0200     		.2byte	0x2
ARM GAS  C:\Users\karunmj\AppData\Local\Temp\ccPyO0UW.s 			page 8


 225 0006 00000000 		.4byte	.Ldebug_abbrev0
 226 000a 04       		.byte	0x4
 227 000b 01       		.uleb128 0x1
 228 000c 2E010000 		.4byte	.LASF19
 229 0010 01       		.byte	0x1
 230 0011 68010000 		.4byte	.LASF20
 231 0015 32000000 		.4byte	.LASF21
 232 0019 00000000 		.4byte	0x0
 233 001d 00000000 		.4byte	0x0
 234 0021 00000000 		.4byte	.Ldebug_ranges0+0x0
 235 0025 00000000 		.4byte	.Ldebug_line0
 236 0029 02       		.uleb128 0x2
 237 002a 01       		.byte	0x1
 238 002b 06       		.byte	0x6
 239 002c 89000000 		.4byte	.LASF0
 240 0030 02       		.uleb128 0x2
 241 0031 01       		.byte	0x1
 242 0032 08       		.byte	0x8
 243 0033 95000000 		.4byte	.LASF1
 244 0037 02       		.uleb128 0x2
 245 0038 02       		.byte	0x2
 246 0039 05       		.byte	0x5
 247 003a 4F010000 		.4byte	.LASF2
 248 003e 02       		.uleb128 0x2
 249 003f 02       		.byte	0x2
 250 0040 07       		.byte	0x7
 251 0041 B5000000 		.4byte	.LASF3
 252 0045 02       		.uleb128 0x2
 253 0046 04       		.byte	0x4
 254 0047 05       		.byte	0x5
 255 0048 5F010000 		.4byte	.LASF4
 256 004c 02       		.uleb128 0x2
 257 004d 04       		.byte	0x4
 258 004e 07       		.byte	0x7
 259 004f A3000000 		.4byte	.LASF5
 260 0053 02       		.uleb128 0x2
 261 0054 08       		.byte	0x8
 262 0055 05       		.byte	0x5
 263 0056 00000000 		.4byte	.LASF6
 264 005a 02       		.uleb128 0x2
 265 005b 08       		.byte	0x8
 266 005c 07       		.byte	0x7
 267 005d 17010000 		.4byte	.LASF7
 268 0061 03       		.uleb128 0x3
 269 0062 04       		.byte	0x4
 270 0063 05       		.byte	0x5
 271 0064 696E7400 		.ascii	"int\000"
 272 0068 02       		.uleb128 0x2
 273 0069 04       		.byte	0x4
 274 006a 07       		.byte	0x7
 275 006b 0A010000 		.4byte	.LASF8
 276 006f 04       		.uleb128 0x4
 277 0070 59010000 		.4byte	.LASF9
 278 0074 02       		.byte	0x2
 279 0075 4C       		.byte	0x4c
 280 0076 30000000 		.4byte	0x30
 281 007a 04       		.uleb128 0x4
ARM GAS  C:\Users\karunmj\AppData\Local\Temp\ccPyO0UW.s 			page 9


 282 007b F0000000 		.4byte	.LASF10
 283 007f 02       		.byte	0x2
 284 0080 4F       		.byte	0x4f
 285 0081 29000000 		.4byte	0x29
 286 0085 02       		.uleb128 0x2
 287 0086 04       		.byte	0x4
 288 0087 04       		.byte	0x4
 289 0088 83000000 		.4byte	.LASF11
 290 008c 02       		.uleb128 0x2
 291 008d 08       		.byte	0x8
 292 008e 04       		.byte	0x4
 293 008f DA000000 		.4byte	.LASF12
 294 0093 02       		.uleb128 0x2
 295 0094 01       		.byte	0x1
 296 0095 08       		.byte	0x8
 297 0096 3A010000 		.4byte	.LASF13
 298 009a 05       		.uleb128 0x5
 299 009b 01       		.byte	0x1
 300 009c 3F010000 		.4byte	.LASF14
 301 00a0 01       		.byte	0x1
 302 00a1 24       		.byte	0x24
 303 00a2 01       		.byte	0x1
 304 00a3 00000000 		.4byte	.LFB0
 305 00a7 18000000 		.4byte	.LFE0
 306 00ab 00000000 		.4byte	.LLST0
 307 00af 05       		.uleb128 0x5
 308 00b0 01       		.byte	0x1
 309 00b1 23000000 		.4byte	.LASF15
 310 00b5 01       		.byte	0x1
 311 00b6 39       		.byte	0x39
 312 00b7 01       		.byte	0x1
 313 00b8 00000000 		.4byte	.LFB1
 314 00bc 0A000000 		.4byte	.LFE1
 315 00c0 2B000000 		.4byte	.LLST1
 316 00c4 05       		.uleb128 0x5
 317 00c5 01       		.byte	0x1
 318 00c6 E1000000 		.4byte	.LASF16
 319 00ca 01       		.byte	0x1
 320 00cb 4D       		.byte	0x4d
 321 00cc 01       		.byte	0x1
 322 00cd 00000000 		.4byte	.LFB2
 323 00d1 0A000000 		.4byte	.LFE2
 324 00d5 56000000 		.4byte	.LLST2
 325 00d9 06       		.uleb128 0x6
 326 00da 01       		.byte	0x1
 327 00db F5000000 		.4byte	.LASF22
 328 00df 01       		.byte	0x1
 329 00e0 A8       		.byte	0xa8
 330 00e1 01       		.byte	0x1
 331 00e2 7A000000 		.4byte	0x7a
 332 00e6 00000000 		.4byte	.LFB3
 333 00ea 18000000 		.4byte	.LFE3
 334 00ee 81000000 		.4byte	.LLST3
 335 00f2 07       		.uleb128 0x7
 336 00f3 0E000000 		.4byte	.LASF17
 337 00f7 01       		.byte	0x1
 338 00f8 97       		.byte	0x97
ARM GAS  C:\Users\karunmj\AppData\Local\Temp\ccPyO0UW.s 			page 10


 339 00f9 7A000000 		.4byte	0x7a
 340 00fd 01       		.byte	0x1
 341 00fe 01       		.byte	0x1
 342 00ff 08       		.uleb128 0x8
 343 0100 C8000000 		.4byte	.LASF18
 344 0104 01       		.byte	0x1
 345 0105 13       		.byte	0x13
 346 0106 6F000000 		.4byte	0x6f
 347 010a 01       		.byte	0x1
 348 010b 05       		.byte	0x5
 349 010c 03       		.byte	0x3
 350 010d 00000000 		.4byte	AMuxSeq_1_initVar
 351 0111 00       		.byte	0x0
 352              		.section	.debug_abbrev
 353 0000 01       		.uleb128 0x1
 354 0001 11       		.uleb128 0x11
 355 0002 01       		.byte	0x1
 356 0003 25       		.uleb128 0x25
 357 0004 0E       		.uleb128 0xe
 358 0005 13       		.uleb128 0x13
 359 0006 0B       		.uleb128 0xb
 360 0007 03       		.uleb128 0x3
 361 0008 0E       		.uleb128 0xe
 362 0009 1B       		.uleb128 0x1b
 363 000a 0E       		.uleb128 0xe
 364 000b 11       		.uleb128 0x11
 365 000c 01       		.uleb128 0x1
 366 000d 52       		.uleb128 0x52
 367 000e 01       		.uleb128 0x1
 368 000f 55       		.uleb128 0x55
 369 0010 06       		.uleb128 0x6
 370 0011 10       		.uleb128 0x10
 371 0012 06       		.uleb128 0x6
 372 0013 00       		.byte	0x0
 373 0014 00       		.byte	0x0
 374 0015 02       		.uleb128 0x2
 375 0016 24       		.uleb128 0x24
 376 0017 00       		.byte	0x0
 377 0018 0B       		.uleb128 0xb
 378 0019 0B       		.uleb128 0xb
 379 001a 3E       		.uleb128 0x3e
 380 001b 0B       		.uleb128 0xb
 381 001c 03       		.uleb128 0x3
 382 001d 0E       		.uleb128 0xe
 383 001e 00       		.byte	0x0
 384 001f 00       		.byte	0x0
 385 0020 03       		.uleb128 0x3
 386 0021 24       		.uleb128 0x24
 387 0022 00       		.byte	0x0
 388 0023 0B       		.uleb128 0xb
 389 0024 0B       		.uleb128 0xb
 390 0025 3E       		.uleb128 0x3e
 391 0026 0B       		.uleb128 0xb
 392 0027 03       		.uleb128 0x3
 393 0028 08       		.uleb128 0x8
 394 0029 00       		.byte	0x0
 395 002a 00       		.byte	0x0
ARM GAS  C:\Users\karunmj\AppData\Local\Temp\ccPyO0UW.s 			page 11


 396 002b 04       		.uleb128 0x4
 397 002c 16       		.uleb128 0x16
 398 002d 00       		.byte	0x0
 399 002e 03       		.uleb128 0x3
 400 002f 0E       		.uleb128 0xe
 401 0030 3A       		.uleb128 0x3a
 402 0031 0B       		.uleb128 0xb
 403 0032 3B       		.uleb128 0x3b
 404 0033 0B       		.uleb128 0xb
 405 0034 49       		.uleb128 0x49
 406 0035 13       		.uleb128 0x13
 407 0036 00       		.byte	0x0
 408 0037 00       		.byte	0x0
 409 0038 05       		.uleb128 0x5
 410 0039 2E       		.uleb128 0x2e
 411 003a 00       		.byte	0x0
 412 003b 3F       		.uleb128 0x3f
 413 003c 0C       		.uleb128 0xc
 414 003d 03       		.uleb128 0x3
 415 003e 0E       		.uleb128 0xe
 416 003f 3A       		.uleb128 0x3a
 417 0040 0B       		.uleb128 0xb
 418 0041 3B       		.uleb128 0x3b
 419 0042 0B       		.uleb128 0xb
 420 0043 27       		.uleb128 0x27
 421 0044 0C       		.uleb128 0xc
 422 0045 11       		.uleb128 0x11
 423 0046 01       		.uleb128 0x1
 424 0047 12       		.uleb128 0x12
 425 0048 01       		.uleb128 0x1
 426 0049 40       		.uleb128 0x40
 427 004a 06       		.uleb128 0x6
 428 004b 00       		.byte	0x0
 429 004c 00       		.byte	0x0
 430 004d 06       		.uleb128 0x6
 431 004e 2E       		.uleb128 0x2e
 432 004f 00       		.byte	0x0
 433 0050 3F       		.uleb128 0x3f
 434 0051 0C       		.uleb128 0xc
 435 0052 03       		.uleb128 0x3
 436 0053 0E       		.uleb128 0xe
 437 0054 3A       		.uleb128 0x3a
 438 0055 0B       		.uleb128 0xb
 439 0056 3B       		.uleb128 0x3b
 440 0057 0B       		.uleb128 0xb
 441 0058 27       		.uleb128 0x27
 442 0059 0C       		.uleb128 0xc
 443 005a 49       		.uleb128 0x49
 444 005b 13       		.uleb128 0x13
 445 005c 11       		.uleb128 0x11
 446 005d 01       		.uleb128 0x1
 447 005e 12       		.uleb128 0x12
 448 005f 01       		.uleb128 0x1
 449 0060 40       		.uleb128 0x40
 450 0061 06       		.uleb128 0x6
 451 0062 00       		.byte	0x0
 452 0063 00       		.byte	0x0
ARM GAS  C:\Users\karunmj\AppData\Local\Temp\ccPyO0UW.s 			page 12


 453 0064 07       		.uleb128 0x7
 454 0065 34       		.uleb128 0x34
 455 0066 00       		.byte	0x0
 456 0067 03       		.uleb128 0x3
 457 0068 0E       		.uleb128 0xe
 458 0069 3A       		.uleb128 0x3a
 459 006a 0B       		.uleb128 0xb
 460 006b 3B       		.uleb128 0x3b
 461 006c 0B       		.uleb128 0xb
 462 006d 49       		.uleb128 0x49
 463 006e 13       		.uleb128 0x13
 464 006f 3F       		.uleb128 0x3f
 465 0070 0C       		.uleb128 0xc
 466 0071 3C       		.uleb128 0x3c
 467 0072 0C       		.uleb128 0xc
 468 0073 00       		.byte	0x0
 469 0074 00       		.byte	0x0
 470 0075 08       		.uleb128 0x8
 471 0076 34       		.uleb128 0x34
 472 0077 00       		.byte	0x0
 473 0078 03       		.uleb128 0x3
 474 0079 0E       		.uleb128 0xe
 475 007a 3A       		.uleb128 0x3a
 476 007b 0B       		.uleb128 0xb
 477 007c 3B       		.uleb128 0x3b
 478 007d 0B       		.uleb128 0xb
 479 007e 49       		.uleb128 0x49
 480 007f 13       		.uleb128 0x13
 481 0080 3F       		.uleb128 0x3f
 482 0081 0C       		.uleb128 0xc
 483 0082 02       		.uleb128 0x2
 484 0083 0A       		.uleb128 0xa
 485 0084 00       		.byte	0x0
 486 0085 00       		.byte	0x0
 487 0086 00       		.byte	0x0
 488              		.section	.debug_pubnames,"",%progbits
 489 0000 77000000 		.4byte	0x77
 490 0004 0200     		.2byte	0x2
 491 0006 00000000 		.4byte	.Ldebug_info0
 492 000a 12010000 		.4byte	0x112
 493 000e 9A000000 		.4byte	0x9a
 494 0012 414D7578 		.ascii	"AMuxSeq_1_Start\000"
 494      5365715F 
 494      315F5374 
 494      61727400 
 495 0022 AF000000 		.4byte	0xaf
 496 0026 414D7578 		.ascii	"AMuxSeq_1_Init\000"
 496      5365715F 
 496      315F496E 
 496      697400
 497 0035 C4000000 		.4byte	0xc4
 498 0039 414D7578 		.ascii	"AMuxSeq_1_Stop\000"
 498      5365715F 
 498      315F5374 
 498      6F7000
 499 0048 D9000000 		.4byte	0xd9
 500 004c 414D7578 		.ascii	"AMuxSeq_1_GetChannel\000"
ARM GAS  C:\Users\karunmj\AppData\Local\Temp\ccPyO0UW.s 			page 13


 500      5365715F 
 500      315F4765 
 500      74436861 
 500      6E6E656C 
 501 0061 FF000000 		.4byte	0xff
 502 0065 414D7578 		.ascii	"AMuxSeq_1_initVar\000"
 502      5365715F 
 502      315F696E 
 502      69745661 
 502      7200
 503 0077 00000000 		.4byte	0x0
 504              		.section	.debug_aranges,"",%progbits
 505 0000 34000000 		.4byte	0x34
 506 0004 0200     		.2byte	0x2
 507 0006 00000000 		.4byte	.Ldebug_info0
 508 000a 04       		.byte	0x4
 509 000b 00       		.byte	0x0
 510 000c 0000     		.2byte	0x0
 511 000e 0000     		.2byte	0x0
 512 0010 00000000 		.4byte	.LFB0
 513 0014 18000000 		.4byte	.LFE0-.LFB0
 514 0018 00000000 		.4byte	.LFB1
 515 001c 0A000000 		.4byte	.LFE1-.LFB1
 516 0020 00000000 		.4byte	.LFB2
 517 0024 0A000000 		.4byte	.LFE2-.LFB2
 518 0028 00000000 		.4byte	.LFB3
 519 002c 18000000 		.4byte	.LFE3-.LFB3
 520 0030 00000000 		.4byte	0x0
 521 0034 00000000 		.4byte	0x0
 522              		.section	.debug_ranges,"",%progbits
 523              	.Ldebug_ranges0:
 524 0000 00000000 		.4byte	.Ltext0
 525 0004 00000000 		.4byte	.Letext0
 526 0008 00000000 		.4byte	.LFB0
 527 000c 18000000 		.4byte	.LFE0
 528 0010 00000000 		.4byte	.LFB1
 529 0014 0A000000 		.4byte	.LFE1
 530 0018 00000000 		.4byte	.LFB2
 531 001c 0A000000 		.4byte	.LFE2
 532 0020 00000000 		.4byte	.LFB3
 533 0024 18000000 		.4byte	.LFE3
 534 0028 00000000 		.4byte	0x0
 535 002c 00000000 		.4byte	0x0
 536              		.section	.debug_str,"MS",%progbits,1
 537              	.LASF6:
 538 0000 6C6F6E67 		.ascii	"long long int\000"
 538      206C6F6E 
 538      6720696E 
 538      7400
 539              	.LASF17:
 540 000e 414D7578 		.ascii	"AMuxSeq_1_curChannel\000"
 540      5365715F 
 540      315F6375 
 540      72436861 
 540      6E6E656C 
 541              	.LASF15:
 542 0023 414D7578 		.ascii	"AMuxSeq_1_Init\000"
ARM GAS  C:\Users\karunmj\AppData\Local\Temp\ccPyO0UW.s 			page 14


 542      5365715F 
 542      315F496E 
 542      697400
 543              	.LASF21:
 544 0032 433A5C55 		.ascii	"C:\\Users\\karunmj\\Documents\\GitHub\\m2m\\hardwar"
 544      73657273 
 544      5C6B6172 
 544      756E6D6A 
 544      5C446F63 
 545 005f 655C7073 		.ascii	"e\\psoc5\\Campbell_Conductivity.cydsn\000"
 545      6F63355C 
 545      43616D70 
 545      62656C6C 
 545      5F436F6E 
 546              	.LASF11:
 547 0083 666C6F61 		.ascii	"float\000"
 547      7400
 548              	.LASF0:
 549 0089 7369676E 		.ascii	"signed char\000"
 549      65642063 
 549      68617200 
 550              	.LASF1:
 551 0095 756E7369 		.ascii	"unsigned char\000"
 551      676E6564 
 551      20636861 
 551      7200
 552              	.LASF5:
 553 00a3 6C6F6E67 		.ascii	"long unsigned int\000"
 553      20756E73 
 553      69676E65 
 553      6420696E 
 553      7400
 554              	.LASF3:
 555 00b5 73686F72 		.ascii	"short unsigned int\000"
 555      7420756E 
 555      7369676E 
 555      65642069 
 555      6E7400
 556              	.LASF18:
 557 00c8 414D7578 		.ascii	"AMuxSeq_1_initVar\000"
 557      5365715F 
 557      315F696E 
 557      69745661 
 557      7200
 558              	.LASF12:
 559 00da 646F7562 		.ascii	"double\000"
 559      6C6500
 560              	.LASF16:
 561 00e1 414D7578 		.ascii	"AMuxSeq_1_Stop\000"
 561      5365715F 
 561      315F5374 
 561      6F7000
 562              	.LASF10:
 563 00f0 696E7438 		.ascii	"int8\000"
 563      00
 564              	.LASF22:
 565 00f5 414D7578 		.ascii	"AMuxSeq_1_GetChannel\000"
ARM GAS  C:\Users\karunmj\AppData\Local\Temp\ccPyO0UW.s 			page 15


 565      5365715F 
 565      315F4765 
 565      74436861 
 565      6E6E656C 
 566              	.LASF8:
 567 010a 756E7369 		.ascii	"unsigned int\000"
 567      676E6564 
 567      20696E74 
 567      00
 568              	.LASF7:
 569 0117 6C6F6E67 		.ascii	"long long unsigned int\000"
 569      206C6F6E 
 569      6720756E 
 569      7369676E 
 569      65642069 
 570              	.LASF19:
 571 012e 474E5520 		.ascii	"GNU C 4.4.1\000"
 571      4320342E 
 571      342E3100 
 572              	.LASF13:
 573 013a 63686172 		.ascii	"char\000"
 573      00
 574              	.LASF14:
 575 013f 414D7578 		.ascii	"AMuxSeq_1_Start\000"
 575      5365715F 
 575      315F5374 
 575      61727400 
 576              	.LASF2:
 577 014f 73686F72 		.ascii	"short int\000"
 577      7420696E 
 577      7400
 578              	.LASF9:
 579 0159 75696E74 		.ascii	"uint8\000"
 579      3800
 580              	.LASF4:
 581 015f 6C6F6E67 		.ascii	"long int\000"
 581      20696E74 
 581      00
 582              	.LASF20:
 583 0168 2E5C4765 		.ascii	".\\Generated_Source\\PSoC5\\AMuxSeq_1.c\000"
 583      6E657261 
 583      7465645F 
 583      536F7572 
 583      63655C50 
 584              		.ident	"GCC: (Sourcery G++ Lite 2010q1-188) 4.4.1"
