ARM GAS  C:\Users\karunmj\AppData\Local\Temp\cc0T0nUH.s 			page 1


   1              		.syntax unified
   2              		.cpu cortex-m3
   3              		.fpu softvfp
   4              		.eabi_attribute 20, 1
   5              		.eabi_attribute 21, 1
   6              		.eabi_attribute 23, 3
   7              		.eabi_attribute 24, 1
   8              		.eabi_attribute 25, 1
   9              		.eabi_attribute 26, 1
  10              		.eabi_attribute 30, 6
  11              		.eabi_attribute 18, 4
  12              		.thumb
  13              		.file	"AMux_1.c"
  14              		.section	.debug_abbrev,"",%progbits
  15              	.Ldebug_abbrev0:
  16              		.section	.debug_info,"",%progbits
  17              	.Ldebug_info0:
  18              		.section	.debug_line,"",%progbits
  19              	.Ldebug_line0:
  20 0000 BB000000 		.text
  20      02005F00 
  20      00000201 
  20      FB0E0D00 
  20      01010101 
  21              	.Ltext0:
  22              		.cfi_sections	.debug_frame
  23              		.global	AMux_1_lastChannel
  24              		.data
  25              		.type	AMux_1_lastChannel, %object
  26              		.size	AMux_1_lastChannel, 1
  27              	AMux_1_lastChannel:
  28 0000 FF       		.byte	-1
  29              		.section	.text.AMux_1_Start,"ax",%progbits
  30              		.align	2
  31              		.global	AMux_1_Start
  32              		.thumb
  33              		.thumb_func
  34              		.type	AMux_1_Start, %function
  35              	AMux_1_Start:
  36              	.LFB0:
  37              		.file 1 ".\\Generated_Source\\PSoC5\\AMux_1.c"
   1:.\Generated_Source\PSoC5/AMux_1.c **** /*******************************************************************************
   2:.\Generated_Source\PSoC5/AMux_1.c **** * File Name: AMux_1.c
   3:.\Generated_Source\PSoC5/AMux_1.c **** * Version 1.70
   4:.\Generated_Source\PSoC5/AMux_1.c **** *
   5:.\Generated_Source\PSoC5/AMux_1.c **** *  Description:
   6:.\Generated_Source\PSoC5/AMux_1.c **** *    This file contains all functions required for the analog multiplexer
   7:.\Generated_Source\PSoC5/AMux_1.c **** *    AMux User Module.
   8:.\Generated_Source\PSoC5/AMux_1.c **** *
   9:.\Generated_Source\PSoC5/AMux_1.c **** *   Note:
  10:.\Generated_Source\PSoC5/AMux_1.c **** *
  11:.\Generated_Source\PSoC5/AMux_1.c **** *******************************************************************************
  12:.\Generated_Source\PSoC5/AMux_1.c **** * Copyright 2008-2010, Cypress Semiconductor Corporation.  All rights reserved.
  13:.\Generated_Source\PSoC5/AMux_1.c **** * You may use this file only in accordance with the license, terms, conditions, 
  14:.\Generated_Source\PSoC5/AMux_1.c **** * disclaimers, and limitations in the end user license agreement accompanying 
  15:.\Generated_Source\PSoC5/AMux_1.c **** * the software package with which this file was provided.
  16:.\Generated_Source\PSoC5/AMux_1.c **** ********************************************************************************/
ARM GAS  C:\Users\karunmj\AppData\Local\Temp\cc0T0nUH.s 			page 2


  17:.\Generated_Source\PSoC5/AMux_1.c **** 
  18:.\Generated_Source\PSoC5/AMux_1.c **** #include "AMux_1.h"
  19:.\Generated_Source\PSoC5/AMux_1.c **** 
  20:.\Generated_Source\PSoC5/AMux_1.c **** uint8 AMux_1_lastChannel = AMux_1_NULL_CHANNEL;
  21:.\Generated_Source\PSoC5/AMux_1.c **** 
  22:.\Generated_Source\PSoC5/AMux_1.c **** 
  23:.\Generated_Source\PSoC5/AMux_1.c **** /*******************************************************************************
  24:.\Generated_Source\PSoC5/AMux_1.c **** * Function Name: AMux_1_Start
  25:.\Generated_Source\PSoC5/AMux_1.c **** ********************************************************************************
  26:.\Generated_Source\PSoC5/AMux_1.c **** * Summary:
  27:.\Generated_Source\PSoC5/AMux_1.c **** *  Disconnect all channels.
  28:.\Generated_Source\PSoC5/AMux_1.c **** *
  29:.\Generated_Source\PSoC5/AMux_1.c **** * Parameters:
  30:.\Generated_Source\PSoC5/AMux_1.c **** *  void
  31:.\Generated_Source\PSoC5/AMux_1.c **** *
  32:.\Generated_Source\PSoC5/AMux_1.c **** * Return:
  33:.\Generated_Source\PSoC5/AMux_1.c **** *  void
  34:.\Generated_Source\PSoC5/AMux_1.c **** *
  35:.\Generated_Source\PSoC5/AMux_1.c **** *******************************************************************************/
  36:.\Generated_Source\PSoC5/AMux_1.c **** void AMux_1_Start(void)
  37:.\Generated_Source\PSoC5/AMux_1.c **** {
  38              		.loc 1 37 0
  39              		.cfi_startproc
  40              		@ args = 0, pretend = 0, frame = 8
  41              		@ frame_needed = 1, uses_anonymous_args = 0
  42 0000 80B5     		push	{r7, lr}
  43              	.LCFI0:
  44              		.cfi_def_cfa_offset 8
  45 0002 82B0     		sub	sp, sp, #8
  46              	.LCFI1:
  47              		.cfi_def_cfa_offset 16
  48 0004 00AF     		add	r7, sp, #0
  49              		.cfi_offset 14, -4
  50              		.cfi_offset 7, -8
  51              	.LCFI2:
  52              		.cfi_def_cfa_register 7
  38:.\Generated_Source\PSoC5/AMux_1.c ****     uint8 chan;
  39:.\Generated_Source\PSoC5/AMux_1.c **** 
  40:.\Generated_Source\PSoC5/AMux_1.c ****     for(chan = 0; chan < AMux_1_CHANNELS ; chan++)
  53              		.loc 1 40 0
  54 0006 4FF00003 		mov	r3, #0
  55 000a FB71     		strb	r3, [r7, #7]
  56 000c 0BE0     		b	.L2
  57              	.L3:
  41:.\Generated_Source\PSoC5/AMux_1.c ****     {
  42:.\Generated_Source\PSoC5/AMux_1.c **** #if(AMux_1_MUXTYPE == AMux_1_MUX_SINGLE)
  43:.\Generated_Source\PSoC5/AMux_1.c ****         AMux_1_Unset(chan);
  44:.\Generated_Source\PSoC5/AMux_1.c **** #else
  45:.\Generated_Source\PSoC5/AMux_1.c ****         AMux_1_CYAMUXSIDE_A_Unset(chan);
  58              		.loc 1 45 0
  59 000e FB79     		ldrb	r3, [r7, #7]	@ zero_extendqisi2
  60 0010 1846     		mov	r0, r3
  61 0012 FFF7FEFF 		bl	AMux_1_CYAMUXSIDE_A_Unset
  46:.\Generated_Source\PSoC5/AMux_1.c ****         AMux_1_CYAMUXSIDE_B_Unset(chan);
  62              		.loc 1 46 0
  63 0016 FB79     		ldrb	r3, [r7, #7]	@ zero_extendqisi2
  64 0018 1846     		mov	r0, r3
ARM GAS  C:\Users\karunmj\AppData\Local\Temp\cc0T0nUH.s 			page 3


  65 001a FFF7FEFF 		bl	AMux_1_CYAMUXSIDE_B_Unset
  66              		.loc 1 40 0
  67 001e FB79     		ldrb	r3, [r7, #7]
  68 0020 03F10103 		add	r3, r3, #1
  69 0024 FB71     		strb	r3, [r7, #7]
  70              	.L2:
  71 0026 FB79     		ldrb	r3, [r7, #7]	@ zero_extendqisi2
  72 0028 032B     		cmp	r3, #3
  73 002a F0D9     		bls	.L3
  47:.\Generated_Source\PSoC5/AMux_1.c **** #endif
  48:.\Generated_Source\PSoC5/AMux_1.c ****     }
  49:.\Generated_Source\PSoC5/AMux_1.c **** 
  50:.\Generated_Source\PSoC5/AMux_1.c **** 	AMux_1_lastChannel = AMux_1_NULL_CHANNEL;
  74              		.loc 1 50 0
  75 002c 40F20003 		movw	r3, #:lower16:AMux_1_lastChannel
  76 0030 C0F20003 		movt	r3, #:upper16:AMux_1_lastChannel
  77 0034 4FF0FF32 		mov	r2, #-1
  78 0038 1A70     		strb	r2, [r3, #0]
  51:.\Generated_Source\PSoC5/AMux_1.c **** }
  79              		.loc 1 51 0
  80 003a 07F10807 		add	r7, r7, #8
  81 003e BD46     		mov	sp, r7
  82 0040 80BD     		pop	{r7, pc}
  83              		.cfi_endproc
  84              	.LFE0:
  85              		.size	AMux_1_Start, .-AMux_1_Start
  86 0042 00BF     		.section	.text.AMux_1_FastSelect,"ax",%progbits
  87              		.align	2
  88              		.global	AMux_1_FastSelect
  89              		.thumb
  90              		.thumb_func
  91              		.type	AMux_1_FastSelect, %function
  92              	AMux_1_FastSelect:
  93              	.LFB1:
  52:.\Generated_Source\PSoC5/AMux_1.c **** 
  53:.\Generated_Source\PSoC5/AMux_1.c **** 
  54:.\Generated_Source\PSoC5/AMux_1.c **** #if(!AMux_1_ATMOSTONE)
  55:.\Generated_Source\PSoC5/AMux_1.c **** /*******************************************************************************
  56:.\Generated_Source\PSoC5/AMux_1.c **** * Function Name: AMux_1_Select
  57:.\Generated_Source\PSoC5/AMux_1.c **** ********************************************************************************
  58:.\Generated_Source\PSoC5/AMux_1.c **** * Summary:
  59:.\Generated_Source\PSoC5/AMux_1.c **** *  This functions first disconnects all channels then connects the given
  60:.\Generated_Source\PSoC5/AMux_1.c **** *  channel.
  61:.\Generated_Source\PSoC5/AMux_1.c **** *
  62:.\Generated_Source\PSoC5/AMux_1.c **** * Parameters:
  63:.\Generated_Source\PSoC5/AMux_1.c **** *  channel:  The channel to connect to the common terminal.
  64:.\Generated_Source\PSoC5/AMux_1.c **** *
  65:.\Generated_Source\PSoC5/AMux_1.c **** * Return:
  66:.\Generated_Source\PSoC5/AMux_1.c **** *  void
  67:.\Generated_Source\PSoC5/AMux_1.c **** *
  68:.\Generated_Source\PSoC5/AMux_1.c **** *******************************************************************************/
  69:.\Generated_Source\PSoC5/AMux_1.c **** void AMux_1_Select(uint8 channel) 
  70:.\Generated_Source\PSoC5/AMux_1.c **** {
  71:.\Generated_Source\PSoC5/AMux_1.c ****     AMux_1_DisconnectAll();        /* Disconnect all previous connections */
  72:.\Generated_Source\PSoC5/AMux_1.c ****     AMux_1_Connect(channel);       /* Make the given selection */
  73:.\Generated_Source\PSoC5/AMux_1.c ****     AMux_1_lastChannel = channel;  /* Update last channel */
  74:.\Generated_Source\PSoC5/AMux_1.c **** }
ARM GAS  C:\Users\karunmj\AppData\Local\Temp\cc0T0nUH.s 			page 4


  75:.\Generated_Source\PSoC5/AMux_1.c **** #endif
  76:.\Generated_Source\PSoC5/AMux_1.c **** 
  77:.\Generated_Source\PSoC5/AMux_1.c **** 
  78:.\Generated_Source\PSoC5/AMux_1.c **** /*******************************************************************************
  79:.\Generated_Source\PSoC5/AMux_1.c **** * Function Name: AMux_1_FastSelect
  80:.\Generated_Source\PSoC5/AMux_1.c **** ********************************************************************************
  81:.\Generated_Source\PSoC5/AMux_1.c **** * Summary:
  82:.\Generated_Source\PSoC5/AMux_1.c **** *  This function first disconnects the last connection made with FastSelect or
  83:.\Generated_Source\PSoC5/AMux_1.c **** *  Select, then connects the given channel. The FastSelect function is similar
  84:.\Generated_Source\PSoC5/AMux_1.c **** *  to the Select function, except it is faster since it only disconnects the
  85:.\Generated_Source\PSoC5/AMux_1.c **** *  last channel selected rather than all channels.
  86:.\Generated_Source\PSoC5/AMux_1.c **** *
  87:.\Generated_Source\PSoC5/AMux_1.c **** * Parameters:
  88:.\Generated_Source\PSoC5/AMux_1.c **** *  channel:  The channel to connect to the common terminal.
  89:.\Generated_Source\PSoC5/AMux_1.c **** *
  90:.\Generated_Source\PSoC5/AMux_1.c **** * Return:
  91:.\Generated_Source\PSoC5/AMux_1.c **** *  void
  92:.\Generated_Source\PSoC5/AMux_1.c **** *
  93:.\Generated_Source\PSoC5/AMux_1.c **** *******************************************************************************/
  94:.\Generated_Source\PSoC5/AMux_1.c **** void AMux_1_FastSelect(uint8 channel) 
  95:.\Generated_Source\PSoC5/AMux_1.c **** {
  94              		.loc 1 95 0
  95              		.cfi_startproc
  96              		@ args = 0, pretend = 0, frame = 8
  97              		@ frame_needed = 1, uses_anonymous_args = 0
  98 0000 80B5     		push	{r7, lr}
  99              	.LCFI3:
 100              		.cfi_def_cfa_offset 8
 101 0002 82B0     		sub	sp, sp, #8
 102              	.LCFI4:
 103              		.cfi_def_cfa_offset 16
 104 0004 00AF     		add	r7, sp, #0
 105              		.cfi_offset 14, -4
 106              		.cfi_offset 7, -8
 107              	.LCFI5:
 108              		.cfi_def_cfa_register 7
 109 0006 0346     		mov	r3, r0
 110 0008 FB71     		strb	r3, [r7, #7]
  96:.\Generated_Source\PSoC5/AMux_1.c ****     /* Disconnect the last valid channel */
  97:.\Generated_Source\PSoC5/AMux_1.c ****     if( AMux_1_lastChannel != AMux_1_NULL_CHANNEL)
 111              		.loc 1 97 0
 112 000a 40F20003 		movw	r3, #:lower16:AMux_1_lastChannel
 113 000e C0F20003 		movt	r3, #:upper16:AMux_1_lastChannel
 114 0012 1B78     		ldrb	r3, [r3, #0]	@ zero_extendqisi2
 115 0014 FF2B     		cmp	r3, #255
 116 0016 07D0     		beq	.L6
  98:.\Generated_Source\PSoC5/AMux_1.c ****     {
  99:.\Generated_Source\PSoC5/AMux_1.c ****         AMux_1_Disconnect(AMux_1_lastChannel);
 117              		.loc 1 99 0
 118 0018 40F20003 		movw	r3, #:lower16:AMux_1_lastChannel
 119 001c C0F20003 		movt	r3, #:upper16:AMux_1_lastChannel
 120 0020 1B78     		ldrb	r3, [r3, #0]	@ zero_extendqisi2
 121 0022 1846     		mov	r0, r3
 122 0024 FFF7FEFF 		bl	AMux_1_Disconnect
 123              	.L6:
 100:.\Generated_Source\PSoC5/AMux_1.c ****     }
 101:.\Generated_Source\PSoC5/AMux_1.c **** 
ARM GAS  C:\Users\karunmj\AppData\Local\Temp\cc0T0nUH.s 			page 5


 102:.\Generated_Source\PSoC5/AMux_1.c ****     /* Make the new channel connection */
 103:.\Generated_Source\PSoC5/AMux_1.c **** #if(AMux_1_MUXTYPE == AMux_1_MUX_SINGLE)
 104:.\Generated_Source\PSoC5/AMux_1.c ****     AMux_1_Set(channel);
 105:.\Generated_Source\PSoC5/AMux_1.c **** #else
 106:.\Generated_Source\PSoC5/AMux_1.c ****     AMux_1_CYAMUXSIDE_A_Set(channel);
 124              		.loc 1 106 0
 125 0028 FB79     		ldrb	r3, [r7, #7]	@ zero_extendqisi2
 126 002a 1846     		mov	r0, r3
 127 002c FFF7FEFF 		bl	AMux_1_CYAMUXSIDE_A_Set
 107:.\Generated_Source\PSoC5/AMux_1.c ****     AMux_1_CYAMUXSIDE_B_Set(channel);
 128              		.loc 1 107 0
 129 0030 FB79     		ldrb	r3, [r7, #7]	@ zero_extendqisi2
 130 0032 1846     		mov	r0, r3
 131 0034 FFF7FEFF 		bl	AMux_1_CYAMUXSIDE_B_Set
 108:.\Generated_Source\PSoC5/AMux_1.c **** #endif
 109:.\Generated_Source\PSoC5/AMux_1.c **** 
 110:.\Generated_Source\PSoC5/AMux_1.c **** 
 111:.\Generated_Source\PSoC5/AMux_1.c **** 	AMux_1_lastChannel = channel;   /* Update last channel */
 132              		.loc 1 111 0
 133 0038 40F20003 		movw	r3, #:lower16:AMux_1_lastChannel
 134 003c C0F20003 		movt	r3, #:upper16:AMux_1_lastChannel
 135 0040 FA79     		ldrb	r2, [r7, #7]
 136 0042 1A70     		strb	r2, [r3, #0]
 112:.\Generated_Source\PSoC5/AMux_1.c **** }
 137              		.loc 1 112 0
 138 0044 07F10807 		add	r7, r7, #8
 139 0048 BD46     		mov	sp, r7
 140 004a 80BD     		pop	{r7, pc}
 141              		.cfi_endproc
 142              	.LFE1:
 143              		.size	AMux_1_FastSelect, .-AMux_1_FastSelect
 144              		.section	.text.AMux_1_Disconnect,"ax",%progbits
 145              		.align	2
 146              		.global	AMux_1_Disconnect
 147              		.thumb
 148              		.thumb_func
 149              		.type	AMux_1_Disconnect, %function
 150              	AMux_1_Disconnect:
 151              	.LFB2:
 113:.\Generated_Source\PSoC5/AMux_1.c **** 
 114:.\Generated_Source\PSoC5/AMux_1.c **** 
 115:.\Generated_Source\PSoC5/AMux_1.c **** #if(AMux_1_MUXTYPE == AMux_1_MUX_DIFF)
 116:.\Generated_Source\PSoC5/AMux_1.c **** #if(!AMux_1_ATMOSTONE)
 117:.\Generated_Source\PSoC5/AMux_1.c **** /*******************************************************************************
 118:.\Generated_Source\PSoC5/AMux_1.c **** * Function Name: AMux_1_Connect
 119:.\Generated_Source\PSoC5/AMux_1.c **** ********************************************************************************
 120:.\Generated_Source\PSoC5/AMux_1.c **** * Summary:
 121:.\Generated_Source\PSoC5/AMux_1.c **** *  This function connects the given channel without affecting other connections.
 122:.\Generated_Source\PSoC5/AMux_1.c **** *
 123:.\Generated_Source\PSoC5/AMux_1.c **** * Parameters:
 124:.\Generated_Source\PSoC5/AMux_1.c **** *  channel:  The channel to connect to the common terminal.
 125:.\Generated_Source\PSoC5/AMux_1.c **** *
 126:.\Generated_Source\PSoC5/AMux_1.c **** * Return:
 127:.\Generated_Source\PSoC5/AMux_1.c **** *  void
 128:.\Generated_Source\PSoC5/AMux_1.c **** *
 129:.\Generated_Source\PSoC5/AMux_1.c **** *******************************************************************************/
 130:.\Generated_Source\PSoC5/AMux_1.c **** void AMux_1_Connect(uint8 channel) 
ARM GAS  C:\Users\karunmj\AppData\Local\Temp\cc0T0nUH.s 			page 6


 131:.\Generated_Source\PSoC5/AMux_1.c **** {
 132:.\Generated_Source\PSoC5/AMux_1.c ****     AMux_1_CYAMUXSIDE_A_Set(channel);
 133:.\Generated_Source\PSoC5/AMux_1.c ****     AMux_1_CYAMUXSIDE_B_Set(channel);
 134:.\Generated_Source\PSoC5/AMux_1.c **** }
 135:.\Generated_Source\PSoC5/AMux_1.c **** #endif
 136:.\Generated_Source\PSoC5/AMux_1.c **** 
 137:.\Generated_Source\PSoC5/AMux_1.c **** /*******************************************************************************
 138:.\Generated_Source\PSoC5/AMux_1.c **** * Function Name: AMux_1_Disconnect
 139:.\Generated_Source\PSoC5/AMux_1.c **** ********************************************************************************
 140:.\Generated_Source\PSoC5/AMux_1.c **** * Summary:
 141:.\Generated_Source\PSoC5/AMux_1.c **** *  This function disconnects the given channel from the common or output
 142:.\Generated_Source\PSoC5/AMux_1.c **** *  terminal without affecting other connections.
 143:.\Generated_Source\PSoC5/AMux_1.c **** *
 144:.\Generated_Source\PSoC5/AMux_1.c **** * Parameters:
 145:.\Generated_Source\PSoC5/AMux_1.c **** *  channel:  The channel to disconnect from the common terminal.
 146:.\Generated_Source\PSoC5/AMux_1.c **** *
 147:.\Generated_Source\PSoC5/AMux_1.c **** * Return:
 148:.\Generated_Source\PSoC5/AMux_1.c **** *  void
 149:.\Generated_Source\PSoC5/AMux_1.c **** *
 150:.\Generated_Source\PSoC5/AMux_1.c **** *******************************************************************************/
 151:.\Generated_Source\PSoC5/AMux_1.c **** void AMux_1_Disconnect(uint8 channel) 
 152:.\Generated_Source\PSoC5/AMux_1.c **** {
 152              		.loc 1 152 0
 153              		.cfi_startproc
 154              		@ args = 0, pretend = 0, frame = 8
 155              		@ frame_needed = 1, uses_anonymous_args = 0
 156 0000 80B5     		push	{r7, lr}
 157              	.LCFI6:
 158              		.cfi_def_cfa_offset 8
 159 0002 82B0     		sub	sp, sp, #8
 160              	.LCFI7:
 161              		.cfi_def_cfa_offset 16
 162 0004 00AF     		add	r7, sp, #0
 163              		.cfi_offset 14, -4
 164              		.cfi_offset 7, -8
 165              	.LCFI8:
 166              		.cfi_def_cfa_register 7
 167 0006 0346     		mov	r3, r0
 168 0008 FB71     		strb	r3, [r7, #7]
 153:.\Generated_Source\PSoC5/AMux_1.c ****     AMux_1_CYAMUXSIDE_A_Unset(channel);
 169              		.loc 1 153 0
 170 000a FB79     		ldrb	r3, [r7, #7]	@ zero_extendqisi2
 171 000c 1846     		mov	r0, r3
 172 000e FFF7FEFF 		bl	AMux_1_CYAMUXSIDE_A_Unset
 154:.\Generated_Source\PSoC5/AMux_1.c ****     AMux_1_CYAMUXSIDE_B_Unset(channel);
 173              		.loc 1 154 0
 174 0012 FB79     		ldrb	r3, [r7, #7]	@ zero_extendqisi2
 175 0014 1846     		mov	r0, r3
 176 0016 FFF7FEFF 		bl	AMux_1_CYAMUXSIDE_B_Unset
 155:.\Generated_Source\PSoC5/AMux_1.c **** }
 177              		.loc 1 155 0
 178 001a 07F10807 		add	r7, r7, #8
 179 001e BD46     		mov	sp, r7
 180 0020 80BD     		pop	{r7, pc}
 181              		.cfi_endproc
 182              	.LFE2:
 183              		.size	AMux_1_Disconnect, .-AMux_1_Disconnect
ARM GAS  C:\Users\karunmj\AppData\Local\Temp\cc0T0nUH.s 			page 7


 184 0022 00BF     		.section	.text.AMux_1_DisconnectAll,"ax",%progbits
 185              		.align	2
 186              		.global	AMux_1_DisconnectAll
 187              		.thumb
 188              		.thumb_func
 189              		.type	AMux_1_DisconnectAll, %function
 190              	AMux_1_DisconnectAll:
 191              	.LFB3:
 156:.\Generated_Source\PSoC5/AMux_1.c **** #endif
 157:.\Generated_Source\PSoC5/AMux_1.c **** 
 158:.\Generated_Source\PSoC5/AMux_1.c **** #if(AMux_1_ATMOSTONE)
 159:.\Generated_Source\PSoC5/AMux_1.c **** /*******************************************************************************
 160:.\Generated_Source\PSoC5/AMux_1.c **** * Function Name: AMux_1_DisconnectAll
 161:.\Generated_Source\PSoC5/AMux_1.c **** ********************************************************************************
 162:.\Generated_Source\PSoC5/AMux_1.c **** * Summary:
 163:.\Generated_Source\PSoC5/AMux_1.c **** *  This function disconnects all channels.
 164:.\Generated_Source\PSoC5/AMux_1.c **** *
 165:.\Generated_Source\PSoC5/AMux_1.c **** * Parameters:
 166:.\Generated_Source\PSoC5/AMux_1.c **** *  void
 167:.\Generated_Source\PSoC5/AMux_1.c **** *
 168:.\Generated_Source\PSoC5/AMux_1.c **** * Return:
 169:.\Generated_Source\PSoC5/AMux_1.c **** *  void
 170:.\Generated_Source\PSoC5/AMux_1.c **** *
 171:.\Generated_Source\PSoC5/AMux_1.c **** *******************************************************************************/
 172:.\Generated_Source\PSoC5/AMux_1.c **** void AMux_1_DisconnectAll(void) 
 173:.\Generated_Source\PSoC5/AMux_1.c **** {
 192              		.loc 1 173 0
 193              		.cfi_startproc
 194              		@ args = 0, pretend = 0, frame = 0
 195              		@ frame_needed = 1, uses_anonymous_args = 0
 196 0000 80B5     		push	{r7, lr}
 197              	.LCFI9:
 198              		.cfi_def_cfa_offset 8
 199 0002 00AF     		add	r7, sp, #0
 200              		.cfi_offset 14, -4
 201              		.cfi_offset 7, -8
 202              	.LCFI10:
 203              		.cfi_def_cfa_register 7
 174:.\Generated_Source\PSoC5/AMux_1.c ****     if(AMux_1_lastChannel != AMux_1_NULL_CHANNEL) 
 204              		.loc 1 174 0
 205 0004 40F20003 		movw	r3, #:lower16:AMux_1_lastChannel
 206 0008 C0F20003 		movt	r3, #:upper16:AMux_1_lastChannel
 207 000c 1B78     		ldrb	r3, [r3, #0]	@ zero_extendqisi2
 208 000e FF2B     		cmp	r3, #255
 209 0010 0ED0     		beq	.L12
 175:.\Generated_Source\PSoC5/AMux_1.c ****     {
 176:.\Generated_Source\PSoC5/AMux_1.c ****         AMux_1_Disconnect(AMux_1_lastChannel);
 210              		.loc 1 176 0
 211 0012 40F20003 		movw	r3, #:lower16:AMux_1_lastChannel
 212 0016 C0F20003 		movt	r3, #:upper16:AMux_1_lastChannel
 213 001a 1B78     		ldrb	r3, [r3, #0]	@ zero_extendqisi2
 214 001c 1846     		mov	r0, r3
 215 001e FFF7FEFF 		bl	AMux_1_Disconnect
 177:.\Generated_Source\PSoC5/AMux_1.c **** 		AMux_1_lastChannel = AMux_1_NULL_CHANNEL;
 216              		.loc 1 177 0
 217 0022 40F20003 		movw	r3, #:lower16:AMux_1_lastChannel
 218 0026 C0F20003 		movt	r3, #:upper16:AMux_1_lastChannel
ARM GAS  C:\Users\karunmj\AppData\Local\Temp\cc0T0nUH.s 			page 8


 219 002a 4FF0FF32 		mov	r2, #-1
 220 002e 1A70     		strb	r2, [r3, #0]
 221              	.L12:
 178:.\Generated_Source\PSoC5/AMux_1.c ****     }
 179:.\Generated_Source\PSoC5/AMux_1.c **** }
 222              		.loc 1 179 0
 223 0030 80BD     		pop	{r7, pc}
 224              		.cfi_endproc
 225              	.LFE3:
 226              		.size	AMux_1_DisconnectAll, .-AMux_1_DisconnectAll
 227 0032 00BF     		.text
 228              	.Letext0:
 229              		.section	.debug_loc,"",%progbits
 230              	.Ldebug_loc0:
 231              	.LLST0:
 232 0000 00000000 		.4byte	.LFB0
 233 0004 02000000 		.4byte	.LCFI0
 234 0008 0100     		.2byte	0x1
 235 000a 5D       		.byte	0x5d
 236 000b 02000000 		.4byte	.LCFI0
 237 000f 04000000 		.4byte	.LCFI1
 238 0013 0200     		.2byte	0x2
 239 0015 7D       		.byte	0x7d
 240 0016 08       		.sleb128 8
 241 0017 04000000 		.4byte	.LCFI1
 242 001b 06000000 		.4byte	.LCFI2
 243 001f 0200     		.2byte	0x2
 244 0021 7D       		.byte	0x7d
 245 0022 10       		.sleb128 16
 246 0023 06000000 		.4byte	.LCFI2
 247 0027 42000000 		.4byte	.LFE0
 248 002b 0200     		.2byte	0x2
 249 002d 77       		.byte	0x77
 250 002e 10       		.sleb128 16
 251 002f 00000000 		.4byte	0x0
 252 0033 00000000 		.4byte	0x0
 253              	.LLST1:
 254 0037 00000000 		.4byte	.LFB1
 255 003b 02000000 		.4byte	.LCFI3
 256 003f 0100     		.2byte	0x1
 257 0041 5D       		.byte	0x5d
 258 0042 02000000 		.4byte	.LCFI3
 259 0046 04000000 		.4byte	.LCFI4
 260 004a 0200     		.2byte	0x2
 261 004c 7D       		.byte	0x7d
 262 004d 08       		.sleb128 8
 263 004e 04000000 		.4byte	.LCFI4
 264 0052 06000000 		.4byte	.LCFI5
 265 0056 0200     		.2byte	0x2
 266 0058 7D       		.byte	0x7d
 267 0059 10       		.sleb128 16
 268 005a 06000000 		.4byte	.LCFI5
 269 005e 4C000000 		.4byte	.LFE1
 270 0062 0200     		.2byte	0x2
 271 0064 77       		.byte	0x77
 272 0065 10       		.sleb128 16
 273 0066 00000000 		.4byte	0x0
ARM GAS  C:\Users\karunmj\AppData\Local\Temp\cc0T0nUH.s 			page 9


 274 006a 00000000 		.4byte	0x0
 275              	.LLST2:
 276 006e 00000000 		.4byte	.LFB2
 277 0072 02000000 		.4byte	.LCFI6
 278 0076 0100     		.2byte	0x1
 279 0078 5D       		.byte	0x5d
 280 0079 02000000 		.4byte	.LCFI6
 281 007d 04000000 		.4byte	.LCFI7
 282 0081 0200     		.2byte	0x2
 283 0083 7D       		.byte	0x7d
 284 0084 08       		.sleb128 8
 285 0085 04000000 		.4byte	.LCFI7
 286 0089 06000000 		.4byte	.LCFI8
 287 008d 0200     		.2byte	0x2
 288 008f 7D       		.byte	0x7d
 289 0090 10       		.sleb128 16
 290 0091 06000000 		.4byte	.LCFI8
 291 0095 22000000 		.4byte	.LFE2
 292 0099 0200     		.2byte	0x2
 293 009b 77       		.byte	0x77
 294 009c 10       		.sleb128 16
 295 009d 00000000 		.4byte	0x0
 296 00a1 00000000 		.4byte	0x0
 297              	.LLST3:
 298 00a5 00000000 		.4byte	.LFB3
 299 00a9 02000000 		.4byte	.LCFI9
 300 00ad 0100     		.2byte	0x1
 301 00af 5D       		.byte	0x5d
 302 00b0 02000000 		.4byte	.LCFI9
 303 00b4 04000000 		.4byte	.LCFI10
 304 00b8 0200     		.2byte	0x2
 305 00ba 7D       		.byte	0x7d
 306 00bb 08       		.sleb128 8
 307 00bc 04000000 		.4byte	.LCFI10
 308 00c0 32000000 		.4byte	.LFE3
 309 00c4 0200     		.2byte	0x2
 310 00c6 77       		.byte	0x77
 311 00c7 08       		.sleb128 8
 312 00c8 00000000 		.4byte	0x0
 313 00cc 00000000 		.4byte	0x0
 314              		.file 2 ".\\Generated_Source\\PSoC5\\/cytypes.h"
 315              		.section	.debug_info
 316 0000 2B010000 		.4byte	0x12b
 317 0004 0200     		.2byte	0x2
 318 0006 00000000 		.4byte	.Ldebug_abbrev0
 319 000a 04       		.byte	0x4
 320 000b 01       		.uleb128 0x1
 321 000c 38010000 		.4byte	.LASF16
 322 0010 01       		.byte	0x1
 323 0011 6D000000 		.4byte	.LASF17
 324 0015 16000000 		.4byte	.LASF18
 325 0019 00000000 		.4byte	0x0
 326 001d 00000000 		.4byte	0x0
 327 0021 00000000 		.4byte	.Ldebug_ranges0+0x0
 328 0025 00000000 		.4byte	.Ldebug_line0
 329 0029 02       		.uleb128 0x2
 330 002a 01       		.byte	0x1
ARM GAS  C:\Users\karunmj\AppData\Local\Temp\cc0T0nUH.s 			page 10


 331 002b 06       		.byte	0x6
 332 002c 62010000 		.4byte	.LASF0
 333 0030 02       		.uleb128 0x2
 334 0031 01       		.byte	0x1
 335 0032 08       		.byte	0x8
 336 0033 8F000000 		.4byte	.LASF1
 337 0037 02       		.uleb128 0x2
 338 0038 02       		.byte	0x2
 339 0039 05       		.byte	0x5
 340 003a 49010000 		.4byte	.LASF2
 341 003e 02       		.uleb128 0x2
 342 003f 02       		.byte	0x2
 343 0040 07       		.byte	0x7
 344 0041 C1000000 		.4byte	.LASF3
 345 0045 02       		.uleb128 0x2
 346 0046 04       		.byte	0x4
 347 0047 05       		.byte	0x5
 348 0048 59010000 		.4byte	.LASF4
 349 004c 02       		.uleb128 0x2
 350 004d 04       		.byte	0x4
 351 004e 07       		.byte	0x7
 352 004f AF000000 		.4byte	.LASF5
 353 0053 02       		.uleb128 0x2
 354 0054 08       		.byte	0x8
 355 0055 05       		.byte	0x5
 356 0056 00000000 		.4byte	.LASF6
 357 005a 02       		.uleb128 0x2
 358 005b 08       		.byte	0x8
 359 005c 07       		.byte	0x7
 360 005d 0A010000 		.4byte	.LASF7
 361 0061 03       		.uleb128 0x3
 362 0062 04       		.byte	0x4
 363 0063 05       		.byte	0x5
 364 0064 696E7400 		.ascii	"int\000"
 365 0068 02       		.uleb128 0x2
 366 0069 04       		.byte	0x4
 367 006a 07       		.byte	0x7
 368 006b FD000000 		.4byte	.LASF8
 369 006f 04       		.uleb128 0x4
 370 0070 53010000 		.4byte	.LASF19
 371 0074 02       		.byte	0x2
 372 0075 4C       		.byte	0x4c
 373 0076 30000000 		.4byte	0x30
 374 007a 02       		.uleb128 0x2
 375 007b 04       		.byte	0x4
 376 007c 04       		.byte	0x4
 377 007d 67000000 		.4byte	.LASF9
 378 0081 02       		.uleb128 0x2
 379 0082 08       		.byte	0x8
 380 0083 04       		.byte	0x4
 381 0084 D4000000 		.4byte	.LASF10
 382 0088 02       		.uleb128 0x2
 383 0089 01       		.byte	0x1
 384 008a 08       		.byte	0x8
 385 008b 44010000 		.4byte	.LASF11
 386 008f 05       		.uleb128 0x5
 387 0090 01       		.byte	0x1
ARM GAS  C:\Users\karunmj\AppData\Local\Temp\cc0T0nUH.s 			page 11


 388 0091 DB000000 		.4byte	.LASF12
 389 0095 01       		.byte	0x1
 390 0096 24       		.byte	0x24
 391 0097 01       		.byte	0x1
 392 0098 00000000 		.4byte	.LFB0
 393 009c 42000000 		.4byte	.LFE0
 394 00a0 00000000 		.4byte	.LLST0
 395 00a4 B7000000 		.4byte	0xb7
 396 00a8 06       		.uleb128 0x6
 397 00a9 33010000 		.4byte	.LASF20
 398 00ad 01       		.byte	0x1
 399 00ae 26       		.byte	0x26
 400 00af 6F000000 		.4byte	0x6f
 401 00b3 02       		.byte	0x2
 402 00b4 91       		.byte	0x91
 403 00b5 77       		.sleb128 -9
 404 00b6 00       		.byte	0x0
 405 00b7 05       		.uleb128 0x5
 406 00b8 01       		.byte	0x1
 407 00b9 9D000000 		.4byte	.LASF13
 408 00bd 01       		.byte	0x1
 409 00be 5E       		.byte	0x5e
 410 00bf 01       		.byte	0x1
 411 00c0 00000000 		.4byte	.LFB1
 412 00c4 4C000000 		.4byte	.LFE1
 413 00c8 37000000 		.4byte	.LLST1
 414 00cc DF000000 		.4byte	0xdf
 415 00d0 07       		.uleb128 0x7
 416 00d1 0E000000 		.4byte	.LASF15
 417 00d5 01       		.byte	0x1
 418 00d6 5E       		.byte	0x5e
 419 00d7 6F000000 		.4byte	0x6f
 420 00db 02       		.byte	0x2
 421 00dc 91       		.byte	0x91
 422 00dd 77       		.sleb128 -9
 423 00de 00       		.byte	0x0
 424 00df 05       		.uleb128 0x5
 425 00e0 01       		.byte	0x1
 426 00e1 21010000 		.4byte	.LASF14
 427 00e5 01       		.byte	0x1
 428 00e6 97       		.byte	0x97
 429 00e7 01       		.byte	0x1
 430 00e8 00000000 		.4byte	.LFB2
 431 00ec 22000000 		.4byte	.LFE2
 432 00f0 6E000000 		.4byte	.LLST2
 433 00f4 07010000 		.4byte	0x107
 434 00f8 07       		.uleb128 0x7
 435 00f9 0E000000 		.4byte	.LASF15
 436 00fd 01       		.byte	0x1
 437 00fe 97       		.byte	0x97
 438 00ff 6F000000 		.4byte	0x6f
 439 0103 02       		.byte	0x2
 440 0104 91       		.byte	0x91
 441 0105 77       		.sleb128 -9
 442 0106 00       		.byte	0x0
 443 0107 08       		.uleb128 0x8
 444 0108 01       		.byte	0x1
ARM GAS  C:\Users\karunmj\AppData\Local\Temp\cc0T0nUH.s 			page 12


 445 0109 E8000000 		.4byte	.LASF21
 446 010d 01       		.byte	0x1
 447 010e AC       		.byte	0xac
 448 010f 01       		.byte	0x1
 449 0110 00000000 		.4byte	.LFB3
 450 0114 32000000 		.4byte	.LFE3
 451 0118 A5000000 		.4byte	.LLST3
 452 011c 09       		.uleb128 0x9
 453 011d 6E010000 		.4byte	.LASF22
 454 0121 01       		.byte	0x1
 455 0122 14       		.byte	0x14
 456 0123 6F000000 		.4byte	0x6f
 457 0127 01       		.byte	0x1
 458 0128 05       		.byte	0x5
 459 0129 03       		.byte	0x3
 460 012a 00000000 		.4byte	AMux_1_lastChannel
 461 012e 00       		.byte	0x0
 462              		.section	.debug_abbrev
 463 0000 01       		.uleb128 0x1
 464 0001 11       		.uleb128 0x11
 465 0002 01       		.byte	0x1
 466 0003 25       		.uleb128 0x25
 467 0004 0E       		.uleb128 0xe
 468 0005 13       		.uleb128 0x13
 469 0006 0B       		.uleb128 0xb
 470 0007 03       		.uleb128 0x3
 471 0008 0E       		.uleb128 0xe
 472 0009 1B       		.uleb128 0x1b
 473 000a 0E       		.uleb128 0xe
 474 000b 11       		.uleb128 0x11
 475 000c 01       		.uleb128 0x1
 476 000d 52       		.uleb128 0x52
 477 000e 01       		.uleb128 0x1
 478 000f 55       		.uleb128 0x55
 479 0010 06       		.uleb128 0x6
 480 0011 10       		.uleb128 0x10
 481 0012 06       		.uleb128 0x6
 482 0013 00       		.byte	0x0
 483 0014 00       		.byte	0x0
 484 0015 02       		.uleb128 0x2
 485 0016 24       		.uleb128 0x24
 486 0017 00       		.byte	0x0
 487 0018 0B       		.uleb128 0xb
 488 0019 0B       		.uleb128 0xb
 489 001a 3E       		.uleb128 0x3e
 490 001b 0B       		.uleb128 0xb
 491 001c 03       		.uleb128 0x3
 492 001d 0E       		.uleb128 0xe
 493 001e 00       		.byte	0x0
 494 001f 00       		.byte	0x0
 495 0020 03       		.uleb128 0x3
 496 0021 24       		.uleb128 0x24
 497 0022 00       		.byte	0x0
 498 0023 0B       		.uleb128 0xb
 499 0024 0B       		.uleb128 0xb
 500 0025 3E       		.uleb128 0x3e
 501 0026 0B       		.uleb128 0xb
ARM GAS  C:\Users\karunmj\AppData\Local\Temp\cc0T0nUH.s 			page 13


 502 0027 03       		.uleb128 0x3
 503 0028 08       		.uleb128 0x8
 504 0029 00       		.byte	0x0
 505 002a 00       		.byte	0x0
 506 002b 04       		.uleb128 0x4
 507 002c 16       		.uleb128 0x16
 508 002d 00       		.byte	0x0
 509 002e 03       		.uleb128 0x3
 510 002f 0E       		.uleb128 0xe
 511 0030 3A       		.uleb128 0x3a
 512 0031 0B       		.uleb128 0xb
 513 0032 3B       		.uleb128 0x3b
 514 0033 0B       		.uleb128 0xb
 515 0034 49       		.uleb128 0x49
 516 0035 13       		.uleb128 0x13
 517 0036 00       		.byte	0x0
 518 0037 00       		.byte	0x0
 519 0038 05       		.uleb128 0x5
 520 0039 2E       		.uleb128 0x2e
 521 003a 01       		.byte	0x1
 522 003b 3F       		.uleb128 0x3f
 523 003c 0C       		.uleb128 0xc
 524 003d 03       		.uleb128 0x3
 525 003e 0E       		.uleb128 0xe
 526 003f 3A       		.uleb128 0x3a
 527 0040 0B       		.uleb128 0xb
 528 0041 3B       		.uleb128 0x3b
 529 0042 0B       		.uleb128 0xb
 530 0043 27       		.uleb128 0x27
 531 0044 0C       		.uleb128 0xc
 532 0045 11       		.uleb128 0x11
 533 0046 01       		.uleb128 0x1
 534 0047 12       		.uleb128 0x12
 535 0048 01       		.uleb128 0x1
 536 0049 40       		.uleb128 0x40
 537 004a 06       		.uleb128 0x6
 538 004b 01       		.uleb128 0x1
 539 004c 13       		.uleb128 0x13
 540 004d 00       		.byte	0x0
 541 004e 00       		.byte	0x0
 542 004f 06       		.uleb128 0x6
 543 0050 34       		.uleb128 0x34
 544 0051 00       		.byte	0x0
 545 0052 03       		.uleb128 0x3
 546 0053 0E       		.uleb128 0xe
 547 0054 3A       		.uleb128 0x3a
 548 0055 0B       		.uleb128 0xb
 549 0056 3B       		.uleb128 0x3b
 550 0057 0B       		.uleb128 0xb
 551 0058 49       		.uleb128 0x49
 552 0059 13       		.uleb128 0x13
 553 005a 02       		.uleb128 0x2
 554 005b 0A       		.uleb128 0xa
 555 005c 00       		.byte	0x0
 556 005d 00       		.byte	0x0
 557 005e 07       		.uleb128 0x7
 558 005f 05       		.uleb128 0x5
ARM GAS  C:\Users\karunmj\AppData\Local\Temp\cc0T0nUH.s 			page 14


 559 0060 00       		.byte	0x0
 560 0061 03       		.uleb128 0x3
 561 0062 0E       		.uleb128 0xe
 562 0063 3A       		.uleb128 0x3a
 563 0064 0B       		.uleb128 0xb
 564 0065 3B       		.uleb128 0x3b
 565 0066 0B       		.uleb128 0xb
 566 0067 49       		.uleb128 0x49
 567 0068 13       		.uleb128 0x13
 568 0069 02       		.uleb128 0x2
 569 006a 0A       		.uleb128 0xa
 570 006b 00       		.byte	0x0
 571 006c 00       		.byte	0x0
 572 006d 08       		.uleb128 0x8
 573 006e 2E       		.uleb128 0x2e
 574 006f 00       		.byte	0x0
 575 0070 3F       		.uleb128 0x3f
 576 0071 0C       		.uleb128 0xc
 577 0072 03       		.uleb128 0x3
 578 0073 0E       		.uleb128 0xe
 579 0074 3A       		.uleb128 0x3a
 580 0075 0B       		.uleb128 0xb
 581 0076 3B       		.uleb128 0x3b
 582 0077 0B       		.uleb128 0xb
 583 0078 27       		.uleb128 0x27
 584 0079 0C       		.uleb128 0xc
 585 007a 11       		.uleb128 0x11
 586 007b 01       		.uleb128 0x1
 587 007c 12       		.uleb128 0x12
 588 007d 01       		.uleb128 0x1
 589 007e 40       		.uleb128 0x40
 590 007f 06       		.uleb128 0x6
 591 0080 00       		.byte	0x0
 592 0081 00       		.byte	0x0
 593 0082 09       		.uleb128 0x9
 594 0083 34       		.uleb128 0x34
 595 0084 00       		.byte	0x0
 596 0085 03       		.uleb128 0x3
 597 0086 0E       		.uleb128 0xe
 598 0087 3A       		.uleb128 0x3a
 599 0088 0B       		.uleb128 0xb
 600 0089 3B       		.uleb128 0x3b
 601 008a 0B       		.uleb128 0xb
 602 008b 49       		.uleb128 0x49
 603 008c 13       		.uleb128 0x13
 604 008d 3F       		.uleb128 0x3f
 605 008e 0C       		.uleb128 0xc
 606 008f 02       		.uleb128 0x2
 607 0090 0A       		.uleb128 0xa
 608 0091 00       		.byte	0x0
 609 0092 00       		.byte	0x0
 610 0093 00       		.byte	0x0
 611              		.section	.debug_pubnames,"",%progbits
 612 0000 7B000000 		.4byte	0x7b
 613 0004 0200     		.2byte	0x2
 614 0006 00000000 		.4byte	.Ldebug_info0
 615 000a 2F010000 		.4byte	0x12f
ARM GAS  C:\Users\karunmj\AppData\Local\Temp\cc0T0nUH.s 			page 15


 616 000e 8F000000 		.4byte	0x8f
 617 0012 414D7578 		.ascii	"AMux_1_Start\000"
 617      5F315F53 
 617      74617274 
 617      00
 618 001f B7000000 		.4byte	0xb7
 619 0023 414D7578 		.ascii	"AMux_1_FastSelect\000"
 619      5F315F46 
 619      61737453 
 619      656C6563 
 619      7400
 620 0035 DF000000 		.4byte	0xdf
 621 0039 414D7578 		.ascii	"AMux_1_Disconnect\000"
 621      5F315F44 
 621      6973636F 
 621      6E6E6563 
 621      7400
 622 004b 07010000 		.4byte	0x107
 623 004f 414D7578 		.ascii	"AMux_1_DisconnectAll\000"
 623      5F315F44 
 623      6973636F 
 623      6E6E6563 
 623      74416C6C 
 624 0064 1C010000 		.4byte	0x11c
 625 0068 414D7578 		.ascii	"AMux_1_lastChannel\000"
 625      5F315F6C 
 625      61737443 
 625      68616E6E 
 625      656C00
 626 007b 00000000 		.4byte	0x0
 627              		.section	.debug_aranges,"",%progbits
 628 0000 34000000 		.4byte	0x34
 629 0004 0200     		.2byte	0x2
 630 0006 00000000 		.4byte	.Ldebug_info0
 631 000a 04       		.byte	0x4
 632 000b 00       		.byte	0x0
 633 000c 0000     		.2byte	0x0
 634 000e 0000     		.2byte	0x0
 635 0010 00000000 		.4byte	.LFB0
 636 0014 42000000 		.4byte	.LFE0-.LFB0
 637 0018 00000000 		.4byte	.LFB1
 638 001c 4C000000 		.4byte	.LFE1-.LFB1
 639 0020 00000000 		.4byte	.LFB2
 640 0024 22000000 		.4byte	.LFE2-.LFB2
 641 0028 00000000 		.4byte	.LFB3
 642 002c 32000000 		.4byte	.LFE3-.LFB3
 643 0030 00000000 		.4byte	0x0
 644 0034 00000000 		.4byte	0x0
 645              		.section	.debug_ranges,"",%progbits
 646              	.Ldebug_ranges0:
 647 0000 00000000 		.4byte	.Ltext0
 648 0004 00000000 		.4byte	.Letext0
 649 0008 00000000 		.4byte	.LFB0
 650 000c 42000000 		.4byte	.LFE0
 651 0010 00000000 		.4byte	.LFB1
 652 0014 4C000000 		.4byte	.LFE1
 653 0018 00000000 		.4byte	.LFB2
ARM GAS  C:\Users\karunmj\AppData\Local\Temp\cc0T0nUH.s 			page 16


 654 001c 22000000 		.4byte	.LFE2
 655 0020 00000000 		.4byte	.LFB3
 656 0024 32000000 		.4byte	.LFE3
 657 0028 00000000 		.4byte	0x0
 658 002c 00000000 		.4byte	0x0
 659              		.section	.debug_str,"MS",%progbits,1
 660              	.LASF6:
 661 0000 6C6F6E67 		.ascii	"long long int\000"
 661      206C6F6E 
 661      6720696E 
 661      7400
 662              	.LASF15:
 663 000e 6368616E 		.ascii	"channel\000"
 663      6E656C00 
 664              	.LASF18:
 665 0016 433A5C55 		.ascii	"C:\\Users\\karunmj\\Documents\\GitHub\\m2m\\hardwar"
 665      73657273 
 665      5C6B6172 
 665      756E6D6A 
 665      5C446F63 
 666 0043 655C7073 		.ascii	"e\\psoc5\\Campbell_Conductivity.cydsn\000"
 666      6F63355C 
 666      43616D70 
 666      62656C6C 
 666      5F436F6E 
 667              	.LASF9:
 668 0067 666C6F61 		.ascii	"float\000"
 668      7400
 669              	.LASF17:
 670 006d 2E5C4765 		.ascii	".\\Generated_Source\\PSoC5\\AMux_1.c\000"
 670      6E657261 
 670      7465645F 
 670      536F7572 
 670      63655C50 
 671              	.LASF1:
 672 008f 756E7369 		.ascii	"unsigned char\000"
 672      676E6564 
 672      20636861 
 672      7200
 673              	.LASF13:
 674 009d 414D7578 		.ascii	"AMux_1_FastSelect\000"
 674      5F315F46 
 674      61737453 
 674      656C6563 
 674      7400
 675              	.LASF5:
 676 00af 6C6F6E67 		.ascii	"long unsigned int\000"
 676      20756E73 
 676      69676E65 
 676      6420696E 
 676      7400
 677              	.LASF3:
 678 00c1 73686F72 		.ascii	"short unsigned int\000"
 678      7420756E 
 678      7369676E 
 678      65642069 
 678      6E7400
ARM GAS  C:\Users\karunmj\AppData\Local\Temp\cc0T0nUH.s 			page 17


 679              	.LASF10:
 680 00d4 646F7562 		.ascii	"double\000"
 680      6C6500
 681              	.LASF12:
 682 00db 414D7578 		.ascii	"AMux_1_Start\000"
 682      5F315F53 
 682      74617274 
 682      00
 683              	.LASF21:
 684 00e8 414D7578 		.ascii	"AMux_1_DisconnectAll\000"
 684      5F315F44 
 684      6973636F 
 684      6E6E6563 
 684      74416C6C 
 685              	.LASF8:
 686 00fd 756E7369 		.ascii	"unsigned int\000"
 686      676E6564 
 686      20696E74 
 686      00
 687              	.LASF7:
 688 010a 6C6F6E67 		.ascii	"long long unsigned int\000"
 688      206C6F6E 
 688      6720756E 
 688      7369676E 
 688      65642069 
 689              	.LASF14:
 690 0121 414D7578 		.ascii	"AMux_1_Disconnect\000"
 690      5F315F44 
 690      6973636F 
 690      6E6E6563 
 690      7400
 691              	.LASF20:
 692 0133 6368616E 		.ascii	"chan\000"
 692      00
 693              	.LASF16:
 694 0138 474E5520 		.ascii	"GNU C 4.4.1\000"
 694      4320342E 
 694      342E3100 
 695              	.LASF11:
 696 0144 63686172 		.ascii	"char\000"
 696      00
 697              	.LASF2:
 698 0149 73686F72 		.ascii	"short int\000"
 698      7420696E 
 698      7400
 699              	.LASF19:
 700 0153 75696E74 		.ascii	"uint8\000"
 700      3800
 701              	.LASF4:
 702 0159 6C6F6E67 		.ascii	"long int\000"
 702      20696E74 
 702      00
 703              	.LASF0:
 704 0162 7369676E 		.ascii	"signed char\000"
 704      65642063 
 704      68617200 
 705              	.LASF22:
ARM GAS  C:\Users\karunmj\AppData\Local\Temp\cc0T0nUH.s 			page 18


 706 016e 414D7578 		.ascii	"AMux_1_lastChannel\000"
 706      5F315F6C 
 706      61737443 
 706      68616E6E 
 706      656C00
 707              		.ident	"GCC: (Sourcery G++ Lite 2010q1-188) 4.4.1"
