ARM GAS  C:\Users\karunmj\AppData\Local\Temp\ccDUVAja.s 			page 1


   1              		.syntax unified
   2              		.cpu cortex-m3
   3              		.fpu softvfp
   4              		.eabi_attribute 20, 1
   5              		.eabi_attribute 21, 1
   6              		.eabi_attribute 23, 3
   7              		.eabi_attribute 24, 1
   8              		.eabi_attribute 25, 1
   9              		.eabi_attribute 26, 1
  10              		.eabi_attribute 30, 6
  11              		.eabi_attribute 18, 4
  12              		.thumb
  13              		.file	"PWM_1_PM.c"
  14              		.section	.debug_abbrev,"",%progbits
  15              	.Ldebug_abbrev0:
  16              		.section	.debug_info,"",%progbits
  17              	.Ldebug_info0:
  18              		.section	.debug_line,"",%progbits
  19              	.Ldebug_line0:
  20 0000 CB000000 		.text
  20      02006C00 
  20      00000201 
  20      FB0E0D00 
  20      01010101 
  21              	.Ltext0:
  22              		.cfi_sections	.debug_frame
  23              		.bss
  24              		.align	2
  25              	PWM_1_backup:
  26 0000 00000000 		.space	4
  27              		.section	.text.PWM_1_SaveConfig,"ax",%progbits
  28              		.align	2
  29              		.global	PWM_1_SaveConfig
  30              		.thumb
  31              		.thumb_func
  32              		.type	PWM_1_SaveConfig, %function
  33              	PWM_1_SaveConfig:
  34              	.LFB0:
  35              		.file 1 ".\\Generated_Source\\PSoC5\\PWM_1_PM.c"
   1:.\Generated_Source\PSoC5/PWM_1_PM.c **** /*******************************************************************************
   2:.\Generated_Source\PSoC5/PWM_1_PM.c **** * File Name: PWM_1_PM.c
   3:.\Generated_Source\PSoC5/PWM_1_PM.c **** * Version 2.40
   4:.\Generated_Source\PSoC5/PWM_1_PM.c **** *
   5:.\Generated_Source\PSoC5/PWM_1_PM.c **** * Description:
   6:.\Generated_Source\PSoC5/PWM_1_PM.c **** *  This file provides the power management source code to API for the
   7:.\Generated_Source\PSoC5/PWM_1_PM.c **** *  PWM.
   8:.\Generated_Source\PSoC5/PWM_1_PM.c **** *
   9:.\Generated_Source\PSoC5/PWM_1_PM.c **** * Note:
  10:.\Generated_Source\PSoC5/PWM_1_PM.c **** *
  11:.\Generated_Source\PSoC5/PWM_1_PM.c **** ********************************************************************************
  12:.\Generated_Source\PSoC5/PWM_1_PM.c **** * Copyright 2008-2012, Cypress Semiconductor Corporation.  All rights reserved.
  13:.\Generated_Source\PSoC5/PWM_1_PM.c **** * You may use this file only in accordance with the license, terms, conditions,
  14:.\Generated_Source\PSoC5/PWM_1_PM.c **** * disclaimers, and limitations in the end user license agreement accompanying
  15:.\Generated_Source\PSoC5/PWM_1_PM.c **** * the software package with which this file was provided.
  16:.\Generated_Source\PSoC5/PWM_1_PM.c **** *******************************************************************************/
  17:.\Generated_Source\PSoC5/PWM_1_PM.c **** #include "cytypes.h"
  18:.\Generated_Source\PSoC5/PWM_1_PM.c **** #include "PWM_1.h"
ARM GAS  C:\Users\karunmj\AppData\Local\Temp\ccDUVAja.s 			page 2


  19:.\Generated_Source\PSoC5/PWM_1_PM.c **** 
  20:.\Generated_Source\PSoC5/PWM_1_PM.c **** static PWM_1_backupStruct PWM_1_backup;
  21:.\Generated_Source\PSoC5/PWM_1_PM.c **** 
  22:.\Generated_Source\PSoC5/PWM_1_PM.c **** 
  23:.\Generated_Source\PSoC5/PWM_1_PM.c **** /*******************************************************************************
  24:.\Generated_Source\PSoC5/PWM_1_PM.c **** * Function Name: PWM_1_SaveConfig
  25:.\Generated_Source\PSoC5/PWM_1_PM.c **** ********************************************************************************
  26:.\Generated_Source\PSoC5/PWM_1_PM.c **** *
  27:.\Generated_Source\PSoC5/PWM_1_PM.c **** * Summary:
  28:.\Generated_Source\PSoC5/PWM_1_PM.c **** *  Saves the current user configuration of the component.
  29:.\Generated_Source\PSoC5/PWM_1_PM.c **** *  
  30:.\Generated_Source\PSoC5/PWM_1_PM.c **** * Parameters:  
  31:.\Generated_Source\PSoC5/PWM_1_PM.c **** *  None
  32:.\Generated_Source\PSoC5/PWM_1_PM.c **** *
  33:.\Generated_Source\PSoC5/PWM_1_PM.c **** * Return: 
  34:.\Generated_Source\PSoC5/PWM_1_PM.c **** *  None
  35:.\Generated_Source\PSoC5/PWM_1_PM.c **** *
  36:.\Generated_Source\PSoC5/PWM_1_PM.c **** * Global variables:
  37:.\Generated_Source\PSoC5/PWM_1_PM.c **** *  PWM_1_backup:  Variables of this global structure are modified to 
  38:.\Generated_Source\PSoC5/PWM_1_PM.c **** *  store the values of non retention configuration registers when Sleep() API is 
  39:.\Generated_Source\PSoC5/PWM_1_PM.c **** *  called.
  40:.\Generated_Source\PSoC5/PWM_1_PM.c **** *
  41:.\Generated_Source\PSoC5/PWM_1_PM.c **** *******************************************************************************/
  42:.\Generated_Source\PSoC5/PWM_1_PM.c **** void PWM_1_SaveConfig(void) 
  43:.\Generated_Source\PSoC5/PWM_1_PM.c **** {
  36              		.loc 1 43 0
  37              		.cfi_startproc
  38              		@ args = 0, pretend = 0, frame = 0
  39              		@ frame_needed = 1, uses_anonymous_args = 0
  40 0000 80B5     		push	{r7, lr}
  41              	.LCFI0:
  42              		.cfi_def_cfa_offset 8
  43 0002 00AF     		add	r7, sp, #0
  44              		.cfi_offset 14, -4
  45              		.cfi_offset 7, -8
  46              	.LCFI1:
  47              		.cfi_def_cfa_register 7
  44:.\Generated_Source\PSoC5/PWM_1_PM.c ****     
  45:.\Generated_Source\PSoC5/PWM_1_PM.c ****     #if(!PWM_1_UsingFixedFunction)
  46:.\Generated_Source\PSoC5/PWM_1_PM.c ****         #if (CY_UDB_V0)
  47:.\Generated_Source\PSoC5/PWM_1_PM.c ****             PWM_1_backup.PWMUdb = PWM_1_ReadCounter();
  48:.\Generated_Source\PSoC5/PWM_1_PM.c ****             PWM_1_backup.PWMPeriod = PWM_1_ReadPeriod();
  49:.\Generated_Source\PSoC5/PWM_1_PM.c ****             #if (PWM_1_UseStatus)
  50:.\Generated_Source\PSoC5/PWM_1_PM.c ****                 PWM_1_backup.InterruptMaskValue = PWM_1_STATUS_MASK;
  51:.\Generated_Source\PSoC5/PWM_1_PM.c ****             #endif /* (PWM_1_UseStatus) */
  52:.\Generated_Source\PSoC5/PWM_1_PM.c ****             
  53:.\Generated_Source\PSoC5/PWM_1_PM.c ****             #if(PWM_1_UseOneCompareMode)
  54:.\Generated_Source\PSoC5/PWM_1_PM.c ****                 PWM_1_backup.PWMCompareValue = PWM_1_ReadCompare();
  55:.\Generated_Source\PSoC5/PWM_1_PM.c ****             #else
  56:.\Generated_Source\PSoC5/PWM_1_PM.c ****                 PWM_1_backup.PWMCompareValue1 = PWM_1_ReadCompare1();
  57:.\Generated_Source\PSoC5/PWM_1_PM.c ****                 PWM_1_backup.PWMCompareValue2 = PWM_1_ReadCompare2();
  58:.\Generated_Source\PSoC5/PWM_1_PM.c ****             #endif /* (PWM_1_UseOneCompareMode) */
  59:.\Generated_Source\PSoC5/PWM_1_PM.c ****             
  60:.\Generated_Source\PSoC5/PWM_1_PM.c ****            #if(PWM_1_DeadBandUsed)
  61:.\Generated_Source\PSoC5/PWM_1_PM.c ****                 PWM_1_backup.PWMdeadBandValue = PWM_1_ReadDeadTime();
  62:.\Generated_Source\PSoC5/PWM_1_PM.c ****             #endif /* (PWM_1_DeadBandUsed) */
  63:.\Generated_Source\PSoC5/PWM_1_PM.c ****           
ARM GAS  C:\Users\karunmj\AppData\Local\Temp\ccDUVAja.s 			page 3


  64:.\Generated_Source\PSoC5/PWM_1_PM.c ****             #if ( PWM_1_KillModeMinTime)
  65:.\Generated_Source\PSoC5/PWM_1_PM.c ****                 PWM_1_backup.PWMKillCounterPeriod = PWM_1_ReadKillTime();
  66:.\Generated_Source\PSoC5/PWM_1_PM.c ****             #endif /* ( PWM_1_KillModeMinTime) */
  67:.\Generated_Source\PSoC5/PWM_1_PM.c ****         #endif /* (CY_UDB_V0) */
  68:.\Generated_Source\PSoC5/PWM_1_PM.c ****         
  69:.\Generated_Source\PSoC5/PWM_1_PM.c ****         #if (CY_UDB_V1)
  70:.\Generated_Source\PSoC5/PWM_1_PM.c ****             #if(!PWM_1_PWMModeIsCenterAligned)
  71:.\Generated_Source\PSoC5/PWM_1_PM.c ****                 PWM_1_backup.PWMPeriod = PWM_1_ReadPeriod();
  48              		.loc 1 71 0
  49 0004 FFF7FEFF 		bl	PWM_1_ReadPeriod
  50 0008 0346     		mov	r3, r0
  51 000a 1A46     		mov	r2, r3
  52 000c 40F20003 		movw	r3, #:lower16:PWM_1_backup
  53 0010 C0F20003 		movt	r3, #:upper16:PWM_1_backup
  54 0014 9A70     		strb	r2, [r3, #2]
  72:.\Generated_Source\PSoC5/PWM_1_PM.c ****             #endif /* (!PWM_1_PWMModeIsCenterAligned) */
  73:.\Generated_Source\PSoC5/PWM_1_PM.c ****             PWM_1_backup.PWMUdb = PWM_1_ReadCounter();
  55              		.loc 1 73 0
  56 0016 FFF7FEFF 		bl	PWM_1_ReadCounter
  57 001a 0346     		mov	r3, r0
  58 001c 1A46     		mov	r2, r3
  59 001e 40F20003 		movw	r3, #:lower16:PWM_1_backup
  60 0022 C0F20003 		movt	r3, #:upper16:PWM_1_backup
  61 0026 5A70     		strb	r2, [r3, #1]
  74:.\Generated_Source\PSoC5/PWM_1_PM.c ****             #if (PWM_1_UseStatus)
  75:.\Generated_Source\PSoC5/PWM_1_PM.c ****                 PWM_1_backup.InterruptMaskValue = PWM_1_STATUS_MASK;
  76:.\Generated_Source\PSoC5/PWM_1_PM.c ****             #endif /* (PWM_1_UseStatus) */
  77:.\Generated_Source\PSoC5/PWM_1_PM.c ****             
  78:.\Generated_Source\PSoC5/PWM_1_PM.c ****             #if(PWM_1_DeadBandMode == PWM_1__B_PWM__DBM_256_CLOCKS || \
  79:.\Generated_Source\PSoC5/PWM_1_PM.c ****                 PWM_1_DeadBandMode == PWM_1__B_PWM__DBM_2_4_CLOCKS)
  80:.\Generated_Source\PSoC5/PWM_1_PM.c ****                 PWM_1_backup.PWMdeadBandValue = PWM_1_ReadDeadTime();
  81:.\Generated_Source\PSoC5/PWM_1_PM.c ****             #endif /*  deadband count is either 2-4 clocks or 256 clocks */
  82:.\Generated_Source\PSoC5/PWM_1_PM.c ****             
  83:.\Generated_Source\PSoC5/PWM_1_PM.c ****             #if(PWM_1_KillModeMinTime)
  84:.\Generated_Source\PSoC5/PWM_1_PM.c ****                  PWM_1_backup.PWMKillCounterPeriod = PWM_1_ReadKillTime();
  85:.\Generated_Source\PSoC5/PWM_1_PM.c ****             #endif /* (PWM_1_KillModeMinTime) */
  86:.\Generated_Source\PSoC5/PWM_1_PM.c ****         #endif /* (CY_UDB_V1) */
  87:.\Generated_Source\PSoC5/PWM_1_PM.c ****         
  88:.\Generated_Source\PSoC5/PWM_1_PM.c ****         #if(PWM_1_UseControl)
  89:.\Generated_Source\PSoC5/PWM_1_PM.c ****             PWM_1_backup.PWMControlRegister = PWM_1_ReadControlRegister();
  62              		.loc 1 89 0
  63 0028 FFF7FEFF 		bl	PWM_1_ReadControlRegister
  64 002c 0346     		mov	r3, r0
  65 002e 1A46     		mov	r2, r3
  66 0030 40F20003 		movw	r3, #:lower16:PWM_1_backup
  67 0034 C0F20003 		movt	r3, #:upper16:PWM_1_backup
  68 0038 DA70     		strb	r2, [r3, #3]
  90:.\Generated_Source\PSoC5/PWM_1_PM.c ****         #endif /* (PWM_1_UseControl) */
  91:.\Generated_Source\PSoC5/PWM_1_PM.c ****     #endif  /* (!PWM_1_UsingFixedFunction) */
  92:.\Generated_Source\PSoC5/PWM_1_PM.c **** }
  69              		.loc 1 92 0
  70 003a 80BD     		pop	{r7, pc}
  71              		.cfi_endproc
  72              	.LFE0:
  73              		.size	PWM_1_SaveConfig, .-PWM_1_SaveConfig
  74              		.section	.text.PWM_1_RestoreConfig,"ax",%progbits
  75              		.align	2
ARM GAS  C:\Users\karunmj\AppData\Local\Temp\ccDUVAja.s 			page 4


  76              		.global	PWM_1_RestoreConfig
  77              		.thumb
  78              		.thumb_func
  79              		.type	PWM_1_RestoreConfig, %function
  80              	PWM_1_RestoreConfig:
  81              	.LFB1:
  93:.\Generated_Source\PSoC5/PWM_1_PM.c **** 
  94:.\Generated_Source\PSoC5/PWM_1_PM.c **** 
  95:.\Generated_Source\PSoC5/PWM_1_PM.c **** /*******************************************************************************
  96:.\Generated_Source\PSoC5/PWM_1_PM.c **** * Function Name: PWM_1_RestoreConfig
  97:.\Generated_Source\PSoC5/PWM_1_PM.c **** ********************************************************************************
  98:.\Generated_Source\PSoC5/PWM_1_PM.c **** * 
  99:.\Generated_Source\PSoC5/PWM_1_PM.c **** * Summary:
 100:.\Generated_Source\PSoC5/PWM_1_PM.c **** *  Restores the current user configuration of the component.
 101:.\Generated_Source\PSoC5/PWM_1_PM.c **** *
 102:.\Generated_Source\PSoC5/PWM_1_PM.c **** * Parameters:  
 103:.\Generated_Source\PSoC5/PWM_1_PM.c **** *  None
 104:.\Generated_Source\PSoC5/PWM_1_PM.c **** *
 105:.\Generated_Source\PSoC5/PWM_1_PM.c **** * Return: 
 106:.\Generated_Source\PSoC5/PWM_1_PM.c **** *  None
 107:.\Generated_Source\PSoC5/PWM_1_PM.c **** *
 108:.\Generated_Source\PSoC5/PWM_1_PM.c **** * Global variables:
 109:.\Generated_Source\PSoC5/PWM_1_PM.c **** *  PWM_1_backup:  Variables of this global structure are used to  
 110:.\Generated_Source\PSoC5/PWM_1_PM.c **** *  restore the values of non retention registers on wakeup from sleep mode.
 111:.\Generated_Source\PSoC5/PWM_1_PM.c **** *
 112:.\Generated_Source\PSoC5/PWM_1_PM.c **** *******************************************************************************/
 113:.\Generated_Source\PSoC5/PWM_1_PM.c **** void PWM_1_RestoreConfig(void) 
 114:.\Generated_Source\PSoC5/PWM_1_PM.c **** {
  82              		.loc 1 114 0
  83              		.cfi_startproc
  84              		@ args = 0, pretend = 0, frame = 0
  85              		@ frame_needed = 1, uses_anonymous_args = 0
  86 0000 80B5     		push	{r7, lr}
  87              	.LCFI2:
  88              		.cfi_def_cfa_offset 8
  89 0002 00AF     		add	r7, sp, #0
  90              		.cfi_offset 14, -4
  91              		.cfi_offset 7, -8
  92              	.LCFI3:
  93              		.cfi_def_cfa_register 7
 115:.\Generated_Source\PSoC5/PWM_1_PM.c ****         #if(!PWM_1_UsingFixedFunction)
 116:.\Generated_Source\PSoC5/PWM_1_PM.c ****             #if (CY_UDB_V0)
 117:.\Generated_Source\PSoC5/PWM_1_PM.c ****                 /* Interrupt State Backup for Critical Region*/
 118:.\Generated_Source\PSoC5/PWM_1_PM.c ****                 uint8 PWM_1_interruptState;
 119:.\Generated_Source\PSoC5/PWM_1_PM.c ****                 /* Enter Critical Region*/
 120:.\Generated_Source\PSoC5/PWM_1_PM.c ****                 PWM_1_interruptState = CyEnterCriticalSection();
 121:.\Generated_Source\PSoC5/PWM_1_PM.c ****                 #if (PWM_1_UseStatus)
 122:.\Generated_Source\PSoC5/PWM_1_PM.c ****                     /* Use the interrupt output of the status register for IRQ output */
 123:.\Generated_Source\PSoC5/PWM_1_PM.c ****                     PWM_1_STATUS_AUX_CTRL |= PWM_1_STATUS_ACTL_INT_EN_MASK;
 124:.\Generated_Source\PSoC5/PWM_1_PM.c ****                     
 125:.\Generated_Source\PSoC5/PWM_1_PM.c ****                     PWM_1_STATUS_MASK = PWM_1_backup.InterruptMaskValue;
 126:.\Generated_Source\PSoC5/PWM_1_PM.c ****                 #endif /* (PWM_1_UseStatus) */
 127:.\Generated_Source\PSoC5/PWM_1_PM.c ****                 
 128:.\Generated_Source\PSoC5/PWM_1_PM.c ****                 #if (PWM_1_Resolution == 8)
 129:.\Generated_Source\PSoC5/PWM_1_PM.c ****                     /* Set FIFO 0 to 1 byte register for period*/
 130:.\Generated_Source\PSoC5/PWM_1_PM.c ****                     PWM_1_AUX_CONTROLDP0 |= (PWM_1_AUX_CTRL_FIFO0_CLR);
 131:.\Generated_Source\PSoC5/PWM_1_PM.c ****                 #else /* (PWM_1_Resolution == 16)*/
ARM GAS  C:\Users\karunmj\AppData\Local\Temp\ccDUVAja.s 			page 5


 132:.\Generated_Source\PSoC5/PWM_1_PM.c ****                     /* Set FIFO 0 to 1 byte register for period */
 133:.\Generated_Source\PSoC5/PWM_1_PM.c ****                     PWM_1_AUX_CONTROLDP0 |= (PWM_1_AUX_CTRL_FIFO0_CLR);
 134:.\Generated_Source\PSoC5/PWM_1_PM.c ****                     PWM_1_AUX_CONTROLDP1 |= (PWM_1_AUX_CTRL_FIFO0_CLR);
 135:.\Generated_Source\PSoC5/PWM_1_PM.c ****                 #endif /* (PWM_1_Resolution == 8) */
 136:.\Generated_Source\PSoC5/PWM_1_PM.c ****                 /* Exit Critical Region*/
 137:.\Generated_Source\PSoC5/PWM_1_PM.c ****                 CyExitCriticalSection(PWM_1_interruptState);
 138:.\Generated_Source\PSoC5/PWM_1_PM.c ****                 
 139:.\Generated_Source\PSoC5/PWM_1_PM.c ****                 PWM_1_WriteCounter(PWM_1_backup.PWMUdb);
 140:.\Generated_Source\PSoC5/PWM_1_PM.c ****                 PWM_1_WritePeriod(PWM_1_backup.PWMPeriod);
 141:.\Generated_Source\PSoC5/PWM_1_PM.c ****                 
 142:.\Generated_Source\PSoC5/PWM_1_PM.c ****                 #if(PWM_1_UseOneCompareMode)
 143:.\Generated_Source\PSoC5/PWM_1_PM.c ****                     PWM_1_WriteCompare(PWM_1_backup.PWMCompareValue);
 144:.\Generated_Source\PSoC5/PWM_1_PM.c ****                 #else
 145:.\Generated_Source\PSoC5/PWM_1_PM.c ****                     PWM_1_WriteCompare1(PWM_1_backup.PWMCompareValue1);
 146:.\Generated_Source\PSoC5/PWM_1_PM.c ****                     PWM_1_WriteCompare2(PWM_1_backup.PWMCompareValue2);
 147:.\Generated_Source\PSoC5/PWM_1_PM.c ****                 #endif /* (PWM_1_UseOneCompareMode) */
 148:.\Generated_Source\PSoC5/PWM_1_PM.c ****                 
 149:.\Generated_Source\PSoC5/PWM_1_PM.c ****                #if(PWM_1_DeadBandMode == PWM_1__B_PWM__DBM_256_CLOCKS || \
 150:.\Generated_Source\PSoC5/PWM_1_PM.c ****                    PWM_1_DeadBandMode == PWM_1__B_PWM__DBM_2_4_CLOCKS)
 151:.\Generated_Source\PSoC5/PWM_1_PM.c ****                     PWM_1_WriteDeadTime(PWM_1_backup.PWMdeadBandValue);
 152:.\Generated_Source\PSoC5/PWM_1_PM.c ****                 #endif /* deadband count is either 2-4 clocks or 256 clocks */
 153:.\Generated_Source\PSoC5/PWM_1_PM.c ****             
 154:.\Generated_Source\PSoC5/PWM_1_PM.c ****                 #if ( PWM_1_KillModeMinTime)
 155:.\Generated_Source\PSoC5/PWM_1_PM.c ****                     PWM_1_WriteKillTime(PWM_1_backup.PWMKillCounterPeriod);
 156:.\Generated_Source\PSoC5/PWM_1_PM.c ****                 #endif /* ( PWM_1_KillModeMinTime) */
 157:.\Generated_Source\PSoC5/PWM_1_PM.c ****             #endif /* (CY_UDB_V0) */
 158:.\Generated_Source\PSoC5/PWM_1_PM.c ****             
 159:.\Generated_Source\PSoC5/PWM_1_PM.c ****             #if (CY_UDB_V1)
 160:.\Generated_Source\PSoC5/PWM_1_PM.c ****                 #if(!PWM_1_PWMModeIsCenterAligned)
 161:.\Generated_Source\PSoC5/PWM_1_PM.c ****                     PWM_1_WritePeriod(PWM_1_backup.PWMPeriod);
  94              		.loc 1 161 0
  95 0004 40F20003 		movw	r3, #:lower16:PWM_1_backup
  96 0008 C0F20003 		movt	r3, #:upper16:PWM_1_backup
  97 000c 9B78     		ldrb	r3, [r3, #2]	@ zero_extendqisi2
  98 000e 1846     		mov	r0, r3
  99 0010 FFF7FEFF 		bl	PWM_1_WritePeriod
 162:.\Generated_Source\PSoC5/PWM_1_PM.c ****                 #endif /* (!PWM_1_PWMModeIsCenterAligned) */
 163:.\Generated_Source\PSoC5/PWM_1_PM.c ****                 PWM_1_WriteCounter(PWM_1_backup.PWMUdb);
 100              		.loc 1 163 0
 101 0014 40F20003 		movw	r3, #:lower16:PWM_1_backup
 102 0018 C0F20003 		movt	r3, #:upper16:PWM_1_backup
 103 001c 5B78     		ldrb	r3, [r3, #1]	@ zero_extendqisi2
 104 001e 1846     		mov	r0, r3
 105 0020 FFF7FEFF 		bl	PWM_1_WriteCounter
 164:.\Generated_Source\PSoC5/PWM_1_PM.c ****                 #if (PWM_1_UseStatus)
 165:.\Generated_Source\PSoC5/PWM_1_PM.c ****                     PWM_1_STATUS_MASK = PWM_1_backup.InterruptMaskValue;
 166:.\Generated_Source\PSoC5/PWM_1_PM.c ****                 #endif /* (PWM_1_UseStatus) */
 167:.\Generated_Source\PSoC5/PWM_1_PM.c ****                 
 168:.\Generated_Source\PSoC5/PWM_1_PM.c ****                 #if(PWM_1_DeadBandMode == PWM_1__B_PWM__DBM_256_CLOCKS || \
 169:.\Generated_Source\PSoC5/PWM_1_PM.c ****                     PWM_1_DeadBandMode == PWM_1__B_PWM__DBM_2_4_CLOCKS)
 170:.\Generated_Source\PSoC5/PWM_1_PM.c ****                     PWM_1_WriteDeadTime(PWM_1_backup.PWMdeadBandValue);
 171:.\Generated_Source\PSoC5/PWM_1_PM.c ****                 #endif /* deadband count is either 2-4 clocks or 256 clocks */
 172:.\Generated_Source\PSoC5/PWM_1_PM.c ****                 
 173:.\Generated_Source\PSoC5/PWM_1_PM.c ****                 #if(PWM_1_KillModeMinTime)
 174:.\Generated_Source\PSoC5/PWM_1_PM.c ****                     PWM_1_WriteKillTime(PWM_1_backup.PWMKillCounterPeriod);
 175:.\Generated_Source\PSoC5/PWM_1_PM.c ****                 #endif /* (PWM_1_KillModeMinTime) */
 176:.\Generated_Source\PSoC5/PWM_1_PM.c ****             #endif /* (CY_UDB_V1) */
ARM GAS  C:\Users\karunmj\AppData\Local\Temp\ccDUVAja.s 			page 6


 177:.\Generated_Source\PSoC5/PWM_1_PM.c ****             
 178:.\Generated_Source\PSoC5/PWM_1_PM.c ****             #if(PWM_1_UseControl)
 179:.\Generated_Source\PSoC5/PWM_1_PM.c ****                 PWM_1_WriteControlRegister(PWM_1_backup.PWMControlRegister); 
 106              		.loc 1 179 0
 107 0024 40F20003 		movw	r3, #:lower16:PWM_1_backup
 108 0028 C0F20003 		movt	r3, #:upper16:PWM_1_backup
 109 002c DB78     		ldrb	r3, [r3, #3]	@ zero_extendqisi2
 110 002e 1846     		mov	r0, r3
 111 0030 FFF7FEFF 		bl	PWM_1_WriteControlRegister
 180:.\Generated_Source\PSoC5/PWM_1_PM.c ****             #endif /* (PWM_1_UseControl) */
 181:.\Generated_Source\PSoC5/PWM_1_PM.c ****         #endif  /* (!PWM_1_UsingFixedFunction) */
 182:.\Generated_Source\PSoC5/PWM_1_PM.c ****     }
 112              		.loc 1 182 0
 113 0034 80BD     		pop	{r7, pc}
 114              		.cfi_endproc
 115              	.LFE1:
 116              		.size	PWM_1_RestoreConfig, .-PWM_1_RestoreConfig
 117 0036 00BF     		.section	.text.PWM_1_Sleep,"ax",%progbits
 118              		.align	2
 119              		.global	PWM_1_Sleep
 120              		.thumb
 121              		.thumb_func
 122              		.type	PWM_1_Sleep, %function
 123              	PWM_1_Sleep:
 124              	.LFB2:
 183:.\Generated_Source\PSoC5/PWM_1_PM.c **** 
 184:.\Generated_Source\PSoC5/PWM_1_PM.c **** 
 185:.\Generated_Source\PSoC5/PWM_1_PM.c **** /*******************************************************************************
 186:.\Generated_Source\PSoC5/PWM_1_PM.c **** * Function Name: PWM_1_Sleep
 187:.\Generated_Source\PSoC5/PWM_1_PM.c **** ********************************************************************************
 188:.\Generated_Source\PSoC5/PWM_1_PM.c **** * 
 189:.\Generated_Source\PSoC5/PWM_1_PM.c **** * Summary:
 190:.\Generated_Source\PSoC5/PWM_1_PM.c **** *  Disables block's operation and saves the user configuration. Should be called 
 191:.\Generated_Source\PSoC5/PWM_1_PM.c **** *  just prior to entering sleep.
 192:.\Generated_Source\PSoC5/PWM_1_PM.c **** *  
 193:.\Generated_Source\PSoC5/PWM_1_PM.c **** * Parameters:  
 194:.\Generated_Source\PSoC5/PWM_1_PM.c **** *  None
 195:.\Generated_Source\PSoC5/PWM_1_PM.c **** *
 196:.\Generated_Source\PSoC5/PWM_1_PM.c **** * Return: 
 197:.\Generated_Source\PSoC5/PWM_1_PM.c **** *  None
 198:.\Generated_Source\PSoC5/PWM_1_PM.c **** *
 199:.\Generated_Source\PSoC5/PWM_1_PM.c **** * Global variables:
 200:.\Generated_Source\PSoC5/PWM_1_PM.c **** *  PWM_1_backup.PWMEnableState:  Is modified depending on the enable 
 201:.\Generated_Source\PSoC5/PWM_1_PM.c **** *  state of the block before entering sleep mode.
 202:.\Generated_Source\PSoC5/PWM_1_PM.c **** *
 203:.\Generated_Source\PSoC5/PWM_1_PM.c **** *******************************************************************************/
 204:.\Generated_Source\PSoC5/PWM_1_PM.c **** void PWM_1_Sleep(void) 
 205:.\Generated_Source\PSoC5/PWM_1_PM.c **** {
 125              		.loc 1 205 0
 126              		.cfi_startproc
 127              		@ args = 0, pretend = 0, frame = 0
 128              		@ frame_needed = 1, uses_anonymous_args = 0
 129 0000 80B5     		push	{r7, lr}
 130              	.LCFI4:
 131              		.cfi_def_cfa_offset 8
 132 0002 00AF     		add	r7, sp, #0
 133              		.cfi_offset 14, -4
ARM GAS  C:\Users\karunmj\AppData\Local\Temp\ccDUVAja.s 			page 7


 134              		.cfi_offset 7, -8
 135              	.LCFI5:
 136              		.cfi_def_cfa_register 7
 206:.\Generated_Source\PSoC5/PWM_1_PM.c ****     #if(PWM_1_UseControl)
 207:.\Generated_Source\PSoC5/PWM_1_PM.c ****         if(PWM_1_CTRL_ENABLE == (PWM_1_CONTROL & PWM_1_CTRL_ENABLE))
 137              		.loc 1 207 0
 138 0004 46F27343 		movw	r3, #:lower16:1073767539
 139 0008 C4F20003 		movt	r3, #:upper16:1073767539
 140 000c 1B78     		ldrb	r3, [r3, #0]
 141 000e DBB2     		uxtb	r3, r3
 142 0010 5BB2     		sxtb	r3, r3
 143 0012 002B     		cmp	r3, #0
 144 0014 07DA     		bge	.L6
 208:.\Generated_Source\PSoC5/PWM_1_PM.c ****         {
 209:.\Generated_Source\PSoC5/PWM_1_PM.c ****             /*Component is enabled */
 210:.\Generated_Source\PSoC5/PWM_1_PM.c ****             PWM_1_backup.PWMEnableState = 1u;
 145              		.loc 1 210 0
 146 0016 40F20003 		movw	r3, #:lower16:PWM_1_backup
 147 001a C0F20003 		movt	r3, #:upper16:PWM_1_backup
 148 001e 4FF00102 		mov	r2, #1
 149 0022 1A70     		strb	r2, [r3, #0]
 150 0024 06E0     		b	.L7
 151              	.L6:
 211:.\Generated_Source\PSoC5/PWM_1_PM.c ****         }
 212:.\Generated_Source\PSoC5/PWM_1_PM.c ****         else
 213:.\Generated_Source\PSoC5/PWM_1_PM.c ****         {
 214:.\Generated_Source\PSoC5/PWM_1_PM.c ****             /* Component is disabled */
 215:.\Generated_Source\PSoC5/PWM_1_PM.c ****             PWM_1_backup.PWMEnableState = 0u;
 152              		.loc 1 215 0
 153 0026 40F20003 		movw	r3, #:lower16:PWM_1_backup
 154 002a C0F20003 		movt	r3, #:upper16:PWM_1_backup
 155 002e 4FF00002 		mov	r2, #0
 156 0032 1A70     		strb	r2, [r3, #0]
 157              	.L7:
 216:.\Generated_Source\PSoC5/PWM_1_PM.c ****         }
 217:.\Generated_Source\PSoC5/PWM_1_PM.c ****     #endif /* (PWM_1_UseControl) */
 218:.\Generated_Source\PSoC5/PWM_1_PM.c **** 
 219:.\Generated_Source\PSoC5/PWM_1_PM.c ****     /* Stop component */
 220:.\Generated_Source\PSoC5/PWM_1_PM.c ****     PWM_1_Stop();
 158              		.loc 1 220 0
 159 0034 FFF7FEFF 		bl	PWM_1_Stop
 221:.\Generated_Source\PSoC5/PWM_1_PM.c ****     
 222:.\Generated_Source\PSoC5/PWM_1_PM.c ****     /* Save registers configuration */
 223:.\Generated_Source\PSoC5/PWM_1_PM.c ****     PWM_1_SaveConfig();
 160              		.loc 1 223 0
 161 0038 FFF7FEFF 		bl	PWM_1_SaveConfig
 224:.\Generated_Source\PSoC5/PWM_1_PM.c **** }
 162              		.loc 1 224 0
 163 003c 80BD     		pop	{r7, pc}
 164              		.cfi_endproc
 165              	.LFE2:
 166              		.size	PWM_1_Sleep, .-PWM_1_Sleep
 167 003e 00BF     		.section	.text.PWM_1_Wakeup,"ax",%progbits
 168              		.align	2
 169              		.global	PWM_1_Wakeup
 170              		.thumb
 171              		.thumb_func
ARM GAS  C:\Users\karunmj\AppData\Local\Temp\ccDUVAja.s 			page 8


 172              		.type	PWM_1_Wakeup, %function
 173              	PWM_1_Wakeup:
 174              	.LFB3:
 225:.\Generated_Source\PSoC5/PWM_1_PM.c **** 
 226:.\Generated_Source\PSoC5/PWM_1_PM.c **** 
 227:.\Generated_Source\PSoC5/PWM_1_PM.c **** /*******************************************************************************
 228:.\Generated_Source\PSoC5/PWM_1_PM.c **** * Function Name: PWM_1_Wakeup
 229:.\Generated_Source\PSoC5/PWM_1_PM.c **** ********************************************************************************
 230:.\Generated_Source\PSoC5/PWM_1_PM.c **** * 
 231:.\Generated_Source\PSoC5/PWM_1_PM.c **** * Summary:
 232:.\Generated_Source\PSoC5/PWM_1_PM.c **** *  Restores and enables the user configuration. Should be called just after 
 233:.\Generated_Source\PSoC5/PWM_1_PM.c **** *  awaking from sleep.
 234:.\Generated_Source\PSoC5/PWM_1_PM.c **** *  
 235:.\Generated_Source\PSoC5/PWM_1_PM.c **** * Parameters:  
 236:.\Generated_Source\PSoC5/PWM_1_PM.c **** *  None
 237:.\Generated_Source\PSoC5/PWM_1_PM.c **** *
 238:.\Generated_Source\PSoC5/PWM_1_PM.c **** * Return: 
 239:.\Generated_Source\PSoC5/PWM_1_PM.c **** *  None
 240:.\Generated_Source\PSoC5/PWM_1_PM.c **** *
 241:.\Generated_Source\PSoC5/PWM_1_PM.c **** * Global variables:
 242:.\Generated_Source\PSoC5/PWM_1_PM.c **** *  PWM_1_backup.pwmEnable:  Is used to restore the enable state of 
 243:.\Generated_Source\PSoC5/PWM_1_PM.c **** *  block on wakeup from sleep mode.
 244:.\Generated_Source\PSoC5/PWM_1_PM.c **** *
 245:.\Generated_Source\PSoC5/PWM_1_PM.c **** *******************************************************************************/
 246:.\Generated_Source\PSoC5/PWM_1_PM.c **** void PWM_1_Wakeup(void) 
 247:.\Generated_Source\PSoC5/PWM_1_PM.c **** {
 175              		.loc 1 247 0
 176              		.cfi_startproc
 177              		@ args = 0, pretend = 0, frame = 0
 178              		@ frame_needed = 1, uses_anonymous_args = 0
 179 0000 80B5     		push	{r7, lr}
 180              	.LCFI6:
 181              		.cfi_def_cfa_offset 8
 182 0002 00AF     		add	r7, sp, #0
 183              		.cfi_offset 14, -4
 184              		.cfi_offset 7, -8
 185              	.LCFI7:
 186              		.cfi_def_cfa_register 7
 248:.\Generated_Source\PSoC5/PWM_1_PM.c ****      /* Restore registers values */
 249:.\Generated_Source\PSoC5/PWM_1_PM.c ****     PWM_1_RestoreConfig();
 187              		.loc 1 249 0
 188 0004 FFF7FEFF 		bl	PWM_1_RestoreConfig
 250:.\Generated_Source\PSoC5/PWM_1_PM.c ****     
 251:.\Generated_Source\PSoC5/PWM_1_PM.c ****     if(PWM_1_backup.PWMEnableState != 0u)
 189              		.loc 1 251 0
 190 0008 40F20003 		movw	r3, #:lower16:PWM_1_backup
 191 000c C0F20003 		movt	r3, #:upper16:PWM_1_backup
 192 0010 1B78     		ldrb	r3, [r3, #0]	@ zero_extendqisi2
 193 0012 002B     		cmp	r3, #0
 194 0014 01D0     		beq	.L11
 252:.\Generated_Source\PSoC5/PWM_1_PM.c ****     {
 253:.\Generated_Source\PSoC5/PWM_1_PM.c ****         /* Enable component's operation */
 254:.\Generated_Source\PSoC5/PWM_1_PM.c ****         PWM_1_Enable();
 195              		.loc 1 254 0
 196 0016 FFF7FEFF 		bl	PWM_1_Enable
 197              	.L11:
 255:.\Generated_Source\PSoC5/PWM_1_PM.c ****     } /* Do nothing if component's block was disabled before */
ARM GAS  C:\Users\karunmj\AppData\Local\Temp\ccDUVAja.s 			page 9


 256:.\Generated_Source\PSoC5/PWM_1_PM.c ****     
 257:.\Generated_Source\PSoC5/PWM_1_PM.c **** }
 198              		.loc 1 257 0
 199 001a 80BD     		pop	{r7, pc}
 200              		.cfi_endproc
 201              	.LFE3:
 202              		.size	PWM_1_Wakeup, .-PWM_1_Wakeup
 203              		.text
 204              	.Letext0:
 205              		.section	.debug_loc,"",%progbits
 206              	.Ldebug_loc0:
 207              	.LLST0:
 208 0000 00000000 		.4byte	.LFB0
 209 0004 02000000 		.4byte	.LCFI0
 210 0008 0100     		.2byte	0x1
 211 000a 5D       		.byte	0x5d
 212 000b 02000000 		.4byte	.LCFI0
 213 000f 04000000 		.4byte	.LCFI1
 214 0013 0200     		.2byte	0x2
 215 0015 7D       		.byte	0x7d
 216 0016 08       		.sleb128 8
 217 0017 04000000 		.4byte	.LCFI1
 218 001b 3C000000 		.4byte	.LFE0
 219 001f 0200     		.2byte	0x2
 220 0021 77       		.byte	0x77
 221 0022 08       		.sleb128 8
 222 0023 00000000 		.4byte	0x0
 223 0027 00000000 		.4byte	0x0
 224              	.LLST1:
 225 002b 00000000 		.4byte	.LFB1
 226 002f 02000000 		.4byte	.LCFI2
 227 0033 0100     		.2byte	0x1
 228 0035 5D       		.byte	0x5d
 229 0036 02000000 		.4byte	.LCFI2
 230 003a 04000000 		.4byte	.LCFI3
 231 003e 0200     		.2byte	0x2
 232 0040 7D       		.byte	0x7d
 233 0041 08       		.sleb128 8
 234 0042 04000000 		.4byte	.LCFI3
 235 0046 36000000 		.4byte	.LFE1
 236 004a 0200     		.2byte	0x2
 237 004c 77       		.byte	0x77
 238 004d 08       		.sleb128 8
 239 004e 00000000 		.4byte	0x0
 240 0052 00000000 		.4byte	0x0
 241              	.LLST2:
 242 0056 00000000 		.4byte	.LFB2
 243 005a 02000000 		.4byte	.LCFI4
 244 005e 0100     		.2byte	0x1
 245 0060 5D       		.byte	0x5d
 246 0061 02000000 		.4byte	.LCFI4
 247 0065 04000000 		.4byte	.LCFI5
 248 0069 0200     		.2byte	0x2
 249 006b 7D       		.byte	0x7d
 250 006c 08       		.sleb128 8
 251 006d 04000000 		.4byte	.LCFI5
 252 0071 3E000000 		.4byte	.LFE2
ARM GAS  C:\Users\karunmj\AppData\Local\Temp\ccDUVAja.s 			page 10


 253 0075 0200     		.2byte	0x2
 254 0077 77       		.byte	0x77
 255 0078 08       		.sleb128 8
 256 0079 00000000 		.4byte	0x0
 257 007d 00000000 		.4byte	0x0
 258              	.LLST3:
 259 0081 00000000 		.4byte	.LFB3
 260 0085 02000000 		.4byte	.LCFI6
 261 0089 0100     		.2byte	0x1
 262 008b 5D       		.byte	0x5d
 263 008c 02000000 		.4byte	.LCFI6
 264 0090 04000000 		.4byte	.LCFI7
 265 0094 0200     		.2byte	0x2
 266 0096 7D       		.byte	0x7d
 267 0097 08       		.sleb128 8
 268 0098 04000000 		.4byte	.LCFI7
 269 009c 1C000000 		.4byte	.LFE3
 270 00a0 0200     		.2byte	0x2
 271 00a2 77       		.byte	0x77
 272 00a3 08       		.sleb128 8
 273 00a4 00000000 		.4byte	0x0
 274 00a8 00000000 		.4byte	0x0
 275              		.file 2 ".\\Generated_Source\\PSoC5\\/PWM_1.h"
 276              		.file 3 ".\\Generated_Source\\PSoC5\\/cytypes.h"
 277              		.section	.debug_info
 278 0000 40010000 		.4byte	0x140
 279 0004 0200     		.2byte	0x2
 280 0006 00000000 		.4byte	.Ldebug_abbrev0
 281 000a 04       		.byte	0x4
 282 000b 01       		.uleb128 0x1
 283 000c EC000000 		.4byte	.LASF22
 284 0010 01       		.byte	0x1
 285 0011 C8000000 		.4byte	.LASF23
 286 0015 0E000000 		.4byte	.LASF24
 287 0019 00000000 		.4byte	0x0
 288 001d 00000000 		.4byte	0x0
 289 0021 00000000 		.4byte	.Ldebug_ranges0+0x0
 290 0025 00000000 		.4byte	.Ldebug_line0
 291 0029 02       		.uleb128 0x2
 292 002a 01       		.byte	0x1
 293 002b 06       		.byte	0x6
 294 002c 6F010000 		.4byte	.LASF0
 295 0030 02       		.uleb128 0x2
 296 0031 01       		.byte	0x1
 297 0032 08       		.byte	0x8
 298 0033 0C010000 		.4byte	.LASF1
 299 0037 02       		.uleb128 0x2
 300 0038 02       		.byte	0x2
 301 0039 05       		.byte	0x5
 302 003a 9A010000 		.4byte	.LASF2
 303 003e 02       		.uleb128 0x2
 304 003f 02       		.byte	0x2
 305 0040 07       		.byte	0x7
 306 0041 5C010000 		.4byte	.LASF3
 307 0045 02       		.uleb128 0x2
 308 0046 04       		.byte	0x4
 309 0047 05       		.byte	0x5
ARM GAS  C:\Users\karunmj\AppData\Local\Temp\ccDUVAja.s 			page 11


 310 0048 4C010000 		.4byte	.LASF4
 311 004c 02       		.uleb128 0x2
 312 004d 04       		.byte	0x4
 313 004e 07       		.byte	0x7
 314 004f 92000000 		.4byte	.LASF5
 315 0053 02       		.uleb128 0x2
 316 0054 08       		.byte	0x8
 317 0055 05       		.byte	0x5
 318 0056 00000000 		.4byte	.LASF6
 319 005a 02       		.uleb128 0x2
 320 005b 08       		.byte	0x8
 321 005c 07       		.byte	0x7
 322 005d A4000000 		.4byte	.LASF7
 323 0061 03       		.uleb128 0x3
 324 0062 04       		.byte	0x4
 325 0063 05       		.byte	0x5
 326 0064 696E7400 		.ascii	"int\000"
 327 0068 02       		.uleb128 0x2
 328 0069 04       		.byte	0x4
 329 006a 07       		.byte	0x7
 330 006b 5F000000 		.4byte	.LASF8
 331 006f 04       		.uleb128 0x4
 332 0070 8C000000 		.4byte	.LASF16
 333 0074 03       		.byte	0x3
 334 0075 4C       		.byte	0x4c
 335 0076 30000000 		.4byte	0x30
 336 007a 02       		.uleb128 0x2
 337 007b 04       		.byte	0x4
 338 007c 04       		.byte	0x4
 339 007d 88010000 		.4byte	.LASF9
 340 0081 02       		.uleb128 0x2
 341 0082 08       		.byte	0x8
 342 0083 04       		.byte	0x4
 343 0084 45010000 		.4byte	.LASF10
 344 0088 02       		.uleb128 0x2
 345 0089 01       		.byte	0x1
 346 008a 08       		.byte	0x8
 347 008b 1A010000 		.4byte	.LASF11
 348 008f 05       		.uleb128 0x5
 349 0090 04       		.byte	0x4
 350 0091 07       		.byte	0x7
 351 0092 06       		.uleb128 0x6
 352 0093 04       		.byte	0x4
 353 0094 02       		.byte	0x2
 354 0095 69       		.byte	0x69
 355 0096 D3000000 		.4byte	0xd3
 356 009a 07       		.uleb128 0x7
 357 009b 6C000000 		.4byte	.LASF12
 358 009f 02       		.byte	0x2
 359 00a0 6B       		.byte	0x6b
 360 00a1 6F000000 		.4byte	0x6f
 361 00a5 02       		.byte	0x2
 362 00a6 23       		.byte	0x23
 363 00a7 00       		.uleb128 0x0
 364 00a8 07       		.uleb128 0x7
 365 00a9 55010000 		.4byte	.LASF13
 366 00ad 02       		.byte	0x2
ARM GAS  C:\Users\karunmj\AppData\Local\Temp\ccDUVAja.s 			page 12


 367 00ae 89       		.byte	0x89
 368 00af 6F000000 		.4byte	0x6f
 369 00b3 02       		.byte	0x2
 370 00b4 23       		.byte	0x23
 371 00b5 01       		.uleb128 0x1
 372 00b6 07       		.uleb128 0x7
 373 00b7 A4010000 		.4byte	.LASF14
 374 00bb 02       		.byte	0x2
 375 00bc 8B       		.byte	0x8b
 376 00bd 6F000000 		.4byte	0x6f
 377 00c1 02       		.byte	0x2
 378 00c2 23       		.byte	0x23
 379 00c3 02       		.uleb128 0x2
 380 00c4 07       		.uleb128 0x7
 381 00c5 1F010000 		.4byte	.LASF15
 382 00c9 02       		.byte	0x2
 383 00ca 9F       		.byte	0x9f
 384 00cb 6F000000 		.4byte	0x6f
 385 00cf 02       		.byte	0x2
 386 00d0 23       		.byte	0x23
 387 00d1 03       		.uleb128 0x3
 388 00d2 00       		.byte	0x0
 389 00d3 04       		.uleb128 0x4
 390 00d4 32010000 		.4byte	.LASF17
 391 00d8 02       		.byte	0x2
 392 00d9 A4       		.byte	0xa4
 393 00da 92000000 		.4byte	0x92
 394 00de 08       		.uleb128 0x8
 395 00df 01       		.byte	0x1
 396 00e0 7B000000 		.4byte	.LASF18
 397 00e4 01       		.byte	0x1
 398 00e5 2A       		.byte	0x2a
 399 00e6 01       		.byte	0x1
 400 00e7 00000000 		.4byte	.LFB0
 401 00eb 3C000000 		.4byte	.LFE0
 402 00ef 00000000 		.4byte	.LLST0
 403 00f3 08       		.uleb128 0x8
 404 00f4 01       		.byte	0x1
 405 00f5 F8000000 		.4byte	.LASF19
 406 00f9 01       		.byte	0x1
 407 00fa 71       		.byte	0x71
 408 00fb 01       		.byte	0x1
 409 00fc 00000000 		.4byte	.LFB1
 410 0100 36000000 		.4byte	.LFE1
 411 0104 2B000000 		.4byte	.LLST1
 412 0108 08       		.uleb128 0x8
 413 0109 01       		.byte	0x1
 414 010a 8E010000 		.4byte	.LASF20
 415 010e 01       		.byte	0x1
 416 010f CC       		.byte	0xcc
 417 0110 01       		.byte	0x1
 418 0111 00000000 		.4byte	.LFB2
 419 0115 3E000000 		.4byte	.LFE2
 420 0119 56000000 		.4byte	.LLST2
 421 011d 08       		.uleb128 0x8
 422 011e 01       		.byte	0x1
 423 011f 7B010000 		.4byte	.LASF21
ARM GAS  C:\Users\karunmj\AppData\Local\Temp\ccDUVAja.s 			page 13


 424 0123 01       		.byte	0x1
 425 0124 F6       		.byte	0xf6
 426 0125 01       		.byte	0x1
 427 0126 00000000 		.4byte	.LFB3
 428 012a 1C000000 		.4byte	.LFE3
 429 012e 81000000 		.4byte	.LLST3
 430 0132 09       		.uleb128 0x9
 431 0133 BB000000 		.4byte	.LASF25
 432 0137 01       		.byte	0x1
 433 0138 14       		.byte	0x14
 434 0139 D3000000 		.4byte	0xd3
 435 013d 05       		.byte	0x5
 436 013e 03       		.byte	0x3
 437 013f 00000000 		.4byte	PWM_1_backup
 438 0143 00       		.byte	0x0
 439              		.section	.debug_abbrev
 440 0000 01       		.uleb128 0x1
 441 0001 11       		.uleb128 0x11
 442 0002 01       		.byte	0x1
 443 0003 25       		.uleb128 0x25
 444 0004 0E       		.uleb128 0xe
 445 0005 13       		.uleb128 0x13
 446 0006 0B       		.uleb128 0xb
 447 0007 03       		.uleb128 0x3
 448 0008 0E       		.uleb128 0xe
 449 0009 1B       		.uleb128 0x1b
 450 000a 0E       		.uleb128 0xe
 451 000b 11       		.uleb128 0x11
 452 000c 01       		.uleb128 0x1
 453 000d 52       		.uleb128 0x52
 454 000e 01       		.uleb128 0x1
 455 000f 55       		.uleb128 0x55
 456 0010 06       		.uleb128 0x6
 457 0011 10       		.uleb128 0x10
 458 0012 06       		.uleb128 0x6
 459 0013 00       		.byte	0x0
 460 0014 00       		.byte	0x0
 461 0015 02       		.uleb128 0x2
 462 0016 24       		.uleb128 0x24
 463 0017 00       		.byte	0x0
 464 0018 0B       		.uleb128 0xb
 465 0019 0B       		.uleb128 0xb
 466 001a 3E       		.uleb128 0x3e
 467 001b 0B       		.uleb128 0xb
 468 001c 03       		.uleb128 0x3
 469 001d 0E       		.uleb128 0xe
 470 001e 00       		.byte	0x0
 471 001f 00       		.byte	0x0
 472 0020 03       		.uleb128 0x3
 473 0021 24       		.uleb128 0x24
 474 0022 00       		.byte	0x0
 475 0023 0B       		.uleb128 0xb
 476 0024 0B       		.uleb128 0xb
 477 0025 3E       		.uleb128 0x3e
 478 0026 0B       		.uleb128 0xb
 479 0027 03       		.uleb128 0x3
 480 0028 08       		.uleb128 0x8
ARM GAS  C:\Users\karunmj\AppData\Local\Temp\ccDUVAja.s 			page 14


 481 0029 00       		.byte	0x0
 482 002a 00       		.byte	0x0
 483 002b 04       		.uleb128 0x4
 484 002c 16       		.uleb128 0x16
 485 002d 00       		.byte	0x0
 486 002e 03       		.uleb128 0x3
 487 002f 0E       		.uleb128 0xe
 488 0030 3A       		.uleb128 0x3a
 489 0031 0B       		.uleb128 0xb
 490 0032 3B       		.uleb128 0x3b
 491 0033 0B       		.uleb128 0xb
 492 0034 49       		.uleb128 0x49
 493 0035 13       		.uleb128 0x13
 494 0036 00       		.byte	0x0
 495 0037 00       		.byte	0x0
 496 0038 05       		.uleb128 0x5
 497 0039 24       		.uleb128 0x24
 498 003a 00       		.byte	0x0
 499 003b 0B       		.uleb128 0xb
 500 003c 0B       		.uleb128 0xb
 501 003d 3E       		.uleb128 0x3e
 502 003e 0B       		.uleb128 0xb
 503 003f 00       		.byte	0x0
 504 0040 00       		.byte	0x0
 505 0041 06       		.uleb128 0x6
 506 0042 13       		.uleb128 0x13
 507 0043 01       		.byte	0x1
 508 0044 0B       		.uleb128 0xb
 509 0045 0B       		.uleb128 0xb
 510 0046 3A       		.uleb128 0x3a
 511 0047 0B       		.uleb128 0xb
 512 0048 3B       		.uleb128 0x3b
 513 0049 0B       		.uleb128 0xb
 514 004a 01       		.uleb128 0x1
 515 004b 13       		.uleb128 0x13
 516 004c 00       		.byte	0x0
 517 004d 00       		.byte	0x0
 518 004e 07       		.uleb128 0x7
 519 004f 0D       		.uleb128 0xd
 520 0050 00       		.byte	0x0
 521 0051 03       		.uleb128 0x3
 522 0052 0E       		.uleb128 0xe
 523 0053 3A       		.uleb128 0x3a
 524 0054 0B       		.uleb128 0xb
 525 0055 3B       		.uleb128 0x3b
 526 0056 0B       		.uleb128 0xb
 527 0057 49       		.uleb128 0x49
 528 0058 13       		.uleb128 0x13
 529 0059 38       		.uleb128 0x38
 530 005a 0A       		.uleb128 0xa
 531 005b 00       		.byte	0x0
 532 005c 00       		.byte	0x0
 533 005d 08       		.uleb128 0x8
 534 005e 2E       		.uleb128 0x2e
 535 005f 00       		.byte	0x0
 536 0060 3F       		.uleb128 0x3f
 537 0061 0C       		.uleb128 0xc
ARM GAS  C:\Users\karunmj\AppData\Local\Temp\ccDUVAja.s 			page 15


 538 0062 03       		.uleb128 0x3
 539 0063 0E       		.uleb128 0xe
 540 0064 3A       		.uleb128 0x3a
 541 0065 0B       		.uleb128 0xb
 542 0066 3B       		.uleb128 0x3b
 543 0067 0B       		.uleb128 0xb
 544 0068 27       		.uleb128 0x27
 545 0069 0C       		.uleb128 0xc
 546 006a 11       		.uleb128 0x11
 547 006b 01       		.uleb128 0x1
 548 006c 12       		.uleb128 0x12
 549 006d 01       		.uleb128 0x1
 550 006e 40       		.uleb128 0x40
 551 006f 06       		.uleb128 0x6
 552 0070 00       		.byte	0x0
 553 0071 00       		.byte	0x0
 554 0072 09       		.uleb128 0x9
 555 0073 34       		.uleb128 0x34
 556 0074 00       		.byte	0x0
 557 0075 03       		.uleb128 0x3
 558 0076 0E       		.uleb128 0xe
 559 0077 3A       		.uleb128 0x3a
 560 0078 0B       		.uleb128 0xb
 561 0079 3B       		.uleb128 0x3b
 562 007a 0B       		.uleb128 0xb
 563 007b 49       		.uleb128 0x49
 564 007c 13       		.uleb128 0x13
 565 007d 02       		.uleb128 0x2
 566 007e 0A       		.uleb128 0xa
 567 007f 00       		.byte	0x0
 568 0080 00       		.byte	0x0
 569 0081 00       		.byte	0x0
 570              		.section	.debug_pubnames,"",%progbits
 571 0000 5C000000 		.4byte	0x5c
 572 0004 0200     		.2byte	0x2
 573 0006 00000000 		.4byte	.Ldebug_info0
 574 000a 44010000 		.4byte	0x144
 575 000e DE000000 		.4byte	0xde
 576 0012 50574D5F 		.ascii	"PWM_1_SaveConfig\000"
 576      315F5361 
 576      7665436F 
 576      6E666967 
 576      00
 577 0023 F3000000 		.4byte	0xf3
 578 0027 50574D5F 		.ascii	"PWM_1_RestoreConfig\000"
 578      315F5265 
 578      73746F72 
 578      65436F6E 
 578      66696700 
 579 003b 08010000 		.4byte	0x108
 580 003f 50574D5F 		.ascii	"PWM_1_Sleep\000"
 580      315F536C 
 580      65657000 
 581 004b 1D010000 		.4byte	0x11d
 582 004f 50574D5F 		.ascii	"PWM_1_Wakeup\000"
 582      315F5761 
 582      6B657570 
ARM GAS  C:\Users\karunmj\AppData\Local\Temp\ccDUVAja.s 			page 16


 582      00
 583 005c 00000000 		.4byte	0x0
 584              		.section	.debug_aranges,"",%progbits
 585 0000 34000000 		.4byte	0x34
 586 0004 0200     		.2byte	0x2
 587 0006 00000000 		.4byte	.Ldebug_info0
 588 000a 04       		.byte	0x4
 589 000b 00       		.byte	0x0
 590 000c 0000     		.2byte	0x0
 591 000e 0000     		.2byte	0x0
 592 0010 00000000 		.4byte	.LFB0
 593 0014 3C000000 		.4byte	.LFE0-.LFB0
 594 0018 00000000 		.4byte	.LFB1
 595 001c 36000000 		.4byte	.LFE1-.LFB1
 596 0020 00000000 		.4byte	.LFB2
 597 0024 3E000000 		.4byte	.LFE2-.LFB2
 598 0028 00000000 		.4byte	.LFB3
 599 002c 1C000000 		.4byte	.LFE3-.LFB3
 600 0030 00000000 		.4byte	0x0
 601 0034 00000000 		.4byte	0x0
 602              		.section	.debug_ranges,"",%progbits
 603              	.Ldebug_ranges0:
 604 0000 00000000 		.4byte	.Ltext0
 605 0004 00000000 		.4byte	.Letext0
 606 0008 00000000 		.4byte	.LFB0
 607 000c 3C000000 		.4byte	.LFE0
 608 0010 00000000 		.4byte	.LFB1
 609 0014 36000000 		.4byte	.LFE1
 610 0018 00000000 		.4byte	.LFB2
 611 001c 3E000000 		.4byte	.LFE2
 612 0020 00000000 		.4byte	.LFB3
 613 0024 1C000000 		.4byte	.LFE3
 614 0028 00000000 		.4byte	0x0
 615 002c 00000000 		.4byte	0x0
 616              		.section	.debug_str,"MS",%progbits,1
 617              	.LASF6:
 618 0000 6C6F6E67 		.ascii	"long long int\000"
 618      206C6F6E 
 618      6720696E 
 618      7400
 619              	.LASF24:
 620 000e 433A5C55 		.ascii	"C:\\Users\\karunmj\\Documents\\GitHub\\m2m\\hardwar"
 620      73657273 
 620      5C6B6172 
 620      756E6D6A 
 620      5C446F63 
 621 003b 655C7073 		.ascii	"e\\psoc5\\Campbell_Conductivity.cydsn\000"
 621      6F63355C 
 621      43616D70 
 621      62656C6C 
 621      5F436F6E 
 622              	.LASF8:
 623 005f 756E7369 		.ascii	"unsigned int\000"
 623      676E6564 
 623      20696E74 
 623      00
 624              	.LASF12:
ARM GAS  C:\Users\karunmj\AppData\Local\Temp\ccDUVAja.s 			page 17


 625 006c 50574D45 		.ascii	"PWMEnableState\000"
 625      6E61626C 
 625      65537461 
 625      746500
 626              	.LASF18:
 627 007b 50574D5F 		.ascii	"PWM_1_SaveConfig\000"
 627      315F5361 
 627      7665436F 
 627      6E666967 
 627      00
 628              	.LASF16:
 629 008c 75696E74 		.ascii	"uint8\000"
 629      3800
 630              	.LASF5:
 631 0092 6C6F6E67 		.ascii	"long unsigned int\000"
 631      20756E73 
 631      69676E65 
 631      6420696E 
 631      7400
 632              	.LASF7:
 633 00a4 6C6F6E67 		.ascii	"long long unsigned int\000"
 633      206C6F6E 
 633      6720756E 
 633      7369676E 
 633      65642069 
 634              	.LASF25:
 635 00bb 50574D5F 		.ascii	"PWM_1_backup\000"
 635      315F6261 
 635      636B7570 
 635      00
 636              	.LASF23:
 637 00c8 2E5C4765 		.ascii	".\\Generated_Source\\PSoC5\\PWM_1_PM.c\000"
 637      6E657261 
 637      7465645F 
 637      536F7572 
 637      63655C50 
 638              	.LASF22:
 639 00ec 474E5520 		.ascii	"GNU C 4.4.1\000"
 639      4320342E 
 639      342E3100 
 640              	.LASF19:
 641 00f8 50574D5F 		.ascii	"PWM_1_RestoreConfig\000"
 641      315F5265 
 641      73746F72 
 641      65436F6E 
 641      66696700 
 642              	.LASF1:
 643 010c 756E7369 		.ascii	"unsigned char\000"
 643      676E6564 
 643      20636861 
 643      7200
 644              	.LASF11:
 645 011a 63686172 		.ascii	"char\000"
 645      00
 646              	.LASF15:
 647 011f 50574D43 		.ascii	"PWMControlRegister\000"
 647      6F6E7472 
ARM GAS  C:\Users\karunmj\AppData\Local\Temp\ccDUVAja.s 			page 18


 647      6F6C5265 
 647      67697374 
 647      657200
 648              	.LASF17:
 649 0132 50574D5F 		.ascii	"PWM_1_backupStruct\000"
 649      315F6261 
 649      636B7570 
 649      53747275 
 649      637400
 650              	.LASF10:
 651 0145 646F7562 		.ascii	"double\000"
 651      6C6500
 652              	.LASF4:
 653 014c 6C6F6E67 		.ascii	"long int\000"
 653      20696E74 
 653      00
 654              	.LASF13:
 655 0155 50574D55 		.ascii	"PWMUdb\000"
 655      646200
 656              	.LASF3:
 657 015c 73686F72 		.ascii	"short unsigned int\000"
 657      7420756E 
 657      7369676E 
 657      65642069 
 657      6E7400
 658              	.LASF0:
 659 016f 7369676E 		.ascii	"signed char\000"
 659      65642063 
 659      68617200 
 660              	.LASF21:
 661 017b 50574D5F 		.ascii	"PWM_1_Wakeup\000"
 661      315F5761 
 661      6B657570 
 661      00
 662              	.LASF9:
 663 0188 666C6F61 		.ascii	"float\000"
 663      7400
 664              	.LASF20:
 665 018e 50574D5F 		.ascii	"PWM_1_Sleep\000"
 665      315F536C 
 665      65657000 
 666              	.LASF2:
 667 019a 73686F72 		.ascii	"short int\000"
 667      7420696E 
 667      7400
 668              	.LASF14:
 669 01a4 50574D50 		.ascii	"PWMPeriod\000"
 669      6572696F 
 669      6400
 670              		.ident	"GCC: (Sourcery G++ Lite 2010q1-188) 4.4.1"
