ARM GAS  C:\Users\karunmj\AppData\Local\Temp\ccepvkiC.s 			page 1


   1              		.syntax unified
   2              		.cpu cortex-m3
   3              		.fpu softvfp
   4              		.eabi_attribute 20, 1
   5              		.eabi_attribute 21, 1
   6              		.eabi_attribute 23, 3
   7              		.eabi_attribute 24, 1
   8              		.eabi_attribute 25, 1
   9              		.eabi_attribute 26, 1
  10              		.eabi_attribute 30, 6
  11              		.eabi_attribute 18, 4
  12              		.thumb
  13              		.file	"PWM_2_PM.c"
  14              		.section	.debug_abbrev,"",%progbits
  15              	.Ldebug_abbrev0:
  16              		.section	.debug_info,"",%progbits
  17              	.Ldebug_info0:
  18              		.section	.debug_line,"",%progbits
  19              	.Ldebug_line0:
  20 0000 C9000000 		.text
  20      02006C00 
  20      00000201 
  20      FB0E0D00 
  20      01010101 
  21              	.Ltext0:
  22              		.cfi_sections	.debug_frame
  23              		.bss
  24              		.align	2
  25              	PWM_2_backup:
  26 0000 000000   		.space	3
  27 0003 00       		.section	.text.PWM_2_SaveConfig,"ax",%progbits
  28              		.align	2
  29              		.global	PWM_2_SaveConfig
  30              		.thumb
  31              		.thumb_func
  32              		.type	PWM_2_SaveConfig, %function
  33              	PWM_2_SaveConfig:
  34              	.LFB0:
  35              		.file 1 ".\\Generated_Source\\PSoC5\\PWM_2_PM.c"
   1:.\Generated_Source\PSoC5/PWM_2_PM.c **** /*******************************************************************************
   2:.\Generated_Source\PSoC5/PWM_2_PM.c **** * File Name: PWM_2_PM.c
   3:.\Generated_Source\PSoC5/PWM_2_PM.c **** * Version 2.40
   4:.\Generated_Source\PSoC5/PWM_2_PM.c **** *
   5:.\Generated_Source\PSoC5/PWM_2_PM.c **** * Description:
   6:.\Generated_Source\PSoC5/PWM_2_PM.c **** *  This file provides the power management source code to API for the
   7:.\Generated_Source\PSoC5/PWM_2_PM.c **** *  PWM.
   8:.\Generated_Source\PSoC5/PWM_2_PM.c **** *
   9:.\Generated_Source\PSoC5/PWM_2_PM.c **** * Note:
  10:.\Generated_Source\PSoC5/PWM_2_PM.c **** *
  11:.\Generated_Source\PSoC5/PWM_2_PM.c **** ********************************************************************************
  12:.\Generated_Source\PSoC5/PWM_2_PM.c **** * Copyright 2008-2012, Cypress Semiconductor Corporation.  All rights reserved.
  13:.\Generated_Source\PSoC5/PWM_2_PM.c **** * You may use this file only in accordance with the license, terms, conditions,
  14:.\Generated_Source\PSoC5/PWM_2_PM.c **** * disclaimers, and limitations in the end user license agreement accompanying
  15:.\Generated_Source\PSoC5/PWM_2_PM.c **** * the software package with which this file was provided.
  16:.\Generated_Source\PSoC5/PWM_2_PM.c **** *******************************************************************************/
  17:.\Generated_Source\PSoC5/PWM_2_PM.c **** #include "cytypes.h"
  18:.\Generated_Source\PSoC5/PWM_2_PM.c **** #include "PWM_2.h"
ARM GAS  C:\Users\karunmj\AppData\Local\Temp\ccepvkiC.s 			page 2


  19:.\Generated_Source\PSoC5/PWM_2_PM.c **** 
  20:.\Generated_Source\PSoC5/PWM_2_PM.c **** static PWM_2_backupStruct PWM_2_backup;
  21:.\Generated_Source\PSoC5/PWM_2_PM.c **** 
  22:.\Generated_Source\PSoC5/PWM_2_PM.c **** 
  23:.\Generated_Source\PSoC5/PWM_2_PM.c **** /*******************************************************************************
  24:.\Generated_Source\PSoC5/PWM_2_PM.c **** * Function Name: PWM_2_SaveConfig
  25:.\Generated_Source\PSoC5/PWM_2_PM.c **** ********************************************************************************
  26:.\Generated_Source\PSoC5/PWM_2_PM.c **** *
  27:.\Generated_Source\PSoC5/PWM_2_PM.c **** * Summary:
  28:.\Generated_Source\PSoC5/PWM_2_PM.c **** *  Saves the current user configuration of the component.
  29:.\Generated_Source\PSoC5/PWM_2_PM.c **** *  
  30:.\Generated_Source\PSoC5/PWM_2_PM.c **** * Parameters:  
  31:.\Generated_Source\PSoC5/PWM_2_PM.c **** *  None
  32:.\Generated_Source\PSoC5/PWM_2_PM.c **** *
  33:.\Generated_Source\PSoC5/PWM_2_PM.c **** * Return: 
  34:.\Generated_Source\PSoC5/PWM_2_PM.c **** *  None
  35:.\Generated_Source\PSoC5/PWM_2_PM.c **** *
  36:.\Generated_Source\PSoC5/PWM_2_PM.c **** * Global variables:
  37:.\Generated_Source\PSoC5/PWM_2_PM.c **** *  PWM_2_backup:  Variables of this global structure are modified to 
  38:.\Generated_Source\PSoC5/PWM_2_PM.c **** *  store the values of non retention configuration registers when Sleep() API is 
  39:.\Generated_Source\PSoC5/PWM_2_PM.c **** *  called.
  40:.\Generated_Source\PSoC5/PWM_2_PM.c **** *
  41:.\Generated_Source\PSoC5/PWM_2_PM.c **** *******************************************************************************/
  42:.\Generated_Source\PSoC5/PWM_2_PM.c **** void PWM_2_SaveConfig(void) 
  43:.\Generated_Source\PSoC5/PWM_2_PM.c **** {
  36              		.loc 1 43 0
  37              		.cfi_startproc
  38              		@ args = 0, pretend = 0, frame = 0
  39              		@ frame_needed = 1, uses_anonymous_args = 0
  40 0000 80B5     		push	{r7, lr}
  41              	.LCFI0:
  42              		.cfi_def_cfa_offset 8
  43 0002 00AF     		add	r7, sp, #0
  44              		.cfi_offset 14, -4
  45              		.cfi_offset 7, -8
  46              	.LCFI1:
  47              		.cfi_def_cfa_register 7
  44:.\Generated_Source\PSoC5/PWM_2_PM.c ****     
  45:.\Generated_Source\PSoC5/PWM_2_PM.c ****     #if(!PWM_2_UsingFixedFunction)
  46:.\Generated_Source\PSoC5/PWM_2_PM.c ****         #if (CY_UDB_V0)
  47:.\Generated_Source\PSoC5/PWM_2_PM.c ****             PWM_2_backup.PWMUdb = PWM_2_ReadCounter();
  48:.\Generated_Source\PSoC5/PWM_2_PM.c ****             PWM_2_backup.PWMPeriod = PWM_2_ReadPeriod();
  49:.\Generated_Source\PSoC5/PWM_2_PM.c ****             #if (PWM_2_UseStatus)
  50:.\Generated_Source\PSoC5/PWM_2_PM.c ****                 PWM_2_backup.InterruptMaskValue = PWM_2_STATUS_MASK;
  51:.\Generated_Source\PSoC5/PWM_2_PM.c ****             #endif /* (PWM_2_UseStatus) */
  52:.\Generated_Source\PSoC5/PWM_2_PM.c ****             
  53:.\Generated_Source\PSoC5/PWM_2_PM.c ****             #if(PWM_2_UseOneCompareMode)
  54:.\Generated_Source\PSoC5/PWM_2_PM.c ****                 PWM_2_backup.PWMCompareValue = PWM_2_ReadCompare();
  55:.\Generated_Source\PSoC5/PWM_2_PM.c ****             #else
  56:.\Generated_Source\PSoC5/PWM_2_PM.c ****                 PWM_2_backup.PWMCompareValue1 = PWM_2_ReadCompare1();
  57:.\Generated_Source\PSoC5/PWM_2_PM.c ****                 PWM_2_backup.PWMCompareValue2 = PWM_2_ReadCompare2();
  58:.\Generated_Source\PSoC5/PWM_2_PM.c ****             #endif /* (PWM_2_UseOneCompareMode) */
  59:.\Generated_Source\PSoC5/PWM_2_PM.c ****             
  60:.\Generated_Source\PSoC5/PWM_2_PM.c ****            #if(PWM_2_DeadBandUsed)
  61:.\Generated_Source\PSoC5/PWM_2_PM.c ****                 PWM_2_backup.PWMdeadBandValue = PWM_2_ReadDeadTime();
  62:.\Generated_Source\PSoC5/PWM_2_PM.c ****             #endif /* (PWM_2_DeadBandUsed) */
  63:.\Generated_Source\PSoC5/PWM_2_PM.c ****           
ARM GAS  C:\Users\karunmj\AppData\Local\Temp\ccepvkiC.s 			page 3


  64:.\Generated_Source\PSoC5/PWM_2_PM.c ****             #if ( PWM_2_KillModeMinTime)
  65:.\Generated_Source\PSoC5/PWM_2_PM.c ****                 PWM_2_backup.PWMKillCounterPeriod = PWM_2_ReadKillTime();
  66:.\Generated_Source\PSoC5/PWM_2_PM.c ****             #endif /* ( PWM_2_KillModeMinTime) */
  67:.\Generated_Source\PSoC5/PWM_2_PM.c ****         #endif /* (CY_UDB_V0) */
  68:.\Generated_Source\PSoC5/PWM_2_PM.c ****         
  69:.\Generated_Source\PSoC5/PWM_2_PM.c ****         #if (CY_UDB_V1)
  70:.\Generated_Source\PSoC5/PWM_2_PM.c ****             #if(!PWM_2_PWMModeIsCenterAligned)
  71:.\Generated_Source\PSoC5/PWM_2_PM.c ****                 PWM_2_backup.PWMPeriod = PWM_2_ReadPeriod();
  72:.\Generated_Source\PSoC5/PWM_2_PM.c ****             #endif /* (!PWM_2_PWMModeIsCenterAligned) */
  73:.\Generated_Source\PSoC5/PWM_2_PM.c ****             PWM_2_backup.PWMUdb = PWM_2_ReadCounter();
  48              		.loc 1 73 0
  49 0004 FFF7FEFF 		bl	PWM_2_ReadCounter
  50 0008 0346     		mov	r3, r0
  51 000a 1A46     		mov	r2, r3
  52 000c 40F20003 		movw	r3, #:lower16:PWM_2_backup
  53 0010 C0F20003 		movt	r3, #:upper16:PWM_2_backup
  54 0014 5A70     		strb	r2, [r3, #1]
  74:.\Generated_Source\PSoC5/PWM_2_PM.c ****             #if (PWM_2_UseStatus)
  75:.\Generated_Source\PSoC5/PWM_2_PM.c ****                 PWM_2_backup.InterruptMaskValue = PWM_2_STATUS_MASK;
  76:.\Generated_Source\PSoC5/PWM_2_PM.c ****             #endif /* (PWM_2_UseStatus) */
  77:.\Generated_Source\PSoC5/PWM_2_PM.c ****             
  78:.\Generated_Source\PSoC5/PWM_2_PM.c ****             #if(PWM_2_DeadBandMode == PWM_2__B_PWM__DBM_256_CLOCKS || \
  79:.\Generated_Source\PSoC5/PWM_2_PM.c ****                 PWM_2_DeadBandMode == PWM_2__B_PWM__DBM_2_4_CLOCKS)
  80:.\Generated_Source\PSoC5/PWM_2_PM.c ****                 PWM_2_backup.PWMdeadBandValue = PWM_2_ReadDeadTime();
  81:.\Generated_Source\PSoC5/PWM_2_PM.c ****             #endif /*  deadband count is either 2-4 clocks or 256 clocks */
  82:.\Generated_Source\PSoC5/PWM_2_PM.c ****             
  83:.\Generated_Source\PSoC5/PWM_2_PM.c ****             #if(PWM_2_KillModeMinTime)
  84:.\Generated_Source\PSoC5/PWM_2_PM.c ****                  PWM_2_backup.PWMKillCounterPeriod = PWM_2_ReadKillTime();
  85:.\Generated_Source\PSoC5/PWM_2_PM.c ****             #endif /* (PWM_2_KillModeMinTime) */
  86:.\Generated_Source\PSoC5/PWM_2_PM.c ****         #endif /* (CY_UDB_V1) */
  87:.\Generated_Source\PSoC5/PWM_2_PM.c ****         
  88:.\Generated_Source\PSoC5/PWM_2_PM.c ****         #if(PWM_2_UseControl)
  89:.\Generated_Source\PSoC5/PWM_2_PM.c ****             PWM_2_backup.PWMControlRegister = PWM_2_ReadControlRegister();
  55              		.loc 1 89 0
  56 0016 FFF7FEFF 		bl	PWM_2_ReadControlRegister
  57 001a 0346     		mov	r3, r0
  58 001c 1A46     		mov	r2, r3
  59 001e 40F20003 		movw	r3, #:lower16:PWM_2_backup
  60 0022 C0F20003 		movt	r3, #:upper16:PWM_2_backup
  61 0026 9A70     		strb	r2, [r3, #2]
  90:.\Generated_Source\PSoC5/PWM_2_PM.c ****         #endif /* (PWM_2_UseControl) */
  91:.\Generated_Source\PSoC5/PWM_2_PM.c ****     #endif  /* (!PWM_2_UsingFixedFunction) */
  92:.\Generated_Source\PSoC5/PWM_2_PM.c **** }
  62              		.loc 1 92 0
  63 0028 80BD     		pop	{r7, pc}
  64              		.cfi_endproc
  65              	.LFE0:
  66              		.size	PWM_2_SaveConfig, .-PWM_2_SaveConfig
  67 002a 00BF     		.section	.text.PWM_2_RestoreConfig,"ax",%progbits
  68              		.align	2
  69              		.global	PWM_2_RestoreConfig
  70              		.thumb
  71              		.thumb_func
  72              		.type	PWM_2_RestoreConfig, %function
  73              	PWM_2_RestoreConfig:
  74              	.LFB1:
  93:.\Generated_Source\PSoC5/PWM_2_PM.c **** 
ARM GAS  C:\Users\karunmj\AppData\Local\Temp\ccepvkiC.s 			page 4


  94:.\Generated_Source\PSoC5/PWM_2_PM.c **** 
  95:.\Generated_Source\PSoC5/PWM_2_PM.c **** /*******************************************************************************
  96:.\Generated_Source\PSoC5/PWM_2_PM.c **** * Function Name: PWM_2_RestoreConfig
  97:.\Generated_Source\PSoC5/PWM_2_PM.c **** ********************************************************************************
  98:.\Generated_Source\PSoC5/PWM_2_PM.c **** * 
  99:.\Generated_Source\PSoC5/PWM_2_PM.c **** * Summary:
 100:.\Generated_Source\PSoC5/PWM_2_PM.c **** *  Restores the current user configuration of the component.
 101:.\Generated_Source\PSoC5/PWM_2_PM.c **** *
 102:.\Generated_Source\PSoC5/PWM_2_PM.c **** * Parameters:  
 103:.\Generated_Source\PSoC5/PWM_2_PM.c **** *  None
 104:.\Generated_Source\PSoC5/PWM_2_PM.c **** *
 105:.\Generated_Source\PSoC5/PWM_2_PM.c **** * Return: 
 106:.\Generated_Source\PSoC5/PWM_2_PM.c **** *  None
 107:.\Generated_Source\PSoC5/PWM_2_PM.c **** *
 108:.\Generated_Source\PSoC5/PWM_2_PM.c **** * Global variables:
 109:.\Generated_Source\PSoC5/PWM_2_PM.c **** *  PWM_2_backup:  Variables of this global structure are used to  
 110:.\Generated_Source\PSoC5/PWM_2_PM.c **** *  restore the values of non retention registers on wakeup from sleep mode.
 111:.\Generated_Source\PSoC5/PWM_2_PM.c **** *
 112:.\Generated_Source\PSoC5/PWM_2_PM.c **** *******************************************************************************/
 113:.\Generated_Source\PSoC5/PWM_2_PM.c **** void PWM_2_RestoreConfig(void) 
 114:.\Generated_Source\PSoC5/PWM_2_PM.c **** {
  75              		.loc 1 114 0
  76              		.cfi_startproc
  77              		@ args = 0, pretend = 0, frame = 0
  78              		@ frame_needed = 1, uses_anonymous_args = 0
  79 0000 80B5     		push	{r7, lr}
  80              	.LCFI2:
  81              		.cfi_def_cfa_offset 8
  82 0002 00AF     		add	r7, sp, #0
  83              		.cfi_offset 14, -4
  84              		.cfi_offset 7, -8
  85              	.LCFI3:
  86              		.cfi_def_cfa_register 7
 115:.\Generated_Source\PSoC5/PWM_2_PM.c ****         #if(!PWM_2_UsingFixedFunction)
 116:.\Generated_Source\PSoC5/PWM_2_PM.c ****             #if (CY_UDB_V0)
 117:.\Generated_Source\PSoC5/PWM_2_PM.c ****                 /* Interrupt State Backup for Critical Region*/
 118:.\Generated_Source\PSoC5/PWM_2_PM.c ****                 uint8 PWM_2_interruptState;
 119:.\Generated_Source\PSoC5/PWM_2_PM.c ****                 /* Enter Critical Region*/
 120:.\Generated_Source\PSoC5/PWM_2_PM.c ****                 PWM_2_interruptState = CyEnterCriticalSection();
 121:.\Generated_Source\PSoC5/PWM_2_PM.c ****                 #if (PWM_2_UseStatus)
 122:.\Generated_Source\PSoC5/PWM_2_PM.c ****                     /* Use the interrupt output of the status register for IRQ output */
 123:.\Generated_Source\PSoC5/PWM_2_PM.c ****                     PWM_2_STATUS_AUX_CTRL |= PWM_2_STATUS_ACTL_INT_EN_MASK;
 124:.\Generated_Source\PSoC5/PWM_2_PM.c ****                     
 125:.\Generated_Source\PSoC5/PWM_2_PM.c ****                     PWM_2_STATUS_MASK = PWM_2_backup.InterruptMaskValue;
 126:.\Generated_Source\PSoC5/PWM_2_PM.c ****                 #endif /* (PWM_2_UseStatus) */
 127:.\Generated_Source\PSoC5/PWM_2_PM.c ****                 
 128:.\Generated_Source\PSoC5/PWM_2_PM.c ****                 #if (PWM_2_Resolution == 8)
 129:.\Generated_Source\PSoC5/PWM_2_PM.c ****                     /* Set FIFO 0 to 1 byte register for period*/
 130:.\Generated_Source\PSoC5/PWM_2_PM.c ****                     PWM_2_AUX_CONTROLDP0 |= (PWM_2_AUX_CTRL_FIFO0_CLR);
 131:.\Generated_Source\PSoC5/PWM_2_PM.c ****                 #else /* (PWM_2_Resolution == 16)*/
 132:.\Generated_Source\PSoC5/PWM_2_PM.c ****                     /* Set FIFO 0 to 1 byte register for period */
 133:.\Generated_Source\PSoC5/PWM_2_PM.c ****                     PWM_2_AUX_CONTROLDP0 |= (PWM_2_AUX_CTRL_FIFO0_CLR);
 134:.\Generated_Source\PSoC5/PWM_2_PM.c ****                     PWM_2_AUX_CONTROLDP1 |= (PWM_2_AUX_CTRL_FIFO0_CLR);
 135:.\Generated_Source\PSoC5/PWM_2_PM.c ****                 #endif /* (PWM_2_Resolution == 8) */
 136:.\Generated_Source\PSoC5/PWM_2_PM.c ****                 /* Exit Critical Region*/
 137:.\Generated_Source\PSoC5/PWM_2_PM.c ****                 CyExitCriticalSection(PWM_2_interruptState);
 138:.\Generated_Source\PSoC5/PWM_2_PM.c ****                 
ARM GAS  C:\Users\karunmj\AppData\Local\Temp\ccepvkiC.s 			page 5


 139:.\Generated_Source\PSoC5/PWM_2_PM.c ****                 PWM_2_WriteCounter(PWM_2_backup.PWMUdb);
 140:.\Generated_Source\PSoC5/PWM_2_PM.c ****                 PWM_2_WritePeriod(PWM_2_backup.PWMPeriod);
 141:.\Generated_Source\PSoC5/PWM_2_PM.c ****                 
 142:.\Generated_Source\PSoC5/PWM_2_PM.c ****                 #if(PWM_2_UseOneCompareMode)
 143:.\Generated_Source\PSoC5/PWM_2_PM.c ****                     PWM_2_WriteCompare(PWM_2_backup.PWMCompareValue);
 144:.\Generated_Source\PSoC5/PWM_2_PM.c ****                 #else
 145:.\Generated_Source\PSoC5/PWM_2_PM.c ****                     PWM_2_WriteCompare1(PWM_2_backup.PWMCompareValue1);
 146:.\Generated_Source\PSoC5/PWM_2_PM.c ****                     PWM_2_WriteCompare2(PWM_2_backup.PWMCompareValue2);
 147:.\Generated_Source\PSoC5/PWM_2_PM.c ****                 #endif /* (PWM_2_UseOneCompareMode) */
 148:.\Generated_Source\PSoC5/PWM_2_PM.c ****                 
 149:.\Generated_Source\PSoC5/PWM_2_PM.c ****                #if(PWM_2_DeadBandMode == PWM_2__B_PWM__DBM_256_CLOCKS || \
 150:.\Generated_Source\PSoC5/PWM_2_PM.c ****                    PWM_2_DeadBandMode == PWM_2__B_PWM__DBM_2_4_CLOCKS)
 151:.\Generated_Source\PSoC5/PWM_2_PM.c ****                     PWM_2_WriteDeadTime(PWM_2_backup.PWMdeadBandValue);
 152:.\Generated_Source\PSoC5/PWM_2_PM.c ****                 #endif /* deadband count is either 2-4 clocks or 256 clocks */
 153:.\Generated_Source\PSoC5/PWM_2_PM.c ****             
 154:.\Generated_Source\PSoC5/PWM_2_PM.c ****                 #if ( PWM_2_KillModeMinTime)
 155:.\Generated_Source\PSoC5/PWM_2_PM.c ****                     PWM_2_WriteKillTime(PWM_2_backup.PWMKillCounterPeriod);
 156:.\Generated_Source\PSoC5/PWM_2_PM.c ****                 #endif /* ( PWM_2_KillModeMinTime) */
 157:.\Generated_Source\PSoC5/PWM_2_PM.c ****             #endif /* (CY_UDB_V0) */
 158:.\Generated_Source\PSoC5/PWM_2_PM.c ****             
 159:.\Generated_Source\PSoC5/PWM_2_PM.c ****             #if (CY_UDB_V1)
 160:.\Generated_Source\PSoC5/PWM_2_PM.c ****                 #if(!PWM_2_PWMModeIsCenterAligned)
 161:.\Generated_Source\PSoC5/PWM_2_PM.c ****                     PWM_2_WritePeriod(PWM_2_backup.PWMPeriod);
 162:.\Generated_Source\PSoC5/PWM_2_PM.c ****                 #endif /* (!PWM_2_PWMModeIsCenterAligned) */
 163:.\Generated_Source\PSoC5/PWM_2_PM.c ****                 PWM_2_WriteCounter(PWM_2_backup.PWMUdb);
  87              		.loc 1 163 0
  88 0004 40F20003 		movw	r3, #:lower16:PWM_2_backup
  89 0008 C0F20003 		movt	r3, #:upper16:PWM_2_backup
  90 000c 5B78     		ldrb	r3, [r3, #1]	@ zero_extendqisi2
  91 000e 1846     		mov	r0, r3
  92 0010 FFF7FEFF 		bl	PWM_2_WriteCounter
 164:.\Generated_Source\PSoC5/PWM_2_PM.c ****                 #if (PWM_2_UseStatus)
 165:.\Generated_Source\PSoC5/PWM_2_PM.c ****                     PWM_2_STATUS_MASK = PWM_2_backup.InterruptMaskValue;
 166:.\Generated_Source\PSoC5/PWM_2_PM.c ****                 #endif /* (PWM_2_UseStatus) */
 167:.\Generated_Source\PSoC5/PWM_2_PM.c ****                 
 168:.\Generated_Source\PSoC5/PWM_2_PM.c ****                 #if(PWM_2_DeadBandMode == PWM_2__B_PWM__DBM_256_CLOCKS || \
 169:.\Generated_Source\PSoC5/PWM_2_PM.c ****                     PWM_2_DeadBandMode == PWM_2__B_PWM__DBM_2_4_CLOCKS)
 170:.\Generated_Source\PSoC5/PWM_2_PM.c ****                     PWM_2_WriteDeadTime(PWM_2_backup.PWMdeadBandValue);
 171:.\Generated_Source\PSoC5/PWM_2_PM.c ****                 #endif /* deadband count is either 2-4 clocks or 256 clocks */
 172:.\Generated_Source\PSoC5/PWM_2_PM.c ****                 
 173:.\Generated_Source\PSoC5/PWM_2_PM.c ****                 #if(PWM_2_KillModeMinTime)
 174:.\Generated_Source\PSoC5/PWM_2_PM.c ****                     PWM_2_WriteKillTime(PWM_2_backup.PWMKillCounterPeriod);
 175:.\Generated_Source\PSoC5/PWM_2_PM.c ****                 #endif /* (PWM_2_KillModeMinTime) */
 176:.\Generated_Source\PSoC5/PWM_2_PM.c ****             #endif /* (CY_UDB_V1) */
 177:.\Generated_Source\PSoC5/PWM_2_PM.c ****             
 178:.\Generated_Source\PSoC5/PWM_2_PM.c ****             #if(PWM_2_UseControl)
 179:.\Generated_Source\PSoC5/PWM_2_PM.c ****                 PWM_2_WriteControlRegister(PWM_2_backup.PWMControlRegister); 
  93              		.loc 1 179 0
  94 0014 40F20003 		movw	r3, #:lower16:PWM_2_backup
  95 0018 C0F20003 		movt	r3, #:upper16:PWM_2_backup
  96 001c 9B78     		ldrb	r3, [r3, #2]	@ zero_extendqisi2
  97 001e 1846     		mov	r0, r3
  98 0020 FFF7FEFF 		bl	PWM_2_WriteControlRegister
 180:.\Generated_Source\PSoC5/PWM_2_PM.c ****             #endif /* (PWM_2_UseControl) */
 181:.\Generated_Source\PSoC5/PWM_2_PM.c ****         #endif  /* (!PWM_2_UsingFixedFunction) */
 182:.\Generated_Source\PSoC5/PWM_2_PM.c ****     }
  99              		.loc 1 182 0
ARM GAS  C:\Users\karunmj\AppData\Local\Temp\ccepvkiC.s 			page 6


 100 0024 80BD     		pop	{r7, pc}
 101              		.cfi_endproc
 102              	.LFE1:
 103              		.size	PWM_2_RestoreConfig, .-PWM_2_RestoreConfig
 104 0026 00BF     		.section	.text.PWM_2_Sleep,"ax",%progbits
 105              		.align	2
 106              		.global	PWM_2_Sleep
 107              		.thumb
 108              		.thumb_func
 109              		.type	PWM_2_Sleep, %function
 110              	PWM_2_Sleep:
 111              	.LFB2:
 183:.\Generated_Source\PSoC5/PWM_2_PM.c **** 
 184:.\Generated_Source\PSoC5/PWM_2_PM.c **** 
 185:.\Generated_Source\PSoC5/PWM_2_PM.c **** /*******************************************************************************
 186:.\Generated_Source\PSoC5/PWM_2_PM.c **** * Function Name: PWM_2_Sleep
 187:.\Generated_Source\PSoC5/PWM_2_PM.c **** ********************************************************************************
 188:.\Generated_Source\PSoC5/PWM_2_PM.c **** * 
 189:.\Generated_Source\PSoC5/PWM_2_PM.c **** * Summary:
 190:.\Generated_Source\PSoC5/PWM_2_PM.c **** *  Disables block's operation and saves the user configuration. Should be called 
 191:.\Generated_Source\PSoC5/PWM_2_PM.c **** *  just prior to entering sleep.
 192:.\Generated_Source\PSoC5/PWM_2_PM.c **** *  
 193:.\Generated_Source\PSoC5/PWM_2_PM.c **** * Parameters:  
 194:.\Generated_Source\PSoC5/PWM_2_PM.c **** *  None
 195:.\Generated_Source\PSoC5/PWM_2_PM.c **** *
 196:.\Generated_Source\PSoC5/PWM_2_PM.c **** * Return: 
 197:.\Generated_Source\PSoC5/PWM_2_PM.c **** *  None
 198:.\Generated_Source\PSoC5/PWM_2_PM.c **** *
 199:.\Generated_Source\PSoC5/PWM_2_PM.c **** * Global variables:
 200:.\Generated_Source\PSoC5/PWM_2_PM.c **** *  PWM_2_backup.PWMEnableState:  Is modified depending on the enable 
 201:.\Generated_Source\PSoC5/PWM_2_PM.c **** *  state of the block before entering sleep mode.
 202:.\Generated_Source\PSoC5/PWM_2_PM.c **** *
 203:.\Generated_Source\PSoC5/PWM_2_PM.c **** *******************************************************************************/
 204:.\Generated_Source\PSoC5/PWM_2_PM.c **** void PWM_2_Sleep(void) 
 205:.\Generated_Source\PSoC5/PWM_2_PM.c **** {
 112              		.loc 1 205 0
 113              		.cfi_startproc
 114              		@ args = 0, pretend = 0, frame = 0
 115              		@ frame_needed = 1, uses_anonymous_args = 0
 116 0000 80B5     		push	{r7, lr}
 117              	.LCFI4:
 118              		.cfi_def_cfa_offset 8
 119 0002 00AF     		add	r7, sp, #0
 120              		.cfi_offset 14, -4
 121              		.cfi_offset 7, -8
 122              	.LCFI5:
 123              		.cfi_def_cfa_register 7
 206:.\Generated_Source\PSoC5/PWM_2_PM.c ****     #if(PWM_2_UseControl)
 207:.\Generated_Source\PSoC5/PWM_2_PM.c ****         if(PWM_2_CTRL_ENABLE == (PWM_2_CONTROL & PWM_2_CTRL_ENABLE))
 124              		.loc 1 207 0
 125 0004 46F27243 		movw	r3, #:lower16:1073767538
 126 0008 C4F20003 		movt	r3, #:upper16:1073767538
 127 000c 1B78     		ldrb	r3, [r3, #0]
 128 000e DBB2     		uxtb	r3, r3
 129 0010 5BB2     		sxtb	r3, r3
 130 0012 002B     		cmp	r3, #0
 131 0014 07DA     		bge	.L6
ARM GAS  C:\Users\karunmj\AppData\Local\Temp\ccepvkiC.s 			page 7


 208:.\Generated_Source\PSoC5/PWM_2_PM.c ****         {
 209:.\Generated_Source\PSoC5/PWM_2_PM.c ****             /*Component is enabled */
 210:.\Generated_Source\PSoC5/PWM_2_PM.c ****             PWM_2_backup.PWMEnableState = 1u;
 132              		.loc 1 210 0
 133 0016 40F20003 		movw	r3, #:lower16:PWM_2_backup
 134 001a C0F20003 		movt	r3, #:upper16:PWM_2_backup
 135 001e 4FF00102 		mov	r2, #1
 136 0022 1A70     		strb	r2, [r3, #0]
 137 0024 06E0     		b	.L7
 138              	.L6:
 211:.\Generated_Source\PSoC5/PWM_2_PM.c ****         }
 212:.\Generated_Source\PSoC5/PWM_2_PM.c ****         else
 213:.\Generated_Source\PSoC5/PWM_2_PM.c ****         {
 214:.\Generated_Source\PSoC5/PWM_2_PM.c ****             /* Component is disabled */
 215:.\Generated_Source\PSoC5/PWM_2_PM.c ****             PWM_2_backup.PWMEnableState = 0u;
 139              		.loc 1 215 0
 140 0026 40F20003 		movw	r3, #:lower16:PWM_2_backup
 141 002a C0F20003 		movt	r3, #:upper16:PWM_2_backup
 142 002e 4FF00002 		mov	r2, #0
 143 0032 1A70     		strb	r2, [r3, #0]
 144              	.L7:
 216:.\Generated_Source\PSoC5/PWM_2_PM.c ****         }
 217:.\Generated_Source\PSoC5/PWM_2_PM.c ****     #endif /* (PWM_2_UseControl) */
 218:.\Generated_Source\PSoC5/PWM_2_PM.c **** 
 219:.\Generated_Source\PSoC5/PWM_2_PM.c ****     /* Stop component */
 220:.\Generated_Source\PSoC5/PWM_2_PM.c ****     PWM_2_Stop();
 145              		.loc 1 220 0
 146 0034 FFF7FEFF 		bl	PWM_2_Stop
 221:.\Generated_Source\PSoC5/PWM_2_PM.c ****     
 222:.\Generated_Source\PSoC5/PWM_2_PM.c ****     /* Save registers configuration */
 223:.\Generated_Source\PSoC5/PWM_2_PM.c ****     PWM_2_SaveConfig();
 147              		.loc 1 223 0
 148 0038 FFF7FEFF 		bl	PWM_2_SaveConfig
 224:.\Generated_Source\PSoC5/PWM_2_PM.c **** }
 149              		.loc 1 224 0
 150 003c 80BD     		pop	{r7, pc}
 151              		.cfi_endproc
 152              	.LFE2:
 153              		.size	PWM_2_Sleep, .-PWM_2_Sleep
 154 003e 00BF     		.section	.text.PWM_2_Wakeup,"ax",%progbits
 155              		.align	2
 156              		.global	PWM_2_Wakeup
 157              		.thumb
 158              		.thumb_func
 159              		.type	PWM_2_Wakeup, %function
 160              	PWM_2_Wakeup:
 161              	.LFB3:
 225:.\Generated_Source\PSoC5/PWM_2_PM.c **** 
 226:.\Generated_Source\PSoC5/PWM_2_PM.c **** 
 227:.\Generated_Source\PSoC5/PWM_2_PM.c **** /*******************************************************************************
 228:.\Generated_Source\PSoC5/PWM_2_PM.c **** * Function Name: PWM_2_Wakeup
 229:.\Generated_Source\PSoC5/PWM_2_PM.c **** ********************************************************************************
 230:.\Generated_Source\PSoC5/PWM_2_PM.c **** * 
 231:.\Generated_Source\PSoC5/PWM_2_PM.c **** * Summary:
 232:.\Generated_Source\PSoC5/PWM_2_PM.c **** *  Restores and enables the user configuration. Should be called just after 
 233:.\Generated_Source\PSoC5/PWM_2_PM.c **** *  awaking from sleep.
 234:.\Generated_Source\PSoC5/PWM_2_PM.c **** *  
ARM GAS  C:\Users\karunmj\AppData\Local\Temp\ccepvkiC.s 			page 8


 235:.\Generated_Source\PSoC5/PWM_2_PM.c **** * Parameters:  
 236:.\Generated_Source\PSoC5/PWM_2_PM.c **** *  None
 237:.\Generated_Source\PSoC5/PWM_2_PM.c **** *
 238:.\Generated_Source\PSoC5/PWM_2_PM.c **** * Return: 
 239:.\Generated_Source\PSoC5/PWM_2_PM.c **** *  None
 240:.\Generated_Source\PSoC5/PWM_2_PM.c **** *
 241:.\Generated_Source\PSoC5/PWM_2_PM.c **** * Global variables:
 242:.\Generated_Source\PSoC5/PWM_2_PM.c **** *  PWM_2_backup.pwmEnable:  Is used to restore the enable state of 
 243:.\Generated_Source\PSoC5/PWM_2_PM.c **** *  block on wakeup from sleep mode.
 244:.\Generated_Source\PSoC5/PWM_2_PM.c **** *
 245:.\Generated_Source\PSoC5/PWM_2_PM.c **** *******************************************************************************/
 246:.\Generated_Source\PSoC5/PWM_2_PM.c **** void PWM_2_Wakeup(void) 
 247:.\Generated_Source\PSoC5/PWM_2_PM.c **** {
 162              		.loc 1 247 0
 163              		.cfi_startproc
 164              		@ args = 0, pretend = 0, frame = 0
 165              		@ frame_needed = 1, uses_anonymous_args = 0
 166 0000 80B5     		push	{r7, lr}
 167              	.LCFI6:
 168              		.cfi_def_cfa_offset 8
 169 0002 00AF     		add	r7, sp, #0
 170              		.cfi_offset 14, -4
 171              		.cfi_offset 7, -8
 172              	.LCFI7:
 173              		.cfi_def_cfa_register 7
 248:.\Generated_Source\PSoC5/PWM_2_PM.c ****      /* Restore registers values */
 249:.\Generated_Source\PSoC5/PWM_2_PM.c ****     PWM_2_RestoreConfig();
 174              		.loc 1 249 0
 175 0004 FFF7FEFF 		bl	PWM_2_RestoreConfig
 250:.\Generated_Source\PSoC5/PWM_2_PM.c ****     
 251:.\Generated_Source\PSoC5/PWM_2_PM.c ****     if(PWM_2_backup.PWMEnableState != 0u)
 176              		.loc 1 251 0
 177 0008 40F20003 		movw	r3, #:lower16:PWM_2_backup
 178 000c C0F20003 		movt	r3, #:upper16:PWM_2_backup
 179 0010 1B78     		ldrb	r3, [r3, #0]	@ zero_extendqisi2
 180 0012 002B     		cmp	r3, #0
 181 0014 01D0     		beq	.L11
 252:.\Generated_Source\PSoC5/PWM_2_PM.c ****     {
 253:.\Generated_Source\PSoC5/PWM_2_PM.c ****         /* Enable component's operation */
 254:.\Generated_Source\PSoC5/PWM_2_PM.c ****         PWM_2_Enable();
 182              		.loc 1 254 0
 183 0016 FFF7FEFF 		bl	PWM_2_Enable
 184              	.L11:
 255:.\Generated_Source\PSoC5/PWM_2_PM.c ****     } /* Do nothing if component's block was disabled before */
 256:.\Generated_Source\PSoC5/PWM_2_PM.c ****     
 257:.\Generated_Source\PSoC5/PWM_2_PM.c **** }
 185              		.loc 1 257 0
 186 001a 80BD     		pop	{r7, pc}
 187              		.cfi_endproc
 188              	.LFE3:
 189              		.size	PWM_2_Wakeup, .-PWM_2_Wakeup
 190              		.text
 191              	.Letext0:
 192              		.section	.debug_loc,"",%progbits
 193              	.Ldebug_loc0:
 194              	.LLST0:
 195 0000 00000000 		.4byte	.LFB0
ARM GAS  C:\Users\karunmj\AppData\Local\Temp\ccepvkiC.s 			page 9


 196 0004 02000000 		.4byte	.LCFI0
 197 0008 0100     		.2byte	0x1
 198 000a 5D       		.byte	0x5d
 199 000b 02000000 		.4byte	.LCFI0
 200 000f 04000000 		.4byte	.LCFI1
 201 0013 0200     		.2byte	0x2
 202 0015 7D       		.byte	0x7d
 203 0016 08       		.sleb128 8
 204 0017 04000000 		.4byte	.LCFI1
 205 001b 2A000000 		.4byte	.LFE0
 206 001f 0200     		.2byte	0x2
 207 0021 77       		.byte	0x77
 208 0022 08       		.sleb128 8
 209 0023 00000000 		.4byte	0x0
 210 0027 00000000 		.4byte	0x0
 211              	.LLST1:
 212 002b 00000000 		.4byte	.LFB1
 213 002f 02000000 		.4byte	.LCFI2
 214 0033 0100     		.2byte	0x1
 215 0035 5D       		.byte	0x5d
 216 0036 02000000 		.4byte	.LCFI2
 217 003a 04000000 		.4byte	.LCFI3
 218 003e 0200     		.2byte	0x2
 219 0040 7D       		.byte	0x7d
 220 0041 08       		.sleb128 8
 221 0042 04000000 		.4byte	.LCFI3
 222 0046 26000000 		.4byte	.LFE1
 223 004a 0200     		.2byte	0x2
 224 004c 77       		.byte	0x77
 225 004d 08       		.sleb128 8
 226 004e 00000000 		.4byte	0x0
 227 0052 00000000 		.4byte	0x0
 228              	.LLST2:
 229 0056 00000000 		.4byte	.LFB2
 230 005a 02000000 		.4byte	.LCFI4
 231 005e 0100     		.2byte	0x1
 232 0060 5D       		.byte	0x5d
 233 0061 02000000 		.4byte	.LCFI4
 234 0065 04000000 		.4byte	.LCFI5
 235 0069 0200     		.2byte	0x2
 236 006b 7D       		.byte	0x7d
 237 006c 08       		.sleb128 8
 238 006d 04000000 		.4byte	.LCFI5
 239 0071 3E000000 		.4byte	.LFE2
 240 0075 0200     		.2byte	0x2
 241 0077 77       		.byte	0x77
 242 0078 08       		.sleb128 8
 243 0079 00000000 		.4byte	0x0
 244 007d 00000000 		.4byte	0x0
 245              	.LLST3:
 246 0081 00000000 		.4byte	.LFB3
 247 0085 02000000 		.4byte	.LCFI6
 248 0089 0100     		.2byte	0x1
 249 008b 5D       		.byte	0x5d
 250 008c 02000000 		.4byte	.LCFI6
 251 0090 04000000 		.4byte	.LCFI7
 252 0094 0200     		.2byte	0x2
ARM GAS  C:\Users\karunmj\AppData\Local\Temp\ccepvkiC.s 			page 10


 253 0096 7D       		.byte	0x7d
 254 0097 08       		.sleb128 8
 255 0098 04000000 		.4byte	.LCFI7
 256 009c 1C000000 		.4byte	.LFE3
 257 00a0 0200     		.2byte	0x2
 258 00a2 77       		.byte	0x77
 259 00a3 08       		.sleb128 8
 260 00a4 00000000 		.4byte	0x0
 261 00a8 00000000 		.4byte	0x0
 262              		.file 2 ".\\Generated_Source\\PSoC5\\/PWM_2.h"
 263              		.file 3 ".\\Generated_Source\\PSoC5\\/cytypes.h"
 264              		.section	.debug_info
 265 0000 32010000 		.4byte	0x132
 266 0004 0200     		.2byte	0x2
 267 0006 00000000 		.4byte	.Ldebug_abbrev0
 268 000a 04       		.byte	0x4
 269 000b 01       		.uleb128 0x1
 270 000c E8000000 		.4byte	.LASF21
 271 0010 01       		.byte	0x1
 272 0011 6B010000 		.4byte	.LASF22
 273 0015 0E000000 		.4byte	.LASF23
 274 0019 00000000 		.4byte	0x0
 275 001d 00000000 		.4byte	0x0
 276 0021 00000000 		.4byte	.Ldebug_ranges0+0x0
 277 0025 00000000 		.4byte	.Ldebug_line0
 278 0029 02       		.uleb128 0x2
 279 002a 01       		.byte	0x1
 280 002b 06       		.byte	0x6
 281 002c 5F010000 		.4byte	.LASF0
 282 0030 02       		.uleb128 0x2
 283 0031 01       		.byte	0x1
 284 0032 08       		.byte	0x8
 285 0033 F4000000 		.4byte	.LASF1
 286 0037 02       		.uleb128 0x2
 287 0038 02       		.byte	0x2
 288 0039 05       		.byte	0x5
 289 003a 95010000 		.4byte	.LASF2
 290 003e 02       		.uleb128 0x2
 291 003f 02       		.byte	0x2
 292 0040 07       		.byte	0x7
 293 0041 4C010000 		.4byte	.LASF3
 294 0045 02       		.uleb128 0x2
 295 0046 04       		.byte	0x4
 296 0047 05       		.byte	0x5
 297 0048 1C010000 		.4byte	.LASF4
 298 004c 02       		.uleb128 0x2
 299 004d 04       		.byte	0x4
 300 004e 07       		.byte	0x7
 301 004f B2000000 		.4byte	.LASF5
 302 0053 02       		.uleb128 0x2
 303 0054 08       		.byte	0x8
 304 0055 05       		.byte	0x5
 305 0056 00000000 		.4byte	.LASF6
 306 005a 02       		.uleb128 0x2
 307 005b 08       		.byte	0x8
 308 005c 07       		.byte	0x7
 309 005d D1000000 		.4byte	.LASF7
ARM GAS  C:\Users\karunmj\AppData\Local\Temp\ccepvkiC.s 			page 11


 310 0061 03       		.uleb128 0x3
 311 0062 04       		.byte	0x4
 312 0063 05       		.byte	0x5
 313 0064 696E7400 		.ascii	"int\000"
 314 0068 02       		.uleb128 0x2
 315 0069 04       		.byte	0x4
 316 006a 07       		.byte	0x7
 317 006b 5F000000 		.4byte	.LASF8
 318 006f 04       		.uleb128 0x4
 319 0070 AC000000 		.4byte	.LASF15
 320 0074 03       		.byte	0x3
 321 0075 4C       		.byte	0x4c
 322 0076 30000000 		.4byte	0x30
 323 007a 02       		.uleb128 0x2
 324 007b 04       		.byte	0x4
 325 007c 04       		.byte	0x4
 326 007d 8F010000 		.4byte	.LASF9
 327 0081 02       		.uleb128 0x2
 328 0082 08       		.byte	0x8
 329 0083 04       		.byte	0x4
 330 0084 25010000 		.4byte	.LASF10
 331 0088 02       		.uleb128 0x2
 332 0089 01       		.byte	0x1
 333 008a 08       		.byte	0x8
 334 008b 9F010000 		.4byte	.LASF11
 335 008f 05       		.uleb128 0x5
 336 0090 04       		.byte	0x4
 337 0091 07       		.byte	0x7
 338 0092 06       		.uleb128 0x6
 339 0093 03       		.byte	0x3
 340 0094 02       		.byte	0x2
 341 0095 69       		.byte	0x69
 342 0096 C5000000 		.4byte	0xc5
 343 009a 07       		.uleb128 0x7
 344 009b 6C000000 		.4byte	.LASF12
 345 009f 02       		.byte	0x2
 346 00a0 6B       		.byte	0x6b
 347 00a1 6F000000 		.4byte	0x6f
 348 00a5 02       		.byte	0x2
 349 00a6 23       		.byte	0x23
 350 00a7 00       		.uleb128 0x0
 351 00a8 07       		.uleb128 0x7
 352 00a9 02010000 		.4byte	.LASF13
 353 00ad 02       		.byte	0x2
 354 00ae 89       		.byte	0x89
 355 00af 6F000000 		.4byte	0x6f
 356 00b3 02       		.byte	0x2
 357 00b4 23       		.byte	0x23
 358 00b5 01       		.uleb128 0x1
 359 00b6 07       		.uleb128 0x7
 360 00b7 09010000 		.4byte	.LASF14
 361 00bb 02       		.byte	0x2
 362 00bc 9F       		.byte	0x9f
 363 00bd 6F000000 		.4byte	0x6f
 364 00c1 02       		.byte	0x2
 365 00c2 23       		.byte	0x23
 366 00c3 02       		.uleb128 0x2
ARM GAS  C:\Users\karunmj\AppData\Local\Temp\ccepvkiC.s 			page 12


 367 00c4 00       		.byte	0x0
 368 00c5 04       		.uleb128 0x4
 369 00c6 2C010000 		.4byte	.LASF16
 370 00ca 02       		.byte	0x2
 371 00cb A4       		.byte	0xa4
 372 00cc 92000000 		.4byte	0x92
 373 00d0 08       		.uleb128 0x8
 374 00d1 01       		.byte	0x1
 375 00d2 87000000 		.4byte	.LASF17
 376 00d6 01       		.byte	0x1
 377 00d7 2A       		.byte	0x2a
 378 00d8 01       		.byte	0x1
 379 00d9 00000000 		.4byte	.LFB0
 380 00dd 2A000000 		.4byte	.LFE0
 381 00e1 00000000 		.4byte	.LLST0
 382 00e5 08       		.uleb128 0x8
 383 00e6 01       		.byte	0x1
 384 00e7 98000000 		.4byte	.LASF18
 385 00eb 01       		.byte	0x1
 386 00ec 71       		.byte	0x71
 387 00ed 01       		.byte	0x1
 388 00ee 00000000 		.4byte	.LFB1
 389 00f2 26000000 		.4byte	.LFE1
 390 00f6 2B000000 		.4byte	.LLST1
 391 00fa 08       		.uleb128 0x8
 392 00fb 01       		.byte	0x1
 393 00fc 7B000000 		.4byte	.LASF19
 394 0100 01       		.byte	0x1
 395 0101 CC       		.byte	0xcc
 396 0102 01       		.byte	0x1
 397 0103 00000000 		.4byte	.LFB2
 398 0107 3E000000 		.4byte	.LFE2
 399 010b 56000000 		.4byte	.LLST2
 400 010f 08       		.uleb128 0x8
 401 0110 01       		.byte	0x1
 402 0111 3F010000 		.4byte	.LASF20
 403 0115 01       		.byte	0x1
 404 0116 F6       		.byte	0xf6
 405 0117 01       		.byte	0x1
 406 0118 00000000 		.4byte	.LFB3
 407 011c 1C000000 		.4byte	.LFE3
 408 0120 81000000 		.4byte	.LLST3
 409 0124 09       		.uleb128 0x9
 410 0125 C4000000 		.4byte	.LASF24
 411 0129 01       		.byte	0x1
 412 012a 14       		.byte	0x14
 413 012b C5000000 		.4byte	0xc5
 414 012f 05       		.byte	0x5
 415 0130 03       		.byte	0x3
 416 0131 00000000 		.4byte	PWM_2_backup
 417 0135 00       		.byte	0x0
 418              		.section	.debug_abbrev
 419 0000 01       		.uleb128 0x1
 420 0001 11       		.uleb128 0x11
 421 0002 01       		.byte	0x1
 422 0003 25       		.uleb128 0x25
 423 0004 0E       		.uleb128 0xe
ARM GAS  C:\Users\karunmj\AppData\Local\Temp\ccepvkiC.s 			page 13


 424 0005 13       		.uleb128 0x13
 425 0006 0B       		.uleb128 0xb
 426 0007 03       		.uleb128 0x3
 427 0008 0E       		.uleb128 0xe
 428 0009 1B       		.uleb128 0x1b
 429 000a 0E       		.uleb128 0xe
 430 000b 11       		.uleb128 0x11
 431 000c 01       		.uleb128 0x1
 432 000d 52       		.uleb128 0x52
 433 000e 01       		.uleb128 0x1
 434 000f 55       		.uleb128 0x55
 435 0010 06       		.uleb128 0x6
 436 0011 10       		.uleb128 0x10
 437 0012 06       		.uleb128 0x6
 438 0013 00       		.byte	0x0
 439 0014 00       		.byte	0x0
 440 0015 02       		.uleb128 0x2
 441 0016 24       		.uleb128 0x24
 442 0017 00       		.byte	0x0
 443 0018 0B       		.uleb128 0xb
 444 0019 0B       		.uleb128 0xb
 445 001a 3E       		.uleb128 0x3e
 446 001b 0B       		.uleb128 0xb
 447 001c 03       		.uleb128 0x3
 448 001d 0E       		.uleb128 0xe
 449 001e 00       		.byte	0x0
 450 001f 00       		.byte	0x0
 451 0020 03       		.uleb128 0x3
 452 0021 24       		.uleb128 0x24
 453 0022 00       		.byte	0x0
 454 0023 0B       		.uleb128 0xb
 455 0024 0B       		.uleb128 0xb
 456 0025 3E       		.uleb128 0x3e
 457 0026 0B       		.uleb128 0xb
 458 0027 03       		.uleb128 0x3
 459 0028 08       		.uleb128 0x8
 460 0029 00       		.byte	0x0
 461 002a 00       		.byte	0x0
 462 002b 04       		.uleb128 0x4
 463 002c 16       		.uleb128 0x16
 464 002d 00       		.byte	0x0
 465 002e 03       		.uleb128 0x3
 466 002f 0E       		.uleb128 0xe
 467 0030 3A       		.uleb128 0x3a
 468 0031 0B       		.uleb128 0xb
 469 0032 3B       		.uleb128 0x3b
 470 0033 0B       		.uleb128 0xb
 471 0034 49       		.uleb128 0x49
 472 0035 13       		.uleb128 0x13
 473 0036 00       		.byte	0x0
 474 0037 00       		.byte	0x0
 475 0038 05       		.uleb128 0x5
 476 0039 24       		.uleb128 0x24
 477 003a 00       		.byte	0x0
 478 003b 0B       		.uleb128 0xb
 479 003c 0B       		.uleb128 0xb
 480 003d 3E       		.uleb128 0x3e
ARM GAS  C:\Users\karunmj\AppData\Local\Temp\ccepvkiC.s 			page 14


 481 003e 0B       		.uleb128 0xb
 482 003f 00       		.byte	0x0
 483 0040 00       		.byte	0x0
 484 0041 06       		.uleb128 0x6
 485 0042 13       		.uleb128 0x13
 486 0043 01       		.byte	0x1
 487 0044 0B       		.uleb128 0xb
 488 0045 0B       		.uleb128 0xb
 489 0046 3A       		.uleb128 0x3a
 490 0047 0B       		.uleb128 0xb
 491 0048 3B       		.uleb128 0x3b
 492 0049 0B       		.uleb128 0xb
 493 004a 01       		.uleb128 0x1
 494 004b 13       		.uleb128 0x13
 495 004c 00       		.byte	0x0
 496 004d 00       		.byte	0x0
 497 004e 07       		.uleb128 0x7
 498 004f 0D       		.uleb128 0xd
 499 0050 00       		.byte	0x0
 500 0051 03       		.uleb128 0x3
 501 0052 0E       		.uleb128 0xe
 502 0053 3A       		.uleb128 0x3a
 503 0054 0B       		.uleb128 0xb
 504 0055 3B       		.uleb128 0x3b
 505 0056 0B       		.uleb128 0xb
 506 0057 49       		.uleb128 0x49
 507 0058 13       		.uleb128 0x13
 508 0059 38       		.uleb128 0x38
 509 005a 0A       		.uleb128 0xa
 510 005b 00       		.byte	0x0
 511 005c 00       		.byte	0x0
 512 005d 08       		.uleb128 0x8
 513 005e 2E       		.uleb128 0x2e
 514 005f 00       		.byte	0x0
 515 0060 3F       		.uleb128 0x3f
 516 0061 0C       		.uleb128 0xc
 517 0062 03       		.uleb128 0x3
 518 0063 0E       		.uleb128 0xe
 519 0064 3A       		.uleb128 0x3a
 520 0065 0B       		.uleb128 0xb
 521 0066 3B       		.uleb128 0x3b
 522 0067 0B       		.uleb128 0xb
 523 0068 27       		.uleb128 0x27
 524 0069 0C       		.uleb128 0xc
 525 006a 11       		.uleb128 0x11
 526 006b 01       		.uleb128 0x1
 527 006c 12       		.uleb128 0x12
 528 006d 01       		.uleb128 0x1
 529 006e 40       		.uleb128 0x40
 530 006f 06       		.uleb128 0x6
 531 0070 00       		.byte	0x0
 532 0071 00       		.byte	0x0
 533 0072 09       		.uleb128 0x9
 534 0073 34       		.uleb128 0x34
 535 0074 00       		.byte	0x0
 536 0075 03       		.uleb128 0x3
 537 0076 0E       		.uleb128 0xe
ARM GAS  C:\Users\karunmj\AppData\Local\Temp\ccepvkiC.s 			page 15


 538 0077 3A       		.uleb128 0x3a
 539 0078 0B       		.uleb128 0xb
 540 0079 3B       		.uleb128 0x3b
 541 007a 0B       		.uleb128 0xb
 542 007b 49       		.uleb128 0x49
 543 007c 13       		.uleb128 0x13
 544 007d 02       		.uleb128 0x2
 545 007e 0A       		.uleb128 0xa
 546 007f 00       		.byte	0x0
 547 0080 00       		.byte	0x0
 548 0081 00       		.byte	0x0
 549              		.section	.debug_pubnames,"",%progbits
 550 0000 5C000000 		.4byte	0x5c
 551 0004 0200     		.2byte	0x2
 552 0006 00000000 		.4byte	.Ldebug_info0
 553 000a 36010000 		.4byte	0x136
 554 000e D0000000 		.4byte	0xd0
 555 0012 50574D5F 		.ascii	"PWM_2_SaveConfig\000"
 555      325F5361 
 555      7665436F 
 555      6E666967 
 555      00
 556 0023 E5000000 		.4byte	0xe5
 557 0027 50574D5F 		.ascii	"PWM_2_RestoreConfig\000"
 557      325F5265 
 557      73746F72 
 557      65436F6E 
 557      66696700 
 558 003b FA000000 		.4byte	0xfa
 559 003f 50574D5F 		.ascii	"PWM_2_Sleep\000"
 559      325F536C 
 559      65657000 
 560 004b 0F010000 		.4byte	0x10f
 561 004f 50574D5F 		.ascii	"PWM_2_Wakeup\000"
 561      325F5761 
 561      6B657570 
 561      00
 562 005c 00000000 		.4byte	0x0
 563              		.section	.debug_aranges,"",%progbits
 564 0000 34000000 		.4byte	0x34
 565 0004 0200     		.2byte	0x2
 566 0006 00000000 		.4byte	.Ldebug_info0
 567 000a 04       		.byte	0x4
 568 000b 00       		.byte	0x0
 569 000c 0000     		.2byte	0x0
 570 000e 0000     		.2byte	0x0
 571 0010 00000000 		.4byte	.LFB0
 572 0014 2A000000 		.4byte	.LFE0-.LFB0
 573 0018 00000000 		.4byte	.LFB1
 574 001c 26000000 		.4byte	.LFE1-.LFB1
 575 0020 00000000 		.4byte	.LFB2
 576 0024 3E000000 		.4byte	.LFE2-.LFB2
 577 0028 00000000 		.4byte	.LFB3
 578 002c 1C000000 		.4byte	.LFE3-.LFB3
 579 0030 00000000 		.4byte	0x0
 580 0034 00000000 		.4byte	0x0
 581              		.section	.debug_ranges,"",%progbits
ARM GAS  C:\Users\karunmj\AppData\Local\Temp\ccepvkiC.s 			page 16


 582              	.Ldebug_ranges0:
 583 0000 00000000 		.4byte	.Ltext0
 584 0004 00000000 		.4byte	.Letext0
 585 0008 00000000 		.4byte	.LFB0
 586 000c 2A000000 		.4byte	.LFE0
 587 0010 00000000 		.4byte	.LFB1
 588 0014 26000000 		.4byte	.LFE1
 589 0018 00000000 		.4byte	.LFB2
 590 001c 3E000000 		.4byte	.LFE2
 591 0020 00000000 		.4byte	.LFB3
 592 0024 1C000000 		.4byte	.LFE3
 593 0028 00000000 		.4byte	0x0
 594 002c 00000000 		.4byte	0x0
 595              		.section	.debug_str,"MS",%progbits,1
 596              	.LASF6:
 597 0000 6C6F6E67 		.ascii	"long long int\000"
 597      206C6F6E 
 597      6720696E 
 597      7400
 598              	.LASF23:
 599 000e 433A5C55 		.ascii	"C:\\Users\\karunmj\\Documents\\GitHub\\m2m\\hardwar"
 599      73657273 
 599      5C6B6172 
 599      756E6D6A 
 599      5C446F63 
 600 003b 655C7073 		.ascii	"e\\psoc5\\Campbell_Conductivity.cydsn\000"
 600      6F63355C 
 600      43616D70 
 600      62656C6C 
 600      5F436F6E 
 601              	.LASF8:
 602 005f 756E7369 		.ascii	"unsigned int\000"
 602      676E6564 
 602      20696E74 
 602      00
 603              	.LASF12:
 604 006c 50574D45 		.ascii	"PWMEnableState\000"
 604      6E61626C 
 604      65537461 
 604      746500
 605              	.LASF19:
 606 007b 50574D5F 		.ascii	"PWM_2_Sleep\000"
 606      325F536C 
 606      65657000 
 607              	.LASF17:
 608 0087 50574D5F 		.ascii	"PWM_2_SaveConfig\000"
 608      325F5361 
 608      7665436F 
 608      6E666967 
 608      00
 609              	.LASF18:
 610 0098 50574D5F 		.ascii	"PWM_2_RestoreConfig\000"
 610      325F5265 
 610      73746F72 
 610      65436F6E 
 610      66696700 
 611              	.LASF15:
ARM GAS  C:\Users\karunmj\AppData\Local\Temp\ccepvkiC.s 			page 17


 612 00ac 75696E74 		.ascii	"uint8\000"
 612      3800
 613              	.LASF5:
 614 00b2 6C6F6E67 		.ascii	"long unsigned int\000"
 614      20756E73 
 614      69676E65 
 614      6420696E 
 614      7400
 615              	.LASF24:
 616 00c4 50574D5F 		.ascii	"PWM_2_backup\000"
 616      325F6261 
 616      636B7570 
 616      00
 617              	.LASF7:
 618 00d1 6C6F6E67 		.ascii	"long long unsigned int\000"
 618      206C6F6E 
 618      6720756E 
 618      7369676E 
 618      65642069 
 619              	.LASF21:
 620 00e8 474E5520 		.ascii	"GNU C 4.4.1\000"
 620      4320342E 
 620      342E3100 
 621              	.LASF1:
 622 00f4 756E7369 		.ascii	"unsigned char\000"
 622      676E6564 
 622      20636861 
 622      7200
 623              	.LASF13:
 624 0102 50574D55 		.ascii	"PWMUdb\000"
 624      646200
 625              	.LASF14:
 626 0109 50574D43 		.ascii	"PWMControlRegister\000"
 626      6F6E7472 
 626      6F6C5265 
 626      67697374 
 626      657200
 627              	.LASF4:
 628 011c 6C6F6E67 		.ascii	"long int\000"
 628      20696E74 
 628      00
 629              	.LASF10:
 630 0125 646F7562 		.ascii	"double\000"
 630      6C6500
 631              	.LASF16:
 632 012c 50574D5F 		.ascii	"PWM_2_backupStruct\000"
 632      325F6261 
 632      636B7570 
 632      53747275 
 632      637400
 633              	.LASF20:
 634 013f 50574D5F 		.ascii	"PWM_2_Wakeup\000"
 634      325F5761 
 634      6B657570 
 634      00
 635              	.LASF3:
 636 014c 73686F72 		.ascii	"short unsigned int\000"
ARM GAS  C:\Users\karunmj\AppData\Local\Temp\ccepvkiC.s 			page 18


 636      7420756E 
 636      7369676E 
 636      65642069 
 636      6E7400
 637              	.LASF0:
 638 015f 7369676E 		.ascii	"signed char\000"
 638      65642063 
 638      68617200 
 639              	.LASF22:
 640 016b 2E5C4765 		.ascii	".\\Generated_Source\\PSoC5\\PWM_2_PM.c\000"
 640      6E657261 
 640      7465645F 
 640      536F7572 
 640      63655C50 
 641              	.LASF9:
 642 018f 666C6F61 		.ascii	"float\000"
 642      7400
 643              	.LASF2:
 644 0195 73686F72 		.ascii	"short int\000"
 644      7420696E 
 644      7400
 645              	.LASF11:
 646 019f 63686172 		.ascii	"char\000"
 646      00
 647              		.ident	"GCC: (Sourcery G++ Lite 2010q1-188) 4.4.1"
