#***************************************************************************

#sjplacer

#Version:            1.1

#Build Date:         Mar 26 2013 11:48:29

#File Generated:     Jun 2 2014 00:21:46

#Purpose:            

#Copyright (C) 2010-2011 by Softjin Technologies Pvt Ltd. All rights reserved.

#***************************************************************************

Executing : C:\Program Files (x86)\Cypress\PSoC Creator\2.2\PSoC Creator\bin/sjplacer.exe --proj-name PSoC_Datalogger_SMS --netlist-vh2 PSoC_Datalogger_SMS_p.vh2 --arch-file C:\Program Files (x86)\Cypress\PSoC Creator\2.2\PSoC Creator\dev/psoc3/psoc35_placer.ark --rrg-file C:\Program Files (x86)\Cypress\PSoC Creator\2.2\PSoC Creator\dev/psoc5/psoc5lp/route_arch-rrg.cydata --irq-file C:\Program Files (x86)\Cypress\PSoC Creator\2.2\PSoC Creator\dev/psoc5/psoc5lp/psoc5_lp_irqconn.cydata --drq-file C:\Program Files (x86)\Cypress\PSoC Creator\2.2\PSoC Creator\dev/psoc5/psoc5lp/psoc5_lp_dmaconn.cydata --dsi-conn-file C:\Program Files (x86)\Cypress\PSoC Creator\2.2\PSoC Creator\dev/psoc5/psoc5lp/psoc5_lp_dsiconn.cydata --pins-file PSoC5_PSoC5LP_100-TQFP.xml --lib-file PSoC_Datalogger_SMS_p.lib --sdc-file PSoC_Datalogger_SMS.sdc --io-pcf PSoC_Datalogger_SMS.pci --outdir .

		Softjin Techologies Placer, Version 1.1

Build Date : Mar 26 2013	11:50:26

D2004: Option and Settings Summary
=============================================================
Netlist vh2 file          - PSoC_Datalogger_SMS_p.vh2
Architecture file         - C:\Program Files (x86)\Cypress\PSoC Creator\2.2\PSoC Creator\dev/psoc3/psoc35_placer.ark
Package                   - 
Defparam file             - 
SDC file                  - PSoC_Datalogger_SMS.sdc
Output directory          - .
Timing library            - PSoC_Datalogger_SMS_p.lib
IO Placement file         - PSoC_Datalogger_SMS.pci

D2050: Starting reading inputs for placer
=============================================================
D2065: Reading netlist file : "PSoC_Datalogger_SMS_p.vh2"
D2065: Reading arch file : "C:\Program Files (x86)\Cypress\PSoC Creator\2.2\PSoC Creator\dev/psoc3/psoc35_placer.ark"
D2051: Reading of inputs for placer completed successfully

D2053: Starting placement of the design
=============================================================

Phase 2
Phase 3

Design Statistics after Packing
    Number of Combinational MCs 	:	48
    Number of Sequential MCs    	:	92
    Number of DPs               	:	13
    Number of Controls          	:	8
    Number of Status            	:	11
    Number of SyncCells         	:	0
    Number of count7cells       	:	5

Device Utilization Summary after Packing
    Macrocells                  :	140/192
    UDBS                        :	24/24
    IOs                         :	37/72


D2088: Phase 3, elapsed time : 0.0 (sec)

Phase 4
D2088: Phase 4, elapsed time : 0.0 (sec)

Phase 5
D2088: Phase 5, elapsed time : 0.0 (sec)

Phase 6

######################################################################
Placement Timing Summary

The timing summary is based on estimated routing delays after
placement. For final timing report, please carry out the timing
analysis after routing.
======================================================================

######################################################################
                     Clock Summary 
======================================================================
Number of clocks: 15
Clock: ADC_SAR_1_theACLK    | Frequency: N/A       | Target:  12.0 MHz
Clock: ADC_SAR_1_theACLK(fixed-function) | Frequency: N/A       | Target:  12.0 MHz
Clock: CyBUS_CLK            | Frequency:  46.7 MHz | Target:  24.0 MHz
Clock: CyBUS_CLK(fixed-function) | Frequency: N/A       | Target:  24.0 MHz
Clock: CyILO                | Frequency: 123.4 MHz | Target:   0.0 MHz
Clock: CyIMO                | Frequency: N/A       | Target:   3.0 MHz
Clock: CyMASTER_CLK         | Frequency:  99.1 MHz | Target:  24.0 MHz
Clock: CyPLL_OUT            | Frequency: N/A       | Target:  24.0 MHz
Clock: NEOMOTE_1_UART_MOTE_IntClock | Frequency:  38.2 MHz | Target:   0.9 MHz
Clock: SlowClock            | Frequency:  86.0 MHz | Target:   0.0 MHz
Clock: SlowClock_1          | Frequency:  87.9 MHz | Target:   0.0 MHz
Clock: emFile_1_Clock_1     | Frequency:  44.5 MHz | Target:  24.0 MHz
Clock: uart_IntClock        | Frequency:  41.7 MHz | Target:   0.9 MHz
Clock: uart_solinst_IntClock | Frequency:  32.4 MHz | Target:   0.1 MHz
Clock: uart_ultrasonic_IntClock | Frequency:  41.7 MHz | Target:   0.1 MHz

======================================================================
                     End of Clock Summary
######################################################################

D2088: Phase 6, elapsed time : 0.2 (sec)

Phase 7
######################################################################
                     Clock Summary 
======================================================================
Number of clocks: 15
Clock: ADC_SAR_1_theACLK    | Frequency: N/A       | Target:  12.0 MHz
Clock: ADC_SAR_1_theACLK(fixed-function) | Frequency: N/A       | Target:  12.0 MHz
Clock: CyBUS_CLK            | Frequency:   1.4 MHz | Target:  24.0 MHz
Clock: CyBUS_CLK(fixed-function) | Frequency: N/A       | Target:  24.0 MHz
Clock: CyILO                | Frequency: 123.4 MHz | Target:   0.0 MHz
Clock: CyIMO                | Frequency: N/A       | Target:   3.0 MHz
Clock: CyMASTER_CLK         | Frequency: 107.9 MHz | Target:  24.0 MHz
Clock: CyPLL_OUT            | Frequency: N/A       | Target:  24.0 MHz
Clock: NEOMOTE_1_UART_MOTE_IntClock | Frequency:  36.7 MHz | Target:   0.9 MHz
Clock: SlowClock            | Frequency:   2.3 MHz | Target:   0.0 MHz
Clock: SlowClock_1          | Frequency:   2.3 MHz | Target:   0.0 MHz
Clock: emFile_1_Clock_1     | Frequency:  40.1 MHz | Target:  24.0 MHz
Clock: uart_IntClock        | Frequency:   1.4 MHz | Target:   0.9 MHz
Clock: uart_solinst_IntClock | Frequency:  32.4 MHz | Target:   0.1 MHz
Clock: uart_ultrasonic_IntClock | Frequency:   1.4 MHz | Target:   0.1 MHz

======================================================================
                     End of Clock Summary
######################################################################
D2088: Phase 7, elapsed time : 0.7 (sec)

Final Design Statistics
    Number of Combinational MCs 	:	48
    Number of Sequential MCs    	:	92
    Number of DPs               	:	13
    Number of Controls          	:	8
    Number of Status            	:	11
    Number of SyncCells         	:	0
    Number of count7cells       	:	5
    Number of IOs       	:	37

Device Utilization Summary
    Macrocells                  :	140/192
    IOs                         :	37/72



######################################################################
Placement Timing Summary

The timing summary is based on estimated routing delays after
placement. For final timing report, please carry out the timing
analysis after routing.
======================================================================


######################################################################
                     Clock Summary 
======================================================================
Number of clocks: 15
Clock: ADC_SAR_1_theACLK    | Frequency: N/A       | Target:  12.0 MHz
Clock: ADC_SAR_1_theACLK(fixed-function) | Frequency: N/A       | Target:  12.0 MHz
Clock: CyBUS_CLK            | Frequency:   1.4 MHz | Target:  24.0 MHz
Clock: CyBUS_CLK(fixed-function) | Frequency: N/A       | Target:  24.0 MHz
Clock: CyILO                | Frequency: 123.4 MHz | Target:   0.0 MHz
Clock: CyIMO                | Frequency: N/A       | Target:   3.0 MHz
Clock: CyMASTER_CLK         | Frequency: 107.9 MHz | Target:  24.0 MHz
Clock: CyPLL_OUT            | Frequency: N/A       | Target:  24.0 MHz
Clock: NEOMOTE_1_UART_MOTE_IntClock | Frequency:  36.7 MHz | Target:   0.9 MHz
Clock: SlowClock            | Frequency:   2.3 MHz | Target:   0.0 MHz
Clock: SlowClock_1          | Frequency:   2.3 MHz | Target:   0.0 MHz
Clock: emFile_1_Clock_1     | Frequency:  40.1 MHz | Target:  24.0 MHz
Clock: uart_IntClock        | Frequency:   1.4 MHz | Target:   0.9 MHz
Clock: uart_solinst_IntClock | Frequency:  32.4 MHz | Target:   0.1 MHz
Clock: uart_ultrasonic_IntClock | Frequency:   1.4 MHz | Target:   0.1 MHz

======================================================================
                     End of Clock Summary
######################################################################

Phase 6

######################################################################
Placement Timing Summary

The timing summary is based on estimated routing delays after
placement. For final timing report, please carry out the timing
analysis after routing.
======================================================================

######################################################################
                     Clock Summary 
======================================================================
Number of clocks: 15
Clock: ADC_SAR_1_theACLK    | Frequency: N/A       | Target:  12.0 MHz
Clock: ADC_SAR_1_theACLK(fixed-function) | Frequency: N/A       | Target:  12.0 MHz
Clock: CyBUS_CLK            | Frequency:   1.4 MHz | Target:  24.0 MHz
Clock: CyBUS_CLK(fixed-function) | Frequency: N/A       | Target:  24.0 MHz
Clock: CyILO                | Frequency: 123.4 MHz | Target:   0.0 MHz
Clock: CyIMO                | Frequency: N/A       | Target:   3.0 MHz
Clock: CyMASTER_CLK         | Frequency: 114.7 MHz | Target:  24.0 MHz
Clock: CyPLL_OUT            | Frequency: N/A       | Target:  24.0 MHz
Clock: NEOMOTE_1_UART_MOTE_IntClock | Frequency:  36.0 MHz | Target:   0.9 MHz
Clock: SlowClock            | Frequency:   2.6 MHz | Target:   0.0 MHz
Clock: SlowClock_1          | Frequency:   2.5 MHz | Target:   0.0 MHz
Clock: emFile_1_Clock_1     | Frequency:  42.9 MHz | Target:  24.0 MHz
Clock: uart_IntClock        | Frequency:   1.4 MHz | Target:   0.9 MHz
Clock: uart_solinst_IntClock | Frequency:  28.1 MHz | Target:   0.1 MHz
Clock: uart_ultrasonic_IntClock | Frequency:   1.4 MHz | Target:   0.1 MHz

======================================================================
                     End of Clock Summary
######################################################################

D2088: Phase 6, elapsed time : 0.2 (sec)

Phase 7
######################################################################
                     Clock Summary 
======================================================================
Number of clocks: 15
Clock: ADC_SAR_1_theACLK    | Frequency: N/A       | Target:  12.0 MHz
Clock: ADC_SAR_1_theACLK(fixed-function) | Frequency: N/A       | Target:  12.0 MHz
Clock: CyBUS_CLK            | Frequency:   1.4 MHz | Target:  24.0 MHz
Clock: CyBUS_CLK(fixed-function) | Frequency: N/A       | Target:  24.0 MHz
Clock: CyILO                | Frequency: 123.4 MHz | Target:   0.0 MHz
Clock: CyIMO                | Frequency: N/A       | Target:   3.0 MHz
Clock: CyMASTER_CLK         | Frequency: 107.9 MHz | Target:  24.0 MHz
Clock: CyPLL_OUT            | Frequency: N/A       | Target:  24.0 MHz
Clock: NEOMOTE_1_UART_MOTE_IntClock | Frequency:  41.7 MHz | Target:   0.9 MHz
Clock: SlowClock            | Frequency:   2.6 MHz | Target:   0.0 MHz
Clock: SlowClock_1          | Frequency:   2.5 MHz | Target:   0.0 MHz
Clock: emFile_1_Clock_1     | Frequency:  43.4 MHz | Target:  24.0 MHz
Clock: uart_IntClock        | Frequency:   1.4 MHz | Target:   0.9 MHz
Clock: uart_solinst_IntClock | Frequency:  28.1 MHz | Target:   0.1 MHz
Clock: uart_ultrasonic_IntClock | Frequency:   1.4 MHz | Target:   0.1 MHz

======================================================================
                     End of Clock Summary
######################################################################
D2088: Phase 7, elapsed time : 2.6 (sec)

Final Design Statistics
    Number of Combinational MCs 	:	48
    Number of Sequential MCs    	:	92
    Number of DPs               	:	13
    Number of Controls          	:	8
    Number of Status            	:	11
    Number of SyncCells         	:	0
    Number of count7cells       	:	5
    Number of IOs       	:	37

Device Utilization Summary
    Macrocells                  :	140/192
    IOs                         :	37/72



######################################################################
Placement Timing Summary

The timing summary is based on estimated routing delays after
placement. For final timing report, please carry out the timing
analysis after routing.
======================================================================


######################################################################
                     Clock Summary 
======================================================================
Number of clocks: 15
Clock: ADC_SAR_1_theACLK    | Frequency: N/A       | Target:  12.0 MHz
Clock: ADC_SAR_1_theACLK(fixed-function) | Frequency: N/A       | Target:  12.0 MHz
Clock: CyBUS_CLK            | Frequency:   1.5 MHz | Target:  24.0 MHz
Clock: CyBUS_CLK(fixed-function) | Frequency: N/A       | Target:  24.0 MHz
Clock: CyILO                | Frequency: 123.4 MHz | Target:   0.0 MHz
Clock: CyIMO                | Frequency: N/A       | Target:   3.0 MHz
Clock: CyMASTER_CLK         | Frequency:  81.3 MHz | Target:  24.0 MHz
Clock: CyPLL_OUT            | Frequency: N/A       | Target:  24.0 MHz
Clock: NEOMOTE_1_UART_MOTE_IntClock | Frequency:  39.3 MHz | Target:   0.9 MHz
Clock: SlowClock            | Frequency:   2.6 MHz | Target:   0.0 MHz
Clock: SlowClock_1          | Frequency:   2.7 MHz | Target:   0.0 MHz
Clock: emFile_1_Clock_1     | Frequency:  45.1 MHz | Target:  24.0 MHz
Clock: uart_IntClock        | Frequency:   1.5 MHz | Target:   0.9 MHz
Clock: uart_solinst_IntClock | Frequency:  43.1 MHz | Target:   0.1 MHz
Clock: uart_ultrasonic_IntClock | Frequency:   1.5 MHz | Target:   0.1 MHz

======================================================================
                     End of Clock Summary
######################################################################

Phase 8
D2088: Phase 8, elapsed time : 0.0 (sec)

D2054: Placement of the design completed successfully

I2076: Total run-time: 4.8 sec.

