ARM GAS  C:\Users\karunmj\AppData\Local\Temp\cchRH7Af.s 			page 1


   1              		.syntax unified
   2              		.cpu cortex-m3
   3              		.fpu softvfp
   4              		.eabi_attribute 20, 1
   5              		.eabi_attribute 21, 1
   6              		.eabi_attribute 23, 3
   7              		.eabi_attribute 24, 1
   8              		.eabi_attribute 25, 1
   9              		.eabi_attribute 26, 1
  10              		.eabi_attribute 30, 6
  11              		.eabi_attribute 18, 4
  12              		.thumb
  13              		.file	"BatteryVoltage.c"
  14              		.section	.debug_abbrev,"",%progbits
  15              	.Ldebug_abbrev0:
  16              		.section	.debug_info,"",%progbits
  17              	.Ldebug_info0:
  18              		.section	.debug_line,"",%progbits
  19              	.Ldebug_line0:
  20 0000 7D000000 		.text
  20      02005D00 
  20      00000201 
  20      FB0E0D00 
  20      01010101 
  21              	.Ltext0:
  22              		.cfi_sections	.debug_frame
  23              		.global	__aeabi_fmul
  24              		.section	.text.ReadBatteryVoltage,"ax",%progbits
  25              		.align	2
  26              		.global	ReadBatteryVoltage
  27              		.thumb
  28              		.thumb_func
  29              		.type	ReadBatteryVoltage, %function
  30              	ReadBatteryVoltage:
  31              	.LFB29:
  32              		.file 1 ".\\BatteryVoltage.c"
   1:.\BatteryVoltage.c **** /* ========================================
   2:.\BatteryVoltage.c ****  *
   3:.\BatteryVoltage.c ****  * Copyright YOUR COMPANY, THE YEAR
   4:.\BatteryVoltage.c ****  * All Rights Reserved
   5:.\BatteryVoltage.c ****  * UNPUBLISHED, LICENSED SOFTWARE.
   6:.\BatteryVoltage.c ****  *
   7:.\BatteryVoltage.c ****  * CONFIDENTIAL AND PROPRIETARY INFORMATION
   8:.\BatteryVoltage.c ****  * WHICH IS THE PROPERTY OF your company.
   9:.\BatteryVoltage.c ****  *
  10:.\BatteryVoltage.c ****  * ========================================
  11:.\BatteryVoltage.c **** */
  12:.\BatteryVoltage.c **** #include "ADC_SAR_1.h"
  13:.\BatteryVoltage.c **** #include "BatteryVoltage.h"
  14:.\BatteryVoltage.c **** 
  15:.\BatteryVoltage.c **** 
  16:.\BatteryVoltage.c **** uint8 ReadBatteryVoltage(float* voltage){
  33              		.loc 1 16 0
  34              		.cfi_startproc
  35              		@ args = 0, pretend = 0, frame = 16
  36              		@ frame_needed = 1, uses_anonymous_args = 0
  37 0000 80B5     		push	{r7, lr}
ARM GAS  C:\Users\karunmj\AppData\Local\Temp\cchRH7Af.s 			page 2


  38              	.LCFI0:
  39              		.cfi_def_cfa_offset 8
  40 0002 84B0     		sub	sp, sp, #16
  41              	.LCFI1:
  42              		.cfi_def_cfa_offset 24
  43 0004 00AF     		add	r7, sp, #0
  44              		.cfi_offset 14, -4
  45              		.cfi_offset 7, -8
  46              	.LCFI2:
  47              		.cfi_def_cfa_register 7
  48 0006 7860     		str	r0, [r7, #4]
  17:.\BatteryVoltage.c ****     float tmp = 0.0;
  49              		.loc 1 17 0
  50 0008 174B     		ldr	r3, .L3	@ float
  51 000a FB60     		str	r3, [r7, #12]	@ float
  18:.\BatteryVoltage.c ****     
  19:.\BatteryVoltage.c ****     //Enable battery volatge input
  20:.\BatteryVoltage.c ****     VBAT_EN_Write(1u);
  52              		.loc 1 20 0
  53 000c 4FF00100 		mov	r0, #1
  54 0010 FFF7FEFF 		bl	VBAT_EN_Write
  21:.\BatteryVoltage.c ****     //let it settle 50us
  22:.\BatteryVoltage.c ****     CyDelay(10u);
  55              		.loc 1 22 0
  56 0014 4FF00A00 		mov	r0, #10
  57 0018 FFF7FEFF 		bl	CyDelay
  23:.\BatteryVoltage.c ****     ADC_SAR_1_StartConvert();
  58              		.loc 1 23 0
  59 001c FFF7FEFF 		bl	ADC_SAR_1_StartConvert
  24:.\BatteryVoltage.c ****     CyDelay(10u);
  60              		.loc 1 24 0
  61 0020 4FF00A00 		mov	r0, #10
  62 0024 FFF7FEFF 		bl	CyDelay
  25:.\BatteryVoltage.c ****     //ADC_SAR_1_IsEndConversion(ADC_SAR_1_RETURN_STATUS);
  26:.\BatteryVoltage.c ****     tmp =  ADC_SAR_1_CountsTo_Volts(ADC_SAR_1_GetResult16());
  63              		.loc 1 26 0
  64 0028 FFF7FEFF 		bl	ADC_SAR_1_GetResult16
  65 002c 0346     		mov	r3, r0
  66 002e 9BB2     		uxth	r3, r3
  67 0030 1BB2     		sxth	r3, r3
  68 0032 1846     		mov	r0, r3
  69 0034 FFF7FEFF 		bl	ADC_SAR_1_CountsTo_Volts
  70 0038 0346     		mov	r3, r0
  71 003a FB60     		str	r3, [r7, #12]	@ float
  27:.\BatteryVoltage.c ****     ADC_SAR_1_StopConvert();
  72              		.loc 1 27 0
  73 003c FFF7FEFF 		bl	ADC_SAR_1_StopConvert
  28:.\BatteryVoltage.c ****     //Disable battery volatge input
  29:.\BatteryVoltage.c ****     VBAT_EN_Write(0u);
  74              		.loc 1 29 0
  75 0040 4FF00000 		mov	r0, #0
  76 0044 FFF7FEFF 		bl	VBAT_EN_Write
  30:.\BatteryVoltage.c ****     *voltage = tmp*(11);//convert based on voltage divider (1KOhm and 10 KOhm)
  77              		.loc 1 30 0
  78 0048 F868     		ldr	r0, [r7, #12]	@ float
  79 004a 0849     		ldr	r1, .L3+4	@ float
  80 004c FFF7FEFF 		bl	__aeabi_fmul
ARM GAS  C:\Users\karunmj\AppData\Local\Temp\cchRH7Af.s 			page 3


  81 0050 0346     		mov	r3, r0
  82 0052 1A46     		mov	r2, r3
  83 0054 7B68     		ldr	r3, [r7, #4]
  84 0056 1A60     		str	r2, [r3, #0]	@ float
  31:.\BatteryVoltage.c ****     return 1u;
  85              		.loc 1 31 0
  86 0058 4FF00103 		mov	r3, #1
  32:.\BatteryVoltage.c **** }...
  87              		.loc 1 32 0
  88 005c 1846     		mov	r0, r3
  89 005e 07F11007 		add	r7, r7, #16
  90 0062 BD46     		mov	sp, r7
  91 0064 80BD     		pop	{r7, pc}
  92              	.L4:
  93 0066 00BF     		.align	2
  94              	.L3:
  95 0068 00000000 		.word	0
  96 006c 00003041 		.word	1093664768
  97              		.cfi_endproc
  98              	.LFE29:
  99              		.size	ReadBatteryVoltage, .-ReadBatteryVoltage
 100              		.text
 101              	.Letext0:
 102              		.section	.debug_loc,"",%progbits
 103              	.Ldebug_loc0:
 104              	.LLST0:
 105 0000 00000000 		.4byte	.LFB29
 106 0004 02000000 		.4byte	.LCFI0
 107 0008 0100     		.2byte	0x1
 108 000a 5D       		.byte	0x5d
 109 000b 02000000 		.4byte	.LCFI0
 110 000f 04000000 		.4byte	.LCFI1
 111 0013 0200     		.2byte	0x2
 112 0015 7D       		.byte	0x7d
 113 0016 08       		.sleb128 8
 114 0017 04000000 		.4byte	.LCFI1
 115 001b 06000000 		.4byte	.LCFI2
 116 001f 0200     		.2byte	0x2
 117 0021 7D       		.byte	0x7d
 118 0022 18       		.sleb128 24
 119 0023 06000000 		.4byte	.LCFI2
 120 0027 70000000 		.4byte	.LFE29
 121 002b 0200     		.2byte	0x2
 122 002d 77       		.byte	0x77
 123 002e 18       		.sleb128 24
 124 002f 00000000 		.4byte	0x0
 125 0033 00000000 		.4byte	0x0
 126              		.file 2 "./Generated_Source/PSoC5/cytypes.h"
 127              		.file 3 "./Generated_Source/PSoC5/core_cm3.h"
 128              		.section	.debug_info
 129 0000 E2000000 		.4byte	0xe2
 130 0004 0200     		.2byte	0x2
 131 0006 00000000 		.4byte	.Ldebug_abbrev0
 132 000a 04       		.byte	0x4
 133 000b 01       		.uleb128 0x1
 134 000c AC000000 		.4byte	.LASF12
 135 0010 01       		.byte	0x1
ARM GAS  C:\Users\karunmj\AppData\Local\Temp\cchRH7Af.s 			page 4


 136 0011 CB000000 		.4byte	.LASF13
 137 0015 1B000000 		.4byte	.LASF14
 138 0019 00000000 		.4byte	0x0
 139 001d 00000000 		.4byte	0x0
 140 0021 00000000 		.4byte	.Ldebug_ranges0+0x0
 141 0025 00000000 		.4byte	.Ldebug_line0
 142 0029 02       		.uleb128 0x2
 143 002a 01       		.byte	0x1
 144 002b 06       		.byte	0x6
 145 002c 0E010000 		.4byte	.LASF0
 146 0030 02       		.uleb128 0x2
 147 0031 01       		.byte	0x1
 148 0032 08       		.byte	0x8
 149 0033 B8000000 		.4byte	.LASF1
 150 0037 02       		.uleb128 0x2
 151 0038 02       		.byte	0x2
 152 0039 05       		.byte	0x5
 153 003a 20010000 		.4byte	.LASF2
 154 003e 02       		.uleb128 0x2
 155 003f 02       		.byte	0x2
 156 0040 07       		.byte	0x7
 157 0041 FB000000 		.4byte	.LASF3
 158 0045 02       		.uleb128 0x2
 159 0046 04       		.byte	0x4
 160 0047 05       		.byte	0x5
 161 0048 F2000000 		.4byte	.LASF4
 162 004c 02       		.uleb128 0x2
 163 004d 04       		.byte	0x4
 164 004e 07       		.byte	0x7
 165 004f 83000000 		.4byte	.LASF5
 166 0053 02       		.uleb128 0x2
 167 0054 08       		.byte	0x8
 168 0055 05       		.byte	0x5
 169 0056 00000000 		.4byte	.LASF6
 170 005a 02       		.uleb128 0x2
 171 005b 08       		.byte	0x8
 172 005c 07       		.byte	0x7
 173 005d 95000000 		.4byte	.LASF7
 174 0061 03       		.uleb128 0x3
 175 0062 04       		.byte	0x4
 176 0063 05       		.byte	0x5
 177 0064 696E7400 		.ascii	"int\000"
 178 0068 02       		.uleb128 0x2
 179 0069 04       		.byte	0x4
 180 006a 07       		.byte	0x7
 181 006b 0E000000 		.4byte	.LASF8
 182 006f 04       		.uleb128 0x4
 183 0070 7D000000 		.4byte	.LASF15
 184 0074 02       		.byte	0x2
 185 0075 4C       		.byte	0x4c
 186 0076 30000000 		.4byte	0x30
 187 007a 02       		.uleb128 0x2
 188 007b 04       		.byte	0x4
 189 007c 04       		.byte	0x4
 190 007d 1A010000 		.4byte	.LASF9
 191 0081 02       		.uleb128 0x2
 192 0082 08       		.byte	0x8
ARM GAS  C:\Users\karunmj\AppData\Local\Temp\cchRH7Af.s 			page 5


 193 0083 04       		.byte	0x4
 194 0084 EB000000 		.4byte	.LASF10
 195 0088 02       		.uleb128 0x2
 196 0089 01       		.byte	0x1
 197 008a 08       		.byte	0x8
 198 008b C6000000 		.4byte	.LASF11
 199 008f 05       		.uleb128 0x5
 200 0090 04       		.byte	0x4
 201 0091 07       		.byte	0x7
 202 0092 06       		.uleb128 0x6
 203 0093 01       		.byte	0x1
 204 0094 6A000000 		.4byte	.LASF16
 205 0098 01       		.byte	0x1
 206 0099 10       		.byte	0x10
 207 009a 01       		.byte	0x1
 208 009b 6F000000 		.4byte	0x6f
 209 009f 00000000 		.4byte	.LFB29
 210 00a3 70000000 		.4byte	.LFE29
 211 00a7 00000000 		.4byte	.LLST0
 212 00ab CC000000 		.4byte	0xcc
 213 00af 07       		.uleb128 0x7
 214 00b0 2A010000 		.4byte	.LASF17
 215 00b4 01       		.byte	0x1
 216 00b5 10       		.byte	0x10
 217 00b6 CC000000 		.4byte	0xcc
 218 00ba 02       		.byte	0x2
 219 00bb 91       		.byte	0x91
 220 00bc 6C       		.sleb128 -20
 221 00bd 08       		.uleb128 0x8
 222 00be 746D7000 		.ascii	"tmp\000"
 223 00c2 01       		.byte	0x1
 224 00c3 11       		.byte	0x11
 225 00c4 7A000000 		.4byte	0x7a
 226 00c8 02       		.byte	0x2
 227 00c9 91       		.byte	0x91
 228 00ca 74       		.sleb128 -12
 229 00cb 00       		.byte	0x0
 230 00cc 09       		.uleb128 0x9
 231 00cd 04       		.byte	0x4
 232 00ce 7A000000 		.4byte	0x7a
 233 00d2 0A       		.uleb128 0xa
 234 00d3 DE000000 		.4byte	.LASF18
 235 00d7 03       		.byte	0x3
 236 00d8 CE06     		.2byte	0x6ce
 237 00da E0000000 		.4byte	0xe0
 238 00de 01       		.byte	0x1
 239 00df 01       		.byte	0x1
 240 00e0 0B       		.uleb128 0xb
 241 00e1 61000000 		.4byte	0x61
 242 00e5 00       		.byte	0x0
 243              		.section	.debug_abbrev
 244 0000 01       		.uleb128 0x1
 245 0001 11       		.uleb128 0x11
 246 0002 01       		.byte	0x1
 247 0003 25       		.uleb128 0x25
 248 0004 0E       		.uleb128 0xe
 249 0005 13       		.uleb128 0x13
ARM GAS  C:\Users\karunmj\AppData\Local\Temp\cchRH7Af.s 			page 6


 250 0006 0B       		.uleb128 0xb
 251 0007 03       		.uleb128 0x3
 252 0008 0E       		.uleb128 0xe
 253 0009 1B       		.uleb128 0x1b
 254 000a 0E       		.uleb128 0xe
 255 000b 11       		.uleb128 0x11
 256 000c 01       		.uleb128 0x1
 257 000d 52       		.uleb128 0x52
 258 000e 01       		.uleb128 0x1
 259 000f 55       		.uleb128 0x55
 260 0010 06       		.uleb128 0x6
 261 0011 10       		.uleb128 0x10
 262 0012 06       		.uleb128 0x6
 263 0013 00       		.byte	0x0
 264 0014 00       		.byte	0x0
 265 0015 02       		.uleb128 0x2
 266 0016 24       		.uleb128 0x24
 267 0017 00       		.byte	0x0
 268 0018 0B       		.uleb128 0xb
 269 0019 0B       		.uleb128 0xb
 270 001a 3E       		.uleb128 0x3e
 271 001b 0B       		.uleb128 0xb
 272 001c 03       		.uleb128 0x3
 273 001d 0E       		.uleb128 0xe
 274 001e 00       		.byte	0x0
 275 001f 00       		.byte	0x0
 276 0020 03       		.uleb128 0x3
 277 0021 24       		.uleb128 0x24
 278 0022 00       		.byte	0x0
 279 0023 0B       		.uleb128 0xb
 280 0024 0B       		.uleb128 0xb
 281 0025 3E       		.uleb128 0x3e
 282 0026 0B       		.uleb128 0xb
 283 0027 03       		.uleb128 0x3
 284 0028 08       		.uleb128 0x8
 285 0029 00       		.byte	0x0
 286 002a 00       		.byte	0x0
 287 002b 04       		.uleb128 0x4
 288 002c 16       		.uleb128 0x16
 289 002d 00       		.byte	0x0
 290 002e 03       		.uleb128 0x3
 291 002f 0E       		.uleb128 0xe
 292 0030 3A       		.uleb128 0x3a
 293 0031 0B       		.uleb128 0xb
 294 0032 3B       		.uleb128 0x3b
 295 0033 0B       		.uleb128 0xb
 296 0034 49       		.uleb128 0x49
 297 0035 13       		.uleb128 0x13
 298 0036 00       		.byte	0x0
 299 0037 00       		.byte	0x0
 300 0038 05       		.uleb128 0x5
 301 0039 24       		.uleb128 0x24
 302 003a 00       		.byte	0x0
 303 003b 0B       		.uleb128 0xb
 304 003c 0B       		.uleb128 0xb
 305 003d 3E       		.uleb128 0x3e
 306 003e 0B       		.uleb128 0xb
ARM GAS  C:\Users\karunmj\AppData\Local\Temp\cchRH7Af.s 			page 7


 307 003f 00       		.byte	0x0
 308 0040 00       		.byte	0x0
 309 0041 06       		.uleb128 0x6
 310 0042 2E       		.uleb128 0x2e
 311 0043 01       		.byte	0x1
 312 0044 3F       		.uleb128 0x3f
 313 0045 0C       		.uleb128 0xc
 314 0046 03       		.uleb128 0x3
 315 0047 0E       		.uleb128 0xe
 316 0048 3A       		.uleb128 0x3a
 317 0049 0B       		.uleb128 0xb
 318 004a 3B       		.uleb128 0x3b
 319 004b 0B       		.uleb128 0xb
 320 004c 27       		.uleb128 0x27
 321 004d 0C       		.uleb128 0xc
 322 004e 49       		.uleb128 0x49
 323 004f 13       		.uleb128 0x13
 324 0050 11       		.uleb128 0x11
 325 0051 01       		.uleb128 0x1
 326 0052 12       		.uleb128 0x12
 327 0053 01       		.uleb128 0x1
 328 0054 40       		.uleb128 0x40
 329 0055 06       		.uleb128 0x6
 330 0056 01       		.uleb128 0x1
 331 0057 13       		.uleb128 0x13
 332 0058 00       		.byte	0x0
 333 0059 00       		.byte	0x0
 334 005a 07       		.uleb128 0x7
 335 005b 05       		.uleb128 0x5
 336 005c 00       		.byte	0x0
 337 005d 03       		.uleb128 0x3
 338 005e 0E       		.uleb128 0xe
 339 005f 3A       		.uleb128 0x3a
 340 0060 0B       		.uleb128 0xb
 341 0061 3B       		.uleb128 0x3b
 342 0062 0B       		.uleb128 0xb
 343 0063 49       		.uleb128 0x49
 344 0064 13       		.uleb128 0x13
 345 0065 02       		.uleb128 0x2
 346 0066 0A       		.uleb128 0xa
 347 0067 00       		.byte	0x0
 348 0068 00       		.byte	0x0
 349 0069 08       		.uleb128 0x8
 350 006a 34       		.uleb128 0x34
 351 006b 00       		.byte	0x0
 352 006c 03       		.uleb128 0x3
 353 006d 08       		.uleb128 0x8
 354 006e 3A       		.uleb128 0x3a
 355 006f 0B       		.uleb128 0xb
 356 0070 3B       		.uleb128 0x3b
 357 0071 0B       		.uleb128 0xb
 358 0072 49       		.uleb128 0x49
 359 0073 13       		.uleb128 0x13
 360 0074 02       		.uleb128 0x2
 361 0075 0A       		.uleb128 0xa
 362 0076 00       		.byte	0x0
 363 0077 00       		.byte	0x0
ARM GAS  C:\Users\karunmj\AppData\Local\Temp\cchRH7Af.s 			page 8


 364 0078 09       		.uleb128 0x9
 365 0079 0F       		.uleb128 0xf
 366 007a 00       		.byte	0x0
 367 007b 0B       		.uleb128 0xb
 368 007c 0B       		.uleb128 0xb
 369 007d 49       		.uleb128 0x49
 370 007e 13       		.uleb128 0x13
 371 007f 00       		.byte	0x0
 372 0080 00       		.byte	0x0
 373 0081 0A       		.uleb128 0xa
 374 0082 34       		.uleb128 0x34
 375 0083 00       		.byte	0x0
 376 0084 03       		.uleb128 0x3
 377 0085 0E       		.uleb128 0xe
 378 0086 3A       		.uleb128 0x3a
 379 0087 0B       		.uleb128 0xb
 380 0088 3B       		.uleb128 0x3b
 381 0089 05       		.uleb128 0x5
 382 008a 49       		.uleb128 0x49
 383 008b 13       		.uleb128 0x13
 384 008c 3F       		.uleb128 0x3f
 385 008d 0C       		.uleb128 0xc
 386 008e 3C       		.uleb128 0x3c
 387 008f 0C       		.uleb128 0xc
 388 0090 00       		.byte	0x0
 389 0091 00       		.byte	0x0
 390 0092 0B       		.uleb128 0xb
 391 0093 35       		.uleb128 0x35
 392 0094 00       		.byte	0x0
 393 0095 49       		.uleb128 0x49
 394 0096 13       		.uleb128 0x13
 395 0097 00       		.byte	0x0
 396 0098 00       		.byte	0x0
 397 0099 00       		.byte	0x0
 398              		.section	.debug_pubnames,"",%progbits
 399 0000 25000000 		.4byte	0x25
 400 0004 0200     		.2byte	0x2
 401 0006 00000000 		.4byte	.Ldebug_info0
 402 000a E6000000 		.4byte	0xe6
 403 000e 92000000 		.4byte	0x92
 404 0012 52656164 		.ascii	"ReadBatteryVoltage\000"
 404      42617474 
 404      65727956 
 404      6F6C7461 
 404      676500
 405 0025 00000000 		.4byte	0x0
 406              		.section	.debug_aranges,"",%progbits
 407 0000 1C000000 		.4byte	0x1c
 408 0004 0200     		.2byte	0x2
 409 0006 00000000 		.4byte	.Ldebug_info0
 410 000a 04       		.byte	0x4
 411 000b 00       		.byte	0x0
 412 000c 0000     		.2byte	0x0
 413 000e 0000     		.2byte	0x0
 414 0010 00000000 		.4byte	.LFB29
 415 0014 70000000 		.4byte	.LFE29-.LFB29
 416 0018 00000000 		.4byte	0x0
ARM GAS  C:\Users\karunmj\AppData\Local\Temp\cchRH7Af.s 			page 9


 417 001c 00000000 		.4byte	0x0
 418              		.section	.debug_ranges,"",%progbits
 419              	.Ldebug_ranges0:
 420 0000 00000000 		.4byte	.Ltext0
 421 0004 00000000 		.4byte	.Letext0
 422 0008 00000000 		.4byte	.LFB29
 423 000c 70000000 		.4byte	.LFE29
 424 0010 00000000 		.4byte	0x0
 425 0014 00000000 		.4byte	0x0
 426              		.section	.debug_str,"MS",%progbits,1
 427              	.LASF6:
 428 0000 6C6F6E67 		.ascii	"long long int\000"
 428      206C6F6E 
 428      6720696E 
 428      7400
 429              	.LASF8:
 430 000e 756E7369 		.ascii	"unsigned int\000"
 430      676E6564 
 430      20696E74 
 430      00
 431              	.LASF14:
 432 001b 433A5C55 		.ascii	"C:\\Users\\karunmj\\Documents\\GitHub\\m2m\\hardwar"
 432      73657273 
 432      5C6B6172 
 432      756E6D6A 
 432      5C446F63 
 433 0048 655C7073 		.ascii	"e\\psoc5\\PSoC_Datalogger_SMS.cydsn\000"
 433      6F63355C 
 433      50536F43 
 433      5F446174 
 433      616C6F67 
 434              	.LASF16:
 435 006a 52656164 		.ascii	"ReadBatteryVoltage\000"
 435      42617474 
 435      65727956 
 435      6F6C7461 
 435      676500
 436              	.LASF15:
 437 007d 75696E74 		.ascii	"uint8\000"
 437      3800
 438              	.LASF5:
 439 0083 6C6F6E67 		.ascii	"long unsigned int\000"
 439      20756E73 
 439      69676E65 
 439      6420696E 
 439      7400
 440              	.LASF7:
 441 0095 6C6F6E67 		.ascii	"long long unsigned int\000"
 441      206C6F6E 
 441      6720756E 
 441      7369676E 
 441      65642069 
 442              	.LASF12:
 443 00ac 474E5520 		.ascii	"GNU C 4.4.1\000"
 443      4320342E 
 443      342E3100 
 444              	.LASF1:
ARM GAS  C:\Users\karunmj\AppData\Local\Temp\cchRH7Af.s 			page 10


 445 00b8 756E7369 		.ascii	"unsigned char\000"
 445      676E6564 
 445      20636861 
 445      7200
 446              	.LASF11:
 447 00c6 63686172 		.ascii	"char\000"
 447      00
 448              	.LASF13:
 449 00cb 2E5C4261 		.ascii	".\\BatteryVoltage.c\000"
 449      74746572 
 449      79566F6C 
 449      74616765 
 449      2E6300
 450              	.LASF18:
 451 00de 49544D5F 		.ascii	"ITM_RxBuffer\000"
 451      52784275 
 451      66666572 
 451      00
 452              	.LASF10:
 453 00eb 646F7562 		.ascii	"double\000"
 453      6C6500
 454              	.LASF4:
 455 00f2 6C6F6E67 		.ascii	"long int\000"
 455      20696E74 
 455      00
 456              	.LASF3:
 457 00fb 73686F72 		.ascii	"short unsigned int\000"
 457      7420756E 
 457      7369676E 
 457      65642069 
 457      6E7400
 458              	.LASF0:
 459 010e 7369676E 		.ascii	"signed char\000"
 459      65642063 
 459      68617200 
 460              	.LASF9:
 461 011a 666C6F61 		.ascii	"float\000"
 461      7400
 462              	.LASF2:
 463 0120 73686F72 		.ascii	"short int\000"
 463      7420696E 
 463      7400
 464              	.LASF17:
 465 012a 766F6C74 		.ascii	"voltage\000"
 465      61676500 
 466              		.ident	"GCC: (Sourcery G++ Lite 2010q1-188) 4.4.1"
