ARM GAS  C:\Users\karunmj\AppData\Local\Temp\cc8Sq6A9.s 			page 1


   1              		.syntax unified
   2              		.cpu cortex-m3
   3              		.fpu softvfp
   4              		.eabi_attribute 20, 1
   5              		.eabi_attribute 21, 1
   6              		.eabi_attribute 23, 3
   7              		.eabi_attribute 24, 1
   8              		.eabi_attribute 25, 1
   9              		.eabi_attribute 26, 1
  10              		.eabi_attribute 30, 6
  11              		.eabi_attribute 18, 4
  12              		.thumb
  13              		.file	"ADC_SAR_Seq_1_SAR_INT.c"
  14              		.section	.debug_abbrev,"",%progbits
  15              	.Ldebug_abbrev0:
  16              		.section	.debug_info,"",%progbits
  17              	.Ldebug_info0:
  18              		.section	.debug_line,"",%progbits
  19              	.Ldebug_line0:
  20 0000 19000000 		.text
  20      02001300 
  20      00000201 
  20      FB0E0D00 
  20      01010101 
  21              	.Ltext0:
  22              		.cfi_sections	.debug_frame
  23              	.Letext0:
  24              		.section	.debug_info
  25 0000 7D000000 		.4byte	0x7d
  26 0004 0200     		.2byte	0x2
  27 0006 00000000 		.4byte	.Ldebug_abbrev0
  28 000a 04       		.byte	0x4
  29 000b 01       		.uleb128 0x1
  30 000c F4000000 		.4byte	.LASF12
  31 0010 01       		.byte	0x1
  32 0011 C3000000 		.4byte	.LASF13
  33 0015 0E000000 		.4byte	.LASF14
  34 0019 00000000 		.4byte	.Ltext0
  35 001d 00000000 		.4byte	.Letext0
  36 0021 00000000 		.4byte	.Ldebug_line0
  37 0025 02       		.uleb128 0x2
  38 0026 01       		.byte	0x1
  39 0027 06       		.byte	0x6
  40 0028 18010000 		.4byte	.LASF0
  41 002c 02       		.uleb128 0x2
  42 002d 01       		.byte	0x1
  43 002e 08       		.byte	0x8
  44 002f 65000000 		.4byte	.LASF1
  45 0033 02       		.uleb128 0x2
  46 0034 02       		.byte	0x2
  47 0035 05       		.byte	0x5
  48 0036 05010000 		.4byte	.LASF2
  49 003a 02       		.uleb128 0x2
  50 003b 02       		.byte	0x2
  51 003c 07       		.byte	0x7
  52 003d 85000000 		.4byte	.LASF3
  53 0041 02       		.uleb128 0x2
ARM GAS  C:\Users\karunmj\AppData\Local\Temp\cc8Sq6A9.s 			page 2


  54 0042 04       		.byte	0x4
  55 0043 05       		.byte	0x5
  56 0044 0F010000 		.4byte	.LASF4
  57 0048 02       		.uleb128 0x2
  58 0049 04       		.byte	0x4
  59 004a 07       		.byte	0x7
  60 004b 73000000 		.4byte	.LASF5
  61 004f 02       		.uleb128 0x2
  62 0050 08       		.byte	0x8
  63 0051 05       		.byte	0x5
  64 0052 00000000 		.4byte	.LASF6
  65 0056 02       		.uleb128 0x2
  66 0057 08       		.byte	0x8
  67 0058 07       		.byte	0x7
  68 0059 AC000000 		.4byte	.LASF7
  69 005d 03       		.uleb128 0x3
  70 005e 04       		.byte	0x4
  71 005f 05       		.byte	0x5
  72 0060 696E7400 		.ascii	"int\000"
  73 0064 02       		.uleb128 0x2
  74 0065 04       		.byte	0x4
  75 0066 07       		.byte	0x7
  76 0067 9F000000 		.4byte	.LASF8
  77 006b 02       		.uleb128 0x2
  78 006c 04       		.byte	0x4
  79 006d 04       		.byte	0x4
  80 006e 5F000000 		.4byte	.LASF9
  81 0072 02       		.uleb128 0x2
  82 0073 08       		.byte	0x8
  83 0074 04       		.byte	0x4
  84 0075 98000000 		.4byte	.LASF10
  85 0079 02       		.uleb128 0x2
  86 007a 01       		.byte	0x1
  87 007b 08       		.byte	0x8
  88 007c 00010000 		.4byte	.LASF11
  89 0080 00       		.byte	0x0
  90              		.section	.debug_abbrev
  91 0000 01       		.uleb128 0x1
  92 0001 11       		.uleb128 0x11
  93 0002 01       		.byte	0x1
  94 0003 25       		.uleb128 0x25
  95 0004 0E       		.uleb128 0xe
  96 0005 13       		.uleb128 0x13
  97 0006 0B       		.uleb128 0xb
  98 0007 03       		.uleb128 0x3
  99 0008 0E       		.uleb128 0xe
 100 0009 1B       		.uleb128 0x1b
 101 000a 0E       		.uleb128 0xe
 102 000b 11       		.uleb128 0x11
 103 000c 01       		.uleb128 0x1
 104 000d 12       		.uleb128 0x12
 105 000e 01       		.uleb128 0x1
 106 000f 10       		.uleb128 0x10
 107 0010 06       		.uleb128 0x6
 108 0011 00       		.byte	0x0
 109 0012 00       		.byte	0x0
 110 0013 02       		.uleb128 0x2
ARM GAS  C:\Users\karunmj\AppData\Local\Temp\cc8Sq6A9.s 			page 3


 111 0014 24       		.uleb128 0x24
 112 0015 00       		.byte	0x0
 113 0016 0B       		.uleb128 0xb
 114 0017 0B       		.uleb128 0xb
 115 0018 3E       		.uleb128 0x3e
 116 0019 0B       		.uleb128 0xb
 117 001a 03       		.uleb128 0x3
 118 001b 0E       		.uleb128 0xe
 119 001c 00       		.byte	0x0
 120 001d 00       		.byte	0x0
 121 001e 03       		.uleb128 0x3
 122 001f 24       		.uleb128 0x24
 123 0020 00       		.byte	0x0
 124 0021 0B       		.uleb128 0xb
 125 0022 0B       		.uleb128 0xb
 126 0023 3E       		.uleb128 0x3e
 127 0024 0B       		.uleb128 0xb
 128 0025 03       		.uleb128 0x3
 129 0026 08       		.uleb128 0x8
 130 0027 00       		.byte	0x0
 131 0028 00       		.byte	0x0
 132 0029 00       		.byte	0x0
 133              		.section	.debug_str,"MS",%progbits,1
 134              	.LASF6:
 135 0000 6C6F6E67 		.ascii	"long long int\000"
 135      206C6F6E 
 135      6720696E 
 135      7400
 136              	.LASF14:
 137 000e 433A5C55 		.ascii	"C:\\Users\\karunmj\\Documents\\GitHub\\m2m\\hardwar"
 137      73657273 
 137      5C6B6172 
 137      756E6D6A 
 137      5C446F63 
 138 003b 655C7073 		.ascii	"e\\psoc5\\Campbell_Conductivity.cydsn\000"
 138      6F63355C 
 138      43616D70 
 138      62656C6C 
 138      5F436F6E 
 139              	.LASF9:
 140 005f 666C6F61 		.ascii	"float\000"
 140      7400
 141              	.LASF1:
 142 0065 756E7369 		.ascii	"unsigned char\000"
 142      676E6564 
 142      20636861 
 142      7200
 143              	.LASF5:
 144 0073 6C6F6E67 		.ascii	"long unsigned int\000"
 144      20756E73 
 144      69676E65 
 144      6420696E 
 144      7400
 145              	.LASF3:
 146 0085 73686F72 		.ascii	"short unsigned int\000"
 146      7420756E 
 146      7369676E 
ARM GAS  C:\Users\karunmj\AppData\Local\Temp\cc8Sq6A9.s 			page 4


 146      65642069 
 146      6E7400
 147              	.LASF10:
 148 0098 646F7562 		.ascii	"double\000"
 148      6C6500
 149              	.LASF8:
 150 009f 756E7369 		.ascii	"unsigned int\000"
 150      676E6564 
 150      20696E74 
 150      00
 151              	.LASF7:
 152 00ac 6C6F6E67 		.ascii	"long long unsigned int\000"
 152      206C6F6E 
 152      6720756E 
 152      7369676E 
 152      65642069 
 153              	.LASF13:
 154 00c3 2E5C4765 		.ascii	".\\Generated_Source\\PSoC5\\ADC_SAR_Seq_1_SAR_INT.c"
 154      6E657261 
 154      7465645F 
 154      536F7572 
 154      63655C50 
 155 00f3 00       		.ascii	"\000"
 156              	.LASF12:
 157 00f4 474E5520 		.ascii	"GNU C 4.4.1\000"
 157      4320342E 
 157      342E3100 
 158              	.LASF11:
 159 0100 63686172 		.ascii	"char\000"
 159      00
 160              	.LASF2:
 161 0105 73686F72 		.ascii	"short int\000"
 161      7420696E 
 161      7400
 162              	.LASF4:
 163 010f 6C6F6E67 		.ascii	"long int\000"
 163      20696E74 
 163      00
 164              	.LASF0:
 165 0118 7369676E 		.ascii	"signed char\000"
 165      65642063 
 165      68617200 
 166              		.ident	"GCC: (Sourcery G++ Lite 2010q1-188) 4.4.1"
