ARM GAS  C:\Users\karunmj\AppData\Local\Temp\ccQSW7Rx.s 			page 1


   1              		.syntax unified
   2              		.cpu cortex-m3
   3              		.fpu softvfp
   4              		.eabi_attribute 20, 1
   5              		.eabi_attribute 21, 1
   6              		.eabi_attribute 23, 3
   7              		.eabi_attribute 24, 1
   8              		.eabi_attribute 25, 1
   9              		.eabi_attribute 26, 1
  10              		.eabi_attribute 30, 6
  11              		.eabi_attribute 18, 4
  12              		.thumb
  13              		.file	"Comp_4_PM.c"
  14              		.section	.debug_abbrev,"",%progbits
  15              	.Ldebug_abbrev0:
  16              		.section	.debug_info,"",%progbits
  17              	.Ldebug_info0:
  18              		.section	.debug_line,"",%progbits
  19              	.Ldebug_line0:
  20 0000 BE000000 		.text
  20      02006E00 
  20      00000201 
  20      FB0E0D00 
  20      01010101 
  21              	.Ltext0:
  22              		.cfi_sections	.debug_frame
  23              		.bss
  24              		.align	2
  25              	Comp_4_backup:
  26 0000 00       		.space	1
  27 0001 000000   		.section	.text.Comp_4_SaveConfig,"ax",%progbits
  28              		.align	2
  29              		.global	Comp_4_SaveConfig
  30              		.thumb
  31              		.thumb_func
  32              		.type	Comp_4_SaveConfig, %function
  33              	Comp_4_SaveConfig:
  34              	.LFB0:
  35              		.file 1 ".\\Generated_Source\\PSoC5\\Comp_4_PM.c"
   1:.\Generated_Source\PSoC5/Comp_4_PM.c **** /*******************************************************************************
   2:.\Generated_Source\PSoC5/Comp_4_PM.c **** * File Name: Comp_4.c
   3:.\Generated_Source\PSoC5/Comp_4_PM.c **** * Version 2.0
   4:.\Generated_Source\PSoC5/Comp_4_PM.c **** *
   5:.\Generated_Source\PSoC5/Comp_4_PM.c **** * Description:
   6:.\Generated_Source\PSoC5/Comp_4_PM.c **** *  This file provides the power management source code APIs for the
   7:.\Generated_Source\PSoC5/Comp_4_PM.c **** *  Comparator.
   8:.\Generated_Source\PSoC5/Comp_4_PM.c **** *
   9:.\Generated_Source\PSoC5/Comp_4_PM.c **** * Note:
  10:.\Generated_Source\PSoC5/Comp_4_PM.c **** *  None
  11:.\Generated_Source\PSoC5/Comp_4_PM.c **** *
  12:.\Generated_Source\PSoC5/Comp_4_PM.c **** ********************************************************************************
  13:.\Generated_Source\PSoC5/Comp_4_PM.c **** * Copyright 2008-2012, Cypress Semiconductor Corporation.  All rights reserved.
  14:.\Generated_Source\PSoC5/Comp_4_PM.c **** * You may use this file only in accordance with the license, terms, conditions, 
  15:.\Generated_Source\PSoC5/Comp_4_PM.c **** * disclaimers, and limitations in the end user license agreement accompanying 
  16:.\Generated_Source\PSoC5/Comp_4_PM.c **** * the software package with which this file was provided.
  17:.\Generated_Source\PSoC5/Comp_4_PM.c **** *******************************************************************************/
  18:.\Generated_Source\PSoC5/Comp_4_PM.c **** 
ARM GAS  C:\Users\karunmj\AppData\Local\Temp\ccQSW7Rx.s 			page 2


  19:.\Generated_Source\PSoC5/Comp_4_PM.c **** #include "Comp_4.h"
  20:.\Generated_Source\PSoC5/Comp_4_PM.c **** 
  21:.\Generated_Source\PSoC5/Comp_4_PM.c **** static Comp_4_backupStruct Comp_4_backup;
  22:.\Generated_Source\PSoC5/Comp_4_PM.c **** 
  23:.\Generated_Source\PSoC5/Comp_4_PM.c **** 
  24:.\Generated_Source\PSoC5/Comp_4_PM.c **** /*******************************************************************************
  25:.\Generated_Source\PSoC5/Comp_4_PM.c **** * Function Name: Comp_4_SaveConfig
  26:.\Generated_Source\PSoC5/Comp_4_PM.c **** ********************************************************************************
  27:.\Generated_Source\PSoC5/Comp_4_PM.c **** *
  28:.\Generated_Source\PSoC5/Comp_4_PM.c **** * Summary:
  29:.\Generated_Source\PSoC5/Comp_4_PM.c **** *  Save the current user configuration
  30:.\Generated_Source\PSoC5/Comp_4_PM.c **** *
  31:.\Generated_Source\PSoC5/Comp_4_PM.c **** * Parameters:
  32:.\Generated_Source\PSoC5/Comp_4_PM.c **** *  void:
  33:.\Generated_Source\PSoC5/Comp_4_PM.c **** *
  34:.\Generated_Source\PSoC5/Comp_4_PM.c **** * Return:
  35:.\Generated_Source\PSoC5/Comp_4_PM.c **** *  void
  36:.\Generated_Source\PSoC5/Comp_4_PM.c **** *
  37:.\Generated_Source\PSoC5/Comp_4_PM.c **** *******************************************************************************/
  38:.\Generated_Source\PSoC5/Comp_4_PM.c **** void Comp_4_SaveConfig(void) 
  39:.\Generated_Source\PSoC5/Comp_4_PM.c **** {
  36              		.loc 1 39 0
  37              		.cfi_startproc
  38              		@ args = 0, pretend = 0, frame = 0
  39              		@ frame_needed = 1, uses_anonymous_args = 0
  40              		@ link register save eliminated.
  41 0000 80B4     		push	{r7}
  42              	.LCFI0:
  43              		.cfi_def_cfa_offset 4
  44 0002 00AF     		add	r7, sp, #0
  45              		.cfi_offset 7, -4
  46              	.LCFI1:
  47              		.cfi_def_cfa_register 7
  40:.\Generated_Source\PSoC5/Comp_4_PM.c ****     /* Empty since all are system reset for retention flops */
  41:.\Generated_Source\PSoC5/Comp_4_PM.c **** }
  48              		.loc 1 41 0
  49 0004 BD46     		mov	sp, r7
  50 0006 80BC     		pop	{r7}
  51 0008 7047     		bx	lr
  52              		.cfi_endproc
  53              	.LFE0:
  54              		.size	Comp_4_SaveConfig, .-Comp_4_SaveConfig
  55 000a 00BF     		.section	.text.Comp_4_RestoreConfig,"ax",%progbits
  56              		.align	2
  57              		.global	Comp_4_RestoreConfig
  58              		.thumb
  59              		.thumb_func
  60              		.type	Comp_4_RestoreConfig, %function
  61              	Comp_4_RestoreConfig:
  62              	.LFB1:
  42:.\Generated_Source\PSoC5/Comp_4_PM.c **** 
  43:.\Generated_Source\PSoC5/Comp_4_PM.c **** 
  44:.\Generated_Source\PSoC5/Comp_4_PM.c **** /*******************************************************************************
  45:.\Generated_Source\PSoC5/Comp_4_PM.c **** * Function Name: Comp_4_RestoreConfig
  46:.\Generated_Source\PSoC5/Comp_4_PM.c **** ********************************************************************************
  47:.\Generated_Source\PSoC5/Comp_4_PM.c **** *
  48:.\Generated_Source\PSoC5/Comp_4_PM.c **** * Summary:
ARM GAS  C:\Users\karunmj\AppData\Local\Temp\ccQSW7Rx.s 			page 3


  49:.\Generated_Source\PSoC5/Comp_4_PM.c **** *  Restores the current user configuration.
  50:.\Generated_Source\PSoC5/Comp_4_PM.c **** *
  51:.\Generated_Source\PSoC5/Comp_4_PM.c **** * Parameters:
  52:.\Generated_Source\PSoC5/Comp_4_PM.c **** *  void
  53:.\Generated_Source\PSoC5/Comp_4_PM.c **** *
  54:.\Generated_Source\PSoC5/Comp_4_PM.c **** * Return:
  55:.\Generated_Source\PSoC5/Comp_4_PM.c **** *  void
  56:.\Generated_Source\PSoC5/Comp_4_PM.c **** *
  57:.\Generated_Source\PSoC5/Comp_4_PM.c **** ********************************************************************************/
  58:.\Generated_Source\PSoC5/Comp_4_PM.c **** void Comp_4_RestoreConfig(void) 
  59:.\Generated_Source\PSoC5/Comp_4_PM.c **** {
  63              		.loc 1 59 0
  64              		.cfi_startproc
  65              		@ args = 0, pretend = 0, frame = 0
  66              		@ frame_needed = 1, uses_anonymous_args = 0
  67              		@ link register save eliminated.
  68 0000 80B4     		push	{r7}
  69              	.LCFI2:
  70              		.cfi_def_cfa_offset 4
  71 0002 00AF     		add	r7, sp, #0
  72              		.cfi_offset 7, -4
  73              	.LCFI3:
  74              		.cfi_def_cfa_register 7
  60:.\Generated_Source\PSoC5/Comp_4_PM.c ****     /* Empty since all are system reset for retention flops */    
  61:.\Generated_Source\PSoC5/Comp_4_PM.c **** }
  75              		.loc 1 61 0
  76 0004 BD46     		mov	sp, r7
  77 0006 80BC     		pop	{r7}
  78 0008 7047     		bx	lr
  79              		.cfi_endproc
  80              	.LFE1:
  81              		.size	Comp_4_RestoreConfig, .-Comp_4_RestoreConfig
  82 000a 00BF     		.section	.text.Comp_4_Sleep,"ax",%progbits
  83              		.align	2
  84              		.global	Comp_4_Sleep
  85              		.thumb
  86              		.thumb_func
  87              		.type	Comp_4_Sleep, %function
  88              	Comp_4_Sleep:
  89              	.LFB2:
  62:.\Generated_Source\PSoC5/Comp_4_PM.c **** 
  63:.\Generated_Source\PSoC5/Comp_4_PM.c **** 
  64:.\Generated_Source\PSoC5/Comp_4_PM.c **** /*******************************************************************************
  65:.\Generated_Source\PSoC5/Comp_4_PM.c **** * Function Name: Comp_4_Sleep
  66:.\Generated_Source\PSoC5/Comp_4_PM.c **** ********************************************************************************
  67:.\Generated_Source\PSoC5/Comp_4_PM.c **** *
  68:.\Generated_Source\PSoC5/Comp_4_PM.c **** * Summary:
  69:.\Generated_Source\PSoC5/Comp_4_PM.c **** *  Stop and Save the user configuration
  70:.\Generated_Source\PSoC5/Comp_4_PM.c **** *
  71:.\Generated_Source\PSoC5/Comp_4_PM.c **** * Parameters:
  72:.\Generated_Source\PSoC5/Comp_4_PM.c **** *  void:
  73:.\Generated_Source\PSoC5/Comp_4_PM.c **** *
  74:.\Generated_Source\PSoC5/Comp_4_PM.c **** * Return:
  75:.\Generated_Source\PSoC5/Comp_4_PM.c **** *  void
  76:.\Generated_Source\PSoC5/Comp_4_PM.c **** *
  77:.\Generated_Source\PSoC5/Comp_4_PM.c **** * Global variables:
  78:.\Generated_Source\PSoC5/Comp_4_PM.c **** *  Comp_4_backup.enableState:  Is modified depending on the enable 
ARM GAS  C:\Users\karunmj\AppData\Local\Temp\ccQSW7Rx.s 			page 4


  79:.\Generated_Source\PSoC5/Comp_4_PM.c **** *   state of the block before entering sleep mode.
  80:.\Generated_Source\PSoC5/Comp_4_PM.c **** *
  81:.\Generated_Source\PSoC5/Comp_4_PM.c **** *******************************************************************************/
  82:.\Generated_Source\PSoC5/Comp_4_PM.c **** void Comp_4_Sleep(void) 
  83:.\Generated_Source\PSoC5/Comp_4_PM.c **** {
  90              		.loc 1 83 0
  91              		.cfi_startproc
  92              		@ args = 0, pretend = 0, frame = 0
  93              		@ frame_needed = 1, uses_anonymous_args = 0
  94 0000 80B5     		push	{r7, lr}
  95              	.LCFI4:
  96              		.cfi_def_cfa_offset 8
  97 0002 00AF     		add	r7, sp, #0
  98              		.cfi_offset 14, -4
  99              		.cfi_offset 7, -8
 100              	.LCFI5:
 101              		.cfi_def_cfa_register 7
  84:.\Generated_Source\PSoC5/Comp_4_PM.c ****     /* Save Comp's enable state */    
  85:.\Generated_Source\PSoC5/Comp_4_PM.c ****     if(Comp_4_ACT_PWR_EN == (Comp_4_PWRMGR & Comp_4_ACT_PWR_EN))
 102              		.loc 1 85 0
 103 0004 44F2A733 		movw	r3, #:lower16:1073759143
 104 0008 C4F20003 		movt	r3, #:upper16:1073759143
 105 000c 1B78     		ldrb	r3, [r3, #0]
 106 000e DBB2     		uxtb	r3, r3
 107 0010 03F00103 		and	r3, r3, #1
 108 0014 DBB2     		uxtb	r3, r3
 109 0016 002B     		cmp	r3, #0
 110 0018 07D0     		beq	.L6
  86:.\Generated_Source\PSoC5/Comp_4_PM.c ****     {
  87:.\Generated_Source\PSoC5/Comp_4_PM.c ****         /* Comp is enabled */
  88:.\Generated_Source\PSoC5/Comp_4_PM.c ****         Comp_4_backup.enableState = 1u;
 111              		.loc 1 88 0
 112 001a 40F20003 		movw	r3, #:lower16:Comp_4_backup
 113 001e C0F20003 		movt	r3, #:upper16:Comp_4_backup
 114 0022 4FF00102 		mov	r2, #1
 115 0026 1A70     		strb	r2, [r3, #0]
 116 0028 06E0     		b	.L7
 117              	.L6:
  89:.\Generated_Source\PSoC5/Comp_4_PM.c ****     }
  90:.\Generated_Source\PSoC5/Comp_4_PM.c ****     else
  91:.\Generated_Source\PSoC5/Comp_4_PM.c ****     {
  92:.\Generated_Source\PSoC5/Comp_4_PM.c ****         /* Comp is disabled */
  93:.\Generated_Source\PSoC5/Comp_4_PM.c ****         Comp_4_backup.enableState = 0u;
 118              		.loc 1 93 0
 119 002a 40F20003 		movw	r3, #:lower16:Comp_4_backup
 120 002e C0F20003 		movt	r3, #:upper16:Comp_4_backup
 121 0032 4FF00002 		mov	r2, #0
 122 0036 1A70     		strb	r2, [r3, #0]
 123              	.L7:
  94:.\Generated_Source\PSoC5/Comp_4_PM.c ****     }    
  95:.\Generated_Source\PSoC5/Comp_4_PM.c ****     
  96:.\Generated_Source\PSoC5/Comp_4_PM.c ****     Comp_4_Stop();
 124              		.loc 1 96 0
 125 0038 FFF7FEFF 		bl	Comp_4_Stop
  97:.\Generated_Source\PSoC5/Comp_4_PM.c ****     Comp_4_SaveConfig();
 126              		.loc 1 97 0
 127 003c FFF7FEFF 		bl	Comp_4_SaveConfig
ARM GAS  C:\Users\karunmj\AppData\Local\Temp\ccQSW7Rx.s 			page 5


  98:.\Generated_Source\PSoC5/Comp_4_PM.c **** }
 128              		.loc 1 98 0
 129 0040 80BD     		pop	{r7, pc}
 130              		.cfi_endproc
 131              	.LFE2:
 132              		.size	Comp_4_Sleep, .-Comp_4_Sleep
 133 0042 00BF     		.section	.text.Comp_4_Wakeup,"ax",%progbits
 134              		.align	2
 135              		.global	Comp_4_Wakeup
 136              		.thumb
 137              		.thumb_func
 138              		.type	Comp_4_Wakeup, %function
 139              	Comp_4_Wakeup:
 140              	.LFB3:
  99:.\Generated_Source\PSoC5/Comp_4_PM.c **** 
 100:.\Generated_Source\PSoC5/Comp_4_PM.c **** 
 101:.\Generated_Source\PSoC5/Comp_4_PM.c **** /*******************************************************************************
 102:.\Generated_Source\PSoC5/Comp_4_PM.c **** * Function Name: Comp_4_Wakeup
 103:.\Generated_Source\PSoC5/Comp_4_PM.c **** ********************************************************************************
 104:.\Generated_Source\PSoC5/Comp_4_PM.c **** *
 105:.\Generated_Source\PSoC5/Comp_4_PM.c **** * Summary:
 106:.\Generated_Source\PSoC5/Comp_4_PM.c **** *  Restores and enables the user configuration
 107:.\Generated_Source\PSoC5/Comp_4_PM.c **** *  
 108:.\Generated_Source\PSoC5/Comp_4_PM.c **** * Parameters:
 109:.\Generated_Source\PSoC5/Comp_4_PM.c **** *  void
 110:.\Generated_Source\PSoC5/Comp_4_PM.c **** *
 111:.\Generated_Source\PSoC5/Comp_4_PM.c **** * Return:
 112:.\Generated_Source\PSoC5/Comp_4_PM.c **** *  void
 113:.\Generated_Source\PSoC5/Comp_4_PM.c **** *
 114:.\Generated_Source\PSoC5/Comp_4_PM.c **** * Global variables:
 115:.\Generated_Source\PSoC5/Comp_4_PM.c **** *  Comp_4_backup.enableState:  Is used to restore the enable state of 
 116:.\Generated_Source\PSoC5/Comp_4_PM.c **** *  block on wakeup from sleep mode.
 117:.\Generated_Source\PSoC5/Comp_4_PM.c **** *
 118:.\Generated_Source\PSoC5/Comp_4_PM.c **** *******************************************************************************/
 119:.\Generated_Source\PSoC5/Comp_4_PM.c **** void Comp_4_Wakeup(void) 
 120:.\Generated_Source\PSoC5/Comp_4_PM.c **** {
 141              		.loc 1 120 0
 142              		.cfi_startproc
 143              		@ args = 0, pretend = 0, frame = 0
 144              		@ frame_needed = 1, uses_anonymous_args = 0
 145 0000 80B5     		push	{r7, lr}
 146              	.LCFI6:
 147              		.cfi_def_cfa_offset 8
 148 0002 00AF     		add	r7, sp, #0
 149              		.cfi_offset 14, -4
 150              		.cfi_offset 7, -8
 151              	.LCFI7:
 152              		.cfi_def_cfa_register 7
 121:.\Generated_Source\PSoC5/Comp_4_PM.c ****     Comp_4_RestoreConfig();
 153              		.loc 1 121 0
 154 0004 FFF7FEFF 		bl	Comp_4_RestoreConfig
 122:.\Generated_Source\PSoC5/Comp_4_PM.c ****     
 123:.\Generated_Source\PSoC5/Comp_4_PM.c ****     if(Comp_4_backup.enableState == 1u)
 155              		.loc 1 123 0
 156 0008 40F20003 		movw	r3, #:lower16:Comp_4_backup
 157 000c C0F20003 		movt	r3, #:upper16:Comp_4_backup
 158 0010 1B78     		ldrb	r3, [r3, #0]	@ zero_extendqisi2
ARM GAS  C:\Users\karunmj\AppData\Local\Temp\ccQSW7Rx.s 			page 6


 159 0012 012B     		cmp	r3, #1
 160 0014 01D1     		bne	.L11
 124:.\Generated_Source\PSoC5/Comp_4_PM.c ****     {
 125:.\Generated_Source\PSoC5/Comp_4_PM.c ****         /* Enable Comp's operation */
 126:.\Generated_Source\PSoC5/Comp_4_PM.c ****         Comp_4_Enable();
 161              		.loc 1 126 0
 162 0016 FFF7FEFF 		bl	Comp_4_Enable
 163              	.L11:
 127:.\Generated_Source\PSoC5/Comp_4_PM.c **** 
 128:.\Generated_Source\PSoC5/Comp_4_PM.c ****     } /* Do nothing if Comp was disabled before */ 
 129:.\Generated_Source\PSoC5/Comp_4_PM.c **** }
 164              		.loc 1 129 0
 165 001a 80BD     		pop	{r7, pc}
 166              		.cfi_endproc
 167              	.LFE3:
 168              		.size	Comp_4_Wakeup, .-Comp_4_Wakeup
 169              		.text
 170              	.Letext0:
 171              		.section	.debug_loc,"",%progbits
 172              	.Ldebug_loc0:
 173              	.LLST0:
 174 0000 00000000 		.4byte	.LFB0
 175 0004 02000000 		.4byte	.LCFI0
 176 0008 0100     		.2byte	0x1
 177 000a 5D       		.byte	0x5d
 178 000b 02000000 		.4byte	.LCFI0
 179 000f 04000000 		.4byte	.LCFI1
 180 0013 0200     		.2byte	0x2
 181 0015 7D       		.byte	0x7d
 182 0016 04       		.sleb128 4
 183 0017 04000000 		.4byte	.LCFI1
 184 001b 0A000000 		.4byte	.LFE0
 185 001f 0200     		.2byte	0x2
 186 0021 77       		.byte	0x77
 187 0022 04       		.sleb128 4
 188 0023 00000000 		.4byte	0x0
 189 0027 00000000 		.4byte	0x0
 190              	.LLST1:
 191 002b 00000000 		.4byte	.LFB1
 192 002f 02000000 		.4byte	.LCFI2
 193 0033 0100     		.2byte	0x1
 194 0035 5D       		.byte	0x5d
 195 0036 02000000 		.4byte	.LCFI2
 196 003a 04000000 		.4byte	.LCFI3
 197 003e 0200     		.2byte	0x2
 198 0040 7D       		.byte	0x7d
 199 0041 04       		.sleb128 4
 200 0042 04000000 		.4byte	.LCFI3
 201 0046 0A000000 		.4byte	.LFE1
 202 004a 0200     		.2byte	0x2
 203 004c 77       		.byte	0x77
 204 004d 04       		.sleb128 4
 205 004e 00000000 		.4byte	0x0
 206 0052 00000000 		.4byte	0x0
 207              	.LLST2:
 208 0056 00000000 		.4byte	.LFB2
 209 005a 02000000 		.4byte	.LCFI4
ARM GAS  C:\Users\karunmj\AppData\Local\Temp\ccQSW7Rx.s 			page 7


 210 005e 0100     		.2byte	0x1
 211 0060 5D       		.byte	0x5d
 212 0061 02000000 		.4byte	.LCFI4
 213 0065 04000000 		.4byte	.LCFI5
 214 0069 0200     		.2byte	0x2
 215 006b 7D       		.byte	0x7d
 216 006c 08       		.sleb128 8
 217 006d 04000000 		.4byte	.LCFI5
 218 0071 42000000 		.4byte	.LFE2
 219 0075 0200     		.2byte	0x2
 220 0077 77       		.byte	0x77
 221 0078 08       		.sleb128 8
 222 0079 00000000 		.4byte	0x0
 223 007d 00000000 		.4byte	0x0
 224              	.LLST3:
 225 0081 00000000 		.4byte	.LFB3
 226 0085 02000000 		.4byte	.LCFI6
 227 0089 0100     		.2byte	0x1
 228 008b 5D       		.byte	0x5d
 229 008c 02000000 		.4byte	.LCFI6
 230 0090 04000000 		.4byte	.LCFI7
 231 0094 0200     		.2byte	0x2
 232 0096 7D       		.byte	0x7d
 233 0097 08       		.sleb128 8
 234 0098 04000000 		.4byte	.LCFI7
 235 009c 1C000000 		.4byte	.LFE3
 236 00a0 0200     		.2byte	0x2
 237 00a2 77       		.byte	0x77
 238 00a3 08       		.sleb128 8
 239 00a4 00000000 		.4byte	0x0
 240 00a8 00000000 		.4byte	0x0
 241              		.file 2 ".\\Generated_Source\\PSoC5\\/cytypes.h"
 242              		.file 3 ".\\Generated_Source\\PSoC5\\/Comp_4.h"
 243              		.section	.debug_info
 244 0000 16010000 		.4byte	0x116
 245 0004 0200     		.2byte	0x2
 246 0006 00000000 		.4byte	.Ldebug_abbrev0
 247 000a 04       		.byte	0x4
 248 000b 01       		.uleb128 0x1
 249 000c B6000000 		.4byte	.LASF18
 250 0010 01       		.byte	0x1
 251 0011 5A000000 		.4byte	.LASF19
 252 0015 F3000000 		.4byte	.LASF20
 253 0019 00000000 		.4byte	0x0
 254 001d 00000000 		.4byte	0x0
 255 0021 00000000 		.4byte	.Ldebug_ranges0+0x0
 256 0025 00000000 		.4byte	.Ldebug_line0
 257 0029 02       		.uleb128 0x2
 258 002a 01       		.byte	0x1
 259 002b 06       		.byte	0x6
 260 002c 51010000 		.4byte	.LASF0
 261 0030 02       		.uleb128 0x2
 262 0031 01       		.byte	0x1
 263 0032 08       		.byte	0x8
 264 0033 C2000000 		.4byte	.LASF1
 265 0037 02       		.uleb128 0x2
 266 0038 02       		.byte	0x2
ARM GAS  C:\Users\karunmj\AppData\Local\Temp\ccQSW7Rx.s 			page 8


 267 0039 05       		.byte	0x5
 268 003a 77010000 		.4byte	.LASF2
 269 003e 02       		.uleb128 0x2
 270 003f 02       		.byte	0x2
 271 0040 07       		.byte	0x7
 272 0041 0E000000 		.4byte	.LASF3
 273 0045 02       		.uleb128 0x2
 274 0046 04       		.byte	0x4
 275 0047 05       		.byte	0x5
 276 0048 EA000000 		.4byte	.LASF4
 277 004c 02       		.uleb128 0x2
 278 004d 04       		.byte	0x4
 279 004e 07       		.byte	0x7
 280 004f 7F000000 		.4byte	.LASF5
 281 0053 02       		.uleb128 0x2
 282 0054 08       		.byte	0x8
 283 0055 05       		.byte	0x5
 284 0056 00000000 		.4byte	.LASF6
 285 005a 02       		.uleb128 0x2
 286 005b 08       		.byte	0x8
 287 005c 07       		.byte	0x7
 288 005d 91000000 		.4byte	.LASF7
 289 0061 03       		.uleb128 0x3
 290 0062 04       		.byte	0x4
 291 0063 05       		.byte	0x5
 292 0064 696E7400 		.ascii	"int\000"
 293 0068 02       		.uleb128 0x2
 294 0069 04       		.byte	0x4
 295 006a 07       		.byte	0x7
 296 006b 2F000000 		.4byte	.LASF8
 297 006f 04       		.uleb128 0x4
 298 0070 4B010000 		.4byte	.LASF12
 299 0074 02       		.byte	0x2
 300 0075 4C       		.byte	0x4c
 301 0076 30000000 		.4byte	0x30
 302 007a 02       		.uleb128 0x2
 303 007b 04       		.byte	0x4
 304 007c 04       		.byte	0x4
 305 007d 5D010000 		.4byte	.LASF9
 306 0081 02       		.uleb128 0x2
 307 0082 08       		.byte	0x8
 308 0083 04       		.byte	0x4
 309 0084 44010000 		.4byte	.LASF10
 310 0088 02       		.uleb128 0x2
 311 0089 01       		.byte	0x1
 312 008a 08       		.byte	0x8
 313 008b E5000000 		.4byte	.LASF11
 314 008f 05       		.uleb128 0x5
 315 0090 04       		.byte	0x4
 316 0091 07       		.byte	0x7
 317 0092 06       		.uleb128 0x6
 318 0093 01       		.byte	0x1
 319 0094 03       		.byte	0x3
 320 0095 2A       		.byte	0x2a
 321 0096 A9000000 		.4byte	0xa9
 322 009a 07       		.uleb128 0x7
 323 009b 3C000000 		.4byte	.LASF21
ARM GAS  C:\Users\karunmj\AppData\Local\Temp\ccQSW7Rx.s 			page 9


 324 009f 03       		.byte	0x3
 325 00a0 2B       		.byte	0x2b
 326 00a1 6F000000 		.4byte	0x6f
 327 00a5 02       		.byte	0x2
 328 00a6 23       		.byte	0x23
 329 00a7 00       		.uleb128 0x0
 330 00a8 00       		.byte	0x0
 331 00a9 04       		.uleb128 0x4
 332 00aa 63010000 		.4byte	.LASF13
 333 00ae 03       		.byte	0x3
 334 00af 2D       		.byte	0x2d
 335 00b0 92000000 		.4byte	0x92
 336 00b4 08       		.uleb128 0x8
 337 00b5 01       		.byte	0x1
 338 00b6 48000000 		.4byte	.LASF14
 339 00ba 01       		.byte	0x1
 340 00bb 26       		.byte	0x26
 341 00bc 01       		.byte	0x1
 342 00bd 00000000 		.4byte	.LFB0
 343 00c1 0A000000 		.4byte	.LFE0
 344 00c5 00000000 		.4byte	.LLST0
 345 00c9 08       		.uleb128 0x8
 346 00ca 01       		.byte	0x1
 347 00cb D0000000 		.4byte	.LASF15
 348 00cf 01       		.byte	0x1
 349 00d0 3A       		.byte	0x3a
 350 00d1 01       		.byte	0x1
 351 00d2 00000000 		.4byte	.LFB1
 352 00d6 0A000000 		.4byte	.LFE1
 353 00da 2B000000 		.4byte	.LLST1
 354 00de 08       		.uleb128 0x8
 355 00df 01       		.byte	0x1
 356 00e0 81010000 		.4byte	.LASF16
 357 00e4 01       		.byte	0x1
 358 00e5 52       		.byte	0x52
 359 00e6 01       		.byte	0x1
 360 00e7 00000000 		.4byte	.LFB2
 361 00eb 42000000 		.4byte	.LFE2
 362 00ef 56000000 		.4byte	.LLST2
 363 00f3 08       		.uleb128 0x8
 364 00f4 01       		.byte	0x1
 365 00f5 A8000000 		.4byte	.LASF17
 366 00f9 01       		.byte	0x1
 367 00fa 77       		.byte	0x77
 368 00fb 01       		.byte	0x1
 369 00fc 00000000 		.4byte	.LFB3
 370 0100 1C000000 		.4byte	.LFE3
 371 0104 81000000 		.4byte	.LLST3
 372 0108 09       		.uleb128 0x9
 373 0109 21000000 		.4byte	.LASF22
 374 010d 01       		.byte	0x1
 375 010e 15       		.byte	0x15
 376 010f A9000000 		.4byte	0xa9
 377 0113 05       		.byte	0x5
 378 0114 03       		.byte	0x3
 379 0115 00000000 		.4byte	Comp_4_backup
 380 0119 00       		.byte	0x0
ARM GAS  C:\Users\karunmj\AppData\Local\Temp\ccQSW7Rx.s 			page 10


 381              		.section	.debug_abbrev
 382 0000 01       		.uleb128 0x1
 383 0001 11       		.uleb128 0x11
 384 0002 01       		.byte	0x1
 385 0003 25       		.uleb128 0x25
 386 0004 0E       		.uleb128 0xe
 387 0005 13       		.uleb128 0x13
 388 0006 0B       		.uleb128 0xb
 389 0007 03       		.uleb128 0x3
 390 0008 0E       		.uleb128 0xe
 391 0009 1B       		.uleb128 0x1b
 392 000a 0E       		.uleb128 0xe
 393 000b 11       		.uleb128 0x11
 394 000c 01       		.uleb128 0x1
 395 000d 52       		.uleb128 0x52
 396 000e 01       		.uleb128 0x1
 397 000f 55       		.uleb128 0x55
 398 0010 06       		.uleb128 0x6
 399 0011 10       		.uleb128 0x10
 400 0012 06       		.uleb128 0x6
 401 0013 00       		.byte	0x0
 402 0014 00       		.byte	0x0
 403 0015 02       		.uleb128 0x2
 404 0016 24       		.uleb128 0x24
 405 0017 00       		.byte	0x0
 406 0018 0B       		.uleb128 0xb
 407 0019 0B       		.uleb128 0xb
 408 001a 3E       		.uleb128 0x3e
 409 001b 0B       		.uleb128 0xb
 410 001c 03       		.uleb128 0x3
 411 001d 0E       		.uleb128 0xe
 412 001e 00       		.byte	0x0
 413 001f 00       		.byte	0x0
 414 0020 03       		.uleb128 0x3
 415 0021 24       		.uleb128 0x24
 416 0022 00       		.byte	0x0
 417 0023 0B       		.uleb128 0xb
 418 0024 0B       		.uleb128 0xb
 419 0025 3E       		.uleb128 0x3e
 420 0026 0B       		.uleb128 0xb
 421 0027 03       		.uleb128 0x3
 422 0028 08       		.uleb128 0x8
 423 0029 00       		.byte	0x0
 424 002a 00       		.byte	0x0
 425 002b 04       		.uleb128 0x4
 426 002c 16       		.uleb128 0x16
 427 002d 00       		.byte	0x0
 428 002e 03       		.uleb128 0x3
 429 002f 0E       		.uleb128 0xe
 430 0030 3A       		.uleb128 0x3a
 431 0031 0B       		.uleb128 0xb
 432 0032 3B       		.uleb128 0x3b
 433 0033 0B       		.uleb128 0xb
 434 0034 49       		.uleb128 0x49
 435 0035 13       		.uleb128 0x13
 436 0036 00       		.byte	0x0
 437 0037 00       		.byte	0x0
ARM GAS  C:\Users\karunmj\AppData\Local\Temp\ccQSW7Rx.s 			page 11


 438 0038 05       		.uleb128 0x5
 439 0039 24       		.uleb128 0x24
 440 003a 00       		.byte	0x0
 441 003b 0B       		.uleb128 0xb
 442 003c 0B       		.uleb128 0xb
 443 003d 3E       		.uleb128 0x3e
 444 003e 0B       		.uleb128 0xb
 445 003f 00       		.byte	0x0
 446 0040 00       		.byte	0x0
 447 0041 06       		.uleb128 0x6
 448 0042 13       		.uleb128 0x13
 449 0043 01       		.byte	0x1
 450 0044 0B       		.uleb128 0xb
 451 0045 0B       		.uleb128 0xb
 452 0046 3A       		.uleb128 0x3a
 453 0047 0B       		.uleb128 0xb
 454 0048 3B       		.uleb128 0x3b
 455 0049 0B       		.uleb128 0xb
 456 004a 01       		.uleb128 0x1
 457 004b 13       		.uleb128 0x13
 458 004c 00       		.byte	0x0
 459 004d 00       		.byte	0x0
 460 004e 07       		.uleb128 0x7
 461 004f 0D       		.uleb128 0xd
 462 0050 00       		.byte	0x0
 463 0051 03       		.uleb128 0x3
 464 0052 0E       		.uleb128 0xe
 465 0053 3A       		.uleb128 0x3a
 466 0054 0B       		.uleb128 0xb
 467 0055 3B       		.uleb128 0x3b
 468 0056 0B       		.uleb128 0xb
 469 0057 49       		.uleb128 0x49
 470 0058 13       		.uleb128 0x13
 471 0059 38       		.uleb128 0x38
 472 005a 0A       		.uleb128 0xa
 473 005b 00       		.byte	0x0
 474 005c 00       		.byte	0x0
 475 005d 08       		.uleb128 0x8
 476 005e 2E       		.uleb128 0x2e
 477 005f 00       		.byte	0x0
 478 0060 3F       		.uleb128 0x3f
 479 0061 0C       		.uleb128 0xc
 480 0062 03       		.uleb128 0x3
 481 0063 0E       		.uleb128 0xe
 482 0064 3A       		.uleb128 0x3a
 483 0065 0B       		.uleb128 0xb
 484 0066 3B       		.uleb128 0x3b
 485 0067 0B       		.uleb128 0xb
 486 0068 27       		.uleb128 0x27
 487 0069 0C       		.uleb128 0xc
 488 006a 11       		.uleb128 0x11
 489 006b 01       		.uleb128 0x1
 490 006c 12       		.uleb128 0x12
 491 006d 01       		.uleb128 0x1
 492 006e 40       		.uleb128 0x40
 493 006f 06       		.uleb128 0x6
 494 0070 00       		.byte	0x0
ARM GAS  C:\Users\karunmj\AppData\Local\Temp\ccQSW7Rx.s 			page 12


 495 0071 00       		.byte	0x0
 496 0072 09       		.uleb128 0x9
 497 0073 34       		.uleb128 0x34
 498 0074 00       		.byte	0x0
 499 0075 03       		.uleb128 0x3
 500 0076 0E       		.uleb128 0xe
 501 0077 3A       		.uleb128 0x3a
 502 0078 0B       		.uleb128 0xb
 503 0079 3B       		.uleb128 0x3b
 504 007a 0B       		.uleb128 0xb
 505 007b 49       		.uleb128 0x49
 506 007c 13       		.uleb128 0x13
 507 007d 02       		.uleb128 0x2
 508 007e 0A       		.uleb128 0xa
 509 007f 00       		.byte	0x0
 510 0080 00       		.byte	0x0
 511 0081 00       		.byte	0x0
 512              		.section	.debug_pubnames,"",%progbits
 513 0000 60000000 		.4byte	0x60
 514 0004 0200     		.2byte	0x2
 515 0006 00000000 		.4byte	.Ldebug_info0
 516 000a 1A010000 		.4byte	0x11a
 517 000e B4000000 		.4byte	0xb4
 518 0012 436F6D70 		.ascii	"Comp_4_SaveConfig\000"
 518      5F345F53 
 518      61766543 
 518      6F6E6669 
 518      6700
 519 0024 C9000000 		.4byte	0xc9
 520 0028 436F6D70 		.ascii	"Comp_4_RestoreConfig\000"
 520      5F345F52 
 520      6573746F 
 520      7265436F 
 520      6E666967 
 521 003d DE000000 		.4byte	0xde
 522 0041 436F6D70 		.ascii	"Comp_4_Sleep\000"
 522      5F345F53 
 522      6C656570 
 522      00
 523 004e F3000000 		.4byte	0xf3
 524 0052 436F6D70 		.ascii	"Comp_4_Wakeup\000"
 524      5F345F57 
 524      616B6575 
 524      7000
 525 0060 00000000 		.4byte	0x0
 526              		.section	.debug_aranges,"",%progbits
 527 0000 34000000 		.4byte	0x34
 528 0004 0200     		.2byte	0x2
 529 0006 00000000 		.4byte	.Ldebug_info0
 530 000a 04       		.byte	0x4
 531 000b 00       		.byte	0x0
 532 000c 0000     		.2byte	0x0
 533 000e 0000     		.2byte	0x0
 534 0010 00000000 		.4byte	.LFB0
 535 0014 0A000000 		.4byte	.LFE0-.LFB0
 536 0018 00000000 		.4byte	.LFB1
 537 001c 0A000000 		.4byte	.LFE1-.LFB1
ARM GAS  C:\Users\karunmj\AppData\Local\Temp\ccQSW7Rx.s 			page 13


 538 0020 00000000 		.4byte	.LFB2
 539 0024 42000000 		.4byte	.LFE2-.LFB2
 540 0028 00000000 		.4byte	.LFB3
 541 002c 1C000000 		.4byte	.LFE3-.LFB3
 542 0030 00000000 		.4byte	0x0
 543 0034 00000000 		.4byte	0x0
 544              		.section	.debug_ranges,"",%progbits
 545              	.Ldebug_ranges0:
 546 0000 00000000 		.4byte	.Ltext0
 547 0004 00000000 		.4byte	.Letext0
 548 0008 00000000 		.4byte	.LFB0
 549 000c 0A000000 		.4byte	.LFE0
 550 0010 00000000 		.4byte	.LFB1
 551 0014 0A000000 		.4byte	.LFE1
 552 0018 00000000 		.4byte	.LFB2
 553 001c 42000000 		.4byte	.LFE2
 554 0020 00000000 		.4byte	.LFB3
 555 0024 1C000000 		.4byte	.LFE3
 556 0028 00000000 		.4byte	0x0
 557 002c 00000000 		.4byte	0x0
 558              		.section	.debug_str,"MS",%progbits,1
 559              	.LASF6:
 560 0000 6C6F6E67 		.ascii	"long long int\000"
 560      206C6F6E 
 560      6720696E 
 560      7400
 561              	.LASF3:
 562 000e 73686F72 		.ascii	"short unsigned int\000"
 562      7420756E 
 562      7369676E 
 562      65642069 
 562      6E7400
 563              	.LASF22:
 564 0021 436F6D70 		.ascii	"Comp_4_backup\000"
 564      5F345F62 
 564      61636B75 
 564      7000
 565              	.LASF8:
 566 002f 756E7369 		.ascii	"unsigned int\000"
 566      676E6564 
 566      20696E74 
 566      00
 567              	.LASF21:
 568 003c 656E6162 		.ascii	"enableState\000"
 568      6C655374 
 568      61746500 
 569              	.LASF14:
 570 0048 436F6D70 		.ascii	"Comp_4_SaveConfig\000"
 570      5F345F53 
 570      61766543 
 570      6F6E6669 
 570      6700
 571              	.LASF19:
 572 005a 2E5C4765 		.ascii	".\\Generated_Source\\PSoC5\\Comp_4_PM.c\000"
 572      6E657261 
 572      7465645F 
 572      536F7572 
ARM GAS  C:\Users\karunmj\AppData\Local\Temp\ccQSW7Rx.s 			page 14


 572      63655C50 
 573              	.LASF5:
 574 007f 6C6F6E67 		.ascii	"long unsigned int\000"
 574      20756E73 
 574      69676E65 
 574      6420696E 
 574      7400
 575              	.LASF7:
 576 0091 6C6F6E67 		.ascii	"long long unsigned int\000"
 576      206C6F6E 
 576      6720756E 
 576      7369676E 
 576      65642069 
 577              	.LASF17:
 578 00a8 436F6D70 		.ascii	"Comp_4_Wakeup\000"
 578      5F345F57 
 578      616B6575 
 578      7000
 579              	.LASF18:
 580 00b6 474E5520 		.ascii	"GNU C 4.4.1\000"
 580      4320342E 
 580      342E3100 
 581              	.LASF1:
 582 00c2 756E7369 		.ascii	"unsigned char\000"
 582      676E6564 
 582      20636861 
 582      7200
 583              	.LASF15:
 584 00d0 436F6D70 		.ascii	"Comp_4_RestoreConfig\000"
 584      5F345F52 
 584      6573746F 
 584      7265436F 
 584      6E666967 
 585              	.LASF11:
 586 00e5 63686172 		.ascii	"char\000"
 586      00
 587              	.LASF4:
 588 00ea 6C6F6E67 		.ascii	"long int\000"
 588      20696E74 
 588      00
 589              	.LASF20:
 590 00f3 433A5C55 		.ascii	"C:\\Users\\karunmj\\Documents\\GitHub\\m2m\\hardwar"
 590      73657273 
 590      5C6B6172 
 590      756E6D6A 
 590      5C446F63 
 591 0120 655C7073 		.ascii	"e\\psoc5\\Campbell_Conductivity.cydsn\000"
 591      6F63355C 
 591      43616D70 
 591      62656C6C 
 591      5F436F6E 
 592              	.LASF10:
 593 0144 646F7562 		.ascii	"double\000"
 593      6C6500
 594              	.LASF12:
 595 014b 75696E74 		.ascii	"uint8\000"
 595      3800
ARM GAS  C:\Users\karunmj\AppData\Local\Temp\ccQSW7Rx.s 			page 15


 596              	.LASF0:
 597 0151 7369676E 		.ascii	"signed char\000"
 597      65642063 
 597      68617200 
 598              	.LASF9:
 599 015d 666C6F61 		.ascii	"float\000"
 599      7400
 600              	.LASF13:
 601 0163 436F6D70 		.ascii	"Comp_4_backupStruct\000"
 601      5F345F62 
 601      61636B75 
 601      70537472 
 601      75637400 
 602              	.LASF2:
 603 0177 73686F72 		.ascii	"short int\000"
 603      7420696E 
 603      7400
 604              	.LASF16:
 605 0181 436F6D70 		.ascii	"Comp_4_Sleep\000"
 605      5F345F53 
 605      6C656570 
 605      00
 606              		.ident	"GCC: (Sourcery G++ Lite 2010q1-188) 4.4.1"
