ARM GAS  C:\Users\karunmj\AppData\Local\Temp\ccVo4kbl.s 			page 1


   1              		.syntax unified
   2              		.cpu cortex-m3
   3              		.fpu softvfp
   4              		.eabi_attribute 20, 1
   5              		.eabi_attribute 21, 1
   6              		.eabi_attribute 23, 3
   7              		.eabi_attribute 24, 1
   8              		.eabi_attribute 25, 1
   9              		.eabi_attribute 26, 1
  10              		.eabi_attribute 30, 6
  11              		.eabi_attribute 18, 4
  12              		.thumb
  13              		.file	"Mixer_1_PM.c"
  14              		.section	.debug_abbrev,"",%progbits
  15              	.Ldebug_abbrev0:
  16              		.section	.debug_info,"",%progbits
  17              	.Ldebug_info0:
  18              		.section	.debug_line,"",%progbits
  19              	.Ldebug_line0:
  20 0000 C0000000 		.text
  20      02007000 
  20      00000201 
  20      FB0E0D00 
  20      01010101 
  21              	.Ltext0:
  22              		.cfi_sections	.debug_frame
  23              		.bss
  24              		.align	2
  25              	Mixer_1_backup:
  26 0000 00000000 		.space	4
  27              		.section	.text.Mixer_1_SaveConfig,"ax",%progbits
  28              		.align	2
  29              		.global	Mixer_1_SaveConfig
  30              		.thumb
  31              		.thumb_func
  32              		.type	Mixer_1_SaveConfig, %function
  33              	Mixer_1_SaveConfig:
  34              	.LFB0:
  35              		.file 1 ".\\Generated_Source\\PSoC5\\Mixer_1_PM.c"
   1:.\Generated_Source\PSoC5/Mixer_1_PM.c **** /*******************************************************************************
   2:.\Generated_Source\PSoC5/Mixer_1_PM.c **** * File Name: Mixer_1_PM.c  
   3:.\Generated_Source\PSoC5/Mixer_1_PM.c **** * Version 2.0
   4:.\Generated_Source\PSoC5/Mixer_1_PM.c **** *
   5:.\Generated_Source\PSoC5/Mixer_1_PM.c **** * Description:
   6:.\Generated_Source\PSoC5/Mixer_1_PM.c **** *  This file provides the power manager source code to the API for 
   7:.\Generated_Source\PSoC5/Mixer_1_PM.c **** *  the MIXER component.
   8:.\Generated_Source\PSoC5/Mixer_1_PM.c **** *
   9:.\Generated_Source\PSoC5/Mixer_1_PM.c **** * Note:
  10:.\Generated_Source\PSoC5/Mixer_1_PM.c **** *
  11:.\Generated_Source\PSoC5/Mixer_1_PM.c **** *******************************************************************************
  12:.\Generated_Source\PSoC5/Mixer_1_PM.c **** * Copyright 2008-2012, Cypress Semiconductor Corporation.  All rights reserved.
  13:.\Generated_Source\PSoC5/Mixer_1_PM.c **** * You may use this file only in accordance with the license, terms, conditions, 
  14:.\Generated_Source\PSoC5/Mixer_1_PM.c **** * disclaimers, and limitations in the end user license agreement accompanying 
  15:.\Generated_Source\PSoC5/Mixer_1_PM.c **** * the software package with which this file was provided.
  16:.\Generated_Source\PSoC5/Mixer_1_PM.c **** *******************************************************************************/
  17:.\Generated_Source\PSoC5/Mixer_1_PM.c **** 
  18:.\Generated_Source\PSoC5/Mixer_1_PM.c **** #include "Mixer_1.h"
ARM GAS  C:\Users\karunmj\AppData\Local\Temp\ccVo4kbl.s 			page 2


  19:.\Generated_Source\PSoC5/Mixer_1_PM.c **** 
  20:.\Generated_Source\PSoC5/Mixer_1_PM.c **** static Mixer_1_backupStruct  Mixer_1_backup;
  21:.\Generated_Source\PSoC5/Mixer_1_PM.c **** 
  22:.\Generated_Source\PSoC5/Mixer_1_PM.c **** 
  23:.\Generated_Source\PSoC5/Mixer_1_PM.c **** /*******************************************************************************
  24:.\Generated_Source\PSoC5/Mixer_1_PM.c **** * Function Name: Mixer_1_SaveConfig
  25:.\Generated_Source\PSoC5/Mixer_1_PM.c **** ********************************************************************************
  26:.\Generated_Source\PSoC5/Mixer_1_PM.c **** *
  27:.\Generated_Source\PSoC5/Mixer_1_PM.c **** * Summary:
  28:.\Generated_Source\PSoC5/Mixer_1_PM.c **** *  Saves the current user configuration.
  29:.\Generated_Source\PSoC5/Mixer_1_PM.c **** *  
  30:.\Generated_Source\PSoC5/Mixer_1_PM.c **** * Parameters:  
  31:.\Generated_Source\PSoC5/Mixer_1_PM.c **** *  void.
  32:.\Generated_Source\PSoC5/Mixer_1_PM.c **** *
  33:.\Generated_Source\PSoC5/Mixer_1_PM.c **** * Return: 
  34:.\Generated_Source\PSoC5/Mixer_1_PM.c **** *  void.
  35:.\Generated_Source\PSoC5/Mixer_1_PM.c **** *
  36:.\Generated_Source\PSoC5/Mixer_1_PM.c **** *******************************************************************************/
  37:.\Generated_Source\PSoC5/Mixer_1_PM.c **** void Mixer_1_SaveConfig(void) 
  38:.\Generated_Source\PSoC5/Mixer_1_PM.c **** {
  36              		.loc 1 38 0
  37              		.cfi_startproc
  38              		@ args = 0, pretend = 0, frame = 0
  39              		@ frame_needed = 1, uses_anonymous_args = 0
  40              		@ link register save eliminated.
  41 0000 80B4     		push	{r7}
  42              	.LCFI0:
  43              		.cfi_def_cfa_offset 4
  44 0002 00AF     		add	r7, sp, #0
  45              		.cfi_offset 7, -4
  46              	.LCFI1:
  47              		.cfi_def_cfa_register 7
  39:.\Generated_Source\PSoC5/Mixer_1_PM.c ****     /* Nothing to save before entering into sleep mode as all the registers used 
  40:.\Generated_Source\PSoC5/Mixer_1_PM.c ****        here are retension registers. */
  41:.\Generated_Source\PSoC5/Mixer_1_PM.c **** }
  48              		.loc 1 41 0
  49 0004 BD46     		mov	sp, r7
  50 0006 80BC     		pop	{r7}
  51 0008 7047     		bx	lr
  52              		.cfi_endproc
  53              	.LFE0:
  54              		.size	Mixer_1_SaveConfig, .-Mixer_1_SaveConfig
  55 000a 00BF     		.section	.text.Mixer_1_RestoreConfig,"ax",%progbits
  56              		.align	2
  57              		.global	Mixer_1_RestoreConfig
  58              		.thumb
  59              		.thumb_func
  60              		.type	Mixer_1_RestoreConfig, %function
  61              	Mixer_1_RestoreConfig:
  62              	.LFB1:
  42:.\Generated_Source\PSoC5/Mixer_1_PM.c **** 
  43:.\Generated_Source\PSoC5/Mixer_1_PM.c **** 
  44:.\Generated_Source\PSoC5/Mixer_1_PM.c **** /*******************************************************************************
  45:.\Generated_Source\PSoC5/Mixer_1_PM.c **** * Function Name: Mixer_1_RestoreConfig
  46:.\Generated_Source\PSoC5/Mixer_1_PM.c **** ********************************************************************************
  47:.\Generated_Source\PSoC5/Mixer_1_PM.c **** *
  48:.\Generated_Source\PSoC5/Mixer_1_PM.c **** * Summary:
ARM GAS  C:\Users\karunmj\AppData\Local\Temp\ccVo4kbl.s 			page 3


  49:.\Generated_Source\PSoC5/Mixer_1_PM.c **** *  Restores the current user configuration.
  50:.\Generated_Source\PSoC5/Mixer_1_PM.c **** *
  51:.\Generated_Source\PSoC5/Mixer_1_PM.c **** * Parameters:  
  52:.\Generated_Source\PSoC5/Mixer_1_PM.c **** *  void.
  53:.\Generated_Source\PSoC5/Mixer_1_PM.c **** *
  54:.\Generated_Source\PSoC5/Mixer_1_PM.c **** * Return: 
  55:.\Generated_Source\PSoC5/Mixer_1_PM.c **** *  void
  56:.\Generated_Source\PSoC5/Mixer_1_PM.c **** *
  57:.\Generated_Source\PSoC5/Mixer_1_PM.c **** *******************************************************************************/
  58:.\Generated_Source\PSoC5/Mixer_1_PM.c **** void Mixer_1_RestoreConfig(void) 
  59:.\Generated_Source\PSoC5/Mixer_1_PM.c **** {
  63              		.loc 1 59 0
  64              		.cfi_startproc
  65              		@ args = 0, pretend = 0, frame = 0
  66              		@ frame_needed = 1, uses_anonymous_args = 0
  67              		@ link register save eliminated.
  68 0000 80B4     		push	{r7}
  69              	.LCFI2:
  70              		.cfi_def_cfa_offset 4
  71 0002 00AF     		add	r7, sp, #0
  72              		.cfi_offset 7, -4
  73              	.LCFI3:
  74              		.cfi_def_cfa_register 7
  60:.\Generated_Source\PSoC5/Mixer_1_PM.c ****     /* Nothing to restore */
  61:.\Generated_Source\PSoC5/Mixer_1_PM.c **** }
  75              		.loc 1 61 0
  76 0004 BD46     		mov	sp, r7
  77 0006 80BC     		pop	{r7}
  78 0008 7047     		bx	lr
  79              		.cfi_endproc
  80              	.LFE1:
  81              		.size	Mixer_1_RestoreConfig, .-Mixer_1_RestoreConfig
  82 000a 00BF     		.section	.text.Mixer_1_Sleep,"ax",%progbits
  83              		.align	2
  84              		.global	Mixer_1_Sleep
  85              		.thumb
  86              		.thumb_func
  87              		.type	Mixer_1_Sleep, %function
  88              	Mixer_1_Sleep:
  89              	.LFB2:
  62:.\Generated_Source\PSoC5/Mixer_1_PM.c **** 
  63:.\Generated_Source\PSoC5/Mixer_1_PM.c **** 
  64:.\Generated_Source\PSoC5/Mixer_1_PM.c **** /*******************************************************************************
  65:.\Generated_Source\PSoC5/Mixer_1_PM.c **** * Function Name: Mixer_1_Sleep
  66:.\Generated_Source\PSoC5/Mixer_1_PM.c **** ********************************************************************************
  67:.\Generated_Source\PSoC5/Mixer_1_PM.c **** *
  68:.\Generated_Source\PSoC5/Mixer_1_PM.c **** * Summary:
  69:.\Generated_Source\PSoC5/Mixer_1_PM.c **** *  Disables block's operation and saves its configuration. Should be called 
  70:.\Generated_Source\PSoC5/Mixer_1_PM.c **** *  just prior to entering sleep.
  71:.\Generated_Source\PSoC5/Mixer_1_PM.c **** *  
  72:.\Generated_Source\PSoC5/Mixer_1_PM.c **** * Parameters:  
  73:.\Generated_Source\PSoC5/Mixer_1_PM.c **** *  None
  74:.\Generated_Source\PSoC5/Mixer_1_PM.c **** *
  75:.\Generated_Source\PSoC5/Mixer_1_PM.c **** * Return: 
  76:.\Generated_Source\PSoC5/Mixer_1_PM.c **** *  None
  77:.\Generated_Source\PSoC5/Mixer_1_PM.c **** *
  78:.\Generated_Source\PSoC5/Mixer_1_PM.c **** * Global variables:
ARM GAS  C:\Users\karunmj\AppData\Local\Temp\ccVo4kbl.s 			page 4


  79:.\Generated_Source\PSoC5/Mixer_1_PM.c **** *  Mixer_1_backup:  The structure field 'enableState' is modified 
  80:.\Generated_Source\PSoC5/Mixer_1_PM.c **** *  depending on the enable state of the block before entering to sleep mode.
  81:.\Generated_Source\PSoC5/Mixer_1_PM.c **** *
  82:.\Generated_Source\PSoC5/Mixer_1_PM.c **** *******************************************************************************/
  83:.\Generated_Source\PSoC5/Mixer_1_PM.c **** void Mixer_1_Sleep(void) 
  84:.\Generated_Source\PSoC5/Mixer_1_PM.c **** {
  90              		.loc 1 84 0
  91              		.cfi_startproc
  92              		@ args = 0, pretend = 0, frame = 0
  93              		@ frame_needed = 1, uses_anonymous_args = 0
  94 0000 80B5     		push	{r7, lr}
  95              	.LCFI4:
  96              		.cfi_def_cfa_offset 8
  97 0002 00AF     		add	r7, sp, #0
  98              		.cfi_offset 14, -4
  99              		.cfi_offset 7, -8
 100              	.LCFI5:
 101              		.cfi_def_cfa_register 7
  85:.\Generated_Source\PSoC5/Mixer_1_PM.c ****     /* Save Mixer enable state */
  86:.\Generated_Source\PSoC5/Mixer_1_PM.c ****     if((Mixer_1_PM_ACT_CFG_REG & Mixer_1_ACT_PWR_EN) != 0u)
 102              		.loc 1 86 0
 103 0004 44F2A933 		movw	r3, #:lower16:1073759145
 104 0008 C4F20003 		movt	r3, #:upper16:1073759145
 105 000c 1B78     		ldrb	r3, [r3, #0]
 106 000e DBB2     		uxtb	r3, r3
 107 0010 03F00103 		and	r3, r3, #1
 108 0014 DBB2     		uxtb	r3, r3
 109 0016 002B     		cmp	r3, #0
 110 0018 09D0     		beq	.L6
  87:.\Generated_Source\PSoC5/Mixer_1_PM.c ****     {
  88:.\Generated_Source\PSoC5/Mixer_1_PM.c ****         /* Component is enabled */
  89:.\Generated_Source\PSoC5/Mixer_1_PM.c ****         Mixer_1_backup.enableState = 1u;
 111              		.loc 1 89 0
 112 001a 40F20003 		movw	r3, #:lower16:Mixer_1_backup
 113 001e C0F20003 		movt	r3, #:upper16:Mixer_1_backup
 114 0022 4FF00102 		mov	r2, #1
 115 0026 1A70     		strb	r2, [r3, #0]
  90:.\Generated_Source\PSoC5/Mixer_1_PM.c ****         /* Stop the configuration */
  91:.\Generated_Source\PSoC5/Mixer_1_PM.c ****         Mixer_1_Stop();
 116              		.loc 1 91 0
 117 0028 FFF7FEFF 		bl	Mixer_1_Stop
 118 002c 06E0     		b	.L7
 119              	.L6:
  92:.\Generated_Source\PSoC5/Mixer_1_PM.c ****     }
  93:.\Generated_Source\PSoC5/Mixer_1_PM.c ****     else
  94:.\Generated_Source\PSoC5/Mixer_1_PM.c ****     {
  95:.\Generated_Source\PSoC5/Mixer_1_PM.c ****         /* Component is disabled */
  96:.\Generated_Source\PSoC5/Mixer_1_PM.c ****         Mixer_1_backup.enableState = 0u;
 120              		.loc 1 96 0
 121 002e 40F20003 		movw	r3, #:lower16:Mixer_1_backup
 122 0032 C0F20003 		movt	r3, #:upper16:Mixer_1_backup
 123 0036 4FF00002 		mov	r2, #0
 124 003a 1A70     		strb	r2, [r3, #0]
 125              	.L7:
  97:.\Generated_Source\PSoC5/Mixer_1_PM.c ****     }
  98:.\Generated_Source\PSoC5/Mixer_1_PM.c ****     /* Saves the user configuration */
  99:.\Generated_Source\PSoC5/Mixer_1_PM.c ****     Mixer_1_SaveConfig();
ARM GAS  C:\Users\karunmj\AppData\Local\Temp\ccVo4kbl.s 			page 5


 126              		.loc 1 99 0
 127 003c FFF7FEFF 		bl	Mixer_1_SaveConfig
 100:.\Generated_Source\PSoC5/Mixer_1_PM.c **** }
 128              		.loc 1 100 0
 129 0040 80BD     		pop	{r7, pc}
 130              		.cfi_endproc
 131              	.LFE2:
 132              		.size	Mixer_1_Sleep, .-Mixer_1_Sleep
 133 0042 00BF     		.section	.text.Mixer_1_Wakeup,"ax",%progbits
 134              		.align	2
 135              		.global	Mixer_1_Wakeup
 136              		.thumb
 137              		.thumb_func
 138              		.type	Mixer_1_Wakeup, %function
 139              	Mixer_1_Wakeup:
 140              	.LFB3:
 101:.\Generated_Source\PSoC5/Mixer_1_PM.c **** 
 102:.\Generated_Source\PSoC5/Mixer_1_PM.c **** 
 103:.\Generated_Source\PSoC5/Mixer_1_PM.c **** /*******************************************************************************
 104:.\Generated_Source\PSoC5/Mixer_1_PM.c **** * Function Name: Mixer_1_Wakeup
 105:.\Generated_Source\PSoC5/Mixer_1_PM.c **** ********************************************************************************
 106:.\Generated_Source\PSoC5/Mixer_1_PM.c **** *
 107:.\Generated_Source\PSoC5/Mixer_1_PM.c **** * Summary:
 108:.\Generated_Source\PSoC5/Mixer_1_PM.c **** *  Enables block's operation and restores its configuration. Should be called
 109:.\Generated_Source\PSoC5/Mixer_1_PM.c **** *  just after awaking from sleep.
 110:.\Generated_Source\PSoC5/Mixer_1_PM.c **** *  
 111:.\Generated_Source\PSoC5/Mixer_1_PM.c **** * Parameters:  
 112:.\Generated_Source\PSoC5/Mixer_1_PM.c **** *  None
 113:.\Generated_Source\PSoC5/Mixer_1_PM.c **** *
 114:.\Generated_Source\PSoC5/Mixer_1_PM.c **** * Return: 
 115:.\Generated_Source\PSoC5/Mixer_1_PM.c **** *  void
 116:.\Generated_Source\PSoC5/Mixer_1_PM.c **** *
 117:.\Generated_Source\PSoC5/Mixer_1_PM.c **** * Global variables:
 118:.\Generated_Source\PSoC5/Mixer_1_PM.c **** *  Mixer_1_backup:  The structure field 'enableState' is used to 
 119:.\Generated_Source\PSoC5/Mixer_1_PM.c **** *  restore the enable state of block after wakeup from sleep mode.
 120:.\Generated_Source\PSoC5/Mixer_1_PM.c **** *
 121:.\Generated_Source\PSoC5/Mixer_1_PM.c **** *******************************************************************************/
 122:.\Generated_Source\PSoC5/Mixer_1_PM.c **** void Mixer_1_Wakeup(void) 
 123:.\Generated_Source\PSoC5/Mixer_1_PM.c **** {
 141              		.loc 1 123 0
 142              		.cfi_startproc
 143              		@ args = 0, pretend = 0, frame = 0
 144              		@ frame_needed = 1, uses_anonymous_args = 0
 145 0000 80B5     		push	{r7, lr}
 146              	.LCFI6:
 147              		.cfi_def_cfa_offset 8
 148 0002 00AF     		add	r7, sp, #0
 149              		.cfi_offset 14, -4
 150              		.cfi_offset 7, -8
 151              	.LCFI7:
 152              		.cfi_def_cfa_register 7
 124:.\Generated_Source\PSoC5/Mixer_1_PM.c ****     /* Restore the user configuration */
 125:.\Generated_Source\PSoC5/Mixer_1_PM.c ****     Mixer_1_RestoreConfig();
 153              		.loc 1 125 0
 154 0004 FFF7FEFF 		bl	Mixer_1_RestoreConfig
 126:.\Generated_Source\PSoC5/Mixer_1_PM.c ****     
 127:.\Generated_Source\PSoC5/Mixer_1_PM.c ****     /* Enable's the component operation */
ARM GAS  C:\Users\karunmj\AppData\Local\Temp\ccVo4kbl.s 			page 6


 128:.\Generated_Source\PSoC5/Mixer_1_PM.c ****     if(Mixer_1_backup.enableState == 1u)
 155              		.loc 1 128 0
 156 0008 40F20003 		movw	r3, #:lower16:Mixer_1_backup
 157 000c C0F20003 		movt	r3, #:upper16:Mixer_1_backup
 158 0010 1B78     		ldrb	r3, [r3, #0]	@ zero_extendqisi2
 159 0012 012B     		cmp	r3, #1
 160 0014 01D1     		bne	.L11
 129:.\Generated_Source\PSoC5/Mixer_1_PM.c ****     {
 130:.\Generated_Source\PSoC5/Mixer_1_PM.c ****         Mixer_1_Enable();
 161              		.loc 1 130 0
 162 0016 FFF7FEFF 		bl	Mixer_1_Enable
 163              	.L11:
 131:.\Generated_Source\PSoC5/Mixer_1_PM.c ****     } /* Do nothing if component was disable before */
 132:.\Generated_Source\PSoC5/Mixer_1_PM.c **** }
 164              		.loc 1 132 0
 165 001a 80BD     		pop	{r7, pc}
 166              		.cfi_endproc
 167              	.LFE3:
 168              		.size	Mixer_1_Wakeup, .-Mixer_1_Wakeup
 169              		.text
 170              	.Letext0:
 171              		.section	.debug_loc,"",%progbits
 172              	.Ldebug_loc0:
 173              	.LLST0:
 174 0000 00000000 		.4byte	.LFB0
 175 0004 02000000 		.4byte	.LCFI0
 176 0008 0100     		.2byte	0x1
 177 000a 5D       		.byte	0x5d
 178 000b 02000000 		.4byte	.LCFI0
 179 000f 04000000 		.4byte	.LCFI1
 180 0013 0200     		.2byte	0x2
 181 0015 7D       		.byte	0x7d
 182 0016 04       		.sleb128 4
 183 0017 04000000 		.4byte	.LCFI1
 184 001b 0A000000 		.4byte	.LFE0
 185 001f 0200     		.2byte	0x2
 186 0021 77       		.byte	0x77
 187 0022 04       		.sleb128 4
 188 0023 00000000 		.4byte	0x0
 189 0027 00000000 		.4byte	0x0
 190              	.LLST1:
 191 002b 00000000 		.4byte	.LFB1
 192 002f 02000000 		.4byte	.LCFI2
 193 0033 0100     		.2byte	0x1
 194 0035 5D       		.byte	0x5d
 195 0036 02000000 		.4byte	.LCFI2
 196 003a 04000000 		.4byte	.LCFI3
 197 003e 0200     		.2byte	0x2
 198 0040 7D       		.byte	0x7d
 199 0041 04       		.sleb128 4
 200 0042 04000000 		.4byte	.LCFI3
 201 0046 0A000000 		.4byte	.LFE1
 202 004a 0200     		.2byte	0x2
 203 004c 77       		.byte	0x77
 204 004d 04       		.sleb128 4
 205 004e 00000000 		.4byte	0x0
 206 0052 00000000 		.4byte	0x0
ARM GAS  C:\Users\karunmj\AppData\Local\Temp\ccVo4kbl.s 			page 7


 207              	.LLST2:
 208 0056 00000000 		.4byte	.LFB2
 209 005a 02000000 		.4byte	.LCFI4
 210 005e 0100     		.2byte	0x1
 211 0060 5D       		.byte	0x5d
 212 0061 02000000 		.4byte	.LCFI4
 213 0065 04000000 		.4byte	.LCFI5
 214 0069 0200     		.2byte	0x2
 215 006b 7D       		.byte	0x7d
 216 006c 08       		.sleb128 8
 217 006d 04000000 		.4byte	.LCFI5
 218 0071 42000000 		.4byte	.LFE2
 219 0075 0200     		.2byte	0x2
 220 0077 77       		.byte	0x77
 221 0078 08       		.sleb128 8
 222 0079 00000000 		.4byte	0x0
 223 007d 00000000 		.4byte	0x0
 224              	.LLST3:
 225 0081 00000000 		.4byte	.LFB3
 226 0085 02000000 		.4byte	.LCFI6
 227 0089 0100     		.2byte	0x1
 228 008b 5D       		.byte	0x5d
 229 008c 02000000 		.4byte	.LCFI6
 230 0090 04000000 		.4byte	.LCFI7
 231 0094 0200     		.2byte	0x2
 232 0096 7D       		.byte	0x7d
 233 0097 08       		.sleb128 8
 234 0098 04000000 		.4byte	.LCFI7
 235 009c 1C000000 		.4byte	.LFE3
 236 00a0 0200     		.2byte	0x2
 237 00a2 77       		.byte	0x77
 238 00a3 08       		.sleb128 8
 239 00a4 00000000 		.4byte	0x0
 240 00a8 00000000 		.4byte	0x0
 241              		.file 2 ".\\Generated_Source\\PSoC5\\/Mixer_1.h"
 242              		.file 3 ".\\Generated_Source\\PSoC5\\/cytypes.h"
 243              		.section	.debug_info
 244 0000 40010000 		.4byte	0x140
 245 0004 0200     		.2byte	0x2
 246 0006 00000000 		.4byte	.Ldebug_abbrev0
 247 000a 04       		.byte	0x4
 248 000b 01       		.uleb128 0x1
 249 000c F5000000 		.4byte	.LASF22
 250 0010 01       		.byte	0x1
 251 0011 94000000 		.4byte	.LASF23
 252 0015 17000000 		.4byte	.LASF24
 253 0019 00000000 		.4byte	0x0
 254 001d 00000000 		.4byte	0x0
 255 0021 00000000 		.4byte	.Ldebug_ranges0+0x0
 256 0025 00000000 		.4byte	.Ldebug_line0
 257 0029 02       		.uleb128 0x2
 258 002a 01       		.byte	0x1
 259 002b 06       		.byte	0x6
 260 002c 75010000 		.4byte	.LASF0
 261 0030 02       		.uleb128 0x2
 262 0031 01       		.byte	0x1
 263 0032 08       		.byte	0x8
ARM GAS  C:\Users\karunmj\AppData\Local\Temp\ccVo4kbl.s 			page 8


 264 0033 01010000 		.4byte	.LASF1
 265 0037 02       		.uleb128 0x2
 266 0038 02       		.byte	0x2
 267 0039 05       		.byte	0x5
 268 003a 90010000 		.4byte	.LASF2
 269 003e 02       		.uleb128 0x2
 270 003f 02       		.byte	0x2
 271 0040 07       		.byte	0x7
 272 0041 62010000 		.4byte	.LASF3
 273 0045 02       		.uleb128 0x2
 274 0046 04       		.byte	0x4
 275 0047 05       		.byte	0x5
 276 0048 22010000 		.4byte	.LASF4
 277 004c 02       		.uleb128 0x2
 278 004d 04       		.byte	0x4
 279 004e 07       		.byte	0x7
 280 004f 2B010000 		.4byte	.LASF5
 281 0053 02       		.uleb128 0x2
 282 0054 08       		.byte	0x8
 283 0055 05       		.byte	0x5
 284 0056 00000000 		.4byte	.LASF6
 285 005a 02       		.uleb128 0x2
 286 005b 08       		.byte	0x8
 287 005c 07       		.byte	0x7
 288 005d C9000000 		.4byte	.LASF7
 289 0061 03       		.uleb128 0x3
 290 0062 04       		.byte	0x4
 291 0063 05       		.byte	0x5
 292 0064 696E7400 		.ascii	"int\000"
 293 0068 02       		.uleb128 0x2
 294 0069 04       		.byte	0x4
 295 006a 07       		.byte	0x7
 296 006b 68000000 		.4byte	.LASF8
 297 006f 04       		.uleb128 0x4
 298 0070 BA000000 		.4byte	.LASF16
 299 0074 03       		.byte	0x3
 300 0075 4C       		.byte	0x4c
 301 0076 30000000 		.4byte	0x30
 302 007a 02       		.uleb128 0x2
 303 007b 04       		.byte	0x4
 304 007c 04       		.byte	0x4
 305 007d 8A010000 		.4byte	.LASF9
 306 0081 02       		.uleb128 0x2
 307 0082 08       		.byte	0x8
 308 0083 04       		.byte	0x4
 309 0084 3D010000 		.4byte	.LASF10
 310 0088 02       		.uleb128 0x2
 311 0089 01       		.byte	0x1
 312 008a 08       		.byte	0x8
 313 008b 0F010000 		.4byte	.LASF11
 314 008f 05       		.uleb128 0x5
 315 0090 04       		.byte	0x4
 316 0091 07       		.byte	0x7
 317 0092 06       		.uleb128 0x6
 318 0093 04       		.byte	0x4
 319 0094 02       		.byte	0x2
 320 0095 2F       		.byte	0x2f
ARM GAS  C:\Users\karunmj\AppData\Local\Temp\ccVo4kbl.s 			page 9


 321 0096 D3000000 		.4byte	0xd3
 322 009a 07       		.uleb128 0x7
 323 009b 75000000 		.4byte	.LASF12
 324 009f 02       		.byte	0x2
 325 00a0 30       		.byte	0x30
 326 00a1 6F000000 		.4byte	0x6f
 327 00a5 02       		.byte	0x2
 328 00a6 23       		.byte	0x23
 329 00a7 00       		.uleb128 0x0
 330 00a8 07       		.uleb128 0x7
 331 00a9 0E000000 		.4byte	.LASF13
 332 00ad 02       		.byte	0x2
 333 00ae 31       		.byte	0x31
 334 00af 6F000000 		.4byte	0x6f
 335 00b3 02       		.byte	0x2
 336 00b4 23       		.byte	0x23
 337 00b5 01       		.uleb128 0x1
 338 00b6 07       		.uleb128 0x7
 339 00b7 C0000000 		.4byte	.LASF14
 340 00bb 02       		.byte	0x2
 341 00bc 32       		.byte	0x32
 342 00bd 6F000000 		.4byte	0x6f
 343 00c1 02       		.byte	0x2
 344 00c2 23       		.byte	0x23
 345 00c3 02       		.uleb128 0x2
 346 00c4 07       		.uleb128 0x7
 347 00c5 81010000 		.4byte	.LASF15
 348 00c9 02       		.byte	0x2
 349 00ca 33       		.byte	0x33
 350 00cb 6F000000 		.4byte	0x6f
 351 00cf 02       		.byte	0x2
 352 00d0 23       		.byte	0x23
 353 00d1 03       		.uleb128 0x3
 354 00d2 00       		.byte	0x0
 355 00d3 04       		.uleb128 0x4
 356 00d4 E0000000 		.4byte	.LASF17
 357 00d8 02       		.byte	0x2
 358 00d9 34       		.byte	0x34
 359 00da 92000000 		.4byte	0x92
 360 00de 08       		.uleb128 0x8
 361 00df 01       		.byte	0x1
 362 00e0 81000000 		.4byte	.LASF18
 363 00e4 01       		.byte	0x1
 364 00e5 25       		.byte	0x25
 365 00e6 01       		.byte	0x1
 366 00e7 00000000 		.4byte	.LFB0
 367 00eb 0A000000 		.4byte	.LFE0
 368 00ef 00000000 		.4byte	.LLST0
 369 00f3 08       		.uleb128 0x8
 370 00f4 01       		.byte	0x1
 371 00f5 9A010000 		.4byte	.LASF19
 372 00f9 01       		.byte	0x1
 373 00fa 3A       		.byte	0x3a
 374 00fb 01       		.byte	0x1
 375 00fc 00000000 		.4byte	.LFB1
 376 0100 0A000000 		.4byte	.LFE1
 377 0104 2B000000 		.4byte	.LLST1
ARM GAS  C:\Users\karunmj\AppData\Local\Temp\ccVo4kbl.s 			page 10


 378 0108 08       		.uleb128 0x8
 379 0109 01       		.byte	0x1
 380 010a 14010000 		.4byte	.LASF20
 381 010e 01       		.byte	0x1
 382 010f 53       		.byte	0x53
 383 0110 01       		.byte	0x1
 384 0111 00000000 		.4byte	.LFB2
 385 0115 42000000 		.4byte	.LFE2
 386 0119 56000000 		.4byte	.LLST2
 387 011d 08       		.uleb128 0x8
 388 011e 01       		.byte	0x1
 389 011f 53010000 		.4byte	.LASF21
 390 0123 01       		.byte	0x1
 391 0124 7A       		.byte	0x7a
 392 0125 01       		.byte	0x1
 393 0126 00000000 		.4byte	.LFB3
 394 012a 1C000000 		.4byte	.LFE3
 395 012e 81000000 		.4byte	.LLST3
 396 0132 09       		.uleb128 0x9
 397 0133 44010000 		.4byte	.LASF25
 398 0137 01       		.byte	0x1
 399 0138 14       		.byte	0x14
 400 0139 D3000000 		.4byte	0xd3
 401 013d 05       		.byte	0x5
 402 013e 03       		.byte	0x3
 403 013f 00000000 		.4byte	Mixer_1_backup
 404 0143 00       		.byte	0x0
 405              		.section	.debug_abbrev
 406 0000 01       		.uleb128 0x1
 407 0001 11       		.uleb128 0x11
 408 0002 01       		.byte	0x1
 409 0003 25       		.uleb128 0x25
 410 0004 0E       		.uleb128 0xe
 411 0005 13       		.uleb128 0x13
 412 0006 0B       		.uleb128 0xb
 413 0007 03       		.uleb128 0x3
 414 0008 0E       		.uleb128 0xe
 415 0009 1B       		.uleb128 0x1b
 416 000a 0E       		.uleb128 0xe
 417 000b 11       		.uleb128 0x11
 418 000c 01       		.uleb128 0x1
 419 000d 52       		.uleb128 0x52
 420 000e 01       		.uleb128 0x1
 421 000f 55       		.uleb128 0x55
 422 0010 06       		.uleb128 0x6
 423 0011 10       		.uleb128 0x10
 424 0012 06       		.uleb128 0x6
 425 0013 00       		.byte	0x0
 426 0014 00       		.byte	0x0
 427 0015 02       		.uleb128 0x2
 428 0016 24       		.uleb128 0x24
 429 0017 00       		.byte	0x0
 430 0018 0B       		.uleb128 0xb
 431 0019 0B       		.uleb128 0xb
 432 001a 3E       		.uleb128 0x3e
 433 001b 0B       		.uleb128 0xb
 434 001c 03       		.uleb128 0x3
ARM GAS  C:\Users\karunmj\AppData\Local\Temp\ccVo4kbl.s 			page 11


 435 001d 0E       		.uleb128 0xe
 436 001e 00       		.byte	0x0
 437 001f 00       		.byte	0x0
 438 0020 03       		.uleb128 0x3
 439 0021 24       		.uleb128 0x24
 440 0022 00       		.byte	0x0
 441 0023 0B       		.uleb128 0xb
 442 0024 0B       		.uleb128 0xb
 443 0025 3E       		.uleb128 0x3e
 444 0026 0B       		.uleb128 0xb
 445 0027 03       		.uleb128 0x3
 446 0028 08       		.uleb128 0x8
 447 0029 00       		.byte	0x0
 448 002a 00       		.byte	0x0
 449 002b 04       		.uleb128 0x4
 450 002c 16       		.uleb128 0x16
 451 002d 00       		.byte	0x0
 452 002e 03       		.uleb128 0x3
 453 002f 0E       		.uleb128 0xe
 454 0030 3A       		.uleb128 0x3a
 455 0031 0B       		.uleb128 0xb
 456 0032 3B       		.uleb128 0x3b
 457 0033 0B       		.uleb128 0xb
 458 0034 49       		.uleb128 0x49
 459 0035 13       		.uleb128 0x13
 460 0036 00       		.byte	0x0
 461 0037 00       		.byte	0x0
 462 0038 05       		.uleb128 0x5
 463 0039 24       		.uleb128 0x24
 464 003a 00       		.byte	0x0
 465 003b 0B       		.uleb128 0xb
 466 003c 0B       		.uleb128 0xb
 467 003d 3E       		.uleb128 0x3e
 468 003e 0B       		.uleb128 0xb
 469 003f 00       		.byte	0x0
 470 0040 00       		.byte	0x0
 471 0041 06       		.uleb128 0x6
 472 0042 13       		.uleb128 0x13
 473 0043 01       		.byte	0x1
 474 0044 0B       		.uleb128 0xb
 475 0045 0B       		.uleb128 0xb
 476 0046 3A       		.uleb128 0x3a
 477 0047 0B       		.uleb128 0xb
 478 0048 3B       		.uleb128 0x3b
 479 0049 0B       		.uleb128 0xb
 480 004a 01       		.uleb128 0x1
 481 004b 13       		.uleb128 0x13
 482 004c 00       		.byte	0x0
 483 004d 00       		.byte	0x0
 484 004e 07       		.uleb128 0x7
 485 004f 0D       		.uleb128 0xd
 486 0050 00       		.byte	0x0
 487 0051 03       		.uleb128 0x3
 488 0052 0E       		.uleb128 0xe
 489 0053 3A       		.uleb128 0x3a
 490 0054 0B       		.uleb128 0xb
 491 0055 3B       		.uleb128 0x3b
ARM GAS  C:\Users\karunmj\AppData\Local\Temp\ccVo4kbl.s 			page 12


 492 0056 0B       		.uleb128 0xb
 493 0057 49       		.uleb128 0x49
 494 0058 13       		.uleb128 0x13
 495 0059 38       		.uleb128 0x38
 496 005a 0A       		.uleb128 0xa
 497 005b 00       		.byte	0x0
 498 005c 00       		.byte	0x0
 499 005d 08       		.uleb128 0x8
 500 005e 2E       		.uleb128 0x2e
 501 005f 00       		.byte	0x0
 502 0060 3F       		.uleb128 0x3f
 503 0061 0C       		.uleb128 0xc
 504 0062 03       		.uleb128 0x3
 505 0063 0E       		.uleb128 0xe
 506 0064 3A       		.uleb128 0x3a
 507 0065 0B       		.uleb128 0xb
 508 0066 3B       		.uleb128 0x3b
 509 0067 0B       		.uleb128 0xb
 510 0068 27       		.uleb128 0x27
 511 0069 0C       		.uleb128 0xc
 512 006a 11       		.uleb128 0x11
 513 006b 01       		.uleb128 0x1
 514 006c 12       		.uleb128 0x12
 515 006d 01       		.uleb128 0x1
 516 006e 40       		.uleb128 0x40
 517 006f 06       		.uleb128 0x6
 518 0070 00       		.byte	0x0
 519 0071 00       		.byte	0x0
 520 0072 09       		.uleb128 0x9
 521 0073 34       		.uleb128 0x34
 522 0074 00       		.byte	0x0
 523 0075 03       		.uleb128 0x3
 524 0076 0E       		.uleb128 0xe
 525 0077 3A       		.uleb128 0x3a
 526 0078 0B       		.uleb128 0xb
 527 0079 3B       		.uleb128 0x3b
 528 007a 0B       		.uleb128 0xb
 529 007b 49       		.uleb128 0x49
 530 007c 13       		.uleb128 0x13
 531 007d 02       		.uleb128 0x2
 532 007e 0A       		.uleb128 0xa
 533 007f 00       		.byte	0x0
 534 0080 00       		.byte	0x0
 535 0081 00       		.byte	0x0
 536              		.section	.debug_pubnames,"",%progbits
 537 0000 64000000 		.4byte	0x64
 538 0004 0200     		.2byte	0x2
 539 0006 00000000 		.4byte	.Ldebug_info0
 540 000a 44010000 		.4byte	0x144
 541 000e DE000000 		.4byte	0xde
 542 0012 4D697865 		.ascii	"Mixer_1_SaveConfig\000"
 542      725F315F 
 542      53617665 
 542      436F6E66 
 542      696700
 543 0025 F3000000 		.4byte	0xf3
 544 0029 4D697865 		.ascii	"Mixer_1_RestoreConfig\000"
ARM GAS  C:\Users\karunmj\AppData\Local\Temp\ccVo4kbl.s 			page 13


 544      725F315F 
 544      52657374 
 544      6F726543 
 544      6F6E6669 
 545 003f 08010000 		.4byte	0x108
 546 0043 4D697865 		.ascii	"Mixer_1_Sleep\000"
 546      725F315F 
 546      536C6565 
 546      7000
 547 0051 1D010000 		.4byte	0x11d
 548 0055 4D697865 		.ascii	"Mixer_1_Wakeup\000"
 548      725F315F 
 548      57616B65 
 548      757000
 549 0064 00000000 		.4byte	0x0
 550              		.section	.debug_aranges,"",%progbits
 551 0000 34000000 		.4byte	0x34
 552 0004 0200     		.2byte	0x2
 553 0006 00000000 		.4byte	.Ldebug_info0
 554 000a 04       		.byte	0x4
 555 000b 00       		.byte	0x0
 556 000c 0000     		.2byte	0x0
 557 000e 0000     		.2byte	0x0
 558 0010 00000000 		.4byte	.LFB0
 559 0014 0A000000 		.4byte	.LFE0-.LFB0
 560 0018 00000000 		.4byte	.LFB1
 561 001c 0A000000 		.4byte	.LFE1-.LFB1
 562 0020 00000000 		.4byte	.LFB2
 563 0024 42000000 		.4byte	.LFE2-.LFB2
 564 0028 00000000 		.4byte	.LFB3
 565 002c 1C000000 		.4byte	.LFE3-.LFB3
 566 0030 00000000 		.4byte	0x0
 567 0034 00000000 		.4byte	0x0
 568              		.section	.debug_ranges,"",%progbits
 569              	.Ldebug_ranges0:
 570 0000 00000000 		.4byte	.Ltext0
 571 0004 00000000 		.4byte	.Letext0
 572 0008 00000000 		.4byte	.LFB0
 573 000c 0A000000 		.4byte	.LFE0
 574 0010 00000000 		.4byte	.LFB1
 575 0014 0A000000 		.4byte	.LFE1
 576 0018 00000000 		.4byte	.LFB2
 577 001c 42000000 		.4byte	.LFE2
 578 0020 00000000 		.4byte	.LFB3
 579 0024 1C000000 		.4byte	.LFE3
 580 0028 00000000 		.4byte	0x0
 581 002c 00000000 		.4byte	0x0
 582              		.section	.debug_str,"MS",%progbits,1
 583              	.LASF6:
 584 0000 6C6F6E67 		.ascii	"long long int\000"
 584      206C6F6E 
 584      6720696E 
 584      7400
 585              	.LASF13:
 586 000e 73634352 		.ascii	"scCR0Reg\000"
 586      30526567 
 586      00
ARM GAS  C:\Users\karunmj\AppData\Local\Temp\ccVo4kbl.s 			page 14


 587              	.LASF24:
 588 0017 433A5C55 		.ascii	"C:\\Users\\karunmj\\Documents\\GitHub\\m2m\\hardwar"
 588      73657273 
 588      5C6B6172 
 588      756E6D6A 
 588      5C446F63 
 589 0044 655C7073 		.ascii	"e\\psoc5\\Campbell_Conductivity.cydsn\000"
 589      6F63355C 
 589      43616D70 
 589      62656C6C 
 589      5F436F6E 
 590              	.LASF8:
 591 0068 756E7369 		.ascii	"unsigned int\000"
 591      676E6564 
 591      20696E74 
 591      00
 592              	.LASF12:
 593 0075 656E6162 		.ascii	"enableState\000"
 593      6C655374 
 593      61746500 
 594              	.LASF18:
 595 0081 4D697865 		.ascii	"Mixer_1_SaveConfig\000"
 595      725F315F 
 595      53617665 
 595      436F6E66 
 595      696700
 596              	.LASF23:
 597 0094 2E5C4765 		.ascii	".\\Generated_Source\\PSoC5\\Mixer_1_PM.c\000"
 597      6E657261 
 597      7465645F 
 597      536F7572 
 597      63655C50 
 598              	.LASF16:
 599 00ba 75696E74 		.ascii	"uint8\000"
 599      3800
 600              	.LASF14:
 601 00c0 73634352 		.ascii	"scCR1Reg\000"
 601      31526567 
 601      00
 602              	.LASF7:
 603 00c9 6C6F6E67 		.ascii	"long long unsigned int\000"
 603      206C6F6E 
 603      6720756E 
 603      7369676E 
 603      65642069 
 604              	.LASF17:
 605 00e0 4D697865 		.ascii	"Mixer_1_backupStruct\000"
 605      725F315F 
 605      6261636B 
 605      75705374 
 605      72756374 
 606              	.LASF22:
 607 00f5 474E5520 		.ascii	"GNU C 4.4.1\000"
 607      4320342E 
 607      342E3100 
 608              	.LASF1:
 609 0101 756E7369 		.ascii	"unsigned char\000"
ARM GAS  C:\Users\karunmj\AppData\Local\Temp\ccVo4kbl.s 			page 15


 609      676E6564 
 609      20636861 
 609      7200
 610              	.LASF11:
 611 010f 63686172 		.ascii	"char\000"
 611      00
 612              	.LASF20:
 613 0114 4D697865 		.ascii	"Mixer_1_Sleep\000"
 613      725F315F 
 613      536C6565 
 613      7000
 614              	.LASF4:
 615 0122 6C6F6E67 		.ascii	"long int\000"
 615      20696E74 
 615      00
 616              	.LASF5:
 617 012b 6C6F6E67 		.ascii	"long unsigned int\000"
 617      20756E73 
 617      69676E65 
 617      6420696E 
 617      7400
 618              	.LASF10:
 619 013d 646F7562 		.ascii	"double\000"
 619      6C6500
 620              	.LASF25:
 621 0144 4D697865 		.ascii	"Mixer_1_backup\000"
 621      725F315F 
 621      6261636B 
 621      757000
 622              	.LASF21:
 623 0153 4D697865 		.ascii	"Mixer_1_Wakeup\000"
 623      725F315F 
 623      57616B65 
 623      757000
 624              	.LASF3:
 625 0162 73686F72 		.ascii	"short unsigned int\000"
 625      7420756E 
 625      7369676E 
 625      65642069 
 625      6E7400
 626              	.LASF0:
 627 0175 7369676E 		.ascii	"signed char\000"
 627      65642063 
 627      68617200 
 628              	.LASF15:
 629 0181 73634352 		.ascii	"scCR2Reg\000"
 629      32526567 
 629      00
 630              	.LASF9:
 631 018a 666C6F61 		.ascii	"float\000"
 631      7400
 632              	.LASF2:
 633 0190 73686F72 		.ascii	"short int\000"
 633      7420696E 
 633      7400
 634              	.LASF19:
 635 019a 4D697865 		.ascii	"Mixer_1_RestoreConfig\000"
ARM GAS  C:\Users\karunmj\AppData\Local\Temp\ccVo4kbl.s 			page 16


 635      725F315F 
 635      52657374 
 635      6F726543 
 635      6F6E6669 
 636              		.ident	"GCC: (Sourcery G++ Lite 2010q1-188) 4.4.1"
