ARM GAS  C:\Users\BRANKO~1\AppData\Local\Temp\ccAMud8X.s 			page 1


   1              		.syntax unified
   2              		.cpu cortex-m3
   3              		.fpu softvfp
   4              		.eabi_attribute 20, 1
   5              		.eabi_attribute 21, 1
   6              		.eabi_attribute 23, 3
   7              		.eabi_attribute 24, 1
   8              		.eabi_attribute 25, 1
   9              		.eabi_attribute 26, 1
  10              		.eabi_attribute 30, 6
  11              		.eabi_attribute 34, 1
  12              		.eabi_attribute 18, 4
  13              		.thumb
  14              		.file	"ADC_SAR_1_INT.c"
  15              		.text
  16              	.Ltext0:
  17              		.cfi_sections	.debug_frame
  18              		.section	.text.ADC_SAR_1_ISR,"ax",%progbits
  19              		.align	2
  20              		.global	ADC_SAR_1_ISR
  21              		.thumb
  22              		.thumb_func
  23              		.type	ADC_SAR_1_ISR, %function
  24              	ADC_SAR_1_ISR:
  25              	.LFB0:
  26              		.file 1 ".\\Generated_Source\\PSoC5\\ADC_SAR_1_INT.c"
   1:.\Generated_Source\PSoC5/ADC_SAR_1_INT.c **** /*******************************************************************************
   2:.\Generated_Source\PSoC5/ADC_SAR_1_INT.c **** * File Name: ADC_SAR_1_INT.c
   3:.\Generated_Source\PSoC5/ADC_SAR_1_INT.c **** * Version 2.10
   4:.\Generated_Source\PSoC5/ADC_SAR_1_INT.c **** *
   5:.\Generated_Source\PSoC5/ADC_SAR_1_INT.c **** *  Description:
   6:.\Generated_Source\PSoC5/ADC_SAR_1_INT.c **** *    This file contains the code that operates during the ADC_SAR interrupt
   7:.\Generated_Source\PSoC5/ADC_SAR_1_INT.c **** *    service routine.
   8:.\Generated_Source\PSoC5/ADC_SAR_1_INT.c **** *
   9:.\Generated_Source\PSoC5/ADC_SAR_1_INT.c **** *   Note:
  10:.\Generated_Source\PSoC5/ADC_SAR_1_INT.c **** *
  11:.\Generated_Source\PSoC5/ADC_SAR_1_INT.c **** ********************************************************************************
  12:.\Generated_Source\PSoC5/ADC_SAR_1_INT.c **** * Copyright 2008-2013, Cypress Semiconductor Corporation.  All rights reserved.
  13:.\Generated_Source\PSoC5/ADC_SAR_1_INT.c **** * You may use this file only in accordance with the license, terms, conditions,
  14:.\Generated_Source\PSoC5/ADC_SAR_1_INT.c **** * disclaimers, and limitations in the end user license agreement accompanying
  15:.\Generated_Source\PSoC5/ADC_SAR_1_INT.c **** * the software package with which this file was provided.
  16:.\Generated_Source\PSoC5/ADC_SAR_1_INT.c **** *******************************************************************************/
  17:.\Generated_Source\PSoC5/ADC_SAR_1_INT.c **** 
  18:.\Generated_Source\PSoC5/ADC_SAR_1_INT.c **** #include "ADC_SAR_1.h"
  19:.\Generated_Source\PSoC5/ADC_SAR_1_INT.c **** 
  20:.\Generated_Source\PSoC5/ADC_SAR_1_INT.c **** 
  21:.\Generated_Source\PSoC5/ADC_SAR_1_INT.c **** /******************************************************************************
  22:.\Generated_Source\PSoC5/ADC_SAR_1_INT.c **** * Custom Declarations and Variables
  23:.\Generated_Source\PSoC5/ADC_SAR_1_INT.c **** * - add user inlcude files, prototypes and variables between the following
  24:.\Generated_Source\PSoC5/ADC_SAR_1_INT.c **** *   #START and #END tags
  25:.\Generated_Source\PSoC5/ADC_SAR_1_INT.c **** ******************************************************************************/
  26:.\Generated_Source\PSoC5/ADC_SAR_1_INT.c **** /* `#START ADC_SYS_VAR`  */
  27:.\Generated_Source\PSoC5/ADC_SAR_1_INT.c **** 
  28:.\Generated_Source\PSoC5/ADC_SAR_1_INT.c **** /* `#END`  */
  29:.\Generated_Source\PSoC5/ADC_SAR_1_INT.c **** 
  30:.\Generated_Source\PSoC5/ADC_SAR_1_INT.c **** 
  31:.\Generated_Source\PSoC5/ADC_SAR_1_INT.c **** #if(ADC_SAR_1_IRQ_REMOVE == 0u)
ARM GAS  C:\Users\BRANKO~1\AppData\Local\Temp\ccAMud8X.s 			page 2


  32:.\Generated_Source\PSoC5/ADC_SAR_1_INT.c **** 
  33:.\Generated_Source\PSoC5/ADC_SAR_1_INT.c **** 
  34:.\Generated_Source\PSoC5/ADC_SAR_1_INT.c ****     /******************************************************************************
  35:.\Generated_Source\PSoC5/ADC_SAR_1_INT.c ****     * Function Name: ADC_SAR_1_ISR
  36:.\Generated_Source\PSoC5/ADC_SAR_1_INT.c ****     *******************************************************************************
  37:.\Generated_Source\PSoC5/ADC_SAR_1_INT.c ****     *
  38:.\Generated_Source\PSoC5/ADC_SAR_1_INT.c ****     * Summary:
  39:.\Generated_Source\PSoC5/ADC_SAR_1_INT.c ****     *  Handle Interrupt Service Routine.
  40:.\Generated_Source\PSoC5/ADC_SAR_1_INT.c ****     *
  41:.\Generated_Source\PSoC5/ADC_SAR_1_INT.c ****     * Parameters:
  42:.\Generated_Source\PSoC5/ADC_SAR_1_INT.c ****     *  None.
  43:.\Generated_Source\PSoC5/ADC_SAR_1_INT.c ****     *
  44:.\Generated_Source\PSoC5/ADC_SAR_1_INT.c ****     * Return:
  45:.\Generated_Source\PSoC5/ADC_SAR_1_INT.c ****     *  None.
  46:.\Generated_Source\PSoC5/ADC_SAR_1_INT.c ****     *
  47:.\Generated_Source\PSoC5/ADC_SAR_1_INT.c ****     * Reentrant:
  48:.\Generated_Source\PSoC5/ADC_SAR_1_INT.c ****     *  No.
  49:.\Generated_Source\PSoC5/ADC_SAR_1_INT.c ****     *
  50:.\Generated_Source\PSoC5/ADC_SAR_1_INT.c ****     ******************************************************************************/
  51:.\Generated_Source\PSoC5/ADC_SAR_1_INT.c ****     CY_ISR( ADC_SAR_1_ISR )
  52:.\Generated_Source\PSoC5/ADC_SAR_1_INT.c ****     {
  27              		.loc 1 52 0
  28              		.cfi_startproc
  29              		@ args = 0, pretend = 0, frame = 0
  30              		@ frame_needed = 1, uses_anonymous_args = 0
  31              		@ link register save eliminated.
  32 0000 80B4     		push	{r7}
  33              		.cfi_def_cfa_offset 4
  34              		.cfi_offset 7, -4
  35 0002 00AF     		add	r7, sp, #0
  36              		.cfi_def_cfa_register 7
  53:.\Generated_Source\PSoC5/ADC_SAR_1_INT.c ****         /************************************************************************
  54:.\Generated_Source\PSoC5/ADC_SAR_1_INT.c ****         *  Custom Code
  55:.\Generated_Source\PSoC5/ADC_SAR_1_INT.c ****         *  - add user ISR code between the following #START and #END tags
  56:.\Generated_Source\PSoC5/ADC_SAR_1_INT.c ****         *************************************************************************/
  57:.\Generated_Source\PSoC5/ADC_SAR_1_INT.c ****           /* `#START MAIN_ADC_ISR`  */
  58:.\Generated_Source\PSoC5/ADC_SAR_1_INT.c **** 
  59:.\Generated_Source\PSoC5/ADC_SAR_1_INT.c ****           /* `#END`  */
  60:.\Generated_Source\PSoC5/ADC_SAR_1_INT.c **** 
  61:.\Generated_Source\PSoC5/ADC_SAR_1_INT.c ****     }
  37              		.loc 1 61 0
  38 0004 BD46     		mov	sp, r7
  39              		@ sp needed
  40 0006 5DF8047B 		ldr	r7, [sp], #4
  41 000a 7047     		bx	lr
  42              		.cfi_endproc
  43              	.LFE0:
  44              		.size	ADC_SAR_1_ISR, .-ADC_SAR_1_ISR
  45              		.text
  46              	.Letext0:
  47              		.section	.debug_info,"",%progbits
  48              	.Ldebug_info0:
  49 0000 8E000000 		.4byte	0x8e
  50 0004 0400     		.2byte	0x4
  51 0006 00000000 		.4byte	.Ldebug_abbrev0
  52 000a 04       		.byte	0x4
  53 000b 01       		.uleb128 0x1
ARM GAS  C:\Users\BRANKO~1\AppData\Local\Temp\ccAMud8X.s 			page 3


  54 000c 89000000 		.4byte	.LASF12
  55 0010 01       		.byte	0x1
  56 0011 05010000 		.4byte	.LASF13
  57 0015 00000000 		.4byte	.LASF14
  58 0019 00000000 		.4byte	.Ldebug_ranges0+0
  59 001d 00000000 		.4byte	0
  60 0021 00000000 		.4byte	.Ldebug_line0
  61 0025 02       		.uleb128 0x2
  62 0026 01       		.byte	0x1
  63 0027 06       		.byte	0x6
  64 0028 54010000 		.4byte	.LASF0
  65 002c 02       		.uleb128 0x2
  66 002d 01       		.byte	0x1
  67 002e 08       		.byte	0x8
  68 002f 2B000000 		.4byte	.LASF1
  69 0033 02       		.uleb128 0x2
  70 0034 02       		.byte	0x2
  71 0035 05       		.byte	0x5
  72 0036 41010000 		.4byte	.LASF2
  73 003a 02       		.uleb128 0x2
  74 003b 02       		.byte	0x2
  75 003c 07       		.byte	0x7
  76 003d 4B000000 		.4byte	.LASF3
  77 0041 02       		.uleb128 0x2
  78 0042 04       		.byte	0x4
  79 0043 05       		.byte	0x5
  80 0044 4B010000 		.4byte	.LASF4
  81 0048 02       		.uleb128 0x2
  82 0049 04       		.byte	0x4
  83 004a 07       		.byte	0x7
  84 004b 39000000 		.4byte	.LASF5
  85 004f 02       		.uleb128 0x2
  86 0050 08       		.byte	0x8
  87 0051 05       		.byte	0x5
  88 0052 2E010000 		.4byte	.LASF6
  89 0056 02       		.uleb128 0x2
  90 0057 08       		.byte	0x8
  91 0058 07       		.byte	0x7
  92 0059 72000000 		.4byte	.LASF7
  93 005d 03       		.uleb128 0x3
  94 005e 04       		.byte	0x4
  95 005f 05       		.byte	0x5
  96 0060 696E7400 		.ascii	"int\000"
  97 0064 02       		.uleb128 0x2
  98 0065 04       		.byte	0x4
  99 0066 07       		.byte	0x7
 100 0067 65000000 		.4byte	.LASF8
 101 006b 02       		.uleb128 0x2
 102 006c 04       		.byte	0x4
 103 006d 04       		.byte	0x4
 104 006e 25000000 		.4byte	.LASF9
 105 0072 02       		.uleb128 0x2
 106 0073 08       		.byte	0x8
 107 0074 04       		.byte	0x4
 108 0075 5E000000 		.4byte	.LASF10
 109 0079 02       		.uleb128 0x2
 110 007a 01       		.byte	0x1
ARM GAS  C:\Users\BRANKO~1\AppData\Local\Temp\ccAMud8X.s 			page 4


 111 007b 08       		.byte	0x8
 112 007c 3C010000 		.4byte	.LASF11
 113 0080 04       		.uleb128 0x4
 114 0081 60010000 		.4byte	.LASF15
 115 0085 01       		.byte	0x1
 116 0086 33       		.byte	0x33
 117 0087 00000000 		.4byte	.LFB0
 118 008b 0C000000 		.4byte	.LFE0-.LFB0
 119 008f 01       		.uleb128 0x1
 120 0090 9C       		.byte	0x9c
 121 0091 00       		.byte	0
 122              		.section	.debug_abbrev,"",%progbits
 123              	.Ldebug_abbrev0:
 124 0000 01       		.uleb128 0x1
 125 0001 11       		.uleb128 0x11
 126 0002 01       		.byte	0x1
 127 0003 25       		.uleb128 0x25
 128 0004 0E       		.uleb128 0xe
 129 0005 13       		.uleb128 0x13
 130 0006 0B       		.uleb128 0xb
 131 0007 03       		.uleb128 0x3
 132 0008 0E       		.uleb128 0xe
 133 0009 1B       		.uleb128 0x1b
 134 000a 0E       		.uleb128 0xe
 135 000b 55       		.uleb128 0x55
 136 000c 17       		.uleb128 0x17
 137 000d 11       		.uleb128 0x11
 138 000e 01       		.uleb128 0x1
 139 000f 10       		.uleb128 0x10
 140 0010 17       		.uleb128 0x17
 141 0011 00       		.byte	0
 142 0012 00       		.byte	0
 143 0013 02       		.uleb128 0x2
 144 0014 24       		.uleb128 0x24
 145 0015 00       		.byte	0
 146 0016 0B       		.uleb128 0xb
 147 0017 0B       		.uleb128 0xb
 148 0018 3E       		.uleb128 0x3e
 149 0019 0B       		.uleb128 0xb
 150 001a 03       		.uleb128 0x3
 151 001b 0E       		.uleb128 0xe
 152 001c 00       		.byte	0
 153 001d 00       		.byte	0
 154 001e 03       		.uleb128 0x3
 155 001f 24       		.uleb128 0x24
 156 0020 00       		.byte	0
 157 0021 0B       		.uleb128 0xb
 158 0022 0B       		.uleb128 0xb
 159 0023 3E       		.uleb128 0x3e
 160 0024 0B       		.uleb128 0xb
 161 0025 03       		.uleb128 0x3
 162 0026 08       		.uleb128 0x8
 163 0027 00       		.byte	0
 164 0028 00       		.byte	0
 165 0029 04       		.uleb128 0x4
 166 002a 2E       		.uleb128 0x2e
 167 002b 00       		.byte	0
ARM GAS  C:\Users\BRANKO~1\AppData\Local\Temp\ccAMud8X.s 			page 5


 168 002c 3F       		.uleb128 0x3f
 169 002d 19       		.uleb128 0x19
 170 002e 03       		.uleb128 0x3
 171 002f 0E       		.uleb128 0xe
 172 0030 3A       		.uleb128 0x3a
 173 0031 0B       		.uleb128 0xb
 174 0032 3B       		.uleb128 0x3b
 175 0033 0B       		.uleb128 0xb
 176 0034 27       		.uleb128 0x27
 177 0035 19       		.uleb128 0x19
 178 0036 11       		.uleb128 0x11
 179 0037 01       		.uleb128 0x1
 180 0038 12       		.uleb128 0x12
 181 0039 06       		.uleb128 0x6
 182 003a 40       		.uleb128 0x40
 183 003b 18       		.uleb128 0x18
 184 003c 9742     		.uleb128 0x2117
 185 003e 19       		.uleb128 0x19
 186 003f 00       		.byte	0
 187 0040 00       		.byte	0
 188 0041 00       		.byte	0
 189              		.section	.debug_aranges,"",%progbits
 190 0000 1C000000 		.4byte	0x1c
 191 0004 0200     		.2byte	0x2
 192 0006 00000000 		.4byte	.Ldebug_info0
 193 000a 04       		.byte	0x4
 194 000b 00       		.byte	0
 195 000c 0000     		.2byte	0
 196 000e 0000     		.2byte	0
 197 0010 00000000 		.4byte	.LFB0
 198 0014 0C000000 		.4byte	.LFE0-.LFB0
 199 0018 00000000 		.4byte	0
 200 001c 00000000 		.4byte	0
 201              		.section	.debug_ranges,"",%progbits
 202              	.Ldebug_ranges0:
 203 0000 00000000 		.4byte	.LFB0
 204 0004 0C000000 		.4byte	.LFE0
 205 0008 00000000 		.4byte	0
 206 000c 00000000 		.4byte	0
 207              		.section	.debug_line,"",%progbits
 208              	.Ldebug_line0:
 209 0000 57000000 		.section	.debug_str,"MS",%progbits,1
 209      02003F00 
 209      00000201 
 209      FB0E0D00 
 209      01010101 
 210              	.LASF14:
 211 0000 443A5C70 		.ascii	"D:\\psoc5\\Cell Board\\Cell Board.cydsn\000"
 211      736F6335 
 211      5C43656C 
 211      6C20426F 
 211      6172645C 
 212              	.LASF9:
 213 0025 666C6F61 		.ascii	"float\000"
 213      7400
 214              	.LASF1:
 215 002b 756E7369 		.ascii	"unsigned char\000"
ARM GAS  C:\Users\BRANKO~1\AppData\Local\Temp\ccAMud8X.s 			page 6


 215      676E6564 
 215      20636861 
 215      7200
 216              	.LASF5:
 217 0039 6C6F6E67 		.ascii	"long unsigned int\000"
 217      20756E73 
 217      69676E65 
 217      6420696E 
 217      7400
 218              	.LASF3:
 219 004b 73686F72 		.ascii	"short unsigned int\000"
 219      7420756E 
 219      7369676E 
 219      65642069 
 219      6E7400
 220              	.LASF10:
 221 005e 646F7562 		.ascii	"double\000"
 221      6C6500
 222              	.LASF8:
 223 0065 756E7369 		.ascii	"unsigned int\000"
 223      676E6564 
 223      20696E74 
 223      00
 224              	.LASF7:
 225 0072 6C6F6E67 		.ascii	"long long unsigned int\000"
 225      206C6F6E 
 225      6720756E 
 225      7369676E 
 225      65642069 
 226              	.LASF12:
 227 0089 474E5520 		.ascii	"GNU C 4.8.4 20140526 (release) [ARM/embedded-4_8-br"
 227      4320342E 
 227      382E3420 
 227      32303134 
 227      30353236 
 228 00bc 616E6368 		.ascii	"anch revision 211358] -mcpu=cortex-m3 -mthumb -g -O"
 228      20726576 
 228      6973696F 
 228      6E203231 
 228      31333538 
 229 00ef 30202D66 		.ascii	"0 -ffunction-sections\000"
 229      66756E63 
 229      74696F6E 
 229      2D736563 
 229      74696F6E 
 230              	.LASF13:
 231 0105 2E5C4765 		.ascii	".\\Generated_Source\\PSoC5\\ADC_SAR_1_INT.c\000"
 231      6E657261 
 231      7465645F 
 231      536F7572 
 231      63655C50 
 232              	.LASF6:
 233 012e 6C6F6E67 		.ascii	"long long int\000"
 233      206C6F6E 
 233      6720696E 
 233      7400
 234              	.LASF11:
ARM GAS  C:\Users\BRANKO~1\AppData\Local\Temp\ccAMud8X.s 			page 7


 235 013c 63686172 		.ascii	"char\000"
 235      00
 236              	.LASF2:
 237 0141 73686F72 		.ascii	"short int\000"
 237      7420696E 
 237      7400
 238              	.LASF4:
 239 014b 6C6F6E67 		.ascii	"long int\000"
 239      20696E74 
 239      00
 240              	.LASF0:
 241 0154 7369676E 		.ascii	"signed char\000"
 241      65642063 
 241      68617200 
 242              	.LASF15:
 243 0160 4144435F 		.ascii	"ADC_SAR_1_ISR\000"
 243      5341525F 
 243      315F4953 
 243      5200
 244              		.ident	"GCC: (GNU Tools for ARM Embedded Processors) 4.8.4 20140526 (release) [ARM/embedded-4_8-br
