ARM GAS  C:\Users\BRANKO~1\AppData\Local\Temp\ccSyTJEE.s 			page 1


   1              		.syntax unified
   2              		.cpu cortex-m3
   3              		.fpu softvfp
   4              		.eabi_attribute 20, 1
   5              		.eabi_attribute 21, 1
   6              		.eabi_attribute 23, 3
   7              		.eabi_attribute 24, 1
   8              		.eabi_attribute 25, 1
   9              		.eabi_attribute 26, 1
  10              		.eabi_attribute 30, 6
  11              		.eabi_attribute 34, 1
  12              		.eabi_attribute 18, 4
  13              		.thumb
  14              		.file	"cymetadata.c"
  15              		.text
  16              	.Ltext0:
  17              		.cfi_sections	.debug_frame
  18              		.global	cy_meta_configecc
  19              		.section	.cyconfigecc,"a",%progbits
  20              		.align	2
  21              		.type	cy_meta_configecc, %object
  22              		.size	cy_meta_configecc, 1336
  23              	cy_meta_configecc:
  24 0000 03       		.byte	3
  25 0001 52       		.byte	82
  26 0002 00       		.byte	0
  27 0003 40       		.byte	64
  28 0004 02       		.byte	2
  29 0005 64       		.byte	100
  30 0006 00       		.byte	0
  31 0007 40       		.byte	64
  32 0008 03       		.byte	3
  33 0009 65       		.byte	101
  34 000a 00       		.byte	0
  35 000b 40       		.byte	64
  36 000c 07       		.byte	7
  37 000d 04       		.byte	4
  38 000e 01       		.byte	1
  39 000f 40       		.byte	64
  40 0010 30       		.byte	48
  41 0011 05       		.byte	5
  42 0012 01       		.byte	1
  43 0013 40       		.byte	64
  44 0014 4D       		.byte	77
  45 0015 06       		.byte	6
  46 0016 01       		.byte	1
  47 0017 40       		.byte	64
  48 0018 45       		.byte	69
  49 0019 07       		.byte	7
  50 001a 01       		.byte	1
  51 001b 40       		.byte	64
  52 001c 51       		.byte	81
  53 001d 14       		.byte	20
  54 001e 01       		.byte	1
  55 001f 40       		.byte	64
  56 0020 49       		.byte	73
  57 0021 15       		.byte	21
ARM GAS  C:\Users\BRANKO~1\AppData\Local\Temp\ccSyTJEE.s 			page 2


  58 0022 01       		.byte	1
  59 0023 40       		.byte	64
  60 0024 06       		.byte	6
  61 0025 16       		.byte	22
  62 0026 01       		.byte	1
  63 0027 40       		.byte	64
  64 0028 41       		.byte	65
  65 0029 17       		.byte	23
  66 002a 01       		.byte	1
  67 002b 40       		.byte	64
  68 002c 04       		.byte	4
  69 002d 40       		.byte	64
  70 002e 01       		.byte	1
  71 002f 40       		.byte	64
  72 0030 02       		.byte	2
  73 0031 41       		.byte	65
  74 0032 01       		.byte	1
  75 0033 40       		.byte	64
  76 0034 04       		.byte	4
  77 0035 42       		.byte	66
  78 0036 01       		.byte	1
  79 0037 40       		.byte	64
  80 0038 0B       		.byte	11
  81 0039 43       		.byte	67
  82 003a 01       		.byte	1
  83 003b 40       		.byte	64
  84 003c 04       		.byte	4
  85 003d 48       		.byte	72
  86 003e 01       		.byte	1
  87 003f 40       		.byte	64
  88 0040 0A       		.byte	10
  89 0041 49       		.byte	73
  90 0042 01       		.byte	1
  91 0043 40       		.byte	64
  92 0044 04       		.byte	4
  93 0045 50       		.byte	80
  94 0046 01       		.byte	1
  95 0047 40       		.byte	64
  96 0048 01       		.byte	1
  97 0049 51       		.byte	81
  98 004a 01       		.byte	1
  99 004b 40       		.byte	64
 100 004c 19       		.byte	25
 101 004d 40       		.byte	64
 102 004e 1C       		.byte	28
 103 004f 80       		.byte	-128
 104 0050 64       		.byte	100
 105 0051 08       		.byte	8
 106 0052 85       		.byte	-123
 107 0053 72       		.byte	114
 108 0054 86       		.byte	-122
 109 0055 38       		.byte	56
 110 0056 84       		.byte	-124
 111 0057 0F       		.byte	15
 112 0058 85       		.byte	-123
 113 0059 38       		.byte	56
 114 005a 86       		.byte	-122
ARM GAS  C:\Users\BRANKO~1\AppData\Local\Temp\ccSyTJEE.s 			page 3


 115 005b 72       		.byte	114
 116 005c 00       		.byte	0
 117 005d 02       		.byte	2
 118 005e 2C       		.byte	44
 119 005f 01       		.byte	1
 120 0060 30       		.byte	48
 121 0061 01       		.byte	1
 122 0062 32       		.byte	50
 123 0063 02       		.byte	2
 124 0064 3E       		.byte	62
 125 0065 05       		.byte	5
 126 0066 58       		.byte	88
 127 0067 04       		.byte	4
 128 0068 5F       		.byte	95
 129 0069 01       		.byte	1
 130 006a 01       		.byte	1
 131 006b 02       		.byte	2
 132 006c 04       		.byte	4
 133 006d 18       		.byte	24
 134 006e 05       		.byte	5
 135 006f 01       		.byte	1
 136 0070 0D       		.byte	13
 137 0071 12       		.byte	18
 138 0072 0E       		.byte	14
 139 0073 21       		.byte	33
 140 0074 0F       		.byte	15
 141 0075 08       		.byte	8
 142 0076 10       		.byte	16
 143 0077 01       		.byte	1
 144 0078 16       		.byte	22
 145 0079 01       		.byte	1
 146 007a 17       		.byte	23
 147 007b 19       		.byte	25
 148 007c 19       		.byte	25
 149 007d 04       		.byte	4
 150 007e 1A       		.byte	26
 151 007f 80       		.byte	-128
 152 0080 1C       		.byte	28
 153 0081 10       		.byte	16
 154 0082 1D       		.byte	29
 155 0083 29       		.byte	41
 156 0084 1E       		.byte	30
 157 0085 03       		.byte	3
 158 0086 24       		.byte	36
 159 0087 0E       		.byte	14
 160 0088 25       		.byte	37
 161 0089 40       		.byte	64
 162 008a 27       		.byte	39
 163 008b 60       		.byte	96
 164 008c 2C       		.byte	44
 165 008d 40       		.byte	64
 166 008e 2E       		.byte	46
 167 008f 08       		.byte	8
 168 0090 2F       		.byte	47
 169 0091 0A       		.byte	10
 170 0092 36       		.byte	54
 171 0093 09       		.byte	9
ARM GAS  C:\Users\BRANKO~1\AppData\Local\Temp\ccSyTJEE.s 			page 4


 172 0094 37       		.byte	55
 173 0095 50       		.byte	80
 174 0096 3C       		.byte	60
 175 0097 10       		.byte	16
 176 0098 3D       		.byte	61
 177 0099 80       		.byte	-128
 178 009a 3E       		.byte	62
 179 009b 02       		.byte	2
 180 009c 3F       		.byte	63
 181 009d 08       		.byte	8
 182 009e 44       		.byte	68
 183 009f 40       		.byte	64
 184 00a0 45       		.byte	69
 185 00a1 2A       		.byte	42
 186 00a2 4C       		.byte	76
 187 00a3 81       		.byte	-127
 188 00a4 4E       		.byte	78
 189 00a5 08       		.byte	8
 190 00a6 57       		.byte	87
 191 00a7 08       		.byte	8
 192 00a8 5E       		.byte	94
 193 00a9 08       		.byte	8
 194 00aa 6D       		.byte	109
 195 00ab 60       		.byte	96
 196 00ac 6E       		.byte	110
 197 00ad 04       		.byte	4
 198 00ae 6F       		.byte	111
 199 00af 04       		.byte	4
 200 00b0 76       		.byte	118
 201 00b1 0B       		.byte	11
 202 00b2 77       		.byte	119
 203 00b3 18       		.byte	24
 204 00b4 81       		.byte	-127
 205 00b5 01       		.byte	1
 206 00b6 82       		.byte	-126
 207 00b7 08       		.byte	8
 208 00b8 C0       		.byte	-64
 209 00b9 78       		.byte	120
 210 00ba C2       		.byte	-62
 211 00bb F0       		.byte	-16
 212 00bc C4       		.byte	-60
 213 00bd F1       		.byte	-15
 214 00be CA       		.byte	-54
 215 00bf F0       		.byte	-16
 216 00c0 CC       		.byte	-52
 217 00c1 F0       		.byte	-16
 218 00c2 CE       		.byte	-50
 219 00c3 F0       		.byte	-16
 220 00c4 D0       		.byte	-48
 221 00c5 E0       		.byte	-32
 222 00c6 D2       		.byte	-46
 223 00c7 30       		.byte	48
 224 00c8 D6       		.byte	-42
 225 00c9 40       		.byte	64
 226 00ca 00       		.byte	0
 227 00cb 31       		.byte	49
 228 00cc 03       		.byte	3
ARM GAS  C:\Users\BRANKO~1\AppData\Local\Temp\ccSyTJEE.s 			page 5


 229 00cd 04       		.byte	4
 230 00ce 04       		.byte	4
 231 00cf 01       		.byte	1
 232 00d0 05       		.byte	5
 233 00d1 03       		.byte	3
 234 00d2 06       		.byte	6
 235 00d3 30       		.byte	48
 236 00d4 08       		.byte	8
 237 00d5 31       		.byte	49
 238 00d6 09       		.byte	9
 239 00d7 03       		.byte	3
 240 00d8 0C       		.byte	12
 241 00d9 28       		.byte	40
 242 00da 0E       		.byte	14
 243 00db 04       		.byte	4
 244 00dc 11       		.byte	17
 245 00dd 02       		.byte	2
 246 00de 13       		.byte	19
 247 00df 01       		.byte	1
 248 00e0 14       		.byte	20
 249 00e1 34       		.byte	52
 250 00e2 15       		.byte	21
 251 00e3 04       		.byte	4
 252 00e4 16       		.byte	22
 253 00e5 0A       		.byte	10
 254 00e6 18       		.byte	24
 255 00e7 4E       		.byte	78
 256 00e8 19       		.byte	25
 257 00e9 01       		.byte	1
 258 00ea 1B       		.byte	27
 259 00eb 02       		.byte	2
 260 00ec 1C       		.byte	28
 261 00ed 01       		.byte	1
 262 00ee 1D       		.byte	29
 263 00ef 04       		.byte	4
 264 00f0 1E       		.byte	30
 265 00f1 30       		.byte	48
 266 00f2 22       		.byte	34
 267 00f3 30       		.byte	48
 268 00f4 24       		.byte	36
 269 00f5 4E       		.byte	78
 270 00f6 28       		.byte	40
 271 00f7 12       		.byte	18
 272 00f8 2A       		.byte	42
 273 00f9 04       		.byte	4
 274 00fa 2B       		.byte	43
 275 00fb 04       		.byte	4
 276 00fc 2C       		.byte	44
 277 00fd 40       		.byte	64
 278 00fe 30       		.byte	48
 279 00ff 40       		.byte	64
 280 0100 32       		.byte	50
 281 0101 0E       		.byte	14
 282 0102 34       		.byte	52
 283 0103 01       		.byte	1
 284 0104 35       		.byte	53
 285 0105 04       		.byte	4
ARM GAS  C:\Users\BRANKO~1\AppData\Local\Temp\ccSyTJEE.s 			page 6


 286 0106 36       		.byte	54
 287 0107 30       		.byte	48
 288 0108 37       		.byte	55
 289 0109 03       		.byte	3
 290 010a 39       		.byte	57
 291 010b 20       		.byte	32
 292 010c 3E       		.byte	62
 293 010d 10       		.byte	16
 294 010e 54       		.byte	84
 295 010f 18       		.byte	24
 296 0110 56       		.byte	86
 297 0111 04       		.byte	4
 298 0112 58       		.byte	88
 299 0113 04       		.byte	4
 300 0114 59       		.byte	89
 301 0115 04       		.byte	4
 302 0116 5B       		.byte	91
 303 0117 04       		.byte	4
 304 0118 5C       		.byte	92
 305 0119 11       		.byte	17
 306 011a 5D       		.byte	93
 307 011b 10       		.byte	16
 308 011c 5F       		.byte	95
 309 011d 01       		.byte	1
 310 011e 84       		.byte	-124
 311 011f 02       		.byte	2
 312 0120 8A       		.byte	-118
 313 0121 01       		.byte	1
 314 0122 8E       		.byte	-114
 315 0123 01       		.byte	1
 316 0124 92       		.byte	-110
 317 0125 01       		.byte	1
 318 0126 94       		.byte	-108
 319 0127 01       		.byte	1
 320 0128 9F       		.byte	-97
 321 0129 01       		.byte	1
 322 012a A2       		.byte	-94
 323 012b 04       		.byte	4
 324 012c A6       		.byte	-90
 325 012d 04       		.byte	4
 326 012e A8       		.byte	-88
 327 012f 01       		.byte	1
 328 0130 AF       		.byte	-81
 329 0131 01       		.byte	1
 330 0132 B0       		.byte	-80
 331 0133 02       		.byte	2
 332 0134 B2       		.byte	-78
 333 0135 02       		.byte	2
 334 0136 B4       		.byte	-76
 335 0137 04       		.byte	4
 336 0138 B5       		.byte	-75
 337 0139 01       		.byte	1
 338 013a B6       		.byte	-74
 339 013b 01       		.byte	1
 340 013c BE       		.byte	-66
 341 013d 54       		.byte	84
 342 013e BF       		.byte	-65
ARM GAS  C:\Users\BRANKO~1\AppData\Local\Temp\ccSyTJEE.s 			page 7


 343 013f 10       		.byte	16
 344 0140 C0       		.byte	-64
 345 0141 63       		.byte	99
 346 0142 C1       		.byte	-63
 347 0143 02       		.byte	2
 348 0144 C5       		.byte	-59
 349 0145 EC       		.byte	-20
 350 0146 C6       		.byte	-58
 351 0147 B0       		.byte	-80
 352 0148 C8       		.byte	-56
 353 0149 0B       		.byte	11
 354 014a C9       		.byte	-55
 355 014b FF       		.byte	-1
 356 014c CA       		.byte	-54
 357 014d FF       		.byte	-1
 358 014e CB       		.byte	-53
 359 014f FF       		.byte	-1
 360 0150 CE       		.byte	-50
 361 0151 F0       		.byte	-16
 362 0152 CF       		.byte	-49
 363 0153 44       		.byte	68
 364 0154 D0       		.byte	-48
 365 0155 0C       		.byte	12
 366 0156 D8       		.byte	-40
 367 0157 04       		.byte	4
 368 0158 D9       		.byte	-39
 369 0159 04       		.byte	4
 370 015a DA       		.byte	-38
 371 015b 04       		.byte	4
 372 015c DF       		.byte	-33
 373 015d 01       		.byte	1
 374 015e E6       		.byte	-26
 375 015f C0       		.byte	-64
 376 0160 EA       		.byte	-22
 377 0161 40       		.byte	64
 378 0162 EB       		.byte	-21
 379 0163 02       		.byte	2
 380 0164 00       		.byte	0
 381 0165 20       		.byte	32
 382 0166 01       		.byte	1
 383 0167 08       		.byte	8
 384 0168 03       		.byte	3
 385 0169 02       		.byte	2
 386 016a 04       		.byte	4
 387 016b 18       		.byte	24
 388 016c 05       		.byte	5
 389 016d 01       		.byte	1
 390 016e 06       		.byte	6
 391 016f 20       		.byte	32
 392 0170 07       		.byte	7
 393 0171 49       		.byte	73
 394 0172 08       		.byte	8
 395 0173 08       		.byte	8
 396 0174 0A       		.byte	10
 397 0175 A0       		.byte	-96
 398 0176 0E       		.byte	14
 399 0177 25       		.byte	37
ARM GAS  C:\Users\BRANKO~1\AppData\Local\Temp\ccSyTJEE.s 			page 8


 400 0178 10       		.byte	16
 401 0179 80       		.byte	-128
 402 017a 12       		.byte	18
 403 017b 28       		.byte	40
 404 017c 14       		.byte	20
 405 017d 40       		.byte	64
 406 017e 15       		.byte	21
 407 017f 60       		.byte	96
 408 0180 17       		.byte	23
 409 0181 04       		.byte	4
 410 0182 19       		.byte	25
 411 0183 A0       		.byte	-96
 412 0184 1A       		.byte	26
 413 0185 10       		.byte	16
 414 0186 1B       		.byte	27
 415 0187 02       		.byte	2
 416 0188 1D       		.byte	29
 417 0189 02       		.byte	2
 418 018a 1E       		.byte	30
 419 018b 2A       		.byte	42
 420 018c 23       		.byte	35
 421 018d 04       		.byte	4
 422 018e 26       		.byte	38
 423 018f 20       		.byte	32
 424 0190 27       		.byte	39
 425 0191 01       		.byte	1
 426 0192 2B       		.byte	43
 427 0193 01       		.byte	1
 428 0194 2E       		.byte	46
 429 0195 20       		.byte	32
 430 0196 32       		.byte	50
 431 0197 80       		.byte	-128
 432 0198 34       		.byte	52
 433 0199 20       		.byte	32
 434 019a 37       		.byte	55
 435 019b 49       		.byte	73
 436 019c 3D       		.byte	61
 437 019d 20       		.byte	32
 438 019e 3E       		.byte	62
 439 019f 05       		.byte	5
 440 01a0 40       		.byte	64
 441 01a1 08       		.byte	8
 442 01a2 42       		.byte	66
 443 01a3 10       		.byte	16
 444 01a4 48       		.byte	72
 445 01a5 30       		.byte	48
 446 01a6 49       		.byte	73
 447 01a7 02       		.byte	2
 448 01a8 4A       		.byte	74
 449 01a9 08       		.byte	8
 450 01aa 52       		.byte	82
 451 01ab 10       		.byte	16
 452 01ac 5E       		.byte	94
 453 01ad 02       		.byte	2
 454 01ae 65       		.byte	101
 455 01af 20       		.byte	32
 456 01b0 66       		.byte	102
ARM GAS  C:\Users\BRANKO~1\AppData\Local\Temp\ccSyTJEE.s 			page 9


 457 01b1 82       		.byte	-126
 458 01b2 82       		.byte	-126
 459 01b3 02       		.byte	2
 460 01b4 90       		.byte	-112
 461 01b5 18       		.byte	24
 462 01b6 91       		.byte	-111
 463 01b7 60       		.byte	96
 464 01b8 92       		.byte	-110
 465 01b9 05       		.byte	5
 466 01ba 98       		.byte	-104
 467 01bb 60       		.byte	96
 468 01bc 99       		.byte	-103
 469 01bd 05       		.byte	5
 470 01be 9A       		.byte	-102
 471 01bf 80       		.byte	-128
 472 01c0 9B       		.byte	-101
 473 01c1 04       		.byte	4
 474 01c2 9C       		.byte	-100
 475 01c3 01       		.byte	1
 476 01c4 9D       		.byte	-99
 477 01c5 02       		.byte	2
 478 01c6 9F       		.byte	-97
 479 01c7 01       		.byte	1
 480 01c8 A0       		.byte	-96
 481 01c9 80       		.byte	-128
 482 01ca A1       		.byte	-95
 483 01cb 10       		.byte	16
 484 01cc A5       		.byte	-91
 485 01cd 02       		.byte	2
 486 01ce A6       		.byte	-90
 487 01cf 14       		.byte	20
 488 01d0 A8       		.byte	-88
 489 01d1 20       		.byte	32
 490 01d2 AA       		.byte	-86
 491 01d3 C0       		.byte	-64
 492 01d4 AB       		.byte	-85
 493 01d5 24       		.byte	36
 494 01d6 B4       		.byte	-76
 495 01d7 04       		.byte	4
 496 01d8 B7       		.byte	-73
 497 01d9 02       		.byte	2
 498 01da C0       		.byte	-64
 499 01db F7       		.byte	-9
 500 01dc C2       		.byte	-62
 501 01dd EC       		.byte	-20
 502 01de C4       		.byte	-60
 503 01df FE       		.byte	-2
 504 01e0 CA       		.byte	-54
 505 01e1 28       		.byte	40
 506 01e2 CC       		.byte	-52
 507 01e3 F8       		.byte	-8
 508 01e4 CE       		.byte	-50
 509 01e5 E0       		.byte	-32
 510 01e6 D0       		.byte	-48
 511 01e7 06       		.byte	6
 512 01e8 D2       		.byte	-46
 513 01e9 04       		.byte	4
ARM GAS  C:\Users\BRANKO~1\AppData\Local\Temp\ccSyTJEE.s 			page 10


 514 01ea D6       		.byte	-42
 515 01eb 80       		.byte	-128
 516 01ec D8       		.byte	-40
 517 01ed B0       		.byte	-80
 518 01ee 00       		.byte	0
 519 01ef 3C       		.byte	60
 520 01f0 02       		.byte	2
 521 01f1 02       		.byte	2
 522 01f2 04       		.byte	4
 523 01f3 6C       		.byte	108
 524 01f4 06       		.byte	6
 525 01f5 11       		.byte	17
 526 01f6 09       		.byte	9
 527 01f7 13       		.byte	19
 528 01f8 0B       		.byte	11
 529 01f9 64       		.byte	100
 530 01fa 0C       		.byte	12
 531 01fb 09       		.byte	9
 532 01fc 0E       		.byte	14
 533 01fd 50       		.byte	80
 534 01fe 12       		.byte	18
 535 01ff 03       		.byte	3
 536 0200 13       		.byte	19
 537 0201 7E       		.byte	126
 538 0202 15       		.byte	21
 539 0203 13       		.byte	19
 540 0204 17       		.byte	23
 541 0205 2C       		.byte	44
 542 0206 19       		.byte	25
 543 0207 03       		.byte	3
 544 0208 1B       		.byte	27
 545 0209 04       		.byte	4
 546 020a 1D       		.byte	29
 547 020b 49       		.byte	73
 548 020c 1F       		.byte	31
 549 020d 10       		.byte	16
 550 020e 22       		.byte	34
 551 020f 10       		.byte	16
 552 0210 24       		.byte	36
 553 0211 14       		.byte	20
 554 0212 28       		.byte	40
 555 0213 70       		.byte	112
 556 0214 2A       		.byte	42
 557 0215 0C       		.byte	12
 558 0216 2D       		.byte	45
 559 0217 40       		.byte	64
 560 0218 30       		.byte	48
 561 0219 1F       		.byte	31
 562 021a 33       		.byte	51
 563 021b 0F       		.byte	15
 564 021c 34       		.byte	52
 565 021d 60       		.byte	96
 566 021e 35       		.byte	53
 567 021f 68       		.byte	104
 568 0220 37       		.byte	55
 569 0221 70       		.byte	112
 570 0222 38       		.byte	56
ARM GAS  C:\Users\BRANKO~1\AppData\Local\Temp\ccSyTJEE.s 			page 11


 571 0223 20       		.byte	32
 572 0224 3B       		.byte	59
 573 0225 A8       		.byte	-88
 574 0226 3E       		.byte	62
 575 0227 10       		.byte	16
 576 0228 40       		.byte	64
 577 0229 02       		.byte	2
 578 022a 45       		.byte	69
 579 022b 01       		.byte	1
 580 022c 46       		.byte	70
 581 022d 05       		.byte	5
 582 022e 48       		.byte	72
 583 022f 05       		.byte	5
 584 0230 49       		.byte	73
 585 0231 FF       		.byte	-1
 586 0232 4A       		.byte	74
 587 0233 07       		.byte	7
 588 0234 4B       		.byte	75
 589 0235 FF       		.byte	-1
 590 0236 4C       		.byte	76
 591 0237 40       		.byte	64
 592 0238 4D       		.byte	77
 593 0239 20       		.byte	32
 594 023a 4E       		.byte	78
 595 023b F0       		.byte	-16
 596 023c 4F       		.byte	79
 597 023d 05       		.byte	5
 598 023e 50       		.byte	80
 599 023f 08       		.byte	8
 600 0240 54       		.byte	84
 601 0241 01       		.byte	1
 602 0242 58       		.byte	88
 603 0243 04       		.byte	4
 604 0244 59       		.byte	89
 605 0245 04       		.byte	4
 606 0246 5A       		.byte	90
 607 0247 04       		.byte	4
 608 0248 5B       		.byte	91
 609 0249 04       		.byte	4
 610 024a 5F       		.byte	95
 611 024b 01       		.byte	1
 612 024c 60       		.byte	96
 613 024d 40       		.byte	64
 614 024e 61       		.byte	97
 615 024f A8       		.byte	-88
 616 0250 62       		.byte	98
 617 0251 40       		.byte	64
 618 0252 63       		.byte	99
 619 0253 20       		.byte	32
 620 0254 80       		.byte	-128
 621 0255 0B       		.byte	11
 622 0256 82       		.byte	-126
 623 0257 14       		.byte	20
 624 0258 85       		.byte	-123
 625 0259 03       		.byte	3
 626 025a 86       		.byte	-122
 627 025b 03       		.byte	3
ARM GAS  C:\Users\BRANKO~1\AppData\Local\Temp\ccSyTJEE.s 			page 12


 628 025c 88       		.byte	-120
 629 025d 03       		.byte	3
 630 025e 8C       		.byte	-116
 631 025f 05       		.byte	5
 632 0260 8D       		.byte	-115
 633 0261 01       		.byte	1
 634 0262 8E       		.byte	-114
 635 0263 28       		.byte	40
 636 0264 8F       		.byte	-113
 637 0265 02       		.byte	2
 638 0266 95       		.byte	-107
 639 0267 02       		.byte	2
 640 0268 96       		.byte	-106
 641 0269 03       		.byte	3
 642 026a 97       		.byte	-105
 643 026b 01       		.byte	1
 644 026c 98       		.byte	-104
 645 026d 12       		.byte	18
 646 026e 9A       		.byte	-102
 647 026f 08       		.byte	8
 648 0270 A0       		.byte	-96
 649 0271 03       		.byte	3
 650 0272 A4       		.byte	-92
 651 0273 1C       		.byte	28
 652 0274 A8       		.byte	-88
 653 0275 1C       		.byte	28
 654 0276 A9       		.byte	-87
 655 0277 03       		.byte	3
 656 0278 AE       		.byte	-82
 657 0279 03       		.byte	3
 658 027a B0       		.byte	-80
 659 027b 20       		.byte	32
 660 027c B2       		.byte	-78
 661 027d 1C       		.byte	28
 662 027e B3       		.byte	-77
 663 027f 03       		.byte	3
 664 0280 B6       		.byte	-74
 665 0281 03       		.byte	3
 666 0282 BA       		.byte	-70
 667 0283 20       		.byte	32
 668 0284 D4       		.byte	-44
 669 0285 18       		.byte	24
 670 0286 D6       		.byte	-42
 671 0287 04       		.byte	4
 672 0288 D8       		.byte	-40
 673 0289 04       		.byte	4
 674 028a D9       		.byte	-39
 675 028b 04       		.byte	4
 676 028c DB       		.byte	-37
 677 028d 04       		.byte	4
 678 028e DF       		.byte	-33
 679 028f 01       		.byte	1
 680 0290 00       		.byte	0
 681 0291 0A       		.byte	10
 682 0292 03       		.byte	3
 683 0293 02       		.byte	2
 684 0294 04       		.byte	4
ARM GAS  C:\Users\BRANKO~1\AppData\Local\Temp\ccSyTJEE.s 			page 13


 685 0295 18       		.byte	24
 686 0296 06       		.byte	6
 687 0297 01       		.byte	1
 688 0298 07       		.byte	7
 689 0299 80       		.byte	-128
 690 029a 08       		.byte	8
 691 029b 01       		.byte	1
 692 029c 0A       		.byte	10
 693 029d 40       		.byte	64
 694 029e 0C       		.byte	12
 695 029f 04       		.byte	4
 696 02a0 0E       		.byte	14
 697 02a1 08       		.byte	8
 698 02a2 12       		.byte	18
 699 02a3 58       		.byte	88
 700 02a4 14       		.byte	20
 701 02a5 80       		.byte	-128
 702 02a6 16       		.byte	22
 703 02a7 2A       		.byte	42
 704 02a8 1A       		.byte	26
 705 02a9 44       		.byte	68
 706 02aa 1E       		.byte	30
 707 02ab 11       		.byte	17
 708 02ac 1F       		.byte	31
 709 02ad 11       		.byte	17
 710 02ae 20       		.byte	32
 711 02af 0A       		.byte	10
 712 02b0 21       		.byte	33
 713 02b1 10       		.byte	16
 714 02b2 22       		.byte	34
 715 02b3 58       		.byte	88
 716 02b4 26       		.byte	38
 717 02b5 04       		.byte	4
 718 02b6 2A       		.byte	42
 719 02b7 40       		.byte	64
 720 02b8 2E       		.byte	46
 721 02b9 20       		.byte	32
 722 02ba 2F       		.byte	47
 723 02bb 08       		.byte	8
 724 02bc 30       		.byte	48
 725 02bd 30       		.byte	48
 726 02be 32       		.byte	50
 727 02bf 48       		.byte	72
 728 02c0 33       		.byte	51
 729 02c1 02       		.byte	2
 730 02c2 36       		.byte	54
 731 02c3 04       		.byte	4
 732 02c4 39       		.byte	57
 733 02c5 20       		.byte	32
 734 02c6 3D       		.byte	61
 735 02c7 08       		.byte	8
 736 02c8 3E       		.byte	62
 737 02c9 08       		.byte	8
 738 02ca 3F       		.byte	63
 739 02cb 80       		.byte	-128
 740 02cc 42       		.byte	66
 741 02cd 04       		.byte	4
ARM GAS  C:\Users\BRANKO~1\AppData\Local\Temp\ccSyTJEE.s 			page 14


 742 02ce 49       		.byte	73
 743 02cf 08       		.byte	8
 744 02d0 52       		.byte	82
 745 02d1 40       		.byte	64
 746 02d2 58       		.byte	88
 747 02d3 10       		.byte	16
 748 02d4 59       		.byte	89
 749 02d5 86       		.byte	-122
 750 02d6 5E       		.byte	94
 751 02d7 01       		.byte	1
 752 02d8 64       		.byte	100
 753 02d9 40       		.byte	64
 754 02da 66       		.byte	102
 755 02db 80       		.byte	-128
 756 02dc 67       		.byte	103
 757 02dd 04       		.byte	4
 758 02de 6D       		.byte	109
 759 02df 80       		.byte	-128
 760 02e0 82       		.byte	-126
 761 02e1 01       		.byte	1
 762 02e2 83       		.byte	-125
 763 02e3 40       		.byte	64
 764 02e4 84       		.byte	-124
 765 02e5 80       		.byte	-128
 766 02e6 85       		.byte	-123
 767 02e7 20       		.byte	32
 768 02e8 87       		.byte	-121
 769 02e9 10       		.byte	16
 770 02ea 89       		.byte	-119
 771 02eb 40       		.byte	64
 772 02ec 90       		.byte	-112
 773 02ed 18       		.byte	24
 774 02ee 93       		.byte	-109
 775 02ef 04       		.byte	4
 776 02f0 96       		.byte	-106
 777 02f1 B0       		.byte	-80
 778 02f2 97       		.byte	-105
 779 02f3 02       		.byte	2
 780 02f4 98       		.byte	-104
 781 02f5 04       		.byte	4
 782 02f6 99       		.byte	-103
 783 02f7 86       		.byte	-122
 784 02f8 9A       		.byte	-102
 785 02f9 92       		.byte	-110
 786 02fa 9B       		.byte	-101
 787 02fb 80       		.byte	-128
 788 02fc 9C       		.byte	-100
 789 02fd C1       		.byte	-63
 790 02fe 9D       		.byte	-99
 791 02ff 28       		.byte	40
 792 0300 A0       		.byte	-96
 793 0301 20       		.byte	32
 794 0302 A1       		.byte	-95
 795 0303 04       		.byte	4
 796 0304 A3       		.byte	-93
 797 0305 0A       		.byte	10
 798 0306 A6       		.byte	-90
ARM GAS  C:\Users\BRANKO~1\AppData\Local\Temp\ccSyTJEE.s 			page 15


 799 0307 0C       		.byte	12
 800 0308 A7       		.byte	-89
 801 0309 40       		.byte	64
 802 030a AD       		.byte	-83
 803 030b 10       		.byte	16
 804 030c AE       		.byte	-82
 805 030d 80       		.byte	-128
 806 030e C0       		.byte	-64
 807 030f FD       		.byte	-3
 808 0310 C2       		.byte	-62
 809 0311 68       		.byte	104
 810 0312 C4       		.byte	-60
 811 0313 FE       		.byte	-2
 812 0314 CA       		.byte	-54
 813 0315 28       		.byte	40
 814 0316 CC       		.byte	-52
 815 0317 4F       		.byte	79
 816 0318 CE       		.byte	-50
 817 0319 54       		.byte	84
 818 031a D0       		.byte	-48
 819 031b 04       		.byte	4
 820 031c D6       		.byte	-42
 821 031d 8F       		.byte	-113
 822 031e D8       		.byte	-40
 823 031f B0       		.byte	-80
 824 0320 E6       		.byte	-26
 825 0321 20       		.byte	32
 826 0322 91       		.byte	-111
 827 0323 01       		.byte	1
 828 0324 99       		.byte	-103
 829 0325 01       		.byte	1
 830 0326 A9       		.byte	-87
 831 0327 01       		.byte	1
 832 0328 B5       		.byte	-75
 833 0329 01       		.byte	1
 834 032a D9       		.byte	-39
 835 032b 04       		.byte	4
 836 032c DF       		.byte	-33
 837 032d 01       		.byte	1
 838 032e 04       		.byte	4
 839 032f 58       		.byte	88
 840 0330 06       		.byte	6
 841 0331 02       		.byte	2
 842 0332 07       		.byte	7
 843 0333 80       		.byte	-128
 844 0334 0C       		.byte	12
 845 0335 84       		.byte	-124
 846 0336 0E       		.byte	14
 847 0337 08       		.byte	8
 848 0338 0F       		.byte	15
 849 0339 80       		.byte	-128
 850 033a 14       		.byte	20
 851 033b 80       		.byte	-128
 852 033c 17       		.byte	23
 853 033d 28       		.byte	40
 854 033e 1C       		.byte	28
 855 033f 50       		.byte	80
ARM GAS  C:\Users\BRANKO~1\AppData\Local\Temp\ccSyTJEE.s 			page 16


 856 0340 1D       		.byte	29
 857 0341 88       		.byte	-120
 858 0342 1E       		.byte	30
 859 0343 04       		.byte	4
 860 0344 1F       		.byte	31
 861 0345 04       		.byte	4
 862 0346 21       		.byte	33
 863 0347 20       		.byte	32
 864 0348 24       		.byte	36
 865 0349 2C       		.byte	44
 866 034a 25       		.byte	37
 867 034b 01       		.byte	1
 868 034c 26       		.byte	38
 869 034d 80       		.byte	-128
 870 034e 2B       		.byte	43
 871 034f 08       		.byte	8
 872 0350 2E       		.byte	46
 873 0351 0A       		.byte	10
 874 0352 2F       		.byte	47
 875 0353 05       		.byte	5
 876 0354 30       		.byte	48
 877 0355 02       		.byte	2
 878 0356 33       		.byte	51
 879 0357 10       		.byte	16
 880 0358 34       		.byte	52
 881 0359 80       		.byte	-128
 882 035a 36       		.byte	54
 883 035b 20       		.byte	32
 884 035c 37       		.byte	55
 885 035d 09       		.byte	9
 886 035e 38       		.byte	56
 887 035f 20       		.byte	32
 888 0360 39       		.byte	57
 889 0361 20       		.byte	32
 890 0362 3C       		.byte	60
 891 0363 04       		.byte	4
 892 0364 3D       		.byte	61
 893 0365 02       		.byte	2
 894 0366 3E       		.byte	62
 895 0367 20       		.byte	32
 896 0368 3F       		.byte	63
 897 0369 80       		.byte	-128
 898 036a 44       		.byte	68
 899 036b 04       		.byte	4
 900 036c 45       		.byte	69
 901 036d A9       		.byte	-87
 902 036e 46       		.byte	70
 903 036f 08       		.byte	8
 904 0370 4D       		.byte	77
 905 0371 20       		.byte	32
 906 0372 4E       		.byte	78
 907 0373 20       		.byte	32
 908 0374 57       		.byte	87
 909 0375 01       		.byte	1
 910 0376 5E       		.byte	94
 911 0377 04       		.byte	4
 912 0378 6C       		.byte	108
ARM GAS  C:\Users\BRANKO~1\AppData\Local\Temp\ccSyTJEE.s 			page 17


 913 0379 02       		.byte	2
 914 037a 6D       		.byte	109
 915 037b 08       		.byte	8
 916 037c 6F       		.byte	111
 917 037d 18       		.byte	24
 918 037e 74       		.byte	116
 919 037f 80       		.byte	-128
 920 0380 76       		.byte	118
 921 0381 20       		.byte	32
 922 0382 77       		.byte	119
 923 0383 29       		.byte	41
 924 0384 82       		.byte	-126
 925 0385 10       		.byte	16
 926 0386 83       		.byte	-125
 927 0387 80       		.byte	-128
 928 0388 84       		.byte	-124
 929 0389 40       		.byte	64
 930 038a 93       		.byte	-109
 931 038b 04       		.byte	4
 932 038c 96       		.byte	-106
 933 038d A0       		.byte	-96
 934 038e 99       		.byte	-103
 935 038f 86       		.byte	-122
 936 0390 9A       		.byte	-102
 937 0391 10       		.byte	16
 938 0392 9C       		.byte	-100
 939 0393 01       		.byte	1
 940 0394 9D       		.byte	-99
 941 0395 08       		.byte	8
 942 0396 A0       		.byte	-96
 943 0397 20       		.byte	32
 944 0398 A3       		.byte	-93
 945 0399 02       		.byte	2
 946 039a A6       		.byte	-90
 947 039b 88       		.byte	-120
 948 039c A7       		.byte	-89
 949 039d 01       		.byte	1
 950 039e C0       		.byte	-64
 951 039f F0       		.byte	-16
 952 03a0 C2       		.byte	-62
 953 03a1 F0       		.byte	-16
 954 03a2 C4       		.byte	-60
 955 03a3 70       		.byte	112
 956 03a4 CA       		.byte	-54
 957 03a5 F4       		.byte	-12
 958 03a6 CC       		.byte	-52
 959 03a7 F5       		.byte	-11
 960 03a8 CE       		.byte	-50
 961 03a9 F0       		.byte	-16
 962 03aa D0       		.byte	-48
 963 03ab F0       		.byte	-16
 964 03ac D2       		.byte	-46
 965 03ad 20       		.byte	32
 966 03ae D6       		.byte	-42
 967 03af 40       		.byte	64
 968 03b0 31       		.byte	49
 969 03b1 40       		.byte	64
ARM GAS  C:\Users\BRANKO~1\AppData\Local\Temp\ccSyTJEE.s 			page 18


 970 03b2 32       		.byte	50
 971 03b3 08       		.byte	8
 972 03b4 36       		.byte	54
 973 03b5 80       		.byte	-128
 974 03b6 CC       		.byte	-52
 975 03b7 70       		.byte	112
 976 03b8 9D       		.byte	-99
 977 03b9 40       		.byte	64
 978 03ba A6       		.byte	-90
 979 03bb 88       		.byte	-120
 980 03bc 05       		.byte	5
 981 03bd 02       		.byte	2
 982 03be 9D       		.byte	-99
 983 03bf 40       		.byte	64
 984 03c0 A6       		.byte	-90
 985 03c1 88       		.byte	-120
 986 03c2 C0       		.byte	-64
 987 03c3 20       		.byte	32
 988 03c4 26       		.byte	38
 989 03c5 08       		.byte	8
 990 03c6 82       		.byte	-126
 991 03c7 80       		.byte	-128
 992 03c8 9D       		.byte	-99
 993 03c9 40       		.byte	64
 994 03ca A2       		.byte	-94
 995 03cb 20       		.byte	32
 996 03cc A6       		.byte	-90
 997 03cd 88       		.byte	-120
 998 03ce A9       		.byte	-87
 999 03cf 02       		.byte	2
 1000 03d0 AA       		.byte	-86
 1001 03d1 20       		.byte	32
 1002 03d2 C8       		.byte	-56
 1003 03d3 80       		.byte	-128
 1004 03d4 E6       		.byte	-26
 1005 03d5 20       		.byte	32
 1006 03d6 EC       		.byte	-20
 1007 03d7 20       		.byte	32
 1008 03d8 EE       		.byte	-18
 1009 03d9 80       		.byte	-128
 1010 03da 85       		.byte	-123
 1011 03db 40       		.byte	64
 1012 03dc 9D       		.byte	-99
 1013 03dd 40       		.byte	64
 1014 03de A2       		.byte	-94
 1015 03df 20       		.byte	32
 1016 03e0 E6       		.byte	-26
 1017 03e1 10       		.byte	16
 1018 03e2 0D       		.byte	13
 1019 03e3 20       		.byte	32
 1020 03e4 62       		.byte	98
 1021 03e5 20       		.byte	32
 1022 03e6 6B       		.byte	107
 1023 03e7 20       		.byte	32
 1024 03e8 81       		.byte	-127
 1025 03e9 20       		.byte	32
 1026 03ea 8B       		.byte	-117
ARM GAS  C:\Users\BRANKO~1\AppData\Local\Temp\ccSyTJEE.s 			page 19


 1027 03eb 20       		.byte	32
 1028 03ec A2       		.byte	-94
 1029 03ed 20       		.byte	32
 1030 03ee C2       		.byte	-62
 1031 03ef 80       		.byte	-128
 1032 03f0 D8       		.byte	-40
 1033 03f1 40       		.byte	64
 1034 03f2 DA       		.byte	-38
 1035 03f3 40       		.byte	64
 1036 03f4 E0       		.byte	-32
 1037 03f5 20       		.byte	32
 1038 03f6 00       		.byte	0
 1039 03f7 03       		.byte	3
 1040 03f8 0A       		.byte	10
 1041 03f9 03       		.byte	3
 1042 03fa 10       		.byte	16
 1043 03fb 01       		.byte	1
 1044 03fc 1A       		.byte	26
 1045 03fd 01       		.byte	1
 1046 03fe 00       		.byte	0
 1047 03ff 2F       		.byte	47
 1048 0400 43       		.byte	67
 1049 0401 10       		.byte	16
 1050 0402 0C       		.byte	12
 1051 0403 00       		.byte	0
 1052 0404 0C       		.byte	12
 1053 0405 01       		.byte	1
 1054 0406 43       		.byte	67
 1055 0407 80       		.byte	-128
 1056 0408 4F       		.byte	79
 1057 0409 3F       		.byte	63
 1058 040a 00       		.byte	0
 1059 040b 00       		.byte	0
 1060 040c 00       		.byte	0
 1061 040d 00       		.byte	0
 1062 040e 00       		.byte	0
 1063 040f 40       		.byte	64
 1064 0410 00       		.byte	0
 1065 0411 19       		.byte	25
 1066 0412 43       		.byte	67
 1067 0413 22       		.byte	34
 1068 0414 03       		.byte	3
 1069 0415 27       		.byte	39
 1070 0416 20       		.byte	32
 1071 0417 18       		.byte	24
 1072 0418 01       		.byte	1
 1073 0419 18       		.byte	24
 1074 041a 10       		.byte	16
 1075 041b 00       		.byte	0
 1076 041c 0F       		.byte	15
 1077 041d 00       		.byte	0
 1078 041e 40       		.byte	64
 1079 041f 01       		.byte	1
 1080 0420 02       		.byte	2
 1081 0421 00       		.byte	0
 1082 0422 10       		.byte	16
 1083 0423 26       		.byte	38
ARM GAS  C:\Users\BRANKO~1\AppData\Local\Temp\ccSyTJEE.s 			page 20


 1084 0424 04       		.byte	4
 1085 0425 08       		.byte	8
 1086 0426 00       		.byte	0
 1087 0427 00       		.byte	0
 1088 0428 0C       		.byte	12
 1089 0429 00       		.byte	0
 1090 042a 00       		.byte	0
 1091 042b 40       		.byte	64
 1092 042c 08       		.byte	8
 1093 042d 39       		.byte	57
 1094 042e 00       		.byte	0
 1095 042f 04       		.byte	4
 1096 0430 0F       		.byte	15
 1097 0431 80       		.byte	-128
 1098 0432 00       		.byte	0
 1099 0433 40       		.byte	64
 1100 0434 30       		.byte	48
 1101 0435 1F       		.byte	31
 1102 0436 4C       		.byte	76
 1103 0437 38       		.byte	56
 1104 0438 00       		.byte	0
 1105 0439 00       		.byte	0
 1106 043a 8A       		.byte	-118
 1107 043b 20       		.byte	32
 1108 043c 00       		.byte	0
 1109 043d 00       		.byte	0
 1110 043e 10       		.byte	16
 1111 043f 04       		.byte	4
 1112 0440 64       		.byte	100
 1113 0441 03       		.byte	3
 1114 0442 05       		.byte	5
 1115 0443 00       		.byte	0
 1116 0444 02       		.byte	2
 1117 0445 E0       		.byte	-32
 1118 0446 00       		.byte	0
 1119 0447 0C       		.byte	12
 1120 0448 12       		.byte	18
 1121 0449 FF       		.byte	-1
 1122 044a FF       		.byte	-1
 1123 044b FF       		.byte	-1
 1124 044c 62       		.byte	98
 1125 044d A0       		.byte	-96
 1126 044e F0       		.byte	-16
 1127 044f 41       		.byte	65
 1128 0450 0C       		.byte	12
 1129 0451 00       		.byte	0
 1130 0452 00       		.byte	0
 1131 0453 00       		.byte	0
 1132 0454 00       		.byte	0
 1133 0455 00       		.byte	0
 1134 0456 02       		.byte	2
 1135 0457 12       		.byte	18
 1136 0458 04       		.byte	4
 1137 0459 04       		.byte	4
 1138 045a 04       		.byte	4
 1139 045b 04       		.byte	4
 1140 045c 11       		.byte	17
ARM GAS  C:\Users\BRANKO~1\AppData\Local\Temp\ccSyTJEE.s 			page 21


 1141 045d 11       		.byte	17
 1142 045e 00       		.byte	0
 1143 045f 01       		.byte	1
 1144 0460 00       		.byte	0
 1145 0461 00       		.byte	0
 1146 0462 00       		.byte	0
 1147 0463 00       		.byte	0
 1148 0464 00       		.byte	0
 1149 0465 00       		.byte	0
 1150 0466 40       		.byte	64
 1151 0467 02       		.byte	2
 1152 0468 00       		.byte	0
 1153 0469 10       		.byte	16
 1154 046a 30       		.byte	48
 1155 046b 10       		.byte	16
 1156 046c 00       		.byte	0
 1157 046d 10       		.byte	16
 1158 046e 10       		.byte	16
 1159 046f 12       		.byte	18
 1160 0470 00       		.byte	0
 1161 0471 00       		.byte	0
 1162 0472 00       		.byte	0
 1163 0473 00       		.byte	0
 1164 0474 00       		.byte	0
 1165 0475 00       		.byte	0
 1166 0476 00       		.byte	0
 1167 0477 00       		.byte	0
 1168 0478 00       		.byte	0
 1169 0479 00       		.byte	0
 1170 047a 00       		.byte	0
 1171 047b 00       		.byte	0
 1172 047c 00       		.byte	0
 1173 047d 00       		.byte	0
 1174 047e 00       		.byte	0
 1175 047f 00       		.byte	0
 1176 0480 03       		.byte	3
 1177 0481 00       		.byte	0
 1178 0482 80       		.byte	-128
 1179 0483 40       		.byte	64
 1180 0484 1C       		.byte	28
 1181 0485 39       		.byte	57
 1182 0486 23       		.byte	35
 1183 0487 84       		.byte	-124
 1184 0488 33       		.byte	51
 1185 0489 18       		.byte	24
 1186 048a 0C       		.byte	12
 1187 048b 00       		.byte	0
 1188 048c 1F       		.byte	31
 1189 048d 01       		.byte	1
 1190 048e 20       		.byte	32
 1191 048f 00       		.byte	0
 1192 0490 01       		.byte	1
 1193 0491 10       		.byte	16
 1194 0492 40       		.byte	64
 1195 0493 00       		.byte	0
 1196 0494 00       		.byte	0
 1197 0495 08       		.byte	8
ARM GAS  C:\Users\BRANKO~1\AppData\Local\Temp\ccSyTJEE.s 			page 22


 1198 0496 23       		.byte	35
 1199 0497 00       		.byte	0
 1200 0498 02       		.byte	2
 1201 0499 00       		.byte	0
 1202 049a 40       		.byte	64
 1203 049b 40       		.byte	64
 1204 049c 08       		.byte	8
 1205 049d BF       		.byte	-65
 1206 049e 00       		.byte	0
 1207 049f 00       		.byte	0
 1208 04a0 3F       		.byte	63
 1209 04a1 19       		.byte	25
 1210 04a2 00       		.byte	0
 1211 04a3 A2       		.byte	-94
 1212 04a4 04       		.byte	4
 1213 04a5 00       		.byte	0
 1214 04a6 00       		.byte	0
 1215 04a7 26       		.byte	38
 1216 04a8 0C       		.byte	12
 1217 04a9 A7       		.byte	-89
 1218 04aa 00       		.byte	0
 1219 04ab 18       		.byte	24
 1220 04ac 00       		.byte	0
 1221 04ad 00       		.byte	0
 1222 04ae 00       		.byte	0
 1223 04af 01       		.byte	1
 1224 04b0 2C       		.byte	44
 1225 04b1 38       		.byte	56
 1226 04b2 0F       		.byte	15
 1227 04b3 40       		.byte	64
 1228 04b4 10       		.byte	16
 1229 04b5 1F       		.byte	31
 1230 04b6 C0       		.byte	-64
 1231 04b7 80       		.byte	-128
 1232 04b8 00       		.byte	0
 1233 04b9 80       		.byte	-128
 1234 04ba 0A       		.byte	10
 1235 04bb 20       		.byte	32
 1236 04bc 00       		.byte	0
 1237 04bd 00       		.byte	0
 1238 04be 50       		.byte	80
 1239 04bf 04       		.byte	4
 1240 04c0 32       		.byte	50
 1241 04c1 06       		.byte	6
 1242 04c2 04       		.byte	4
 1243 04c3 00       		.byte	0
 1244 04c4 01       		.byte	1
 1245 04c5 0C       		.byte	12
 1246 04c6 00       		.byte	0
 1247 04c7 E0       		.byte	-32
 1248 04c8 21       		.byte	33
 1249 04c9 FF       		.byte	-1
 1250 04ca FF       		.byte	-1
 1251 04cb FF       		.byte	-1
 1252 04cc 62       		.byte	98
 1253 04cd A0       		.byte	-96
 1254 04ce F0       		.byte	-16
ARM GAS  C:\Users\BRANKO~1\AppData\Local\Temp\ccSyTJEE.s 			page 23


 1255 04cf 41       		.byte	65
 1256 04d0 0C       		.byte	12
 1257 04d1 00       		.byte	0
 1258 04d2 00       		.byte	0
 1259 04d3 00       		.byte	0
 1260 04d4 00       		.byte	0
 1261 04d5 00       		.byte	0
 1262 04d6 02       		.byte	2
 1263 04d7 12       		.byte	18
 1264 04d8 04       		.byte	4
 1265 04d9 04       		.byte	4
 1266 04da 04       		.byte	4
 1267 04db 04       		.byte	4
 1268 04dc 00       		.byte	0
 1269 04dd 00       		.byte	0
 1270 04de 00       		.byte	0
 1271 04df 01       		.byte	1
 1272 04e0 00       		.byte	0
 1273 04e1 00       		.byte	0
 1274 04e2 00       		.byte	0
 1275 04e3 00       		.byte	0
 1276 04e4 00       		.byte	0
 1277 04e5 00       		.byte	0
 1278 04e6 40       		.byte	64
 1279 04e7 02       		.byte	2
 1280 04e8 00       		.byte	0
 1281 04e9 10       		.byte	16
 1282 04ea 30       		.byte	48
 1283 04eb 10       		.byte	16
 1284 04ec 00       		.byte	0
 1285 04ed 10       		.byte	16
 1286 04ee 10       		.byte	16
 1287 04ef 12       		.byte	18
 1288 04f0 00       		.byte	0
 1289 04f1 00       		.byte	0
 1290 04f2 00       		.byte	0
 1291 04f3 00       		.byte	0
 1292 04f4 00       		.byte	0
 1293 04f5 00       		.byte	0
 1294 04f6 00       		.byte	0
 1295 04f7 00       		.byte	0
 1296 04f8 00       		.byte	0
 1297 04f9 00       		.byte	0
 1298 04fa 00       		.byte	0
 1299 04fb 00       		.byte	0
 1300 04fc 00       		.byte	0
 1301 04fd 00       		.byte	0
 1302 04fe 00       		.byte	0
 1303 04ff 00       		.byte	0
 1304 0500 00       		.byte	0
 1305 0501 FB       		.byte	-5
 1306 0502 EB       		.byte	-21
 1307 0503 00       		.byte	0
 1308 0504 00       		.byte	0
 1309 0505 00       		.byte	0
 1310 0506 00       		.byte	0
 1311 0507 00       		.byte	0
ARM GAS  C:\Users\BRANKO~1\AppData\Local\Temp\ccSyTJEE.s 			page 24


 1312 0508 08       		.byte	8
 1313 0509 F6       		.byte	-10
 1314 050a F6       		.byte	-10
 1315 050b 00       		.byte	0
 1316 050c 00       		.byte	0
 1317 050d 00       		.byte	0
 1318 050e 00       		.byte	0
 1319 050f 00       		.byte	0
 1320 0510 03       		.byte	3
 1321 0511 00       		.byte	0
 1322 0512 00       		.byte	0
 1323 0513 33       		.byte	51
 1324 0514 33       		.byte	51
 1325 0515 00       		.byte	0
 1326 0516 00       		.byte	0
 1327 0517 00       		.byte	0
 1328 0518 00       		.byte	0
 1329 0519 00       		.byte	0
 1330 051a 00       		.byte	0
 1331 051b 00       		.byte	0
 1332 051c 00       		.byte	0
 1333 051d C0       		.byte	-64
 1334 051e C0       		.byte	-64
 1335 051f 00       		.byte	0
 1336 0520 00       		.byte	0
 1337 0521 00       		.byte	0
 1338 0522 00       		.byte	0
 1339 0523 00       		.byte	0
 1340 0524 00       		.byte	0
 1341 0525 FF       		.byte	-1
 1342 0526 FF       		.byte	-1
 1343 0527 00       		.byte	0
 1344 0528 00       		.byte	0
 1345 0529 00       		.byte	0
 1346 052a 00       		.byte	0
 1347 052b 00       		.byte	0
 1348 052c 40       		.byte	64
 1349 052d 00       		.byte	0
 1350 052e 80       		.byte	-128
 1351 052f 7F       		.byte	127
 1352 0530 7F       		.byte	127
 1353 0531 00       		.byte	0
 1354 0532 40       		.byte	64
 1355 0533 40       		.byte	64
 1356 0534 00       		.byte	0
 1357 0535 00       		.byte	0
 1358 0536 00       		.byte	0
 1359 0537 00       		.byte	0
 1360              		.global	cy_meta_custnvl
 1361              		.section	.cycustnvl,"a",%progbits
 1362              		.align	2
 1363              		.type	cy_meta_custnvl, %object
 1364              		.size	cy_meta_custnvl, 4
 1365              	cy_meta_custnvl:
 1366 0000 00       		.byte	0
 1367 0001 00       		.byte	0
 1368 0002 40       		.byte	64
ARM GAS  C:\Users\BRANKO~1\AppData\Local\Temp\ccSyTJEE.s 			page 25


 1369 0003 05       		.byte	5
 1370              		.global	cy_meta_wonvl
 1371              		.section	.cywolatch,"a",%progbits
 1372              		.align	2
 1373              		.type	cy_meta_wonvl, %object
 1374              		.size	cy_meta_wonvl, 4
 1375              	cy_meta_wonvl:
 1376 0000 BC       		.byte	-68
 1377 0001 90       		.byte	-112
 1378 0002 AC       		.byte	-84
 1379 0003 AF       		.byte	-81
 1380              		.global	cy_meta_flashprotect
 1381              		.section	.cyflashprotect,"a",%progbits
 1382              		.align	2
 1383              		.type	cy_meta_flashprotect, %object
 1384              		.size	cy_meta_flashprotect, 256
 1385              	cy_meta_flashprotect:
 1386 0000 00000000 		.space	256
 1386      00000000 
 1386      00000000 
 1386      00000000 
 1386      00000000 
 1387              		.global	cy_metadata
 1388              		.section	.cymeta,"a",%progbits
 1389              		.align	2
 1390              		.type	cy_metadata, %object
 1391              		.size	cy_metadata, 12
 1392              	cy_metadata:
 1393 0000 00       		.byte	0
 1394 0001 01       		.byte	1
 1395 0002 2E       		.byte	46
 1396 0003 16       		.byte	22
 1397 0004 10       		.byte	16
 1398 0005 69       		.byte	105
 1399 0006 00       		.byte	0
 1400 0007 01       		.byte	1
 1401 0008 00       		.byte	0
 1402 0009 00       		.byte	0
 1403 000a 00       		.byte	0
 1404 000b 00       		.byte	0
 1405              		.text
 1406              	.Letext0:
 1407              		.file 1 ".\\Generated_Source\\PSoC5\\cymetadata.c"
 1408              		.file 2 ".\\Generated_Source\\PSoC5\\cytypes.h"
 1409              		.section	.debug_info,"",%progbits
 1410              	.Ldebug_info0:
 1411 0000 37010000 		.4byte	0x137
 1412 0004 0400     		.2byte	0x4
 1413 0006 00000000 		.4byte	.Ldebug_abbrev0
 1414 000a 04       		.byte	0x4
 1415 000b 01       		.uleb128 0x1
 1416 000c DD000000 		.4byte	.LASF18
 1417 0010 01       		.byte	0x1
 1418 0011 25000000 		.4byte	.LASF19
 1419 0015 00000000 		.4byte	.LASF20
 1420 0019 00000000 		.4byte	.Ldebug_line0
 1421 001d 02       		.uleb128 0x2
ARM GAS  C:\Users\BRANKO~1\AppData\Local\Temp\ccSyTJEE.s 			page 26


 1422 001e 01       		.byte	0x1
 1423 001f 06       		.byte	0x6
 1424 0020 B1010000 		.4byte	.LASF0
 1425 0024 02       		.uleb128 0x2
 1426 0025 01       		.byte	0x1
 1427 0026 08       		.byte	0x8
 1428 0027 5D000000 		.4byte	.LASF1
 1429 002b 02       		.uleb128 0x2
 1430 002c 02       		.byte	0x2
 1431 002d 05       		.byte	0x5
 1432 002e 98010000 		.4byte	.LASF2
 1433 0032 02       		.uleb128 0x2
 1434 0033 02       		.byte	0x2
 1435 0034 07       		.byte	0x7
 1436 0035 7D000000 		.4byte	.LASF3
 1437 0039 02       		.uleb128 0x2
 1438 003a 04       		.byte	0x4
 1439 003b 05       		.byte	0x5
 1440 003c A8010000 		.4byte	.LASF4
 1441 0040 02       		.uleb128 0x2
 1442 0041 04       		.byte	0x4
 1443 0042 07       		.byte	0x7
 1444 0043 6B000000 		.4byte	.LASF5
 1445 0047 02       		.uleb128 0x2
 1446 0048 08       		.byte	0x8
 1447 0049 05       		.byte	0x5
 1448 004a 85010000 		.4byte	.LASF6
 1449 004e 02       		.uleb128 0x2
 1450 004f 08       		.byte	0x8
 1451 0050 07       		.byte	0x7
 1452 0051 C6000000 		.4byte	.LASF7
 1453 0055 03       		.uleb128 0x3
 1454 0056 04       		.byte	0x4
 1455 0057 05       		.byte	0x5
 1456 0058 696E7400 		.ascii	"int\000"
 1457 005c 02       		.uleb128 0x2
 1458 005d 04       		.byte	0x4
 1459 005e 07       		.byte	0x7
 1460 005f B9000000 		.4byte	.LASF8
 1461 0063 04       		.uleb128 0x4
 1462 0064 A2010000 		.4byte	.LASF21
 1463 0068 02       		.byte	0x2
 1464 0069 A1       		.byte	0xa1
 1465 006a 24000000 		.4byte	0x24
 1466 006e 02       		.uleb128 0x2
 1467 006f 04       		.byte	0x4
 1468 0070 04       		.byte	0x4
 1469 0071 57000000 		.4byte	.LASF9
 1470 0075 02       		.uleb128 0x2
 1471 0076 08       		.byte	0x8
 1472 0077 04       		.byte	0x4
 1473 0078 90000000 		.4byte	.LASF10
 1474 007c 02       		.uleb128 0x2
 1475 007d 01       		.byte	0x1
 1476 007e 08       		.byte	0x8
 1477 007f 93010000 		.4byte	.LASF11
 1478 0083 05       		.uleb128 0x5
ARM GAS  C:\Users\BRANKO~1\AppData\Local\Temp\ccSyTJEE.s 			page 27


 1479 0084 63000000 		.4byte	0x63
 1480 0088 94000000 		.4byte	0x94
 1481 008c 06       		.uleb128 0x6
 1482 008d 94000000 		.4byte	0x94
 1483 0091 3705     		.2byte	0x537
 1484 0093 00       		.byte	0
 1485 0094 02       		.uleb128 0x2
 1486 0095 04       		.byte	0x4
 1487 0096 07       		.byte	0x7
 1488 0097 7C010000 		.4byte	.LASF12
 1489 009b 07       		.uleb128 0x7
 1490 009c A7000000 		.4byte	.LASF13
 1491 00a0 01       		.byte	0x1
 1492 00a1 1C       		.byte	0x1c
 1493 00a2 AC000000 		.4byte	0xac
 1494 00a6 05       		.uleb128 0x5
 1495 00a7 03       		.byte	0x3
 1496 00a8 00000000 		.4byte	cy_meta_configecc
 1497 00ac 08       		.uleb128 0x8
 1498 00ad 83000000 		.4byte	0x83
 1499 00b1 05       		.uleb128 0x5
 1500 00b2 63000000 		.4byte	0x63
 1501 00b6 C1000000 		.4byte	0xc1
 1502 00ba 09       		.uleb128 0x9
 1503 00bb 94000000 		.4byte	0x94
 1504 00bf 03       		.byte	0x3
 1505 00c0 00       		.byte	0
 1506 00c1 07       		.uleb128 0x7
 1507 00c2 97000000 		.4byte	.LASF14
 1508 00c6 01       		.byte	0x1
 1509 00c7 CD       		.byte	0xcd
 1510 00c8 D2000000 		.4byte	0xd2
 1511 00cc 05       		.uleb128 0x5
 1512 00cd 03       		.byte	0x3
 1513 00ce 00000000 		.4byte	cy_meta_custnvl
 1514 00d2 08       		.uleb128 0x8
 1515 00d3 B1000000 		.4byte	0xb1
 1516 00d7 07       		.uleb128 0x7
 1517 00d8 6E010000 		.4byte	.LASF15
 1518 00dc 01       		.byte	0x1
 1519 00dd D8       		.byte	0xd8
 1520 00de E8000000 		.4byte	0xe8
 1521 00e2 05       		.uleb128 0x5
 1522 00e3 03       		.byte	0x3
 1523 00e4 00000000 		.4byte	cy_meta_wonvl
 1524 00e8 08       		.uleb128 0x8
 1525 00e9 B1000000 		.4byte	0xb1
 1526 00ed 05       		.uleb128 0x5
 1527 00ee 63000000 		.4byte	0x63
 1528 00f2 FD000000 		.4byte	0xfd
 1529 00f6 09       		.uleb128 0x9
 1530 00f7 94000000 		.4byte	0x94
 1531 00fb FF       		.byte	0xff
 1532 00fc 00       		.byte	0
 1533 00fd 07       		.uleb128 0x7
 1534 00fe 59010000 		.4byte	.LASF16
 1535 0102 01       		.byte	0x1
ARM GAS  C:\Users\BRANKO~1\AppData\Local\Temp\ccSyTJEE.s 			page 28


 1536 0103 E3       		.byte	0xe3
 1537 0104 0E010000 		.4byte	0x10e
 1538 0108 05       		.uleb128 0x5
 1539 0109 03       		.byte	0x3
 1540 010a 00000000 		.4byte	cy_meta_flashprotect
 1541 010e 08       		.uleb128 0x8
 1542 010f ED000000 		.4byte	0xed
 1543 0113 05       		.uleb128 0x5
 1544 0114 63000000 		.4byte	0x63
 1545 0118 23010000 		.4byte	0x123
 1546 011c 09       		.uleb128 0x9
 1547 011d 94000000 		.4byte	0x94
 1548 0121 0B       		.byte	0xb
 1549 0122 00       		.byte	0
 1550 0123 0A       		.uleb128 0xa
 1551 0124 4B000000 		.4byte	.LASF17
 1552 0128 01       		.byte	0x1
 1553 0129 0D01     		.2byte	0x10d
 1554 012b 35010000 		.4byte	0x135
 1555 012f 05       		.uleb128 0x5
 1556 0130 03       		.byte	0x3
 1557 0131 00000000 		.4byte	cy_metadata
 1558 0135 08       		.uleb128 0x8
 1559 0136 13010000 		.4byte	0x113
 1560 013a 00       		.byte	0
 1561              		.section	.debug_abbrev,"",%progbits
 1562              	.Ldebug_abbrev0:
 1563 0000 01       		.uleb128 0x1
 1564 0001 11       		.uleb128 0x11
 1565 0002 01       		.byte	0x1
 1566 0003 25       		.uleb128 0x25
 1567 0004 0E       		.uleb128 0xe
 1568 0005 13       		.uleb128 0x13
 1569 0006 0B       		.uleb128 0xb
 1570 0007 03       		.uleb128 0x3
 1571 0008 0E       		.uleb128 0xe
 1572 0009 1B       		.uleb128 0x1b
 1573 000a 0E       		.uleb128 0xe
 1574 000b 10       		.uleb128 0x10
 1575 000c 17       		.uleb128 0x17
 1576 000d 00       		.byte	0
 1577 000e 00       		.byte	0
 1578 000f 02       		.uleb128 0x2
 1579 0010 24       		.uleb128 0x24
 1580 0011 00       		.byte	0
 1581 0012 0B       		.uleb128 0xb
 1582 0013 0B       		.uleb128 0xb
 1583 0014 3E       		.uleb128 0x3e
 1584 0015 0B       		.uleb128 0xb
 1585 0016 03       		.uleb128 0x3
 1586 0017 0E       		.uleb128 0xe
 1587 0018 00       		.byte	0
 1588 0019 00       		.byte	0
 1589 001a 03       		.uleb128 0x3
 1590 001b 24       		.uleb128 0x24
 1591 001c 00       		.byte	0
 1592 001d 0B       		.uleb128 0xb
ARM GAS  C:\Users\BRANKO~1\AppData\Local\Temp\ccSyTJEE.s 			page 29


 1593 001e 0B       		.uleb128 0xb
 1594 001f 3E       		.uleb128 0x3e
 1595 0020 0B       		.uleb128 0xb
 1596 0021 03       		.uleb128 0x3
 1597 0022 08       		.uleb128 0x8
 1598 0023 00       		.byte	0
 1599 0024 00       		.byte	0
 1600 0025 04       		.uleb128 0x4
 1601 0026 16       		.uleb128 0x16
 1602 0027 00       		.byte	0
 1603 0028 03       		.uleb128 0x3
 1604 0029 0E       		.uleb128 0xe
 1605 002a 3A       		.uleb128 0x3a
 1606 002b 0B       		.uleb128 0xb
 1607 002c 3B       		.uleb128 0x3b
 1608 002d 0B       		.uleb128 0xb
 1609 002e 49       		.uleb128 0x49
 1610 002f 13       		.uleb128 0x13
 1611 0030 00       		.byte	0
 1612 0031 00       		.byte	0
 1613 0032 05       		.uleb128 0x5
 1614 0033 01       		.uleb128 0x1
 1615 0034 01       		.byte	0x1
 1616 0035 49       		.uleb128 0x49
 1617 0036 13       		.uleb128 0x13
 1618 0037 01       		.uleb128 0x1
 1619 0038 13       		.uleb128 0x13
 1620 0039 00       		.byte	0
 1621 003a 00       		.byte	0
 1622 003b 06       		.uleb128 0x6
 1623 003c 21       		.uleb128 0x21
 1624 003d 00       		.byte	0
 1625 003e 49       		.uleb128 0x49
 1626 003f 13       		.uleb128 0x13
 1627 0040 2F       		.uleb128 0x2f
 1628 0041 05       		.uleb128 0x5
 1629 0042 00       		.byte	0
 1630 0043 00       		.byte	0
 1631 0044 07       		.uleb128 0x7
 1632 0045 34       		.uleb128 0x34
 1633 0046 00       		.byte	0
 1634 0047 03       		.uleb128 0x3
 1635 0048 0E       		.uleb128 0xe
 1636 0049 3A       		.uleb128 0x3a
 1637 004a 0B       		.uleb128 0xb
 1638 004b 3B       		.uleb128 0x3b
 1639 004c 0B       		.uleb128 0xb
 1640 004d 49       		.uleb128 0x49
 1641 004e 13       		.uleb128 0x13
 1642 004f 3F       		.uleb128 0x3f
 1643 0050 19       		.uleb128 0x19
 1644 0051 02       		.uleb128 0x2
 1645 0052 18       		.uleb128 0x18
 1646 0053 00       		.byte	0
 1647 0054 00       		.byte	0
 1648 0055 08       		.uleb128 0x8
 1649 0056 26       		.uleb128 0x26
ARM GAS  C:\Users\BRANKO~1\AppData\Local\Temp\ccSyTJEE.s 			page 30


 1650 0057 00       		.byte	0
 1651 0058 49       		.uleb128 0x49
 1652 0059 13       		.uleb128 0x13
 1653 005a 00       		.byte	0
 1654 005b 00       		.byte	0
 1655 005c 09       		.uleb128 0x9
 1656 005d 21       		.uleb128 0x21
 1657 005e 00       		.byte	0
 1658 005f 49       		.uleb128 0x49
 1659 0060 13       		.uleb128 0x13
 1660 0061 2F       		.uleb128 0x2f
 1661 0062 0B       		.uleb128 0xb
 1662 0063 00       		.byte	0
 1663 0064 00       		.byte	0
 1664 0065 0A       		.uleb128 0xa
 1665 0066 34       		.uleb128 0x34
 1666 0067 00       		.byte	0
 1667 0068 03       		.uleb128 0x3
 1668 0069 0E       		.uleb128 0xe
 1669 006a 3A       		.uleb128 0x3a
 1670 006b 0B       		.uleb128 0xb
 1671 006c 3B       		.uleb128 0x3b
 1672 006d 05       		.uleb128 0x5
 1673 006e 49       		.uleb128 0x49
 1674 006f 13       		.uleb128 0x13
 1675 0070 3F       		.uleb128 0x3f
 1676 0071 19       		.uleb128 0x19
 1677 0072 02       		.uleb128 0x2
 1678 0073 18       		.uleb128 0x18
 1679 0074 00       		.byte	0
 1680 0075 00       		.byte	0
 1681 0076 00       		.byte	0
 1682              		.section	.debug_aranges,"",%progbits
 1683 0000 14000000 		.4byte	0x14
 1684 0004 0200     		.2byte	0x2
 1685 0006 00000000 		.4byte	.Ldebug_info0
 1686 000a 04       		.byte	0x4
 1687 000b 00       		.byte	0
 1688 000c 0000     		.2byte	0
 1689 000e 0000     		.2byte	0
 1690 0010 00000000 		.4byte	0
 1691 0014 00000000 		.4byte	0
 1692              		.section	.debug_line,"",%progbits
 1693              	.Ldebug_line0:
 1694 0000 4F000000 		.section	.debug_str,"MS",%progbits,1
 1694      02004900 
 1694      00000201 
 1694      FB0E0D00 
 1694      01010101 
 1695              	.LASF20:
 1696 0000 443A5C70 		.ascii	"D:\\psoc5\\Cell Board\\Cell Board.cydsn\000"
 1696      736F6335 
 1696      5C43656C 
 1696      6C20426F 
 1696      6172645C 
 1697              	.LASF19:
 1698 0025 2E5C4765 		.ascii	".\\Generated_Source\\PSoC5\\cymetadata.c\000"
ARM GAS  C:\Users\BRANKO~1\AppData\Local\Temp\ccSyTJEE.s 			page 31


 1698      6E657261 
 1698      7465645F 
 1698      536F7572 
 1698      63655C50 
 1699              	.LASF17:
 1700 004b 63795F6D 		.ascii	"cy_metadata\000"
 1700      65746164 
 1700      61746100 
 1701              	.LASF9:
 1702 0057 666C6F61 		.ascii	"float\000"
 1702      7400
 1703              	.LASF1:
 1704 005d 756E7369 		.ascii	"unsigned char\000"
 1704      676E6564 
 1704      20636861 
 1704      7200
 1705              	.LASF5:
 1706 006b 6C6F6E67 		.ascii	"long unsigned int\000"
 1706      20756E73 
 1706      69676E65 
 1706      6420696E 
 1706      7400
 1707              	.LASF3:
 1708 007d 73686F72 		.ascii	"short unsigned int\000"
 1708      7420756E 
 1708      7369676E 
 1708      65642069 
 1708      6E7400
 1709              	.LASF10:
 1710 0090 646F7562 		.ascii	"double\000"
 1710      6C6500
 1711              	.LASF14:
 1712 0097 63795F6D 		.ascii	"cy_meta_custnvl\000"
 1712      6574615F 
 1712      63757374 
 1712      6E766C00 
 1713              	.LASF13:
 1714 00a7 63795F6D 		.ascii	"cy_meta_configecc\000"
 1714      6574615F 
 1714      636F6E66 
 1714      69676563 
 1714      6300
 1715              	.LASF8:
 1716 00b9 756E7369 		.ascii	"unsigned int\000"
 1716      676E6564 
 1716      20696E74 
 1716      00
 1717              	.LASF7:
 1718 00c6 6C6F6E67 		.ascii	"long long unsigned int\000"
 1718      206C6F6E 
 1718      6720756E 
 1718      7369676E 
 1718      65642069 
 1719              	.LASF18:
 1720 00dd 474E5520 		.ascii	"GNU C 4.8.4 20140526 (release) [ARM/embedded-4_8-br"
 1720      4320342E 
 1720      382E3420 
ARM GAS  C:\Users\BRANKO~1\AppData\Local\Temp\ccSyTJEE.s 			page 32


 1720      32303134 
 1720      30353236 
 1721 0110 616E6368 		.ascii	"anch revision 211358] -mcpu=cortex-m3 -mthumb -g -O"
 1721      20726576 
 1721      6973696F 
 1721      6E203231 
 1721      31333538 
 1722 0143 30202D66 		.ascii	"0 -ffunction-sections\000"
 1722      66756E63 
 1722      74696F6E 
 1722      2D736563 
 1722      74696F6E 
 1723              	.LASF16:
 1724 0159 63795F6D 		.ascii	"cy_meta_flashprotect\000"
 1724      6574615F 
 1724      666C6173 
 1724      6870726F 
 1724      74656374 
 1725              	.LASF15:
 1726 016e 63795F6D 		.ascii	"cy_meta_wonvl\000"
 1726      6574615F 
 1726      776F6E76 
 1726      6C00
 1727              	.LASF12:
 1728 017c 73697A65 		.ascii	"sizetype\000"
 1728      74797065 
 1728      00
 1729              	.LASF6:
 1730 0185 6C6F6E67 		.ascii	"long long int\000"
 1730      206C6F6E 
 1730      6720696E 
 1730      7400
 1731              	.LASF11:
 1732 0193 63686172 		.ascii	"char\000"
 1732      00
 1733              	.LASF2:
 1734 0198 73686F72 		.ascii	"short int\000"
 1734      7420696E 
 1734      7400
 1735              	.LASF21:
 1736 01a2 75696E74 		.ascii	"uint8\000"
 1736      3800
 1737              	.LASF4:
 1738 01a8 6C6F6E67 		.ascii	"long int\000"
 1738      20696E74 
 1738      00
 1739              	.LASF0:
 1740 01b1 7369676E 		.ascii	"signed char\000"
 1740      65642063 
 1740      68617200 
 1741              		.ident	"GCC: (GNU Tools for ARM Embedded Processors) 4.8.4 20140526 (release) [ARM/embedded-4_8-br
