ARM GAS  C:\Users\BRANKO~1\AppData\Local\Temp\ccDiXIUD.s 			page 1


   1              		.syntax unified
   2              		.cpu cortex-m3
   3              		.fpu softvfp
   4              		.eabi_attribute 20, 1
   5              		.eabi_attribute 21, 1
   6              		.eabi_attribute 23, 3
   7              		.eabi_attribute 24, 1
   8              		.eabi_attribute 25, 1
   9              		.eabi_attribute 26, 1
  10              		.eabi_attribute 30, 6
  11              		.eabi_attribute 34, 1
  12              		.eabi_attribute 18, 4
  13              		.thumb
  14              		.file	"Pin34.c"
  15              		.text
  16              	.Ltext0:
  17              		.cfi_sections	.debug_frame
  18              		.section	.text.Pin34_Write,"ax",%progbits
  19              		.align	2
  20              		.global	Pin34_Write
  21              		.thumb
  22              		.thumb_func
  23              		.type	Pin34_Write, %function
  24              	Pin34_Write:
  25              	.LFB0:
  26              		.file 1 ".\\Generated_Source\\PSoC5\\Pin34.c"
   1:.\Generated_Source\PSoC5/Pin34.c **** /*******************************************************************************
   2:.\Generated_Source\PSoC5/Pin34.c **** * File Name: Pin34.c  
   3:.\Generated_Source\PSoC5/Pin34.c **** * Version 2.10
   4:.\Generated_Source\PSoC5/Pin34.c **** *
   5:.\Generated_Source\PSoC5/Pin34.c **** * Description:
   6:.\Generated_Source\PSoC5/Pin34.c **** *  This file contains API to enable firmware control of a Pins component.
   7:.\Generated_Source\PSoC5/Pin34.c **** *
   8:.\Generated_Source\PSoC5/Pin34.c **** * Note:
   9:.\Generated_Source\PSoC5/Pin34.c **** *
  10:.\Generated_Source\PSoC5/Pin34.c **** ********************************************************************************
  11:.\Generated_Source\PSoC5/Pin34.c **** * Copyright 2008-2014, Cypress Semiconductor Corporation.  All rights reserved.
  12:.\Generated_Source\PSoC5/Pin34.c **** * You may use this file only in accordance with the license, terms, conditions, 
  13:.\Generated_Source\PSoC5/Pin34.c **** * disclaimers, and limitations in the end user license agreement accompanying 
  14:.\Generated_Source\PSoC5/Pin34.c **** * the software package with which this file was provided.
  15:.\Generated_Source\PSoC5/Pin34.c **** *******************************************************************************/
  16:.\Generated_Source\PSoC5/Pin34.c **** 
  17:.\Generated_Source\PSoC5/Pin34.c **** #include "cytypes.h"
  18:.\Generated_Source\PSoC5/Pin34.c **** #include "Pin34.h"
  19:.\Generated_Source\PSoC5/Pin34.c **** 
  20:.\Generated_Source\PSoC5/Pin34.c **** /* APIs are not generated for P15[7:6] on PSoC 5 */
  21:.\Generated_Source\PSoC5/Pin34.c **** #if !(CY_PSOC5A &&\
  22:.\Generated_Source\PSoC5/Pin34.c **** 	 Pin34__PORT == 15 && ((Pin34__MASK & 0xC0) != 0))
  23:.\Generated_Source\PSoC5/Pin34.c **** 
  24:.\Generated_Source\PSoC5/Pin34.c **** 
  25:.\Generated_Source\PSoC5/Pin34.c **** /*******************************************************************************
  26:.\Generated_Source\PSoC5/Pin34.c **** * Function Name: Pin34_Write
  27:.\Generated_Source\PSoC5/Pin34.c **** ********************************************************************************
  28:.\Generated_Source\PSoC5/Pin34.c **** *
  29:.\Generated_Source\PSoC5/Pin34.c **** * Summary:
  30:.\Generated_Source\PSoC5/Pin34.c **** *  Assign a new value to the digital port's data output register.  
  31:.\Generated_Source\PSoC5/Pin34.c **** *
ARM GAS  C:\Users\BRANKO~1\AppData\Local\Temp\ccDiXIUD.s 			page 2


  32:.\Generated_Source\PSoC5/Pin34.c **** * Parameters:  
  33:.\Generated_Source\PSoC5/Pin34.c **** *  prtValue:  The value to be assigned to the Digital Port. 
  34:.\Generated_Source\PSoC5/Pin34.c **** *
  35:.\Generated_Source\PSoC5/Pin34.c **** * Return: 
  36:.\Generated_Source\PSoC5/Pin34.c **** *  None
  37:.\Generated_Source\PSoC5/Pin34.c **** *  
  38:.\Generated_Source\PSoC5/Pin34.c **** *******************************************************************************/
  39:.\Generated_Source\PSoC5/Pin34.c **** void Pin34_Write(uint8 value) 
  40:.\Generated_Source\PSoC5/Pin34.c **** {
  27              		.loc 1 40 0
  28              		.cfi_startproc
  29              		@ args = 0, pretend = 0, frame = 16
  30              		@ frame_needed = 1, uses_anonymous_args = 0
  31              		@ link register save eliminated.
  32 0000 80B4     		push	{r7}
  33              		.cfi_def_cfa_offset 4
  34              		.cfi_offset 7, -4
  35 0002 85B0     		sub	sp, sp, #20
  36              		.cfi_def_cfa_offset 24
  37 0004 00AF     		add	r7, sp, #0
  38              		.cfi_def_cfa_register 7
  39 0006 0346     		mov	r3, r0
  40 0008 FB71     		strb	r3, [r7, #7]
  41:.\Generated_Source\PSoC5/Pin34.c ****     uint8 staticBits = (Pin34_DR & (uint8)(~Pin34_MASK));
  41              		.loc 1 41 0
  42 000a 0B4B     		ldr	r3, .L2
  43 000c 1B78     		ldrb	r3, [r3]
  44 000e DBB2     		uxtb	r3, r3
  45 0010 23F02003 		bic	r3, r3, #32
  46 0014 FB73     		strb	r3, [r7, #15]
  42:.\Generated_Source\PSoC5/Pin34.c ****     Pin34_DR = staticBits | ((uint8)(value << Pin34_SHIFT) & Pin34_MASK);
  47              		.loc 1 42 0
  48 0016 084B     		ldr	r3, .L2
  49 0018 FA79     		ldrb	r2, [r7, #7]
  50 001a 5201     		lsls	r2, r2, #5
  51 001c D2B2     		uxtb	r2, r2
  52 001e 02F02002 		and	r2, r2, #32
  53 0022 D1B2     		uxtb	r1, r2
  54 0024 FA7B     		ldrb	r2, [r7, #15]
  55 0026 0A43     		orrs	r2, r2, r1
  56 0028 D2B2     		uxtb	r2, r2
  57 002a 1A70     		strb	r2, [r3]
  43:.\Generated_Source\PSoC5/Pin34.c **** }
  58              		.loc 1 43 0
  59 002c 1437     		adds	r7, r7, #20
  60 002e BD46     		mov	sp, r7
  61              		@ sp needed
  62 0030 5DF8047B 		ldr	r7, [sp], #4
  63 0034 7047     		bx	lr
  64              	.L3:
  65 0036 00BF     		.align	2
  66              	.L2:
  67 0038 20510040 		.word	1073762592
  68              		.cfi_endproc
  69              	.LFE0:
  70              		.size	Pin34_Write, .-Pin34_Write
  71              		.section	.text.Pin34_SetDriveMode,"ax",%progbits
ARM GAS  C:\Users\BRANKO~1\AppData\Local\Temp\ccDiXIUD.s 			page 3


  72              		.align	2
  73              		.global	Pin34_SetDriveMode
  74              		.thumb
  75              		.thumb_func
  76              		.type	Pin34_SetDriveMode, %function
  77              	Pin34_SetDriveMode:
  78              	.LFB1:
  44:.\Generated_Source\PSoC5/Pin34.c **** 
  45:.\Generated_Source\PSoC5/Pin34.c **** 
  46:.\Generated_Source\PSoC5/Pin34.c **** /*******************************************************************************
  47:.\Generated_Source\PSoC5/Pin34.c **** * Function Name: Pin34_SetDriveMode
  48:.\Generated_Source\PSoC5/Pin34.c **** ********************************************************************************
  49:.\Generated_Source\PSoC5/Pin34.c **** *
  50:.\Generated_Source\PSoC5/Pin34.c **** * Summary:
  51:.\Generated_Source\PSoC5/Pin34.c **** *  Change the drive mode on the pins of the port.
  52:.\Generated_Source\PSoC5/Pin34.c **** * 
  53:.\Generated_Source\PSoC5/Pin34.c **** * Parameters:  
  54:.\Generated_Source\PSoC5/Pin34.c **** *  mode:  Change the pins to one of the following drive modes.
  55:.\Generated_Source\PSoC5/Pin34.c **** *
  56:.\Generated_Source\PSoC5/Pin34.c **** *  Pin34_DM_STRONG     Strong Drive 
  57:.\Generated_Source\PSoC5/Pin34.c **** *  Pin34_DM_OD_HI      Open Drain, Drives High 
  58:.\Generated_Source\PSoC5/Pin34.c **** *  Pin34_DM_OD_LO      Open Drain, Drives Low 
  59:.\Generated_Source\PSoC5/Pin34.c **** *  Pin34_DM_RES_UP     Resistive Pull Up 
  60:.\Generated_Source\PSoC5/Pin34.c **** *  Pin34_DM_RES_DWN    Resistive Pull Down 
  61:.\Generated_Source\PSoC5/Pin34.c **** *  Pin34_DM_RES_UPDWN  Resistive Pull Up/Down 
  62:.\Generated_Source\PSoC5/Pin34.c **** *  Pin34_DM_DIG_HIZ    High Impedance Digital 
  63:.\Generated_Source\PSoC5/Pin34.c **** *  Pin34_DM_ALG_HIZ    High Impedance Analog 
  64:.\Generated_Source\PSoC5/Pin34.c **** *
  65:.\Generated_Source\PSoC5/Pin34.c **** * Return: 
  66:.\Generated_Source\PSoC5/Pin34.c **** *  None
  67:.\Generated_Source\PSoC5/Pin34.c **** *
  68:.\Generated_Source\PSoC5/Pin34.c **** *******************************************************************************/
  69:.\Generated_Source\PSoC5/Pin34.c **** void Pin34_SetDriveMode(uint8 mode) 
  70:.\Generated_Source\PSoC5/Pin34.c **** {
  79              		.loc 1 70 0
  80              		.cfi_startproc
  81              		@ args = 0, pretend = 0, frame = 8
  82              		@ frame_needed = 1, uses_anonymous_args = 0
  83              		@ link register save eliminated.
  84 0000 80B4     		push	{r7}
  85              		.cfi_def_cfa_offset 4
  86              		.cfi_offset 7, -4
  87 0002 83B0     		sub	sp, sp, #12
  88              		.cfi_def_cfa_offset 16
  89 0004 00AF     		add	r7, sp, #0
  90              		.cfi_def_cfa_register 7
  91 0006 0346     		mov	r3, r0
  92 0008 FB71     		strb	r3, [r7, #7]
  71:.\Generated_Source\PSoC5/Pin34.c **** 	CyPins_SetPinDriveMode(Pin34_0, mode);
  93              		.loc 1 71 0
  94 000a 0A4B     		ldr	r3, .L5
  95 000c 094A     		ldr	r2, .L5
  96 000e 1278     		ldrb	r2, [r2]
  97 0010 D2B2     		uxtb	r2, r2
  98 0012 D2B2     		uxtb	r2, r2
  99 0014 22F00E02 		bic	r2, r2, #14
 100 0018 D1B2     		uxtb	r1, r2
ARM GAS  C:\Users\BRANKO~1\AppData\Local\Temp\ccDiXIUD.s 			page 4


 101 001a FA79     		ldrb	r2, [r7, #7]	@ zero_extendqisi2
 102 001c 02F00E02 		and	r2, r2, #14
 103 0020 D2B2     		uxtb	r2, r2
 104 0022 0A43     		orrs	r2, r2, r1
 105 0024 D2B2     		uxtb	r2, r2
 106 0026 D2B2     		uxtb	r2, r2
 107 0028 1A70     		strb	r2, [r3]
  72:.\Generated_Source\PSoC5/Pin34.c **** }
 108              		.loc 1 72 0
 109 002a 0C37     		adds	r7, r7, #12
 110 002c BD46     		mov	sp, r7
 111              		@ sp needed
 112 002e 5DF8047B 		ldr	r7, [sp], #4
 113 0032 7047     		bx	lr
 114              	.L6:
 115              		.align	2
 116              	.L5:
 117 0034 15500040 		.word	1073762325
 118              		.cfi_endproc
 119              	.LFE1:
 120              		.size	Pin34_SetDriveMode, .-Pin34_SetDriveMode
 121              		.section	.text.Pin34_Read,"ax",%progbits
 122              		.align	2
 123              		.global	Pin34_Read
 124              		.thumb
 125              		.thumb_func
 126              		.type	Pin34_Read, %function
 127              	Pin34_Read:
 128              	.LFB2:
  73:.\Generated_Source\PSoC5/Pin34.c **** 
  74:.\Generated_Source\PSoC5/Pin34.c **** 
  75:.\Generated_Source\PSoC5/Pin34.c **** /*******************************************************************************
  76:.\Generated_Source\PSoC5/Pin34.c **** * Function Name: Pin34_Read
  77:.\Generated_Source\PSoC5/Pin34.c **** ********************************************************************************
  78:.\Generated_Source\PSoC5/Pin34.c **** *
  79:.\Generated_Source\PSoC5/Pin34.c **** * Summary:
  80:.\Generated_Source\PSoC5/Pin34.c **** *  Read the current value on the pins of the Digital Port in right justified 
  81:.\Generated_Source\PSoC5/Pin34.c **** *  form.
  82:.\Generated_Source\PSoC5/Pin34.c **** *
  83:.\Generated_Source\PSoC5/Pin34.c **** * Parameters:  
  84:.\Generated_Source\PSoC5/Pin34.c **** *  None
  85:.\Generated_Source\PSoC5/Pin34.c **** *
  86:.\Generated_Source\PSoC5/Pin34.c **** * Return: 
  87:.\Generated_Source\PSoC5/Pin34.c **** *  Returns the current value of the Digital Port as a right justified number
  88:.\Generated_Source\PSoC5/Pin34.c **** *  
  89:.\Generated_Source\PSoC5/Pin34.c **** * Note:
  90:.\Generated_Source\PSoC5/Pin34.c **** *  Macro Pin34_ReadPS calls this function. 
  91:.\Generated_Source\PSoC5/Pin34.c **** *  
  92:.\Generated_Source\PSoC5/Pin34.c **** *******************************************************************************/
  93:.\Generated_Source\PSoC5/Pin34.c **** uint8 Pin34_Read(void) 
  94:.\Generated_Source\PSoC5/Pin34.c **** {
 129              		.loc 1 94 0
 130              		.cfi_startproc
 131              		@ args = 0, pretend = 0, frame = 0
 132              		@ frame_needed = 1, uses_anonymous_args = 0
 133              		@ link register save eliminated.
 134 0000 80B4     		push	{r7}
ARM GAS  C:\Users\BRANKO~1\AppData\Local\Temp\ccDiXIUD.s 			page 5


 135              		.cfi_def_cfa_offset 4
 136              		.cfi_offset 7, -4
 137 0002 00AF     		add	r7, sp, #0
 138              		.cfi_def_cfa_register 7
  95:.\Generated_Source\PSoC5/Pin34.c ****     return (Pin34_PS & Pin34_MASK) >> Pin34_SHIFT;
 139              		.loc 1 95 0
 140 0004 054B     		ldr	r3, .L9
 141 0006 1B78     		ldrb	r3, [r3]
 142 0008 DBB2     		uxtb	r3, r3
 143 000a 03F02003 		and	r3, r3, #32
 144 000e 5B09     		lsrs	r3, r3, #5
 145 0010 DBB2     		uxtb	r3, r3
  96:.\Generated_Source\PSoC5/Pin34.c **** }
 146              		.loc 1 96 0
 147 0012 1846     		mov	r0, r3
 148 0014 BD46     		mov	sp, r7
 149              		@ sp needed
 150 0016 5DF8047B 		ldr	r7, [sp], #4
 151 001a 7047     		bx	lr
 152              	.L10:
 153              		.align	2
 154              	.L9:
 155 001c 21510040 		.word	1073762593
 156              		.cfi_endproc
 157              	.LFE2:
 158              		.size	Pin34_Read, .-Pin34_Read
 159              		.section	.text.Pin34_ReadDataReg,"ax",%progbits
 160              		.align	2
 161              		.global	Pin34_ReadDataReg
 162              		.thumb
 163              		.thumb_func
 164              		.type	Pin34_ReadDataReg, %function
 165              	Pin34_ReadDataReg:
 166              	.LFB3:
  97:.\Generated_Source\PSoC5/Pin34.c **** 
  98:.\Generated_Source\PSoC5/Pin34.c **** 
  99:.\Generated_Source\PSoC5/Pin34.c **** /*******************************************************************************
 100:.\Generated_Source\PSoC5/Pin34.c **** * Function Name: Pin34_ReadDataReg
 101:.\Generated_Source\PSoC5/Pin34.c **** ********************************************************************************
 102:.\Generated_Source\PSoC5/Pin34.c **** *
 103:.\Generated_Source\PSoC5/Pin34.c **** * Summary:
 104:.\Generated_Source\PSoC5/Pin34.c **** *  Read the current value assigned to a Digital Port's data output register
 105:.\Generated_Source\PSoC5/Pin34.c **** *
 106:.\Generated_Source\PSoC5/Pin34.c **** * Parameters:  
 107:.\Generated_Source\PSoC5/Pin34.c **** *  None 
 108:.\Generated_Source\PSoC5/Pin34.c **** *
 109:.\Generated_Source\PSoC5/Pin34.c **** * Return: 
 110:.\Generated_Source\PSoC5/Pin34.c **** *  Returns the current value assigned to the Digital Port's data output register
 111:.\Generated_Source\PSoC5/Pin34.c **** *  
 112:.\Generated_Source\PSoC5/Pin34.c **** *******************************************************************************/
 113:.\Generated_Source\PSoC5/Pin34.c **** uint8 Pin34_ReadDataReg(void) 
 114:.\Generated_Source\PSoC5/Pin34.c **** {
 167              		.loc 1 114 0
 168              		.cfi_startproc
 169              		@ args = 0, pretend = 0, frame = 0
 170              		@ frame_needed = 1, uses_anonymous_args = 0
 171              		@ link register save eliminated.
ARM GAS  C:\Users\BRANKO~1\AppData\Local\Temp\ccDiXIUD.s 			page 6


 172 0000 80B4     		push	{r7}
 173              		.cfi_def_cfa_offset 4
 174              		.cfi_offset 7, -4
 175 0002 00AF     		add	r7, sp, #0
 176              		.cfi_def_cfa_register 7
 115:.\Generated_Source\PSoC5/Pin34.c ****     return (Pin34_DR & Pin34_MASK) >> Pin34_SHIFT;
 177              		.loc 1 115 0
 178 0004 054B     		ldr	r3, .L13
 179 0006 1B78     		ldrb	r3, [r3]
 180 0008 DBB2     		uxtb	r3, r3
 181 000a 03F02003 		and	r3, r3, #32
 182 000e 5B09     		lsrs	r3, r3, #5
 183 0010 DBB2     		uxtb	r3, r3
 116:.\Generated_Source\PSoC5/Pin34.c **** }
 184              		.loc 1 116 0
 185 0012 1846     		mov	r0, r3
 186 0014 BD46     		mov	sp, r7
 187              		@ sp needed
 188 0016 5DF8047B 		ldr	r7, [sp], #4
 189 001a 7047     		bx	lr
 190              	.L14:
 191              		.align	2
 192              	.L13:
 193 001c 20510040 		.word	1073762592
 194              		.cfi_endproc
 195              	.LFE3:
 196              		.size	Pin34_ReadDataReg, .-Pin34_ReadDataReg
 197              		.text
 198              	.Letext0:
 199              		.file 2 ".\\Generated_Source\\PSoC5\\cytypes.h"
 200              		.section	.debug_info,"",%progbits
 201              	.Ldebug_info0:
 202 0000 19010000 		.4byte	0x119
 203 0004 0400     		.2byte	0x4
 204 0006 00000000 		.4byte	.Ldebug_abbrev0
 205 000a 04       		.byte	0x4
 206 000b 01       		.uleb128 0x1
 207 000c F6000000 		.4byte	.LASF20
 208 0010 01       		.byte	0x1
 209 0011 AC000000 		.4byte	.LASF21
 210 0015 00000000 		.4byte	.LASF22
 211 0019 00000000 		.4byte	.Ldebug_ranges0+0
 212 001d 00000000 		.4byte	0
 213 0021 00000000 		.4byte	.Ldebug_line0
 214 0025 02       		.uleb128 0x2
 215 0026 01       		.byte	0x1
 216 0027 06       		.byte	0x6
 217 0028 A9010000 		.4byte	.LASF0
 218 002c 02       		.uleb128 0x2
 219 002d 01       		.byte	0x1
 220 002e 08       		.byte	0x8
 221 002f 61000000 		.4byte	.LASF1
 222 0033 02       		.uleb128 0x2
 223 0034 02       		.byte	0x2
 224 0035 05       		.byte	0x5
 225 0036 85010000 		.4byte	.LASF2
 226 003a 02       		.uleb128 0x2
ARM GAS  C:\Users\BRANKO~1\AppData\Local\Temp\ccDiXIUD.s 			page 7


 227 003b 02       		.byte	0x2
 228 003c 07       		.byte	0x7
 229 003d 86000000 		.4byte	.LASF3
 230 0041 02       		.uleb128 0x2
 231 0042 04       		.byte	0x4
 232 0043 05       		.byte	0x5
 233 0044 A0010000 		.4byte	.LASF4
 234 0048 02       		.uleb128 0x2
 235 0049 04       		.byte	0x4
 236 004a 07       		.byte	0x7
 237 004b 74000000 		.4byte	.LASF5
 238 004f 02       		.uleb128 0x2
 239 0050 08       		.byte	0x8
 240 0051 05       		.byte	0x5
 241 0052 72010000 		.4byte	.LASF6
 242 0056 02       		.uleb128 0x2
 243 0057 08       		.byte	0x8
 244 0058 07       		.byte	0x7
 245 0059 DA000000 		.4byte	.LASF7
 246 005d 03       		.uleb128 0x3
 247 005e 04       		.byte	0x4
 248 005f 05       		.byte	0x5
 249 0060 696E7400 		.ascii	"int\000"
 250 0064 02       		.uleb128 0x2
 251 0065 04       		.byte	0x4
 252 0066 07       		.byte	0x7
 253 0067 CD000000 		.4byte	.LASF8
 254 006b 04       		.uleb128 0x4
 255 006c 8F010000 		.4byte	.LASF12
 256 0070 02       		.byte	0x2
 257 0071 A1       		.byte	0xa1
 258 0072 2C000000 		.4byte	0x2c
 259 0076 02       		.uleb128 0x2
 260 0077 04       		.byte	0x4
 261 0078 04       		.byte	0x4
 262 0079 5B000000 		.4byte	.LASF9
 263 007d 02       		.uleb128 0x2
 264 007e 08       		.byte	0x8
 265 007f 04       		.byte	0x4
 266 0080 A5000000 		.4byte	.LASF10
 267 0084 02       		.uleb128 0x2
 268 0085 01       		.byte	0x1
 269 0086 08       		.byte	0x8
 270 0087 80010000 		.4byte	.LASF11
 271 008b 05       		.uleb128 0x5
 272 008c 6F000000 		.4byte	.LASF13
 273 0090 02       		.byte	0x2
 274 0091 4B01     		.2byte	0x14b
 275 0093 97000000 		.4byte	0x97
 276 0097 06       		.uleb128 0x6
 277 0098 6B000000 		.4byte	0x6b
 278 009c 07       		.uleb128 0x7
 279 009d 99000000 		.4byte	.LASF14
 280 00a1 01       		.byte	0x1
 281 00a2 27       		.byte	0x27
 282 00a3 00000000 		.4byte	.LFB0
 283 00a7 3C000000 		.4byte	.LFE0-.LFB0
ARM GAS  C:\Users\BRANKO~1\AppData\Local\Temp\ccDiXIUD.s 			page 8


 284 00ab 01       		.uleb128 0x1
 285 00ac 9C       		.byte	0x9c
 286 00ad CE000000 		.4byte	0xce
 287 00b1 08       		.uleb128 0x8
 288 00b2 38000000 		.4byte	.LASF16
 289 00b6 01       		.byte	0x1
 290 00b7 27       		.byte	0x27
 291 00b8 6B000000 		.4byte	0x6b
 292 00bc 02       		.uleb128 0x2
 293 00bd 91       		.byte	0x91
 294 00be 6F       		.sleb128 -17
 295 00bf 09       		.uleb128 0x9
 296 00c0 3E000000 		.4byte	.LASF23
 297 00c4 01       		.byte	0x1
 298 00c5 29       		.byte	0x29
 299 00c6 6B000000 		.4byte	0x6b
 300 00ca 02       		.uleb128 0x2
 301 00cb 91       		.byte	0x91
 302 00cc 77       		.sleb128 -9
 303 00cd 00       		.byte	0
 304 00ce 07       		.uleb128 0x7
 305 00cf 25000000 		.4byte	.LASF15
 306 00d3 01       		.byte	0x1
 307 00d4 45       		.byte	0x45
 308 00d5 00000000 		.4byte	.LFB1
 309 00d9 38000000 		.4byte	.LFE1-.LFB1
 310 00dd 01       		.uleb128 0x1
 311 00de 9C       		.byte	0x9c
 312 00df F2000000 		.4byte	0xf2
 313 00e3 08       		.uleb128 0x8
 314 00e4 F1000000 		.4byte	.LASF17
 315 00e8 01       		.byte	0x1
 316 00e9 45       		.byte	0x45
 317 00ea 6B000000 		.4byte	0x6b
 318 00ee 02       		.uleb128 0x2
 319 00ef 91       		.byte	0x91
 320 00f0 77       		.sleb128 -9
 321 00f1 00       		.byte	0
 322 00f2 0A       		.uleb128 0xa
 323 00f3 95010000 		.4byte	.LASF18
 324 00f7 01       		.byte	0x1
 325 00f8 5D       		.byte	0x5d
 326 00f9 6B000000 		.4byte	0x6b
 327 00fd 00000000 		.4byte	.LFB2
 328 0101 20000000 		.4byte	.LFE2-.LFB2
 329 0105 01       		.uleb128 0x1
 330 0106 9C       		.byte	0x9c
 331 0107 0A       		.uleb128 0xa
 332 0108 49000000 		.4byte	.LASF19
 333 010c 01       		.byte	0x1
 334 010d 71       		.byte	0x71
 335 010e 6B000000 		.4byte	0x6b
 336 0112 00000000 		.4byte	.LFB3
 337 0116 20000000 		.4byte	.LFE3-.LFB3
 338 011a 01       		.uleb128 0x1
 339 011b 9C       		.byte	0x9c
 340 011c 00       		.byte	0
ARM GAS  C:\Users\BRANKO~1\AppData\Local\Temp\ccDiXIUD.s 			page 9


 341              		.section	.debug_abbrev,"",%progbits
 342              	.Ldebug_abbrev0:
 343 0000 01       		.uleb128 0x1
 344 0001 11       		.uleb128 0x11
 345 0002 01       		.byte	0x1
 346 0003 25       		.uleb128 0x25
 347 0004 0E       		.uleb128 0xe
 348 0005 13       		.uleb128 0x13
 349 0006 0B       		.uleb128 0xb
 350 0007 03       		.uleb128 0x3
 351 0008 0E       		.uleb128 0xe
 352 0009 1B       		.uleb128 0x1b
 353 000a 0E       		.uleb128 0xe
 354 000b 55       		.uleb128 0x55
 355 000c 17       		.uleb128 0x17
 356 000d 11       		.uleb128 0x11
 357 000e 01       		.uleb128 0x1
 358 000f 10       		.uleb128 0x10
 359 0010 17       		.uleb128 0x17
 360 0011 00       		.byte	0
 361 0012 00       		.byte	0
 362 0013 02       		.uleb128 0x2
 363 0014 24       		.uleb128 0x24
 364 0015 00       		.byte	0
 365 0016 0B       		.uleb128 0xb
 366 0017 0B       		.uleb128 0xb
 367 0018 3E       		.uleb128 0x3e
 368 0019 0B       		.uleb128 0xb
 369 001a 03       		.uleb128 0x3
 370 001b 0E       		.uleb128 0xe
 371 001c 00       		.byte	0
 372 001d 00       		.byte	0
 373 001e 03       		.uleb128 0x3
 374 001f 24       		.uleb128 0x24
 375 0020 00       		.byte	0
 376 0021 0B       		.uleb128 0xb
 377 0022 0B       		.uleb128 0xb
 378 0023 3E       		.uleb128 0x3e
 379 0024 0B       		.uleb128 0xb
 380 0025 03       		.uleb128 0x3
 381 0026 08       		.uleb128 0x8
 382 0027 00       		.byte	0
 383 0028 00       		.byte	0
 384 0029 04       		.uleb128 0x4
 385 002a 16       		.uleb128 0x16
 386 002b 00       		.byte	0
 387 002c 03       		.uleb128 0x3
 388 002d 0E       		.uleb128 0xe
 389 002e 3A       		.uleb128 0x3a
 390 002f 0B       		.uleb128 0xb
 391 0030 3B       		.uleb128 0x3b
 392 0031 0B       		.uleb128 0xb
 393 0032 49       		.uleb128 0x49
 394 0033 13       		.uleb128 0x13
 395 0034 00       		.byte	0
 396 0035 00       		.byte	0
 397 0036 05       		.uleb128 0x5
ARM GAS  C:\Users\BRANKO~1\AppData\Local\Temp\ccDiXIUD.s 			page 10


 398 0037 16       		.uleb128 0x16
 399 0038 00       		.byte	0
 400 0039 03       		.uleb128 0x3
 401 003a 0E       		.uleb128 0xe
 402 003b 3A       		.uleb128 0x3a
 403 003c 0B       		.uleb128 0xb
 404 003d 3B       		.uleb128 0x3b
 405 003e 05       		.uleb128 0x5
 406 003f 49       		.uleb128 0x49
 407 0040 13       		.uleb128 0x13
 408 0041 00       		.byte	0
 409 0042 00       		.byte	0
 410 0043 06       		.uleb128 0x6
 411 0044 35       		.uleb128 0x35
 412 0045 00       		.byte	0
 413 0046 49       		.uleb128 0x49
 414 0047 13       		.uleb128 0x13
 415 0048 00       		.byte	0
 416 0049 00       		.byte	0
 417 004a 07       		.uleb128 0x7
 418 004b 2E       		.uleb128 0x2e
 419 004c 01       		.byte	0x1
 420 004d 3F       		.uleb128 0x3f
 421 004e 19       		.uleb128 0x19
 422 004f 03       		.uleb128 0x3
 423 0050 0E       		.uleb128 0xe
 424 0051 3A       		.uleb128 0x3a
 425 0052 0B       		.uleb128 0xb
 426 0053 3B       		.uleb128 0x3b
 427 0054 0B       		.uleb128 0xb
 428 0055 27       		.uleb128 0x27
 429 0056 19       		.uleb128 0x19
 430 0057 11       		.uleb128 0x11
 431 0058 01       		.uleb128 0x1
 432 0059 12       		.uleb128 0x12
 433 005a 06       		.uleb128 0x6
 434 005b 40       		.uleb128 0x40
 435 005c 18       		.uleb128 0x18
 436 005d 9742     		.uleb128 0x2117
 437 005f 19       		.uleb128 0x19
 438 0060 01       		.uleb128 0x1
 439 0061 13       		.uleb128 0x13
 440 0062 00       		.byte	0
 441 0063 00       		.byte	0
 442 0064 08       		.uleb128 0x8
 443 0065 05       		.uleb128 0x5
 444 0066 00       		.byte	0
 445 0067 03       		.uleb128 0x3
 446 0068 0E       		.uleb128 0xe
 447 0069 3A       		.uleb128 0x3a
 448 006a 0B       		.uleb128 0xb
 449 006b 3B       		.uleb128 0x3b
 450 006c 0B       		.uleb128 0xb
 451 006d 49       		.uleb128 0x49
 452 006e 13       		.uleb128 0x13
 453 006f 02       		.uleb128 0x2
 454 0070 18       		.uleb128 0x18
ARM GAS  C:\Users\BRANKO~1\AppData\Local\Temp\ccDiXIUD.s 			page 11


 455 0071 00       		.byte	0
 456 0072 00       		.byte	0
 457 0073 09       		.uleb128 0x9
 458 0074 34       		.uleb128 0x34
 459 0075 00       		.byte	0
 460 0076 03       		.uleb128 0x3
 461 0077 0E       		.uleb128 0xe
 462 0078 3A       		.uleb128 0x3a
 463 0079 0B       		.uleb128 0xb
 464 007a 3B       		.uleb128 0x3b
 465 007b 0B       		.uleb128 0xb
 466 007c 49       		.uleb128 0x49
 467 007d 13       		.uleb128 0x13
 468 007e 02       		.uleb128 0x2
 469 007f 18       		.uleb128 0x18
 470 0080 00       		.byte	0
 471 0081 00       		.byte	0
 472 0082 0A       		.uleb128 0xa
 473 0083 2E       		.uleb128 0x2e
 474 0084 00       		.byte	0
 475 0085 3F       		.uleb128 0x3f
 476 0086 19       		.uleb128 0x19
 477 0087 03       		.uleb128 0x3
 478 0088 0E       		.uleb128 0xe
 479 0089 3A       		.uleb128 0x3a
 480 008a 0B       		.uleb128 0xb
 481 008b 3B       		.uleb128 0x3b
 482 008c 0B       		.uleb128 0xb
 483 008d 27       		.uleb128 0x27
 484 008e 19       		.uleb128 0x19
 485 008f 49       		.uleb128 0x49
 486 0090 13       		.uleb128 0x13
 487 0091 11       		.uleb128 0x11
 488 0092 01       		.uleb128 0x1
 489 0093 12       		.uleb128 0x12
 490 0094 06       		.uleb128 0x6
 491 0095 40       		.uleb128 0x40
 492 0096 18       		.uleb128 0x18
 493 0097 9742     		.uleb128 0x2117
 494 0099 19       		.uleb128 0x19
 495 009a 00       		.byte	0
 496 009b 00       		.byte	0
 497 009c 00       		.byte	0
 498              		.section	.debug_aranges,"",%progbits
 499 0000 34000000 		.4byte	0x34
 500 0004 0200     		.2byte	0x2
 501 0006 00000000 		.4byte	.Ldebug_info0
 502 000a 04       		.byte	0x4
 503 000b 00       		.byte	0
 504 000c 0000     		.2byte	0
 505 000e 0000     		.2byte	0
 506 0010 00000000 		.4byte	.LFB0
 507 0014 3C000000 		.4byte	.LFE0-.LFB0
 508 0018 00000000 		.4byte	.LFB1
 509 001c 38000000 		.4byte	.LFE1-.LFB1
 510 0020 00000000 		.4byte	.LFB2
 511 0024 20000000 		.4byte	.LFE2-.LFB2
ARM GAS  C:\Users\BRANKO~1\AppData\Local\Temp\ccDiXIUD.s 			page 12


 512 0028 00000000 		.4byte	.LFB3
 513 002c 20000000 		.4byte	.LFE3-.LFB3
 514 0030 00000000 		.4byte	0
 515 0034 00000000 		.4byte	0
 516              		.section	.debug_ranges,"",%progbits
 517              	.Ldebug_ranges0:
 518 0000 00000000 		.4byte	.LFB0
 519 0004 3C000000 		.4byte	.LFE0
 520 0008 00000000 		.4byte	.LFB1
 521 000c 38000000 		.4byte	.LFE1
 522 0010 00000000 		.4byte	.LFB2
 523 0014 20000000 		.4byte	.LFE2
 524 0018 00000000 		.4byte	.LFB3
 525 001c 20000000 		.4byte	.LFE3
 526 0020 00000000 		.4byte	0
 527 0024 00000000 		.4byte	0
 528              		.section	.debug_line,"",%progbits
 529              	.Ldebug_line0:
 530 0000 92000000 		.section	.debug_str,"MS",%progbits,1
 530      02004400 
 530      00000201 
 530      FB0E0D00 
 530      01010101 
 531              	.LASF22:
 532 0000 443A5C70 		.ascii	"D:\\psoc5\\Cell Board\\Cell Board.cydsn\000"
 532      736F6335 
 532      5C43656C 
 532      6C20426F 
 532      6172645C 
 533              	.LASF15:
 534 0025 50696E33 		.ascii	"Pin34_SetDriveMode\000"
 534      345F5365 
 534      74447269 
 534      76654D6F 
 534      646500
 535              	.LASF16:
 536 0038 76616C75 		.ascii	"value\000"
 536      6500
 537              	.LASF23:
 538 003e 73746174 		.ascii	"staticBits\000"
 538      69634269 
 538      747300
 539              	.LASF19:
 540 0049 50696E33 		.ascii	"Pin34_ReadDataReg\000"
 540      345F5265 
 540      61644461 
 540      74615265 
 540      6700
 541              	.LASF9:
 542 005b 666C6F61 		.ascii	"float\000"
 542      7400
 543              	.LASF1:
 544 0061 756E7369 		.ascii	"unsigned char\000"
 544      676E6564 
 544      20636861 
 544      7200
 545              	.LASF13:
ARM GAS  C:\Users\BRANKO~1\AppData\Local\Temp\ccDiXIUD.s 			page 13


 546 006f 72656738 		.ascii	"reg8\000"
 546      00
 547              	.LASF5:
 548 0074 6C6F6E67 		.ascii	"long unsigned int\000"
 548      20756E73 
 548      69676E65 
 548      6420696E 
 548      7400
 549              	.LASF3:
 550 0086 73686F72 		.ascii	"short unsigned int\000"
 550      7420756E 
 550      7369676E 
 550      65642069 
 550      6E7400
 551              	.LASF14:
 552 0099 50696E33 		.ascii	"Pin34_Write\000"
 552      345F5772 
 552      69746500 
 553              	.LASF10:
 554 00a5 646F7562 		.ascii	"double\000"
 554      6C6500
 555              	.LASF21:
 556 00ac 2E5C4765 		.ascii	".\\Generated_Source\\PSoC5\\Pin34.c\000"
 556      6E657261 
 556      7465645F 
 556      536F7572 
 556      63655C50 
 557              	.LASF8:
 558 00cd 756E7369 		.ascii	"unsigned int\000"
 558      676E6564 
 558      20696E74 
 558      00
 559              	.LASF7:
 560 00da 6C6F6E67 		.ascii	"long long unsigned int\000"
 560      206C6F6E 
 560      6720756E 
 560      7369676E 
 560      65642069 
 561              	.LASF17:
 562 00f1 6D6F6465 		.ascii	"mode\000"
 562      00
 563              	.LASF20:
 564 00f6 474E5520 		.ascii	"GNU C 4.8.4 20140526 (release) [ARM/embedded-4_8-br"
 564      4320342E 
 564      382E3420 
 564      32303134 
 564      30353236 
 565 0129 616E6368 		.ascii	"anch revision 211358] -mcpu=cortex-m3 -mthumb -g -O"
 565      20726576 
 565      6973696F 
 565      6E203231 
 565      31333538 
 566 015c 30202D66 		.ascii	"0 -ffunction-sections\000"
 566      66756E63 
 566      74696F6E 
 566      2D736563 
 566      74696F6E 
ARM GAS  C:\Users\BRANKO~1\AppData\Local\Temp\ccDiXIUD.s 			page 14


 567              	.LASF6:
 568 0172 6C6F6E67 		.ascii	"long long int\000"
 568      206C6F6E 
 568      6720696E 
 568      7400
 569              	.LASF11:
 570 0180 63686172 		.ascii	"char\000"
 570      00
 571              	.LASF2:
 572 0185 73686F72 		.ascii	"short int\000"
 572      7420696E 
 572      7400
 573              	.LASF12:
 574 018f 75696E74 		.ascii	"uint8\000"
 574      3800
 575              	.LASF18:
 576 0195 50696E33 		.ascii	"Pin34_Read\000"
 576      345F5265 
 576      616400
 577              	.LASF4:
 578 01a0 6C6F6E67 		.ascii	"long int\000"
 578      20696E74 
 578      00
 579              	.LASF0:
 580 01a9 7369676E 		.ascii	"signed char\000"
 580      65642063 
 580      68617200 
 581              		.ident	"GCC: (GNU Tools for ARM Embedded Processors) 4.8.4 20140526 (release) [ARM/embedded-4_8-br
