ARM GAS  C:\Users\BRANKO~1\AppData\Local\Temp\ccnZ0QEj.s 			page 1


   1              		.syntax unified
   2              		.cpu cortex-m3
   3              		.fpu softvfp
   4              		.eabi_attribute 20, 1
   5              		.eabi_attribute 21, 1
   6              		.eabi_attribute 23, 3
   7              		.eabi_attribute 24, 1
   8              		.eabi_attribute 25, 1
   9              		.eabi_attribute 26, 1
  10              		.eabi_attribute 30, 6
  11              		.eabi_attribute 34, 1
  12              		.eabi_attribute 18, 4
  13              		.thumb
  14              		.file	"uart_ultrasonic_PM.c"
  15              		.text
  16              	.Ltext0:
  17              		.cfi_sections	.debug_frame
  18              		.bss
  19              		.align	2
  20              	uart_ultrasonic_backup:
  21 0000 0000     		.space	2
  22 0002 0000     		.section	.text.uart_ultrasonic_SaveConfig,"ax",%progbits
  23              		.align	2
  24              		.global	uart_ultrasonic_SaveConfig
  25              		.thumb
  26              		.thumb_func
  27              		.type	uart_ultrasonic_SaveConfig, %function
  28              	uart_ultrasonic_SaveConfig:
  29              	.LFB0:
  30              		.file 1 ".\\Generated_Source\\PSoC5\\uart_ultrasonic_PM.c"
   1:.\Generated_Source\PSoC5/uart_ultrasonic_PM.c **** /*******************************************************************************
   2:.\Generated_Source\PSoC5/uart_ultrasonic_PM.c **** * File Name: uart_ultrasonic_PM.c
   3:.\Generated_Source\PSoC5/uart_ultrasonic_PM.c **** * Version 2.30
   4:.\Generated_Source\PSoC5/uart_ultrasonic_PM.c **** *
   5:.\Generated_Source\PSoC5/uart_ultrasonic_PM.c **** * Description:
   6:.\Generated_Source\PSoC5/uart_ultrasonic_PM.c **** *  This file provides Sleep/WakeUp APIs functionality.
   7:.\Generated_Source\PSoC5/uart_ultrasonic_PM.c **** *
   8:.\Generated_Source\PSoC5/uart_ultrasonic_PM.c **** * Note:
   9:.\Generated_Source\PSoC5/uart_ultrasonic_PM.c **** *
  10:.\Generated_Source\PSoC5/uart_ultrasonic_PM.c **** ********************************************************************************
  11:.\Generated_Source\PSoC5/uart_ultrasonic_PM.c **** * Copyright 2008-2012, Cypress Semiconductor Corporation.  All rights reserved.
  12:.\Generated_Source\PSoC5/uart_ultrasonic_PM.c **** * You may use this file only in accordance with the license, terms, conditions,
  13:.\Generated_Source\PSoC5/uart_ultrasonic_PM.c **** * disclaimers, and limitations in the end user license agreement accompanying
  14:.\Generated_Source\PSoC5/uart_ultrasonic_PM.c **** * the software package with which this file was provided.
  15:.\Generated_Source\PSoC5/uart_ultrasonic_PM.c **** *******************************************************************************/
  16:.\Generated_Source\PSoC5/uart_ultrasonic_PM.c **** 
  17:.\Generated_Source\PSoC5/uart_ultrasonic_PM.c **** #include "uart_ultrasonic.h"
  18:.\Generated_Source\PSoC5/uart_ultrasonic_PM.c **** 
  19:.\Generated_Source\PSoC5/uart_ultrasonic_PM.c **** 
  20:.\Generated_Source\PSoC5/uart_ultrasonic_PM.c **** /***************************************
  21:.\Generated_Source\PSoC5/uart_ultrasonic_PM.c **** * Local data allocation
  22:.\Generated_Source\PSoC5/uart_ultrasonic_PM.c **** ***************************************/
  23:.\Generated_Source\PSoC5/uart_ultrasonic_PM.c **** 
  24:.\Generated_Source\PSoC5/uart_ultrasonic_PM.c **** static uart_ultrasonic_BACKUP_STRUCT  uart_ultrasonic_backup =
  25:.\Generated_Source\PSoC5/uart_ultrasonic_PM.c **** {
  26:.\Generated_Source\PSoC5/uart_ultrasonic_PM.c ****     /* enableState - disabled */
  27:.\Generated_Source\PSoC5/uart_ultrasonic_PM.c ****     0u,
ARM GAS  C:\Users\BRANKO~1\AppData\Local\Temp\ccnZ0QEj.s 			page 2


  28:.\Generated_Source\PSoC5/uart_ultrasonic_PM.c **** };
  29:.\Generated_Source\PSoC5/uart_ultrasonic_PM.c **** 
  30:.\Generated_Source\PSoC5/uart_ultrasonic_PM.c **** 
  31:.\Generated_Source\PSoC5/uart_ultrasonic_PM.c **** 
  32:.\Generated_Source\PSoC5/uart_ultrasonic_PM.c **** /*******************************************************************************
  33:.\Generated_Source\PSoC5/uart_ultrasonic_PM.c **** * Function Name: uart_ultrasonic_SaveConfig
  34:.\Generated_Source\PSoC5/uart_ultrasonic_PM.c **** ********************************************************************************
  35:.\Generated_Source\PSoC5/uart_ultrasonic_PM.c **** *
  36:.\Generated_Source\PSoC5/uart_ultrasonic_PM.c **** * Summary:
  37:.\Generated_Source\PSoC5/uart_ultrasonic_PM.c **** *  Saves the current user configuration.
  38:.\Generated_Source\PSoC5/uart_ultrasonic_PM.c **** *
  39:.\Generated_Source\PSoC5/uart_ultrasonic_PM.c **** * Parameters:
  40:.\Generated_Source\PSoC5/uart_ultrasonic_PM.c **** *  None.
  41:.\Generated_Source\PSoC5/uart_ultrasonic_PM.c **** *
  42:.\Generated_Source\PSoC5/uart_ultrasonic_PM.c **** * Return:
  43:.\Generated_Source\PSoC5/uart_ultrasonic_PM.c **** *  None.
  44:.\Generated_Source\PSoC5/uart_ultrasonic_PM.c **** *
  45:.\Generated_Source\PSoC5/uart_ultrasonic_PM.c **** * Global Variables:
  46:.\Generated_Source\PSoC5/uart_ultrasonic_PM.c **** *  uart_ultrasonic_backup - modified when non-retention registers are saved.
  47:.\Generated_Source\PSoC5/uart_ultrasonic_PM.c **** *
  48:.\Generated_Source\PSoC5/uart_ultrasonic_PM.c **** * Reentrant:
  49:.\Generated_Source\PSoC5/uart_ultrasonic_PM.c **** *  No.
  50:.\Generated_Source\PSoC5/uart_ultrasonic_PM.c **** *
  51:.\Generated_Source\PSoC5/uart_ultrasonic_PM.c **** *******************************************************************************/
  52:.\Generated_Source\PSoC5/uart_ultrasonic_PM.c **** void uart_ultrasonic_SaveConfig(void)
  53:.\Generated_Source\PSoC5/uart_ultrasonic_PM.c **** {
  31              		.loc 1 53 0
  32              		.cfi_startproc
  33              		@ args = 0, pretend = 0, frame = 0
  34              		@ frame_needed = 1, uses_anonymous_args = 0
  35              		@ link register save eliminated.
  36 0000 80B4     		push	{r7}
  37              		.cfi_def_cfa_offset 4
  38              		.cfi_offset 7, -4
  39 0002 00AF     		add	r7, sp, #0
  40              		.cfi_def_cfa_register 7
  54:.\Generated_Source\PSoC5/uart_ultrasonic_PM.c ****     #if (CY_UDB_V0)
  55:.\Generated_Source\PSoC5/uart_ultrasonic_PM.c **** 
  56:.\Generated_Source\PSoC5/uart_ultrasonic_PM.c ****         #if(uart_ultrasonic_CONTROL_REG_REMOVED == 0u)
  57:.\Generated_Source\PSoC5/uart_ultrasonic_PM.c ****             uart_ultrasonic_backup.cr = uart_ultrasonic_CONTROL_REG;
  58:.\Generated_Source\PSoC5/uart_ultrasonic_PM.c ****         #endif /* End uart_ultrasonic_CONTROL_REG_REMOVED */
  59:.\Generated_Source\PSoC5/uart_ultrasonic_PM.c **** 
  60:.\Generated_Source\PSoC5/uart_ultrasonic_PM.c ****         #if( (uart_ultrasonic_RX_ENABLED) || (uart_ultrasonic_HD_ENABLED) )
  61:.\Generated_Source\PSoC5/uart_ultrasonic_PM.c ****             uart_ultrasonic_backup.rx_period = uart_ultrasonic_RXBITCTR_PERIOD_REG;
  62:.\Generated_Source\PSoC5/uart_ultrasonic_PM.c ****             uart_ultrasonic_backup.rx_mask = uart_ultrasonic_RXSTATUS_MASK_REG;
  63:.\Generated_Source\PSoC5/uart_ultrasonic_PM.c ****             #if (uart_ultrasonic_RXHW_ADDRESS_ENABLED)
  64:.\Generated_Source\PSoC5/uart_ultrasonic_PM.c ****                 uart_ultrasonic_backup.rx_addr1 = uart_ultrasonic_RXADDRESS1_REG;
  65:.\Generated_Source\PSoC5/uart_ultrasonic_PM.c ****                 uart_ultrasonic_backup.rx_addr2 = uart_ultrasonic_RXADDRESS2_REG;
  66:.\Generated_Source\PSoC5/uart_ultrasonic_PM.c ****             #endif /* End uart_ultrasonic_RXHW_ADDRESS_ENABLED */
  67:.\Generated_Source\PSoC5/uart_ultrasonic_PM.c ****         #endif /* End uart_ultrasonic_RX_ENABLED | uart_ultrasonic_HD_ENABLED*/
  68:.\Generated_Source\PSoC5/uart_ultrasonic_PM.c **** 
  69:.\Generated_Source\PSoC5/uart_ultrasonic_PM.c ****         #if(uart_ultrasonic_TX_ENABLED)
  70:.\Generated_Source\PSoC5/uart_ultrasonic_PM.c ****             #if(uart_ultrasonic_TXCLKGEN_DP)
  71:.\Generated_Source\PSoC5/uart_ultrasonic_PM.c ****                 uart_ultrasonic_backup.tx_clk_ctr = uart_ultrasonic_TXBITCLKGEN_CTR_REG;
  72:.\Generated_Source\PSoC5/uart_ultrasonic_PM.c ****                 uart_ultrasonic_backup.tx_clk_compl = uart_ultrasonic_TXBITCLKTX_COMPLETE_REG;
  73:.\Generated_Source\PSoC5/uart_ultrasonic_PM.c ****             #else
  74:.\Generated_Source\PSoC5/uart_ultrasonic_PM.c ****                 uart_ultrasonic_backup.tx_period = uart_ultrasonic_TXBITCTR_PERIOD_REG;
ARM GAS  C:\Users\BRANKO~1\AppData\Local\Temp\ccnZ0QEj.s 			page 3


  75:.\Generated_Source\PSoC5/uart_ultrasonic_PM.c ****             #endif /*End uart_ultrasonic_TXCLKGEN_DP */
  76:.\Generated_Source\PSoC5/uart_ultrasonic_PM.c ****             uart_ultrasonic_backup.tx_mask = uart_ultrasonic_TXSTATUS_MASK_REG;
  77:.\Generated_Source\PSoC5/uart_ultrasonic_PM.c ****         #endif /*End uart_ultrasonic_TX_ENABLED */
  78:.\Generated_Source\PSoC5/uart_ultrasonic_PM.c **** 
  79:.\Generated_Source\PSoC5/uart_ultrasonic_PM.c **** 
  80:.\Generated_Source\PSoC5/uart_ultrasonic_PM.c ****     #else /* CY_UDB_V1 */
  81:.\Generated_Source\PSoC5/uart_ultrasonic_PM.c **** 
  82:.\Generated_Source\PSoC5/uart_ultrasonic_PM.c ****         #if(uart_ultrasonic_CONTROL_REG_REMOVED == 0u)
  83:.\Generated_Source\PSoC5/uart_ultrasonic_PM.c ****             uart_ultrasonic_backup.cr = uart_ultrasonic_CONTROL_REG;
  84:.\Generated_Source\PSoC5/uart_ultrasonic_PM.c ****         #endif /* End uart_ultrasonic_CONTROL_REG_REMOVED */
  85:.\Generated_Source\PSoC5/uart_ultrasonic_PM.c **** 
  86:.\Generated_Source\PSoC5/uart_ultrasonic_PM.c ****     #endif  /* End CY_UDB_V0 */
  87:.\Generated_Source\PSoC5/uart_ultrasonic_PM.c **** }
  41              		.loc 1 87 0
  42 0004 BD46     		mov	sp, r7
  43              		@ sp needed
  44 0006 5DF8047B 		ldr	r7, [sp], #4
  45 000a 7047     		bx	lr
  46              		.cfi_endproc
  47              	.LFE0:
  48              		.size	uart_ultrasonic_SaveConfig, .-uart_ultrasonic_SaveConfig
  49              		.section	.text.uart_ultrasonic_RestoreConfig,"ax",%progbits
  50              		.align	2
  51              		.global	uart_ultrasonic_RestoreConfig
  52              		.thumb
  53              		.thumb_func
  54              		.type	uart_ultrasonic_RestoreConfig, %function
  55              	uart_ultrasonic_RestoreConfig:
  56              	.LFB1:
  88:.\Generated_Source\PSoC5/uart_ultrasonic_PM.c **** 
  89:.\Generated_Source\PSoC5/uart_ultrasonic_PM.c **** 
  90:.\Generated_Source\PSoC5/uart_ultrasonic_PM.c **** /*******************************************************************************
  91:.\Generated_Source\PSoC5/uart_ultrasonic_PM.c **** * Function Name: uart_ultrasonic_RestoreConfig
  92:.\Generated_Source\PSoC5/uart_ultrasonic_PM.c **** ********************************************************************************
  93:.\Generated_Source\PSoC5/uart_ultrasonic_PM.c **** *
  94:.\Generated_Source\PSoC5/uart_ultrasonic_PM.c **** * Summary:
  95:.\Generated_Source\PSoC5/uart_ultrasonic_PM.c **** *  Restores the current user configuration.
  96:.\Generated_Source\PSoC5/uart_ultrasonic_PM.c **** *
  97:.\Generated_Source\PSoC5/uart_ultrasonic_PM.c **** * Parameters:
  98:.\Generated_Source\PSoC5/uart_ultrasonic_PM.c **** *  None.
  99:.\Generated_Source\PSoC5/uart_ultrasonic_PM.c **** *
 100:.\Generated_Source\PSoC5/uart_ultrasonic_PM.c **** * Return:
 101:.\Generated_Source\PSoC5/uart_ultrasonic_PM.c **** *  None.
 102:.\Generated_Source\PSoC5/uart_ultrasonic_PM.c **** *
 103:.\Generated_Source\PSoC5/uart_ultrasonic_PM.c **** * Global Variables:
 104:.\Generated_Source\PSoC5/uart_ultrasonic_PM.c **** *  uart_ultrasonic_backup - used when non-retention registers are restored.
 105:.\Generated_Source\PSoC5/uart_ultrasonic_PM.c **** *
 106:.\Generated_Source\PSoC5/uart_ultrasonic_PM.c **** * Reentrant:
 107:.\Generated_Source\PSoC5/uart_ultrasonic_PM.c **** *  No.
 108:.\Generated_Source\PSoC5/uart_ultrasonic_PM.c **** *
 109:.\Generated_Source\PSoC5/uart_ultrasonic_PM.c **** *******************************************************************************/
 110:.\Generated_Source\PSoC5/uart_ultrasonic_PM.c **** void uart_ultrasonic_RestoreConfig(void)
 111:.\Generated_Source\PSoC5/uart_ultrasonic_PM.c **** {
  57              		.loc 1 111 0
  58              		.cfi_startproc
  59              		@ args = 0, pretend = 0, frame = 0
  60              		@ frame_needed = 1, uses_anonymous_args = 0
ARM GAS  C:\Users\BRANKO~1\AppData\Local\Temp\ccnZ0QEj.s 			page 4


  61              		@ link register save eliminated.
  62 0000 80B4     		push	{r7}
  63              		.cfi_def_cfa_offset 4
  64              		.cfi_offset 7, -4
  65 0002 00AF     		add	r7, sp, #0
  66              		.cfi_def_cfa_register 7
 112:.\Generated_Source\PSoC5/uart_ultrasonic_PM.c **** 
 113:.\Generated_Source\PSoC5/uart_ultrasonic_PM.c ****     #if (CY_UDB_V0)
 114:.\Generated_Source\PSoC5/uart_ultrasonic_PM.c **** 
 115:.\Generated_Source\PSoC5/uart_ultrasonic_PM.c ****         #if(uart_ultrasonic_CONTROL_REG_REMOVED == 0u)
 116:.\Generated_Source\PSoC5/uart_ultrasonic_PM.c ****             uart_ultrasonic_CONTROL_REG = uart_ultrasonic_backup.cr;
 117:.\Generated_Source\PSoC5/uart_ultrasonic_PM.c ****         #endif /* End uart_ultrasonic_CONTROL_REG_REMOVED */
 118:.\Generated_Source\PSoC5/uart_ultrasonic_PM.c **** 
 119:.\Generated_Source\PSoC5/uart_ultrasonic_PM.c ****         #if( (uart_ultrasonic_RX_ENABLED) || (uart_ultrasonic_HD_ENABLED) )
 120:.\Generated_Source\PSoC5/uart_ultrasonic_PM.c ****             uart_ultrasonic_RXBITCTR_PERIOD_REG = uart_ultrasonic_backup.rx_period;
 121:.\Generated_Source\PSoC5/uart_ultrasonic_PM.c ****             uart_ultrasonic_RXSTATUS_MASK_REG = uart_ultrasonic_backup.rx_mask;
 122:.\Generated_Source\PSoC5/uart_ultrasonic_PM.c ****             #if (uart_ultrasonic_RXHW_ADDRESS_ENABLED)
 123:.\Generated_Source\PSoC5/uart_ultrasonic_PM.c ****                 uart_ultrasonic_RXADDRESS1_REG = uart_ultrasonic_backup.rx_addr1;
 124:.\Generated_Source\PSoC5/uart_ultrasonic_PM.c ****                 uart_ultrasonic_RXADDRESS2_REG = uart_ultrasonic_backup.rx_addr2;
 125:.\Generated_Source\PSoC5/uart_ultrasonic_PM.c ****             #endif /* End uart_ultrasonic_RXHW_ADDRESS_ENABLED */
 126:.\Generated_Source\PSoC5/uart_ultrasonic_PM.c ****         #endif  /* End (uart_ultrasonic_RX_ENABLED) || (uart_ultrasonic_HD_ENABLED) */
 127:.\Generated_Source\PSoC5/uart_ultrasonic_PM.c **** 
 128:.\Generated_Source\PSoC5/uart_ultrasonic_PM.c ****         #if(uart_ultrasonic_TX_ENABLED)
 129:.\Generated_Source\PSoC5/uart_ultrasonic_PM.c ****             #if(uart_ultrasonic_TXCLKGEN_DP)
 130:.\Generated_Source\PSoC5/uart_ultrasonic_PM.c ****                 uart_ultrasonic_TXBITCLKGEN_CTR_REG = uart_ultrasonic_backup.tx_clk_ctr;
 131:.\Generated_Source\PSoC5/uart_ultrasonic_PM.c ****                 uart_ultrasonic_TXBITCLKTX_COMPLETE_REG = uart_ultrasonic_backup.tx_clk_compl;
 132:.\Generated_Source\PSoC5/uart_ultrasonic_PM.c ****             #else
 133:.\Generated_Source\PSoC5/uart_ultrasonic_PM.c ****                 uart_ultrasonic_TXBITCTR_PERIOD_REG = uart_ultrasonic_backup.tx_period;
 134:.\Generated_Source\PSoC5/uart_ultrasonic_PM.c ****             #endif /*End uart_ultrasonic_TXCLKGEN_DP */
 135:.\Generated_Source\PSoC5/uart_ultrasonic_PM.c ****             uart_ultrasonic_TXSTATUS_MASK_REG = uart_ultrasonic_backup.tx_mask;
 136:.\Generated_Source\PSoC5/uart_ultrasonic_PM.c ****         #endif /*End uart_ultrasonic_TX_ENABLED */
 137:.\Generated_Source\PSoC5/uart_ultrasonic_PM.c **** 
 138:.\Generated_Source\PSoC5/uart_ultrasonic_PM.c ****     #else /* CY_UDB_V1 */
 139:.\Generated_Source\PSoC5/uart_ultrasonic_PM.c **** 
 140:.\Generated_Source\PSoC5/uart_ultrasonic_PM.c ****         #if(uart_ultrasonic_CONTROL_REG_REMOVED == 0u)
 141:.\Generated_Source\PSoC5/uart_ultrasonic_PM.c ****             uart_ultrasonic_CONTROL_REG = uart_ultrasonic_backup.cr;
 142:.\Generated_Source\PSoC5/uart_ultrasonic_PM.c ****         #endif /* End uart_ultrasonic_CONTROL_REG_REMOVED */
 143:.\Generated_Source\PSoC5/uart_ultrasonic_PM.c **** 
 144:.\Generated_Source\PSoC5/uart_ultrasonic_PM.c ****     #endif  /* End CY_UDB_V0 */
 145:.\Generated_Source\PSoC5/uart_ultrasonic_PM.c **** }
  67              		.loc 1 145 0
  68 0004 BD46     		mov	sp, r7
  69              		@ sp needed
  70 0006 5DF8047B 		ldr	r7, [sp], #4
  71 000a 7047     		bx	lr
  72              		.cfi_endproc
  73              	.LFE1:
  74              		.size	uart_ultrasonic_RestoreConfig, .-uart_ultrasonic_RestoreConfig
  75              		.section	.text.uart_ultrasonic_Sleep,"ax",%progbits
  76              		.align	2
  77              		.global	uart_ultrasonic_Sleep
  78              		.thumb
  79              		.thumb_func
  80              		.type	uart_ultrasonic_Sleep, %function
  81              	uart_ultrasonic_Sleep:
  82              	.LFB2:
 146:.\Generated_Source\PSoC5/uart_ultrasonic_PM.c **** 
ARM GAS  C:\Users\BRANKO~1\AppData\Local\Temp\ccnZ0QEj.s 			page 5


 147:.\Generated_Source\PSoC5/uart_ultrasonic_PM.c **** 
 148:.\Generated_Source\PSoC5/uart_ultrasonic_PM.c **** /*******************************************************************************
 149:.\Generated_Source\PSoC5/uart_ultrasonic_PM.c **** * Function Name: uart_ultrasonic_Sleep
 150:.\Generated_Source\PSoC5/uart_ultrasonic_PM.c **** ********************************************************************************
 151:.\Generated_Source\PSoC5/uart_ultrasonic_PM.c **** *
 152:.\Generated_Source\PSoC5/uart_ultrasonic_PM.c **** * Summary:
 153:.\Generated_Source\PSoC5/uart_ultrasonic_PM.c **** *  Stops and saves the user configuration. Should be called
 154:.\Generated_Source\PSoC5/uart_ultrasonic_PM.c **** *  just prior to entering sleep.
 155:.\Generated_Source\PSoC5/uart_ultrasonic_PM.c **** *
 156:.\Generated_Source\PSoC5/uart_ultrasonic_PM.c **** *
 157:.\Generated_Source\PSoC5/uart_ultrasonic_PM.c **** * Parameters:
 158:.\Generated_Source\PSoC5/uart_ultrasonic_PM.c **** *  None.
 159:.\Generated_Source\PSoC5/uart_ultrasonic_PM.c **** *
 160:.\Generated_Source\PSoC5/uart_ultrasonic_PM.c **** * Return:
 161:.\Generated_Source\PSoC5/uart_ultrasonic_PM.c **** *  None.
 162:.\Generated_Source\PSoC5/uart_ultrasonic_PM.c **** *
 163:.\Generated_Source\PSoC5/uart_ultrasonic_PM.c **** * Global Variables:
 164:.\Generated_Source\PSoC5/uart_ultrasonic_PM.c **** *  uart_ultrasonic_backup - modified when non-retention registers are saved.
 165:.\Generated_Source\PSoC5/uart_ultrasonic_PM.c **** *
 166:.\Generated_Source\PSoC5/uart_ultrasonic_PM.c **** * Reentrant:
 167:.\Generated_Source\PSoC5/uart_ultrasonic_PM.c **** *  No.
 168:.\Generated_Source\PSoC5/uart_ultrasonic_PM.c **** *
 169:.\Generated_Source\PSoC5/uart_ultrasonic_PM.c **** *******************************************************************************/
 170:.\Generated_Source\PSoC5/uart_ultrasonic_PM.c **** void uart_ultrasonic_Sleep(void)
 171:.\Generated_Source\PSoC5/uart_ultrasonic_PM.c **** {
  83              		.loc 1 171 0
  84              		.cfi_startproc
  85              		@ args = 0, pretend = 0, frame = 0
  86              		@ frame_needed = 1, uses_anonymous_args = 0
  87 0000 80B5     		push	{r7, lr}
  88              		.cfi_def_cfa_offset 8
  89              		.cfi_offset 7, -8
  90              		.cfi_offset 14, -4
  91 0002 00AF     		add	r7, sp, #0
  92              		.cfi_def_cfa_register 7
 172:.\Generated_Source\PSoC5/uart_ultrasonic_PM.c **** 
 173:.\Generated_Source\PSoC5/uart_ultrasonic_PM.c ****     #if(uart_ultrasonic_RX_ENABLED || uart_ultrasonic_HD_ENABLED)
 174:.\Generated_Source\PSoC5/uart_ultrasonic_PM.c ****         if((uart_ultrasonic_RXSTATUS_ACTL_REG  & uart_ultrasonic_INT_ENABLE) != 0u)
  93              		.loc 1 174 0
  94 0004 094B     		ldr	r3, .L6
  95 0006 1B78     		ldrb	r3, [r3]
  96 0008 DBB2     		uxtb	r3, r3
  97 000a 03F01003 		and	r3, r3, #16
  98 000e 002B     		cmp	r3, #0
  99 0010 03D0     		beq	.L4
 175:.\Generated_Source\PSoC5/uart_ultrasonic_PM.c ****         {
 176:.\Generated_Source\PSoC5/uart_ultrasonic_PM.c ****             uart_ultrasonic_backup.enableState = 1u;
 100              		.loc 1 176 0
 101 0012 074B     		ldr	r3, .L6+4
 102 0014 0122     		movs	r2, #1
 103 0016 1A70     		strb	r2, [r3]
 104 0018 02E0     		b	.L5
 105              	.L4:
 177:.\Generated_Source\PSoC5/uart_ultrasonic_PM.c ****         }
 178:.\Generated_Source\PSoC5/uart_ultrasonic_PM.c ****         else
 179:.\Generated_Source\PSoC5/uart_ultrasonic_PM.c ****         {
 180:.\Generated_Source\PSoC5/uart_ultrasonic_PM.c ****             uart_ultrasonic_backup.enableState = 0u;
ARM GAS  C:\Users\BRANKO~1\AppData\Local\Temp\ccnZ0QEj.s 			page 6


 106              		.loc 1 180 0
 107 001a 054B     		ldr	r3, .L6+4
 108 001c 0022     		movs	r2, #0
 109 001e 1A70     		strb	r2, [r3]
 110              	.L5:
 181:.\Generated_Source\PSoC5/uart_ultrasonic_PM.c ****         }
 182:.\Generated_Source\PSoC5/uart_ultrasonic_PM.c ****     #else
 183:.\Generated_Source\PSoC5/uart_ultrasonic_PM.c ****         if((uart_ultrasonic_TXSTATUS_ACTL_REG  & uart_ultrasonic_INT_ENABLE) !=0u)
 184:.\Generated_Source\PSoC5/uart_ultrasonic_PM.c ****         {
 185:.\Generated_Source\PSoC5/uart_ultrasonic_PM.c ****             uart_ultrasonic_backup.enableState = 1u;
 186:.\Generated_Source\PSoC5/uart_ultrasonic_PM.c ****         }
 187:.\Generated_Source\PSoC5/uart_ultrasonic_PM.c ****         else
 188:.\Generated_Source\PSoC5/uart_ultrasonic_PM.c ****         {
 189:.\Generated_Source\PSoC5/uart_ultrasonic_PM.c ****             uart_ultrasonic_backup.enableState = 0u;
 190:.\Generated_Source\PSoC5/uart_ultrasonic_PM.c ****         }
 191:.\Generated_Source\PSoC5/uart_ultrasonic_PM.c ****     #endif /* End uart_ultrasonic_RX_ENABLED || uart_ultrasonic_HD_ENABLED*/
 192:.\Generated_Source\PSoC5/uart_ultrasonic_PM.c **** 
 193:.\Generated_Source\PSoC5/uart_ultrasonic_PM.c ****     uart_ultrasonic_Stop();
 111              		.loc 1 193 0
 112 0020 FFF7FEFF 		bl	uart_ultrasonic_Stop
 194:.\Generated_Source\PSoC5/uart_ultrasonic_PM.c ****     uart_ultrasonic_SaveConfig();
 113              		.loc 1 194 0
 114 0024 FFF7FEFF 		bl	uart_ultrasonic_SaveConfig
 195:.\Generated_Source\PSoC5/uart_ultrasonic_PM.c **** }
 115              		.loc 1 195 0
 116 0028 80BD     		pop	{r7, pc}
 117              	.L7:
 118 002a 00BF     		.align	2
 119              	.L6:
 120 002c 96640040 		.word	1073767574
 121 0030 00000000 		.word	uart_ultrasonic_backup
 122              		.cfi_endproc
 123              	.LFE2:
 124              		.size	uart_ultrasonic_Sleep, .-uart_ultrasonic_Sleep
 125              		.section	.text.uart_ultrasonic_Wakeup,"ax",%progbits
 126              		.align	2
 127              		.global	uart_ultrasonic_Wakeup
 128              		.thumb
 129              		.thumb_func
 130              		.type	uart_ultrasonic_Wakeup, %function
 131              	uart_ultrasonic_Wakeup:
 132              	.LFB3:
 196:.\Generated_Source\PSoC5/uart_ultrasonic_PM.c **** 
 197:.\Generated_Source\PSoC5/uart_ultrasonic_PM.c **** 
 198:.\Generated_Source\PSoC5/uart_ultrasonic_PM.c **** /*******************************************************************************
 199:.\Generated_Source\PSoC5/uart_ultrasonic_PM.c **** * Function Name: uart_ultrasonic_Wakeup
 200:.\Generated_Source\PSoC5/uart_ultrasonic_PM.c **** ********************************************************************************
 201:.\Generated_Source\PSoC5/uart_ultrasonic_PM.c **** *
 202:.\Generated_Source\PSoC5/uart_ultrasonic_PM.c **** * Summary:
 203:.\Generated_Source\PSoC5/uart_ultrasonic_PM.c **** *  Restores and enables the user configuration. Should be called
 204:.\Generated_Source\PSoC5/uart_ultrasonic_PM.c **** *  just after awaking from sleep.
 205:.\Generated_Source\PSoC5/uart_ultrasonic_PM.c **** *
 206:.\Generated_Source\PSoC5/uart_ultrasonic_PM.c **** * Parameters:
 207:.\Generated_Source\PSoC5/uart_ultrasonic_PM.c **** *  None.
 208:.\Generated_Source\PSoC5/uart_ultrasonic_PM.c **** *
 209:.\Generated_Source\PSoC5/uart_ultrasonic_PM.c **** * Return:
 210:.\Generated_Source\PSoC5/uart_ultrasonic_PM.c **** *  None.
ARM GAS  C:\Users\BRANKO~1\AppData\Local\Temp\ccnZ0QEj.s 			page 7


 211:.\Generated_Source\PSoC5/uart_ultrasonic_PM.c **** *
 212:.\Generated_Source\PSoC5/uart_ultrasonic_PM.c **** * Global Variables:
 213:.\Generated_Source\PSoC5/uart_ultrasonic_PM.c **** *  uart_ultrasonic_backup - used when non-retention registers are restored.
 214:.\Generated_Source\PSoC5/uart_ultrasonic_PM.c **** *
 215:.\Generated_Source\PSoC5/uart_ultrasonic_PM.c **** * Reentrant:
 216:.\Generated_Source\PSoC5/uart_ultrasonic_PM.c **** *  No.
 217:.\Generated_Source\PSoC5/uart_ultrasonic_PM.c **** *
 218:.\Generated_Source\PSoC5/uart_ultrasonic_PM.c **** *******************************************************************************/
 219:.\Generated_Source\PSoC5/uart_ultrasonic_PM.c **** void uart_ultrasonic_Wakeup(void)
 220:.\Generated_Source\PSoC5/uart_ultrasonic_PM.c **** {
 133              		.loc 1 220 0
 134              		.cfi_startproc
 135              		@ args = 0, pretend = 0, frame = 0
 136              		@ frame_needed = 1, uses_anonymous_args = 0
 137 0000 80B5     		push	{r7, lr}
 138              		.cfi_def_cfa_offset 8
 139              		.cfi_offset 7, -8
 140              		.cfi_offset 14, -4
 141 0002 00AF     		add	r7, sp, #0
 142              		.cfi_def_cfa_register 7
 221:.\Generated_Source\PSoC5/uart_ultrasonic_PM.c ****     uart_ultrasonic_RestoreConfig();
 143              		.loc 1 221 0
 144 0004 FFF7FEFF 		bl	uart_ultrasonic_RestoreConfig
 222:.\Generated_Source\PSoC5/uart_ultrasonic_PM.c ****     #if( (uart_ultrasonic_RX_ENABLED) || (uart_ultrasonic_HD_ENABLED) )
 223:.\Generated_Source\PSoC5/uart_ultrasonic_PM.c ****         uart_ultrasonic_ClearRxBuffer();
 145              		.loc 1 223 0
 146 0008 FFF7FEFF 		bl	uart_ultrasonic_ClearRxBuffer
 224:.\Generated_Source\PSoC5/uart_ultrasonic_PM.c ****     #endif /* End (uart_ultrasonic_RX_ENABLED) || (uart_ultrasonic_HD_ENABLED) */
 225:.\Generated_Source\PSoC5/uart_ultrasonic_PM.c ****     #if(uart_ultrasonic_TX_ENABLED || uart_ultrasonic_HD_ENABLED)
 226:.\Generated_Source\PSoC5/uart_ultrasonic_PM.c ****         uart_ultrasonic_ClearTxBuffer();
 227:.\Generated_Source\PSoC5/uart_ultrasonic_PM.c ****     #endif /* End uart_ultrasonic_TX_ENABLED || uart_ultrasonic_HD_ENABLED */
 228:.\Generated_Source\PSoC5/uart_ultrasonic_PM.c **** 
 229:.\Generated_Source\PSoC5/uart_ultrasonic_PM.c ****     if(uart_ultrasonic_backup.enableState != 0u)
 147              		.loc 1 229 0
 148 000c 034B     		ldr	r3, .L10
 149 000e 1B78     		ldrb	r3, [r3]	@ zero_extendqisi2
 150 0010 002B     		cmp	r3, #0
 151 0012 01D0     		beq	.L8
 230:.\Generated_Source\PSoC5/uart_ultrasonic_PM.c ****     {
 231:.\Generated_Source\PSoC5/uart_ultrasonic_PM.c ****         uart_ultrasonic_Enable();
 152              		.loc 1 231 0
 153 0014 FFF7FEFF 		bl	uart_ultrasonic_Enable
 154              	.L8:
 232:.\Generated_Source\PSoC5/uart_ultrasonic_PM.c ****     }
 233:.\Generated_Source\PSoC5/uart_ultrasonic_PM.c **** }
 155              		.loc 1 233 0
 156 0018 80BD     		pop	{r7, pc}
 157              	.L11:
 158 001a 00BF     		.align	2
 159              	.L10:
 160 001c 00000000 		.word	uart_ultrasonic_backup
 161              		.cfi_endproc
 162              	.LFE3:
 163              		.size	uart_ultrasonic_Wakeup, .-uart_ultrasonic_Wakeup
 164              		.text
 165              	.Letext0:
 166              		.file 2 ".\\Generated_Source\\PSoC5\\cytypes.h"
ARM GAS  C:\Users\BRANKO~1\AppData\Local\Temp\ccnZ0QEj.s 			page 8


 167              		.file 3 ".\\Generated_Source\\PSoC5\\uart_ultrasonic.h"
 168              		.section	.debug_info,"",%progbits
 169              	.Ldebug_info0:
 170 0000 25010000 		.4byte	0x125
 171 0004 0400     		.2byte	0x4
 172 0006 00000000 		.4byte	.Ldebug_abbrev0
 173 000a 04       		.byte	0x4
 174 000b 01       		.uleb128 0x1
 175 000c AD010000 		.4byte	.LASF22
 176 0010 01       		.byte	0x1
 177 0011 5C000000 		.4byte	.LASF23
 178 0015 49010000 		.4byte	.LASF24
 179 0019 00000000 		.4byte	.Ldebug_ranges0+0
 180 001d 00000000 		.4byte	0
 181 0021 00000000 		.4byte	.Ldebug_line0
 182 0025 02       		.uleb128 0x2
 183 0026 01       		.byte	0x1
 184 0027 06       		.byte	0x6
 185 0028 3D010000 		.4byte	.LASF0
 186 002c 02       		.uleb128 0x2
 187 002d 01       		.byte	0x1
 188 002e 08       		.byte	0x8
 189 002f E9000000 		.4byte	.LASF1
 190 0033 02       		.uleb128 0x2
 191 0034 02       		.byte	0x2
 192 0035 05       		.byte	0x5
 193 0036 A3010000 		.4byte	.LASF2
 194 003a 02       		.uleb128 0x2
 195 003b 02       		.byte	0x2
 196 003c 07       		.byte	0x7
 197 003d 2A010000 		.4byte	.LASF3
 198 0041 02       		.uleb128 0x2
 199 0042 04       		.byte	0x4
 200 0043 05       		.byte	0x5
 201 0044 FC000000 		.4byte	.LASF4
 202 0048 02       		.uleb128 0x2
 203 0049 04       		.byte	0x4
 204 004a 07       		.byte	0x7
 205 004b 95000000 		.4byte	.LASF5
 206 004f 02       		.uleb128 0x2
 207 0050 08       		.byte	0x8
 208 0051 05       		.byte	0x5
 209 0052 00000000 		.4byte	.LASF6
 210 0056 02       		.uleb128 0x2
 211 0057 08       		.byte	0x8
 212 0058 07       		.byte	0x7
 213 0059 B1000000 		.4byte	.LASF7
 214 005d 03       		.uleb128 0x3
 215 005e 04       		.byte	0x4
 216 005f 05       		.byte	0x5
 217 0060 696E7400 		.ascii	"int\000"
 218 0064 02       		.uleb128 0x2
 219 0065 04       		.byte	0x4
 220 0066 07       		.byte	0x7
 221 0067 1A000000 		.4byte	.LASF8
 222 006b 04       		.uleb128 0x4
 223 006c 8F000000 		.4byte	.LASF12
ARM GAS  C:\Users\BRANKO~1\AppData\Local\Temp\ccnZ0QEj.s 			page 9


 224 0070 02       		.byte	0x2
 225 0071 A1       		.byte	0xa1
 226 0072 2C000000 		.4byte	0x2c
 227 0076 02       		.uleb128 0x2
 228 0077 04       		.byte	0x4
 229 0078 04       		.byte	0x4
 230 0079 C8000000 		.4byte	.LASF9
 231 007d 02       		.uleb128 0x2
 232 007e 08       		.byte	0x8
 233 007f 04       		.byte	0x4
 234 0080 23010000 		.4byte	.LASF10
 235 0084 02       		.uleb128 0x2
 236 0085 01       		.byte	0x1
 237 0086 08       		.byte	0x8
 238 0087 F7000000 		.4byte	.LASF11
 239 008b 05       		.uleb128 0x5
 240 008c 8A000000 		.4byte	.LASF13
 241 0090 02       		.byte	0x2
 242 0091 4B01     		.2byte	0x14b
 243 0093 97000000 		.4byte	0x97
 244 0097 06       		.uleb128 0x6
 245 0098 6B000000 		.4byte	0x6b
 246 009c 02       		.uleb128 0x2
 247 009d 04       		.byte	0x4
 248 009e 07       		.byte	0x7
 249 009f 29020000 		.4byte	.LASF14
 250 00a3 07       		.uleb128 0x7
 251 00a4 6E010000 		.4byte	.LASF25
 252 00a8 02       		.byte	0x2
 253 00a9 03       		.byte	0x3
 254 00aa 45       		.byte	0x45
 255 00ab C8000000 		.4byte	0xc8
 256 00af 08       		.uleb128 0x8
 257 00b0 0E000000 		.4byte	.LASF15
 258 00b4 03       		.byte	0x3
 259 00b5 47       		.byte	0x47
 260 00b6 6B000000 		.4byte	0x6b
 261 00ba 00       		.byte	0
 262 00bb 08       		.uleb128 0x8
 263 00bc A7000000 		.4byte	.LASF16
 264 00c0 03       		.byte	0x3
 265 00c1 4D       		.byte	0x4d
 266 00c2 6B000000 		.4byte	0x6b
 267 00c6 01       		.byte	0x1
 268 00c7 00       		.byte	0
 269 00c8 04       		.uleb128 0x4
 270 00c9 05010000 		.4byte	.LASF17
 271 00cd 03       		.byte	0x3
 272 00ce 64       		.byte	0x64
 273 00cf A3000000 		.4byte	0xa3
 274 00d3 09       		.uleb128 0x9
 275 00d4 CE000000 		.4byte	.LASF18
 276 00d8 01       		.byte	0x1
 277 00d9 34       		.byte	0x34
 278 00da 00000000 		.4byte	.LFB0
 279 00de 0C000000 		.4byte	.LFE0-.LFB0
 280 00e2 01       		.uleb128 0x1
ARM GAS  C:\Users\BRANKO~1\AppData\Local\Temp\ccnZ0QEj.s 			page 10


 281 00e3 9C       		.byte	0x9c
 282 00e4 09       		.uleb128 0x9
 283 00e5 3E000000 		.4byte	.LASF19
 284 00e9 01       		.byte	0x1
 285 00ea 6E       		.byte	0x6e
 286 00eb 00000000 		.4byte	.LFB1
 287 00ef 0C000000 		.4byte	.LFE1-.LFB1
 288 00f3 01       		.uleb128 0x1
 289 00f4 9C       		.byte	0x9c
 290 00f5 0A       		.uleb128 0xa
 291 00f6 32020000 		.4byte	.LASF20
 292 00fa 01       		.byte	0x1
 293 00fb AA       		.byte	0xaa
 294 00fc 00000000 		.4byte	.LFB2
 295 0100 34000000 		.4byte	.LFE2-.LFB2
 296 0104 01       		.uleb128 0x1
 297 0105 9C       		.byte	0x9c
 298 0106 0A       		.uleb128 0xa
 299 0107 27000000 		.4byte	.LASF21
 300 010b 01       		.byte	0x1
 301 010c DB       		.byte	0xdb
 302 010d 00000000 		.4byte	.LFB3
 303 0111 20000000 		.4byte	.LFE3-.LFB3
 304 0115 01       		.uleb128 0x1
 305 0116 9C       		.byte	0x9c
 306 0117 0B       		.uleb128 0xb
 307 0118 8C010000 		.4byte	.LASF26
 308 011c 01       		.byte	0x1
 309 011d 18       		.byte	0x18
 310 011e C8000000 		.4byte	0xc8
 311 0122 05       		.uleb128 0x5
 312 0123 03       		.byte	0x3
 313 0124 00000000 		.4byte	uart_ultrasonic_backup
 314 0128 00       		.byte	0
 315              		.section	.debug_abbrev,"",%progbits
 316              	.Ldebug_abbrev0:
 317 0000 01       		.uleb128 0x1
 318 0001 11       		.uleb128 0x11
 319 0002 01       		.byte	0x1
 320 0003 25       		.uleb128 0x25
 321 0004 0E       		.uleb128 0xe
 322 0005 13       		.uleb128 0x13
 323 0006 0B       		.uleb128 0xb
 324 0007 03       		.uleb128 0x3
 325 0008 0E       		.uleb128 0xe
 326 0009 1B       		.uleb128 0x1b
 327 000a 0E       		.uleb128 0xe
 328 000b 55       		.uleb128 0x55
 329 000c 17       		.uleb128 0x17
 330 000d 11       		.uleb128 0x11
 331 000e 01       		.uleb128 0x1
 332 000f 10       		.uleb128 0x10
 333 0010 17       		.uleb128 0x17
 334 0011 00       		.byte	0
 335 0012 00       		.byte	0
 336 0013 02       		.uleb128 0x2
 337 0014 24       		.uleb128 0x24
ARM GAS  C:\Users\BRANKO~1\AppData\Local\Temp\ccnZ0QEj.s 			page 11


 338 0015 00       		.byte	0
 339 0016 0B       		.uleb128 0xb
 340 0017 0B       		.uleb128 0xb
 341 0018 3E       		.uleb128 0x3e
 342 0019 0B       		.uleb128 0xb
 343 001a 03       		.uleb128 0x3
 344 001b 0E       		.uleb128 0xe
 345 001c 00       		.byte	0
 346 001d 00       		.byte	0
 347 001e 03       		.uleb128 0x3
 348 001f 24       		.uleb128 0x24
 349 0020 00       		.byte	0
 350 0021 0B       		.uleb128 0xb
 351 0022 0B       		.uleb128 0xb
 352 0023 3E       		.uleb128 0x3e
 353 0024 0B       		.uleb128 0xb
 354 0025 03       		.uleb128 0x3
 355 0026 08       		.uleb128 0x8
 356 0027 00       		.byte	0
 357 0028 00       		.byte	0
 358 0029 04       		.uleb128 0x4
 359 002a 16       		.uleb128 0x16
 360 002b 00       		.byte	0
 361 002c 03       		.uleb128 0x3
 362 002d 0E       		.uleb128 0xe
 363 002e 3A       		.uleb128 0x3a
 364 002f 0B       		.uleb128 0xb
 365 0030 3B       		.uleb128 0x3b
 366 0031 0B       		.uleb128 0xb
 367 0032 49       		.uleb128 0x49
 368 0033 13       		.uleb128 0x13
 369 0034 00       		.byte	0
 370 0035 00       		.byte	0
 371 0036 05       		.uleb128 0x5
 372 0037 16       		.uleb128 0x16
 373 0038 00       		.byte	0
 374 0039 03       		.uleb128 0x3
 375 003a 0E       		.uleb128 0xe
 376 003b 3A       		.uleb128 0x3a
 377 003c 0B       		.uleb128 0xb
 378 003d 3B       		.uleb128 0x3b
 379 003e 05       		.uleb128 0x5
 380 003f 49       		.uleb128 0x49
 381 0040 13       		.uleb128 0x13
 382 0041 00       		.byte	0
 383 0042 00       		.byte	0
 384 0043 06       		.uleb128 0x6
 385 0044 35       		.uleb128 0x35
 386 0045 00       		.byte	0
 387 0046 49       		.uleb128 0x49
 388 0047 13       		.uleb128 0x13
 389 0048 00       		.byte	0
 390 0049 00       		.byte	0
 391 004a 07       		.uleb128 0x7
 392 004b 13       		.uleb128 0x13
 393 004c 01       		.byte	0x1
 394 004d 03       		.uleb128 0x3
ARM GAS  C:\Users\BRANKO~1\AppData\Local\Temp\ccnZ0QEj.s 			page 12


 395 004e 0E       		.uleb128 0xe
 396 004f 0B       		.uleb128 0xb
 397 0050 0B       		.uleb128 0xb
 398 0051 3A       		.uleb128 0x3a
 399 0052 0B       		.uleb128 0xb
 400 0053 3B       		.uleb128 0x3b
 401 0054 0B       		.uleb128 0xb
 402 0055 01       		.uleb128 0x1
 403 0056 13       		.uleb128 0x13
 404 0057 00       		.byte	0
 405 0058 00       		.byte	0
 406 0059 08       		.uleb128 0x8
 407 005a 0D       		.uleb128 0xd
 408 005b 00       		.byte	0
 409 005c 03       		.uleb128 0x3
 410 005d 0E       		.uleb128 0xe
 411 005e 3A       		.uleb128 0x3a
 412 005f 0B       		.uleb128 0xb
 413 0060 3B       		.uleb128 0x3b
 414 0061 0B       		.uleb128 0xb
 415 0062 49       		.uleb128 0x49
 416 0063 13       		.uleb128 0x13
 417 0064 38       		.uleb128 0x38
 418 0065 0B       		.uleb128 0xb
 419 0066 00       		.byte	0
 420 0067 00       		.byte	0
 421 0068 09       		.uleb128 0x9
 422 0069 2E       		.uleb128 0x2e
 423 006a 00       		.byte	0
 424 006b 3F       		.uleb128 0x3f
 425 006c 19       		.uleb128 0x19
 426 006d 03       		.uleb128 0x3
 427 006e 0E       		.uleb128 0xe
 428 006f 3A       		.uleb128 0x3a
 429 0070 0B       		.uleb128 0xb
 430 0071 3B       		.uleb128 0x3b
 431 0072 0B       		.uleb128 0xb
 432 0073 27       		.uleb128 0x27
 433 0074 19       		.uleb128 0x19
 434 0075 11       		.uleb128 0x11
 435 0076 01       		.uleb128 0x1
 436 0077 12       		.uleb128 0x12
 437 0078 06       		.uleb128 0x6
 438 0079 40       		.uleb128 0x40
 439 007a 18       		.uleb128 0x18
 440 007b 9742     		.uleb128 0x2117
 441 007d 19       		.uleb128 0x19
 442 007e 00       		.byte	0
 443 007f 00       		.byte	0
 444 0080 0A       		.uleb128 0xa
 445 0081 2E       		.uleb128 0x2e
 446 0082 00       		.byte	0
 447 0083 3F       		.uleb128 0x3f
 448 0084 19       		.uleb128 0x19
 449 0085 03       		.uleb128 0x3
 450 0086 0E       		.uleb128 0xe
 451 0087 3A       		.uleb128 0x3a
ARM GAS  C:\Users\BRANKO~1\AppData\Local\Temp\ccnZ0QEj.s 			page 13


 452 0088 0B       		.uleb128 0xb
 453 0089 3B       		.uleb128 0x3b
 454 008a 0B       		.uleb128 0xb
 455 008b 27       		.uleb128 0x27
 456 008c 19       		.uleb128 0x19
 457 008d 11       		.uleb128 0x11
 458 008e 01       		.uleb128 0x1
 459 008f 12       		.uleb128 0x12
 460 0090 06       		.uleb128 0x6
 461 0091 40       		.uleb128 0x40
 462 0092 18       		.uleb128 0x18
 463 0093 9642     		.uleb128 0x2116
 464 0095 19       		.uleb128 0x19
 465 0096 00       		.byte	0
 466 0097 00       		.byte	0
 467 0098 0B       		.uleb128 0xb
 468 0099 34       		.uleb128 0x34
 469 009a 00       		.byte	0
 470 009b 03       		.uleb128 0x3
 471 009c 0E       		.uleb128 0xe
 472 009d 3A       		.uleb128 0x3a
 473 009e 0B       		.uleb128 0xb
 474 009f 3B       		.uleb128 0x3b
 475 00a0 0B       		.uleb128 0xb
 476 00a1 49       		.uleb128 0x49
 477 00a2 13       		.uleb128 0x13
 478 00a3 02       		.uleb128 0x2
 479 00a4 18       		.uleb128 0x18
 480 00a5 00       		.byte	0
 481 00a6 00       		.byte	0
 482 00a7 00       		.byte	0
 483              		.section	.debug_aranges,"",%progbits
 484 0000 34000000 		.4byte	0x34
 485 0004 0200     		.2byte	0x2
 486 0006 00000000 		.4byte	.Ldebug_info0
 487 000a 04       		.byte	0x4
 488 000b 00       		.byte	0
 489 000c 0000     		.2byte	0
 490 000e 0000     		.2byte	0
 491 0010 00000000 		.4byte	.LFB0
 492 0014 0C000000 		.4byte	.LFE0-.LFB0
 493 0018 00000000 		.4byte	.LFB1
 494 001c 0C000000 		.4byte	.LFE1-.LFB1
 495 0020 00000000 		.4byte	.LFB2
 496 0024 34000000 		.4byte	.LFE2-.LFB2
 497 0028 00000000 		.4byte	.LFB3
 498 002c 20000000 		.4byte	.LFE3-.LFB3
 499 0030 00000000 		.4byte	0
 500 0034 00000000 		.4byte	0
 501              		.section	.debug_ranges,"",%progbits
 502              	.Ldebug_ranges0:
 503 0000 00000000 		.4byte	.LFB0
 504 0004 0C000000 		.4byte	.LFE0
 505 0008 00000000 		.4byte	.LFB1
 506 000c 0C000000 		.4byte	.LFE1
 507 0010 00000000 		.4byte	.LFB2
 508 0014 34000000 		.4byte	.LFE2
ARM GAS  C:\Users\BRANKO~1\AppData\Local\Temp\ccnZ0QEj.s 			page 14


 509 0018 00000000 		.4byte	.LFB3
 510 001c 20000000 		.4byte	.LFE3
 511 0020 00000000 		.4byte	0
 512 0024 00000000 		.4byte	0
 513              		.section	.debug_line,"",%progbits
 514              	.Ldebug_line0:
 515 0000 BE000000 		.section	.debug_str,"MS",%progbits,1
 515      02006600 
 515      00000201 
 515      FB0E0D00 
 515      01010101 
 516              	.LASF6:
 517 0000 6C6F6E67 		.ascii	"long long int\000"
 517      206C6F6E 
 517      6720696E 
 517      7400
 518              	.LASF15:
 519 000e 656E6162 		.ascii	"enableState\000"
 519      6C655374 
 519      61746500 
 520              	.LASF8:
 521 001a 756E7369 		.ascii	"unsigned int\000"
 521      676E6564 
 521      20696E74 
 521      00
 522              	.LASF21:
 523 0027 75617274 		.ascii	"uart_ultrasonic_Wakeup\000"
 523      5F756C74 
 523      7261736F 
 523      6E69635F 
 523      57616B65 
 524              	.LASF19:
 525 003e 75617274 		.ascii	"uart_ultrasonic_RestoreConfig\000"
 525      5F756C74 
 525      7261736F 
 525      6E69635F 
 525      52657374 
 526              	.LASF23:
 527 005c 2E5C4765 		.ascii	".\\Generated_Source\\PSoC5\\uart_ultrasonic_PM.c\000"
 527      6E657261 
 527      7465645F 
 527      536F7572 
 527      63655C50 
 528              	.LASF13:
 529 008a 72656738 		.ascii	"reg8\000"
 529      00
 530              	.LASF12:
 531 008f 75696E74 		.ascii	"uint8\000"
 531      3800
 532              	.LASF5:
 533 0095 6C6F6E67 		.ascii	"long unsigned int\000"
 533      20756E73 
 533      69676E65 
 533      6420696E 
 533      7400
 534              	.LASF16:
 535 00a7 72785F70 		.ascii	"rx_period\000"
ARM GAS  C:\Users\BRANKO~1\AppData\Local\Temp\ccnZ0QEj.s 			page 15


 535      6572696F 
 535      6400
 536              	.LASF7:
 537 00b1 6C6F6E67 		.ascii	"long long unsigned int\000"
 537      206C6F6E 
 537      6720756E 
 537      7369676E 
 537      65642069 
 538              	.LASF9:
 539 00c8 666C6F61 		.ascii	"float\000"
 539      7400
 540              	.LASF18:
 541 00ce 75617274 		.ascii	"uart_ultrasonic_SaveConfig\000"
 541      5F756C74 
 541      7261736F 
 541      6E69635F 
 541      53617665 
 542              	.LASF1:
 543 00e9 756E7369 		.ascii	"unsigned char\000"
 543      676E6564 
 543      20636861 
 543      7200
 544              	.LASF11:
 545 00f7 63686172 		.ascii	"char\000"
 545      00
 546              	.LASF4:
 547 00fc 6C6F6E67 		.ascii	"long int\000"
 547      20696E74 
 547      00
 548              	.LASF17:
 549 0105 75617274 		.ascii	"uart_ultrasonic_BACKUP_STRUCT\000"
 549      5F756C74 
 549      7261736F 
 549      6E69635F 
 549      4241434B 
 550              	.LASF10:
 551 0123 646F7562 		.ascii	"double\000"
 551      6C6500
 552              	.LASF3:
 553 012a 73686F72 		.ascii	"short unsigned int\000"
 553      7420756E 
 553      7369676E 
 553      65642069 
 553      6E7400
 554              	.LASF0:
 555 013d 7369676E 		.ascii	"signed char\000"
 555      65642063 
 555      68617200 
 556              	.LASF24:
 557 0149 443A5C70 		.ascii	"D:\\psoc5\\Cell Board\\Cell Board.cydsn\000"
 557      736F6335 
 557      5C43656C 
 557      6C20426F 
 557      6172645C 
 558              	.LASF25:
 559 016e 75617274 		.ascii	"uart_ultrasonic_backupStruct_\000"
 559      5F756C74 
ARM GAS  C:\Users\BRANKO~1\AppData\Local\Temp\ccnZ0QEj.s 			page 16


 559      7261736F 
 559      6E69635F 
 559      6261636B 
 560              	.LASF26:
 561 018c 75617274 		.ascii	"uart_ultrasonic_backup\000"
 561      5F756C74 
 561      7261736F 
 561      6E69635F 
 561      6261636B 
 562              	.LASF2:
 563 01a3 73686F72 		.ascii	"short int\000"
 563      7420696E 
 563      7400
 564              	.LASF22:
 565 01ad 474E5520 		.ascii	"GNU C 4.8.4 20140526 (release) [ARM/embedded-4_8-br"
 565      4320342E 
 565      382E3420 
 565      32303134 
 565      30353236 
 566 01e0 616E6368 		.ascii	"anch revision 211358] -mcpu=cortex-m3 -mthumb -g -O"
 566      20726576 
 566      6973696F 
 566      6E203231 
 566      31333538 
 567 0213 30202D66 		.ascii	"0 -ffunction-sections\000"
 567      66756E63 
 567      74696F6E 
 567      2D736563 
 567      74696F6E 
 568              	.LASF14:
 569 0229 73697A65 		.ascii	"sizetype\000"
 569      74797065 
 569      00
 570              	.LASF20:
 571 0232 75617274 		.ascii	"uart_ultrasonic_Sleep\000"
 571      5F756C74 
 571      7261736F 
 571      6E69635F 
 571      536C6565 
 572              		.ident	"GCC: (GNU Tools for ARM Embedded Processors) 4.8.4 20140526 (release) [ARM/embedded-4_8-br
