ARM GAS  C:\Users\BRANKO~1\AppData\Local\Temp\ccUODvbu.s 			page 1


   1              		.syntax unified
   2              		.cpu cortex-m3
   3              		.fpu softvfp
   4              		.eabi_attribute 20, 1
   5              		.eabi_attribute 21, 1
   6              		.eabi_attribute 23, 3
   7              		.eabi_attribute 24, 1
   8              		.eabi_attribute 25, 1
   9              		.eabi_attribute 26, 1
  10              		.eabi_attribute 30, 6
  11              		.eabi_attribute 34, 1
  12              		.eabi_attribute 18, 4
  13              		.thumb
  14              		.file	"WaveDAC8_1_VDAC8_PM.c"
  15              		.text
  16              	.Ltext0:
  17              		.cfi_sections	.debug_frame
  18              		.bss
  19              		.align	2
  20              	WaveDAC8_1_VDAC8_backup:
  21 0000 0000     		.space	2
  22 0002 0000     		.section	.text.WaveDAC8_1_VDAC8_SaveConfig,"ax",%progbits
  23              		.align	2
  24              		.global	WaveDAC8_1_VDAC8_SaveConfig
  25              		.thumb
  26              		.thumb_func
  27              		.type	WaveDAC8_1_VDAC8_SaveConfig, %function
  28              	WaveDAC8_1_VDAC8_SaveConfig:
  29              	.LFB0:
  30              		.file 1 ".\\Generated_Source\\PSoC5\\WaveDAC8_1_VDAC8_PM.c"
   1:.\Generated_Source\PSoC5/WaveDAC8_1_VDAC8_PM.c **** /*******************************************************************************
   2:.\Generated_Source\PSoC5/WaveDAC8_1_VDAC8_PM.c **** * File Name: WaveDAC8_1_VDAC8_PM.c  
   3:.\Generated_Source\PSoC5/WaveDAC8_1_VDAC8_PM.c **** * Version 1.90
   4:.\Generated_Source\PSoC5/WaveDAC8_1_VDAC8_PM.c **** *
   5:.\Generated_Source\PSoC5/WaveDAC8_1_VDAC8_PM.c **** * Description:
   6:.\Generated_Source\PSoC5/WaveDAC8_1_VDAC8_PM.c **** *  This file provides the power management source code to API for the
   7:.\Generated_Source\PSoC5/WaveDAC8_1_VDAC8_PM.c **** *  VDAC8.  
   8:.\Generated_Source\PSoC5/WaveDAC8_1_VDAC8_PM.c **** *
   9:.\Generated_Source\PSoC5/WaveDAC8_1_VDAC8_PM.c **** * Note:
  10:.\Generated_Source\PSoC5/WaveDAC8_1_VDAC8_PM.c **** *  None
  11:.\Generated_Source\PSoC5/WaveDAC8_1_VDAC8_PM.c **** *
  12:.\Generated_Source\PSoC5/WaveDAC8_1_VDAC8_PM.c **** ********************************************************************************
  13:.\Generated_Source\PSoC5/WaveDAC8_1_VDAC8_PM.c **** * Copyright 2008-2012, Cypress Semiconductor Corporation.  All rights reserved.
  14:.\Generated_Source\PSoC5/WaveDAC8_1_VDAC8_PM.c **** * You may use this file only in accordance with the license, terms, conditions, 
  15:.\Generated_Source\PSoC5/WaveDAC8_1_VDAC8_PM.c **** * disclaimers, and limitations in the end user license agreement accompanying 
  16:.\Generated_Source\PSoC5/WaveDAC8_1_VDAC8_PM.c **** * the software package with which this file was provided.
  17:.\Generated_Source\PSoC5/WaveDAC8_1_VDAC8_PM.c **** *******************************************************************************/
  18:.\Generated_Source\PSoC5/WaveDAC8_1_VDAC8_PM.c **** 
  19:.\Generated_Source\PSoC5/WaveDAC8_1_VDAC8_PM.c **** #include "WaveDAC8_1_VDAC8.h"
  20:.\Generated_Source\PSoC5/WaveDAC8_1_VDAC8_PM.c **** 
  21:.\Generated_Source\PSoC5/WaveDAC8_1_VDAC8_PM.c **** static WaveDAC8_1_VDAC8_backupStruct WaveDAC8_1_VDAC8_backup;
  22:.\Generated_Source\PSoC5/WaveDAC8_1_VDAC8_PM.c **** 
  23:.\Generated_Source\PSoC5/WaveDAC8_1_VDAC8_PM.c **** 
  24:.\Generated_Source\PSoC5/WaveDAC8_1_VDAC8_PM.c **** /*******************************************************************************
  25:.\Generated_Source\PSoC5/WaveDAC8_1_VDAC8_PM.c **** * Function Name: WaveDAC8_1_VDAC8_SaveConfig
  26:.\Generated_Source\PSoC5/WaveDAC8_1_VDAC8_PM.c **** ********************************************************************************
  27:.\Generated_Source\PSoC5/WaveDAC8_1_VDAC8_PM.c **** * Summary:
ARM GAS  C:\Users\BRANKO~1\AppData\Local\Temp\ccUODvbu.s 			page 2


  28:.\Generated_Source\PSoC5/WaveDAC8_1_VDAC8_PM.c **** *  Save the current user configuration
  29:.\Generated_Source\PSoC5/WaveDAC8_1_VDAC8_PM.c **** *
  30:.\Generated_Source\PSoC5/WaveDAC8_1_VDAC8_PM.c **** * Parameters:  
  31:.\Generated_Source\PSoC5/WaveDAC8_1_VDAC8_PM.c **** *  void  
  32:.\Generated_Source\PSoC5/WaveDAC8_1_VDAC8_PM.c **** *
  33:.\Generated_Source\PSoC5/WaveDAC8_1_VDAC8_PM.c **** * Return: 
  34:.\Generated_Source\PSoC5/WaveDAC8_1_VDAC8_PM.c **** *  void
  35:.\Generated_Source\PSoC5/WaveDAC8_1_VDAC8_PM.c **** *
  36:.\Generated_Source\PSoC5/WaveDAC8_1_VDAC8_PM.c **** *******************************************************************************/
  37:.\Generated_Source\PSoC5/WaveDAC8_1_VDAC8_PM.c **** void WaveDAC8_1_VDAC8_SaveConfig(void) 
  38:.\Generated_Source\PSoC5/WaveDAC8_1_VDAC8_PM.c **** {
  31              		.loc 1 38 0
  32              		.cfi_startproc
  33              		@ args = 0, pretend = 0, frame = 0
  34              		@ frame_needed = 1, uses_anonymous_args = 0
  35              		@ link register save eliminated.
  36 0000 80B4     		push	{r7}
  37              		.cfi_def_cfa_offset 4
  38              		.cfi_offset 7, -4
  39 0002 00AF     		add	r7, sp, #0
  40              		.cfi_def_cfa_register 7
  39:.\Generated_Source\PSoC5/WaveDAC8_1_VDAC8_PM.c ****     if (!((WaveDAC8_1_VDAC8_CR1 & WaveDAC8_1_VDAC8_SRC_MASK) == WaveDAC8_1_VDAC8_SRC_UDB))
  41              		.loc 1 39 0
  42 0004 074B     		ldr	r3, .L3
  43 0006 1B78     		ldrb	r3, [r3]
  44 0008 DBB2     		uxtb	r3, r3
  45 000a 03F02003 		and	r3, r3, #32
  46 000e 002B     		cmp	r3, #0
  47 0010 04D1     		bne	.L1
  40:.\Generated_Source\PSoC5/WaveDAC8_1_VDAC8_PM.c ****     {
  41:.\Generated_Source\PSoC5/WaveDAC8_1_VDAC8_PM.c ****         WaveDAC8_1_VDAC8_backup.data_value = WaveDAC8_1_VDAC8_Data;
  48              		.loc 1 41 0
  49 0012 054B     		ldr	r3, .L3+4
  50 0014 1B78     		ldrb	r3, [r3]
  51 0016 DAB2     		uxtb	r2, r3
  52 0018 044B     		ldr	r3, .L3+8
  53 001a 5A70     		strb	r2, [r3, #1]
  54              	.L1:
  42:.\Generated_Source\PSoC5/WaveDAC8_1_VDAC8_PM.c ****     }
  43:.\Generated_Source\PSoC5/WaveDAC8_1_VDAC8_PM.c **** }
  55              		.loc 1 43 0
  56 001c BD46     		mov	sp, r7
  57              		@ sp needed
  58 001e 5DF8047B 		ldr	r7, [sp], #4
  59 0022 7047     		bx	lr
  60              	.L4:
  61              		.align	2
  62              	.L3:
  63 0024 21580040 		.word	1073764385
  64 0028 805B0040 		.word	1073765248
  65 002c 00000000 		.word	WaveDAC8_1_VDAC8_backup
  66              		.cfi_endproc
  67              	.LFE0:
  68              		.size	WaveDAC8_1_VDAC8_SaveConfig, .-WaveDAC8_1_VDAC8_SaveConfig
  69              		.section	.text.WaveDAC8_1_VDAC8_RestoreConfig,"ax",%progbits
  70              		.align	2
  71              		.global	WaveDAC8_1_VDAC8_RestoreConfig
ARM GAS  C:\Users\BRANKO~1\AppData\Local\Temp\ccUODvbu.s 			page 3


  72              		.thumb
  73              		.thumb_func
  74              		.type	WaveDAC8_1_VDAC8_RestoreConfig, %function
  75              	WaveDAC8_1_VDAC8_RestoreConfig:
  76              	.LFB1:
  44:.\Generated_Source\PSoC5/WaveDAC8_1_VDAC8_PM.c **** 
  45:.\Generated_Source\PSoC5/WaveDAC8_1_VDAC8_PM.c **** 
  46:.\Generated_Source\PSoC5/WaveDAC8_1_VDAC8_PM.c **** /*******************************************************************************
  47:.\Generated_Source\PSoC5/WaveDAC8_1_VDAC8_PM.c **** * Function Name: WaveDAC8_1_VDAC8_RestoreConfig
  48:.\Generated_Source\PSoC5/WaveDAC8_1_VDAC8_PM.c **** ********************************************************************************
  49:.\Generated_Source\PSoC5/WaveDAC8_1_VDAC8_PM.c **** *
  50:.\Generated_Source\PSoC5/WaveDAC8_1_VDAC8_PM.c **** * Summary:
  51:.\Generated_Source\PSoC5/WaveDAC8_1_VDAC8_PM.c **** *  Restores the current user configuration.
  52:.\Generated_Source\PSoC5/WaveDAC8_1_VDAC8_PM.c **** *
  53:.\Generated_Source\PSoC5/WaveDAC8_1_VDAC8_PM.c **** * Parameters:  
  54:.\Generated_Source\PSoC5/WaveDAC8_1_VDAC8_PM.c **** *  void
  55:.\Generated_Source\PSoC5/WaveDAC8_1_VDAC8_PM.c **** *
  56:.\Generated_Source\PSoC5/WaveDAC8_1_VDAC8_PM.c **** * Return: 
  57:.\Generated_Source\PSoC5/WaveDAC8_1_VDAC8_PM.c **** *  void
  58:.\Generated_Source\PSoC5/WaveDAC8_1_VDAC8_PM.c **** *
  59:.\Generated_Source\PSoC5/WaveDAC8_1_VDAC8_PM.c **** *******************************************************************************/
  60:.\Generated_Source\PSoC5/WaveDAC8_1_VDAC8_PM.c **** void WaveDAC8_1_VDAC8_RestoreConfig(void) 
  61:.\Generated_Source\PSoC5/WaveDAC8_1_VDAC8_PM.c **** {
  77              		.loc 1 61 0
  78              		.cfi_startproc
  79              		@ args = 0, pretend = 0, frame = 0
  80              		@ frame_needed = 1, uses_anonymous_args = 0
  81              		@ link register save eliminated.
  82 0000 80B4     		push	{r7}
  83              		.cfi_def_cfa_offset 4
  84              		.cfi_offset 7, -4
  85 0002 00AF     		add	r7, sp, #0
  86              		.cfi_def_cfa_register 7
  62:.\Generated_Source\PSoC5/WaveDAC8_1_VDAC8_PM.c ****     if (!((WaveDAC8_1_VDAC8_CR1 & WaveDAC8_1_VDAC8_SRC_MASK) == WaveDAC8_1_VDAC8_SRC_UDB))
  87              		.loc 1 62 0
  88 0004 154B     		ldr	r3, .L8
  89 0006 1B78     		ldrb	r3, [r3]
  90 0008 DBB2     		uxtb	r3, r3
  91 000a 03F02003 		and	r3, r3, #32
  92 000e 002B     		cmp	r3, #0
  93 0010 1FD1     		bne	.L5
  63:.\Generated_Source\PSoC5/WaveDAC8_1_VDAC8_PM.c ****     {
  64:.\Generated_Source\PSoC5/WaveDAC8_1_VDAC8_PM.c ****         if((WaveDAC8_1_VDAC8_Strobe & WaveDAC8_1_VDAC8_STRB_MASK) == WaveDAC8_1_VDAC8_STRB_EN)
  94              		.loc 1 64 0
  95 0012 134B     		ldr	r3, .L8+4
  96 0014 1B78     		ldrb	r3, [r3]
  97 0016 DBB2     		uxtb	r3, r3
  98 0018 03F00803 		and	r3, r3, #8
  99 001c 002B     		cmp	r3, #0
 100 001e 14D0     		beq	.L7
  65:.\Generated_Source\PSoC5/WaveDAC8_1_VDAC8_PM.c ****         {
  66:.\Generated_Source\PSoC5/WaveDAC8_1_VDAC8_PM.c ****             WaveDAC8_1_VDAC8_Strobe &= (uint8)(~WaveDAC8_1_VDAC8_STRB_MASK);
 101              		.loc 1 66 0
 102 0020 0F4B     		ldr	r3, .L8+4
 103 0022 0F4A     		ldr	r2, .L8+4
 104 0024 1278     		ldrb	r2, [r2]
 105 0026 D2B2     		uxtb	r2, r2
ARM GAS  C:\Users\BRANKO~1\AppData\Local\Temp\ccUODvbu.s 			page 4


 106 0028 22F00802 		bic	r2, r2, #8
 107 002c D2B2     		uxtb	r2, r2
 108 002e 1A70     		strb	r2, [r3]
  67:.\Generated_Source\PSoC5/WaveDAC8_1_VDAC8_PM.c ****             WaveDAC8_1_VDAC8_Data = WaveDAC8_1_VDAC8_backup.data_value;
 109              		.loc 1 67 0
 110 0030 0C4B     		ldr	r3, .L8+8
 111 0032 0D4A     		ldr	r2, .L8+12
 112 0034 5278     		ldrb	r2, [r2, #1]	@ zero_extendqisi2
 113 0036 1A70     		strb	r2, [r3]
  68:.\Generated_Source\PSoC5/WaveDAC8_1_VDAC8_PM.c ****             WaveDAC8_1_VDAC8_Strobe |= WaveDAC8_1_VDAC8_STRB_EN;
 114              		.loc 1 68 0
 115 0038 094B     		ldr	r3, .L8+4
 116 003a 094A     		ldr	r2, .L8+4
 117 003c 1278     		ldrb	r2, [r2]
 118 003e D2B2     		uxtb	r2, r2
 119 0040 42F00802 		orr	r2, r2, #8
 120 0044 D2B2     		uxtb	r2, r2
 121 0046 1A70     		strb	r2, [r3]
 122 0048 03E0     		b	.L5
 123              	.L7:
  69:.\Generated_Source\PSoC5/WaveDAC8_1_VDAC8_PM.c ****         }
  70:.\Generated_Source\PSoC5/WaveDAC8_1_VDAC8_PM.c ****         else
  71:.\Generated_Source\PSoC5/WaveDAC8_1_VDAC8_PM.c ****         {
  72:.\Generated_Source\PSoC5/WaveDAC8_1_VDAC8_PM.c ****             WaveDAC8_1_VDAC8_Data = WaveDAC8_1_VDAC8_backup.data_value;
 124              		.loc 1 72 0
 125 004a 064B     		ldr	r3, .L8+8
 126 004c 064A     		ldr	r2, .L8+12
 127 004e 5278     		ldrb	r2, [r2, #1]	@ zero_extendqisi2
 128 0050 1A70     		strb	r2, [r3]
 129              	.L5:
  73:.\Generated_Source\PSoC5/WaveDAC8_1_VDAC8_PM.c ****         }
  74:.\Generated_Source\PSoC5/WaveDAC8_1_VDAC8_PM.c ****     }
  75:.\Generated_Source\PSoC5/WaveDAC8_1_VDAC8_PM.c **** }
 130              		.loc 1 75 0
 131 0052 BD46     		mov	sp, r7
 132              		@ sp needed
 133 0054 5DF8047B 		ldr	r7, [sp], #4
 134 0058 7047     		bx	lr
 135              	.L9:
 136 005a 00BF     		.align	2
 137              	.L8:
 138 005c 21580040 		.word	1073764385
 139 0060 875A0040 		.word	1073764999
 140 0064 805B0040 		.word	1073765248
 141 0068 00000000 		.word	WaveDAC8_1_VDAC8_backup
 142              		.cfi_endproc
 143              	.LFE1:
 144              		.size	WaveDAC8_1_VDAC8_RestoreConfig, .-WaveDAC8_1_VDAC8_RestoreConfig
 145              		.section	.text.WaveDAC8_1_VDAC8_Sleep,"ax",%progbits
 146              		.align	2
 147              		.global	WaveDAC8_1_VDAC8_Sleep
 148              		.thumb
 149              		.thumb_func
 150              		.type	WaveDAC8_1_VDAC8_Sleep, %function
 151              	WaveDAC8_1_VDAC8_Sleep:
 152              	.LFB2:
  76:.\Generated_Source\PSoC5/WaveDAC8_1_VDAC8_PM.c **** 
ARM GAS  C:\Users\BRANKO~1\AppData\Local\Temp\ccUODvbu.s 			page 5


  77:.\Generated_Source\PSoC5/WaveDAC8_1_VDAC8_PM.c **** 
  78:.\Generated_Source\PSoC5/WaveDAC8_1_VDAC8_PM.c **** /*******************************************************************************
  79:.\Generated_Source\PSoC5/WaveDAC8_1_VDAC8_PM.c **** * Function Name: WaveDAC8_1_VDAC8_Sleep
  80:.\Generated_Source\PSoC5/WaveDAC8_1_VDAC8_PM.c **** ********************************************************************************
  81:.\Generated_Source\PSoC5/WaveDAC8_1_VDAC8_PM.c **** * Summary:
  82:.\Generated_Source\PSoC5/WaveDAC8_1_VDAC8_PM.c **** *  Stop and Save the user configuration
  83:.\Generated_Source\PSoC5/WaveDAC8_1_VDAC8_PM.c **** *
  84:.\Generated_Source\PSoC5/WaveDAC8_1_VDAC8_PM.c **** * Parameters:  
  85:.\Generated_Source\PSoC5/WaveDAC8_1_VDAC8_PM.c **** *  void:  
  86:.\Generated_Source\PSoC5/WaveDAC8_1_VDAC8_PM.c **** *
  87:.\Generated_Source\PSoC5/WaveDAC8_1_VDAC8_PM.c **** * Return: 
  88:.\Generated_Source\PSoC5/WaveDAC8_1_VDAC8_PM.c **** *  void
  89:.\Generated_Source\PSoC5/WaveDAC8_1_VDAC8_PM.c **** *
  90:.\Generated_Source\PSoC5/WaveDAC8_1_VDAC8_PM.c **** * Global variables:
  91:.\Generated_Source\PSoC5/WaveDAC8_1_VDAC8_PM.c **** *  WaveDAC8_1_VDAC8_backup.enableState:  Is modified depending on the enable 
  92:.\Generated_Source\PSoC5/WaveDAC8_1_VDAC8_PM.c **** *  state  of the block before entering sleep mode.
  93:.\Generated_Source\PSoC5/WaveDAC8_1_VDAC8_PM.c **** *
  94:.\Generated_Source\PSoC5/WaveDAC8_1_VDAC8_PM.c **** *******************************************************************************/
  95:.\Generated_Source\PSoC5/WaveDAC8_1_VDAC8_PM.c **** void WaveDAC8_1_VDAC8_Sleep(void) 
  96:.\Generated_Source\PSoC5/WaveDAC8_1_VDAC8_PM.c **** {
 153              		.loc 1 96 0
 154              		.cfi_startproc
 155              		@ args = 0, pretend = 0, frame = 0
 156              		@ frame_needed = 1, uses_anonymous_args = 0
 157 0000 80B5     		push	{r7, lr}
 158              		.cfi_def_cfa_offset 8
 159              		.cfi_offset 7, -8
 160              		.cfi_offset 14, -4
 161 0002 00AF     		add	r7, sp, #0
 162              		.cfi_def_cfa_register 7
  97:.\Generated_Source\PSoC5/WaveDAC8_1_VDAC8_PM.c ****     /* Save VDAC8's enable state */    
  98:.\Generated_Source\PSoC5/WaveDAC8_1_VDAC8_PM.c ****     if(WaveDAC8_1_VDAC8_ACT_PWR_EN == (WaveDAC8_1_VDAC8_PWRMGR & WaveDAC8_1_VDAC8_ACT_PWR_EN))
 163              		.loc 1 98 0
 164 0004 094B     		ldr	r3, .L13
 165 0006 1B78     		ldrb	r3, [r3]
 166 0008 DBB2     		uxtb	r3, r3
 167 000a 03F00103 		and	r3, r3, #1
 168 000e 002B     		cmp	r3, #0
 169 0010 03D0     		beq	.L11
  99:.\Generated_Source\PSoC5/WaveDAC8_1_VDAC8_PM.c ****     {
 100:.\Generated_Source\PSoC5/WaveDAC8_1_VDAC8_PM.c ****         /* VDAC8 is enabled */
 101:.\Generated_Source\PSoC5/WaveDAC8_1_VDAC8_PM.c ****         WaveDAC8_1_VDAC8_backup.enableState = 1u;
 170              		.loc 1 101 0
 171 0012 074B     		ldr	r3, .L13+4
 172 0014 0122     		movs	r2, #1
 173 0016 1A70     		strb	r2, [r3]
 174 0018 02E0     		b	.L12
 175              	.L11:
 102:.\Generated_Source\PSoC5/WaveDAC8_1_VDAC8_PM.c ****     }
 103:.\Generated_Source\PSoC5/WaveDAC8_1_VDAC8_PM.c ****     else
 104:.\Generated_Source\PSoC5/WaveDAC8_1_VDAC8_PM.c ****     {
 105:.\Generated_Source\PSoC5/WaveDAC8_1_VDAC8_PM.c ****         /* VDAC8 is disabled */
 106:.\Generated_Source\PSoC5/WaveDAC8_1_VDAC8_PM.c ****         WaveDAC8_1_VDAC8_backup.enableState = 0u;
 176              		.loc 1 106 0
 177 001a 054B     		ldr	r3, .L13+4
 178 001c 0022     		movs	r2, #0
 179 001e 1A70     		strb	r2, [r3]
ARM GAS  C:\Users\BRANKO~1\AppData\Local\Temp\ccUODvbu.s 			page 6


 180              	.L12:
 107:.\Generated_Source\PSoC5/WaveDAC8_1_VDAC8_PM.c ****     }
 108:.\Generated_Source\PSoC5/WaveDAC8_1_VDAC8_PM.c ****     
 109:.\Generated_Source\PSoC5/WaveDAC8_1_VDAC8_PM.c ****     WaveDAC8_1_VDAC8_Stop();
 181              		.loc 1 109 0
 182 0020 FFF7FEFF 		bl	WaveDAC8_1_VDAC8_Stop
 110:.\Generated_Source\PSoC5/WaveDAC8_1_VDAC8_PM.c ****     WaveDAC8_1_VDAC8_SaveConfig();
 183              		.loc 1 110 0
 184 0024 FFF7FEFF 		bl	WaveDAC8_1_VDAC8_SaveConfig
 111:.\Generated_Source\PSoC5/WaveDAC8_1_VDAC8_PM.c **** }
 185              		.loc 1 111 0
 186 0028 80BD     		pop	{r7, pc}
 187              	.L14:
 188 002a 00BF     		.align	2
 189              	.L13:
 190 002c A8430040 		.word	1073759144
 191 0030 00000000 		.word	WaveDAC8_1_VDAC8_backup
 192              		.cfi_endproc
 193              	.LFE2:
 194              		.size	WaveDAC8_1_VDAC8_Sleep, .-WaveDAC8_1_VDAC8_Sleep
 195              		.section	.text.WaveDAC8_1_VDAC8_Wakeup,"ax",%progbits
 196              		.align	2
 197              		.global	WaveDAC8_1_VDAC8_Wakeup
 198              		.thumb
 199              		.thumb_func
 200              		.type	WaveDAC8_1_VDAC8_Wakeup, %function
 201              	WaveDAC8_1_VDAC8_Wakeup:
 202              	.LFB3:
 112:.\Generated_Source\PSoC5/WaveDAC8_1_VDAC8_PM.c **** 
 113:.\Generated_Source\PSoC5/WaveDAC8_1_VDAC8_PM.c **** 
 114:.\Generated_Source\PSoC5/WaveDAC8_1_VDAC8_PM.c **** /*******************************************************************************
 115:.\Generated_Source\PSoC5/WaveDAC8_1_VDAC8_PM.c **** * Function Name: WaveDAC8_1_VDAC8_Wakeup
 116:.\Generated_Source\PSoC5/WaveDAC8_1_VDAC8_PM.c **** ********************************************************************************
 117:.\Generated_Source\PSoC5/WaveDAC8_1_VDAC8_PM.c **** *
 118:.\Generated_Source\PSoC5/WaveDAC8_1_VDAC8_PM.c **** * Summary:
 119:.\Generated_Source\PSoC5/WaveDAC8_1_VDAC8_PM.c **** *  Restores and enables the user configuration
 120:.\Generated_Source\PSoC5/WaveDAC8_1_VDAC8_PM.c **** *  
 121:.\Generated_Source\PSoC5/WaveDAC8_1_VDAC8_PM.c **** * Parameters:  
 122:.\Generated_Source\PSoC5/WaveDAC8_1_VDAC8_PM.c **** *  void
 123:.\Generated_Source\PSoC5/WaveDAC8_1_VDAC8_PM.c **** *
 124:.\Generated_Source\PSoC5/WaveDAC8_1_VDAC8_PM.c **** * Return: 
 125:.\Generated_Source\PSoC5/WaveDAC8_1_VDAC8_PM.c **** *  void
 126:.\Generated_Source\PSoC5/WaveDAC8_1_VDAC8_PM.c **** *
 127:.\Generated_Source\PSoC5/WaveDAC8_1_VDAC8_PM.c **** * Global variables:
 128:.\Generated_Source\PSoC5/WaveDAC8_1_VDAC8_PM.c **** *  WaveDAC8_1_VDAC8_backup.enableState:  Is used to restore the enable state of 
 129:.\Generated_Source\PSoC5/WaveDAC8_1_VDAC8_PM.c **** *  block on wakeup from sleep mode.
 130:.\Generated_Source\PSoC5/WaveDAC8_1_VDAC8_PM.c **** *
 131:.\Generated_Source\PSoC5/WaveDAC8_1_VDAC8_PM.c **** *******************************************************************************/
 132:.\Generated_Source\PSoC5/WaveDAC8_1_VDAC8_PM.c **** void WaveDAC8_1_VDAC8_Wakeup(void) 
 133:.\Generated_Source\PSoC5/WaveDAC8_1_VDAC8_PM.c **** {
 203              		.loc 1 133 0
 204              		.cfi_startproc
 205              		@ args = 0, pretend = 0, frame = 0
 206              		@ frame_needed = 1, uses_anonymous_args = 0
 207 0000 80B5     		push	{r7, lr}
 208              		.cfi_def_cfa_offset 8
 209              		.cfi_offset 7, -8
ARM GAS  C:\Users\BRANKO~1\AppData\Local\Temp\ccUODvbu.s 			page 7


 210              		.cfi_offset 14, -4
 211 0002 00AF     		add	r7, sp, #0
 212              		.cfi_def_cfa_register 7
 134:.\Generated_Source\PSoC5/WaveDAC8_1_VDAC8_PM.c ****     WaveDAC8_1_VDAC8_RestoreConfig();
 213              		.loc 1 134 0
 214 0004 FFF7FEFF 		bl	WaveDAC8_1_VDAC8_RestoreConfig
 135:.\Generated_Source\PSoC5/WaveDAC8_1_VDAC8_PM.c ****     
 136:.\Generated_Source\PSoC5/WaveDAC8_1_VDAC8_PM.c ****     if(WaveDAC8_1_VDAC8_backup.enableState == 1u)
 215              		.loc 1 136 0
 216 0008 064B     		ldr	r3, .L17
 217 000a 1B78     		ldrb	r3, [r3]	@ zero_extendqisi2
 218 000c 012B     		cmp	r3, #1
 219 000e 07D1     		bne	.L15
 137:.\Generated_Source\PSoC5/WaveDAC8_1_VDAC8_PM.c ****     {
 138:.\Generated_Source\PSoC5/WaveDAC8_1_VDAC8_PM.c ****         /* Enable VDAC8's operation */
 139:.\Generated_Source\PSoC5/WaveDAC8_1_VDAC8_PM.c ****         WaveDAC8_1_VDAC8_Enable();
 220              		.loc 1 139 0
 221 0010 FFF7FEFF 		bl	WaveDAC8_1_VDAC8_Enable
 140:.\Generated_Source\PSoC5/WaveDAC8_1_VDAC8_PM.c **** 
 141:.\Generated_Source\PSoC5/WaveDAC8_1_VDAC8_PM.c ****         /* Restore the data register */
 142:.\Generated_Source\PSoC5/WaveDAC8_1_VDAC8_PM.c ****         WaveDAC8_1_VDAC8_SetValue(WaveDAC8_1_VDAC8_Data);
 222              		.loc 1 142 0
 223 0014 044B     		ldr	r3, .L17+4
 224 0016 1B78     		ldrb	r3, [r3]
 225 0018 DBB2     		uxtb	r3, r3
 226 001a 1846     		mov	r0, r3
 227 001c FFF7FEFF 		bl	WaveDAC8_1_VDAC8_SetValue
 228              	.L15:
 143:.\Generated_Source\PSoC5/WaveDAC8_1_VDAC8_PM.c ****     } /* Do nothing if VDAC8 was disabled before */    
 144:.\Generated_Source\PSoC5/WaveDAC8_1_VDAC8_PM.c **** }
 229              		.loc 1 144 0
 230 0020 80BD     		pop	{r7, pc}
 231              	.L18:
 232 0022 00BF     		.align	2
 233              	.L17:
 234 0024 00000000 		.word	WaveDAC8_1_VDAC8_backup
 235 0028 805B0040 		.word	1073765248
 236              		.cfi_endproc
 237              	.LFE3:
 238              		.size	WaveDAC8_1_VDAC8_Wakeup, .-WaveDAC8_1_VDAC8_Wakeup
 239              		.text
 240              	.Letext0:
 241              		.file 2 ".\\Generated_Source\\PSoC5\\cytypes.h"
 242              		.file 3 ".\\Generated_Source\\PSoC5\\WaveDAC8_1_VDAC8.h"
 243              		.section	.debug_info,"",%progbits
 244              	.Ldebug_info0:
 245 0000 1A010000 		.4byte	0x11a
 246 0004 0400     		.2byte	0x4
 247 0006 00000000 		.4byte	.Ldebug_abbrev0
 248 000a 04       		.byte	0x4
 249 000b 01       		.uleb128 0x1
 250 000c FE000000 		.4byte	.LASF21
 251 0010 01       		.byte	0x1
 252 0011 D1010000 		.4byte	.LASF22
 253 0015 00000000 		.4byte	.LASF23
 254 0019 00000000 		.4byte	.Ldebug_ranges0+0
 255 001d 00000000 		.4byte	0
ARM GAS  C:\Users\BRANKO~1\AppData\Local\Temp\ccUODvbu.s 			page 8


 256 0021 00000000 		.4byte	.Ldebug_line0
 257 0025 02       		.uleb128 0x2
 258 0026 01       		.byte	0x1
 259 0027 06       		.byte	0x6
 260 0028 00020000 		.4byte	.LASF0
 261 002c 02       		.uleb128 0x2
 262 002d 01       		.byte	0x1
 263 002e 08       		.byte	0x8
 264 002f 6B000000 		.4byte	.LASF1
 265 0033 02       		.uleb128 0x2
 266 0034 02       		.byte	0x2
 267 0035 05       		.byte	0x5
 268 0036 AC010000 		.4byte	.LASF2
 269 003a 02       		.uleb128 0x2
 270 003b 02       		.byte	0x2
 271 003c 07       		.byte	0x7
 272 003d 90000000 		.4byte	.LASF3
 273 0041 02       		.uleb128 0x2
 274 0042 04       		.byte	0x4
 275 0043 05       		.byte	0x5
 276 0044 BC010000 		.4byte	.LASF4
 277 0048 02       		.uleb128 0x2
 278 0049 04       		.byte	0x4
 279 004a 07       		.byte	0x7
 280 004b 7E000000 		.4byte	.LASF5
 281 004f 02       		.uleb128 0x2
 282 0050 08       		.byte	0x8
 283 0051 05       		.byte	0x5
 284 0052 99010000 		.4byte	.LASF6
 285 0056 02       		.uleb128 0x2
 286 0057 08       		.byte	0x8
 287 0058 07       		.byte	0x7
 288 0059 E7000000 		.4byte	.LASF7
 289 005d 03       		.uleb128 0x3
 290 005e 04       		.byte	0x4
 291 005f 05       		.byte	0x5
 292 0060 696E7400 		.ascii	"int\000"
 293 0064 02       		.uleb128 0x2
 294 0065 04       		.byte	0x4
 295 0066 07       		.byte	0x7
 296 0067 DA000000 		.4byte	.LASF8
 297 006b 04       		.uleb128 0x4
 298 006c B6010000 		.4byte	.LASF12
 299 0070 02       		.byte	0x2
 300 0071 A1       		.byte	0xa1
 301 0072 2C000000 		.4byte	0x2c
 302 0076 02       		.uleb128 0x2
 303 0077 04       		.byte	0x4
 304 0078 04       		.byte	0x4
 305 0079 30000000 		.4byte	.LASF9
 306 007d 02       		.uleb128 0x2
 307 007e 08       		.byte	0x8
 308 007f 04       		.byte	0x4
 309 0080 BB000000 		.4byte	.LASF10
 310 0084 02       		.uleb128 0x2
 311 0085 01       		.byte	0x1
 312 0086 08       		.byte	0x8
ARM GAS  C:\Users\BRANKO~1\AppData\Local\Temp\ccUODvbu.s 			page 9


 313 0087 A7010000 		.4byte	.LASF11
 314 008b 05       		.uleb128 0x5
 315 008c 79000000 		.4byte	.LASF13
 316 0090 02       		.byte	0x2
 317 0091 4B01     		.2byte	0x14b
 318 0093 97000000 		.4byte	0x97
 319 0097 06       		.uleb128 0x6
 320 0098 6B000000 		.4byte	0x6b
 321 009c 07       		.uleb128 0x7
 322 009d 02       		.byte	0x2
 323 009e 03       		.byte	0x3
 324 009f 25       		.byte	0x25
 325 00a0 BD000000 		.4byte	0xbd
 326 00a4 08       		.uleb128 0x8
 327 00a5 C5010000 		.4byte	.LASF14
 328 00a9 03       		.byte	0x3
 329 00aa 27       		.byte	0x27
 330 00ab 6B000000 		.4byte	0x6b
 331 00af 00       		.byte	0
 332 00b0 08       		.uleb128 0x8
 333 00b1 25000000 		.4byte	.LASF15
 334 00b5 03       		.byte	0x3
 335 00b6 28       		.byte	0x28
 336 00b7 6B000000 		.4byte	0x6b
 337 00bb 01       		.byte	0x1
 338 00bc 00       		.byte	0
 339 00bd 04       		.uleb128 0x4
 340 00be 4D000000 		.4byte	.LASF16
 341 00c2 03       		.byte	0x3
 342 00c3 29       		.byte	0x29
 343 00c4 9C000000 		.4byte	0x9c
 344 00c8 09       		.uleb128 0x9
 345 00c9 0C020000 		.4byte	.LASF17
 346 00cd 01       		.byte	0x1
 347 00ce 25       		.byte	0x25
 348 00cf 00000000 		.4byte	.LFB0
 349 00d3 30000000 		.4byte	.LFE0-.LFB0
 350 00d7 01       		.uleb128 0x1
 351 00d8 9C       		.byte	0x9c
 352 00d9 09       		.uleb128 0x9
 353 00da 7A010000 		.4byte	.LASF18
 354 00de 01       		.byte	0x1
 355 00df 3C       		.byte	0x3c
 356 00e0 00000000 		.4byte	.LFB1
 357 00e4 6C000000 		.4byte	.LFE1-.LFB1
 358 00e8 01       		.uleb128 0x1
 359 00e9 9C       		.byte	0x9c
 360 00ea 0A       		.uleb128 0xa
 361 00eb 36000000 		.4byte	.LASF19
 362 00ef 01       		.byte	0x1
 363 00f0 5F       		.byte	0x5f
 364 00f1 00000000 		.4byte	.LFB2
 365 00f5 34000000 		.4byte	.LFE2-.LFB2
 366 00f9 01       		.uleb128 0x1
 367 00fa 9C       		.byte	0x9c
 368 00fb 0A       		.uleb128 0xa
 369 00fc C2000000 		.4byte	.LASF20
ARM GAS  C:\Users\BRANKO~1\AppData\Local\Temp\ccUODvbu.s 			page 10


 370 0100 01       		.byte	0x1
 371 0101 84       		.byte	0x84
 372 0102 00000000 		.4byte	.LFB3
 373 0106 2C000000 		.4byte	.LFE3-.LFB3
 374 010a 01       		.uleb128 0x1
 375 010b 9C       		.byte	0x9c
 376 010c 0B       		.uleb128 0xb
 377 010d A3000000 		.4byte	.LASF24
 378 0111 01       		.byte	0x1
 379 0112 15       		.byte	0x15
 380 0113 BD000000 		.4byte	0xbd
 381 0117 05       		.uleb128 0x5
 382 0118 03       		.byte	0x3
 383 0119 00000000 		.4byte	WaveDAC8_1_VDAC8_backup
 384 011d 00       		.byte	0
 385              		.section	.debug_abbrev,"",%progbits
 386              	.Ldebug_abbrev0:
 387 0000 01       		.uleb128 0x1
 388 0001 11       		.uleb128 0x11
 389 0002 01       		.byte	0x1
 390 0003 25       		.uleb128 0x25
 391 0004 0E       		.uleb128 0xe
 392 0005 13       		.uleb128 0x13
 393 0006 0B       		.uleb128 0xb
 394 0007 03       		.uleb128 0x3
 395 0008 0E       		.uleb128 0xe
 396 0009 1B       		.uleb128 0x1b
 397 000a 0E       		.uleb128 0xe
 398 000b 55       		.uleb128 0x55
 399 000c 17       		.uleb128 0x17
 400 000d 11       		.uleb128 0x11
 401 000e 01       		.uleb128 0x1
 402 000f 10       		.uleb128 0x10
 403 0010 17       		.uleb128 0x17
 404 0011 00       		.byte	0
 405 0012 00       		.byte	0
 406 0013 02       		.uleb128 0x2
 407 0014 24       		.uleb128 0x24
 408 0015 00       		.byte	0
 409 0016 0B       		.uleb128 0xb
 410 0017 0B       		.uleb128 0xb
 411 0018 3E       		.uleb128 0x3e
 412 0019 0B       		.uleb128 0xb
 413 001a 03       		.uleb128 0x3
 414 001b 0E       		.uleb128 0xe
 415 001c 00       		.byte	0
 416 001d 00       		.byte	0
 417 001e 03       		.uleb128 0x3
 418 001f 24       		.uleb128 0x24
 419 0020 00       		.byte	0
 420 0021 0B       		.uleb128 0xb
 421 0022 0B       		.uleb128 0xb
 422 0023 3E       		.uleb128 0x3e
 423 0024 0B       		.uleb128 0xb
 424 0025 03       		.uleb128 0x3
 425 0026 08       		.uleb128 0x8
 426 0027 00       		.byte	0
ARM GAS  C:\Users\BRANKO~1\AppData\Local\Temp\ccUODvbu.s 			page 11


 427 0028 00       		.byte	0
 428 0029 04       		.uleb128 0x4
 429 002a 16       		.uleb128 0x16
 430 002b 00       		.byte	0
 431 002c 03       		.uleb128 0x3
 432 002d 0E       		.uleb128 0xe
 433 002e 3A       		.uleb128 0x3a
 434 002f 0B       		.uleb128 0xb
 435 0030 3B       		.uleb128 0x3b
 436 0031 0B       		.uleb128 0xb
 437 0032 49       		.uleb128 0x49
 438 0033 13       		.uleb128 0x13
 439 0034 00       		.byte	0
 440 0035 00       		.byte	0
 441 0036 05       		.uleb128 0x5
 442 0037 16       		.uleb128 0x16
 443 0038 00       		.byte	0
 444 0039 03       		.uleb128 0x3
 445 003a 0E       		.uleb128 0xe
 446 003b 3A       		.uleb128 0x3a
 447 003c 0B       		.uleb128 0xb
 448 003d 3B       		.uleb128 0x3b
 449 003e 05       		.uleb128 0x5
 450 003f 49       		.uleb128 0x49
 451 0040 13       		.uleb128 0x13
 452 0041 00       		.byte	0
 453 0042 00       		.byte	0
 454 0043 06       		.uleb128 0x6
 455 0044 35       		.uleb128 0x35
 456 0045 00       		.byte	0
 457 0046 49       		.uleb128 0x49
 458 0047 13       		.uleb128 0x13
 459 0048 00       		.byte	0
 460 0049 00       		.byte	0
 461 004a 07       		.uleb128 0x7
 462 004b 13       		.uleb128 0x13
 463 004c 01       		.byte	0x1
 464 004d 0B       		.uleb128 0xb
 465 004e 0B       		.uleb128 0xb
 466 004f 3A       		.uleb128 0x3a
 467 0050 0B       		.uleb128 0xb
 468 0051 3B       		.uleb128 0x3b
 469 0052 0B       		.uleb128 0xb
 470 0053 01       		.uleb128 0x1
 471 0054 13       		.uleb128 0x13
 472 0055 00       		.byte	0
 473 0056 00       		.byte	0
 474 0057 08       		.uleb128 0x8
 475 0058 0D       		.uleb128 0xd
 476 0059 00       		.byte	0
 477 005a 03       		.uleb128 0x3
 478 005b 0E       		.uleb128 0xe
 479 005c 3A       		.uleb128 0x3a
 480 005d 0B       		.uleb128 0xb
 481 005e 3B       		.uleb128 0x3b
 482 005f 0B       		.uleb128 0xb
 483 0060 49       		.uleb128 0x49
ARM GAS  C:\Users\BRANKO~1\AppData\Local\Temp\ccUODvbu.s 			page 12


 484 0061 13       		.uleb128 0x13
 485 0062 38       		.uleb128 0x38
 486 0063 0B       		.uleb128 0xb
 487 0064 00       		.byte	0
 488 0065 00       		.byte	0
 489 0066 09       		.uleb128 0x9
 490 0067 2E       		.uleb128 0x2e
 491 0068 00       		.byte	0
 492 0069 3F       		.uleb128 0x3f
 493 006a 19       		.uleb128 0x19
 494 006b 03       		.uleb128 0x3
 495 006c 0E       		.uleb128 0xe
 496 006d 3A       		.uleb128 0x3a
 497 006e 0B       		.uleb128 0xb
 498 006f 3B       		.uleb128 0x3b
 499 0070 0B       		.uleb128 0xb
 500 0071 27       		.uleb128 0x27
 501 0072 19       		.uleb128 0x19
 502 0073 11       		.uleb128 0x11
 503 0074 01       		.uleb128 0x1
 504 0075 12       		.uleb128 0x12
 505 0076 06       		.uleb128 0x6
 506 0077 40       		.uleb128 0x40
 507 0078 18       		.uleb128 0x18
 508 0079 9742     		.uleb128 0x2117
 509 007b 19       		.uleb128 0x19
 510 007c 00       		.byte	0
 511 007d 00       		.byte	0
 512 007e 0A       		.uleb128 0xa
 513 007f 2E       		.uleb128 0x2e
 514 0080 00       		.byte	0
 515 0081 3F       		.uleb128 0x3f
 516 0082 19       		.uleb128 0x19
 517 0083 03       		.uleb128 0x3
 518 0084 0E       		.uleb128 0xe
 519 0085 3A       		.uleb128 0x3a
 520 0086 0B       		.uleb128 0xb
 521 0087 3B       		.uleb128 0x3b
 522 0088 0B       		.uleb128 0xb
 523 0089 27       		.uleb128 0x27
 524 008a 19       		.uleb128 0x19
 525 008b 11       		.uleb128 0x11
 526 008c 01       		.uleb128 0x1
 527 008d 12       		.uleb128 0x12
 528 008e 06       		.uleb128 0x6
 529 008f 40       		.uleb128 0x40
 530 0090 18       		.uleb128 0x18
 531 0091 9642     		.uleb128 0x2116
 532 0093 19       		.uleb128 0x19
 533 0094 00       		.byte	0
 534 0095 00       		.byte	0
 535 0096 0B       		.uleb128 0xb
 536 0097 34       		.uleb128 0x34
 537 0098 00       		.byte	0
 538 0099 03       		.uleb128 0x3
 539 009a 0E       		.uleb128 0xe
 540 009b 3A       		.uleb128 0x3a
ARM GAS  C:\Users\BRANKO~1\AppData\Local\Temp\ccUODvbu.s 			page 13


 541 009c 0B       		.uleb128 0xb
 542 009d 3B       		.uleb128 0x3b
 543 009e 0B       		.uleb128 0xb
 544 009f 49       		.uleb128 0x49
 545 00a0 13       		.uleb128 0x13
 546 00a1 02       		.uleb128 0x2
 547 00a2 18       		.uleb128 0x18
 548 00a3 00       		.byte	0
 549 00a4 00       		.byte	0
 550 00a5 00       		.byte	0
 551              		.section	.debug_aranges,"",%progbits
 552 0000 34000000 		.4byte	0x34
 553 0004 0200     		.2byte	0x2
 554 0006 00000000 		.4byte	.Ldebug_info0
 555 000a 04       		.byte	0x4
 556 000b 00       		.byte	0
 557 000c 0000     		.2byte	0
 558 000e 0000     		.2byte	0
 559 0010 00000000 		.4byte	.LFB0
 560 0014 30000000 		.4byte	.LFE0-.LFB0
 561 0018 00000000 		.4byte	.LFB1
 562 001c 6C000000 		.4byte	.LFE1-.LFB1
 563 0020 00000000 		.4byte	.LFB2
 564 0024 34000000 		.4byte	.LFE2-.LFB2
 565 0028 00000000 		.4byte	.LFB3
 566 002c 2C000000 		.4byte	.LFE3-.LFB3
 567 0030 00000000 		.4byte	0
 568 0034 00000000 		.4byte	0
 569              		.section	.debug_ranges,"",%progbits
 570              	.Ldebug_ranges0:
 571 0000 00000000 		.4byte	.LFB0
 572 0004 30000000 		.4byte	.LFE0
 573 0008 00000000 		.4byte	.LFB1
 574 000c 6C000000 		.4byte	.LFE1
 575 0010 00000000 		.4byte	.LFB2
 576 0014 34000000 		.4byte	.LFE2
 577 0018 00000000 		.4byte	.LFB3
 578 001c 2C000000 		.4byte	.LFE3
 579 0020 00000000 		.4byte	0
 580 0024 00000000 		.4byte	0
 581              		.section	.debug_line,"",%progbits
 582              	.Ldebug_line0:
 583 0000 C1000000 		.section	.debug_str,"MS",%progbits,1
 583      02006800 
 583      00000201 
 583      FB0E0D00 
 583      01010101 
 584              	.LASF23:
 585 0000 443A5C70 		.ascii	"D:\\psoc5\\Cell Board\\Cell Board.cydsn\000"
 585      736F6335 
 585      5C43656C 
 585      6C20426F 
 585      6172645C 
 586              	.LASF15:
 587 0025 64617461 		.ascii	"data_value\000"
 587      5F76616C 
 587      756500
ARM GAS  C:\Users\BRANKO~1\AppData\Local\Temp\ccUODvbu.s 			page 14


 588              	.LASF9:
 589 0030 666C6F61 		.ascii	"float\000"
 589      7400
 590              	.LASF19:
 591 0036 57617665 		.ascii	"WaveDAC8_1_VDAC8_Sleep\000"
 591      44414338 
 591      5F315F56 
 591      44414338 
 591      5F536C65 
 592              	.LASF16:
 593 004d 57617665 		.ascii	"WaveDAC8_1_VDAC8_backupStruct\000"
 593      44414338 
 593      5F315F56 
 593      44414338 
 593      5F626163 
 594              	.LASF1:
 595 006b 756E7369 		.ascii	"unsigned char\000"
 595      676E6564 
 595      20636861 
 595      7200
 596              	.LASF13:
 597 0079 72656738 		.ascii	"reg8\000"
 597      00
 598              	.LASF5:
 599 007e 6C6F6E67 		.ascii	"long unsigned int\000"
 599      20756E73 
 599      69676E65 
 599      6420696E 
 599      7400
 600              	.LASF3:
 601 0090 73686F72 		.ascii	"short unsigned int\000"
 601      7420756E 
 601      7369676E 
 601      65642069 
 601      6E7400
 602              	.LASF24:
 603 00a3 57617665 		.ascii	"WaveDAC8_1_VDAC8_backup\000"
 603      44414338 
 603      5F315F56 
 603      44414338 
 603      5F626163 
 604              	.LASF10:
 605 00bb 646F7562 		.ascii	"double\000"
 605      6C6500
 606              	.LASF20:
 607 00c2 57617665 		.ascii	"WaveDAC8_1_VDAC8_Wakeup\000"
 607      44414338 
 607      5F315F56 
 607      44414338 
 607      5F57616B 
 608              	.LASF8:
 609 00da 756E7369 		.ascii	"unsigned int\000"
 609      676E6564 
 609      20696E74 
 609      00
 610              	.LASF7:
 611 00e7 6C6F6E67 		.ascii	"long long unsigned int\000"
ARM GAS  C:\Users\BRANKO~1\AppData\Local\Temp\ccUODvbu.s 			page 15


 611      206C6F6E 
 611      6720756E 
 611      7369676E 
 611      65642069 
 612              	.LASF21:
 613 00fe 474E5520 		.ascii	"GNU C 4.8.4 20140526 (release) [ARM/embedded-4_8-br"
 613      4320342E 
 613      382E3420 
 613      32303134 
 613      30353236 
 614 0131 616E6368 		.ascii	"anch revision 211358] -mcpu=cortex-m3 -mthumb -g -O"
 614      20726576 
 614      6973696F 
 614      6E203231 
 614      31333538 
 615 0164 30202D66 		.ascii	"0 -ffunction-sections\000"
 615      66756E63 
 615      74696F6E 
 615      2D736563 
 615      74696F6E 
 616              	.LASF18:
 617 017a 57617665 		.ascii	"WaveDAC8_1_VDAC8_RestoreConfig\000"
 617      44414338 
 617      5F315F56 
 617      44414338 
 617      5F526573 
 618              	.LASF6:
 619 0199 6C6F6E67 		.ascii	"long long int\000"
 619      206C6F6E 
 619      6720696E 
 619      7400
 620              	.LASF11:
 621 01a7 63686172 		.ascii	"char\000"
 621      00
 622              	.LASF2:
 623 01ac 73686F72 		.ascii	"short int\000"
 623      7420696E 
 623      7400
 624              	.LASF12:
 625 01b6 75696E74 		.ascii	"uint8\000"
 625      3800
 626              	.LASF4:
 627 01bc 6C6F6E67 		.ascii	"long int\000"
 627      20696E74 
 627      00
 628              	.LASF14:
 629 01c5 656E6162 		.ascii	"enableState\000"
 629      6C655374 
 629      61746500 
 630              	.LASF22:
 631 01d1 2E5C4765 		.ascii	".\\Generated_Source\\PSoC5\\WaveDAC8_1_VDAC8_PM.c\000"
 631      6E657261 
 631      7465645F 
 631      536F7572 
 631      63655C50 
 632              	.LASF0:
 633 0200 7369676E 		.ascii	"signed char\000"
ARM GAS  C:\Users\BRANKO~1\AppData\Local\Temp\ccUODvbu.s 			page 16


 633      65642063 
 633      68617200 
 634              	.LASF17:
 635 020c 57617665 		.ascii	"WaveDAC8_1_VDAC8_SaveConfig\000"
 635      44414338 
 635      5F315F56 
 635      44414338 
 635      5F536176 
 636              		.ident	"GCC: (GNU Tools for ARM Embedded Processors) 4.8.4 20140526 (release) [ARM/embedded-4_8-br
