ARM GAS  C:\Users\BRANKO~1\AppData\Local\Temp\cckbkMgt.s 			page 1


   1              		.syntax unified
   2              		.cpu cortex-m3
   3              		.fpu softvfp
   4              		.eabi_attribute 20, 1
   5              		.eabi_attribute 21, 1
   6              		.eabi_attribute 23, 3
   7              		.eabi_attribute 24, 1
   8              		.eabi_attribute 25, 1
   9              		.eabi_attribute 26, 1
  10              		.eabi_attribute 30, 6
  11              		.eabi_attribute 34, 1
  12              		.eabi_attribute 18, 4
  13              		.thumb
  14              		.file	"WaveDAC8_1.c"
  15              		.text
  16              	.Ltext0:
  17              		.cfi_sections	.debug_frame
  18              		.global	WaveDAC8_1_initVar
  19              		.bss
  20              		.type	WaveDAC8_1_initVar, %object
  21              		.size	WaveDAC8_1_initVar, 1
  22              	WaveDAC8_1_initVar:
  23 0000 00       		.space	1
  24              		.global	WaveDAC8_1_wave1
  25              		.section	.rodata
  26              		.align	2
  27              		.type	WaveDAC8_1_wave1, %object
  28              		.size	WaveDAC8_1_wave1, 100
  29              	WaveDAC8_1_wave1:
  30 0000 80       		.byte	-128
  31 0001 87       		.byte	-121
  32 0002 8F       		.byte	-113
  33 0003 97       		.byte	-105
  34 0004 9F       		.byte	-97
  35 0005 A6       		.byte	-90
  36 0006 AE       		.byte	-82
  37 0007 B5       		.byte	-75
  38 0008 BC       		.byte	-68
  39 0009 C2       		.byte	-62
  40 000a C9       		.byte	-55
  41 000b CF       		.byte	-49
  42 000c D5       		.byte	-43
  43 000d DB       		.byte	-37
  44 000e E0       		.byte	-32
  45 000f E5       		.byte	-27
  46 0010 E9       		.byte	-23
  47 0011 ED       		.byte	-19
  48 0012 F1       		.byte	-15
  49 0013 F4       		.byte	-12
  50 0014 F6       		.byte	-10
  51 0015 F9       		.byte	-7
  52 0016 FA       		.byte	-6
  53 0017 FC       		.byte	-4
  54 0018 FC       		.byte	-4
  55 0019 FC       		.byte	-4
  56 001a FC       		.byte	-4
  57 001b FC       		.byte	-4
ARM GAS  C:\Users\BRANKO~1\AppData\Local\Temp\cckbkMgt.s 			page 2


  58 001c FA       		.byte	-6
  59 001d F9       		.byte	-7
  60 001e F6       		.byte	-10
  61 001f F4       		.byte	-12
  62 0020 F1       		.byte	-15
  63 0021 ED       		.byte	-19
  64 0022 E9       		.byte	-23
  65 0023 E5       		.byte	-27
  66 0024 E0       		.byte	-32
  67 0025 DB       		.byte	-37
  68 0026 D5       		.byte	-43
  69 0027 CF       		.byte	-49
  70 0028 C9       		.byte	-55
  71 0029 C2       		.byte	-62
  72 002a BC       		.byte	-68
  73 002b B5       		.byte	-75
  74 002c AE       		.byte	-82
  75 002d A6       		.byte	-90
  76 002e 9F       		.byte	-97
  77 002f 97       		.byte	-105
  78 0030 8F       		.byte	-113
  79 0031 87       		.byte	-121
  80 0032 80       		.byte	-128
  81 0033 78       		.byte	120
  82 0034 70       		.byte	112
  83 0035 68       		.byte	104
  84 0036 60       		.byte	96
  85 0037 59       		.byte	89
  86 0038 51       		.byte	81
  87 0039 4A       		.byte	74
  88 003a 43       		.byte	67
  89 003b 3D       		.byte	61
  90 003c 36       		.byte	54
  91 003d 30       		.byte	48
  92 003e 2A       		.byte	42
  93 003f 24       		.byte	36
  94 0040 1F       		.byte	31
  95 0041 1A       		.byte	26
  96 0042 16       		.byte	22
  97 0043 12       		.byte	18
  98 0044 0E       		.byte	14
  99 0045 0B       		.byte	11
 100 0046 09       		.byte	9
 101 0047 06       		.byte	6
 102 0048 05       		.byte	5
 103 0049 03       		.byte	3
 104 004a 03       		.byte	3
 105 004b 03       		.byte	3
 106 004c 03       		.byte	3
 107 004d 03       		.byte	3
 108 004e 05       		.byte	5
 109 004f 06       		.byte	6
 110 0050 09       		.byte	9
 111 0051 0B       		.byte	11
 112 0052 0E       		.byte	14
 113 0053 12       		.byte	18
 114 0054 16       		.byte	22
ARM GAS  C:\Users\BRANKO~1\AppData\Local\Temp\cckbkMgt.s 			page 3


 115 0055 1A       		.byte	26
 116 0056 1F       		.byte	31
 117 0057 24       		.byte	36
 118 0058 2A       		.byte	42
 119 0059 30       		.byte	48
 120 005a 36       		.byte	54
 121 005b 3D       		.byte	61
 122 005c 43       		.byte	67
 123 005d 4A       		.byte	74
 124 005e 51       		.byte	81
 125 005f 59       		.byte	89
 126 0060 60       		.byte	96
 127 0061 68       		.byte	104
 128 0062 70       		.byte	112
 129 0063 78       		.byte	120
 130              		.global	WaveDAC8_1_wave2
 131              		.align	2
 132              		.type	WaveDAC8_1_wave2, %object
 133              		.size	WaveDAC8_1_wave2, 100
 134              	WaveDAC8_1_wave2:
 135 0064 80       		.byte	-128
 136 0065 84       		.byte	-124
 137 0066 8A       		.byte	-118
 138 0067 8F       		.byte	-113
 139 0068 94       		.byte	-108
 140 0069 98       		.byte	-104
 141 006a 9E       		.byte	-98
 142 006b A2       		.byte	-94
 143 006c A8       		.byte	-88
 144 006d AC       		.byte	-84
 145 006e B2       		.byte	-78
 146 006f B6       		.byte	-74
 147 0070 BC       		.byte	-68
 148 0071 C0       		.byte	-64
 149 0072 C6       		.byte	-58
 150 0073 CA       		.byte	-54
 151 0074 D0       		.byte	-48
 152 0075 D5       		.byte	-43
 153 0076 DA       		.byte	-38
 154 0077 DE       		.byte	-34
 155 0078 E4       		.byte	-28
 156 0079 E8       		.byte	-24
 157 007a EE       		.byte	-18
 158 007b F2       		.byte	-14
 159 007c F8       		.byte	-8
 160 007d FC       		.byte	-4
 161 007e F8       		.byte	-8
 162 007f F2       		.byte	-14
 163 0080 EE       		.byte	-18
 164 0081 E8       		.byte	-24
 165 0082 E4       		.byte	-28
 166 0083 DE       		.byte	-34
 167 0084 DA       		.byte	-38
 168 0085 D4       		.byte	-44
 169 0086 D0       		.byte	-48
 170 0087 CA       		.byte	-54
 171 0088 C6       		.byte	-58
ARM GAS  C:\Users\BRANKO~1\AppData\Local\Temp\cckbkMgt.s 			page 4


 172 0089 C0       		.byte	-64
 173 008a BC       		.byte	-68
 174 008b B6       		.byte	-74
 175 008c B2       		.byte	-78
 176 008d AD       		.byte	-83
 177 008e A8       		.byte	-88
 178 008f A2       		.byte	-94
 179 0090 9E       		.byte	-98
 180 0091 98       		.byte	-104
 181 0092 94       		.byte	-108
 182 0093 8F       		.byte	-113
 183 0094 8A       		.byte	-118
 184 0095 84       		.byte	-124
 185 0096 80       		.byte	-128
 186 0097 7A       		.byte	122
 187 0098 76       		.byte	118
 188 0099 70       		.byte	112
 189 009a 6B       		.byte	107
 190 009b 66       		.byte	102
 191 009c 61       		.byte	97
 192 009d 5D       		.byte	93
 193 009e 58       		.byte	88
 194 009f 53       		.byte	83
 195 00a0 4E       		.byte	78
 196 00a1 49       		.byte	73
 197 00a2 44       		.byte	68
 198 00a3 3E       		.byte	62
 199 00a4 39       		.byte	57
 200 00a5 34       		.byte	52
 201 00a6 2F       		.byte	47
 202 00a7 2A       		.byte	42
 203 00a8 25       		.byte	37
 204 00a9 21       		.byte	33
 205 00aa 1C       		.byte	28
 206 00ab 17       		.byte	23
 207 00ac 12       		.byte	18
 208 00ad 0D       		.byte	13
 209 00ae 08       		.byte	8
 210 00af 03       		.byte	3
 211 00b0 08       		.byte	8
 212 00b1 0D       		.byte	13
 213 00b2 12       		.byte	18
 214 00b3 17       		.byte	23
 215 00b4 1C       		.byte	28
 216 00b5 21       		.byte	33
 217 00b6 25       		.byte	37
 218 00b7 2A       		.byte	42
 219 00b8 2F       		.byte	47
 220 00b9 34       		.byte	52
 221 00ba 39       		.byte	57
 222 00bb 3E       		.byte	62
 223 00bc 44       		.byte	68
 224 00bd 49       		.byte	73
 225 00be 4E       		.byte	78
 226 00bf 53       		.byte	83
 227 00c0 58       		.byte	88
 228 00c1 5D       		.byte	93
ARM GAS  C:\Users\BRANKO~1\AppData\Local\Temp\cckbkMgt.s 			page 5


 229 00c2 61       		.byte	97
 230 00c3 66       		.byte	102
 231 00c4 6B       		.byte	107
 232 00c5 70       		.byte	112
 233 00c6 76       		.byte	118
 234 00c7 7A       		.byte	122
 235              		.bss
 236              	WaveDAC8_1_Wave1Chan:
 237 0001 00       		.space	1
 238              	WaveDAC8_1_Wave2Chan:
 239 0002 00       		.space	1
 240              	WaveDAC8_1_Wave1TD:
 241 0003 00       		.space	1
 242              	WaveDAC8_1_Wave2TD:
 243 0004 00       		.space	1
 244              		.section	.text.WaveDAC8_1_Init,"ax",%progbits
 245              		.align	2
 246              		.global	WaveDAC8_1_Init
 247              		.thumb
 248              		.thumb_func
 249              		.type	WaveDAC8_1_Init, %function
 250              	WaveDAC8_1_Init:
 251              	.LFB0:
 252              		.file 1 ".\\Generated_Source\\PSoC5\\WaveDAC8_1.c"
   1:.\Generated_Source\PSoC5/WaveDAC8_1.c **** /*******************************************************************************
   2:.\Generated_Source\PSoC5/WaveDAC8_1.c **** * File Name: WaveDAC8_1.c
   3:.\Generated_Source\PSoC5/WaveDAC8_1.c **** * Version 2.0
   4:.\Generated_Source\PSoC5/WaveDAC8_1.c **** *
   5:.\Generated_Source\PSoC5/WaveDAC8_1.c **** * Description:
   6:.\Generated_Source\PSoC5/WaveDAC8_1.c **** *  This file provides the source code for the 8-bit Waveform DAC 
   7:.\Generated_Source\PSoC5/WaveDAC8_1.c **** *  (WaveDAC8) Component.
   8:.\Generated_Source\PSoC5/WaveDAC8_1.c **** *
   9:.\Generated_Source\PSoC5/WaveDAC8_1.c **** ********************************************************************************
  10:.\Generated_Source\PSoC5/WaveDAC8_1.c **** * Copyright 2013, Cypress Semiconductor Corporation.  All rights reserved.
  11:.\Generated_Source\PSoC5/WaveDAC8_1.c **** * You may use this file only in accordance with the license, terms, conditions,
  12:.\Generated_Source\PSoC5/WaveDAC8_1.c **** * disclaimers, and limitations in the end user license agreement accompanying
  13:.\Generated_Source\PSoC5/WaveDAC8_1.c **** * the software package with which this file was provided.
  14:.\Generated_Source\PSoC5/WaveDAC8_1.c **** *******************************************************************************/
  15:.\Generated_Source\PSoC5/WaveDAC8_1.c **** 
  16:.\Generated_Source\PSoC5/WaveDAC8_1.c **** #include "WaveDAC8_1.h"
  17:.\Generated_Source\PSoC5/WaveDAC8_1.c **** 
  18:.\Generated_Source\PSoC5/WaveDAC8_1.c **** uint8  WaveDAC8_1_initVar = 0u;
  19:.\Generated_Source\PSoC5/WaveDAC8_1.c **** 
  20:.\Generated_Source\PSoC5/WaveDAC8_1.c **** const uint8 CYCODE WaveDAC8_1_wave1[WaveDAC8_1_WAVE1_LENGTH] = { 128u,135u,143u,151u,159u,166u,174u
  21:.\Generated_Source\PSoC5/WaveDAC8_1.c **** const uint8 CYCODE WaveDAC8_1_wave2[WaveDAC8_1_WAVE2_LENGTH] = { 128u,132u,138u,143u,148u,152u,158u
  22:.\Generated_Source\PSoC5/WaveDAC8_1.c **** 
  23:.\Generated_Source\PSoC5/WaveDAC8_1.c **** static uint8  WaveDAC8_1_Wave1Chan;
  24:.\Generated_Source\PSoC5/WaveDAC8_1.c **** static uint8  WaveDAC8_1_Wave2Chan;
  25:.\Generated_Source\PSoC5/WaveDAC8_1.c **** static uint8  WaveDAC8_1_Wave1TD;
  26:.\Generated_Source\PSoC5/WaveDAC8_1.c **** static uint8  WaveDAC8_1_Wave2TD;
  27:.\Generated_Source\PSoC5/WaveDAC8_1.c **** 
  28:.\Generated_Source\PSoC5/WaveDAC8_1.c **** 
  29:.\Generated_Source\PSoC5/WaveDAC8_1.c **** /*******************************************************************************
  30:.\Generated_Source\PSoC5/WaveDAC8_1.c **** * Function Name: WaveDAC8_1_Init
  31:.\Generated_Source\PSoC5/WaveDAC8_1.c **** ********************************************************************************
  32:.\Generated_Source\PSoC5/WaveDAC8_1.c **** *
  33:.\Generated_Source\PSoC5/WaveDAC8_1.c **** * Summary:
ARM GAS  C:\Users\BRANKO~1\AppData\Local\Temp\cckbkMgt.s 			page 6


  34:.\Generated_Source\PSoC5/WaveDAC8_1.c **** *  Initializes component with parameters set in the customizer.
  35:.\Generated_Source\PSoC5/WaveDAC8_1.c **** *
  36:.\Generated_Source\PSoC5/WaveDAC8_1.c **** * Parameters:  
  37:.\Generated_Source\PSoC5/WaveDAC8_1.c **** *  None
  38:.\Generated_Source\PSoC5/WaveDAC8_1.c **** *
  39:.\Generated_Source\PSoC5/WaveDAC8_1.c **** * Return: 
  40:.\Generated_Source\PSoC5/WaveDAC8_1.c **** *  None
  41:.\Generated_Source\PSoC5/WaveDAC8_1.c **** *
  42:.\Generated_Source\PSoC5/WaveDAC8_1.c **** *******************************************************************************/
  43:.\Generated_Source\PSoC5/WaveDAC8_1.c **** void WaveDAC8_1_Init(void) 
  44:.\Generated_Source\PSoC5/WaveDAC8_1.c **** {
 253              		.loc 1 44 0
 254              		.cfi_startproc
 255              		@ args = 0, pretend = 0, frame = 0
 256              		@ frame_needed = 1, uses_anonymous_args = 0
 257 0000 80B5     		push	{r7, lr}
 258              		.cfi_def_cfa_offset 8
 259              		.cfi_offset 7, -8
 260              		.cfi_offset 14, -4
 261 0002 00AF     		add	r7, sp, #0
 262              		.cfi_def_cfa_register 7
  45:.\Generated_Source\PSoC5/WaveDAC8_1.c **** 	WaveDAC8_1_VDAC8_Init();
 263              		.loc 1 45 0
 264 0004 FFF7FEFF 		bl	WaveDAC8_1_VDAC8_Init
  46:.\Generated_Source\PSoC5/WaveDAC8_1.c **** 	WaveDAC8_1_VDAC8_SetSpeed(WaveDAC8_1_HIGHSPEED);
 265              		.loc 1 46 0
 266 0008 0220     		movs	r0, #2
 267 000a FFF7FEFF 		bl	WaveDAC8_1_VDAC8_SetSpeed
  47:.\Generated_Source\PSoC5/WaveDAC8_1.c **** 	WaveDAC8_1_VDAC8_SetRange(WaveDAC8_1_DAC_RANGE);
 268              		.loc 1 47 0
 269 000e 0020     		movs	r0, #0
 270 0010 FFF7FEFF 		bl	WaveDAC8_1_VDAC8_SetRange
  48:.\Generated_Source\PSoC5/WaveDAC8_1.c **** 
  49:.\Generated_Source\PSoC5/WaveDAC8_1.c **** 	#if(WaveDAC8_1_DAC_MODE == WaveDAC8_1_CURRENT_MODE)
  50:.\Generated_Source\PSoC5/WaveDAC8_1.c **** 		WaveDAC8_1_IDAC8_SetPolarity(WaveDAC8_1_DAC_POL);
  51:.\Generated_Source\PSoC5/WaveDAC8_1.c **** 	#endif /* WaveDAC8_1_DAC_MODE == WaveDAC8_1_CURRENT_MODE */
  52:.\Generated_Source\PSoC5/WaveDAC8_1.c **** 
  53:.\Generated_Source\PSoC5/WaveDAC8_1.c **** 	#if(WaveDAC8_1_OUT_MODE == WaveDAC8_1_BUFFER_MODE)
  54:.\Generated_Source\PSoC5/WaveDAC8_1.c **** 	   WaveDAC8_1_BuffAmp_Init();
  55:.\Generated_Source\PSoC5/WaveDAC8_1.c **** 	#endif /* WaveDAC8_1_OUT_MODE == WaveDAC8_1_BUFFER_MODE */
  56:.\Generated_Source\PSoC5/WaveDAC8_1.c **** 
  57:.\Generated_Source\PSoC5/WaveDAC8_1.c **** 	/* Get the TD Number for the DMA channel 1 and 2   */
  58:.\Generated_Source\PSoC5/WaveDAC8_1.c **** 	WaveDAC8_1_Wave1TD = CyDmaTdAllocate();
 271              		.loc 1 58 0
 272 0014 FFF7FEFF 		bl	CyDmaTdAllocate
 273 0018 0346     		mov	r3, r0
 274 001a 1A46     		mov	r2, r3
 275 001c 084B     		ldr	r3, .L2
 276 001e 1A70     		strb	r2, [r3]
  59:.\Generated_Source\PSoC5/WaveDAC8_1.c **** 	WaveDAC8_1_Wave2TD = CyDmaTdAllocate();
 277              		.loc 1 59 0
 278 0020 FFF7FEFF 		bl	CyDmaTdAllocate
 279 0024 0346     		mov	r3, r0
 280 0026 1A46     		mov	r2, r3
 281 0028 064B     		ldr	r3, .L2+4
 282 002a 1A70     		strb	r2, [r3]
  60:.\Generated_Source\PSoC5/WaveDAC8_1.c **** 	
ARM GAS  C:\Users\BRANKO~1\AppData\Local\Temp\cckbkMgt.s 			page 7


  61:.\Generated_Source\PSoC5/WaveDAC8_1.c **** 	/* Initialize waveform pointers  */
  62:.\Generated_Source\PSoC5/WaveDAC8_1.c **** 	WaveDAC8_1_Wave1Setup(WaveDAC8_1_wave1, WaveDAC8_1_WAVE1_LENGTH) ;
 283              		.loc 1 62 0
 284 002c 0648     		ldr	r0, .L2+8
 285 002e 6421     		movs	r1, #100
 286 0030 FFF7FEFF 		bl	WaveDAC8_1_Wave1Setup
  63:.\Generated_Source\PSoC5/WaveDAC8_1.c **** 	WaveDAC8_1_Wave2Setup(WaveDAC8_1_wave2, WaveDAC8_1_WAVE2_LENGTH) ;
 287              		.loc 1 63 0
 288 0034 0548     		ldr	r0, .L2+12
 289 0036 6421     		movs	r1, #100
 290 0038 FFF7FEFF 		bl	WaveDAC8_1_Wave2Setup
  64:.\Generated_Source\PSoC5/WaveDAC8_1.c **** 	
  65:.\Generated_Source\PSoC5/WaveDAC8_1.c **** 	/* Initialize the internal clock if one present  */
  66:.\Generated_Source\PSoC5/WaveDAC8_1.c **** 	#if defined(WaveDAC8_1_DacClk_PHASE)
  67:.\Generated_Source\PSoC5/WaveDAC8_1.c **** 	   WaveDAC8_1_DacClk_SetPhase(WaveDAC8_1_CLK_PHASE_0nS);
  68:.\Generated_Source\PSoC5/WaveDAC8_1.c **** 	#endif /* defined(WaveDAC8_1_DacClk_PHASE) */
  69:.\Generated_Source\PSoC5/WaveDAC8_1.c **** }
 291              		.loc 1 69 0
 292 003c 80BD     		pop	{r7, pc}
 293              	.L3:
 294 003e 00BF     		.align	2
 295              	.L2:
 296 0040 03000000 		.word	WaveDAC8_1_Wave1TD
 297 0044 04000000 		.word	WaveDAC8_1_Wave2TD
 298 0048 00000000 		.word	WaveDAC8_1_wave1
 299 004c 00000000 		.word	WaveDAC8_1_wave2
 300              		.cfi_endproc
 301              	.LFE0:
 302              		.size	WaveDAC8_1_Init, .-WaveDAC8_1_Init
 303              		.section	.text.WaveDAC8_1_Enable,"ax",%progbits
 304              		.align	2
 305              		.global	WaveDAC8_1_Enable
 306              		.thumb
 307              		.thumb_func
 308              		.type	WaveDAC8_1_Enable, %function
 309              	WaveDAC8_1_Enable:
 310              	.LFB1:
  70:.\Generated_Source\PSoC5/WaveDAC8_1.c **** 
  71:.\Generated_Source\PSoC5/WaveDAC8_1.c **** 
  72:.\Generated_Source\PSoC5/WaveDAC8_1.c **** /*******************************************************************************
  73:.\Generated_Source\PSoC5/WaveDAC8_1.c **** * Function Name: WaveDAC8_1_Enable
  74:.\Generated_Source\PSoC5/WaveDAC8_1.c **** ********************************************************************************
  75:.\Generated_Source\PSoC5/WaveDAC8_1.c **** *  
  76:.\Generated_Source\PSoC5/WaveDAC8_1.c **** * Summary: 
  77:.\Generated_Source\PSoC5/WaveDAC8_1.c **** *  Enables the DAC block and DMA operation.
  78:.\Generated_Source\PSoC5/WaveDAC8_1.c **** *
  79:.\Generated_Source\PSoC5/WaveDAC8_1.c **** * Parameters:  
  80:.\Generated_Source\PSoC5/WaveDAC8_1.c **** *  None
  81:.\Generated_Source\PSoC5/WaveDAC8_1.c **** *
  82:.\Generated_Source\PSoC5/WaveDAC8_1.c **** * Return: 
  83:.\Generated_Source\PSoC5/WaveDAC8_1.c **** *  None
  84:.\Generated_Source\PSoC5/WaveDAC8_1.c **** *
  85:.\Generated_Source\PSoC5/WaveDAC8_1.c **** *******************************************************************************/
  86:.\Generated_Source\PSoC5/WaveDAC8_1.c **** void WaveDAC8_1_Enable(void) 
  87:.\Generated_Source\PSoC5/WaveDAC8_1.c **** {
 311              		.loc 1 87 0
 312              		.cfi_startproc
ARM GAS  C:\Users\BRANKO~1\AppData\Local\Temp\cckbkMgt.s 			page 8


 313              		@ args = 0, pretend = 0, frame = 0
 314              		@ frame_needed = 1, uses_anonymous_args = 0
 315 0000 80B5     		push	{r7, lr}
 316              		.cfi_def_cfa_offset 8
 317              		.cfi_offset 7, -8
 318              		.cfi_offset 14, -4
 319 0002 00AF     		add	r7, sp, #0
 320              		.cfi_def_cfa_register 7
  88:.\Generated_Source\PSoC5/WaveDAC8_1.c **** 	WaveDAC8_1_VDAC8_Enable();
 321              		.loc 1 88 0
 322 0004 FFF7FEFF 		bl	WaveDAC8_1_VDAC8_Enable
  89:.\Generated_Source\PSoC5/WaveDAC8_1.c **** 
  90:.\Generated_Source\PSoC5/WaveDAC8_1.c **** 	#if(WaveDAC8_1_OUT_MODE == WaveDAC8_1_BUFFER_MODE)
  91:.\Generated_Source\PSoC5/WaveDAC8_1.c **** 	   WaveDAC8_1_BuffAmp_Enable();
  92:.\Generated_Source\PSoC5/WaveDAC8_1.c **** 	#endif /* WaveDAC8_1_OUT_MODE == WaveDAC8_1_BUFFER_MODE */
  93:.\Generated_Source\PSoC5/WaveDAC8_1.c **** 
  94:.\Generated_Source\PSoC5/WaveDAC8_1.c **** 	/* 
  95:.\Generated_Source\PSoC5/WaveDAC8_1.c **** 	* Enable the channel. It is configured to remember the TD value so that
  96:.\Generated_Source\PSoC5/WaveDAC8_1.c **** 	* it can be restored from the place where it has been stopped.
  97:.\Generated_Source\PSoC5/WaveDAC8_1.c **** 	*/
  98:.\Generated_Source\PSoC5/WaveDAC8_1.c **** 	(void)CyDmaChEnable(WaveDAC8_1_Wave1Chan, 1u);
 323              		.loc 1 98 0
 324 0008 084B     		ldr	r3, .L5
 325 000a 1B78     		ldrb	r3, [r3]	@ zero_extendqisi2
 326 000c 1846     		mov	r0, r3
 327 000e 0121     		movs	r1, #1
 328 0010 FFF7FEFF 		bl	CyDmaChEnable
  99:.\Generated_Source\PSoC5/WaveDAC8_1.c **** 	(void)CyDmaChEnable(WaveDAC8_1_Wave2Chan, 1u);
 329              		.loc 1 99 0
 330 0014 064B     		ldr	r3, .L5+4
 331 0016 1B78     		ldrb	r3, [r3]	@ zero_extendqisi2
 332 0018 1846     		mov	r0, r3
 333 001a 0121     		movs	r1, #1
 334 001c FFF7FEFF 		bl	CyDmaChEnable
 100:.\Generated_Source\PSoC5/WaveDAC8_1.c **** 	
 101:.\Generated_Source\PSoC5/WaveDAC8_1.c **** 	/* set the initial value */
 102:.\Generated_Source\PSoC5/WaveDAC8_1.c **** 	WaveDAC8_1_SetValue(0u);
 335              		.loc 1 102 0
 336 0020 0020     		movs	r0, #0
 337 0022 FFF7FEFF 		bl	WaveDAC8_1_VDAC8_SetValue
 103:.\Generated_Source\PSoC5/WaveDAC8_1.c **** 	
 104:.\Generated_Source\PSoC5/WaveDAC8_1.c **** 	#if(WaveDAC8_1_CLOCK_SRC == WaveDAC8_1_CLOCK_INT)  	
 105:.\Generated_Source\PSoC5/WaveDAC8_1.c **** 	   WaveDAC8_1_DacClk_Start();
 338              		.loc 1 105 0
 339 0026 FFF7FEFF 		bl	WaveDAC8_1_DacClk_Start
 106:.\Generated_Source\PSoC5/WaveDAC8_1.c **** 	#endif /* WaveDAC8_1_CLOCK_SRC == WaveDAC8_1_CLOCK_INT */
 107:.\Generated_Source\PSoC5/WaveDAC8_1.c **** }
 340              		.loc 1 107 0
 341 002a 80BD     		pop	{r7, pc}
 342              	.L6:
 343              		.align	2
 344              	.L5:
 345 002c 01000000 		.word	WaveDAC8_1_Wave1Chan
 346 0030 02000000 		.word	WaveDAC8_1_Wave2Chan
 347              		.cfi_endproc
 348              	.LFE1:
 349              		.size	WaveDAC8_1_Enable, .-WaveDAC8_1_Enable
ARM GAS  C:\Users\BRANKO~1\AppData\Local\Temp\cckbkMgt.s 			page 9


 350              		.section	.text.WaveDAC8_1_Start,"ax",%progbits
 351              		.align	2
 352              		.global	WaveDAC8_1_Start
 353              		.thumb
 354              		.thumb_func
 355              		.type	WaveDAC8_1_Start, %function
 356              	WaveDAC8_1_Start:
 357              	.LFB2:
 108:.\Generated_Source\PSoC5/WaveDAC8_1.c **** 
 109:.\Generated_Source\PSoC5/WaveDAC8_1.c **** 
 110:.\Generated_Source\PSoC5/WaveDAC8_1.c **** /*******************************************************************************
 111:.\Generated_Source\PSoC5/WaveDAC8_1.c **** * Function Name: WaveDAC8_1_Start
 112:.\Generated_Source\PSoC5/WaveDAC8_1.c **** ********************************************************************************
 113:.\Generated_Source\PSoC5/WaveDAC8_1.c **** *
 114:.\Generated_Source\PSoC5/WaveDAC8_1.c **** * Summary:
 115:.\Generated_Source\PSoC5/WaveDAC8_1.c **** *  The start function initializes the voltage DAC with the default values, 
 116:.\Generated_Source\PSoC5/WaveDAC8_1.c **** *  and sets the power to the given level.  A power level of 0, is the same as 
 117:.\Generated_Source\PSoC5/WaveDAC8_1.c **** *  executing the stop function.
 118:.\Generated_Source\PSoC5/WaveDAC8_1.c **** *
 119:.\Generated_Source\PSoC5/WaveDAC8_1.c **** * Parameters:  
 120:.\Generated_Source\PSoC5/WaveDAC8_1.c **** *  None
 121:.\Generated_Source\PSoC5/WaveDAC8_1.c **** *
 122:.\Generated_Source\PSoC5/WaveDAC8_1.c **** * Return: 
 123:.\Generated_Source\PSoC5/WaveDAC8_1.c **** *  None
 124:.\Generated_Source\PSoC5/WaveDAC8_1.c **** *
 125:.\Generated_Source\PSoC5/WaveDAC8_1.c **** * Reentrant:
 126:.\Generated_Source\PSoC5/WaveDAC8_1.c **** *  No
 127:.\Generated_Source\PSoC5/WaveDAC8_1.c **** *
 128:.\Generated_Source\PSoC5/WaveDAC8_1.c **** *******************************************************************************/
 129:.\Generated_Source\PSoC5/WaveDAC8_1.c **** void WaveDAC8_1_Start(void) 
 130:.\Generated_Source\PSoC5/WaveDAC8_1.c **** {
 358              		.loc 1 130 0
 359              		.cfi_startproc
 360              		@ args = 0, pretend = 0, frame = 0
 361              		@ frame_needed = 1, uses_anonymous_args = 0
 362 0000 80B5     		push	{r7, lr}
 363              		.cfi_def_cfa_offset 8
 364              		.cfi_offset 7, -8
 365              		.cfi_offset 14, -4
 366 0002 00AF     		add	r7, sp, #0
 367              		.cfi_def_cfa_register 7
 131:.\Generated_Source\PSoC5/WaveDAC8_1.c **** 	/* If not Initialized then initialize all required hardware and software */
 132:.\Generated_Source\PSoC5/WaveDAC8_1.c **** 	if(WaveDAC8_1_initVar == 0u)
 368              		.loc 1 132 0
 369 0004 054B     		ldr	r3, .L9
 370 0006 1B78     		ldrb	r3, [r3]	@ zero_extendqisi2
 371 0008 002B     		cmp	r3, #0
 372 000a 04D1     		bne	.L8
 133:.\Generated_Source\PSoC5/WaveDAC8_1.c **** 	{
 134:.\Generated_Source\PSoC5/WaveDAC8_1.c **** 		WaveDAC8_1_Init();
 373              		.loc 1 134 0
 374 000c FFF7FEFF 		bl	WaveDAC8_1_Init
 135:.\Generated_Source\PSoC5/WaveDAC8_1.c **** 		WaveDAC8_1_initVar = 1u;
 375              		.loc 1 135 0
 376 0010 024B     		ldr	r3, .L9
 377 0012 0122     		movs	r2, #1
 378 0014 1A70     		strb	r2, [r3]
ARM GAS  C:\Users\BRANKO~1\AppData\Local\Temp\cckbkMgt.s 			page 10


 379              	.L8:
 136:.\Generated_Source\PSoC5/WaveDAC8_1.c **** 	}
 137:.\Generated_Source\PSoC5/WaveDAC8_1.c **** 	
 138:.\Generated_Source\PSoC5/WaveDAC8_1.c **** 	WaveDAC8_1_Enable();
 380              		.loc 1 138 0
 381 0016 FFF7FEFF 		bl	WaveDAC8_1_Enable
 139:.\Generated_Source\PSoC5/WaveDAC8_1.c **** }
 382              		.loc 1 139 0
 383 001a 80BD     		pop	{r7, pc}
 384              	.L10:
 385              		.align	2
 386              	.L9:
 387 001c 00000000 		.word	WaveDAC8_1_initVar
 388              		.cfi_endproc
 389              	.LFE2:
 390              		.size	WaveDAC8_1_Start, .-WaveDAC8_1_Start
 391              		.section	.text.WaveDAC8_1_StartEx,"ax",%progbits
 392              		.align	2
 393              		.global	WaveDAC8_1_StartEx
 394              		.thumb
 395              		.thumb_func
 396              		.type	WaveDAC8_1_StartEx, %function
 397              	WaveDAC8_1_StartEx:
 398              	.LFB3:
 140:.\Generated_Source\PSoC5/WaveDAC8_1.c **** 
 141:.\Generated_Source\PSoC5/WaveDAC8_1.c **** 
 142:.\Generated_Source\PSoC5/WaveDAC8_1.c **** /*******************************************************************************
 143:.\Generated_Source\PSoC5/WaveDAC8_1.c **** * Function Name: WaveDAC8_1_StartEx
 144:.\Generated_Source\PSoC5/WaveDAC8_1.c **** ********************************************************************************
 145:.\Generated_Source\PSoC5/WaveDAC8_1.c **** *
 146:.\Generated_Source\PSoC5/WaveDAC8_1.c **** * Summary:
 147:.\Generated_Source\PSoC5/WaveDAC8_1.c **** *  The StartEx function sets pointers and sizes for both waveforms
 148:.\Generated_Source\PSoC5/WaveDAC8_1.c **** *  and then starts the component.
 149:.\Generated_Source\PSoC5/WaveDAC8_1.c **** *
 150:.\Generated_Source\PSoC5/WaveDAC8_1.c **** * Parameters:  
 151:.\Generated_Source\PSoC5/WaveDAC8_1.c **** *   uint8 * wavePtr1:     Pointer to the waveform 1 array.
 152:.\Generated_Source\PSoC5/WaveDAC8_1.c **** *   uint16  sampleSize1:  The amount of samples in the waveform 1.
 153:.\Generated_Source\PSoC5/WaveDAC8_1.c **** *   uint8 * wavePtr2:     Pointer to the waveform 2 array.
 154:.\Generated_Source\PSoC5/WaveDAC8_1.c **** *   uint16  sampleSize2:  The amount of samples in the waveform 2.
 155:.\Generated_Source\PSoC5/WaveDAC8_1.c **** *
 156:.\Generated_Source\PSoC5/WaveDAC8_1.c **** * Return: 
 157:.\Generated_Source\PSoC5/WaveDAC8_1.c **** *  None
 158:.\Generated_Source\PSoC5/WaveDAC8_1.c **** *
 159:.\Generated_Source\PSoC5/WaveDAC8_1.c **** * Reentrant:
 160:.\Generated_Source\PSoC5/WaveDAC8_1.c **** *  No
 161:.\Generated_Source\PSoC5/WaveDAC8_1.c **** *
 162:.\Generated_Source\PSoC5/WaveDAC8_1.c **** *******************************************************************************/
 163:.\Generated_Source\PSoC5/WaveDAC8_1.c **** void WaveDAC8_1_StartEx(const uint8 * wavePtr1, uint16 sampleSize1, const uint8 * wavePtr2, uint16 
 164:.\Generated_Source\PSoC5/WaveDAC8_1.c **** 
 165:.\Generated_Source\PSoC5/WaveDAC8_1.c **** {
 399              		.loc 1 165 0
 400              		.cfi_startproc
 401              		@ args = 0, pretend = 0, frame = 16
 402              		@ frame_needed = 1, uses_anonymous_args = 0
 403 0000 80B5     		push	{r7, lr}
 404              		.cfi_def_cfa_offset 8
 405              		.cfi_offset 7, -8
ARM GAS  C:\Users\BRANKO~1\AppData\Local\Temp\cckbkMgt.s 			page 11


 406              		.cfi_offset 14, -4
 407 0002 84B0     		sub	sp, sp, #16
 408              		.cfi_def_cfa_offset 24
 409 0004 00AF     		add	r7, sp, #0
 410              		.cfi_def_cfa_register 7
 411 0006 F860     		str	r0, [r7, #12]
 412 0008 7A60     		str	r2, [r7, #4]
 413 000a 0A46     		mov	r2, r1	@ movhi
 414 000c 7A81     		strh	r2, [r7, #10]	@ movhi
 415 000e 3B81     		strh	r3, [r7, #8]	@ movhi
 166:.\Generated_Source\PSoC5/WaveDAC8_1.c **** 	WaveDAC8_1_Wave1Setup(wavePtr1, sampleSize1);
 416              		.loc 1 166 0
 417 0010 7B89     		ldrh	r3, [r7, #10]
 418 0012 F868     		ldr	r0, [r7, #12]
 419 0014 1946     		mov	r1, r3
 420 0016 FFF7FEFF 		bl	WaveDAC8_1_Wave1Setup
 167:.\Generated_Source\PSoC5/WaveDAC8_1.c **** 	WaveDAC8_1_Wave2Setup(wavePtr2, sampleSize2);
 421              		.loc 1 167 0
 422 001a 3B89     		ldrh	r3, [r7, #8]
 423 001c 7868     		ldr	r0, [r7, #4]
 424 001e 1946     		mov	r1, r3
 425 0020 FFF7FEFF 		bl	WaveDAC8_1_Wave2Setup
 168:.\Generated_Source\PSoC5/WaveDAC8_1.c **** 	WaveDAC8_1_Start();
 426              		.loc 1 168 0
 427 0024 FFF7FEFF 		bl	WaveDAC8_1_Start
 169:.\Generated_Source\PSoC5/WaveDAC8_1.c **** }
 428              		.loc 1 169 0
 429 0028 1037     		adds	r7, r7, #16
 430 002a BD46     		mov	sp, r7
 431              		@ sp needed
 432 002c 80BD     		pop	{r7, pc}
 433              		.cfi_endproc
 434              	.LFE3:
 435              		.size	WaveDAC8_1_StartEx, .-WaveDAC8_1_StartEx
 436 002e 00BF     		.section	.text.WaveDAC8_1_Stop,"ax",%progbits
 437              		.align	2
 438              		.global	WaveDAC8_1_Stop
 439              		.thumb
 440              		.thumb_func
 441              		.type	WaveDAC8_1_Stop, %function
 442              	WaveDAC8_1_Stop:
 443              	.LFB4:
 170:.\Generated_Source\PSoC5/WaveDAC8_1.c **** 
 171:.\Generated_Source\PSoC5/WaveDAC8_1.c **** 
 172:.\Generated_Source\PSoC5/WaveDAC8_1.c **** /*******************************************************************************
 173:.\Generated_Source\PSoC5/WaveDAC8_1.c **** * Function Name: WaveDAC8_1_Stop
 174:.\Generated_Source\PSoC5/WaveDAC8_1.c **** ********************************************************************************
 175:.\Generated_Source\PSoC5/WaveDAC8_1.c **** *
 176:.\Generated_Source\PSoC5/WaveDAC8_1.c **** * Summary:
 177:.\Generated_Source\PSoC5/WaveDAC8_1.c **** *  Stops the clock (if internal), disables the DMA channels
 178:.\Generated_Source\PSoC5/WaveDAC8_1.c **** *  and powers down the DAC.
 179:.\Generated_Source\PSoC5/WaveDAC8_1.c **** *
 180:.\Generated_Source\PSoC5/WaveDAC8_1.c **** * Parameters:  
 181:.\Generated_Source\PSoC5/WaveDAC8_1.c **** *  None  
 182:.\Generated_Source\PSoC5/WaveDAC8_1.c **** *
 183:.\Generated_Source\PSoC5/WaveDAC8_1.c **** * Return: 
 184:.\Generated_Source\PSoC5/WaveDAC8_1.c **** *  None
ARM GAS  C:\Users\BRANKO~1\AppData\Local\Temp\cckbkMgt.s 			page 12


 185:.\Generated_Source\PSoC5/WaveDAC8_1.c **** *
 186:.\Generated_Source\PSoC5/WaveDAC8_1.c **** *******************************************************************************/
 187:.\Generated_Source\PSoC5/WaveDAC8_1.c **** void WaveDAC8_1_Stop(void) 
 188:.\Generated_Source\PSoC5/WaveDAC8_1.c **** {
 444              		.loc 1 188 0
 445              		.cfi_startproc
 446              		@ args = 0, pretend = 0, frame = 0
 447              		@ frame_needed = 1, uses_anonymous_args = 0
 448 0000 80B5     		push	{r7, lr}
 449              		.cfi_def_cfa_offset 8
 450              		.cfi_offset 7, -8
 451              		.cfi_offset 14, -4
 452 0002 00AF     		add	r7, sp, #0
 453              		.cfi_def_cfa_register 7
 189:.\Generated_Source\PSoC5/WaveDAC8_1.c **** 	/* Turn off internal clock, if one present */
 190:.\Generated_Source\PSoC5/WaveDAC8_1.c **** 	#if(WaveDAC8_1_CLOCK_SRC == WaveDAC8_1_CLOCK_INT)  	
 191:.\Generated_Source\PSoC5/WaveDAC8_1.c **** 	   WaveDAC8_1_DacClk_Stop();
 454              		.loc 1 191 0
 455 0004 FFF7FEFF 		bl	WaveDAC8_1_DacClk_Stop
 192:.\Generated_Source\PSoC5/WaveDAC8_1.c **** 	#endif /* WaveDAC8_1_CLOCK_SRC == WaveDAC8_1_CLOCK_INT */
 193:.\Generated_Source\PSoC5/WaveDAC8_1.c **** 	
 194:.\Generated_Source\PSoC5/WaveDAC8_1.c **** 	/* Disble DMA channels */
 195:.\Generated_Source\PSoC5/WaveDAC8_1.c **** 	(void)CyDmaChDisable(WaveDAC8_1_Wave1Chan);
 456              		.loc 1 195 0
 457 0008 064B     		ldr	r3, .L13
 458 000a 1B78     		ldrb	r3, [r3]	@ zero_extendqisi2
 459 000c 1846     		mov	r0, r3
 460 000e FFF7FEFF 		bl	CyDmaChDisable
 196:.\Generated_Source\PSoC5/WaveDAC8_1.c **** 	(void)CyDmaChDisable(WaveDAC8_1_Wave2Chan);
 461              		.loc 1 196 0
 462 0012 054B     		ldr	r3, .L13+4
 463 0014 1B78     		ldrb	r3, [r3]	@ zero_extendqisi2
 464 0016 1846     		mov	r0, r3
 465 0018 FFF7FEFF 		bl	CyDmaChDisable
 197:.\Generated_Source\PSoC5/WaveDAC8_1.c **** 
 198:.\Generated_Source\PSoC5/WaveDAC8_1.c **** 	/* Disable power to DAC */
 199:.\Generated_Source\PSoC5/WaveDAC8_1.c **** 	WaveDAC8_1_VDAC8_Stop();
 466              		.loc 1 199 0
 467 001c FFF7FEFF 		bl	WaveDAC8_1_VDAC8_Stop
 200:.\Generated_Source\PSoC5/WaveDAC8_1.c **** }
 468              		.loc 1 200 0
 469 0020 80BD     		pop	{r7, pc}
 470              	.L14:
 471 0022 00BF     		.align	2
 472              	.L13:
 473 0024 01000000 		.word	WaveDAC8_1_Wave1Chan
 474 0028 02000000 		.word	WaveDAC8_1_Wave2Chan
 475              		.cfi_endproc
 476              	.LFE4:
 477              		.size	WaveDAC8_1_Stop, .-WaveDAC8_1_Stop
 478              		.section	.text.WaveDAC8_1_Wave1Setup,"ax",%progbits
 479              		.align	2
 480              		.global	WaveDAC8_1_Wave1Setup
 481              		.thumb
 482              		.thumb_func
 483              		.type	WaveDAC8_1_Wave1Setup, %function
 484              	WaveDAC8_1_Wave1Setup:
ARM GAS  C:\Users\BRANKO~1\AppData\Local\Temp\cckbkMgt.s 			page 13


 485              	.LFB5:
 201:.\Generated_Source\PSoC5/WaveDAC8_1.c **** 
 202:.\Generated_Source\PSoC5/WaveDAC8_1.c **** 
 203:.\Generated_Source\PSoC5/WaveDAC8_1.c **** /*******************************************************************************
 204:.\Generated_Source\PSoC5/WaveDAC8_1.c **** * Function Name: WaveDAC8_1_Wave1Setup
 205:.\Generated_Source\PSoC5/WaveDAC8_1.c **** ********************************************************************************
 206:.\Generated_Source\PSoC5/WaveDAC8_1.c **** *
 207:.\Generated_Source\PSoC5/WaveDAC8_1.c **** * Summary:
 208:.\Generated_Source\PSoC5/WaveDAC8_1.c **** *  Sets pointer and size for waveform 1.                                    
 209:.\Generated_Source\PSoC5/WaveDAC8_1.c **** *
 210:.\Generated_Source\PSoC5/WaveDAC8_1.c **** * Parameters:  
 211:.\Generated_Source\PSoC5/WaveDAC8_1.c **** *  uint8 * WavePtr:     Pointer to the waveform array.
 212:.\Generated_Source\PSoC5/WaveDAC8_1.c **** *  uint16  SampleSize:  The amount of samples in the waveform.
 213:.\Generated_Source\PSoC5/WaveDAC8_1.c **** *
 214:.\Generated_Source\PSoC5/WaveDAC8_1.c **** * Return: 
 215:.\Generated_Source\PSoC5/WaveDAC8_1.c **** *  None 
 216:.\Generated_Source\PSoC5/WaveDAC8_1.c **** *
 217:.\Generated_Source\PSoC5/WaveDAC8_1.c **** *******************************************************************************/
 218:.\Generated_Source\PSoC5/WaveDAC8_1.c **** void WaveDAC8_1_Wave1Setup(const uint8 * wavePtr, uint16 sampleSize)
 219:.\Generated_Source\PSoC5/WaveDAC8_1.c **** 
 220:.\Generated_Source\PSoC5/WaveDAC8_1.c **** {
 486              		.loc 1 220 0
 487              		.cfi_startproc
 488              		@ args = 0, pretend = 0, frame = 8
 489              		@ frame_needed = 1, uses_anonymous_args = 0
 490 0000 80B5     		push	{r7, lr}
 491              		.cfi_def_cfa_offset 8
 492              		.cfi_offset 7, -8
 493              		.cfi_offset 14, -4
 494 0002 82B0     		sub	sp, sp, #8
 495              		.cfi_def_cfa_offset 16
 496 0004 00AF     		add	r7, sp, #0
 497              		.cfi_def_cfa_register 7
 498 0006 7860     		str	r0, [r7, #4]
 499 0008 0B46     		mov	r3, r1
 500 000a 7B80     		strh	r3, [r7, #2]	@ movhi
 221:.\Generated_Source\PSoC5/WaveDAC8_1.c **** 	#if (CY_PSOC3)
 222:.\Generated_Source\PSoC5/WaveDAC8_1.c **** 		uint16 memoryType; /* determining the source memory type */
 223:.\Generated_Source\PSoC5/WaveDAC8_1.c **** 		memoryType = (WaveDAC8_1_HI16FLASHPTR == HI16(wavePtr)) ? HI16(CYDEV_FLS_BASE) : HI16(CYDEV_SRAM_
 224:.\Generated_Source\PSoC5/WaveDAC8_1.c **** 		
 225:.\Generated_Source\PSoC5/WaveDAC8_1.c **** 		WaveDAC8_1_Wave1Chan = WaveDAC8_1_Wave1_DMA_DmaInitialize(
 226:.\Generated_Source\PSoC5/WaveDAC8_1.c **** 		WaveDAC8_1_Wave1_DMA_BYTES_PER_BURST, WaveDAC8_1_Wave1_DMA_REQUEST_PER_BURST,
 227:.\Generated_Source\PSoC5/WaveDAC8_1.c **** 		memoryType, HI16(CYDEV_PERIPH_BASE));
 228:.\Generated_Source\PSoC5/WaveDAC8_1.c **** 	#else /* PSoC 5 */
 229:.\Generated_Source\PSoC5/WaveDAC8_1.c **** 		WaveDAC8_1_Wave1Chan = WaveDAC8_1_Wave1_DMA_DmaInitialize(
 230:.\Generated_Source\PSoC5/WaveDAC8_1.c **** 		WaveDAC8_1_Wave1_DMA_BYTES_PER_BURST, WaveDAC8_1_Wave1_DMA_REQUEST_PER_BURST,
 231:.\Generated_Source\PSoC5/WaveDAC8_1.c **** 		HI16(wavePtr), HI16(WaveDAC8_1_DAC8__D));
 501              		.loc 1 231 0
 502 000c 7B68     		ldr	r3, [r7, #4]
 503 000e 1B0C     		lsrs	r3, r3, #16
 229:.\Generated_Source\PSoC5/WaveDAC8_1.c **** 		WaveDAC8_1_Wave1Chan = WaveDAC8_1_Wave1_DMA_DmaInitialize(
 504              		.loc 1 229 0
 505 0010 9BB2     		uxth	r3, r3
 506 0012 0120     		movs	r0, #1
 507 0014 0121     		movs	r1, #1
 508 0016 1A46     		mov	r2, r3
 509 0018 4FF48043 		mov	r3, #16384
ARM GAS  C:\Users\BRANKO~1\AppData\Local\Temp\cckbkMgt.s 			page 14


 510 001c FFF7FEFF 		bl	WaveDAC8_1_Wave1_DMA_DmaInitialize
 511 0020 0346     		mov	r3, r0
 512 0022 1A46     		mov	r2, r3
 513 0024 104B     		ldr	r3, .L16
 514 0026 1A70     		strb	r2, [r3]
 232:.\Generated_Source\PSoC5/WaveDAC8_1.c **** 	#endif /* CY_PSOC3 */
 233:.\Generated_Source\PSoC5/WaveDAC8_1.c **** 	
 234:.\Generated_Source\PSoC5/WaveDAC8_1.c **** 	/*
 235:.\Generated_Source\PSoC5/WaveDAC8_1.c **** 	* TD is looping on itself. 
 236:.\Generated_Source\PSoC5/WaveDAC8_1.c ****     * Increment the source address, but not the destination address. 
 237:.\Generated_Source\PSoC5/WaveDAC8_1.c **** 	*/
 238:.\Generated_Source\PSoC5/WaveDAC8_1.c **** 	(void)CyDmaTdSetConfiguration(WaveDAC8_1_Wave1TD, sampleSize, WaveDAC8_1_Wave1TD, 
 515              		.loc 1 238 0
 516 0028 104B     		ldr	r3, .L16+4
 517 002a 1978     		ldrb	r1, [r3]	@ zero_extendqisi2
 518 002c 0F4B     		ldr	r3, .L16+4
 519 002e 1B78     		ldrb	r3, [r3]	@ zero_extendqisi2
 520 0030 7A88     		ldrh	r2, [r7, #2]
 521 0032 0846     		mov	r0, r1
 522 0034 1146     		mov	r1, r2
 523 0036 1A46     		mov	r2, r3
 524 0038 0123     		movs	r3, #1
 525 003a FFF7FEFF 		bl	CyDmaTdSetConfiguration
 239:.\Generated_Source\PSoC5/WaveDAC8_1.c ****                                     (uint8)CY_DMA_TD_INC_SRC_ADR | (uint8)WaveDAC8_1_Wave1_DMA__TD_
 240:.\Generated_Source\PSoC5/WaveDAC8_1.c **** 	
 241:.\Generated_Source\PSoC5/WaveDAC8_1.c **** 	/* Set the TD source and destination address */
 242:.\Generated_Source\PSoC5/WaveDAC8_1.c **** 	(void)CyDmaTdSetAddress(WaveDAC8_1_Wave1TD, LO16((uint32)wavePtr), LO16(WaveDAC8_1_DAC8__D));
 526              		.loc 1 242 0
 527 003e 0B4B     		ldr	r3, .L16+4
 528 0040 1A78     		ldrb	r2, [r3]	@ zero_extendqisi2
 529 0042 7B68     		ldr	r3, [r7, #4]
 530 0044 9BB2     		uxth	r3, r3
 531 0046 1046     		mov	r0, r2
 532 0048 1946     		mov	r1, r3
 533 004a 4FF4B742 		mov	r2, #23424
 534 004e FFF7FEFF 		bl	CyDmaTdSetAddress
 243:.\Generated_Source\PSoC5/WaveDAC8_1.c **** 	
 244:.\Generated_Source\PSoC5/WaveDAC8_1.c **** 	/* Associate the TD with the channel */
 245:.\Generated_Source\PSoC5/WaveDAC8_1.c **** 	(void)CyDmaChSetInitialTd(WaveDAC8_1_Wave1Chan, WaveDAC8_1_Wave1TD);
 535              		.loc 1 245 0
 536 0052 054B     		ldr	r3, .L16
 537 0054 1A78     		ldrb	r2, [r3]	@ zero_extendqisi2
 538 0056 054B     		ldr	r3, .L16+4
 539 0058 1B78     		ldrb	r3, [r3]	@ zero_extendqisi2
 540 005a 1046     		mov	r0, r2
 541 005c 1946     		mov	r1, r3
 542 005e FFF7FEFF 		bl	CyDmaChSetInitialTd
 246:.\Generated_Source\PSoC5/WaveDAC8_1.c **** }
 543              		.loc 1 246 0
 544 0062 0837     		adds	r7, r7, #8
 545 0064 BD46     		mov	sp, r7
 546              		@ sp needed
 547 0066 80BD     		pop	{r7, pc}
 548              	.L17:
 549              		.align	2
 550              	.L16:
 551 0068 01000000 		.word	WaveDAC8_1_Wave1Chan
ARM GAS  C:\Users\BRANKO~1\AppData\Local\Temp\cckbkMgt.s 			page 15


 552 006c 03000000 		.word	WaveDAC8_1_Wave1TD
 553              		.cfi_endproc
 554              	.LFE5:
 555              		.size	WaveDAC8_1_Wave1Setup, .-WaveDAC8_1_Wave1Setup
 556              		.section	.text.WaveDAC8_1_Wave2Setup,"ax",%progbits
 557              		.align	2
 558              		.global	WaveDAC8_1_Wave2Setup
 559              		.thumb
 560              		.thumb_func
 561              		.type	WaveDAC8_1_Wave2Setup, %function
 562              	WaveDAC8_1_Wave2Setup:
 563              	.LFB6:
 247:.\Generated_Source\PSoC5/WaveDAC8_1.c **** 
 248:.\Generated_Source\PSoC5/WaveDAC8_1.c **** 
 249:.\Generated_Source\PSoC5/WaveDAC8_1.c **** /*******************************************************************************
 250:.\Generated_Source\PSoC5/WaveDAC8_1.c **** * Function Name: WaveDAC8_1_Wave2Setup
 251:.\Generated_Source\PSoC5/WaveDAC8_1.c **** ********************************************************************************
 252:.\Generated_Source\PSoC5/WaveDAC8_1.c **** *
 253:.\Generated_Source\PSoC5/WaveDAC8_1.c **** * Summary:
 254:.\Generated_Source\PSoC5/WaveDAC8_1.c **** *  Sets pointer and size for waveform 2.                                    
 255:.\Generated_Source\PSoC5/WaveDAC8_1.c **** *
 256:.\Generated_Source\PSoC5/WaveDAC8_1.c **** * Parameters:  
 257:.\Generated_Source\PSoC5/WaveDAC8_1.c **** *  uint8 * WavePtr:     Pointer to the waveform array.
 258:.\Generated_Source\PSoC5/WaveDAC8_1.c **** *  uint16  SampleSize:  The amount of samples in the waveform.
 259:.\Generated_Source\PSoC5/WaveDAC8_1.c **** *
 260:.\Generated_Source\PSoC5/WaveDAC8_1.c **** * Return: 
 261:.\Generated_Source\PSoC5/WaveDAC8_1.c **** *  None
 262:.\Generated_Source\PSoC5/WaveDAC8_1.c **** *
 263:.\Generated_Source\PSoC5/WaveDAC8_1.c **** *******************************************************************************/
 264:.\Generated_Source\PSoC5/WaveDAC8_1.c **** void WaveDAC8_1_Wave2Setup(const uint8 * wavePtr, uint16 sampleSize)
 265:.\Generated_Source\PSoC5/WaveDAC8_1.c ****  
 266:.\Generated_Source\PSoC5/WaveDAC8_1.c **** {
 564              		.loc 1 266 0
 565              		.cfi_startproc
 566              		@ args = 0, pretend = 0, frame = 8
 567              		@ frame_needed = 1, uses_anonymous_args = 0
 568 0000 80B5     		push	{r7, lr}
 569              		.cfi_def_cfa_offset 8
 570              		.cfi_offset 7, -8
 571              		.cfi_offset 14, -4
 572 0002 82B0     		sub	sp, sp, #8
 573              		.cfi_def_cfa_offset 16
 574 0004 00AF     		add	r7, sp, #0
 575              		.cfi_def_cfa_register 7
 576 0006 7860     		str	r0, [r7, #4]
 577 0008 0B46     		mov	r3, r1
 578 000a 7B80     		strh	r3, [r7, #2]	@ movhi
 267:.\Generated_Source\PSoC5/WaveDAC8_1.c **** 	#if (CY_PSOC3)
 268:.\Generated_Source\PSoC5/WaveDAC8_1.c **** 		uint16 memoryType; /* determining the source memory type */
 269:.\Generated_Source\PSoC5/WaveDAC8_1.c **** 		memoryType = (WaveDAC8_1_HI16FLASHPTR == HI16(wavePtr)) ? HI16(CYDEV_FLS_BASE) : HI16(CYDEV_SRAM_
 270:.\Generated_Source\PSoC5/WaveDAC8_1.c **** 			
 271:.\Generated_Source\PSoC5/WaveDAC8_1.c **** 		WaveDAC8_1_Wave2Chan = WaveDAC8_1_Wave2_DMA_DmaInitialize(
 272:.\Generated_Source\PSoC5/WaveDAC8_1.c **** 		WaveDAC8_1_Wave2_DMA_BYTES_PER_BURST, WaveDAC8_1_Wave2_DMA_REQUEST_PER_BURST,
 273:.\Generated_Source\PSoC5/WaveDAC8_1.c **** 		memoryType, HI16(CYDEV_PERIPH_BASE));
 274:.\Generated_Source\PSoC5/WaveDAC8_1.c **** 	#else /* PSoC 5 */
 275:.\Generated_Source\PSoC5/WaveDAC8_1.c **** 		WaveDAC8_1_Wave2Chan = WaveDAC8_1_Wave2_DMA_DmaInitialize(
 276:.\Generated_Source\PSoC5/WaveDAC8_1.c **** 		WaveDAC8_1_Wave2_DMA_BYTES_PER_BURST, WaveDAC8_1_Wave2_DMA_REQUEST_PER_BURST,
ARM GAS  C:\Users\BRANKO~1\AppData\Local\Temp\cckbkMgt.s 			page 16


 277:.\Generated_Source\PSoC5/WaveDAC8_1.c **** 		HI16(wavePtr), HI16(WaveDAC8_1_DAC8__D));
 579              		.loc 1 277 0
 580 000c 7B68     		ldr	r3, [r7, #4]
 581 000e 1B0C     		lsrs	r3, r3, #16
 275:.\Generated_Source\PSoC5/WaveDAC8_1.c **** 		WaveDAC8_1_Wave2Chan = WaveDAC8_1_Wave2_DMA_DmaInitialize(
 582              		.loc 1 275 0
 583 0010 9BB2     		uxth	r3, r3
 584 0012 0120     		movs	r0, #1
 585 0014 0121     		movs	r1, #1
 586 0016 1A46     		mov	r2, r3
 587 0018 4FF48043 		mov	r3, #16384
 588 001c FFF7FEFF 		bl	WaveDAC8_1_Wave2_DMA_DmaInitialize
 589 0020 0346     		mov	r3, r0
 590 0022 1A46     		mov	r2, r3
 591 0024 104B     		ldr	r3, .L19
 592 0026 1A70     		strb	r2, [r3]
 278:.\Generated_Source\PSoC5/WaveDAC8_1.c **** 	#endif /* CY_PSOC3 */
 279:.\Generated_Source\PSoC5/WaveDAC8_1.c **** 	
 280:.\Generated_Source\PSoC5/WaveDAC8_1.c **** 	/*
 281:.\Generated_Source\PSoC5/WaveDAC8_1.c **** 	* TD is looping on itself. 
 282:.\Generated_Source\PSoC5/WaveDAC8_1.c **** 	* Increment the source address, but not the destination address. 
 283:.\Generated_Source\PSoC5/WaveDAC8_1.c **** 	*/
 284:.\Generated_Source\PSoC5/WaveDAC8_1.c **** 	(void)CyDmaTdSetConfiguration(WaveDAC8_1_Wave2TD, sampleSize, WaveDAC8_1_Wave2TD, 
 593              		.loc 1 284 0
 594 0028 104B     		ldr	r3, .L19+4
 595 002a 1978     		ldrb	r1, [r3]	@ zero_extendqisi2
 596 002c 0F4B     		ldr	r3, .L19+4
 597 002e 1B78     		ldrb	r3, [r3]	@ zero_extendqisi2
 598 0030 7A88     		ldrh	r2, [r7, #2]
 599 0032 0846     		mov	r0, r1
 600 0034 1146     		mov	r1, r2
 601 0036 1A46     		mov	r2, r3
 602 0038 0123     		movs	r3, #1
 603 003a FFF7FEFF 		bl	CyDmaTdSetConfiguration
 285:.\Generated_Source\PSoC5/WaveDAC8_1.c ****                                     (uint8)CY_DMA_TD_INC_SRC_ADR | (uint8)WaveDAC8_1_Wave2_DMA__TD_
 286:.\Generated_Source\PSoC5/WaveDAC8_1.c **** 	
 287:.\Generated_Source\PSoC5/WaveDAC8_1.c **** 	/* Set the TD source and destination address */
 288:.\Generated_Source\PSoC5/WaveDAC8_1.c **** 	(void)CyDmaTdSetAddress(WaveDAC8_1_Wave2TD, LO16((uint32)wavePtr), LO16(WaveDAC8_1_DAC8__D));
 604              		.loc 1 288 0
 605 003e 0B4B     		ldr	r3, .L19+4
 606 0040 1A78     		ldrb	r2, [r3]	@ zero_extendqisi2
 607 0042 7B68     		ldr	r3, [r7, #4]
 608 0044 9BB2     		uxth	r3, r3
 609 0046 1046     		mov	r0, r2
 610 0048 1946     		mov	r1, r3
 611 004a 4FF4B742 		mov	r2, #23424
 612 004e FFF7FEFF 		bl	CyDmaTdSetAddress
 289:.\Generated_Source\PSoC5/WaveDAC8_1.c **** 	
 290:.\Generated_Source\PSoC5/WaveDAC8_1.c **** 	/* Associate the TD with the channel */
 291:.\Generated_Source\PSoC5/WaveDAC8_1.c **** 	(void)CyDmaChSetInitialTd(WaveDAC8_1_Wave2Chan, WaveDAC8_1_Wave2TD);
 613              		.loc 1 291 0
 614 0052 054B     		ldr	r3, .L19
 615 0054 1A78     		ldrb	r2, [r3]	@ zero_extendqisi2
 616 0056 054B     		ldr	r3, .L19+4
 617 0058 1B78     		ldrb	r3, [r3]	@ zero_extendqisi2
 618 005a 1046     		mov	r0, r2
 619 005c 1946     		mov	r1, r3
ARM GAS  C:\Users\BRANKO~1\AppData\Local\Temp\cckbkMgt.s 			page 17


 620 005e FFF7FEFF 		bl	CyDmaChSetInitialTd
 292:.\Generated_Source\PSoC5/WaveDAC8_1.c **** }
 621              		.loc 1 292 0
 622 0062 0837     		adds	r7, r7, #8
 623 0064 BD46     		mov	sp, r7
 624              		@ sp needed
 625 0066 80BD     		pop	{r7, pc}
 626              	.L20:
 627              		.align	2
 628              	.L19:
 629 0068 02000000 		.word	WaveDAC8_1_Wave2Chan
 630 006c 04000000 		.word	WaveDAC8_1_Wave2TD
 631              		.cfi_endproc
 632              	.LFE6:
 633              		.size	WaveDAC8_1_Wave2Setup, .-WaveDAC8_1_Wave2Setup
 634              		.text
 635              	.Letext0:
 636              		.file 2 ".\\Generated_Source\\PSoC5\\cytypes.h"
 637              		.section	.debug_info,"",%progbits
 638              	.Ldebug_info0:
 639 0000 3A020000 		.4byte	0x23a
 640 0004 0400     		.2byte	0x4
 641 0006 00000000 		.4byte	.Ldebug_abbrev0
 642 000a 04       		.byte	0x4
 643 000b 01       		.uleb128 0x1
 644 000c 8C010000 		.4byte	.LASF36
 645 0010 01       		.byte	0x1
 646 0011 24020000 		.4byte	.LASF37
 647 0015 00000000 		.4byte	.LASF38
 648 0019 00000000 		.4byte	.Ldebug_ranges0+0
 649 001d 00000000 		.4byte	0
 650 0021 00000000 		.4byte	.Ldebug_line0
 651 0025 02       		.uleb128 0x2
 652 0026 01       		.byte	0x1
 653 0027 06       		.byte	0x6
 654 0028 B2020000 		.4byte	.LASF0
 655 002c 02       		.uleb128 0x2
 656 002d 01       		.byte	0x1
 657 002e 08       		.byte	0x8
 658 002f 47010000 		.4byte	.LASF1
 659 0033 02       		.uleb128 0x2
 660 0034 02       		.byte	0x2
 661 0035 05       		.byte	0x5
 662 0036 2F010000 		.4byte	.LASF2
 663 003a 02       		.uleb128 0x2
 664 003b 02       		.byte	0x2
 665 003c 07       		.byte	0x7
 666 003d 5D000000 		.4byte	.LASF3
 667 0041 02       		.uleb128 0x2
 668 0042 04       		.byte	0x4
 669 0043 05       		.byte	0x5
 670 0044 A9020000 		.4byte	.LASF4
 671 0048 02       		.uleb128 0x2
 672 0049 04       		.byte	0x4
 673 004a 07       		.byte	0x7
 674 004b CA000000 		.4byte	.LASF5
 675 004f 02       		.uleb128 0x2
ARM GAS  C:\Users\BRANKO~1\AppData\Local\Temp\cckbkMgt.s 			page 18


 676 0050 08       		.byte	0x8
 677 0051 05       		.byte	0x5
 678 0052 11020000 		.4byte	.LASF6
 679 0056 02       		.uleb128 0x2
 680 0057 08       		.byte	0x8
 681 0058 07       		.byte	0x7
 682 0059 62010000 		.4byte	.LASF7
 683 005d 03       		.uleb128 0x3
 684 005e 04       		.byte	0x4
 685 005f 05       		.byte	0x5
 686 0060 696E7400 		.ascii	"int\000"
 687 0064 02       		.uleb128 0x2
 688 0065 04       		.byte	0x4
 689 0066 07       		.byte	0x7
 690 0067 55010000 		.4byte	.LASF8
 691 006b 04       		.uleb128 0x4
 692 006c E4000000 		.4byte	.LASF9
 693 0070 02       		.byte	0x2
 694 0071 A1       		.byte	0xa1
 695 0072 2C000000 		.4byte	0x2c
 696 0076 04       		.uleb128 0x4
 697 0077 39010000 		.4byte	.LASF10
 698 007b 02       		.byte	0x2
 699 007c A2       		.byte	0xa2
 700 007d 3A000000 		.4byte	0x3a
 701 0081 04       		.uleb128 0x4
 702 0082 40010000 		.4byte	.LASF11
 703 0086 02       		.byte	0x2
 704 0087 A3       		.byte	0xa3
 705 0088 48000000 		.4byte	0x48
 706 008c 02       		.uleb128 0x2
 707 008d 04       		.byte	0x4
 708 008e 04       		.byte	0x4
 709 008f A6000000 		.4byte	.LASF12
 710 0093 02       		.uleb128 0x2
 711 0094 08       		.byte	0x8
 712 0095 04       		.byte	0x4
 713 0096 18010000 		.4byte	.LASF13
 714 009a 02       		.uleb128 0x2
 715 009b 01       		.byte	0x1
 716 009c 08       		.byte	0x8
 717 009d 1F020000 		.4byte	.LASF14
 718 00a1 02       		.uleb128 0x2
 719 00a2 04       		.byte	0x4
 720 00a3 07       		.byte	0x7
 721 00a4 08020000 		.4byte	.LASF15
 722 00a8 05       		.uleb128 0x5
 723 00a9 4D000000 		.4byte	.LASF16
 724 00ad 01       		.byte	0x1
 725 00ae 2B       		.byte	0x2b
 726 00af 00000000 		.4byte	.LFB0
 727 00b3 50000000 		.4byte	.LFE0-.LFB0
 728 00b7 01       		.uleb128 0x1
 729 00b8 9C       		.byte	0x9c
 730 00b9 05       		.uleb128 0x5
 731 00ba 60020000 		.4byte	.LASF17
 732 00be 01       		.byte	0x1
ARM GAS  C:\Users\BRANKO~1\AppData\Local\Temp\cckbkMgt.s 			page 19


 733 00bf 56       		.byte	0x56
 734 00c0 00000000 		.4byte	.LFB1
 735 00c4 34000000 		.4byte	.LFE1-.LFB1
 736 00c8 01       		.uleb128 0x1
 737 00c9 9C       		.byte	0x9c
 738 00ca 05       		.uleb128 0x5
 739 00cb 70000000 		.4byte	.LASF18
 740 00cf 01       		.byte	0x1
 741 00d0 81       		.byte	0x81
 742 00d1 00000000 		.4byte	.LFB2
 743 00d5 20000000 		.4byte	.LFE2-.LFB2
 744 00d9 01       		.uleb128 0x1
 745 00da 9C       		.byte	0x9c
 746 00db 06       		.uleb128 0x6
 747 00dc 93000000 		.4byte	.LASF24
 748 00e0 01       		.byte	0x1
 749 00e1 A3       		.byte	0xa3
 750 00e2 00000000 		.4byte	.LFB3
 751 00e6 2E000000 		.4byte	.LFE3-.LFB3
 752 00ea 01       		.uleb128 0x1
 753 00eb 9C       		.byte	0x9c
 754 00ec 29010000 		.4byte	0x129
 755 00f0 07       		.uleb128 0x7
 756 00f1 81000000 		.4byte	.LASF19
 757 00f5 01       		.byte	0x1
 758 00f6 A3       		.byte	0xa3
 759 00f7 29010000 		.4byte	0x129
 760 00fb 02       		.uleb128 0x2
 761 00fc 91       		.byte	0x91
 762 00fd 74       		.sleb128 -12
 763 00fe 07       		.uleb128 0x7
 764 00ff EA000000 		.4byte	.LASF20
 765 0103 01       		.byte	0x1
 766 0104 A3       		.byte	0xa3
 767 0105 76000000 		.4byte	0x76
 768 0109 02       		.uleb128 0x2
 769 010a 91       		.byte	0x91
 770 010b 72       		.sleb128 -14
 771 010c 07       		.uleb128 0x7
 772 010d 8A000000 		.4byte	.LASF21
 773 0111 01       		.byte	0x1
 774 0112 A3       		.byte	0xa3
 775 0113 29010000 		.4byte	0x129
 776 0117 02       		.uleb128 0x2
 777 0118 91       		.byte	0x91
 778 0119 6C       		.sleb128 -20
 779 011a 07       		.uleb128 0x7
 780 011b F6000000 		.4byte	.LASF22
 781 011f 01       		.byte	0x1
 782 0120 A3       		.byte	0xa3
 783 0121 76000000 		.4byte	0x76
 784 0125 02       		.uleb128 0x2
 785 0126 91       		.byte	0x91
 786 0127 70       		.sleb128 -16
 787 0128 00       		.byte	0
 788 0129 08       		.uleb128 0x8
 789 012a 04       		.byte	0x4
ARM GAS  C:\Users\BRANKO~1\AppData\Local\Temp\cckbkMgt.s 			page 20


 790 012b 2F010000 		.4byte	0x12f
 791 012f 09       		.uleb128 0x9
 792 0130 6B000000 		.4byte	0x6b
 793 0134 05       		.uleb128 0x5
 794 0135 1F010000 		.4byte	.LASF23
 795 0139 01       		.byte	0x1
 796 013a BB       		.byte	0xbb
 797 013b 00000000 		.4byte	.LFB4
 798 013f 2C000000 		.4byte	.LFE4-.LFB4
 799 0143 01       		.uleb128 0x1
 800 0144 9C       		.byte	0x9c
 801 0145 06       		.uleb128 0x6
 802 0146 02010000 		.4byte	.LASF25
 803 014a 01       		.byte	0x1
 804 014b DA       		.byte	0xda
 805 014c 00000000 		.4byte	.LFB5
 806 0150 70000000 		.4byte	.LFE5-.LFB5
 807 0154 01       		.uleb128 0x1
 808 0155 9C       		.byte	0x9c
 809 0156 77010000 		.4byte	0x177
 810 015a 07       		.uleb128 0x7
 811 015b DC000000 		.4byte	.LASF26
 812 015f 01       		.byte	0x1
 813 0160 DA       		.byte	0xda
 814 0161 29010000 		.4byte	0x129
 815 0165 02       		.uleb128 0x2
 816 0166 91       		.byte	0x91
 817 0167 74       		.sleb128 -12
 818 0168 07       		.uleb128 0x7
 819 0169 BF000000 		.4byte	.LASF27
 820 016d 01       		.byte	0x1
 821 016e DA       		.byte	0xda
 822 016f 76000000 		.4byte	0x76
 823 0173 02       		.uleb128 0x2
 824 0174 91       		.byte	0x91
 825 0175 72       		.sleb128 -14
 826 0176 00       		.byte	0
 827 0177 0A       		.uleb128 0xa
 828 0178 4A020000 		.4byte	.LASF28
 829 017c 01       		.byte	0x1
 830 017d 0801     		.2byte	0x108
 831 017f 00000000 		.4byte	.LFB6
 832 0183 70000000 		.4byte	.LFE6-.LFB6
 833 0187 01       		.uleb128 0x1
 834 0188 9C       		.byte	0x9c
 835 0189 AC010000 		.4byte	0x1ac
 836 018d 0B       		.uleb128 0xb
 837 018e DC000000 		.4byte	.LASF26
 838 0192 01       		.byte	0x1
 839 0193 0801     		.2byte	0x108
 840 0195 29010000 		.4byte	0x129
 841 0199 02       		.uleb128 0x2
 842 019a 91       		.byte	0x91
 843 019b 74       		.sleb128 -12
 844 019c 0B       		.uleb128 0xb
 845 019d BF000000 		.4byte	.LASF27
 846 01a1 01       		.byte	0x1
ARM GAS  C:\Users\BRANKO~1\AppData\Local\Temp\cckbkMgt.s 			page 21


 847 01a2 0801     		.2byte	0x108
 848 01a4 76000000 		.4byte	0x76
 849 01a8 02       		.uleb128 0x2
 850 01a9 91       		.byte	0x91
 851 01aa 72       		.sleb128 -14
 852 01ab 00       		.byte	0
 853 01ac 0C       		.uleb128 0xc
 854 01ad 94020000 		.4byte	.LASF29
 855 01b1 01       		.byte	0x1
 856 01b2 17       		.byte	0x17
 857 01b3 6B000000 		.4byte	0x6b
 858 01b7 05       		.uleb128 0x5
 859 01b8 03       		.byte	0x3
 860 01b9 01000000 		.4byte	WaveDAC8_1_Wave1Chan
 861 01bd 0C       		.uleb128 0xc
 862 01be 38000000 		.4byte	.LASF30
 863 01c2 01       		.byte	0x1
 864 01c3 18       		.byte	0x18
 865 01c4 6B000000 		.4byte	0x6b
 866 01c8 05       		.uleb128 0x5
 867 01c9 03       		.byte	0x3
 868 01ca 02000000 		.4byte	WaveDAC8_1_Wave2Chan
 869 01ce 0C       		.uleb128 0xc
 870 01cf AC000000 		.4byte	.LASF31
 871 01d3 01       		.byte	0x1
 872 01d4 19       		.byte	0x19
 873 01d5 6B000000 		.4byte	0x6b
 874 01d9 05       		.uleb128 0x5
 875 01da 03       		.byte	0x3
 876 01db 03000000 		.4byte	WaveDAC8_1_Wave1TD
 877 01df 0C       		.uleb128 0xc
 878 01e0 79010000 		.4byte	.LASF32
 879 01e4 01       		.byte	0x1
 880 01e5 1A       		.byte	0x1a
 881 01e6 6B000000 		.4byte	0x6b
 882 01ea 05       		.uleb128 0x5
 883 01eb 03       		.byte	0x3
 884 01ec 04000000 		.4byte	WaveDAC8_1_Wave2TD
 885 01f0 0D       		.uleb128 0xd
 886 01f1 25000000 		.4byte	.LASF33
 887 01f5 01       		.byte	0x1
 888 01f6 12       		.byte	0x12
 889 01f7 6B000000 		.4byte	0x6b
 890 01fb 05       		.uleb128 0x5
 891 01fc 03       		.byte	0x3
 892 01fd 00000000 		.4byte	WaveDAC8_1_initVar
 893 0201 0E       		.uleb128 0xe
 894 0202 6B000000 		.4byte	0x6b
 895 0206 11020000 		.4byte	0x211
 896 020a 0F       		.uleb128 0xf
 897 020b A1000000 		.4byte	0xa1
 898 020f 63       		.byte	0x63
 899 0210 00       		.byte	0
 900 0211 0D       		.uleb128 0xd
 901 0212 72020000 		.4byte	.LASF34
 902 0216 01       		.byte	0x1
 903 0217 14       		.byte	0x14
ARM GAS  C:\Users\BRANKO~1\AppData\Local\Temp\cckbkMgt.s 			page 22


 904 0218 22020000 		.4byte	0x222
 905 021c 05       		.uleb128 0x5
 906 021d 03       		.byte	0x3
 907 021e 00000000 		.4byte	WaveDAC8_1_wave1
 908 0222 09       		.uleb128 0x9
 909 0223 01020000 		.4byte	0x201
 910 0227 0D       		.uleb128 0xd
 911 0228 83020000 		.4byte	.LASF35
 912 022c 01       		.byte	0x1
 913 022d 15       		.byte	0x15
 914 022e 38020000 		.4byte	0x238
 915 0232 05       		.uleb128 0x5
 916 0233 03       		.byte	0x3
 917 0234 00000000 		.4byte	WaveDAC8_1_wave2
 918 0238 09       		.uleb128 0x9
 919 0239 01020000 		.4byte	0x201
 920 023d 00       		.byte	0
 921              		.section	.debug_abbrev,"",%progbits
 922              	.Ldebug_abbrev0:
 923 0000 01       		.uleb128 0x1
 924 0001 11       		.uleb128 0x11
 925 0002 01       		.byte	0x1
 926 0003 25       		.uleb128 0x25
 927 0004 0E       		.uleb128 0xe
 928 0005 13       		.uleb128 0x13
 929 0006 0B       		.uleb128 0xb
 930 0007 03       		.uleb128 0x3
 931 0008 0E       		.uleb128 0xe
 932 0009 1B       		.uleb128 0x1b
 933 000a 0E       		.uleb128 0xe
 934 000b 55       		.uleb128 0x55
 935 000c 17       		.uleb128 0x17
 936 000d 11       		.uleb128 0x11
 937 000e 01       		.uleb128 0x1
 938 000f 10       		.uleb128 0x10
 939 0010 17       		.uleb128 0x17
 940 0011 00       		.byte	0
 941 0012 00       		.byte	0
 942 0013 02       		.uleb128 0x2
 943 0014 24       		.uleb128 0x24
 944 0015 00       		.byte	0
 945 0016 0B       		.uleb128 0xb
 946 0017 0B       		.uleb128 0xb
 947 0018 3E       		.uleb128 0x3e
 948 0019 0B       		.uleb128 0xb
 949 001a 03       		.uleb128 0x3
 950 001b 0E       		.uleb128 0xe
 951 001c 00       		.byte	0
 952 001d 00       		.byte	0
 953 001e 03       		.uleb128 0x3
 954 001f 24       		.uleb128 0x24
 955 0020 00       		.byte	0
 956 0021 0B       		.uleb128 0xb
 957 0022 0B       		.uleb128 0xb
 958 0023 3E       		.uleb128 0x3e
 959 0024 0B       		.uleb128 0xb
 960 0025 03       		.uleb128 0x3
ARM GAS  C:\Users\BRANKO~1\AppData\Local\Temp\cckbkMgt.s 			page 23


 961 0026 08       		.uleb128 0x8
 962 0027 00       		.byte	0
 963 0028 00       		.byte	0
 964 0029 04       		.uleb128 0x4
 965 002a 16       		.uleb128 0x16
 966 002b 00       		.byte	0
 967 002c 03       		.uleb128 0x3
 968 002d 0E       		.uleb128 0xe
 969 002e 3A       		.uleb128 0x3a
 970 002f 0B       		.uleb128 0xb
 971 0030 3B       		.uleb128 0x3b
 972 0031 0B       		.uleb128 0xb
 973 0032 49       		.uleb128 0x49
 974 0033 13       		.uleb128 0x13
 975 0034 00       		.byte	0
 976 0035 00       		.byte	0
 977 0036 05       		.uleb128 0x5
 978 0037 2E       		.uleb128 0x2e
 979 0038 00       		.byte	0
 980 0039 3F       		.uleb128 0x3f
 981 003a 19       		.uleb128 0x19
 982 003b 03       		.uleb128 0x3
 983 003c 0E       		.uleb128 0xe
 984 003d 3A       		.uleb128 0x3a
 985 003e 0B       		.uleb128 0xb
 986 003f 3B       		.uleb128 0x3b
 987 0040 0B       		.uleb128 0xb
 988 0041 27       		.uleb128 0x27
 989 0042 19       		.uleb128 0x19
 990 0043 11       		.uleb128 0x11
 991 0044 01       		.uleb128 0x1
 992 0045 12       		.uleb128 0x12
 993 0046 06       		.uleb128 0x6
 994 0047 40       		.uleb128 0x40
 995 0048 18       		.uleb128 0x18
 996 0049 9642     		.uleb128 0x2116
 997 004b 19       		.uleb128 0x19
 998 004c 00       		.byte	0
 999 004d 00       		.byte	0
 1000 004e 06       		.uleb128 0x6
 1001 004f 2E       		.uleb128 0x2e
 1002 0050 01       		.byte	0x1
 1003 0051 3F       		.uleb128 0x3f
 1004 0052 19       		.uleb128 0x19
 1005 0053 03       		.uleb128 0x3
 1006 0054 0E       		.uleb128 0xe
 1007 0055 3A       		.uleb128 0x3a
 1008 0056 0B       		.uleb128 0xb
 1009 0057 3B       		.uleb128 0x3b
 1010 0058 0B       		.uleb128 0xb
 1011 0059 27       		.uleb128 0x27
 1012 005a 19       		.uleb128 0x19
 1013 005b 11       		.uleb128 0x11
 1014 005c 01       		.uleb128 0x1
 1015 005d 12       		.uleb128 0x12
 1016 005e 06       		.uleb128 0x6
 1017 005f 40       		.uleb128 0x40
ARM GAS  C:\Users\BRANKO~1\AppData\Local\Temp\cckbkMgt.s 			page 24


 1018 0060 18       		.uleb128 0x18
 1019 0061 9642     		.uleb128 0x2116
 1020 0063 19       		.uleb128 0x19
 1021 0064 01       		.uleb128 0x1
 1022 0065 13       		.uleb128 0x13
 1023 0066 00       		.byte	0
 1024 0067 00       		.byte	0
 1025 0068 07       		.uleb128 0x7
 1026 0069 05       		.uleb128 0x5
 1027 006a 00       		.byte	0
 1028 006b 03       		.uleb128 0x3
 1029 006c 0E       		.uleb128 0xe
 1030 006d 3A       		.uleb128 0x3a
 1031 006e 0B       		.uleb128 0xb
 1032 006f 3B       		.uleb128 0x3b
 1033 0070 0B       		.uleb128 0xb
 1034 0071 49       		.uleb128 0x49
 1035 0072 13       		.uleb128 0x13
 1036 0073 02       		.uleb128 0x2
 1037 0074 18       		.uleb128 0x18
 1038 0075 00       		.byte	0
 1039 0076 00       		.byte	0
 1040 0077 08       		.uleb128 0x8
 1041 0078 0F       		.uleb128 0xf
 1042 0079 00       		.byte	0
 1043 007a 0B       		.uleb128 0xb
 1044 007b 0B       		.uleb128 0xb
 1045 007c 49       		.uleb128 0x49
 1046 007d 13       		.uleb128 0x13
 1047 007e 00       		.byte	0
 1048 007f 00       		.byte	0
 1049 0080 09       		.uleb128 0x9
 1050 0081 26       		.uleb128 0x26
 1051 0082 00       		.byte	0
 1052 0083 49       		.uleb128 0x49
 1053 0084 13       		.uleb128 0x13
 1054 0085 00       		.byte	0
 1055 0086 00       		.byte	0
 1056 0087 0A       		.uleb128 0xa
 1057 0088 2E       		.uleb128 0x2e
 1058 0089 01       		.byte	0x1
 1059 008a 3F       		.uleb128 0x3f
 1060 008b 19       		.uleb128 0x19
 1061 008c 03       		.uleb128 0x3
 1062 008d 0E       		.uleb128 0xe
 1063 008e 3A       		.uleb128 0x3a
 1064 008f 0B       		.uleb128 0xb
 1065 0090 3B       		.uleb128 0x3b
 1066 0091 05       		.uleb128 0x5
 1067 0092 27       		.uleb128 0x27
 1068 0093 19       		.uleb128 0x19
 1069 0094 11       		.uleb128 0x11
 1070 0095 01       		.uleb128 0x1
 1071 0096 12       		.uleb128 0x12
 1072 0097 06       		.uleb128 0x6
 1073 0098 40       		.uleb128 0x40
 1074 0099 18       		.uleb128 0x18
ARM GAS  C:\Users\BRANKO~1\AppData\Local\Temp\cckbkMgt.s 			page 25


 1075 009a 9642     		.uleb128 0x2116
 1076 009c 19       		.uleb128 0x19
 1077 009d 01       		.uleb128 0x1
 1078 009e 13       		.uleb128 0x13
 1079 009f 00       		.byte	0
 1080 00a0 00       		.byte	0
 1081 00a1 0B       		.uleb128 0xb
 1082 00a2 05       		.uleb128 0x5
 1083 00a3 00       		.byte	0
 1084 00a4 03       		.uleb128 0x3
 1085 00a5 0E       		.uleb128 0xe
 1086 00a6 3A       		.uleb128 0x3a
 1087 00a7 0B       		.uleb128 0xb
 1088 00a8 3B       		.uleb128 0x3b
 1089 00a9 05       		.uleb128 0x5
 1090 00aa 49       		.uleb128 0x49
 1091 00ab 13       		.uleb128 0x13
 1092 00ac 02       		.uleb128 0x2
 1093 00ad 18       		.uleb128 0x18
 1094 00ae 00       		.byte	0
 1095 00af 00       		.byte	0
 1096 00b0 0C       		.uleb128 0xc
 1097 00b1 34       		.uleb128 0x34
 1098 00b2 00       		.byte	0
 1099 00b3 03       		.uleb128 0x3
 1100 00b4 0E       		.uleb128 0xe
 1101 00b5 3A       		.uleb128 0x3a
 1102 00b6 0B       		.uleb128 0xb
 1103 00b7 3B       		.uleb128 0x3b
 1104 00b8 0B       		.uleb128 0xb
 1105 00b9 49       		.uleb128 0x49
 1106 00ba 13       		.uleb128 0x13
 1107 00bb 02       		.uleb128 0x2
 1108 00bc 18       		.uleb128 0x18
 1109 00bd 00       		.byte	0
 1110 00be 00       		.byte	0
 1111 00bf 0D       		.uleb128 0xd
 1112 00c0 34       		.uleb128 0x34
 1113 00c1 00       		.byte	0
 1114 00c2 03       		.uleb128 0x3
 1115 00c3 0E       		.uleb128 0xe
 1116 00c4 3A       		.uleb128 0x3a
 1117 00c5 0B       		.uleb128 0xb
 1118 00c6 3B       		.uleb128 0x3b
 1119 00c7 0B       		.uleb128 0xb
 1120 00c8 49       		.uleb128 0x49
 1121 00c9 13       		.uleb128 0x13
 1122 00ca 3F       		.uleb128 0x3f
 1123 00cb 19       		.uleb128 0x19
 1124 00cc 02       		.uleb128 0x2
 1125 00cd 18       		.uleb128 0x18
 1126 00ce 00       		.byte	0
 1127 00cf 00       		.byte	0
 1128 00d0 0E       		.uleb128 0xe
 1129 00d1 01       		.uleb128 0x1
 1130 00d2 01       		.byte	0x1
 1131 00d3 49       		.uleb128 0x49
ARM GAS  C:\Users\BRANKO~1\AppData\Local\Temp\cckbkMgt.s 			page 26


 1132 00d4 13       		.uleb128 0x13
 1133 00d5 01       		.uleb128 0x1
 1134 00d6 13       		.uleb128 0x13
 1135 00d7 00       		.byte	0
 1136 00d8 00       		.byte	0
 1137 00d9 0F       		.uleb128 0xf
 1138 00da 21       		.uleb128 0x21
 1139 00db 00       		.byte	0
 1140 00dc 49       		.uleb128 0x49
 1141 00dd 13       		.uleb128 0x13
 1142 00de 2F       		.uleb128 0x2f
 1143 00df 0B       		.uleb128 0xb
 1144 00e0 00       		.byte	0
 1145 00e1 00       		.byte	0
 1146 00e2 00       		.byte	0
 1147              		.section	.debug_aranges,"",%progbits
 1148 0000 4C000000 		.4byte	0x4c
 1149 0004 0200     		.2byte	0x2
 1150 0006 00000000 		.4byte	.Ldebug_info0
 1151 000a 04       		.byte	0x4
 1152 000b 00       		.byte	0
 1153 000c 0000     		.2byte	0
 1154 000e 0000     		.2byte	0
 1155 0010 00000000 		.4byte	.LFB0
 1156 0014 50000000 		.4byte	.LFE0-.LFB0
 1157 0018 00000000 		.4byte	.LFB1
 1158 001c 34000000 		.4byte	.LFE1-.LFB1
 1159 0020 00000000 		.4byte	.LFB2
 1160 0024 20000000 		.4byte	.LFE2-.LFB2
 1161 0028 00000000 		.4byte	.LFB3
 1162 002c 2E000000 		.4byte	.LFE3-.LFB3
 1163 0030 00000000 		.4byte	.LFB4
 1164 0034 2C000000 		.4byte	.LFE4-.LFB4
 1165 0038 00000000 		.4byte	.LFB5
 1166 003c 70000000 		.4byte	.LFE5-.LFB5
 1167 0040 00000000 		.4byte	.LFB6
 1168 0044 70000000 		.4byte	.LFE6-.LFB6
 1169 0048 00000000 		.4byte	0
 1170 004c 00000000 		.4byte	0
 1171              		.section	.debug_ranges,"",%progbits
 1172              	.Ldebug_ranges0:
 1173 0000 00000000 		.4byte	.LFB0
 1174 0004 50000000 		.4byte	.LFE0
 1175 0008 00000000 		.4byte	.LFB1
 1176 000c 34000000 		.4byte	.LFE1
 1177 0010 00000000 		.4byte	.LFB2
 1178 0014 20000000 		.4byte	.LFE2
 1179 0018 00000000 		.4byte	.LFB3
 1180 001c 2E000000 		.4byte	.LFE3
 1181 0020 00000000 		.4byte	.LFB4
 1182 0024 2C000000 		.4byte	.LFE4
 1183 0028 00000000 		.4byte	.LFB5
 1184 002c 70000000 		.4byte	.LFE5
 1185 0030 00000000 		.4byte	.LFB6
 1186 0034 70000000 		.4byte	.LFE6
 1187 0038 00000000 		.4byte	0
 1188 003c 00000000 		.4byte	0
ARM GAS  C:\Users\BRANKO~1\AppData\Local\Temp\cckbkMgt.s 			page 27


 1189              		.section	.debug_line,"",%progbits
 1190              	.Ldebug_line0:
 1191 0000 F2000000 		.section	.debug_str,"MS",%progbits,1
 1191      02004900 
 1191      00000201 
 1191      FB0E0D00 
 1191      01010101 
 1192              	.LASF38:
 1193 0000 443A5C70 		.ascii	"D:\\psoc5\\Cell Board\\Cell Board.cydsn\000"
 1193      736F6335 
 1193      5C43656C 
 1193      6C20426F 
 1193      6172645C 
 1194              	.LASF33:
 1195 0025 57617665 		.ascii	"WaveDAC8_1_initVar\000"
 1195      44414338 
 1195      5F315F69 
 1195      6E697456 
 1195      617200
 1196              	.LASF30:
 1197 0038 57617665 		.ascii	"WaveDAC8_1_Wave2Chan\000"
 1197      44414338 
 1197      5F315F57 
 1197      61766532 
 1197      4368616E 
 1198              	.LASF16:
 1199 004d 57617665 		.ascii	"WaveDAC8_1_Init\000"
 1199      44414338 
 1199      5F315F49 
 1199      6E697400 
 1200              	.LASF3:
 1201 005d 73686F72 		.ascii	"short unsigned int\000"
 1201      7420756E 
 1201      7369676E 
 1201      65642069 
 1201      6E7400
 1202              	.LASF18:
 1203 0070 57617665 		.ascii	"WaveDAC8_1_Start\000"
 1203      44414338 
 1203      5F315F53 
 1203      74617274 
 1203      00
 1204              	.LASF19:
 1205 0081 77617665 		.ascii	"wavePtr1\000"
 1205      50747231 
 1205      00
 1206              	.LASF21:
 1207 008a 77617665 		.ascii	"wavePtr2\000"
 1207      50747232 
 1207      00
 1208              	.LASF24:
 1209 0093 57617665 		.ascii	"WaveDAC8_1_StartEx\000"
 1209      44414338 
 1209      5F315F53 
 1209      74617274 
 1209      457800
 1210              	.LASF12:
ARM GAS  C:\Users\BRANKO~1\AppData\Local\Temp\cckbkMgt.s 			page 28


 1211 00a6 666C6F61 		.ascii	"float\000"
 1211      7400
 1212              	.LASF31:
 1213 00ac 57617665 		.ascii	"WaveDAC8_1_Wave1TD\000"
 1213      44414338 
 1213      5F315F57 
 1213      61766531 
 1213      544400
 1214              	.LASF27:
 1215 00bf 73616D70 		.ascii	"sampleSize\000"
 1215      6C655369 
 1215      7A6500
 1216              	.LASF5:
 1217 00ca 6C6F6E67 		.ascii	"long unsigned int\000"
 1217      20756E73 
 1217      69676E65 
 1217      6420696E 
 1217      7400
 1218              	.LASF26:
 1219 00dc 77617665 		.ascii	"wavePtr\000"
 1219      50747200 
 1220              	.LASF9:
 1221 00e4 75696E74 		.ascii	"uint8\000"
 1221      3800
 1222              	.LASF20:
 1223 00ea 73616D70 		.ascii	"sampleSize1\000"
 1223      6C655369 
 1223      7A653100 
 1224              	.LASF22:
 1225 00f6 73616D70 		.ascii	"sampleSize2\000"
 1225      6C655369 
 1225      7A653200 
 1226              	.LASF25:
 1227 0102 57617665 		.ascii	"WaveDAC8_1_Wave1Setup\000"
 1227      44414338 
 1227      5F315F57 
 1227      61766531 
 1227      53657475 
 1228              	.LASF13:
 1229 0118 646F7562 		.ascii	"double\000"
 1229      6C6500
 1230              	.LASF23:
 1231 011f 57617665 		.ascii	"WaveDAC8_1_Stop\000"
 1231      44414338 
 1231      5F315F53 
 1231      746F7000 
 1232              	.LASF2:
 1233 012f 73686F72 		.ascii	"short int\000"
 1233      7420696E 
 1233      7400
 1234              	.LASF10:
 1235 0139 75696E74 		.ascii	"uint16\000"
 1235      313600
 1236              	.LASF11:
 1237 0140 75696E74 		.ascii	"uint32\000"
 1237      333200
 1238              	.LASF1:
ARM GAS  C:\Users\BRANKO~1\AppData\Local\Temp\cckbkMgt.s 			page 29


 1239 0147 756E7369 		.ascii	"unsigned char\000"
 1239      676E6564 
 1239      20636861 
 1239      7200
 1240              	.LASF8:
 1241 0155 756E7369 		.ascii	"unsigned int\000"
 1241      676E6564 
 1241      20696E74 
 1241      00
 1242              	.LASF7:
 1243 0162 6C6F6E67 		.ascii	"long long unsigned int\000"
 1243      206C6F6E 
 1243      6720756E 
 1243      7369676E 
 1243      65642069 
 1244              	.LASF32:
 1245 0179 57617665 		.ascii	"WaveDAC8_1_Wave2TD\000"
 1245      44414338 
 1245      5F315F57 
 1245      61766532 
 1245      544400
 1246              	.LASF36:
 1247 018c 474E5520 		.ascii	"GNU C 4.8.4 20140526 (release) [ARM/embedded-4_8-br"
 1247      4320342E 
 1247      382E3420 
 1247      32303134 
 1247      30353236 
 1248 01bf 616E6368 		.ascii	"anch revision 211358] -mcpu=cortex-m3 -mthumb -g -O"
 1248      20726576 
 1248      6973696F 
 1248      6E203231 
 1248      31333538 
 1249 01f2 30202D66 		.ascii	"0 -ffunction-sections\000"
 1249      66756E63 
 1249      74696F6E 
 1249      2D736563 
 1249      74696F6E 
 1250              	.LASF15:
 1251 0208 73697A65 		.ascii	"sizetype\000"
 1251      74797065 
 1251      00
 1252              	.LASF6:
 1253 0211 6C6F6E67 		.ascii	"long long int\000"
 1253      206C6F6E 
 1253      6720696E 
 1253      7400
 1254              	.LASF14:
 1255 021f 63686172 		.ascii	"char\000"
 1255      00
 1256              	.LASF37:
 1257 0224 2E5C4765 		.ascii	".\\Generated_Source\\PSoC5\\WaveDAC8_1.c\000"
 1257      6E657261 
 1257      7465645F 
 1257      536F7572 
 1257      63655C50 
 1258              	.LASF28:
 1259 024a 57617665 		.ascii	"WaveDAC8_1_Wave2Setup\000"
ARM GAS  C:\Users\BRANKO~1\AppData\Local\Temp\cckbkMgt.s 			page 30


 1259      44414338 
 1259      5F315F57 
 1259      61766532 
 1259      53657475 
 1260              	.LASF17:
 1261 0260 57617665 		.ascii	"WaveDAC8_1_Enable\000"
 1261      44414338 
 1261      5F315F45 
 1261      6E61626C 
 1261      6500
 1262              	.LASF34:
 1263 0272 57617665 		.ascii	"WaveDAC8_1_wave1\000"
 1263      44414338 
 1263      5F315F77 
 1263      61766531 
 1263      00
 1264              	.LASF35:
 1265 0283 57617665 		.ascii	"WaveDAC8_1_wave2\000"
 1265      44414338 
 1265      5F315F77 
 1265      61766532 
 1265      00
 1266              	.LASF29:
 1267 0294 57617665 		.ascii	"WaveDAC8_1_Wave1Chan\000"
 1267      44414338 
 1267      5F315F57 
 1267      61766531 
 1267      4368616E 
 1268              	.LASF4:
 1269 02a9 6C6F6E67 		.ascii	"long int\000"
 1269      20696E74 
 1269      00
 1270              	.LASF0:
 1271 02b2 7369676E 		.ascii	"signed char\000"
 1271      65642063 
 1271      68617200 
 1272              		.ident	"GCC: (GNU Tools for ARM Embedded Processors) 4.8.4 20140526 (release) [ARM/embedded-4_8-br
