ARM GAS  C:\Users\karunmj\AppData\Local\Temp\cccdaVpY.s 			page 1


   1              		.syntax unified
   2              		.cpu cortex-m3
   3              		.fpu softvfp
   4              		.eabi_attribute 20, 1
   5              		.eabi_attribute 21, 1
   6              		.eabi_attribute 23, 3
   7              		.eabi_attribute 24, 1
   8              		.eabi_attribute 25, 1
   9              		.eabi_attribute 26, 1
  10              		.eabi_attribute 30, 6
  11              		.eabi_attribute 18, 4
  12              		.thumb
  13              		.file	"ADC_SAR_Seq_1_INT.c"
  14              		.section	.debug_abbrev,"",%progbits
  15              	.Ldebug_abbrev0:
  16              		.section	.debug_info,"",%progbits
  17              	.Ldebug_info0:
  18              		.section	.debug_line,"",%progbits
  19              	.Ldebug_line0:
  20 0000 5B000000 		.text
  20      02004300 
  20      00000201 
  20      FB0E0D00 
  20      01010101 
  21              	.Ltext0:
  22              		.cfi_sections	.debug_frame
  23              		.section	.text.ADC_SAR_Seq_1_ISR,"ax",%progbits
  24              		.align	2
  25              		.global	ADC_SAR_Seq_1_ISR
  26              		.thumb
  27              		.thumb_func
  28              		.type	ADC_SAR_Seq_1_ISR, %function
  29              	ADC_SAR_Seq_1_ISR:
  30              	.LFB0:
  31              		.file 1 ".\\Generated_Source\\PSoC5\\ADC_SAR_Seq_1_INT.c"
   1:.\Generated_Source\PSoC5/ADC_SAR_Seq_1_INT.c **** /*******************************************************************************
   2:.\Generated_Source\PSoC5/ADC_SAR_Seq_1_INT.c **** * File Name: ADC_SAR_Seq_1_INT.c
   3:.\Generated_Source\PSoC5/ADC_SAR_Seq_1_INT.c **** * Version 1.0
   4:.\Generated_Source\PSoC5/ADC_SAR_Seq_1_INT.c **** *
   5:.\Generated_Source\PSoC5/ADC_SAR_Seq_1_INT.c **** *  Description:
   6:.\Generated_Source\PSoC5/ADC_SAR_Seq_1_INT.c **** *    This file contains the code that operates during the interrupt
   7:.\Generated_Source\PSoC5/ADC_SAR_Seq_1_INT.c **** *    service routine.
   8:.\Generated_Source\PSoC5/ADC_SAR_Seq_1_INT.c **** *
   9:.\Generated_Source\PSoC5/ADC_SAR_Seq_1_INT.c **** *   Note:
  10:.\Generated_Source\PSoC5/ADC_SAR_Seq_1_INT.c **** *
  11:.\Generated_Source\PSoC5/ADC_SAR_Seq_1_INT.c **** ********************************************************************************
  12:.\Generated_Source\PSoC5/ADC_SAR_Seq_1_INT.c **** * Copyright 2008-2012, Cypress Semiconductor Corporation.  All rights reserved.
  13:.\Generated_Source\PSoC5/ADC_SAR_Seq_1_INT.c **** * You may use this file only in accordance with the license, terms, conditions,
  14:.\Generated_Source\PSoC5/ADC_SAR_Seq_1_INT.c **** * disclaimers, and limitations in the end user license agreement accompanying
  15:.\Generated_Source\PSoC5/ADC_SAR_Seq_1_INT.c **** * the software package with which this file was provided.
  16:.\Generated_Source\PSoC5/ADC_SAR_Seq_1_INT.c **** *******************************************************************************/
  17:.\Generated_Source\PSoC5/ADC_SAR_Seq_1_INT.c **** 
  18:.\Generated_Source\PSoC5/ADC_SAR_Seq_1_INT.c **** #include "ADC_SAR_Seq_1.h"
  19:.\Generated_Source\PSoC5/ADC_SAR_Seq_1_INT.c **** 
  20:.\Generated_Source\PSoC5/ADC_SAR_Seq_1_INT.c **** 
  21:.\Generated_Source\PSoC5/ADC_SAR_Seq_1_INT.c **** /******************************************************************************
  22:.\Generated_Source\PSoC5/ADC_SAR_Seq_1_INT.c **** * Custom Declarations and Variables
ARM GAS  C:\Users\karunmj\AppData\Local\Temp\cccdaVpY.s 			page 2


  23:.\Generated_Source\PSoC5/ADC_SAR_Seq_1_INT.c **** * - add user inlcude files, prototypes and variables between the following
  24:.\Generated_Source\PSoC5/ADC_SAR_Seq_1_INT.c **** *   #START and #END tags
  25:.\Generated_Source\PSoC5/ADC_SAR_Seq_1_INT.c **** ******************************************************************************/
  26:.\Generated_Source\PSoC5/ADC_SAR_Seq_1_INT.c **** /* `#START SEQ_ADC_SYS_VAR`  */
  27:.\Generated_Source\PSoC5/ADC_SAR_Seq_1_INT.c **** 
  28:.\Generated_Source\PSoC5/ADC_SAR_Seq_1_INT.c **** /* `#END`  */
  29:.\Generated_Source\PSoC5/ADC_SAR_Seq_1_INT.c **** 
  30:.\Generated_Source\PSoC5/ADC_SAR_Seq_1_INT.c **** 
  31:.\Generated_Source\PSoC5/ADC_SAR_Seq_1_INT.c **** #if(ADC_SAR_Seq_1_IRQ_REMOVE == 0u)
  32:.\Generated_Source\PSoC5/ADC_SAR_Seq_1_INT.c **** 
  33:.\Generated_Source\PSoC5/ADC_SAR_Seq_1_INT.c **** 
  34:.\Generated_Source\PSoC5/ADC_SAR_Seq_1_INT.c ****     /******************************************************************************
  35:.\Generated_Source\PSoC5/ADC_SAR_Seq_1_INT.c ****     * Function Name: ADC_SAR_Seq_1_ISR
  36:.\Generated_Source\PSoC5/ADC_SAR_Seq_1_INT.c ****     *******************************************************************************
  37:.\Generated_Source\PSoC5/ADC_SAR_Seq_1_INT.c ****     *
  38:.\Generated_Source\PSoC5/ADC_SAR_Seq_1_INT.c ****     * Summary:
  39:.\Generated_Source\PSoC5/ADC_SAR_Seq_1_INT.c ****     *  Handle Interrupt Service Routine.
  40:.\Generated_Source\PSoC5/ADC_SAR_Seq_1_INT.c ****     *
  41:.\Generated_Source\PSoC5/ADC_SAR_Seq_1_INT.c ****     * Parameters:
  42:.\Generated_Source\PSoC5/ADC_SAR_Seq_1_INT.c ****     *  None.
  43:.\Generated_Source\PSoC5/ADC_SAR_Seq_1_INT.c ****     *
  44:.\Generated_Source\PSoC5/ADC_SAR_Seq_1_INT.c ****     * Return:
  45:.\Generated_Source\PSoC5/ADC_SAR_Seq_1_INT.c ****     *  None.
  46:.\Generated_Source\PSoC5/ADC_SAR_Seq_1_INT.c ****     *
  47:.\Generated_Source\PSoC5/ADC_SAR_Seq_1_INT.c ****     * Reentrant:
  48:.\Generated_Source\PSoC5/ADC_SAR_Seq_1_INT.c ****     *  No.
  49:.\Generated_Source\PSoC5/ADC_SAR_Seq_1_INT.c ****     *
  50:.\Generated_Source\PSoC5/ADC_SAR_Seq_1_INT.c ****     ******************************************************************************/
  51:.\Generated_Source\PSoC5/ADC_SAR_Seq_1_INT.c ****     CY_ISR( ADC_SAR_Seq_1_ISR )
  52:.\Generated_Source\PSoC5/ADC_SAR_Seq_1_INT.c ****     {
  32              		.loc 1 52 0
  33              		.cfi_startproc
  34              		@ args = 0, pretend = 0, frame = 0
  35              		@ frame_needed = 1, uses_anonymous_args = 0
  36              		@ link register save eliminated.
  37 0000 80B4     		push	{r7}
  38              	.LCFI0:
  39              		.cfi_def_cfa_offset 4
  40 0002 00AF     		add	r7, sp, #0
  41              		.cfi_offset 7, -4
  42              	.LCFI1:
  43              		.cfi_def_cfa_register 7
  53:.\Generated_Source\PSoC5/ADC_SAR_Seq_1_INT.c ****         /************************************************************************
  54:.\Generated_Source\PSoC5/ADC_SAR_Seq_1_INT.c ****         *  Custom Code
  55:.\Generated_Source\PSoC5/ADC_SAR_Seq_1_INT.c ****         *  - add user ISR code between the following #START and #END tags
  56:.\Generated_Source\PSoC5/ADC_SAR_Seq_1_INT.c ****         *************************************************************************/
  57:.\Generated_Source\PSoC5/ADC_SAR_Seq_1_INT.c ****           /* `#START MAIN_SEQ_ADC_ISR`  */
  58:.\Generated_Source\PSoC5/ADC_SAR_Seq_1_INT.c **** 
  59:.\Generated_Source\PSoC5/ADC_SAR_Seq_1_INT.c ****           /* `#END`  */
  60:.\Generated_Source\PSoC5/ADC_SAR_Seq_1_INT.c **** 
  61:.\Generated_Source\PSoC5/ADC_SAR_Seq_1_INT.c ****     }
  44              		.loc 1 61 0
  45 0004 BD46     		mov	sp, r7
  46 0006 80BC     		pop	{r7}
  47 0008 7047     		bx	lr
  48              		.cfi_endproc
  49              	.LFE0:
ARM GAS  C:\Users\karunmj\AppData\Local\Temp\cccdaVpY.s 			page 3


  50              		.size	ADC_SAR_Seq_1_ISR, .-ADC_SAR_Seq_1_ISR
  51 000a 00BF     		.text
  52              	.Letext0:
  53              		.section	.debug_loc,"",%progbits
  54              	.Ldebug_loc0:
  55              	.LLST0:
  56 0000 00000000 		.4byte	.LFB0
  57 0004 02000000 		.4byte	.LCFI0
  58 0008 0100     		.2byte	0x1
  59 000a 5D       		.byte	0x5d
  60 000b 02000000 		.4byte	.LCFI0
  61 000f 04000000 		.4byte	.LCFI1
  62 0013 0200     		.2byte	0x2
  63 0015 7D       		.byte	0x7d
  64 0016 04       		.sleb128 4
  65 0017 04000000 		.4byte	.LCFI1
  66 001b 0A000000 		.4byte	.LFE0
  67 001f 0200     		.2byte	0x2
  68 0021 77       		.byte	0x77
  69 0022 04       		.sleb128 4
  70 0023 00000000 		.4byte	0x0
  71 0027 00000000 		.4byte	0x0
  72              		.section	.debug_info
  73 0000 99000000 		.4byte	0x99
  74 0004 0200     		.2byte	0x2
  75 0006 00000000 		.4byte	.Ldebug_abbrev0
  76 000a 04       		.byte	0x4
  77 000b 01       		.uleb128 0x1
  78 000c A7000000 		.4byte	.LASF12
  79 0010 01       		.byte	0x1
  80 0011 05010000 		.4byte	.LASF13
  81 0015 2D000000 		.4byte	.LASF14
  82 0019 00000000 		.4byte	0x0
  83 001d 00000000 		.4byte	0x0
  84 0021 00000000 		.4byte	.Ldebug_ranges0+0x0
  85 0025 00000000 		.4byte	.Ldebug_line0
  86 0029 02       		.uleb128 0x2
  87 002a 01       		.byte	0x1
  88 002b 06       		.byte	0x6
  89 002c F3000000 		.4byte	.LASF0
  90 0030 02       		.uleb128 0x2
  91 0031 01       		.byte	0x1
  92 0032 08       		.byte	0x8
  93 0033 B3000000 		.4byte	.LASF1
  94 0037 02       		.uleb128 0x2
  95 0038 02       		.byte	0x2
  96 0039 05       		.byte	0x5
  97 003a CF000000 		.4byte	.LASF2
  98 003e 02       		.uleb128 0x2
  99 003f 02       		.byte	0x2
 100 0040 07       		.byte	0x7
 101 0041 E0000000 		.4byte	.LASF3
 102 0045 02       		.uleb128 0x2
 103 0046 04       		.byte	0x4
 104 0047 05       		.byte	0x5
 105 0048 C6000000 		.4byte	.LASF4
 106 004c 02       		.uleb128 0x2
ARM GAS  C:\Users\karunmj\AppData\Local\Temp\cccdaVpY.s 			page 4


 107 004d 04       		.byte	0x4
 108 004e 07       		.byte	0x7
 109 004f 7E000000 		.4byte	.LASF5
 110 0053 02       		.uleb128 0x2
 111 0054 08       		.byte	0x8
 112 0055 05       		.byte	0x5
 113 0056 00000000 		.4byte	.LASF6
 114 005a 02       		.uleb128 0x2
 115 005b 08       		.byte	0x8
 116 005c 07       		.byte	0x7
 117 005d 90000000 		.4byte	.LASF7
 118 0061 03       		.uleb128 0x3
 119 0062 04       		.byte	0x4
 120 0063 05       		.byte	0x5
 121 0064 696E7400 		.ascii	"int\000"
 122 0068 02       		.uleb128 0x2
 123 0069 04       		.byte	0x4
 124 006a 07       		.byte	0x7
 125 006b 0E000000 		.4byte	.LASF8
 126 006f 02       		.uleb128 0x2
 127 0070 04       		.byte	0x4
 128 0071 04       		.byte	0x4
 129 0072 FF000000 		.4byte	.LASF9
 130 0076 02       		.uleb128 0x2
 131 0077 08       		.byte	0x8
 132 0078 04       		.byte	0x4
 133 0079 D9000000 		.4byte	.LASF10
 134 007d 02       		.uleb128 0x2
 135 007e 01       		.byte	0x1
 136 007f 08       		.byte	0x8
 137 0080 C1000000 		.4byte	.LASF11
 138 0084 04       		.uleb128 0x4
 139 0085 04       		.byte	0x4
 140 0086 07       		.byte	0x7
 141 0087 05       		.uleb128 0x5
 142 0088 01       		.byte	0x1
 143 0089 1B000000 		.4byte	.LASF15
 144 008d 01       		.byte	0x1
 145 008e 33       		.byte	0x33
 146 008f 01       		.byte	0x1
 147 0090 00000000 		.4byte	.LFB0
 148 0094 0A000000 		.4byte	.LFE0
 149 0098 00000000 		.4byte	.LLST0
 150 009c 00       		.byte	0x0
 151              		.section	.debug_abbrev
 152 0000 01       		.uleb128 0x1
 153 0001 11       		.uleb128 0x11
 154 0002 01       		.byte	0x1
 155 0003 25       		.uleb128 0x25
 156 0004 0E       		.uleb128 0xe
 157 0005 13       		.uleb128 0x13
 158 0006 0B       		.uleb128 0xb
 159 0007 03       		.uleb128 0x3
 160 0008 0E       		.uleb128 0xe
 161 0009 1B       		.uleb128 0x1b
 162 000a 0E       		.uleb128 0xe
 163 000b 11       		.uleb128 0x11
ARM GAS  C:\Users\karunmj\AppData\Local\Temp\cccdaVpY.s 			page 5


 164 000c 01       		.uleb128 0x1
 165 000d 52       		.uleb128 0x52
 166 000e 01       		.uleb128 0x1
 167 000f 55       		.uleb128 0x55
 168 0010 06       		.uleb128 0x6
 169 0011 10       		.uleb128 0x10
 170 0012 06       		.uleb128 0x6
 171 0013 00       		.byte	0x0
 172 0014 00       		.byte	0x0
 173 0015 02       		.uleb128 0x2
 174 0016 24       		.uleb128 0x24
 175 0017 00       		.byte	0x0
 176 0018 0B       		.uleb128 0xb
 177 0019 0B       		.uleb128 0xb
 178 001a 3E       		.uleb128 0x3e
 179 001b 0B       		.uleb128 0xb
 180 001c 03       		.uleb128 0x3
 181 001d 0E       		.uleb128 0xe
 182 001e 00       		.byte	0x0
 183 001f 00       		.byte	0x0
 184 0020 03       		.uleb128 0x3
 185 0021 24       		.uleb128 0x24
 186 0022 00       		.byte	0x0
 187 0023 0B       		.uleb128 0xb
 188 0024 0B       		.uleb128 0xb
 189 0025 3E       		.uleb128 0x3e
 190 0026 0B       		.uleb128 0xb
 191 0027 03       		.uleb128 0x3
 192 0028 08       		.uleb128 0x8
 193 0029 00       		.byte	0x0
 194 002a 00       		.byte	0x0
 195 002b 04       		.uleb128 0x4
 196 002c 24       		.uleb128 0x24
 197 002d 00       		.byte	0x0
 198 002e 0B       		.uleb128 0xb
 199 002f 0B       		.uleb128 0xb
 200 0030 3E       		.uleb128 0x3e
 201 0031 0B       		.uleb128 0xb
 202 0032 00       		.byte	0x0
 203 0033 00       		.byte	0x0
 204 0034 05       		.uleb128 0x5
 205 0035 2E       		.uleb128 0x2e
 206 0036 00       		.byte	0x0
 207 0037 3F       		.uleb128 0x3f
 208 0038 0C       		.uleb128 0xc
 209 0039 03       		.uleb128 0x3
 210 003a 0E       		.uleb128 0xe
 211 003b 3A       		.uleb128 0x3a
 212 003c 0B       		.uleb128 0xb
 213 003d 3B       		.uleb128 0x3b
 214 003e 0B       		.uleb128 0xb
 215 003f 27       		.uleb128 0x27
 216 0040 0C       		.uleb128 0xc
 217 0041 11       		.uleb128 0x11
 218 0042 01       		.uleb128 0x1
 219 0043 12       		.uleb128 0x12
 220 0044 01       		.uleb128 0x1
ARM GAS  C:\Users\karunmj\AppData\Local\Temp\cccdaVpY.s 			page 6


 221 0045 40       		.uleb128 0x40
 222 0046 06       		.uleb128 0x6
 223 0047 00       		.byte	0x0
 224 0048 00       		.byte	0x0
 225 0049 00       		.byte	0x0
 226              		.section	.debug_pubnames,"",%progbits
 227 0000 24000000 		.4byte	0x24
 228 0004 0200     		.2byte	0x2
 229 0006 00000000 		.4byte	.Ldebug_info0
 230 000a 9D000000 		.4byte	0x9d
 231 000e 87000000 		.4byte	0x87
 232 0012 4144435F 		.ascii	"ADC_SAR_Seq_1_ISR\000"
 232      5341525F 
 232      5365715F 
 232      315F4953 
 232      5200
 233 0024 00000000 		.4byte	0x0
 234              		.section	.debug_aranges,"",%progbits
 235 0000 1C000000 		.4byte	0x1c
 236 0004 0200     		.2byte	0x2
 237 0006 00000000 		.4byte	.Ldebug_info0
 238 000a 04       		.byte	0x4
 239 000b 00       		.byte	0x0
 240 000c 0000     		.2byte	0x0
 241 000e 0000     		.2byte	0x0
 242 0010 00000000 		.4byte	.LFB0
 243 0014 0A000000 		.4byte	.LFE0-.LFB0
 244 0018 00000000 		.4byte	0x0
 245 001c 00000000 		.4byte	0x0
 246              		.section	.debug_ranges,"",%progbits
 247              	.Ldebug_ranges0:
 248 0000 00000000 		.4byte	.Ltext0
 249 0004 00000000 		.4byte	.Letext0
 250 0008 00000000 		.4byte	.LFB0
 251 000c 0A000000 		.4byte	.LFE0
 252 0010 00000000 		.4byte	0x0
 253 0014 00000000 		.4byte	0x0
 254              		.section	.debug_str,"MS",%progbits,1
 255              	.LASF6:
 256 0000 6C6F6E67 		.ascii	"long long int\000"
 256      206C6F6E 
 256      6720696E 
 256      7400
 257              	.LASF8:
 258 000e 756E7369 		.ascii	"unsigned int\000"
 258      676E6564 
 258      20696E74 
 258      00
 259              	.LASF15:
 260 001b 4144435F 		.ascii	"ADC_SAR_Seq_1_ISR\000"
 260      5341525F 
 260      5365715F 
 260      315F4953 
 260      5200
 261              	.LASF14:
 262 002d 433A5C55 		.ascii	"C:\\Users\\karunmj\\Documents\\GitHub\\m2m\\hardwar"
 262      73657273 
ARM GAS  C:\Users\karunmj\AppData\Local\Temp\cccdaVpY.s 			page 7


 262      5C6B6172 
 262      756E6D6A 
 262      5C446F63 
 263 005a 655C7073 		.ascii	"e\\psoc5\\Campbell_Conductivity.cydsn\000"
 263      6F63355C 
 263      43616D70 
 263      62656C6C 
 263      5F436F6E 
 264              	.LASF5:
 265 007e 6C6F6E67 		.ascii	"long unsigned int\000"
 265      20756E73 
 265      69676E65 
 265      6420696E 
 265      7400
 266              	.LASF7:
 267 0090 6C6F6E67 		.ascii	"long long unsigned int\000"
 267      206C6F6E 
 267      6720756E 
 267      7369676E 
 267      65642069 
 268              	.LASF12:
 269 00a7 474E5520 		.ascii	"GNU C 4.4.1\000"
 269      4320342E 
 269      342E3100 
 270              	.LASF1:
 271 00b3 756E7369 		.ascii	"unsigned char\000"
 271      676E6564 
 271      20636861 
 271      7200
 272              	.LASF11:
 273 00c1 63686172 		.ascii	"char\000"
 273      00
 274              	.LASF4:
 275 00c6 6C6F6E67 		.ascii	"long int\000"
 275      20696E74 
 275      00
 276              	.LASF2:
 277 00cf 73686F72 		.ascii	"short int\000"
 277      7420696E 
 277      7400
 278              	.LASF10:
 279 00d9 646F7562 		.ascii	"double\000"
 279      6C6500
 280              	.LASF3:
 281 00e0 73686F72 		.ascii	"short unsigned int\000"
 281      7420756E 
 281      7369676E 
 281      65642069 
 281      6E7400
 282              	.LASF0:
 283 00f3 7369676E 		.ascii	"signed char\000"
 283      65642063 
 283      68617200 
 284              	.LASF9:
 285 00ff 666C6F61 		.ascii	"float\000"
 285      7400
 286              	.LASF13:
ARM GAS  C:\Users\karunmj\AppData\Local\Temp\cccdaVpY.s 			page 8


 287 0105 2E5C4765 		.ascii	".\\Generated_Source\\PSoC5\\ADC_SAR_Seq_1_INT.c\000"
 287      6E657261 
 287      7465645F 
 287      536F7572 
 287      63655C50 
 288              		.ident	"GCC: (Sourcery G++ Lite 2010q1-188) 4.4.1"
