ARM GAS  C:\Users\karunmj\AppData\Local\Temp\ccBLB2qN.s 			page 1


   1              		.syntax unified
   2              		.cpu cortex-m3
   3              		.fpu softvfp
   4              		.eabi_attribute 20, 1
   5              		.eabi_attribute 21, 1
   6              		.eabi_attribute 23, 3
   7              		.eabi_attribute 24, 1
   8              		.eabi_attribute 25, 1
   9              		.eabi_attribute 26, 1
  10              		.eabi_attribute 30, 6
  11              		.eabi_attribute 18, 4
  12              		.thumb
  13              		.file	"ADC_DelSig_1_PM.c"
  14              		.section	.debug_abbrev,"",%progbits
  15              	.Ldebug_abbrev0:
  16              		.section	.debug_info,"",%progbits
  17              	.Ldebug_info0:
  18              		.section	.debug_line,"",%progbits
  19              	.Ldebug_line0:
  20 0000 D4000000 		.text
  20      02007A00 
  20      00000201 
  20      FB0E0D00 
  20      01010101 
  21              	.Ltext0:
  22              		.cfi_sections	.debug_frame
  23              		.data
  24              		.align	2
  25              		.type	ADC_DelSig_1_backup, %object
  26              		.size	ADC_DelSig_1_backup, 2
  27              	ADC_DelSig_1_backup:
  28 0000 00       		.byte	0
  29 0001 34       		.byte	52
  30 0002 0000     		.section	.text.ADC_DelSig_1_SaveConfig,"ax",%progbits
  31              		.align	2
  32              		.global	ADC_DelSig_1_SaveConfig
  33              		.thumb
  34              		.thumb_func
  35              		.type	ADC_DelSig_1_SaveConfig, %function
  36              	ADC_DelSig_1_SaveConfig:
  37              	.LFB0:
  38              		.file 1 ".\\Generated_Source\\PSoC5\\ADC_DelSig_1_PM.c"
   1:.\Generated_Source\PSoC5/ADC_DelSig_1_PM.c **** /*******************************************************************************
   2:.\Generated_Source\PSoC5/ADC_DelSig_1_PM.c **** * File Name: ADC_DelSig_1_PM.c  
   3:.\Generated_Source\PSoC5/ADC_DelSig_1_PM.c **** * Version 2.30
   4:.\Generated_Source\PSoC5/ADC_DelSig_1_PM.c **** *
   5:.\Generated_Source\PSoC5/ADC_DelSig_1_PM.c **** * Description:
   6:.\Generated_Source\PSoC5/ADC_DelSig_1_PM.c **** *  This file provides the power manager source code to the API for the 
   7:.\Generated_Source\PSoC5/ADC_DelSig_1_PM.c **** *  Delta-Sigma ADC Component.
   8:.\Generated_Source\PSoC5/ADC_DelSig_1_PM.c **** *
   9:.\Generated_Source\PSoC5/ADC_DelSig_1_PM.c **** * Note:
  10:.\Generated_Source\PSoC5/ADC_DelSig_1_PM.c **** *
  11:.\Generated_Source\PSoC5/ADC_DelSig_1_PM.c **** *******************************************************************************
  12:.\Generated_Source\PSoC5/ADC_DelSig_1_PM.c **** * Copyright 2008-2012, Cypress Semiconductor Corporation.  All rights reserved.
  13:.\Generated_Source\PSoC5/ADC_DelSig_1_PM.c **** * You may use this file only in accordance with the license, terms, conditions, 
  14:.\Generated_Source\PSoC5/ADC_DelSig_1_PM.c **** * disclaimers, and limitations in the end user license agreement accompanying 
  15:.\Generated_Source\PSoC5/ADC_DelSig_1_PM.c **** * the software package with which this file was provided.
ARM GAS  C:\Users\karunmj\AppData\Local\Temp\ccBLB2qN.s 			page 2


  16:.\Generated_Source\PSoC5/ADC_DelSig_1_PM.c **** ********************************************************************************/
  17:.\Generated_Source\PSoC5/ADC_DelSig_1_PM.c **** 
  18:.\Generated_Source\PSoC5/ADC_DelSig_1_PM.c **** #include "ADC_DelSig_1.h"
  19:.\Generated_Source\PSoC5/ADC_DelSig_1_PM.c **** 
  20:.\Generated_Source\PSoC5/ADC_DelSig_1_PM.c **** static ADC_DelSig_1_BACKUP_STRUCT ADC_DelSig_1_backup = 
  21:.\Generated_Source\PSoC5/ADC_DelSig_1_PM.c **** {
  22:.\Generated_Source\PSoC5/ADC_DelSig_1_PM.c ****     ADC_DelSig_1_DISABLED,
  23:.\Generated_Source\PSoC5/ADC_DelSig_1_PM.c ****     ADC_DelSig_1_CFG1_DEC_CR
  24:.\Generated_Source\PSoC5/ADC_DelSig_1_PM.c **** };
  25:.\Generated_Source\PSoC5/ADC_DelSig_1_PM.c **** 
  26:.\Generated_Source\PSoC5/ADC_DelSig_1_PM.c **** 
  27:.\Generated_Source\PSoC5/ADC_DelSig_1_PM.c **** /*******************************************************************************  
  28:.\Generated_Source\PSoC5/ADC_DelSig_1_PM.c **** * Function Name: ADC_DelSig_1_SaveConfig
  29:.\Generated_Source\PSoC5/ADC_DelSig_1_PM.c **** ********************************************************************************
  30:.\Generated_Source\PSoC5/ADC_DelSig_1_PM.c **** *
  31:.\Generated_Source\PSoC5/ADC_DelSig_1_PM.c **** * Summary:
  32:.\Generated_Source\PSoC5/ADC_DelSig_1_PM.c **** *  Save the register configuration which are not retention.
  33:.\Generated_Source\PSoC5/ADC_DelSig_1_PM.c **** * 
  34:.\Generated_Source\PSoC5/ADC_DelSig_1_PM.c **** * Parameters:
  35:.\Generated_Source\PSoC5/ADC_DelSig_1_PM.c **** *  void
  36:.\Generated_Source\PSoC5/ADC_DelSig_1_PM.c **** * 
  37:.\Generated_Source\PSoC5/ADC_DelSig_1_PM.c **** * Return:
  38:.\Generated_Source\PSoC5/ADC_DelSig_1_PM.c **** *  void
  39:.\Generated_Source\PSoC5/ADC_DelSig_1_PM.c **** *
  40:.\Generated_Source\PSoC5/ADC_DelSig_1_PM.c **** * Global variables:
  41:.\Generated_Source\PSoC5/ADC_DelSig_1_PM.c **** *  ADC_DelSig_1_backup:  This global structure variable is used to store 
  42:.\Generated_Source\PSoC5/ADC_DelSig_1_PM.c **** *  configuration registers which are non retention whenever user wants to go 
  43:.\Generated_Source\PSoC5/ADC_DelSig_1_PM.c **** *  sleep mode by calling Sleep() API.
  44:.\Generated_Source\PSoC5/ADC_DelSig_1_PM.c **** *
  45:.\Generated_Source\PSoC5/ADC_DelSig_1_PM.c **** *******************************************************************************/
  46:.\Generated_Source\PSoC5/ADC_DelSig_1_PM.c **** void ADC_DelSig_1_SaveConfig(void) 
  47:.\Generated_Source\PSoC5/ADC_DelSig_1_PM.c **** {
  39              		.loc 1 47 0
  40              		.cfi_startproc
  41              		@ args = 0, pretend = 0, frame = 0
  42              		@ frame_needed = 1, uses_anonymous_args = 0
  43              		@ link register save eliminated.
  44 0000 80B4     		push	{r7}
  45              	.LCFI0:
  46              		.cfi_def_cfa_offset 4
  47 0002 00AF     		add	r7, sp, #0
  48              		.cfi_offset 7, -4
  49              	.LCFI1:
  50              		.cfi_def_cfa_register 7
  48:.\Generated_Source\PSoC5/ADC_DelSig_1_PM.c ****     ADC_DelSig_1_backup.deccr = ADC_DelSig_1_DEC_CR_REG;
  51              		.loc 1 48 0
  52 0004 44F60063 		movw	r3, #:lower16:1073761792
  53 0008 C4F20003 		movt	r3, #:upper16:1073761792
  54 000c 1B78     		ldrb	r3, [r3, #0]
  55 000e DAB2     		uxtb	r2, r3
  56 0010 40F20003 		movw	r3, #:lower16:ADC_DelSig_1_backup
  57 0014 C0F20003 		movt	r3, #:upper16:ADC_DelSig_1_backup
  58 0018 5A70     		strb	r2, [r3, #1]
  49:.\Generated_Source\PSoC5/ADC_DelSig_1_PM.c **** }
  59              		.loc 1 49 0
  60 001a BD46     		mov	sp, r7
  61 001c 80BC     		pop	{r7}
ARM GAS  C:\Users\karunmj\AppData\Local\Temp\ccBLB2qN.s 			page 3


  62 001e 7047     		bx	lr
  63              		.cfi_endproc
  64              	.LFE0:
  65              		.size	ADC_DelSig_1_SaveConfig, .-ADC_DelSig_1_SaveConfig
  66              		.section	.text.ADC_DelSig_1_RestoreConfig,"ax",%progbits
  67              		.align	2
  68              		.global	ADC_DelSig_1_RestoreConfig
  69              		.thumb
  70              		.thumb_func
  71              		.type	ADC_DelSig_1_RestoreConfig, %function
  72              	ADC_DelSig_1_RestoreConfig:
  73              	.LFB1:
  50:.\Generated_Source\PSoC5/ADC_DelSig_1_PM.c **** 
  51:.\Generated_Source\PSoC5/ADC_DelSig_1_PM.c **** 
  52:.\Generated_Source\PSoC5/ADC_DelSig_1_PM.c **** /*******************************************************************************  
  53:.\Generated_Source\PSoC5/ADC_DelSig_1_PM.c **** * Function Name: ADC_DelSig_1_RestoreConfig
  54:.\Generated_Source\PSoC5/ADC_DelSig_1_PM.c **** ********************************************************************************
  55:.\Generated_Source\PSoC5/ADC_DelSig_1_PM.c **** *
  56:.\Generated_Source\PSoC5/ADC_DelSig_1_PM.c **** * Summary:
  57:.\Generated_Source\PSoC5/ADC_DelSig_1_PM.c **** *  Restore the register configurations which are not retention.
  58:.\Generated_Source\PSoC5/ADC_DelSig_1_PM.c **** * 
  59:.\Generated_Source\PSoC5/ADC_DelSig_1_PM.c **** * Parameters:
  60:.\Generated_Source\PSoC5/ADC_DelSig_1_PM.c **** *  void
  61:.\Generated_Source\PSoC5/ADC_DelSig_1_PM.c **** * 
  62:.\Generated_Source\PSoC5/ADC_DelSig_1_PM.c **** * Return:
  63:.\Generated_Source\PSoC5/ADC_DelSig_1_PM.c **** *  void
  64:.\Generated_Source\PSoC5/ADC_DelSig_1_PM.c **** *
  65:.\Generated_Source\PSoC5/ADC_DelSig_1_PM.c **** * Global variables:
  66:.\Generated_Source\PSoC5/ADC_DelSig_1_PM.c **** *  ADC_DelSig_1_backup:  This global structure variable is used to restore 
  67:.\Generated_Source\PSoC5/ADC_DelSig_1_PM.c **** *  configuration registers which are non retention whenever user wants to switch 
  68:.\Generated_Source\PSoC5/ADC_DelSig_1_PM.c **** *  to active power mode by calling Wakeup() API.
  69:.\Generated_Source\PSoC5/ADC_DelSig_1_PM.c **** *
  70:.\Generated_Source\PSoC5/ADC_DelSig_1_PM.c **** *******************************************************************************/
  71:.\Generated_Source\PSoC5/ADC_DelSig_1_PM.c **** void ADC_DelSig_1_RestoreConfig(void) 
  72:.\Generated_Source\PSoC5/ADC_DelSig_1_PM.c **** {
  74              		.loc 1 72 0
  75              		.cfi_startproc
  76              		@ args = 0, pretend = 0, frame = 0
  77              		@ frame_needed = 1, uses_anonymous_args = 0
  78              		@ link register save eliminated.
  79 0000 80B4     		push	{r7}
  80              	.LCFI2:
  81              		.cfi_def_cfa_offset 4
  82 0002 00AF     		add	r7, sp, #0
  83              		.cfi_offset 7, -4
  84              	.LCFI3:
  85              		.cfi_def_cfa_register 7
  73:.\Generated_Source\PSoC5/ADC_DelSig_1_PM.c ****     ADC_DelSig_1_DEC_CR_REG = ADC_DelSig_1_backup.deccr;
  86              		.loc 1 73 0
  87 0004 44F60063 		movw	r3, #:lower16:1073761792
  88 0008 C4F20003 		movt	r3, #:upper16:1073761792
  89 000c 40F20002 		movw	r2, #:lower16:ADC_DelSig_1_backup
  90 0010 C0F20002 		movt	r2, #:upper16:ADC_DelSig_1_backup
  91 0014 5278     		ldrb	r2, [r2, #1]	@ zero_extendqisi2
  92 0016 1A70     		strb	r2, [r3, #0]
  74:.\Generated_Source\PSoC5/ADC_DelSig_1_PM.c **** }
  93              		.loc 1 74 0
ARM GAS  C:\Users\karunmj\AppData\Local\Temp\ccBLB2qN.s 			page 4


  94 0018 BD46     		mov	sp, r7
  95 001a 80BC     		pop	{r7}
  96 001c 7047     		bx	lr
  97              		.cfi_endproc
  98              	.LFE1:
  99              		.size	ADC_DelSig_1_RestoreConfig, .-ADC_DelSig_1_RestoreConfig
 100 001e 00BF     		.section	.text.ADC_DelSig_1_Sleep,"ax",%progbits
 101              		.align	2
 102              		.global	ADC_DelSig_1_Sleep
 103              		.thumb
 104              		.thumb_func
 105              		.type	ADC_DelSig_1_Sleep, %function
 106              	ADC_DelSig_1_Sleep:
 107              	.LFB2:
  75:.\Generated_Source\PSoC5/ADC_DelSig_1_PM.c **** 
  76:.\Generated_Source\PSoC5/ADC_DelSig_1_PM.c **** 
  77:.\Generated_Source\PSoC5/ADC_DelSig_1_PM.c **** /******************************************************************************* 
  78:.\Generated_Source\PSoC5/ADC_DelSig_1_PM.c **** * Function Name: ADC_DelSig_1_Sleep
  79:.\Generated_Source\PSoC5/ADC_DelSig_1_PM.c **** ********************************************************************************
  80:.\Generated_Source\PSoC5/ADC_DelSig_1_PM.c **** *
  81:.\Generated_Source\PSoC5/ADC_DelSig_1_PM.c **** * Summary:
  82:.\Generated_Source\PSoC5/ADC_DelSig_1_PM.c **** *  Stops the operation of the block and saves the user configuration. 
  83:.\Generated_Source\PSoC5/ADC_DelSig_1_PM.c **** *  
  84:.\Generated_Source\PSoC5/ADC_DelSig_1_PM.c **** * Parameters:  
  85:.\Generated_Source\PSoC5/ADC_DelSig_1_PM.c **** *  void
  86:.\Generated_Source\PSoC5/ADC_DelSig_1_PM.c **** *
  87:.\Generated_Source\PSoC5/ADC_DelSig_1_PM.c **** * Return: 
  88:.\Generated_Source\PSoC5/ADC_DelSig_1_PM.c **** *  void
  89:.\Generated_Source\PSoC5/ADC_DelSig_1_PM.c **** *
  90:.\Generated_Source\PSoC5/ADC_DelSig_1_PM.c **** * Global variables:
  91:.\Generated_Source\PSoC5/ADC_DelSig_1_PM.c **** *  ADC_DelSig_1_backup:  The structure field 'enableState' is modified 
  92:.\Generated_Source\PSoC5/ADC_DelSig_1_PM.c **** *  depending on the enable state of the block before entering to sleep mode.
  93:.\Generated_Source\PSoC5/ADC_DelSig_1_PM.c **** *
  94:.\Generated_Source\PSoC5/ADC_DelSig_1_PM.c **** *******************************************************************************/
  95:.\Generated_Source\PSoC5/ADC_DelSig_1_PM.c **** void ADC_DelSig_1_Sleep(void) 
  96:.\Generated_Source\PSoC5/ADC_DelSig_1_PM.c **** {
 108              		.loc 1 96 0
 109              		.cfi_startproc
 110              		@ args = 0, pretend = 0, frame = 0
 111              		@ frame_needed = 1, uses_anonymous_args = 0
 112 0000 80B5     		push	{r7, lr}
 113              	.LCFI4:
 114              		.cfi_def_cfa_offset 8
 115 0002 00AF     		add	r7, sp, #0
 116              		.cfi_offset 14, -4
 117              		.cfi_offset 7, -8
 118              	.LCFI5:
 119              		.cfi_def_cfa_register 7
  97:.\Generated_Source\PSoC5/ADC_DelSig_1_PM.c ****     /* Save ADC enable state */
  98:.\Generated_Source\PSoC5/ADC_DelSig_1_PM.c ****     if((ADC_DelSig_1_ACT_PWR_DEC_EN == (ADC_DelSig_1_PWRMGR_DEC_REG & ADC_DelSig_1_ACT_PWR_DEC_EN))
 120              		.loc 1 98 0
 121 0004 44F2AA33 		movw	r3, #:lower16:1073759146
 122 0008 C4F20003 		movt	r3, #:upper16:1073759146
 123 000c 1B78     		ldrb	r3, [r3, #0]
 124 000e DBB2     		uxtb	r3, r3
 125 0010 03F00103 		and	r3, r3, #1
 126 0014 DBB2     		uxtb	r3, r3
ARM GAS  C:\Users\karunmj\AppData\Local\Temp\ccBLB2qN.s 			page 5


 127 0016 002B     		cmp	r3, #0
 128 0018 11D0     		beq	.L6
  99:.\Generated_Source\PSoC5/ADC_DelSig_1_PM.c ****        (ADC_DelSig_1_ACT_PWR_DSM_EN == (ADC_DelSig_1_PWRMGR_DSM_REG & ADC_DelSig_1_ACT_PWR_DSM_EN))
 129              		.loc 1 99 0
 130 001a 44F2AA33 		movw	r3, #:lower16:1073759146
 131 001e C4F20003 		movt	r3, #:upper16:1073759146
 132 0022 1B78     		ldrb	r3, [r3, #0]
 133 0024 DBB2     		uxtb	r3, r3
 134 0026 03F01003 		and	r3, r3, #16
 135              		.loc 1 98 0
 136 002a 002B     		cmp	r3, #0
 137 002c 07D0     		beq	.L6
 100:.\Generated_Source\PSoC5/ADC_DelSig_1_PM.c ****     {
 101:.\Generated_Source\PSoC5/ADC_DelSig_1_PM.c ****         /* Component is enabled */
 102:.\Generated_Source\PSoC5/ADC_DelSig_1_PM.c ****         ADC_DelSig_1_backup.enableState = ADC_DelSig_1_ENABLED;
 138              		.loc 1 102 0
 139 002e 40F20003 		movw	r3, #:lower16:ADC_DelSig_1_backup
 140 0032 C0F20003 		movt	r3, #:upper16:ADC_DelSig_1_backup
 141 0036 4FF00102 		mov	r2, #1
 142 003a 1A70     		strb	r2, [r3, #0]
 143              		.loc 1 98 0
 144 003c 06E0     		b	.L7
 145              	.L6:
 103:.\Generated_Source\PSoC5/ADC_DelSig_1_PM.c ****     }
 104:.\Generated_Source\PSoC5/ADC_DelSig_1_PM.c ****     else
 105:.\Generated_Source\PSoC5/ADC_DelSig_1_PM.c ****     {
 106:.\Generated_Source\PSoC5/ADC_DelSig_1_PM.c ****         /* Component is disabled */
 107:.\Generated_Source\PSoC5/ADC_DelSig_1_PM.c ****         ADC_DelSig_1_backup.enableState = ADC_DelSig_1_DISABLED;
 146              		.loc 1 107 0
 147 003e 40F20003 		movw	r3, #:lower16:ADC_DelSig_1_backup
 148 0042 C0F20003 		movt	r3, #:upper16:ADC_DelSig_1_backup
 149 0046 4FF00002 		mov	r2, #0
 150 004a 1A70     		strb	r2, [r3, #0]
 151              	.L7:
 108:.\Generated_Source\PSoC5/ADC_DelSig_1_PM.c ****     }
 109:.\Generated_Source\PSoC5/ADC_DelSig_1_PM.c **** 
 110:.\Generated_Source\PSoC5/ADC_DelSig_1_PM.c ****     /* Stop the configuration */
 111:.\Generated_Source\PSoC5/ADC_DelSig_1_PM.c ****     ADC_DelSig_1_Stop();
 152              		.loc 1 111 0
 153 004c FFF7FEFF 		bl	ADC_DelSig_1_Stop
 112:.\Generated_Source\PSoC5/ADC_DelSig_1_PM.c **** 
 113:.\Generated_Source\PSoC5/ADC_DelSig_1_PM.c ****     /* Save the user configuration */
 114:.\Generated_Source\PSoC5/ADC_DelSig_1_PM.c ****     ADC_DelSig_1_SaveConfig();
 154              		.loc 1 114 0
 155 0050 FFF7FEFF 		bl	ADC_DelSig_1_SaveConfig
 115:.\Generated_Source\PSoC5/ADC_DelSig_1_PM.c **** }
 156              		.loc 1 115 0
 157 0054 80BD     		pop	{r7, pc}
 158              		.cfi_endproc
 159              	.LFE2:
 160              		.size	ADC_DelSig_1_Sleep, .-ADC_DelSig_1_Sleep
 161 0056 00BF     		.section	.text.ADC_DelSig_1_Wakeup,"ax",%progbits
 162              		.align	2
 163              		.global	ADC_DelSig_1_Wakeup
 164              		.thumb
 165              		.thumb_func
 166              		.type	ADC_DelSig_1_Wakeup, %function
ARM GAS  C:\Users\karunmj\AppData\Local\Temp\ccBLB2qN.s 			page 6


 167              	ADC_DelSig_1_Wakeup:
 168              	.LFB3:
 116:.\Generated_Source\PSoC5/ADC_DelSig_1_PM.c **** 
 117:.\Generated_Source\PSoC5/ADC_DelSig_1_PM.c **** 
 118:.\Generated_Source\PSoC5/ADC_DelSig_1_PM.c **** /******************************************************************************* 
 119:.\Generated_Source\PSoC5/ADC_DelSig_1_PM.c **** * Function Name: ADC_DelSig_1_Wakeup
 120:.\Generated_Source\PSoC5/ADC_DelSig_1_PM.c **** ********************************************************************************
 121:.\Generated_Source\PSoC5/ADC_DelSig_1_PM.c **** *
 122:.\Generated_Source\PSoC5/ADC_DelSig_1_PM.c **** * Summary:
 123:.\Generated_Source\PSoC5/ADC_DelSig_1_PM.c **** *  Restores the user configuration and enables the power to the block.
 124:.\Generated_Source\PSoC5/ADC_DelSig_1_PM.c **** *  
 125:.\Generated_Source\PSoC5/ADC_DelSig_1_PM.c **** * Parameters:  
 126:.\Generated_Source\PSoC5/ADC_DelSig_1_PM.c **** *  void
 127:.\Generated_Source\PSoC5/ADC_DelSig_1_PM.c **** *
 128:.\Generated_Source\PSoC5/ADC_DelSig_1_PM.c **** * Return: 
 129:.\Generated_Source\PSoC5/ADC_DelSig_1_PM.c **** *  void
 130:.\Generated_Source\PSoC5/ADC_DelSig_1_PM.c **** *
 131:.\Generated_Source\PSoC5/ADC_DelSig_1_PM.c **** * Global variables:
 132:.\Generated_Source\PSoC5/ADC_DelSig_1_PM.c **** *  ADC_DelSig_1_backup:  The structure field 'enableState' is used to 
 133:.\Generated_Source\PSoC5/ADC_DelSig_1_PM.c **** *  restore the enable state of block after wakeup from sleep mode.
 134:.\Generated_Source\PSoC5/ADC_DelSig_1_PM.c **** *
 135:.\Generated_Source\PSoC5/ADC_DelSig_1_PM.c **** *******************************************************************************/
 136:.\Generated_Source\PSoC5/ADC_DelSig_1_PM.c **** void ADC_DelSig_1_Wakeup(void) 
 137:.\Generated_Source\PSoC5/ADC_DelSig_1_PM.c **** {
 169              		.loc 1 137 0
 170              		.cfi_startproc
 171              		@ args = 0, pretend = 0, frame = 0
 172              		@ frame_needed = 1, uses_anonymous_args = 0
 173 0000 80B5     		push	{r7, lr}
 174              	.LCFI6:
 175              		.cfi_def_cfa_offset 8
 176 0002 00AF     		add	r7, sp, #0
 177              		.cfi_offset 14, -4
 178              		.cfi_offset 7, -8
 179              	.LCFI7:
 180              		.cfi_def_cfa_register 7
 138:.\Generated_Source\PSoC5/ADC_DelSig_1_PM.c ****     /* Restore the configuration */
 139:.\Generated_Source\PSoC5/ADC_DelSig_1_PM.c ****     ADC_DelSig_1_RestoreConfig();
 181              		.loc 1 139 0
 182 0004 FFF7FEFF 		bl	ADC_DelSig_1_RestoreConfig
 140:.\Generated_Source\PSoC5/ADC_DelSig_1_PM.c **** 
 141:.\Generated_Source\PSoC5/ADC_DelSig_1_PM.c ****     /* Enable's the component operation */
 142:.\Generated_Source\PSoC5/ADC_DelSig_1_PM.c ****     if(ADC_DelSig_1_backup.enableState == ADC_DelSig_1_ENABLED)
 183              		.loc 1 142 0
 184 0008 40F20003 		movw	r3, #:lower16:ADC_DelSig_1_backup
 185 000c C0F20003 		movt	r3, #:upper16:ADC_DelSig_1_backup
 186 0010 1B78     		ldrb	r3, [r3, #0]	@ zero_extendqisi2
 187 0012 012B     		cmp	r3, #1
 188 0014 0DD1     		bne	.L11
 143:.\Generated_Source\PSoC5/ADC_DelSig_1_PM.c ****     {
 144:.\Generated_Source\PSoC5/ADC_DelSig_1_PM.c ****         ADC_DelSig_1_Enable();
 189              		.loc 1 144 0
 190 0016 FFF7FEFF 		bl	ADC_DelSig_1_Enable
 145:.\Generated_Source\PSoC5/ADC_DelSig_1_PM.c **** 
 146:.\Generated_Source\PSoC5/ADC_DelSig_1_PM.c ****         /* Start the conversion only if conversion is not triggered by the hardware */
 147:.\Generated_Source\PSoC5/ADC_DelSig_1_PM.c ****         if(!(ADC_DelSig_1_DEC_CR_REG & ADC_DelSig_1_DEC_XSTART_EN))
 191              		.loc 1 147 0
ARM GAS  C:\Users\karunmj\AppData\Local\Temp\ccBLB2qN.s 			page 7


 192 001a 44F60063 		movw	r3, #:lower16:1073761792
 193 001e C4F20003 		movt	r3, #:upper16:1073761792
 194 0022 1B78     		ldrb	r3, [r3, #0]
 195 0024 DBB2     		uxtb	r3, r3
 196 0026 03F00203 		and	r3, r3, #2
 197 002a 002B     		cmp	r3, #0
 198 002c 01D1     		bne	.L11
 148:.\Generated_Source\PSoC5/ADC_DelSig_1_PM.c ****         {
 149:.\Generated_Source\PSoC5/ADC_DelSig_1_PM.c ****             ADC_DelSig_1_StartConvert();
 199              		.loc 1 149 0
 200 002e FFF7FEFF 		bl	ADC_DelSig_1_StartConvert
 201              	.L11:
 150:.\Generated_Source\PSoC5/ADC_DelSig_1_PM.c ****         }
 151:.\Generated_Source\PSoC5/ADC_DelSig_1_PM.c **** 
 152:.\Generated_Source\PSoC5/ADC_DelSig_1_PM.c ****     } /* Do nothing if component was disable before */
 153:.\Generated_Source\PSoC5/ADC_DelSig_1_PM.c **** }
 202              		.loc 1 153 0
 203 0032 80BD     		pop	{r7, pc}
 204              		.cfi_endproc
 205              	.LFE3:
 206              		.size	ADC_DelSig_1_Wakeup, .-ADC_DelSig_1_Wakeup
 207              		.text
 208              	.Letext0:
 209              		.section	.debug_loc,"",%progbits
 210              	.Ldebug_loc0:
 211              	.LLST0:
 212 0000 00000000 		.4byte	.LFB0
 213 0004 02000000 		.4byte	.LCFI0
 214 0008 0100     		.2byte	0x1
 215 000a 5D       		.byte	0x5d
 216 000b 02000000 		.4byte	.LCFI0
 217 000f 04000000 		.4byte	.LCFI1
 218 0013 0200     		.2byte	0x2
 219 0015 7D       		.byte	0x7d
 220 0016 04       		.sleb128 4
 221 0017 04000000 		.4byte	.LCFI1
 222 001b 20000000 		.4byte	.LFE0
 223 001f 0200     		.2byte	0x2
 224 0021 77       		.byte	0x77
 225 0022 04       		.sleb128 4
 226 0023 00000000 		.4byte	0x0
 227 0027 00000000 		.4byte	0x0
 228              	.LLST1:
 229 002b 00000000 		.4byte	.LFB1
 230 002f 02000000 		.4byte	.LCFI2
 231 0033 0100     		.2byte	0x1
 232 0035 5D       		.byte	0x5d
 233 0036 02000000 		.4byte	.LCFI2
 234 003a 04000000 		.4byte	.LCFI3
 235 003e 0200     		.2byte	0x2
 236 0040 7D       		.byte	0x7d
 237 0041 04       		.sleb128 4
 238 0042 04000000 		.4byte	.LCFI3
 239 0046 1E000000 		.4byte	.LFE1
 240 004a 0200     		.2byte	0x2
 241 004c 77       		.byte	0x77
 242 004d 04       		.sleb128 4
ARM GAS  C:\Users\karunmj\AppData\Local\Temp\ccBLB2qN.s 			page 8


 243 004e 00000000 		.4byte	0x0
 244 0052 00000000 		.4byte	0x0
 245              	.LLST2:
 246 0056 00000000 		.4byte	.LFB2
 247 005a 02000000 		.4byte	.LCFI4
 248 005e 0100     		.2byte	0x1
 249 0060 5D       		.byte	0x5d
 250 0061 02000000 		.4byte	.LCFI4
 251 0065 04000000 		.4byte	.LCFI5
 252 0069 0200     		.2byte	0x2
 253 006b 7D       		.byte	0x7d
 254 006c 08       		.sleb128 8
 255 006d 04000000 		.4byte	.LCFI5
 256 0071 56000000 		.4byte	.LFE2
 257 0075 0200     		.2byte	0x2
 258 0077 77       		.byte	0x77
 259 0078 08       		.sleb128 8
 260 0079 00000000 		.4byte	0x0
 261 007d 00000000 		.4byte	0x0
 262              	.LLST3:
 263 0081 00000000 		.4byte	.LFB3
 264 0085 02000000 		.4byte	.LCFI6
 265 0089 0100     		.2byte	0x1
 266 008b 5D       		.byte	0x5d
 267 008c 02000000 		.4byte	.LCFI6
 268 0090 04000000 		.4byte	.LCFI7
 269 0094 0200     		.2byte	0x2
 270 0096 7D       		.byte	0x7d
 271 0097 08       		.sleb128 8
 272 0098 04000000 		.4byte	.LCFI7
 273 009c 34000000 		.4byte	.LFE3
 274 00a0 0200     		.2byte	0x2
 275 00a2 77       		.byte	0x77
 276 00a3 08       		.sleb128 8
 277 00a4 00000000 		.4byte	0x0
 278 00a8 00000000 		.4byte	0x0
 279              		.file 2 ".\\Generated_Source\\PSoC5\\/ADC_DelSig_1.h"
 280              		.file 3 ".\\Generated_Source\\PSoC5\\/cytypes.h"
 281              		.section	.debug_info
 282 0000 28010000 		.4byte	0x128
 283 0004 0200     		.2byte	0x2
 284 0006 00000000 		.4byte	.Ldebug_abbrev0
 285 000a 04       		.byte	0x4
 286 000b 01       		.uleb128 0x1
 287 000c E3000000 		.4byte	.LASF20
 288 0010 01       		.byte	0x1
 289 0011 32010000 		.4byte	.LASF21
 290 0015 21000000 		.4byte	.LASF22
 291 0019 00000000 		.4byte	0x0
 292 001d 00000000 		.4byte	0x0
 293 0021 00000000 		.4byte	.Ldebug_ranges0+0x0
 294 0025 00000000 		.4byte	.Ldebug_line0
 295 0029 02       		.uleb128 0x2
 296 002a 01       		.byte	0x1
 297 002b 06       		.byte	0x6
 298 002c 5D010000 		.4byte	.LASF0
 299 0030 02       		.uleb128 0x2
ARM GAS  C:\Users\karunmj\AppData\Local\Temp\ccBLB2qN.s 			page 9


 300 0031 01       		.byte	0x1
 301 0032 08       		.byte	0x8
 302 0033 EF000000 		.4byte	.LASF1
 303 0037 02       		.uleb128 0x2
 304 0038 02       		.byte	0x2
 305 0039 05       		.byte	0x5
 306 003a 8D010000 		.4byte	.LASF2
 307 003e 02       		.uleb128 0x2
 308 003f 02       		.byte	0x2
 309 0040 07       		.byte	0x7
 310 0041 0E000000 		.4byte	.LASF3
 311 0045 02       		.uleb128 0x2
 312 0046 04       		.byte	0x4
 313 0047 05       		.byte	0x5
 314 0048 02010000 		.4byte	.LASF4
 315 004c 02       		.uleb128 0x2
 316 004d 04       		.byte	0x4
 317 004e 07       		.byte	0x7
 318 004f A0000000 		.4byte	.LASF5
 319 0053 02       		.uleb128 0x2
 320 0054 08       		.byte	0x8
 321 0055 05       		.byte	0x5
 322 0056 00000000 		.4byte	.LASF6
 323 005a 02       		.uleb128 0x2
 324 005b 08       		.byte	0x8
 325 005c 07       		.byte	0x7
 326 005d B2000000 		.4byte	.LASF7
 327 0061 03       		.uleb128 0x3
 328 0062 04       		.byte	0x4
 329 0063 05       		.byte	0x5
 330 0064 696E7400 		.ascii	"int\000"
 331 0068 02       		.uleb128 0x2
 332 0069 04       		.byte	0x4
 333 006a 07       		.byte	0x7
 334 006b 72000000 		.4byte	.LASF8
 335 006f 04       		.uleb128 0x4
 336 0070 9A000000 		.4byte	.LASF14
 337 0074 03       		.byte	0x3
 338 0075 4C       		.byte	0x4c
 339 0076 30000000 		.4byte	0x30
 340 007a 02       		.uleb128 0x2
 341 007b 04       		.byte	0x4
 342 007c 04       		.byte	0x4
 343 007d 6F010000 		.4byte	.LASF9
 344 0081 02       		.uleb128 0x2
 345 0082 08       		.byte	0x8
 346 0083 04       		.byte	0x4
 347 0084 2B010000 		.4byte	.LASF10
 348 0088 02       		.uleb128 0x2
 349 0089 01       		.byte	0x1
 350 008a 08       		.byte	0x8
 351 008b FD000000 		.4byte	.LASF11
 352 008f 05       		.uleb128 0x5
 353 0090 04       		.byte	0x4
 354 0091 07       		.byte	0x7
 355 0092 06       		.uleb128 0x6
 356 0093 C9000000 		.4byte	.LASF23
ARM GAS  C:\Users\karunmj\AppData\Local\Temp\ccBLB2qN.s 			page 10


 357 0097 02       		.byte	0x2
 358 0098 02       		.byte	0x2
 359 0099 27       		.byte	0x27
 360 009a BB000000 		.4byte	0xbb
 361 009e 07       		.uleb128 0x7
 362 009f 1F010000 		.4byte	.LASF12
 363 00a3 02       		.byte	0x2
 364 00a4 28       		.byte	0x28
 365 00a5 6F000000 		.4byte	0x6f
 366 00a9 02       		.byte	0x2
 367 00aa 23       		.byte	0x23
 368 00ab 00       		.uleb128 0x0
 369 00ac 07       		.uleb128 0x7
 370 00ad 69010000 		.4byte	.LASF13
 371 00b1 02       		.byte	0x2
 372 00b2 29       		.byte	0x29
 373 00b3 6F000000 		.4byte	0x6f
 374 00b7 02       		.byte	0x2
 375 00b8 23       		.byte	0x23
 376 00b9 01       		.uleb128 0x1
 377 00ba 00       		.byte	0x0
 378 00bb 04       		.uleb128 0x4
 379 00bc BE010000 		.4byte	.LASF15
 380 00c0 02       		.byte	0x2
 381 00c1 2A       		.byte	0x2a
 382 00c2 92000000 		.4byte	0x92
 383 00c6 08       		.uleb128 0x8
 384 00c7 01       		.byte	0x1
 385 00c8 75010000 		.4byte	.LASF16
 386 00cc 01       		.byte	0x1
 387 00cd 2E       		.byte	0x2e
 388 00ce 01       		.byte	0x1
 389 00cf 00000000 		.4byte	.LFB0
 390 00d3 20000000 		.4byte	.LFE0
 391 00d7 00000000 		.4byte	.LLST0
 392 00db 08       		.uleb128 0x8
 393 00dc 01       		.byte	0x1
 394 00dd 7F000000 		.4byte	.LASF17
 395 00e1 01       		.byte	0x1
 396 00e2 47       		.byte	0x47
 397 00e3 01       		.byte	0x1
 398 00e4 00000000 		.4byte	.LFB1
 399 00e8 1E000000 		.4byte	.LFE1
 400 00ec 2B000000 		.4byte	.LLST1
 401 00f0 08       		.uleb128 0x8
 402 00f1 01       		.byte	0x1
 403 00f2 AB010000 		.4byte	.LASF18
 404 00f6 01       		.byte	0x1
 405 00f7 5F       		.byte	0x5f
 406 00f8 01       		.byte	0x1
 407 00f9 00000000 		.4byte	.LFB2
 408 00fd 56000000 		.4byte	.LFE2
 409 0101 56000000 		.4byte	.LLST2
 410 0105 08       		.uleb128 0x8
 411 0106 01       		.byte	0x1
 412 0107 97010000 		.4byte	.LASF19
 413 010b 01       		.byte	0x1
ARM GAS  C:\Users\karunmj\AppData\Local\Temp\ccBLB2qN.s 			page 11


 414 010c 88       		.byte	0x88
 415 010d 01       		.byte	0x1
 416 010e 00000000 		.4byte	.LFB3
 417 0112 34000000 		.4byte	.LFE3
 418 0116 81000000 		.4byte	.LLST3
 419 011a 09       		.uleb128 0x9
 420 011b 0B010000 		.4byte	.LASF24
 421 011f 01       		.byte	0x1
 422 0120 14       		.byte	0x14
 423 0121 BB000000 		.4byte	0xbb
 424 0125 05       		.byte	0x5
 425 0126 03       		.byte	0x3
 426 0127 00000000 		.4byte	ADC_DelSig_1_backup
 427 012b 00       		.byte	0x0
 428              		.section	.debug_abbrev
 429 0000 01       		.uleb128 0x1
 430 0001 11       		.uleb128 0x11
 431 0002 01       		.byte	0x1
 432 0003 25       		.uleb128 0x25
 433 0004 0E       		.uleb128 0xe
 434 0005 13       		.uleb128 0x13
 435 0006 0B       		.uleb128 0xb
 436 0007 03       		.uleb128 0x3
 437 0008 0E       		.uleb128 0xe
 438 0009 1B       		.uleb128 0x1b
 439 000a 0E       		.uleb128 0xe
 440 000b 11       		.uleb128 0x11
 441 000c 01       		.uleb128 0x1
 442 000d 52       		.uleb128 0x52
 443 000e 01       		.uleb128 0x1
 444 000f 55       		.uleb128 0x55
 445 0010 06       		.uleb128 0x6
 446 0011 10       		.uleb128 0x10
 447 0012 06       		.uleb128 0x6
 448 0013 00       		.byte	0x0
 449 0014 00       		.byte	0x0
 450 0015 02       		.uleb128 0x2
 451 0016 24       		.uleb128 0x24
 452 0017 00       		.byte	0x0
 453 0018 0B       		.uleb128 0xb
 454 0019 0B       		.uleb128 0xb
 455 001a 3E       		.uleb128 0x3e
 456 001b 0B       		.uleb128 0xb
 457 001c 03       		.uleb128 0x3
 458 001d 0E       		.uleb128 0xe
 459 001e 00       		.byte	0x0
 460 001f 00       		.byte	0x0
 461 0020 03       		.uleb128 0x3
 462 0021 24       		.uleb128 0x24
 463 0022 00       		.byte	0x0
 464 0023 0B       		.uleb128 0xb
 465 0024 0B       		.uleb128 0xb
 466 0025 3E       		.uleb128 0x3e
 467 0026 0B       		.uleb128 0xb
 468 0027 03       		.uleb128 0x3
 469 0028 08       		.uleb128 0x8
 470 0029 00       		.byte	0x0
ARM GAS  C:\Users\karunmj\AppData\Local\Temp\ccBLB2qN.s 			page 12


 471 002a 00       		.byte	0x0
 472 002b 04       		.uleb128 0x4
 473 002c 16       		.uleb128 0x16
 474 002d 00       		.byte	0x0
 475 002e 03       		.uleb128 0x3
 476 002f 0E       		.uleb128 0xe
 477 0030 3A       		.uleb128 0x3a
 478 0031 0B       		.uleb128 0xb
 479 0032 3B       		.uleb128 0x3b
 480 0033 0B       		.uleb128 0xb
 481 0034 49       		.uleb128 0x49
 482 0035 13       		.uleb128 0x13
 483 0036 00       		.byte	0x0
 484 0037 00       		.byte	0x0
 485 0038 05       		.uleb128 0x5
 486 0039 24       		.uleb128 0x24
 487 003a 00       		.byte	0x0
 488 003b 0B       		.uleb128 0xb
 489 003c 0B       		.uleb128 0xb
 490 003d 3E       		.uleb128 0x3e
 491 003e 0B       		.uleb128 0xb
 492 003f 00       		.byte	0x0
 493 0040 00       		.byte	0x0
 494 0041 06       		.uleb128 0x6
 495 0042 13       		.uleb128 0x13
 496 0043 01       		.byte	0x1
 497 0044 03       		.uleb128 0x3
 498 0045 0E       		.uleb128 0xe
 499 0046 0B       		.uleb128 0xb
 500 0047 0B       		.uleb128 0xb
 501 0048 3A       		.uleb128 0x3a
 502 0049 0B       		.uleb128 0xb
 503 004a 3B       		.uleb128 0x3b
 504 004b 0B       		.uleb128 0xb
 505 004c 01       		.uleb128 0x1
 506 004d 13       		.uleb128 0x13
 507 004e 00       		.byte	0x0
 508 004f 00       		.byte	0x0
 509 0050 07       		.uleb128 0x7
 510 0051 0D       		.uleb128 0xd
 511 0052 00       		.byte	0x0
 512 0053 03       		.uleb128 0x3
 513 0054 0E       		.uleb128 0xe
 514 0055 3A       		.uleb128 0x3a
 515 0056 0B       		.uleb128 0xb
 516 0057 3B       		.uleb128 0x3b
 517 0058 0B       		.uleb128 0xb
 518 0059 49       		.uleb128 0x49
 519 005a 13       		.uleb128 0x13
 520 005b 38       		.uleb128 0x38
 521 005c 0A       		.uleb128 0xa
 522 005d 00       		.byte	0x0
 523 005e 00       		.byte	0x0
 524 005f 08       		.uleb128 0x8
 525 0060 2E       		.uleb128 0x2e
 526 0061 00       		.byte	0x0
 527 0062 3F       		.uleb128 0x3f
ARM GAS  C:\Users\karunmj\AppData\Local\Temp\ccBLB2qN.s 			page 13


 528 0063 0C       		.uleb128 0xc
 529 0064 03       		.uleb128 0x3
 530 0065 0E       		.uleb128 0xe
 531 0066 3A       		.uleb128 0x3a
 532 0067 0B       		.uleb128 0xb
 533 0068 3B       		.uleb128 0x3b
 534 0069 0B       		.uleb128 0xb
 535 006a 27       		.uleb128 0x27
 536 006b 0C       		.uleb128 0xc
 537 006c 11       		.uleb128 0x11
 538 006d 01       		.uleb128 0x1
 539 006e 12       		.uleb128 0x12
 540 006f 01       		.uleb128 0x1
 541 0070 40       		.uleb128 0x40
 542 0071 06       		.uleb128 0x6
 543 0072 00       		.byte	0x0
 544 0073 00       		.byte	0x0
 545 0074 09       		.uleb128 0x9
 546 0075 34       		.uleb128 0x34
 547 0076 00       		.byte	0x0
 548 0077 03       		.uleb128 0x3
 549 0078 0E       		.uleb128 0xe
 550 0079 3A       		.uleb128 0x3a
 551 007a 0B       		.uleb128 0xb
 552 007b 3B       		.uleb128 0x3b
 553 007c 0B       		.uleb128 0xb
 554 007d 49       		.uleb128 0x49
 555 007e 13       		.uleb128 0x13
 556 007f 02       		.uleb128 0x2
 557 0080 0A       		.uleb128 0xa
 558 0081 00       		.byte	0x0
 559 0082 00       		.byte	0x0
 560 0083 00       		.byte	0x0
 561              		.section	.debug_pubnames,"",%progbits
 562 0000 78000000 		.4byte	0x78
 563 0004 0200     		.2byte	0x2
 564 0006 00000000 		.4byte	.Ldebug_info0
 565 000a 2C010000 		.4byte	0x12c
 566 000e C6000000 		.4byte	0xc6
 567 0012 4144435F 		.ascii	"ADC_DelSig_1_SaveConfig\000"
 567      44656C53 
 567      69675F31 
 567      5F536176 
 567      65436F6E 
 568 002a DB000000 		.4byte	0xdb
 569 002e 4144435F 		.ascii	"ADC_DelSig_1_RestoreConfig\000"
 569      44656C53 
 569      69675F31 
 569      5F526573 
 569      746F7265 
 570 0049 F0000000 		.4byte	0xf0
 571 004d 4144435F 		.ascii	"ADC_DelSig_1_Sleep\000"
 571      44656C53 
 571      69675F31 
 571      5F536C65 
 571      657000
 572 0060 05010000 		.4byte	0x105
ARM GAS  C:\Users\karunmj\AppData\Local\Temp\ccBLB2qN.s 			page 14


 573 0064 4144435F 		.ascii	"ADC_DelSig_1_Wakeup\000"
 573      44656C53 
 573      69675F31 
 573      5F57616B 
 573      65757000 
 574 0078 00000000 		.4byte	0x0
 575              		.section	.debug_aranges,"",%progbits
 576 0000 34000000 		.4byte	0x34
 577 0004 0200     		.2byte	0x2
 578 0006 00000000 		.4byte	.Ldebug_info0
 579 000a 04       		.byte	0x4
 580 000b 00       		.byte	0x0
 581 000c 0000     		.2byte	0x0
 582 000e 0000     		.2byte	0x0
 583 0010 00000000 		.4byte	.LFB0
 584 0014 20000000 		.4byte	.LFE0-.LFB0
 585 0018 00000000 		.4byte	.LFB1
 586 001c 1E000000 		.4byte	.LFE1-.LFB1
 587 0020 00000000 		.4byte	.LFB2
 588 0024 56000000 		.4byte	.LFE2-.LFB2
 589 0028 00000000 		.4byte	.LFB3
 590 002c 34000000 		.4byte	.LFE3-.LFB3
 591 0030 00000000 		.4byte	0x0
 592 0034 00000000 		.4byte	0x0
 593              		.section	.debug_ranges,"",%progbits
 594              	.Ldebug_ranges0:
 595 0000 00000000 		.4byte	.Ltext0
 596 0004 00000000 		.4byte	.Letext0
 597 0008 00000000 		.4byte	.LFB0
 598 000c 20000000 		.4byte	.LFE0
 599 0010 00000000 		.4byte	.LFB1
 600 0014 1E000000 		.4byte	.LFE1
 601 0018 00000000 		.4byte	.LFB2
 602 001c 56000000 		.4byte	.LFE2
 603 0020 00000000 		.4byte	.LFB3
 604 0024 34000000 		.4byte	.LFE3
 605 0028 00000000 		.4byte	0x0
 606 002c 00000000 		.4byte	0x0
 607              		.section	.debug_str,"MS",%progbits,1
 608              	.LASF6:
 609 0000 6C6F6E67 		.ascii	"long long int\000"
 609      206C6F6E 
 609      6720696E 
 609      7400
 610              	.LASF3:
 611 000e 73686F72 		.ascii	"short unsigned int\000"
 611      7420756E 
 611      7369676E 
 611      65642069 
 611      6E7400
 612              	.LASF22:
 613 0021 433A5C55 		.ascii	"C:\\Users\\karunmj\\Documents\\GitHub\\m2m\\hardwar"
 613      73657273 
 613      5C6B6172 
 613      756E6D6A 
 613      5C446F63 
 614 004e 655C7073 		.ascii	"e\\psoc5\\Campbell_Conductivity.cydsn\000"
ARM GAS  C:\Users\karunmj\AppData\Local\Temp\ccBLB2qN.s 			page 15


 614      6F63355C 
 614      43616D70 
 614      62656C6C 
 614      5F436F6E 
 615              	.LASF8:
 616 0072 756E7369 		.ascii	"unsigned int\000"
 616      676E6564 
 616      20696E74 
 616      00
 617              	.LASF17:
 618 007f 4144435F 		.ascii	"ADC_DelSig_1_RestoreConfig\000"
 618      44656C53 
 618      69675F31 
 618      5F526573 
 618      746F7265 
 619              	.LASF14:
 620 009a 75696E74 		.ascii	"uint8\000"
 620      3800
 621              	.LASF5:
 622 00a0 6C6F6E67 		.ascii	"long unsigned int\000"
 622      20756E73 
 622      69676E65 
 622      6420696E 
 622      7400
 623              	.LASF7:
 624 00b2 6C6F6E67 		.ascii	"long long unsigned int\000"
 624      206C6F6E 
 624      6720756E 
 624      7369676E 
 624      65642069 
 625              	.LASF23:
 626 00c9 4144435F 		.ascii	"ADC_DelSig_1_backupStruct\000"
 626      44656C53 
 626      69675F31 
 626      5F626163 
 626      6B757053 
 627              	.LASF20:
 628 00e3 474E5520 		.ascii	"GNU C 4.4.1\000"
 628      4320342E 
 628      342E3100 
 629              	.LASF1:
 630 00ef 756E7369 		.ascii	"unsigned char\000"
 630      676E6564 
 630      20636861 
 630      7200
 631              	.LASF11:
 632 00fd 63686172 		.ascii	"char\000"
 632      00
 633              	.LASF4:
 634 0102 6C6F6E67 		.ascii	"long int\000"
 634      20696E74 
 634      00
 635              	.LASF24:
 636 010b 4144435F 		.ascii	"ADC_DelSig_1_backup\000"
 636      44656C53 
 636      69675F31 
 636      5F626163 
ARM GAS  C:\Users\karunmj\AppData\Local\Temp\ccBLB2qN.s 			page 16


 636      6B757000 
 637              	.LASF12:
 638 011f 656E6162 		.ascii	"enableState\000"
 638      6C655374 
 638      61746500 
 639              	.LASF10:
 640 012b 646F7562 		.ascii	"double\000"
 640      6C6500
 641              	.LASF21:
 642 0132 2E5C4765 		.ascii	".\\Generated_Source\\PSoC5\\ADC_DelSig_1_PM.c\000"
 642      6E657261 
 642      7465645F 
 642      536F7572 
 642      63655C50 
 643              	.LASF0:
 644 015d 7369676E 		.ascii	"signed char\000"
 644      65642063 
 644      68617200 
 645              	.LASF13:
 646 0169 64656363 		.ascii	"deccr\000"
 646      7200
 647              	.LASF9:
 648 016f 666C6F61 		.ascii	"float\000"
 648      7400
 649              	.LASF16:
 650 0175 4144435F 		.ascii	"ADC_DelSig_1_SaveConfig\000"
 650      44656C53 
 650      69675F31 
 650      5F536176 
 650      65436F6E 
 651              	.LASF2:
 652 018d 73686F72 		.ascii	"short int\000"
 652      7420696E 
 652      7400
 653              	.LASF19:
 654 0197 4144435F 		.ascii	"ADC_DelSig_1_Wakeup\000"
 654      44656C53 
 654      69675F31 
 654      5F57616B 
 654      65757000 
 655              	.LASF18:
 656 01ab 4144435F 		.ascii	"ADC_DelSig_1_Sleep\000"
 656      44656C53 
 656      69675F31 
 656      5F536C65 
 656      657000
 657              	.LASF15:
 658 01be 4144435F 		.ascii	"ADC_DelSig_1_BACKUP_STRUCT\000"
 658      44656C53 
 658      69675F31 
 658      5F424143 
 658      4B55505F 
 659              		.ident	"GCC: (Sourcery G++ Lite 2010q1-188) 4.4.1"
