ARM GAS  C:\Users\karunmj\AppData\Local\Temp\ccDWCT6d.s 			page 1


   1              		.syntax unified
   2              		.cpu cortex-m3
   3              		.fpu softvfp
   4              		.eabi_attribute 20, 1
   5              		.eabi_attribute 21, 1
   6              		.eabi_attribute 23, 3
   7              		.eabi_attribute 24, 1
   8              		.eabi_attribute 25, 1
   9              		.eabi_attribute 26, 1
  10              		.eabi_attribute 30, 6
  11              		.eabi_attribute 18, 4
  12              		.thumb
  13              		.file	"Sample_Hold_2.c"
  14              		.section	.debug_abbrev,"",%progbits
  15              	.Ldebug_abbrev0:
  16              		.section	.debug_info,"",%progbits
  17              	.Ldebug_info0:
  18              		.section	.debug_line,"",%progbits
  19              	.Ldebug_line0:
  20 0000 DA000000 		.text
  20      02006600 
  20      00000201 
  20      FB0E0D00 
  20      01010101 
  21              	.Ltext0:
  22              		.cfi_sections	.debug_frame
  23              		.global	Sample_Hold_2_initVar
  24              		.bss
  25              		.type	Sample_Hold_2_initVar, %object
  26              		.size	Sample_Hold_2_initVar, 1
  27              	Sample_Hold_2_initVar:
  28 0000 00       		.space	1
  29              		.section	.text.Sample_Hold_2_Init,"ax",%progbits
  30              		.align	2
  31              		.global	Sample_Hold_2_Init
  32              		.thumb
  33              		.thumb_func
  34              		.type	Sample_Hold_2_Init, %function
  35              	Sample_Hold_2_Init:
  36              	.LFB0:
  37              		.file 1 ".\\Generated_Source\\PSoC5\\Sample_Hold_2.c"
   1:.\Generated_Source\PSoC5/Sample_Hold_2.c **** /*******************************************************************************
   2:.\Generated_Source\PSoC5/Sample_Hold_2.c **** * File Name: Sample_Hold_2.c
   3:.\Generated_Source\PSoC5/Sample_Hold_2.c **** * Version 1.40
   4:.\Generated_Source\PSoC5/Sample_Hold_2.c **** *
   5:.\Generated_Source\PSoC5/Sample_Hold_2.c **** * Description:
   6:.\Generated_Source\PSoC5/Sample_Hold_2.c **** *  This file provides the source code to the API for the SAMPLE/TRACK AND HOLD 
   7:.\Generated_Source\PSoC5/Sample_Hold_2.c **** *  component.
   8:.\Generated_Source\PSoC5/Sample_Hold_2.c **** *
   9:.\Generated_Source\PSoC5/Sample_Hold_2.c **** * Note:
  10:.\Generated_Source\PSoC5/Sample_Hold_2.c **** *  None
  11:.\Generated_Source\PSoC5/Sample_Hold_2.c **** *
  12:.\Generated_Source\PSoC5/Sample_Hold_2.c **** ********************************************************************************
  13:.\Generated_Source\PSoC5/Sample_Hold_2.c **** * Copyright 2008-2012, Cypress Semiconductor Corporation.  All rights reserved.
  14:.\Generated_Source\PSoC5/Sample_Hold_2.c **** * You may use this file only in accordance with the license, terms, conditions, 
  15:.\Generated_Source\PSoC5/Sample_Hold_2.c **** * disclaimers, and limitations in the end user license agreement accompanying 
  16:.\Generated_Source\PSoC5/Sample_Hold_2.c **** * the software package with which this file was provided.
ARM GAS  C:\Users\karunmj\AppData\Local\Temp\ccDWCT6d.s 			page 2


  17:.\Generated_Source\PSoC5/Sample_Hold_2.c **** *******************************************************************************/
  18:.\Generated_Source\PSoC5/Sample_Hold_2.c **** 
  19:.\Generated_Source\PSoC5/Sample_Hold_2.c **** #include "Sample_Hold_2.h"
  20:.\Generated_Source\PSoC5/Sample_Hold_2.c **** 
  21:.\Generated_Source\PSoC5/Sample_Hold_2.c **** #if (!CY_PSOC5A)
  22:.\Generated_Source\PSoC5/Sample_Hold_2.c ****     #if (CYDEV_VARIABLE_VDDA == 1u)
  23:.\Generated_Source\PSoC5/Sample_Hold_2.c ****         #include "CyScBoostClk.h"
  24:.\Generated_Source\PSoC5/Sample_Hold_2.c ****     #endif /* (CYDEV_VARIABLE_VDDA == 1u) */
  25:.\Generated_Source\PSoC5/Sample_Hold_2.c **** #endif /* (!CY_PSOC5A) */
  26:.\Generated_Source\PSoC5/Sample_Hold_2.c **** 
  27:.\Generated_Source\PSoC5/Sample_Hold_2.c **** uint8 Sample_Hold_2_initVar = 0u;
  28:.\Generated_Source\PSoC5/Sample_Hold_2.c **** 
  29:.\Generated_Source\PSoC5/Sample_Hold_2.c **** /* static Sample_Hold_2_backupStruct  Sample_Hold_2_backup; */
  30:.\Generated_Source\PSoC5/Sample_Hold_2.c **** #if (CY_PSOC5A)
  31:.\Generated_Source\PSoC5/Sample_Hold_2.c ****     static Sample_Hold_2_backupStruct  Sample_Hold_2_P5backup;
  32:.\Generated_Source\PSoC5/Sample_Hold_2.c **** #endif /* CY_PSOC5A */
  33:.\Generated_Source\PSoC5/Sample_Hold_2.c **** 
  34:.\Generated_Source\PSoC5/Sample_Hold_2.c **** 
  35:.\Generated_Source\PSoC5/Sample_Hold_2.c **** 
  36:.\Generated_Source\PSoC5/Sample_Hold_2.c **** /*******************************************************************************   
  37:.\Generated_Source\PSoC5/Sample_Hold_2.c **** * Function Name: Sample_Hold_2_Init
  38:.\Generated_Source\PSoC5/Sample_Hold_2.c **** ********************************************************************************
  39:.\Generated_Source\PSoC5/Sample_Hold_2.c **** *
  40:.\Generated_Source\PSoC5/Sample_Hold_2.c **** * Summary:
  41:.\Generated_Source\PSoC5/Sample_Hold_2.c **** *  Initialize component's parameters to the parameters set by user in the 
  42:.\Generated_Source\PSoC5/Sample_Hold_2.c **** *  customizer of the component placed onto schematic. Usually called in 
  43:.\Generated_Source\PSoC5/Sample_Hold_2.c **** *  Sample_Hold_2_Start().
  44:.\Generated_Source\PSoC5/Sample_Hold_2.c **** *
  45:.\Generated_Source\PSoC5/Sample_Hold_2.c **** * Parameters:
  46:.\Generated_Source\PSoC5/Sample_Hold_2.c **** *  void
  47:.\Generated_Source\PSoC5/Sample_Hold_2.c **** *
  48:.\Generated_Source\PSoC5/Sample_Hold_2.c **** * Return:
  49:.\Generated_Source\PSoC5/Sample_Hold_2.c **** *  void
  50:.\Generated_Source\PSoC5/Sample_Hold_2.c **** *
  51:.\Generated_Source\PSoC5/Sample_Hold_2.c **** *******************************************************************************/
  52:.\Generated_Source\PSoC5/Sample_Hold_2.c **** void Sample_Hold_2_Init(void) 
  53:.\Generated_Source\PSoC5/Sample_Hold_2.c **** {   
  38              		.loc 1 53 0
  39              		.cfi_startproc
  40              		@ args = 0, pretend = 0, frame = 0
  41              		@ frame_needed = 1, uses_anonymous_args = 0
  42 0000 80B5     		push	{r7, lr}
  43              	.LCFI0:
  44              		.cfi_def_cfa_offset 8
  45 0002 00AF     		add	r7, sp, #0
  46              		.cfi_offset 14, -4
  47              		.cfi_offset 7, -8
  48              	.LCFI1:
  49              		.cfi_def_cfa_register 7
  54:.\Generated_Source\PSoC5/Sample_Hold_2.c ****     /* Configure SC Block based on selected Sample/Track type */
  55:.\Generated_Source\PSoC5/Sample_Hold_2.c ****     #if (Sample_Hold_2_SAMPLE_TRACK_MODE == Sample_Hold_2_SAMPLEANDHOLD) /* Sample and hold mode */
  56:.\Generated_Source\PSoC5/Sample_Hold_2.c ****         /* SC Block mode -  - SCxx_CR0[3:1] */
  57:.\Generated_Source\PSoC5/Sample_Hold_2.c ****         Sample_Hold_2_CR0_REG = Sample_Hold_2_MODE_SAMPLEANDHOLD;
  50              		.loc 1 57 0
  51 0004 45F60803 		movw	r3, #:lower16:1073764360
  52 0008 C4F20003 		movt	r3, #:upper16:1073764360
  53 000c 4FF00602 		mov	r2, #6
ARM GAS  C:\Users\karunmj\AppData\Local\Temp\ccDWCT6d.s 			page 3


  54 0010 1A70     		strb	r2, [r3, #0]
  58:.\Generated_Source\PSoC5/Sample_Hold_2.c ****         
  59:.\Generated_Source\PSoC5/Sample_Hold_2.c ****         /* SC Block CR1 */ 
  60:.\Generated_Source\PSoC5/Sample_Hold_2.c ****         Sample_Hold_2_CR1_REG = (Sample_Hold_2_COMP_4P35PF  |
  55              		.loc 1 60 0
  56 0012 45F60903 		movw	r3, #:lower16:1073764361
  57 0016 C4F20003 		movt	r3, #:upper16:1073764361
  58 001a 4FF00802 		mov	r2, #8
  59 001e 1A70     		strb	r2, [r3, #0]
  61:.\Generated_Source\PSoC5/Sample_Hold_2.c ****                                 Sample_Hold_2_GAIN_0DB);
  62:.\Generated_Source\PSoC5/Sample_Hold_2.c ****         #if(Sample_Hold_2_SAMPLE_CLOCK_EDGE == Sample_Hold_2_EDGE_POSITIVENEGATIVE)
  63:.\Generated_Source\PSoC5/Sample_Hold_2.c ****             Sample_Hold_2_CR1_REG =  Sample_Hold_2_CR1_REG  | Sample_Hold_2_DIV2_DISABLE ;
  64:.\Generated_Source\PSoC5/Sample_Hold_2.c ****         #else
  65:.\Generated_Source\PSoC5/Sample_Hold_2.c ****             Sample_Hold_2_CR1_REG =  Sample_Hold_2_CR1_REG  | Sample_Hold_2_DIV2_ENABLE ;
  60              		.loc 1 65 0
  61 0020 45F60903 		movw	r3, #:lower16:1073764361
  62 0024 C4F20003 		movt	r3, #:upper16:1073764361
  63 0028 45F60902 		movw	r2, #:lower16:1073764361
  64 002c C4F20002 		movt	r2, #:upper16:1073764361
  65 0030 1278     		ldrb	r2, [r2, #0]
  66 0032 D2B2     		uxtb	r2, r2
  67 0034 42F01002 		orr	r2, r2, #16
  68 0038 D2B2     		uxtb	r2, r2
  69 003a 1A70     		strb	r2, [r3, #0]
  66:.\Generated_Source\PSoC5/Sample_Hold_2.c ****         #endif
  67:.\Generated_Source\PSoC5/Sample_Hold_2.c ****          
  68:.\Generated_Source\PSoC5/Sample_Hold_2.c ****         #if(Sample_Hold_2_VREF_TYPE == Sample_Hold_2_EXTERNAL)
  69:.\Generated_Source\PSoC5/Sample_Hold_2.c ****             Sample_Hold_2_CR2_REG = Sample_Hold_2_BIAS_LOW |
  70              		.loc 1 69 0
  71 003c 45F60A03 		movw	r3, #:lower16:1073764362
  72 0040 C4F20003 		movt	r3, #:upper16:1073764362
  73 0044 4FF00102 		mov	r2, #1
  74 0048 1A70     		strb	r2, [r3, #0]
  70:.\Generated_Source\PSoC5/Sample_Hold_2.c ****                                        Sample_Hold_2_REDC_00 | 
  71:.\Generated_Source\PSoC5/Sample_Hold_2.c ****                                        Sample_Hold_2_GNDVREF_DI;
  72:.\Generated_Source\PSoC5/Sample_Hold_2.c ****         #else
  73:.\Generated_Source\PSoC5/Sample_Hold_2.c ****             Sample_Hold_2_CR2_REG = Sample_Hold_2_BIAS_LOW |
  74:.\Generated_Source\PSoC5/Sample_Hold_2.c ****                                        Sample_Hold_2_REDC_00 | 
  75:.\Generated_Source\PSoC5/Sample_Hold_2.c ****                                        Sample_Hold_2_GNDVREF_E;
  76:.\Generated_Source\PSoC5/Sample_Hold_2.c ****         #endif
  77:.\Generated_Source\PSoC5/Sample_Hold_2.c ****     #else
  78:.\Generated_Source\PSoC5/Sample_Hold_2.c ****         /* Track and Hold Mode */
  79:.\Generated_Source\PSoC5/Sample_Hold_2.c ****         /* SC Block mode -  - SCxx_CR0[3:1] */
  80:.\Generated_Source\PSoC5/Sample_Hold_2.c ****         Sample_Hold_2_CR0_REG = Sample_Hold_2_MODE_TRACKANDHOLD; 
  81:.\Generated_Source\PSoC5/Sample_Hold_2.c ****         
  82:.\Generated_Source\PSoC5/Sample_Hold_2.c ****         /* SC Block CR1 */ 
  83:.\Generated_Source\PSoC5/Sample_Hold_2.c ****         Sample_Hold_2_CR1_REG = Sample_Hold_2_COMP_4P35PF  |
  84:.\Generated_Source\PSoC5/Sample_Hold_2.c ****                                    Sample_Hold_2_DIV2_ENABLE |
  85:.\Generated_Source\PSoC5/Sample_Hold_2.c ****                                    Sample_Hold_2_GAIN_0DB;
  86:.\Generated_Source\PSoC5/Sample_Hold_2.c ****                                 
  87:.\Generated_Source\PSoC5/Sample_Hold_2.c ****         /* SC Block CR2 */
  88:.\Generated_Source\PSoC5/Sample_Hold_2.c ****         Sample_Hold_2_CR2_REG = Sample_Hold_2_BIAS_LOW |
  89:.\Generated_Source\PSoC5/Sample_Hold_2.c ****                                    Sample_Hold_2_REDC_00 |
  90:.\Generated_Source\PSoC5/Sample_Hold_2.c ****                                    Sample_Hold_2_GNDVREF_E;
  91:.\Generated_Source\PSoC5/Sample_Hold_2.c ****     #endif /* end if - Sample/Track Type */
  92:.\Generated_Source\PSoC5/Sample_Hold_2.c ****     
  93:.\Generated_Source\PSoC5/Sample_Hold_2.c ****     /* Enable SC Block clocking */
ARM GAS  C:\Users\karunmj\AppData\Local\Temp\ccDWCT6d.s 			page 4


  94:.\Generated_Source\PSoC5/Sample_Hold_2.c ****     Sample_Hold_2_CLK_REG |= Sample_Hold_2_CLK_EN;
  75              		.loc 1 94 0
  76 004a 45F62B23 		movw	r3, #:lower16:1073764907
  77 004e C4F20003 		movt	r3, #:upper16:1073764907
  78 0052 45F62B22 		movw	r2, #:lower16:1073764907
  79 0056 C4F20002 		movt	r2, #:upper16:1073764907
  80 005a 1278     		ldrb	r2, [r2, #0]
  81 005c D2B2     		uxtb	r2, r2
  82 005e 42F00802 		orr	r2, r2, #8
  83 0062 D2B2     		uxtb	r2, r2
  84 0064 1A70     		strb	r2, [r3, #0]
  95:.\Generated_Source\PSoC5/Sample_Hold_2.c ****     
  96:.\Generated_Source\PSoC5/Sample_Hold_2.c ****     /* Set default power */
  97:.\Generated_Source\PSoC5/Sample_Hold_2.c ****     Sample_Hold_2_SetPower(Sample_Hold_2_INIT_POWER);
  85              		.loc 1 97 0
  86 0066 4FF00300 		mov	r0, #3
  87 006a FFF7FEFF 		bl	Sample_Hold_2_SetPower
  98:.\Generated_Source\PSoC5/Sample_Hold_2.c **** }
  88              		.loc 1 98 0
  89 006e 80BD     		pop	{r7, pc}
  90              		.cfi_endproc
  91              	.LFE0:
  92              		.size	Sample_Hold_2_Init, .-Sample_Hold_2_Init
  93              		.section	.text.Sample_Hold_2_Enable,"ax",%progbits
  94              		.align	2
  95              		.global	Sample_Hold_2_Enable
  96              		.thumb
  97              		.thumb_func
  98              		.type	Sample_Hold_2_Enable, %function
  99              	Sample_Hold_2_Enable:
 100              	.LFB1:
  99:.\Generated_Source\PSoC5/Sample_Hold_2.c **** 
 100:.\Generated_Source\PSoC5/Sample_Hold_2.c **** 
 101:.\Generated_Source\PSoC5/Sample_Hold_2.c **** /*******************************************************************************   
 102:.\Generated_Source\PSoC5/Sample_Hold_2.c **** * Function Name: Sample_Hold_2_Enable
 103:.\Generated_Source\PSoC5/Sample_Hold_2.c **** ********************************************************************************
 104:.\Generated_Source\PSoC5/Sample_Hold_2.c **** *
 105:.\Generated_Source\PSoC5/Sample_Hold_2.c **** * Summary:
 106:.\Generated_Source\PSoC5/Sample_Hold_2.c **** *  Enables the Sample/Track and Hold block operation
 107:.\Generated_Source\PSoC5/Sample_Hold_2.c **** *
 108:.\Generated_Source\PSoC5/Sample_Hold_2.c **** * Parameters:
 109:.\Generated_Source\PSoC5/Sample_Hold_2.c **** *  void
 110:.\Generated_Source\PSoC5/Sample_Hold_2.c **** *
 111:.\Generated_Source\PSoC5/Sample_Hold_2.c **** * Return:
 112:.\Generated_Source\PSoC5/Sample_Hold_2.c **** *  void
 113:.\Generated_Source\PSoC5/Sample_Hold_2.c **** *
 114:.\Generated_Source\PSoC5/Sample_Hold_2.c **** *******************************************************************************/
 115:.\Generated_Source\PSoC5/Sample_Hold_2.c **** void Sample_Hold_2_Enable(void) 
 116:.\Generated_Source\PSoC5/Sample_Hold_2.c **** {
 101              		.loc 1 116 0
 102              		.cfi_startproc
 103              		@ args = 0, pretend = 0, frame = 0
 104              		@ frame_needed = 1, uses_anonymous_args = 0
 105              		@ link register save eliminated.
 106 0000 80B4     		push	{r7}
 107              	.LCFI2:
 108              		.cfi_def_cfa_offset 4
ARM GAS  C:\Users\karunmj\AppData\Local\Temp\ccDWCT6d.s 			page 5


 109 0002 00AF     		add	r7, sp, #0
 110              		.cfi_offset 7, -4
 111              	.LCFI3:
 112              		.cfi_def_cfa_register 7
 117:.\Generated_Source\PSoC5/Sample_Hold_2.c ****     /* This is to restore the value of register CR1 and CR2 which is saved 
 118:.\Generated_Source\PSoC5/Sample_Hold_2.c ****       in prior to the modifications in stop() API */
 119:.\Generated_Source\PSoC5/Sample_Hold_2.c ****     #if (CY_PSOC5A)
 120:.\Generated_Source\PSoC5/Sample_Hold_2.c ****         if(Sample_Hold_2_P5backup.enableState == 1u)
 121:.\Generated_Source\PSoC5/Sample_Hold_2.c ****         {
 122:.\Generated_Source\PSoC5/Sample_Hold_2.c ****             Sample_Hold_2_CR1_REG = Sample_Hold_2_P5backup.scCR1Reg;
 123:.\Generated_Source\PSoC5/Sample_Hold_2.c ****             Sample_Hold_2_CR2_REG = Sample_Hold_2_P5backup.scCR2Reg;
 124:.\Generated_Source\PSoC5/Sample_Hold_2.c ****             Sample_Hold_2_P5backup.enableState = 0u;
 125:.\Generated_Source\PSoC5/Sample_Hold_2.c ****         }
 126:.\Generated_Source\PSoC5/Sample_Hold_2.c ****     #endif /* CY_PSOC5A */
 127:.\Generated_Source\PSoC5/Sample_Hold_2.c ****     
 128:.\Generated_Source\PSoC5/Sample_Hold_2.c ****     /* Enable power to SC block in active mode */
 129:.\Generated_Source\PSoC5/Sample_Hold_2.c ****     Sample_Hold_2_PM_ACT_CFG_REG |= Sample_Hold_2_ACT_PWR_EN;
 113              		.loc 1 129 0
 114 0004 44F2A933 		movw	r3, #:lower16:1073759145
 115 0008 C4F20003 		movt	r3, #:upper16:1073759145
 116 000c 44F2A932 		movw	r2, #:lower16:1073759145
 117 0010 C4F20002 		movt	r2, #:upper16:1073759145
 118 0014 1278     		ldrb	r2, [r2, #0]
 119 0016 D2B2     		uxtb	r2, r2
 120 0018 42F00402 		orr	r2, r2, #4
 121 001c D2B2     		uxtb	r2, r2
 122 001e 1A70     		strb	r2, [r3, #0]
 130:.\Generated_Source\PSoC5/Sample_Hold_2.c ****     
 131:.\Generated_Source\PSoC5/Sample_Hold_2.c ****     /* Enable power to SC block in Alternative active mode */
 132:.\Generated_Source\PSoC5/Sample_Hold_2.c ****     Sample_Hold_2_PM_STBY_CFG_REG |= Sample_Hold_2_STBY_PWR_EN;
 123              		.loc 1 132 0
 124 0020 44F2B933 		movw	r3, #:lower16:1073759161
 125 0024 C4F20003 		movt	r3, #:upper16:1073759161
 126 0028 44F2B932 		movw	r2, #:lower16:1073759161
 127 002c C4F20002 		movt	r2, #:upper16:1073759161
 128 0030 1278     		ldrb	r2, [r2, #0]
 129 0032 D2B2     		uxtb	r2, r2
 130 0034 42F00402 		orr	r2, r2, #4
 131 0038 D2B2     		uxtb	r2, r2
 132 003a 1A70     		strb	r2, [r3, #0]
 133:.\Generated_Source\PSoC5/Sample_Hold_2.c **** 
 134:.\Generated_Source\PSoC5/Sample_Hold_2.c ****     Sample_Hold_2_PUMP_CR1_REG |= Sample_Hold_2_PUMP_CR1_SC_CLKSEL;
 133              		.loc 1 134 0
 134 003c 45F67703 		movw	r3, #:lower16:1073764471
 135 0040 C4F20003 		movt	r3, #:upper16:1073764471
 136 0044 45F67702 		movw	r2, #:lower16:1073764471
 137 0048 C4F20002 		movt	r2, #:upper16:1073764471
 138 004c 1278     		ldrb	r2, [r2, #0]
 139 004e D2B2     		uxtb	r2, r2
 140 0050 6FEA4262 		mvn	r2, r2, lsl #25
 141 0054 6FEA5262 		mvn	r2, r2, lsr #25
 142 0058 D2B2     		uxtb	r2, r2
 143 005a 1A70     		strb	r2, [r3, #0]
 135:.\Generated_Source\PSoC5/Sample_Hold_2.c ****     
 136:.\Generated_Source\PSoC5/Sample_Hold_2.c ****     #if (!CY_PSOC5A)
 137:.\Generated_Source\PSoC5/Sample_Hold_2.c ****         #if (CYDEV_VARIABLE_VDDA == 1u)
 138:.\Generated_Source\PSoC5/Sample_Hold_2.c ****             if(CyScPumpEnabled == 1u)
ARM GAS  C:\Users\karunmj\AppData\Local\Temp\ccDWCT6d.s 			page 6


 139:.\Generated_Source\PSoC5/Sample_Hold_2.c ****             {
 140:.\Generated_Source\PSoC5/Sample_Hold_2.c ****                 Sample_Hold_2_BSTCLK_REG &= (uint8)(~Sample_Hold_2_BST_CLK_INDEX_MASK);
 141:.\Generated_Source\PSoC5/Sample_Hold_2.c ****                 Sample_Hold_2_BSTCLK_REG |= Sample_Hold_2_BST_CLK_EN | CyScBoostClk__INDEX;
 142:.\Generated_Source\PSoC5/Sample_Hold_2.c ****                 Sample_Hold_2_SC_MISC_REG |= Sample_Hold_2_PUMP_FORCE;
 143:.\Generated_Source\PSoC5/Sample_Hold_2.c ****                 CyScBoostClk_Start();
 144:.\Generated_Source\PSoC5/Sample_Hold_2.c ****             }
 145:.\Generated_Source\PSoC5/Sample_Hold_2.c ****             else
 146:.\Generated_Source\PSoC5/Sample_Hold_2.c ****             {
 147:.\Generated_Source\PSoC5/Sample_Hold_2.c ****                 Sample_Hold_2_BSTCLK_REG &= (uint8)(~Sample_Hold_2_BST_CLK_EN);
 148:.\Generated_Source\PSoC5/Sample_Hold_2.c ****                 Sample_Hold_2_SC_MISC_REG &= (uint8)(~Sample_Hold_2_PUMP_FORCE);
 149:.\Generated_Source\PSoC5/Sample_Hold_2.c ****             }
 150:.\Generated_Source\PSoC5/Sample_Hold_2.c ****         #endif /* (CYDEV_VARIABLE_VDDA == 1u) */
 151:.\Generated_Source\PSoC5/Sample_Hold_2.c ****     #endif /* (!CY_PSOC5A) */
 152:.\Generated_Source\PSoC5/Sample_Hold_2.c **** }
 144              		.loc 1 152 0
 145 005c BD46     		mov	sp, r7
 146 005e 80BC     		pop	{r7}
 147 0060 7047     		bx	lr
 148              		.cfi_endproc
 149              	.LFE1:
 150              		.size	Sample_Hold_2_Enable, .-Sample_Hold_2_Enable
 151 0062 00BF     		.section	.text.Sample_Hold_2_Start,"ax",%progbits
 152              		.align	2
 153              		.global	Sample_Hold_2_Start
 154              		.thumb
 155              		.thumb_func
 156              		.type	Sample_Hold_2_Start, %function
 157              	Sample_Hold_2_Start:
 158              	.LFB2:
 153:.\Generated_Source\PSoC5/Sample_Hold_2.c **** 
 154:.\Generated_Source\PSoC5/Sample_Hold_2.c **** 
 155:.\Generated_Source\PSoC5/Sample_Hold_2.c **** /*******************************************************************************
 156:.\Generated_Source\PSoC5/Sample_Hold_2.c **** * Function Name: Sample_Hold_2_Start
 157:.\Generated_Source\PSoC5/Sample_Hold_2.c **** ********************************************************************************
 158:.\Generated_Source\PSoC5/Sample_Hold_2.c **** *
 159:.\Generated_Source\PSoC5/Sample_Hold_2.c **** * Summary:
 160:.\Generated_Source\PSoC5/Sample_Hold_2.c **** *  The start function initializes the Sample and Hold with the default values, 
 161:.\Generated_Source\PSoC5/Sample_Hold_2.c **** *  and sets the power to the given level.  A power level of 0, is the same as 
 162:.\Generated_Source\PSoC5/Sample_Hold_2.c **** *  executing the stop function.
 163:.\Generated_Source\PSoC5/Sample_Hold_2.c **** *
 164:.\Generated_Source\PSoC5/Sample_Hold_2.c **** * Parameters:
 165:.\Generated_Source\PSoC5/Sample_Hold_2.c **** *  void
 166:.\Generated_Source\PSoC5/Sample_Hold_2.c **** *
 167:.\Generated_Source\PSoC5/Sample_Hold_2.c **** * Return:
 168:.\Generated_Source\PSoC5/Sample_Hold_2.c **** *  void
 169:.\Generated_Source\PSoC5/Sample_Hold_2.c **** *
 170:.\Generated_Source\PSoC5/Sample_Hold_2.c **** *******************************************************************************/
 171:.\Generated_Source\PSoC5/Sample_Hold_2.c **** void Sample_Hold_2_Start(void) 
 172:.\Generated_Source\PSoC5/Sample_Hold_2.c **** {
 159              		.loc 1 172 0
 160              		.cfi_startproc
 161              		@ args = 0, pretend = 0, frame = 0
 162              		@ frame_needed = 1, uses_anonymous_args = 0
 163 0000 80B5     		push	{r7, lr}
 164              	.LCFI4:
 165              		.cfi_def_cfa_offset 8
 166 0002 00AF     		add	r7, sp, #0
ARM GAS  C:\Users\karunmj\AppData\Local\Temp\ccDWCT6d.s 			page 7


 167              		.cfi_offset 14, -4
 168              		.cfi_offset 7, -8
 169              	.LCFI5:
 170              		.cfi_def_cfa_register 7
 173:.\Generated_Source\PSoC5/Sample_Hold_2.c ****     /* If not Initialized then initialize all required hardware and software */
 174:.\Generated_Source\PSoC5/Sample_Hold_2.c ****     if(Sample_Hold_2_initVar == 0u)
 171              		.loc 1 174 0
 172 0004 40F20003 		movw	r3, #:lower16:Sample_Hold_2_initVar
 173 0008 C0F20003 		movt	r3, #:upper16:Sample_Hold_2_initVar
 174 000c 1B78     		ldrb	r3, [r3, #0]	@ zero_extendqisi2
 175 000e 002B     		cmp	r3, #0
 176 0010 08D1     		bne	.L6
 175:.\Generated_Source\PSoC5/Sample_Hold_2.c ****     {
 176:.\Generated_Source\PSoC5/Sample_Hold_2.c ****         Sample_Hold_2_Init();
 177              		.loc 1 176 0
 178 0012 FFF7FEFF 		bl	Sample_Hold_2_Init
 177:.\Generated_Source\PSoC5/Sample_Hold_2.c ****         Sample_Hold_2_initVar = 1u;
 179              		.loc 1 177 0
 180 0016 40F20003 		movw	r3, #:lower16:Sample_Hold_2_initVar
 181 001a C0F20003 		movt	r3, #:upper16:Sample_Hold_2_initVar
 182 001e 4FF00102 		mov	r2, #1
 183 0022 1A70     		strb	r2, [r3, #0]
 184              	.L6:
 178:.\Generated_Source\PSoC5/Sample_Hold_2.c ****     }
 179:.\Generated_Source\PSoC5/Sample_Hold_2.c ****     Sample_Hold_2_Enable();
 185              		.loc 1 179 0
 186 0024 FFF7FEFF 		bl	Sample_Hold_2_Enable
 180:.\Generated_Source\PSoC5/Sample_Hold_2.c **** }
 187              		.loc 1 180 0
 188 0028 80BD     		pop	{r7, pc}
 189              		.cfi_endproc
 190              	.LFE2:
 191              		.size	Sample_Hold_2_Start, .-Sample_Hold_2_Start
 192 002a 00BF     		.section	.text.Sample_Hold_2_Stop,"ax",%progbits
 193              		.align	2
 194              		.global	Sample_Hold_2_Stop
 195              		.thumb
 196              		.thumb_func
 197              		.type	Sample_Hold_2_Stop, %function
 198              	Sample_Hold_2_Stop:
 199              	.LFB3:
 181:.\Generated_Source\PSoC5/Sample_Hold_2.c **** 
 182:.\Generated_Source\PSoC5/Sample_Hold_2.c **** 
 183:.\Generated_Source\PSoC5/Sample_Hold_2.c **** /*******************************************************************************
 184:.\Generated_Source\PSoC5/Sample_Hold_2.c **** * Function Name: Sample_Hold_2_Stop
 185:.\Generated_Source\PSoC5/Sample_Hold_2.c **** ********************************************************************************
 186:.\Generated_Source\PSoC5/Sample_Hold_2.c **** *
 187:.\Generated_Source\PSoC5/Sample_Hold_2.c **** * Summary:
 188:.\Generated_Source\PSoC5/Sample_Hold_2.c **** *  Powers down amplifier to lowest power state.
 189:.\Generated_Source\PSoC5/Sample_Hold_2.c **** *
 190:.\Generated_Source\PSoC5/Sample_Hold_2.c **** * Parameters:
 191:.\Generated_Source\PSoC5/Sample_Hold_2.c **** *  void
 192:.\Generated_Source\PSoC5/Sample_Hold_2.c **** *
 193:.\Generated_Source\PSoC5/Sample_Hold_2.c **** * Return:
 194:.\Generated_Source\PSoC5/Sample_Hold_2.c **** *  void
 195:.\Generated_Source\PSoC5/Sample_Hold_2.c **** *
 196:.\Generated_Source\PSoC5/Sample_Hold_2.c **** *******************************************************************************/
ARM GAS  C:\Users\karunmj\AppData\Local\Temp\ccDWCT6d.s 			page 8


 197:.\Generated_Source\PSoC5/Sample_Hold_2.c **** void Sample_Hold_2_Stop(void) 
 198:.\Generated_Source\PSoC5/Sample_Hold_2.c **** {   
 200              		.loc 1 198 0
 201              		.cfi_startproc
 202              		@ args = 0, pretend = 0, frame = 0
 203              		@ frame_needed = 1, uses_anonymous_args = 0
 204              		@ link register save eliminated.
 205 0000 80B4     		push	{r7}
 206              	.LCFI6:
 207              		.cfi_def_cfa_offset 4
 208 0002 00AF     		add	r7, sp, #0
 209              		.cfi_offset 7, -4
 210              	.LCFI7:
 211              		.cfi_def_cfa_register 7
 199:.\Generated_Source\PSoC5/Sample_Hold_2.c ****     /* Disble power to the Amp in Active mode template */
 200:.\Generated_Source\PSoC5/Sample_Hold_2.c ****     Sample_Hold_2_PM_ACT_CFG_REG &= (uint8)(~Sample_Hold_2_ACT_PWR_EN);
 212              		.loc 1 200 0
 213 0004 44F2A933 		movw	r3, #:lower16:1073759145
 214 0008 C4F20003 		movt	r3, #:upper16:1073759145
 215 000c 44F2A932 		movw	r2, #:lower16:1073759145
 216 0010 C4F20002 		movt	r2, #:upper16:1073759145
 217 0014 1278     		ldrb	r2, [r2, #0]
 218 0016 D2B2     		uxtb	r2, r2
 219 0018 02F0FB02 		and	r2, r2, #251
 220 001c 1A70     		strb	r2, [r3, #0]
 201:.\Generated_Source\PSoC5/Sample_Hold_2.c **** 
 202:.\Generated_Source\PSoC5/Sample_Hold_2.c ****     /* Disble power to the Amp in Alternative Active mode template */
 203:.\Generated_Source\PSoC5/Sample_Hold_2.c ****     Sample_Hold_2_PM_STBY_CFG_REG &= (uint8)(~Sample_Hold_2_STBY_PWR_EN);
 221              		.loc 1 203 0
 222 001e 44F2B933 		movw	r3, #:lower16:1073759161
 223 0022 C4F20003 		movt	r3, #:upper16:1073759161
 224 0026 44F2B932 		movw	r2, #:lower16:1073759161
 225 002a C4F20002 		movt	r2, #:upper16:1073759161
 226 002e 1278     		ldrb	r2, [r2, #0]
 227 0030 D2B2     		uxtb	r2, r2
 228 0032 02F0FB02 		and	r2, r2, #251
 229 0036 1A70     		strb	r2, [r3, #0]
 204:.\Generated_Source\PSoC5/Sample_Hold_2.c ****     
 205:.\Generated_Source\PSoC5/Sample_Hold_2.c ****     #if (!CY_PSOC5A)
 206:.\Generated_Source\PSoC5/Sample_Hold_2.c ****         #if (CYDEV_VARIABLE_VDDA == 1u)
 207:.\Generated_Source\PSoC5/Sample_Hold_2.c ****             Sample_Hold_2_BSTCLK_REG &= (uint8)(~Sample_Hold_2_BST_CLK_EN);
 208:.\Generated_Source\PSoC5/Sample_Hold_2.c ****             /* Disable pumps only if there aren't any SC block in use */
 209:.\Generated_Source\PSoC5/Sample_Hold_2.c ****             if ((Sample_Hold_2_PM_ACT_CFG_REG & Sample_Hold_2_PM_ACT_CFG_MASK) == 0u)
 210:.\Generated_Source\PSoC5/Sample_Hold_2.c ****             {
 211:.\Generated_Source\PSoC5/Sample_Hold_2.c ****                 Sample_Hold_2_SC_MISC_REG &= (uint8)(~Sample_Hold_2_PUMP_FORCE);
 212:.\Generated_Source\PSoC5/Sample_Hold_2.c ****                 Sample_Hold_2_PUMP_CR1_REG &= (uint8)(~Sample_Hold_2_PUMP_CR1_SC_CLKSEL);
 213:.\Generated_Source\PSoC5/Sample_Hold_2.c ****                 CyScBoostClk_Stop();
 214:.\Generated_Source\PSoC5/Sample_Hold_2.c ****             }
 215:.\Generated_Source\PSoC5/Sample_Hold_2.c ****         #endif /* CYDEV_VARIABLE_VDDA == 1u */
 216:.\Generated_Source\PSoC5/Sample_Hold_2.c ****     #endif /* (CY_PSOC3 || CY_PSOC5LP) */
 217:.\Generated_Source\PSoC5/Sample_Hold_2.c ****  
 218:.\Generated_Source\PSoC5/Sample_Hold_2.c ****     /* This sets Sample and hold in zero current mode and output routes are valid */
 219:.\Generated_Source\PSoC5/Sample_Hold_2.c ****     #if (CY_PSOC5A)
 220:.\Generated_Source\PSoC5/Sample_Hold_2.c ****         Sample_Hold_2_P5backup.scCR1Reg = Sample_Hold_2_CR1_REG;
 221:.\Generated_Source\PSoC5/Sample_Hold_2.c ****         Sample_Hold_2_P5backup.scCR2Reg = Sample_Hold_2_CR2_REG;
 222:.\Generated_Source\PSoC5/Sample_Hold_2.c ****         Sample_Hold_2_CR1_REG = 0x00u;
 223:.\Generated_Source\PSoC5/Sample_Hold_2.c ****         Sample_Hold_2_CR2_REG = 0x00u;
ARM GAS  C:\Users\karunmj\AppData\Local\Temp\ccDWCT6d.s 			page 9


 224:.\Generated_Source\PSoC5/Sample_Hold_2.c ****         Sample_Hold_2_P5backup.enableState = 1u;
 225:.\Generated_Source\PSoC5/Sample_Hold_2.c ****     #endif /* CY_PSOC5A */
 226:.\Generated_Source\PSoC5/Sample_Hold_2.c **** }
 230              		.loc 1 226 0
 231 0038 BD46     		mov	sp, r7
 232 003a 80BC     		pop	{r7}
 233 003c 7047     		bx	lr
 234              		.cfi_endproc
 235              	.LFE3:
 236              		.size	Sample_Hold_2_Stop, .-Sample_Hold_2_Stop
 237 003e 00BF     		.section	.text.Sample_Hold_2_SetPower,"ax",%progbits
 238              		.align	2
 239              		.global	Sample_Hold_2_SetPower
 240              		.thumb
 241              		.thumb_func
 242              		.type	Sample_Hold_2_SetPower, %function
 243              	Sample_Hold_2_SetPower:
 244              	.LFB4:
 227:.\Generated_Source\PSoC5/Sample_Hold_2.c **** 
 228:.\Generated_Source\PSoC5/Sample_Hold_2.c **** 
 229:.\Generated_Source\PSoC5/Sample_Hold_2.c **** /*******************************************************************************
 230:.\Generated_Source\PSoC5/Sample_Hold_2.c **** * Function Name: Sample_Hold_2_SetPower
 231:.\Generated_Source\PSoC5/Sample_Hold_2.c **** ********************************************************************************
 232:.\Generated_Source\PSoC5/Sample_Hold_2.c **** *
 233:.\Generated_Source\PSoC5/Sample_Hold_2.c **** * Summary:
 234:.\Generated_Source\PSoC5/Sample_Hold_2.c **** *  Set the power of the Sample/Track and Hold.
 235:.\Generated_Source\PSoC5/Sample_Hold_2.c **** *
 236:.\Generated_Source\PSoC5/Sample_Hold_2.c **** * Parameters:
 237:.\Generated_Source\PSoC5/Sample_Hold_2.c **** *  power: Sets power level between (0) and (3) high power
 238:.\Generated_Source\PSoC5/Sample_Hold_2.c **** *
 239:.\Generated_Source\PSoC5/Sample_Hold_2.c **** * Return:
 240:.\Generated_Source\PSoC5/Sample_Hold_2.c **** *  void
 241:.\Generated_Source\PSoC5/Sample_Hold_2.c **** *
 242:.\Generated_Source\PSoC5/Sample_Hold_2.c **** *******************************************************************************/
 243:.\Generated_Source\PSoC5/Sample_Hold_2.c **** void Sample_Hold_2_SetPower(uint8 power) 
 244:.\Generated_Source\PSoC5/Sample_Hold_2.c **** {
 245              		.loc 1 244 0
 246              		.cfi_startproc
 247              		@ args = 0, pretend = 0, frame = 16
 248              		@ frame_needed = 1, uses_anonymous_args = 0
 249              		@ link register save eliminated.
 250 0000 80B4     		push	{r7}
 251              	.LCFI8:
 252              		.cfi_def_cfa_offset 4
 253 0002 85B0     		sub	sp, sp, #20
 254              	.LCFI9:
 255              		.cfi_def_cfa_offset 24
 256 0004 00AF     		add	r7, sp, #0
 257              		.cfi_offset 7, -4
 258              	.LCFI10:
 259              		.cfi_def_cfa_register 7
 260 0006 0346     		mov	r3, r0
 261 0008 FB71     		strb	r3, [r7, #7]
 245:.\Generated_Source\PSoC5/Sample_Hold_2.c ****     uint8 tmpCR;
 246:.\Generated_Source\PSoC5/Sample_Hold_2.c **** 
 247:.\Generated_Source\PSoC5/Sample_Hold_2.c ****     /* Sets drive bits in SC Block Control Register 1:  SCxx_CR[1:0] */
 248:.\Generated_Source\PSoC5/Sample_Hold_2.c ****     tmpCR = Sample_Hold_2_CR1_REG & (uint8)(~Sample_Hold_2_DRIVE_MASK);
ARM GAS  C:\Users\karunmj\AppData\Local\Temp\ccDWCT6d.s 			page 10


 262              		.loc 1 248 0
 263 000a 45F60903 		movw	r3, #:lower16:1073764361
 264 000e C4F20003 		movt	r3, #:upper16:1073764361
 265 0012 1B78     		ldrb	r3, [r3, #0]
 266 0014 DBB2     		uxtb	r3, r3
 267 0016 23F00303 		bic	r3, r3, #3
 268 001a FB73     		strb	r3, [r7, #15]
 249:.\Generated_Source\PSoC5/Sample_Hold_2.c ****     tmpCR |= (power & Sample_Hold_2_DRIVE_MASK);
 269              		.loc 1 249 0
 270 001c FB79     		ldrb	r3, [r7, #7]	@ zero_extendqisi2
 271 001e 03F00303 		and	r3, r3, #3
 272 0022 FA7B     		ldrb	r2, [r7, #15]
 273 0024 43EA0203 		orr	r3, r3, r2
 274 0028 FB73     		strb	r3, [r7, #15]
 250:.\Generated_Source\PSoC5/Sample_Hold_2.c ****     Sample_Hold_2_CR1_REG = tmpCR;
 275              		.loc 1 250 0
 276 002a 45F60903 		movw	r3, #:lower16:1073764361
 277 002e C4F20003 		movt	r3, #:upper16:1073764361
 278 0032 FA7B     		ldrb	r2, [r7, #15]
 279 0034 1A70     		strb	r2, [r3, #0]
 251:.\Generated_Source\PSoC5/Sample_Hold_2.c **** }
 280              		.loc 1 251 0
 281 0036 07F11407 		add	r7, r7, #20
 282 003a BD46     		mov	sp, r7
 283 003c 80BC     		pop	{r7}
 284 003e 7047     		bx	lr
 285              		.cfi_endproc
 286              	.LFE4:
 287              		.size	Sample_Hold_2_SetPower, .-Sample_Hold_2_SetPower
 288              		.text
 289              	.Letext0:
 290              		.section	.debug_loc,"",%progbits
 291              	.Ldebug_loc0:
 292              	.LLST0:
 293 0000 00000000 		.4byte	.LFB0
 294 0004 02000000 		.4byte	.LCFI0
 295 0008 0100     		.2byte	0x1
 296 000a 5D       		.byte	0x5d
 297 000b 02000000 		.4byte	.LCFI0
 298 000f 04000000 		.4byte	.LCFI1
 299 0013 0200     		.2byte	0x2
 300 0015 7D       		.byte	0x7d
 301 0016 08       		.sleb128 8
 302 0017 04000000 		.4byte	.LCFI1
 303 001b 70000000 		.4byte	.LFE0
 304 001f 0200     		.2byte	0x2
 305 0021 77       		.byte	0x77
 306 0022 08       		.sleb128 8
 307 0023 00000000 		.4byte	0x0
 308 0027 00000000 		.4byte	0x0
 309              	.LLST1:
 310 002b 00000000 		.4byte	.LFB1
 311 002f 02000000 		.4byte	.LCFI2
 312 0033 0100     		.2byte	0x1
 313 0035 5D       		.byte	0x5d
 314 0036 02000000 		.4byte	.LCFI2
 315 003a 04000000 		.4byte	.LCFI3
ARM GAS  C:\Users\karunmj\AppData\Local\Temp\ccDWCT6d.s 			page 11


 316 003e 0200     		.2byte	0x2
 317 0040 7D       		.byte	0x7d
 318 0041 04       		.sleb128 4
 319 0042 04000000 		.4byte	.LCFI3
 320 0046 62000000 		.4byte	.LFE1
 321 004a 0200     		.2byte	0x2
 322 004c 77       		.byte	0x77
 323 004d 04       		.sleb128 4
 324 004e 00000000 		.4byte	0x0
 325 0052 00000000 		.4byte	0x0
 326              	.LLST2:
 327 0056 00000000 		.4byte	.LFB2
 328 005a 02000000 		.4byte	.LCFI4
 329 005e 0100     		.2byte	0x1
 330 0060 5D       		.byte	0x5d
 331 0061 02000000 		.4byte	.LCFI4
 332 0065 04000000 		.4byte	.LCFI5
 333 0069 0200     		.2byte	0x2
 334 006b 7D       		.byte	0x7d
 335 006c 08       		.sleb128 8
 336 006d 04000000 		.4byte	.LCFI5
 337 0071 2A000000 		.4byte	.LFE2
 338 0075 0200     		.2byte	0x2
 339 0077 77       		.byte	0x77
 340 0078 08       		.sleb128 8
 341 0079 00000000 		.4byte	0x0
 342 007d 00000000 		.4byte	0x0
 343              	.LLST3:
 344 0081 00000000 		.4byte	.LFB3
 345 0085 02000000 		.4byte	.LCFI6
 346 0089 0100     		.2byte	0x1
 347 008b 5D       		.byte	0x5d
 348 008c 02000000 		.4byte	.LCFI6
 349 0090 04000000 		.4byte	.LCFI7
 350 0094 0200     		.2byte	0x2
 351 0096 7D       		.byte	0x7d
 352 0097 04       		.sleb128 4
 353 0098 04000000 		.4byte	.LCFI7
 354 009c 3E000000 		.4byte	.LFE3
 355 00a0 0200     		.2byte	0x2
 356 00a2 77       		.byte	0x77
 357 00a3 04       		.sleb128 4
 358 00a4 00000000 		.4byte	0x0
 359 00a8 00000000 		.4byte	0x0
 360              	.LLST4:
 361 00ac 00000000 		.4byte	.LFB4
 362 00b0 02000000 		.4byte	.LCFI8
 363 00b4 0100     		.2byte	0x1
 364 00b6 5D       		.byte	0x5d
 365 00b7 02000000 		.4byte	.LCFI8
 366 00bb 04000000 		.4byte	.LCFI9
 367 00bf 0200     		.2byte	0x2
 368 00c1 7D       		.byte	0x7d
 369 00c2 04       		.sleb128 4
 370 00c3 04000000 		.4byte	.LCFI9
 371 00c7 06000000 		.4byte	.LCFI10
 372 00cb 0200     		.2byte	0x2
ARM GAS  C:\Users\karunmj\AppData\Local\Temp\ccDWCT6d.s 			page 12


 373 00cd 7D       		.byte	0x7d
 374 00ce 18       		.sleb128 24
 375 00cf 06000000 		.4byte	.LCFI10
 376 00d3 40000000 		.4byte	.LFE4
 377 00d7 0200     		.2byte	0x2
 378 00d9 77       		.byte	0x77
 379 00da 18       		.sleb128 24
 380 00db 00000000 		.4byte	0x0
 381 00df 00000000 		.4byte	0x0
 382              		.file 2 ".\\Generated_Source\\PSoC5\\/cytypes.h"
 383              		.section	.debug_info
 384 0000 2B010000 		.4byte	0x12b
 385 0004 0200     		.2byte	0x2
 386 0006 00000000 		.4byte	.Ldebug_abbrev0
 387 000a 04       		.byte	0x4
 388 000b 01       		.uleb128 0x1
 389 000c EE000000 		.4byte	.LASF16
 390 0010 01       		.byte	0x1
 391 0011 96000000 		.4byte	.LASF17
 392 0015 0E000000 		.4byte	.LASF18
 393 0019 00000000 		.4byte	0x0
 394 001d 00000000 		.4byte	0x0
 395 0021 00000000 		.4byte	.Ldebug_ranges0+0x0
 396 0025 00000000 		.4byte	.Ldebug_line0
 397 0029 02       		.uleb128 0x2
 398 002a 01       		.byte	0x1
 399 002b 06       		.byte	0x6
 400 002c 63010000 		.4byte	.LASF0
 401 0030 02       		.uleb128 0x2
 402 0031 01       		.byte	0x1
 403 0032 08       		.byte	0x8
 404 0033 FA000000 		.4byte	.LASF1
 405 0037 02       		.uleb128 0x2
 406 0038 02       		.byte	0x2
 407 0039 05       		.byte	0x5
 408 003a 2C010000 		.4byte	.LASF2
 409 003e 02       		.uleb128 0x2
 410 003f 02       		.byte	0x2
 411 0040 07       		.byte	0x7
 412 0041 50010000 		.4byte	.LASF3
 413 0045 02       		.uleb128 0x2
 414 0046 04       		.byte	0x4
 415 0047 05       		.byte	0x5
 416 0048 23010000 		.4byte	.LASF4
 417 004c 02       		.uleb128 0x2
 418 004d 04       		.byte	0x4
 419 004e 07       		.byte	0x7
 420 004f C5000000 		.4byte	.LASF5
 421 0053 02       		.uleb128 0x2
 422 0054 08       		.byte	0x8
 423 0055 05       		.byte	0x5
 424 0056 00000000 		.4byte	.LASF6
 425 005a 02       		.uleb128 0x2
 426 005b 08       		.byte	0x8
 427 005c 07       		.byte	0x7
 428 005d D7000000 		.4byte	.LASF7
 429 0061 03       		.uleb128 0x3
ARM GAS  C:\Users\karunmj\AppData\Local\Temp\ccDWCT6d.s 			page 13


 430 0062 04       		.byte	0x4
 431 0063 05       		.byte	0x5
 432 0064 696E7400 		.ascii	"int\000"
 433 0068 02       		.uleb128 0x2
 434 0069 04       		.byte	0x4
 435 006a 07       		.byte	0x7
 436 006b 5F000000 		.4byte	.LASF8
 437 006f 04       		.uleb128 0x4
 438 0070 BF000000 		.4byte	.LASF19
 439 0074 02       		.byte	0x2
 440 0075 4C       		.byte	0x4c
 441 0076 30000000 		.4byte	0x30
 442 007a 02       		.uleb128 0x2
 443 007b 04       		.byte	0x4
 444 007c 04       		.byte	0x4
 445 007d 6F010000 		.4byte	.LASF9
 446 0081 02       		.uleb128 0x2
 447 0082 08       		.byte	0x8
 448 0083 04       		.byte	0x4
 449 0084 49010000 		.4byte	.LASF10
 450 0088 02       		.uleb128 0x2
 451 0089 01       		.byte	0x1
 452 008a 08       		.byte	0x8
 453 008b 08010000 		.4byte	.LASF11
 454 008f 05       		.uleb128 0x5
 455 0090 04       		.byte	0x4
 456 0091 07       		.byte	0x7
 457 0092 06       		.uleb128 0x6
 458 0093 01       		.byte	0x1
 459 0094 83000000 		.4byte	.LASF12
 460 0098 01       		.byte	0x1
 461 0099 34       		.byte	0x34
 462 009a 01       		.byte	0x1
 463 009b 00000000 		.4byte	.LFB0
 464 009f 70000000 		.4byte	.LFE0
 465 00a3 00000000 		.4byte	.LLST0
 466 00a7 06       		.uleb128 0x6
 467 00a8 01       		.byte	0x1
 468 00a9 75010000 		.4byte	.LASF13
 469 00ad 01       		.byte	0x1
 470 00ae 73       		.byte	0x73
 471 00af 01       		.byte	0x1
 472 00b0 00000000 		.4byte	.LFB1
 473 00b4 62000000 		.4byte	.LFE1
 474 00b8 2B000000 		.4byte	.LLST1
 475 00bc 06       		.uleb128 0x6
 476 00bd 01       		.byte	0x1
 477 00be 8A010000 		.4byte	.LASF14
 478 00c2 01       		.byte	0x1
 479 00c3 AB       		.byte	0xab
 480 00c4 01       		.byte	0x1
 481 00c5 00000000 		.4byte	.LFB2
 482 00c9 2A000000 		.4byte	.LFE2
 483 00cd 56000000 		.4byte	.LLST2
 484 00d1 06       		.uleb128 0x6
 485 00d2 01       		.byte	0x1
 486 00d3 36010000 		.4byte	.LASF15
ARM GAS  C:\Users\karunmj\AppData\Local\Temp\ccDWCT6d.s 			page 14


 487 00d7 01       		.byte	0x1
 488 00d8 C5       		.byte	0xc5
 489 00d9 01       		.byte	0x1
 490 00da 00000000 		.4byte	.LFB3
 491 00de 3E000000 		.4byte	.LFE3
 492 00e2 81000000 		.4byte	.LLST3
 493 00e6 07       		.uleb128 0x7
 494 00e7 01       		.byte	0x1
 495 00e8 6C000000 		.4byte	.LASF20
 496 00ec 01       		.byte	0x1
 497 00ed F3       		.byte	0xf3
 498 00ee 01       		.byte	0x1
 499 00ef 00000000 		.4byte	.LFB4
 500 00f3 40000000 		.4byte	.LFE4
 501 00f7 AC000000 		.4byte	.LLST4
 502 00fb 1C010000 		.4byte	0x11c
 503 00ff 08       		.uleb128 0x8
 504 0100 A4010000 		.4byte	.LASF21
 505 0104 01       		.byte	0x1
 506 0105 F3       		.byte	0xf3
 507 0106 6F000000 		.4byte	0x6f
 508 010a 02       		.byte	0x2
 509 010b 91       		.byte	0x91
 510 010c 6F       		.sleb128 -17
 511 010d 09       		.uleb128 0x9
 512 010e 9E010000 		.4byte	.LASF22
 513 0112 01       		.byte	0x1
 514 0113 F5       		.byte	0xf5
 515 0114 6F000000 		.4byte	0x6f
 516 0118 02       		.byte	0x2
 517 0119 91       		.byte	0x91
 518 011a 77       		.sleb128 -9
 519 011b 00       		.byte	0x0
 520 011c 0A       		.uleb128 0xa
 521 011d 0D010000 		.4byte	.LASF23
 522 0121 01       		.byte	0x1
 523 0122 1B       		.byte	0x1b
 524 0123 6F000000 		.4byte	0x6f
 525 0127 01       		.byte	0x1
 526 0128 05       		.byte	0x5
 527 0129 03       		.byte	0x3
 528 012a 00000000 		.4byte	Sample_Hold_2_initVar
 529 012e 00       		.byte	0x0
 530              		.section	.debug_abbrev
 531 0000 01       		.uleb128 0x1
 532 0001 11       		.uleb128 0x11
 533 0002 01       		.byte	0x1
 534 0003 25       		.uleb128 0x25
 535 0004 0E       		.uleb128 0xe
 536 0005 13       		.uleb128 0x13
 537 0006 0B       		.uleb128 0xb
 538 0007 03       		.uleb128 0x3
 539 0008 0E       		.uleb128 0xe
 540 0009 1B       		.uleb128 0x1b
 541 000a 0E       		.uleb128 0xe
 542 000b 11       		.uleb128 0x11
 543 000c 01       		.uleb128 0x1
ARM GAS  C:\Users\karunmj\AppData\Local\Temp\ccDWCT6d.s 			page 15


 544 000d 52       		.uleb128 0x52
 545 000e 01       		.uleb128 0x1
 546 000f 55       		.uleb128 0x55
 547 0010 06       		.uleb128 0x6
 548 0011 10       		.uleb128 0x10
 549 0012 06       		.uleb128 0x6
 550 0013 00       		.byte	0x0
 551 0014 00       		.byte	0x0
 552 0015 02       		.uleb128 0x2
 553 0016 24       		.uleb128 0x24
 554 0017 00       		.byte	0x0
 555 0018 0B       		.uleb128 0xb
 556 0019 0B       		.uleb128 0xb
 557 001a 3E       		.uleb128 0x3e
 558 001b 0B       		.uleb128 0xb
 559 001c 03       		.uleb128 0x3
 560 001d 0E       		.uleb128 0xe
 561 001e 00       		.byte	0x0
 562 001f 00       		.byte	0x0
 563 0020 03       		.uleb128 0x3
 564 0021 24       		.uleb128 0x24
 565 0022 00       		.byte	0x0
 566 0023 0B       		.uleb128 0xb
 567 0024 0B       		.uleb128 0xb
 568 0025 3E       		.uleb128 0x3e
 569 0026 0B       		.uleb128 0xb
 570 0027 03       		.uleb128 0x3
 571 0028 08       		.uleb128 0x8
 572 0029 00       		.byte	0x0
 573 002a 00       		.byte	0x0
 574 002b 04       		.uleb128 0x4
 575 002c 16       		.uleb128 0x16
 576 002d 00       		.byte	0x0
 577 002e 03       		.uleb128 0x3
 578 002f 0E       		.uleb128 0xe
 579 0030 3A       		.uleb128 0x3a
 580 0031 0B       		.uleb128 0xb
 581 0032 3B       		.uleb128 0x3b
 582 0033 0B       		.uleb128 0xb
 583 0034 49       		.uleb128 0x49
 584 0035 13       		.uleb128 0x13
 585 0036 00       		.byte	0x0
 586 0037 00       		.byte	0x0
 587 0038 05       		.uleb128 0x5
 588 0039 24       		.uleb128 0x24
 589 003a 00       		.byte	0x0
 590 003b 0B       		.uleb128 0xb
 591 003c 0B       		.uleb128 0xb
 592 003d 3E       		.uleb128 0x3e
 593 003e 0B       		.uleb128 0xb
 594 003f 00       		.byte	0x0
 595 0040 00       		.byte	0x0
 596 0041 06       		.uleb128 0x6
 597 0042 2E       		.uleb128 0x2e
 598 0043 00       		.byte	0x0
 599 0044 3F       		.uleb128 0x3f
 600 0045 0C       		.uleb128 0xc
ARM GAS  C:\Users\karunmj\AppData\Local\Temp\ccDWCT6d.s 			page 16


 601 0046 03       		.uleb128 0x3
 602 0047 0E       		.uleb128 0xe
 603 0048 3A       		.uleb128 0x3a
 604 0049 0B       		.uleb128 0xb
 605 004a 3B       		.uleb128 0x3b
 606 004b 0B       		.uleb128 0xb
 607 004c 27       		.uleb128 0x27
 608 004d 0C       		.uleb128 0xc
 609 004e 11       		.uleb128 0x11
 610 004f 01       		.uleb128 0x1
 611 0050 12       		.uleb128 0x12
 612 0051 01       		.uleb128 0x1
 613 0052 40       		.uleb128 0x40
 614 0053 06       		.uleb128 0x6
 615 0054 00       		.byte	0x0
 616 0055 00       		.byte	0x0
 617 0056 07       		.uleb128 0x7
 618 0057 2E       		.uleb128 0x2e
 619 0058 01       		.byte	0x1
 620 0059 3F       		.uleb128 0x3f
 621 005a 0C       		.uleb128 0xc
 622 005b 03       		.uleb128 0x3
 623 005c 0E       		.uleb128 0xe
 624 005d 3A       		.uleb128 0x3a
 625 005e 0B       		.uleb128 0xb
 626 005f 3B       		.uleb128 0x3b
 627 0060 0B       		.uleb128 0xb
 628 0061 27       		.uleb128 0x27
 629 0062 0C       		.uleb128 0xc
 630 0063 11       		.uleb128 0x11
 631 0064 01       		.uleb128 0x1
 632 0065 12       		.uleb128 0x12
 633 0066 01       		.uleb128 0x1
 634 0067 40       		.uleb128 0x40
 635 0068 06       		.uleb128 0x6
 636 0069 01       		.uleb128 0x1
 637 006a 13       		.uleb128 0x13
 638 006b 00       		.byte	0x0
 639 006c 00       		.byte	0x0
 640 006d 08       		.uleb128 0x8
 641 006e 05       		.uleb128 0x5
 642 006f 00       		.byte	0x0
 643 0070 03       		.uleb128 0x3
 644 0071 0E       		.uleb128 0xe
 645 0072 3A       		.uleb128 0x3a
 646 0073 0B       		.uleb128 0xb
 647 0074 3B       		.uleb128 0x3b
 648 0075 0B       		.uleb128 0xb
 649 0076 49       		.uleb128 0x49
 650 0077 13       		.uleb128 0x13
 651 0078 02       		.uleb128 0x2
 652 0079 0A       		.uleb128 0xa
 653 007a 00       		.byte	0x0
 654 007b 00       		.byte	0x0
 655 007c 09       		.uleb128 0x9
 656 007d 34       		.uleb128 0x34
 657 007e 00       		.byte	0x0
ARM GAS  C:\Users\karunmj\AppData\Local\Temp\ccDWCT6d.s 			page 17


 658 007f 03       		.uleb128 0x3
 659 0080 0E       		.uleb128 0xe
 660 0081 3A       		.uleb128 0x3a
 661 0082 0B       		.uleb128 0xb
 662 0083 3B       		.uleb128 0x3b
 663 0084 0B       		.uleb128 0xb
 664 0085 49       		.uleb128 0x49
 665 0086 13       		.uleb128 0x13
 666 0087 02       		.uleb128 0x2
 667 0088 0A       		.uleb128 0xa
 668 0089 00       		.byte	0x0
 669 008a 00       		.byte	0x0
 670 008b 0A       		.uleb128 0xa
 671 008c 34       		.uleb128 0x34
 672 008d 00       		.byte	0x0
 673 008e 03       		.uleb128 0x3
 674 008f 0E       		.uleb128 0xe
 675 0090 3A       		.uleb128 0x3a
 676 0091 0B       		.uleb128 0xb
 677 0092 3B       		.uleb128 0x3b
 678 0093 0B       		.uleb128 0xb
 679 0094 49       		.uleb128 0x49
 680 0095 13       		.uleb128 0x13
 681 0096 3F       		.uleb128 0x3f
 682 0097 0C       		.uleb128 0xc
 683 0098 02       		.uleb128 0x2
 684 0099 0A       		.uleb128 0xa
 685 009a 00       		.byte	0x0
 686 009b 00       		.byte	0x0
 687 009c 00       		.byte	0x0
 688              		.section	.debug_pubnames,"",%progbits
 689 0000 A2000000 		.4byte	0xa2
 690 0004 0200     		.2byte	0x2
 691 0006 00000000 		.4byte	.Ldebug_info0
 692 000a 2F010000 		.4byte	0x12f
 693 000e 92000000 		.4byte	0x92
 694 0012 53616D70 		.ascii	"Sample_Hold_2_Init\000"
 694      6C655F48 
 694      6F6C645F 
 694      325F496E 
 694      697400
 695 0025 A7000000 		.4byte	0xa7
 696 0029 53616D70 		.ascii	"Sample_Hold_2_Enable\000"
 696      6C655F48 
 696      6F6C645F 
 696      325F456E 
 696      61626C65 
 697 003e BC000000 		.4byte	0xbc
 698 0042 53616D70 		.ascii	"Sample_Hold_2_Start\000"
 698      6C655F48 
 698      6F6C645F 
 698      325F5374 
 698      61727400 
 699 0056 D1000000 		.4byte	0xd1
 700 005a 53616D70 		.ascii	"Sample_Hold_2_Stop\000"
 700      6C655F48 
 700      6F6C645F 
ARM GAS  C:\Users\karunmj\AppData\Local\Temp\ccDWCT6d.s 			page 18


 700      325F5374 
 700      6F7000
 701 006d E6000000 		.4byte	0xe6
 702 0071 53616D70 		.ascii	"Sample_Hold_2_SetPower\000"
 702      6C655F48 
 702      6F6C645F 
 702      325F5365 
 702      74506F77 
 703 0088 1C010000 		.4byte	0x11c
 704 008c 53616D70 		.ascii	"Sample_Hold_2_initVar\000"
 704      6C655F48 
 704      6F6C645F 
 704      325F696E 
 704      69745661 
 705 00a2 00000000 		.4byte	0x0
 706              		.section	.debug_aranges,"",%progbits
 707 0000 3C000000 		.4byte	0x3c
 708 0004 0200     		.2byte	0x2
 709 0006 00000000 		.4byte	.Ldebug_info0
 710 000a 04       		.byte	0x4
 711 000b 00       		.byte	0x0
 712 000c 0000     		.2byte	0x0
 713 000e 0000     		.2byte	0x0
 714 0010 00000000 		.4byte	.LFB0
 715 0014 70000000 		.4byte	.LFE0-.LFB0
 716 0018 00000000 		.4byte	.LFB1
 717 001c 62000000 		.4byte	.LFE1-.LFB1
 718 0020 00000000 		.4byte	.LFB2
 719 0024 2A000000 		.4byte	.LFE2-.LFB2
 720 0028 00000000 		.4byte	.LFB3
 721 002c 3E000000 		.4byte	.LFE3-.LFB3
 722 0030 00000000 		.4byte	.LFB4
 723 0034 40000000 		.4byte	.LFE4-.LFB4
 724 0038 00000000 		.4byte	0x0
 725 003c 00000000 		.4byte	0x0
 726              		.section	.debug_ranges,"",%progbits
 727              	.Ldebug_ranges0:
 728 0000 00000000 		.4byte	.Ltext0
 729 0004 00000000 		.4byte	.Letext0
 730 0008 00000000 		.4byte	.LFB0
 731 000c 70000000 		.4byte	.LFE0
 732 0010 00000000 		.4byte	.LFB1
 733 0014 62000000 		.4byte	.LFE1
 734 0018 00000000 		.4byte	.LFB2
 735 001c 2A000000 		.4byte	.LFE2
 736 0020 00000000 		.4byte	.LFB3
 737 0024 3E000000 		.4byte	.LFE3
 738 0028 00000000 		.4byte	.LFB4
 739 002c 40000000 		.4byte	.LFE4
 740 0030 00000000 		.4byte	0x0
 741 0034 00000000 		.4byte	0x0
 742              		.section	.debug_str,"MS",%progbits,1
 743              	.LASF6:
 744 0000 6C6F6E67 		.ascii	"long long int\000"
 744      206C6F6E 
 744      6720696E 
 744      7400
ARM GAS  C:\Users\karunmj\AppData\Local\Temp\ccDWCT6d.s 			page 19


 745              	.LASF18:
 746 000e 433A5C55 		.ascii	"C:\\Users\\karunmj\\Documents\\GitHub\\m2m\\hardwar"
 746      73657273 
 746      5C6B6172 
 746      756E6D6A 
 746      5C446F63 
 747 003b 655C7073 		.ascii	"e\\psoc5\\Campbell_Conductivity.cydsn\000"
 747      6F63355C 
 747      43616D70 
 747      62656C6C 
 747      5F436F6E 
 748              	.LASF8:
 749 005f 756E7369 		.ascii	"unsigned int\000"
 749      676E6564 
 749      20696E74 
 749      00
 750              	.LASF20:
 751 006c 53616D70 		.ascii	"Sample_Hold_2_SetPower\000"
 751      6C655F48 
 751      6F6C645F 
 751      325F5365 
 751      74506F77 
 752              	.LASF12:
 753 0083 53616D70 		.ascii	"Sample_Hold_2_Init\000"
 753      6C655F48 
 753      6F6C645F 
 753      325F496E 
 753      697400
 754              	.LASF17:
 755 0096 2E5C4765 		.ascii	".\\Generated_Source\\PSoC5\\Sample_Hold_2.c\000"
 755      6E657261 
 755      7465645F 
 755      536F7572 
 755      63655C50 
 756              	.LASF19:
 757 00bf 75696E74 		.ascii	"uint8\000"
 757      3800
 758              	.LASF5:
 759 00c5 6C6F6E67 		.ascii	"long unsigned int\000"
 759      20756E73 
 759      69676E65 
 759      6420696E 
 759      7400
 760              	.LASF7:
 761 00d7 6C6F6E67 		.ascii	"long long unsigned int\000"
 761      206C6F6E 
 761      6720756E 
 761      7369676E 
 761      65642069 
 762              	.LASF16:
 763 00ee 474E5520 		.ascii	"GNU C 4.4.1\000"
 763      4320342E 
 763      342E3100 
 764              	.LASF1:
 765 00fa 756E7369 		.ascii	"unsigned char\000"
 765      676E6564 
 765      20636861 
ARM GAS  C:\Users\karunmj\AppData\Local\Temp\ccDWCT6d.s 			page 20


 765      7200
 766              	.LASF11:
 767 0108 63686172 		.ascii	"char\000"
 767      00
 768              	.LASF23:
 769 010d 53616D70 		.ascii	"Sample_Hold_2_initVar\000"
 769      6C655F48 
 769      6F6C645F 
 769      325F696E 
 769      69745661 
 770              	.LASF4:
 771 0123 6C6F6E67 		.ascii	"long int\000"
 771      20696E74 
 771      00
 772              	.LASF2:
 773 012c 73686F72 		.ascii	"short int\000"
 773      7420696E 
 773      7400
 774              	.LASF15:
 775 0136 53616D70 		.ascii	"Sample_Hold_2_Stop\000"
 775      6C655F48 
 775      6F6C645F 
 775      325F5374 
 775      6F7000
 776              	.LASF10:
 777 0149 646F7562 		.ascii	"double\000"
 777      6C6500
 778              	.LASF3:
 779 0150 73686F72 		.ascii	"short unsigned int\000"
 779      7420756E 
 779      7369676E 
 779      65642069 
 779      6E7400
 780              	.LASF0:
 781 0163 7369676E 		.ascii	"signed char\000"
 781      65642063 
 781      68617200 
 782              	.LASF9:
 783 016f 666C6F61 		.ascii	"float\000"
 783      7400
 784              	.LASF13:
 785 0175 53616D70 		.ascii	"Sample_Hold_2_Enable\000"
 785      6C655F48 
 785      6F6C645F 
 785      325F456E 
 785      61626C65 
 786              	.LASF14:
 787 018a 53616D70 		.ascii	"Sample_Hold_2_Start\000"
 787      6C655F48 
 787      6F6C645F 
 787      325F5374 
 787      61727400 
 788              	.LASF22:
 789 019e 746D7043 		.ascii	"tmpCR\000"
 789      5200
 790              	.LASF21:
 791 01a4 706F7765 		.ascii	"power\000"
ARM GAS  C:\Users\karunmj\AppData\Local\Temp\ccDWCT6d.s 			page 21


 791      7200
 792              		.ident	"GCC: (Sourcery G++ Lite 2010q1-188) 4.4.1"
