Loading plugins phase: Elapsed time ==> 0s.187ms
Initializing data phase: Elapsed time ==> 0s.000ms
<CYPRESSTAG name="CyDsfit arguments...">
cydsfit arguments: -.fdsnotice -.fdswarpdepfile=warp_dependencies.txt -.fdselabdepfile=elab_dependencies.txt -.fdsbldfile=generated_files.txt -p C:\Users\cps\Documents\neoapi\Project Templates\Sensor Examples\Example Sensors\DecagonAnalog.cydsn\DecagonAnalog.cyprj -d CY8C5868AXI-LP035 -s C:\Users\cps\Documents\neoapi\Project Templates\Sensor Examples\Example Sensors\DecagonAnalog.cydsn\Generated_Source\PSoC5 -- -yv2 -q10 -ygs -o2 -v3 -.fftcfgtype=LE</CYPRESSTAG>
<CYPRESSTAG name="Design elaboration results...">
</CYPRESSTAG>
Elaboration phase: Elapsed time ==> 1s.223ms
<CYPRESSTAG name="HDL generation results...">
</CYPRESSTAG>
HDL generation phase: Elapsed time ==> 0s.046ms
<CYPRESSTAG name="Synthesis results...">

     | | | | | | |
   _________________
  -|               |-
  -|               |-
  -|               |-
  -|    CYPRESS    |-
  -|               |-
  -|               |-   Warp Verilog Synthesis Compiler: Version 6.3 IR 41
  -|               |-   Copyright (C) 1991-2001 Cypress Semiconductor
   |_______________|
     | | | | | | |

======================================================================
Compiling:  DecagonAnalog.v
Program  :   C:\Program Files (x86)\Cypress\PSoC Creator\3.3\PSoC Creator\warp\bin/warp.exe
Options  :    -yv2 -q10 -ygs -o2 -v3 -.fftcfgtype=LE -ya -.fftprj=C:\Users\cps\Documents\neoapi\Project Templates\Sensor Examples\Example Sensors\DecagonAnalog.cydsn\DecagonAnalog.cyprj -dcpsoc3 DecagonAnalog.v -verilog
======================================================================

======================================================================
Compiling:  DecagonAnalog.v
Program  :   C:\Program Files (x86)\Cypress\PSoC Creator\3.3\PSoC Creator\warp\bin/warp.exe
Options  :    -yv2 -q10 -ygs -o2 -v3 -.fftcfgtype=LE -ya -.fftprj=C:\Users\cps\Documents\neoapi\Project Templates\Sensor Examples\Example Sensors\DecagonAnalog.cydsn\DecagonAnalog.cyprj -dcpsoc3 DecagonAnalog.v -verilog
======================================================================

======================================================================
Compiling:  DecagonAnalog.v
Program  :   vlogfe
Options  :    -yv2 -q10 -ygs -o2 -v3 -.fftcfgtype=LE -ya -.fftprj=C:\Users\cps\Documents\neoapi\Project Templates\Sensor Examples\Example Sensors\DecagonAnalog.cydsn\DecagonAnalog.cyprj -dcpsoc3 -verilog DecagonAnalog.v
======================================================================

vlogfe V6.3 IR 41:  Verilog parser
Mon Feb 22 23:39:33 2016


======================================================================
Compiling:  DecagonAnalog.v
Program  :   vpp
Options  :    -yv2 -q10 DecagonAnalog.v
======================================================================

vpp V6.3 IR 41:  Verilog Pre-Processor
Mon Feb 22 23:39:33 2016

Flattening file 'C:\Program Files (x86)\Cypress\PSoC Creator\3.3\PSoC Creator\psoc\content\cycomponentlibrary\CyComponentLibrary.cylib\AMux_v1_80\AMux_v1_80.v'
Flattening file 'C:\Program Files (x86)\Cypress\PSoC Creator\3.3\PSoC Creator\warp\lib\common\cypress.v'
Flattening file 'C:\Program Files (x86)\Cypress\PSoC Creator\3.3\PSoC Creator\warp\lib\common\cy_psoc3_inc.v'
Flattening file 'C:\Program Files (x86)\Cypress\PSoC Creator\3.3\PSoC Creator\psoc\content\cyprimitives\CyPrimitives.cylib\cy_vref_v1_60\cy_vref_v1_60.v'
Flattening file 'C:\Program Files (x86)\Cypress\PSoC Creator\3.3\PSoC Creator\psoc\content\cyprimitives\CyPrimitives.cylib\cy_analog_virtualmux_v1_0\cy_analog_virtualmux_v1_0.v'
Flattening file 'C:\Program Files (x86)\Cypress\PSoC Creator\3.3\PSoC Creator\psoc\content\cyprimitives\CyPrimitives.cylib\cy_virtualmux_v1_0\cy_virtualmux_v1_0.v'
Flattening file 'C:\Program Files (x86)\Cypress\PSoC Creator\3.3\PSoC Creator\psoc\content\cyprimitives\CyPrimitives.cylib\ZeroTerminal\ZeroTerminal.v'
Flattening file 'C:\Program Files (x86)\Cypress\PSoC Creator\3.3\PSoC Creator\psoc\content\cyprimitives\CyPrimitives.cylib\or_v1_0\or_v1_0.v'
Flattening file 'C:\Program Files (x86)\Cypress\PSoC Creator\3.3\PSoC Creator\psoc\content\cyprimitives\CyPrimitives.cylib\CyControlReg_v1_80\CyControlReg_v1_80.v'
Flattening file 'C:\Program Files (x86)\Cypress\PSoC Creator\3.3\PSoC Creator\warp\lib\common\cypress.v'

vpp:  No errors.

Library 'work' => directory 'lcpsoc3'
General_symbol_table
General_symbol_table
Linking 'C:\Program Files (x86)\Cypress\PSoC Creator\3.3\PSoC Creator\warp\lib\common\std.vhd'.
Linking 'C:\Program Files (x86)\Cypress\PSoC Creator\3.3\PSoC Creator\warp\lib\common\cypress.vhd'.
Linking 'C:\Program Files (x86)\Cypress\PSoC Creator\3.3\PSoC Creator\warp\lib\common\work\cypress.vif'.
Linking 'C:\Program Files (x86)\Cypress\PSoC Creator\3.3\PSoC Creator\warp\lib\ieee\work\stdlogic.vif'.
Linking 'C:\Program Files (x86)\Cypress\PSoC Creator\3.3\PSoC Creator\warp\lib\common\stdlogic\lpmpkg.vif'.
Linking 'C:\Program Files (x86)\Cypress\PSoC Creator\3.3\PSoC Creator\warp\lib\common\stdlogic\rtlpkg.vif'.
Linking 'C:\Program Files (x86)\Cypress\PSoC Creator\3.3\PSoC Creator\warp\lib\common\stdlogic\mod_cnst.vif'.
Linking 'C:\Program Files (x86)\Cypress\PSoC Creator\3.3\PSoC Creator\warp\lib\common\stdlogic\mod_mthv.vif'.
Linking 'C:\Program Files (x86)\Cypress\PSoC Creator\3.3\PSoC Creator\warp\lib\common\stdlogic\mod_genv.vif'.
Using control file 'DecagonAnalog.ctl'.

vlogfe:  No errors.


======================================================================
Compiling:  DecagonAnalog.v
Program  :   tovif
Options  :    -yv2 -q10 -ygs -o2 -v3 -.fftcfgtype=LE -ya -.fftprj=C:\Users\cps\Documents\neoapi\Project Templates\Sensor Examples\Example Sensors\DecagonAnalog.cydsn\DecagonAnalog.cyprj -dcpsoc3 -verilog DecagonAnalog.v
======================================================================

tovif V6.3 IR 41:  High-level synthesis
Mon Feb 22 23:39:33 2016

Linking 'C:\Program Files (x86)\Cypress\PSoC Creator\3.3\PSoC Creator\warp\lib\common\std.vhd'.
Linking 'C:\Program Files (x86)\Cypress\PSoC Creator\3.3\PSoC Creator\warp\lib\common\cypress.vhd'.
Linking 'C:\Program Files (x86)\Cypress\PSoC Creator\3.3\PSoC Creator\warp\lib\common\work\cypress.vif'.
Linking 'C:\Program Files (x86)\Cypress\PSoC Creator\3.3\PSoC Creator\warp\lib\ieee\work\stdlogic.vif'.
Linking 'C:\Program Files (x86)\Cypress\PSoC Creator\3.3\PSoC Creator\warp\lib\common\stdlogic\lpmpkg.vif'.
Linking 'C:\Program Files (x86)\Cypress\PSoC Creator\3.3\PSoC Creator\warp\lib\common\stdlogic\rtlpkg.vif'.
Linking 'C:\Program Files (x86)\Cypress\PSoC Creator\3.3\PSoC Creator\warp\lib\common\stdlogic\mod_cnst.vif'.
Linking 'C:\Program Files (x86)\Cypress\PSoC Creator\3.3\PSoC Creator\warp\lib\common\stdlogic\mod_mthv.vif'.
Linking 'C:\Program Files (x86)\Cypress\PSoC Creator\3.3\PSoC Creator\warp\lib\common\stdlogic\mod_genv.vif'.
Linking 'C:\Users\cps\Documents\neoapi\Project Templates\Sensor Examples\Example Sensors\DecagonAnalog.cydsn\codegentemp\DecagonAnalog.ctl'.
Linking 'C:\Program Files (x86)\Cypress\PSoC Creator\3.3\PSoC Creator\psoc\content\cycomponentlibrary\CyComponentLibrary.cylib\AMux_v1_80\AMux_v1_80.v'.
Linking 'C:\Program Files (x86)\Cypress\PSoC Creator\3.3\PSoC Creator\warp\lib\common\cypress.v'.
Linking 'C:\Program Files (x86)\Cypress\PSoC Creator\3.3\PSoC Creator\warp\lib\common\cy_psoc3_inc.v'.
Linking 'C:\Users\cps\Documents\neoapi\Project Templates\Sensor Examples\Example Sensors\DecagonAnalog.cydsn\codegentemp\DecagonAnalog.v'.
Linking 'C:\Program Files (x86)\Cypress\PSoC Creator\3.3\PSoC Creator\psoc\content\cyprimitives\CyPrimitives.cylib\cy_vref_v1_60\cy_vref_v1_60.v'.
Linking 'C:\Program Files (x86)\Cypress\PSoC Creator\3.3\PSoC Creator\psoc\content\cyprimitives\CyPrimitives.cylib\cy_analog_virtualmux_v1_0\cy_analog_virtualmux_v1_0.v'.
Linking 'C:\Program Files (x86)\Cypress\PSoC Creator\3.3\PSoC Creator\psoc\content\cyprimitives\CyPrimitives.cylib\cy_virtualmux_v1_0\cy_virtualmux_v1_0.v'.
Linking 'C:\Program Files (x86)\Cypress\PSoC Creator\3.3\PSoC Creator\psoc\content\cyprimitives\CyPrimitives.cylib\ZeroTerminal\ZeroTerminal.v'.
Linking 'C:\Program Files (x86)\Cypress\PSoC Creator\3.3\PSoC Creator\psoc\content\cyprimitives\CyPrimitives.cylib\or_v1_0\or_v1_0.v'.
Linking 'C:\Program Files (x86)\Cypress\PSoC Creator\3.3\PSoC Creator\psoc\content\cyprimitives\CyPrimitives.cylib\CyControlReg_v1_80\CyControlReg_v1_80.v'.

tovif:  No errors.


======================================================================
Compiling:  DecagonAnalog.v
Program  :   topld
Options  :    -yv2 -q10 -ygs -o2 -v3 -.fftcfgtype=LE -ya -.fftprj=C:\Users\cps\Documents\neoapi\Project Templates\Sensor Examples\Example Sensors\DecagonAnalog.cydsn\DecagonAnalog.cyprj -dcpsoc3 -verilog DecagonAnalog.v
======================================================================

topld V6.3 IR 41:  Synthesis and optimization
Mon Feb 22 23:39:33 2016

Linking 'C:\Program Files (x86)\Cypress\PSoC Creator\3.3\PSoC Creator\warp\lib\common\std.vhd'.
Linking 'C:\Program Files (x86)\Cypress\PSoC Creator\3.3\PSoC Creator\warp\lib\common\cypress.vhd'.
Linking 'C:\Program Files (x86)\Cypress\PSoC Creator\3.3\PSoC Creator\warp\lib\common\work\cypress.vif'.
Linking 'C:\Program Files (x86)\Cypress\PSoC Creator\3.3\PSoC Creator\warp\lib\ieee\work\stdlogic.vif'.
Linking 'C:\Program Files (x86)\Cypress\PSoC Creator\3.3\PSoC Creator\warp\lib\common\stdlogic\lpmpkg.vif'.
Linking 'C:\Program Files (x86)\Cypress\PSoC Creator\3.3\PSoC Creator\warp\lib\common\stdlogic\rtlpkg.vif'.
Linking 'C:\Program Files (x86)\Cypress\PSoC Creator\3.3\PSoC Creator\warp\lib\common\stdlogic\mod_cnst.vif'.
Linking 'C:\Program Files (x86)\Cypress\PSoC Creator\3.3\PSoC Creator\warp\lib\common\stdlogic\mod_mthv.vif'.
Linking 'C:\Program Files (x86)\Cypress\PSoC Creator\3.3\PSoC Creator\warp\lib\common\stdlogic\mod_genv.vif'.
Linking 'C:\Users\cps\Documents\neoapi\Project Templates\Sensor Examples\Example Sensors\DecagonAnalog.cydsn\codegentemp\DecagonAnalog.ctl'.
Linking 'C:\Program Files (x86)\Cypress\PSoC Creator\3.3\PSoC Creator\psoc\content\cycomponentlibrary\CyComponentLibrary.cylib\AMux_v1_80\AMux_v1_80.v'.
Linking 'C:\Program Files (x86)\Cypress\PSoC Creator\3.3\PSoC Creator\warp\lib\common\cypress.v'.
Linking 'C:\Program Files (x86)\Cypress\PSoC Creator\3.3\PSoC Creator\warp\lib\common\cy_psoc3_inc.v'.
Linking 'C:\Users\cps\Documents\neoapi\Project Templates\Sensor Examples\Example Sensors\DecagonAnalog.cydsn\codegentemp\DecagonAnalog.v'.
Linking 'C:\Program Files (x86)\Cypress\PSoC Creator\3.3\PSoC Creator\psoc\content\cyprimitives\CyPrimitives.cylib\cy_vref_v1_60\cy_vref_v1_60.v'.
Linking 'C:\Program Files (x86)\Cypress\PSoC Creator\3.3\PSoC Creator\psoc\content\cyprimitives\CyPrimitives.cylib\cy_analog_virtualmux_v1_0\cy_analog_virtualmux_v1_0.v'.
Linking 'C:\Program Files (x86)\Cypress\PSoC Creator\3.3\PSoC Creator\psoc\content\cyprimitives\CyPrimitives.cylib\cy_virtualmux_v1_0\cy_virtualmux_v1_0.v'.
Linking 'C:\Program Files (x86)\Cypress\PSoC Creator\3.3\PSoC Creator\psoc\content\cyprimitives\CyPrimitives.cylib\ZeroTerminal\ZeroTerminal.v'.
Linking 'C:\Program Files (x86)\Cypress\PSoC Creator\3.3\PSoC Creator\psoc\content\cyprimitives\CyPrimitives.cylib\or_v1_0\or_v1_0.v'.
Linking 'C:\Program Files (x86)\Cypress\PSoC Creator\3.3\PSoC Creator\psoc\content\cyprimitives\CyPrimitives.cylib\CyControlReg_v1_80\CyControlReg_v1_80.v'.
Linking 'C:\Program Files (x86)\Cypress\PSoC Creator\3.3\PSoC Creator\warp\lib\lcpsoc3\stdlogic\cpsoc3.vif'.

----------------------------------------------------------
Detecting unused logic.
----------------------------------------------------------
    User names
	\ADC_DelSig_1:Net_268\
	\ADC_DelSig_1:Net_270\
	Net_70
	Net_71
	Net_72
	Net_73


Deleted 6 User equations/components.
Deleted 0 Synthesized equations/components.

------------------------------------------------------
Alias Detection
------------------------------------------------------
Aliasing \ADC_DelSig_1:Net_482\ to zero
Aliasing \ADC_DelSig_1:Net_252\ to zero
Aliasing tmpOE__VWC_1_net_0 to \ADC_DelSig_1:soc\
Aliasing one to \ADC_DelSig_1:soc\
Aliasing tmpOE__VWC_3_net_0 to \ADC_DelSig_1:soc\
Aliasing tmpOE__VWC_4_net_0 to \ADC_DelSig_1:soc\
Aliasing tmpOE__VWC_2_net_0 to \ADC_DelSig_1:soc\
Aliasing tmpOE__Power_VWC_1_net_0 to \ADC_DelSig_1:soc\
Aliasing \Power_Reg:clk\ to zero
Aliasing \Power_Reg:rst\ to zero
Aliasing tmpOE__Power_VWC_2_net_0 to \ADC_DelSig_1:soc\
Aliasing tmpOE__Power_VWC_3_net_0 to \ADC_DelSig_1:soc\
Aliasing tmpOE__Power_VWC_4_net_0 to \ADC_DelSig_1:soc\
Removing Rhs of wire \ADC_DelSig_1:Net_488\[19] = \ADC_DelSig_1:Net_250\[54]
Removing Lhs of wire \ADC_DelSig_1:Net_481\[21] = zero[5]
Removing Lhs of wire \ADC_DelSig_1:Net_482\[22] = zero[5]
Removing Lhs of wire \ADC_DelSig_1:Net_252\[56] = zero[5]
Removing Rhs of wire tmpOE__VWC_1_net_0[62] = \ADC_DelSig_1:soc\[58]
Removing Lhs of wire one[66] = tmpOE__VWC_1_net_0[62]
Removing Lhs of wire tmpOE__VWC_3_net_0[69] = tmpOE__VWC_1_net_0[62]
Removing Lhs of wire tmpOE__VWC_4_net_0[75] = tmpOE__VWC_1_net_0[62]
Removing Lhs of wire tmpOE__VWC_2_net_0[81] = tmpOE__VWC_1_net_0[62]
Removing Lhs of wire tmpOE__Power_VWC_1_net_0[87] = tmpOE__VWC_1_net_0[62]
Removing Rhs of wire Net_55[88] = \Power_Reg:control_out_0\[95]
Removing Rhs of wire Net_55[88] = \Power_Reg:control_0\[118]
Removing Lhs of wire \Power_Reg:clk\[93] = zero[5]
Removing Lhs of wire \Power_Reg:rst\[94] = zero[5]
Removing Rhs of wire Net_52[96] = \Power_Reg:control_out_1\[97]
Removing Rhs of wire Net_52[96] = \Power_Reg:control_1\[117]
Removing Rhs of wire Net_53[98] = \Power_Reg:control_out_2\[99]
Removing Rhs of wire Net_53[98] = \Power_Reg:control_2\[116]
Removing Rhs of wire Net_54[100] = \Power_Reg:control_out_3\[101]
Removing Rhs of wire Net_54[100] = \Power_Reg:control_3\[115]
Removing Lhs of wire tmpOE__Power_VWC_2_net_0[120] = tmpOE__VWC_1_net_0[62]
Removing Lhs of wire tmpOE__Power_VWC_3_net_0[126] = tmpOE__VWC_1_net_0[62]
Removing Lhs of wire tmpOE__Power_VWC_4_net_0[132] = tmpOE__VWC_1_net_0[62]

------------------------------------------------------
Aliased 0 equations, 23 wires.
------------------------------------------------------

----------------------------------------------------------
Circuit simplification
----------------------------------------------------------

Substituting virtuals - pass 1:


----------------------------------------------------------
Circuit simplification results:

	Expanded 0 signals.
	Turned 0 signals into soft nodes.
	Maximum default expansion cost was set at 3.
----------------------------------------------------------

topld:  No errors.

CYPRESS_DIR    : C:\Program Files (x86)\Cypress\PSoC Creator\3.3\PSoC Creator\warp
Warp Program   : C:\Program Files (x86)\Cypress\PSoC Creator\3.3\PSoC Creator\warp\bin/warp.exe
Warp Arguments : -yv2 -q10 -ygs -o2 -v3 -.fftcfgtype=LE -ya "-.fftprj=C:\Users\cps\Documents\neoapi\Project Templates\Sensor Examples\Example Sensors\DecagonAnalog.cydsn\DecagonAnalog.cyprj" -dcpsoc3 DecagonAnalog.v -verilog
</CYPRESSTAG>
Warp synthesis phase: Elapsed time ==> 0s.514ms
<CYPRESSTAG name="Fitter results...">
<CYPRESSTAG name="Fitter startup details...">
cyp3fit: V3.3.0.7343, Family: PSoC3, Started at: Monday, 22 February 2016 23:39:33
Options: -yv2 -q10 -ygs -o2 -v3 -.fftcfgtype=LE -ya -.fftprj=C:\Users\cps\Documents\neoapi\Project Templates\Sensor Examples\Example Sensors\DecagonAnalog.cydsn\DecagonAnalog.cyprj -d CY8C5868AXI-LP035 DecagonAnalog.v -verilog
</CYPRESSTAG>
<CYPRESSTAG name="Design parsing">
Design parsing phase: Elapsed time ==> 0s.015ms
</CYPRESSTAG>
<CYPRESSTAG name="Tech mapping">
<CYPRESSTAG name="Initial Mapping" icon="FILE_RPT_TECHM">
<CYPRESSTAG name="Global Clock Selection" icon="FILE_RPT_TECHM">
    Digital Clock 0: Automatic-assigning  clock 'ADC_DelSig_1_Ext_CP_Clk'. Fanout=1, Signal=\ADC_DelSig_1:Net_93\
    Analog  Clock 0: Automatic-assigning  clock 'ADC_DelSig_1_theACLK'. Fanout=1, Signal=\ADC_DelSig_1:Net_488\
</CYPRESSTAG>
<CYPRESSTAG name="UDB Clock/Enable Remapping Results">
</CYPRESSTAG>
ADD: pft.M0040: information: The following 8 pin(s) will be assigned a location by the fitter: Power_VWC_1(0), Power_VWC_2(0), Power_VWC_3(0), Power_VWC_4(0), VWC_1(0), VWC_2(0), VWC_3(0), VWC_4(0)


Removing unused cells resulting from optimization
Done removing unused cells.
<CYPRESSTAG name="Duplicate Macrocell detection">
</CYPRESSTAG>
</CYPRESSTAG>
<CYPRESSTAG name="Duplicate Macrocell detection">
</CYPRESSTAG>
<CYPRESSTAG name="Design Equations" icon="FILE_RPT_EQUATION">

------------------------------------------------------------
Design Equations
------------------------------------------------------------
    <CYPRESSTAG name="Pin listing">

    ------------------------------------------------------------
    Pin listing
    ------------------------------------------------------------

    Pin : Name = VWC_1(0)
        Attributes:
            In Group/Port: True
            In Sync Option: AUTO
            Out Sync Option: AUTO
            Interrupt generated: False
            Interrupt mode: NONE
            Drive mode: HI_Z_ANALOG
            VTrip: EITHER
            Slew: FAST
            Input Sync needed: False
            Output Sync needed: False
            SC shield enabled: False
            POR State: ANY
            LCD Mode: COMMON
            Register Mode: RegComb
            CaSense Mode: NEITHER
            Treat as pin: True
            Is OE Registered: False
            Uses Analog: True
            Can contain Digital: False
            Is SIO: False
            SIO Output Buf: NONREGULATED
            SIO Input Buf: SINGLE_ENDED
            SIO HiFreq: LOW
            SIO Hyst: DISABLED
            SIO Vtrip: MULTIPLIER_0_5
            SIO Multiplier Index: 0
            SIO RefSel: VCC_IO
            Required Capabilitites: ANALOG
            Initial Value: 0
            IO Voltage: 0
        PORT MAP (
            pa_out => VWC_1(0)__PA ,
            analog_term => Net_27 ,
            pad => VWC_1(0)_PAD );

    Pin : Name = VWC_3(0)
        Attributes:
            In Group/Port: True
            In Sync Option: AUTO
            Out Sync Option: AUTO
            Interrupt generated: False
            Interrupt mode: NONE
            Drive mode: HI_Z_ANALOG
            VTrip: EITHER
            Slew: FAST
            Input Sync needed: False
            Output Sync needed: False
            SC shield enabled: False
            POR State: ANY
            LCD Mode: COMMON
            Register Mode: RegComb
            CaSense Mode: NEITHER
            Treat as pin: True
            Is OE Registered: False
            Uses Analog: True
            Can contain Digital: False
            Is SIO: False
            SIO Output Buf: NONREGULATED
            SIO Input Buf: SINGLE_ENDED
            SIO HiFreq: LOW
            SIO Hyst: DISABLED
            SIO Vtrip: MULTIPLIER_0_5
            SIO Multiplier Index: 0
            SIO RefSel: VCC_IO
            Required Capabilitites: ANALOG
            Initial Value: 0
            IO Voltage: 0
        PORT MAP (
            pa_out => VWC_3(0)__PA ,
            analog_term => Net_63 ,
            pad => VWC_3(0)_PAD );

    Pin : Name = VWC_4(0)
        Attributes:
            In Group/Port: True
            In Sync Option: AUTO
            Out Sync Option: AUTO
            Interrupt generated: False
            Interrupt mode: NONE
            Drive mode: HI_Z_ANALOG
            VTrip: EITHER
            Slew: FAST
            Input Sync needed: False
            Output Sync needed: False
            SC shield enabled: False
            POR State: ANY
            LCD Mode: COMMON
            Register Mode: RegComb
            CaSense Mode: NEITHER
            Treat as pin: True
            Is OE Registered: False
            Uses Analog: True
            Can contain Digital: False
            Is SIO: False
            SIO Output Buf: NONREGULATED
            SIO Input Buf: SINGLE_ENDED
            SIO HiFreq: LOW
            SIO Hyst: DISABLED
            SIO Vtrip: MULTIPLIER_0_5
            SIO Multiplier Index: 0
            SIO RefSel: VCC_IO
            Required Capabilitites: ANALOG
            Initial Value: 0
            IO Voltage: 0
        PORT MAP (
            pa_out => VWC_4(0)__PA ,
            analog_term => Net_29 ,
            pad => VWC_4(0)_PAD );

    Pin : Name = VWC_2(0)
        Attributes:
            In Group/Port: True
            In Sync Option: AUTO
            Out Sync Option: AUTO
            Interrupt generated: False
            Interrupt mode: NONE
            Drive mode: HI_Z_ANALOG
            VTrip: EITHER
            Slew: FAST
            Input Sync needed: False
            Output Sync needed: False
            SC shield enabled: False
            POR State: ANY
            LCD Mode: COMMON
            Register Mode: RegComb
            CaSense Mode: NEITHER
            Treat as pin: True
            Is OE Registered: False
            Uses Analog: True
            Can contain Digital: False
            Is SIO: False
            SIO Output Buf: NONREGULATED
            SIO Input Buf: SINGLE_ENDED
            SIO HiFreq: LOW
            SIO Hyst: DISABLED
            SIO Vtrip: MULTIPLIER_0_5
            SIO Multiplier Index: 0
            SIO RefSel: VCC_IO
            Required Capabilitites: ANALOG
            Initial Value: 0
            IO Voltage: 0
        PORT MAP (
            pa_out => VWC_2(0)__PA ,
            analog_term => Net_28 ,
            pad => VWC_2(0)_PAD );

    Pin : Name = Power_VWC_1(0)
        Attributes:
            In Group/Port: True
            In Sync Option: AUTO
            Out Sync Option: NOSYNC
            Interrupt generated: False
            Interrupt mode: NONE
            Drive mode: CMOS_OUT
            VTrip: EITHER
            Slew: FAST
            Input Sync needed: False
            Output Sync needed: False
            SC shield enabled: False
            POR State: ANY
            LCD Mode: COMMON
            Register Mode: RegComb
            CaSense Mode: NEITHER
            Treat as pin: True
            Is OE Registered: False
            Uses Analog: False
            Can contain Digital: True
            Is SIO: False
            SIO Output Buf: NONREGULATED
            SIO Input Buf: SINGLE_ENDED
            SIO HiFreq: LOW
            SIO Hyst: DISABLED
            SIO Vtrip: MULTIPLIER_0_5
            SIO Multiplier Index: 0
            SIO RefSel: VCC_IO
            Required Capabilitites: DIGITAL, ROUTABLE
            Initial Value: 0
            IO Voltage: 0
        PORT MAP (
            pa_out => Power_VWC_1(0)__PA ,
            input => Net_55 ,
            pad => Power_VWC_1(0)_PAD );

    Pin : Name = Power_VWC_2(0)
        Attributes:
            In Group/Port: True
            In Sync Option: AUTO
            Out Sync Option: NOSYNC
            Interrupt generated: False
            Interrupt mode: NONE
            Drive mode: CMOS_OUT
            VTrip: EITHER
            Slew: FAST
            Input Sync needed: False
            Output Sync needed: False
            SC shield enabled: False
            POR State: ANY
            LCD Mode: COMMON
            Register Mode: RegComb
            CaSense Mode: NEITHER
            Treat as pin: True
            Is OE Registered: False
            Uses Analog: False
            Can contain Digital: True
            Is SIO: False
            SIO Output Buf: NONREGULATED
            SIO Input Buf: SINGLE_ENDED
            SIO HiFreq: LOW
            SIO Hyst: DISABLED
            SIO Vtrip: MULTIPLIER_0_5
            SIO Multiplier Index: 0
            SIO RefSel: VCC_IO
            Required Capabilitites: DIGITAL, ROUTABLE
            Initial Value: 0
            IO Voltage: 0
        PORT MAP (
            pa_out => Power_VWC_2(0)__PA ,
            input => Net_52 ,
            pad => Power_VWC_2(0)_PAD );

    Pin : Name = Power_VWC_3(0)
        Attributes:
            In Group/Port: True
            In Sync Option: AUTO
            Out Sync Option: NOSYNC
            Interrupt generated: False
            Interrupt mode: NONE
            Drive mode: CMOS_OUT
            VTrip: EITHER
            Slew: FAST
            Input Sync needed: False
            Output Sync needed: False
            SC shield enabled: False
            POR State: ANY
            LCD Mode: COMMON
            Register Mode: RegComb
            CaSense Mode: NEITHER
            Treat as pin: True
            Is OE Registered: False
            Uses Analog: False
            Can contain Digital: True
            Is SIO: False
            SIO Output Buf: NONREGULATED
            SIO Input Buf: SINGLE_ENDED
            SIO HiFreq: LOW
            SIO Hyst: DISABLED
            SIO Vtrip: MULTIPLIER_0_5
            SIO Multiplier Index: 0
            SIO RefSel: VCC_IO
            Required Capabilitites: DIGITAL, ROUTABLE
            Initial Value: 0
            IO Voltage: 0
        PORT MAP (
            pa_out => Power_VWC_3(0)__PA ,
            input => Net_53 ,
            pad => Power_VWC_3(0)_PAD );

    Pin : Name = Power_VWC_4(0)
        Attributes:
            In Group/Port: True
            In Sync Option: AUTO
            Out Sync Option: NOSYNC
            Interrupt generated: False
            Interrupt mode: NONE
            Drive mode: CMOS_OUT
            VTrip: EITHER
            Slew: FAST
            Input Sync needed: False
            Output Sync needed: False
            SC shield enabled: False
            POR State: ANY
            LCD Mode: COMMON
            Register Mode: RegComb
            CaSense Mode: NEITHER
            Treat as pin: True
            Is OE Registered: False
            Uses Analog: False
            Can contain Digital: True
            Is SIO: False
            SIO Output Buf: NONREGULATED
            SIO Input Buf: SINGLE_ENDED
            SIO HiFreq: LOW
            SIO Hyst: DISABLED
            SIO Vtrip: MULTIPLIER_0_5
            SIO Multiplier Index: 0
            SIO RefSel: VCC_IO
            Required Capabilitites: DIGITAL, ROUTABLE
            Initial Value: 0
            IO Voltage: 0
        PORT MAP (
            pa_out => Power_VWC_4(0)__PA ,
            input => Net_54 ,
            pad => Power_VWC_4(0)_PAD );
    </CYPRESSTAG>
    <CYPRESSTAG name="Macrocell listing" icon="FILE_RPT_EQUATION">

    ------------------------------------------------------------
    Macrocell listing
    ------------------------------------------------------------

    MacroCell: Name=__ONE__, Mode=(Combinatorial)
        Total # of inputs        : 0
        Total # of product terms : 0
            Clock Enable: True
        Main Equation            : 0 pterms
        !(
            0
        );
        Output = __ONE__ (fanout=1)
    </CYPRESSTAG>
    <CYPRESSTAG name="Datapath listing">
    </CYPRESSTAG>
    <CYPRESSTAG name="Status register listing">
    </CYPRESSTAG>
    <CYPRESSTAG name="StatusI register listing">
    </CYPRESSTAG>
    <CYPRESSTAG name="Sync listing">
    </CYPRESSTAG>
    <CYPRESSTAG name="Control register listing">

    ------------------------------------------------------------
    Control register listing
    ------------------------------------------------------------

    controlcell: Name =\Power_Reg:Sync:ctrl_reg\
        PORT MAP (
            control_7 => \Power_Reg:control_7\ ,
            control_6 => \Power_Reg:control_6\ ,
            control_5 => \Power_Reg:control_5\ ,
            control_4 => \Power_Reg:control_4\ ,
            control_3 => Net_54 ,
            control_2 => Net_53 ,
            control_1 => Net_52 ,
            control_0 => Net_55 );
        Properties:
        {
            cy_ctrl_mode_0 = "00000000"
            cy_ctrl_mode_1 = "00000000"
            cy_ext_reset = 0
            cy_force_order = 1
            cy_init_value = "00001111"
        }
        Clock Enable: True
    </CYPRESSTAG>
    <CYPRESSTAG name="Count7 listing">
    </CYPRESSTAG>
    <CYPRESSTAG name="DRQ listing">
    </CYPRESSTAG>
    <CYPRESSTAG name="Interrupt listing">

    ------------------------------------------------------------
    Interrupt listing
    ------------------------------------------------------------

    interrupt: Name =\ADC_DelSig_1:IRQ\
        PORT MAP (
            interrupt => Net_14 );
        Properties:
        {
            int_type = "10"
        }
    </CYPRESSTAG>
</CYPRESSTAG>
<CYPRESSTAG name="Technology mapping summary" expanded>

------------------------------------------------------------
Technology mapping summary
------------------------------------------------------------

Resource Type                 : Used : Free :  Max :  % Used
============================================================
Digital Clocks                :    1 :    7 :    8 : 12.50 %
Analog Clocks                 :    1 :    3 :    4 : 25.00 %
CapSense Buffers              :    0 :    2 :    2 :  0.00 %
Digital Filter Block          :    0 :    1 :    1 :  0.00 %
Interrupts                    :    1 :   31 :   32 :  3.13 %
IO                            :   11 :   61 :   72 : 15.28 %
Segment LCD                   :    0 :    1 :    1 :  0.00 %
CAN 2.0b                      :    0 :    1 :    1 :  0.00 %
I2C                           :    0 :    1 :    1 :  0.00 %
USB                           :    0 :    1 :    1 :  0.00 %
DMA Channels                  :    0 :   24 :   24 :  0.00 %
Timer                         :    0 :    4 :    4 :  0.00 %
UDB                           :      :      :      :        
  Macrocells                  :    1 :  191 :  192 :  0.52 %
  Unique P-terms              :    0 :  384 :  384 :  0.00 %
  Total P-terms               :    0 :      :      :        
  Datapath Cells              :    0 :   24 :   24 :  0.00 %
  Status Cells                :    0 :   24 :   24 :  0.00 %
  Control Cells               :    1 :   23 :   24 :  4.17 %
    Control Registers         :    1 :      :      :        
Opamp                         :    0 :    4 :    4 :  0.00 %
Comparator                    :    0 :    4 :    4 :  0.00 %
Delta-Sigma ADC               :    1 :    0 :    1 : 100.00 %
LPF                           :    0 :    2 :    2 :  0.00 %
SAR ADC                       :    0 :    2 :    2 :  0.00 %
Analog (SC/CT) Blocks         :    0 :    4 :    4 :  0.00 %
DAC                           :      :      :      :        
  VIDAC                       :    0 :    4 :    4 :  0.00 %
</CYPRESSTAG>
Technology Mapping: Elapsed time ==> 0s.078ms
Tech mapping phase: Elapsed time ==> 0s.140ms
</CYPRESSTAG>
<CYPRESSTAG name="Analog Placement">
Info: apr.M0002: Analog signal "\ADC_DelSig_1:Net_35\" is connected to one terminal only. (App=cydsfit)
Initial Analog Placement Results:
IO_5@[IOP=(15)][IoId=(5)] : VWC_1(0)
IO_6@[IOP=(6)][IoId=(6)] : VWC_2(0)
IO_4@[IOP=(0)][IoId=(4)] : VWC_3(0)
IO_3@[IOP=(4)][IoId=(3)] : VWC_4(0)
DSM[0]@[FFB(DSM,0)] : \ADC_DelSig_1:DSM\
Vref[6]@[FFB(Vref,6)] : \ADC_DelSig_1:vRef_2\
Log: apr.M0058: The analog placement iterative improvement is 38% done. (App=cydsfit)
Log: apr.M0058: The analog placement iterative improvement is 56% done. (App=cydsfit)
Log: apr.M0058: The analog placement iterative improvement is 100% done. (App=cydsfit)
Analog Placement Results:
IO_6@[IOP=(4)][IoId=(6)] : VWC_1(0)
IO_5@[IOP=(0)][IoId=(5)] : VWC_2(0)
IO_5@[IOP=(4)][IoId=(5)] : VWC_3(0)
IO_2@[IOP=(4)][IoId=(2)] : VWC_4(0)
DSM[0]@[FFB(DSM,0)] : \ADC_DelSig_1:DSM\
Vref[6]@[FFB(Vref,6)] : \ADC_DelSig_1:vRef_2\

Analog Placement phase: Elapsed time ==> 4s.504ms
</CYPRESSTAG>
<CYPRESSTAG name="Analog Routing">
Analog Routing phase: Elapsed time ==> 0s.015ms
</CYPRESSTAG>
<CYPRESSTAG name="Analog Code Generation">
============ Analog Final Answer Routes ============
Dump of CyAnalogRoutingResultsDB
Map of net to items {
  Net: Net_11 {
    dsm_0_vplus
  }
  Net: Net_27 {
    p4_4
  }
  Net: Net_28 {
    p0_4
  }
  Net: Net_63 {
    p4_0
  }
  Net: Net_29 {
    p0_0
  }
  Net: \ADC_DelSig_1:Net_20\ {
    dsm_0_vminus
  }
  Net: \ADC_DelSig_1:Net_244\ {
    common_vssa
  }
  Net: \ADC_DelSig_1:Net_35\ {
  }
  Net: \ADC_DelSig_1:Net_249\ {
  }
  Net: \ADC_DelSig_1:Net_257\ {
  }
  Net: \ADC_DelSig_1:Net_109\ {
  }
  Net: \ADC_DelSig_1:Net_34\ {
  }
  Net: AmuxNet::AMux {
    dsm_0_vplus
    agl4_x_dsm_0_vplus
    agl4
    agl4_x_p0_0
    agl4_x_p4_0
    agl4_x_p0_4
    agl4_x_p4_4
    p0_0
    p4_0
    p0_4
    p4_4
  }
  Net: AmuxNet::\ADC_DelSig_1:AMux\ {
    dsm_0_vminus
    dsm_0_vminus_x_dsm_0_vminus_vssa
    dsm_0_vminus_vssa
    common_vssa
  }
}
Map of item to net {
  dsm_0_vplus                                      -> Net_11
  p4_4                                             -> Net_27
  p0_4                                             -> Net_28
  p4_0                                             -> Net_63
  p0_0                                             -> Net_29
  dsm_0_vminus                                     -> \ADC_DelSig_1:Net_20\
  common_vssa                                      -> \ADC_DelSig_1:Net_244\
  agl4_x_dsm_0_vplus                               -> AmuxNet::AMux
  agl4                                             -> AmuxNet::AMux
  agl4_x_p0_0                                      -> AmuxNet::AMux
  agl4_x_p4_0                                      -> AmuxNet::AMux
  agl4_x_p0_4                                      -> AmuxNet::AMux
  agl4_x_p4_4                                      -> AmuxNet::AMux
  dsm_0_vminus_x_dsm_0_vminus_vssa                 -> AmuxNet::\ADC_DelSig_1:AMux\
  dsm_0_vminus_vssa                                -> AmuxNet::\ADC_DelSig_1:AMux\
}
Mux Info {
  Mux: AMux {
     Mouth: Net_11
     Guts:  AmuxNet::AMux
     IsSingleSwitching: False
     IsStaticSwitching: True
     IsAtMostOneSwitch: False
    Arm: 0 {
      Net:   Net_27
      Outer: agl4_x_p4_4
      Inner: __open__
      Path {
        p4_4
        agl4_x_p4_4
        agl4
        agl4_x_dsm_0_vplus
        dsm_0_vplus
      }
    }
    Arm: 1 {
      Net:   Net_28
      Outer: agl4_x_p0_4
      Inner: __open__
      Path {
        p0_4
        agl4_x_p0_4
        agl4
        agl4_x_dsm_0_vplus
        dsm_0_vplus
      }
    }
    Arm: 2 {
      Net:   Net_63
      Outer: agl4_x_p4_0
      Inner: __open__
      Path {
        p4_0
        agl4_x_p4_0
        agl4
        agl4_x_dsm_0_vplus
        dsm_0_vplus
      }
    }
    Arm: 3 {
      Net:   Net_29
      Outer: agl4_x_p0_0
      Inner: __open__
      Path {
        p0_0
        agl4_x_p0_0
        agl4
        agl4_x_dsm_0_vplus
        dsm_0_vplus
      }
    }
  }
  Mux: \ADC_DelSig_1:AMux\ {
     Mouth: \ADC_DelSig_1:Net_20\
     Guts:  AmuxNet::\ADC_DelSig_1:AMux\
     IsSingleSwitching: False
     IsStaticSwitching: True
     IsAtMostOneSwitch: False
    Arm: 0 {
      Net:   \ADC_DelSig_1:Net_244\
      Outer: dsm_0_vminus_x_dsm_0_vminus_vssa
      Inner: __open__
      Path {
        common_vssa
        dsm_0_vminus_vssa
        dsm_0_vminus_x_dsm_0_vminus_vssa
        dsm_0_vminus
      }
    }
    Arm: 1 {
      Net:   \ADC_DelSig_1:Net_35\
      Outer: __open__
      Inner: __open__
      Path {
      }
    }
  }
}
Dump of CyP35AnalogRoutingResultsDB
IsVddaHalfUsedForComp = False
IsVddaHalfUsedForSar0 = False
IsVddaHalfUsedForSar1 = False
Analog Code Generation phase: Elapsed time ==> 0s.423ms
</CYPRESSTAG>
<CYPRESSTAG name="Digital Placement">
<CYPRESSTAG name="Detailed placement messages">
I2659: No Constrained paths were found. The placer will run in non-timing driven mode.
I2076: Total run-time: 0.5 sec.

</CYPRESSTAG>
<CYPRESSTAG name="PLD Packing">
<CYPRESSTAG name="PLD Packing Summary" expanded>

------------------------------------------------------------
PLD Packing Summary
------------------------------------------------------------
            Resource Type : Used : Free :  Max :  % Used
    ====================================================
                     PLDs :    1 :   47 :   48 :   2.08%

<CYPRESSTAG name="PLD Statistics">

        PLD Resource Type :     Average/LAB
    =======================================
                   Inputs :            0.00
                   Pterms :            0.00
               Macrocells :            1.00
</CYPRESSTAG>
<CYPRESSTAG name="Packed PLD Contents">
Packed PLD Contents not displayed at this verbose level.</CYPRESSTAG>
</CYPRESSTAG>
PLD Packing: Elapsed time ==> 0s.000ms
</CYPRESSTAG>
<CYPRESSTAG name="Partitioning">
<CYPRESSTAG name="Initial Partitioning Summary">
Initial Partitioning Summary not displayed at this verbose level.</CYPRESSTAG>
<CYPRESSTAG name="Final Partitioning Summary">
Final Partitioning Summary not displayed at this verbose level.</CYPRESSTAG>
Partitioning: Elapsed time ==> 0s.000ms
</CYPRESSTAG>
<CYPRESSTAG name="Simulated Annealing">
Annealing: Elapsed time ==> 0s.015ms
<CYPRESSTAG name="Simulated Annealing Results">
The seed used for moves was 114161200.
Inital cost was 66, final cost is 66 (0.00% improvement).</CYPRESSTAG>
</CYPRESSTAG>
<CYPRESSTAG name="Final Placement Summary">

------------------------------------------------------------
Final Placement Summary
------------------------------------------------------------

       Resource Type :      Count : Avg Inputs : Avg Outputs
    ========================================================
                 UDB :          1 :       0.00 :       1.00
<CYPRESSTAG name="Final Placement Details">
<CYPRESSTAG name="Component Details">

------------------------------------------------------------
Component Placement Details
------------------------------------------------------------
UDB [UDB=(0,0)] is empty.
UDB [UDB=(0,1)] is empty.
UDB [UDB=(0,2)] is empty.
UDB [UDB=(0,3)] is empty.
UDB [UDB=(0,4)] is empty.
UDB [UDB=(0,5)] is empty.
UDB [UDB=(1,0)] is empty.
UDB [UDB=(1,1)] is empty.
UDB [UDB=(1,2)] is empty.
UDB [UDB=(1,3)] is empty.
UDB [UDB=(1,4)] is empty.
UDB [UDB=(1,5)] is empty.
UDB [UDB=(2,0)] is empty.
UDB [UDB=(2,1)] is empty.
UDB [UDB=(2,2)] is empty.
UDB [UDB=(2,3)] is empty.
UDB [UDB=(2,4)] is empty.
UDB [UDB=(2,5)] is empty.
UDB [UDB=(3,0)] contents:
LAB@[UDB=(3,0)][LB=0] #macrocells=1, #inputs=0, #pterms=0
{
    [McSlotId=0]:     MacroCell: Name=__ONE__, Mode=(Combinatorial) @ [UDB=(3,0)][LB=0][MC=0]
        Total # of inputs        : 0
        Total # of product terms : 0
            Clock Enable: True
        Main Equation            : 0 pterms
        !(
            0
        );
        Output = __ONE__ (fanout=1)
        Properties               : 
        {
        }

    [McSlotId=1]: (empty)
    [McSlotId=2]: (empty)
    [McSlotId=3]: (empty)
}

controlcell: Name =\Power_Reg:Sync:ctrl_reg\
    PORT MAP (
        control_7 => \Power_Reg:control_7\ ,
        control_6 => \Power_Reg:control_6\ ,
        control_5 => \Power_Reg:control_5\ ,
        control_4 => \Power_Reg:control_4\ ,
        control_3 => Net_54 ,
        control_2 => Net_53 ,
        control_1 => Net_52 ,
        control_0 => Net_55 );
    Properties:
    {
        cy_ctrl_mode_0 = "00000000"
        cy_ctrl_mode_1 = "00000000"
        cy_ext_reset = 0
        cy_force_order = 1
        cy_init_value = "00001111"
    }
    Clock Enable: True

UDB [UDB=(3,1)] is empty.
UDB [UDB=(3,2)] is empty.
UDB [UDB=(3,3)] is empty.
UDB [UDB=(3,4)] is empty.
UDB [UDB=(3,5)] is empty.
Intr container @ [IntrContainer=(0)]: 
  Intr@ [IntrContainer=(0)][IntrId=(29)] 
    interrupt: Name =\ADC_DelSig_1:IRQ\
        PORT MAP (
            interrupt => Net_14 );
        Properties:
        {
            int_type = "10"
        }
Drq container @ [DrqContainer=(0)]: empty
Port 0 contains the following IO cells:
[IoId=0]: 
Pin : Name = VWC_4(0)
    Attributes:
        In Group/Port: True
        In Sync Option: AUTO
        Out Sync Option: AUTO
        Interrupt generated: False
        Interrupt mode: NONE
        Drive mode: HI_Z_ANALOG
        VTrip: EITHER
        Slew: FAST
        Input Sync needed: False
        Output Sync needed: False
        SC shield enabled: False
        POR State: ANY
        LCD Mode: COMMON
        Register Mode: RegComb
        CaSense Mode: NEITHER
        Treat as pin: True
        Is OE Registered: False
        Uses Analog: True
        Can contain Digital: False
        Is SIO: False
        SIO Output Buf: NONREGULATED
        SIO Input Buf: SINGLE_ENDED
        SIO HiFreq: LOW
        SIO Hyst: DISABLED
        SIO Vtrip: MULTIPLIER_0_5
        SIO Multiplier Index: 0
        SIO RefSel: VCC_IO
        Required Capabilitites: ANALOG
        Initial Value: 0
        IO Voltage: 0
    PORT MAP (
        pa_out => VWC_4(0)__PA ,
        analog_term => Net_29 ,
        pad => VWC_4(0)_PAD );
    Properties:
    {
    }

[IoId=1]: 
Pin : Name = Power_VWC_1(0)
    Attributes:
        In Group/Port: True
        In Sync Option: AUTO
        Out Sync Option: NOSYNC
        Interrupt generated: False
        Interrupt mode: NONE
        Drive mode: CMOS_OUT
        VTrip: EITHER
        Slew: FAST
        Input Sync needed: False
        Output Sync needed: False
        SC shield enabled: False
        POR State: ANY
        LCD Mode: COMMON
        Register Mode: RegComb
        CaSense Mode: NEITHER
        Treat as pin: True
        Is OE Registered: False
        Uses Analog: False
        Can contain Digital: True
        Is SIO: False
        SIO Output Buf: NONREGULATED
        SIO Input Buf: SINGLE_ENDED
        SIO HiFreq: LOW
        SIO Hyst: DISABLED
        SIO Vtrip: MULTIPLIER_0_5
        SIO Multiplier Index: 0
        SIO RefSel: VCC_IO
        Required Capabilitites: DIGITAL, ROUTABLE
        Initial Value: 0
        IO Voltage: 0
    PORT MAP (
        pa_out => Power_VWC_1(0)__PA ,
        input => Net_55 ,
        pad => Power_VWC_1(0)_PAD );
    Properties:
    {
    }

[IoId=2]: 
Pin : Name = Power_VWC_2(0)
    Attributes:
        In Group/Port: True
        In Sync Option: AUTO
        Out Sync Option: NOSYNC
        Interrupt generated: False
        Interrupt mode: NONE
        Drive mode: CMOS_OUT
        VTrip: EITHER
        Slew: FAST
        Input Sync needed: False
        Output Sync needed: False
        SC shield enabled: False
        POR State: ANY
        LCD Mode: COMMON
        Register Mode: RegComb
        CaSense Mode: NEITHER
        Treat as pin: True
        Is OE Registered: False
        Uses Analog: False
        Can contain Digital: True
        Is SIO: False
        SIO Output Buf: NONREGULATED
        SIO Input Buf: SINGLE_ENDED
        SIO HiFreq: LOW
        SIO Hyst: DISABLED
        SIO Vtrip: MULTIPLIER_0_5
        SIO Multiplier Index: 0
        SIO RefSel: VCC_IO
        Required Capabilitites: DIGITAL, ROUTABLE
        Initial Value: 0
        IO Voltage: 0
    PORT MAP (
        pa_out => Power_VWC_2(0)__PA ,
        input => Net_52 ,
        pad => Power_VWC_2(0)_PAD );
    Properties:
    {
    }

[IoId=3]: 
Pin : Name = Power_VWC_3(0)
    Attributes:
        In Group/Port: True
        In Sync Option: AUTO
        Out Sync Option: NOSYNC
        Interrupt generated: False
        Interrupt mode: NONE
        Drive mode: CMOS_OUT
        VTrip: EITHER
        Slew: FAST
        Input Sync needed: False
        Output Sync needed: False
        SC shield enabled: False
        POR State: ANY
        LCD Mode: COMMON
        Register Mode: RegComb
        CaSense Mode: NEITHER
        Treat as pin: True
        Is OE Registered: False
        Uses Analog: False
        Can contain Digital: True
        Is SIO: False
        SIO Output Buf: NONREGULATED
        SIO Input Buf: SINGLE_ENDED
        SIO HiFreq: LOW
        SIO Hyst: DISABLED
        SIO Vtrip: MULTIPLIER_0_5
        SIO Multiplier Index: 0
        SIO RefSel: VCC_IO
        Required Capabilitites: DIGITAL, ROUTABLE
        Initial Value: 0
        IO Voltage: 0
    PORT MAP (
        pa_out => Power_VWC_3(0)__PA ,
        input => Net_53 ,
        pad => Power_VWC_3(0)_PAD );
    Properties:
    {
    }

[IoId=4]: 
Pin : Name = VWC_2(0)
    Attributes:
        In Group/Port: True
        In Sync Option: AUTO
        Out Sync Option: AUTO
        Interrupt generated: False
        Interrupt mode: NONE
        Drive mode: HI_Z_ANALOG
        VTrip: EITHER
        Slew: FAST
        Input Sync needed: False
        Output Sync needed: False
        SC shield enabled: False
        POR State: ANY
        LCD Mode: COMMON
        Register Mode: RegComb
        CaSense Mode: NEITHER
        Treat as pin: True
        Is OE Registered: False
        Uses Analog: True
        Can contain Digital: False
        Is SIO: False
        SIO Output Buf: NONREGULATED
        SIO Input Buf: SINGLE_ENDED
        SIO HiFreq: LOW
        SIO Hyst: DISABLED
        SIO Vtrip: MULTIPLIER_0_5
        SIO Multiplier Index: 0
        SIO RefSel: VCC_IO
        Required Capabilitites: ANALOG
        Initial Value: 0
        IO Voltage: 0
    PORT MAP (
        pa_out => VWC_2(0)__PA ,
        analog_term => Net_28 ,
        pad => VWC_2(0)_PAD );
    Properties:
    {
    }

[IoId=5]: 
Pin : Name = Power_VWC_4(0)
    Attributes:
        In Group/Port: True
        In Sync Option: AUTO
        Out Sync Option: NOSYNC
        Interrupt generated: False
        Interrupt mode: NONE
        Drive mode: CMOS_OUT
        VTrip: EITHER
        Slew: FAST
        Input Sync needed: False
        Output Sync needed: False
        SC shield enabled: False
        POR State: ANY
        LCD Mode: COMMON
        Register Mode: RegComb
        CaSense Mode: NEITHER
        Treat as pin: True
        Is OE Registered: False
        Uses Analog: False
        Can contain Digital: True
        Is SIO: False
        SIO Output Buf: NONREGULATED
        SIO Input Buf: SINGLE_ENDED
        SIO HiFreq: LOW
        SIO Hyst: DISABLED
        SIO Vtrip: MULTIPLIER_0_5
        SIO Multiplier Index: 0
        SIO RefSel: VCC_IO
        Required Capabilitites: DIGITAL, ROUTABLE
        Initial Value: 0
        IO Voltage: 0
    PORT MAP (
        pa_out => Power_VWC_4(0)__PA ,
        input => Net_54 ,
        pad => Power_VWC_4(0)_PAD );
    Properties:
    {
    }

Port 1 is empty
Port 2 is empty
Port 3 is empty
Port 4 contains the following IO cells:
[IoId=0]: 
Pin : Name = VWC_3(0)
    Attributes:
        In Group/Port: True
        In Sync Option: AUTO
        Out Sync Option: AUTO
        Interrupt generated: False
        Interrupt mode: NONE
        Drive mode: HI_Z_ANALOG
        VTrip: EITHER
        Slew: FAST
        Input Sync needed: False
        Output Sync needed: False
        SC shield enabled: False
        POR State: ANY
        LCD Mode: COMMON
        Register Mode: RegComb
        CaSense Mode: NEITHER
        Treat as pin: True
        Is OE Registered: False
        Uses Analog: True
        Can contain Digital: False
        Is SIO: False
        SIO Output Buf: NONREGULATED
        SIO Input Buf: SINGLE_ENDED
        SIO HiFreq: LOW
        SIO Hyst: DISABLED
        SIO Vtrip: MULTIPLIER_0_5
        SIO Multiplier Index: 0
        SIO RefSel: VCC_IO
        Required Capabilitites: ANALOG
        Initial Value: 0
        IO Voltage: 0
    PORT MAP (
        pa_out => VWC_3(0)__PA ,
        analog_term => Net_63 ,
        pad => VWC_3(0)_PAD );
    Properties:
    {
    }

[IoId=4]: 
Pin : Name = VWC_1(0)
    Attributes:
        In Group/Port: True
        In Sync Option: AUTO
        Out Sync Option: AUTO
        Interrupt generated: False
        Interrupt mode: NONE
        Drive mode: HI_Z_ANALOG
        VTrip: EITHER
        Slew: FAST
        Input Sync needed: False
        Output Sync needed: False
        SC shield enabled: False
        POR State: ANY
        LCD Mode: COMMON
        Register Mode: RegComb
        CaSense Mode: NEITHER
        Treat as pin: True
        Is OE Registered: False
        Uses Analog: True
        Can contain Digital: False
        Is SIO: False
        SIO Output Buf: NONREGULATED
        SIO Input Buf: SINGLE_ENDED
        SIO HiFreq: LOW
        SIO Hyst: DISABLED
        SIO Vtrip: MULTIPLIER_0_5
        SIO Multiplier Index: 0
        SIO RefSel: VCC_IO
        Required Capabilitites: ANALOG
        Initial Value: 0
        IO Voltage: 0
    PORT MAP (
        pa_out => VWC_1(0)__PA ,
        analog_term => Net_27 ,
        pad => VWC_1(0)_PAD );
    Properties:
    {
    }

Port 5 is empty
Port 6 is empty
Port 12 is empty
Port 15 is empty
CAN 2.0b group 0: empty
Cache group 0: empty
CapSense group 0: empty
Clock group 0: 
    Clock Block @ F(Clock,0): 
    clockblockcell: Name =ClockBlock
        PORT MAP (
            imo => ClockBlock_IMO ,
            pllout => ClockBlock_PLL_OUT ,
            ilo => ClockBlock_ILO ,
            clk_100k => ClockBlock_100k ,
            clk_1k => ClockBlock_1k ,
            clk_32k => ClockBlock_32k ,
            xtal => ClockBlock_XTAL ,
            clk_32k_xtal => ClockBlock_XTAL_32KHZ ,
            clk_sync => ClockBlock_MASTER_CLK ,
            clk_bus_glb => ClockBlock_BUS_CLK ,
            clk_bus => ClockBlock_BUS_CLK_local ,
            dclk_glb_0 => \ADC_DelSig_1:Net_93\ ,
            dclk_0 => \ADC_DelSig_1:Net_93_local\ ,
            aclk_glb_0 => \ADC_DelSig_1:Net_488\ ,
            aclk_0 => \ADC_DelSig_1:Net_488_local\ ,
            clk_a_dig_glb_0 => \ADC_DelSig_1:Net_488_adig\ ,
            clk_a_dig_0 => \ADC_DelSig_1:Net_488_adig_local\ );
        Properties:
        {
        }
Comparator group 0: empty
Digital Filter Block group 0: empty
Delta-Sigma ADC group 0: 
    DS Modulator @ F(DSM,0): 
    dsmodcell: Name =\ADC_DelSig_1:DSM\
        PORT MAP (
            aclock => \ADC_DelSig_1:Net_488\ ,
            vplus => Net_11 ,
            vminus => \ADC_DelSig_1:Net_20\ ,
            reset_dec => \ADC_DelSig_1:mod_reset\ ,
            extclk_cp_udb => \ADC_DelSig_1:Net_93_local\ ,
            ext_pin_1 => \ADC_DelSig_1:Net_249\ ,
            ext_pin_2 => \ADC_DelSig_1:Net_257\ ,
            ext_vssa => \ADC_DelSig_1:Net_109\ ,
            qtz_ref => \ADC_DelSig_1:Net_34\ ,
            dec_clock => \ADC_DelSig_1:aclock\ ,
            mod_dat_3 => \ADC_DelSig_1:mod_dat_3\ ,
            mod_dat_2 => \ADC_DelSig_1:mod_dat_2\ ,
            mod_dat_1 => \ADC_DelSig_1:mod_dat_1\ ,
            mod_dat_0 => \ADC_DelSig_1:mod_dat_0\ ,
            dout_udb_7 => \ADC_DelSig_1:Net_245_7\ ,
            dout_udb_6 => \ADC_DelSig_1:Net_245_6\ ,
            dout_udb_5 => \ADC_DelSig_1:Net_245_5\ ,
            dout_udb_4 => \ADC_DelSig_1:Net_245_4\ ,
            dout_udb_3 => \ADC_DelSig_1:Net_245_3\ ,
            dout_udb_2 => \ADC_DelSig_1:Net_245_2\ ,
            dout_udb_1 => \ADC_DelSig_1:Net_245_1\ ,
            dout_udb_0 => \ADC_DelSig_1:Net_245_0\ );
        Properties:
        {
            cy_registers = ""
            resolution = 16
        }
Decimator group 0: 
    Decimator Block @ F(Decimator,0): 
    decimatorcell: Name =\ADC_DelSig_1:DEC\
        PORT MAP (
            aclock => \ADC_DelSig_1:aclock\ ,
            mod_dat_3 => \ADC_DelSig_1:mod_dat_3\ ,
            mod_dat_2 => \ADC_DelSig_1:mod_dat_2\ ,
            mod_dat_1 => \ADC_DelSig_1:mod_dat_1\ ,
            mod_dat_0 => \ADC_DelSig_1:mod_dat_0\ ,
            ext_start => __ONE__ ,
            modrst => \ADC_DelSig_1:mod_reset\ ,
            interrupt => Net_14 );
        Properties:
        {
            cy_registers = ""
        }
EMIF group 0: empty
I2C group 0: empty
Segment LCD group 0: empty
LVD group 0: empty
PM group 0: empty
Analog (SC/CT) Blocks group 0: empty
SPC group 0: empty
Timer group 0: empty
USB group 0: empty
VIDAC group 0: empty
Opamp group 0: empty
CapSense Buffers group 0: empty
Vref group 0: 
    Vref Block @ F(Vref,6): 
    vrefcell: Name =\ADC_DelSig_1:vRef_2\
        PORT MAP (
            vout => \ADC_DelSig_1:Net_244\ );
        Properties:
        {
            autoenable = 1
            guid = "15B3DB15-B7B3-4d62-A2DF-25EA392A7161"
            ignoresleep = 0
            name = "Vssa (GND)"
        }
LPF group 0: empty
SAR ADC group 0: empty

Blocks not positioned by the digital component placer:
    Amux Block @ <No Location>: 
    amuxcell: Name =AMux
        PORT MAP (
            muxin_3 => Net_29 ,
            muxin_2 => Net_63 ,
            muxin_1 => Net_28 ,
            muxin_0 => Net_27 ,
            vout => Net_11 );
        Properties:
        {
            api_type = 0
            connect_mode = 1
            cy_registers = ""
            hw_control = 0
            init_mux_sel = "0000"
            muxin_width = 4
            one_active = 0
        }
    Amux Block @ <No Location>: 
    amuxcell: Name =\ADC_DelSig_1:AMux\
        PORT MAP (
            muxin_1 => \ADC_DelSig_1:Net_35\ ,
            muxin_0 => \ADC_DelSig_1:Net_244\ ,
            vout => \ADC_DelSig_1:Net_20\ );
        Properties:
        {
            api_type = 0
            connect_mode = 1
            cy_registers = ""
            hw_control = 0
            init_mux_sel = "00"
            muxin_width = 2
            one_active = 0
        }
</CYPRESSTAG>
<CYPRESSTAG name="Port Configuration Details">

------------------------------------------------------------
Port Configuration report
------------------------------------------------------------
     |     |       | Interrupt |                  |                | 
Port | Pin | Fixed |      Type |       Drive Mode |           Name | Connections
-----+-----+-------+-----------+------------------+----------------+---------------
   0 |   0 |       |      NONE |      HI_Z_ANALOG |       VWC_4(0) | Analog(Net_29)
     |   1 |       |      NONE |         CMOS_OUT | Power_VWC_1(0) | In(Net_55)
     |   2 |       |      NONE |         CMOS_OUT | Power_VWC_2(0) | In(Net_52)
     |   3 |       |      NONE |         CMOS_OUT | Power_VWC_3(0) | In(Net_53)
     |   4 |       |      NONE |      HI_Z_ANALOG |       VWC_2(0) | Analog(Net_28)
     |   5 |       |      NONE |         CMOS_OUT | Power_VWC_4(0) | In(Net_54)
-----+-----+-------+-----------+------------------+----------------+---------------
   4 |   0 |       |      NONE |      HI_Z_ANALOG |       VWC_3(0) | Analog(Net_63)
     |   4 |       |      NONE |      HI_Z_ANALOG |       VWC_1(0) | Analog(Net_27)
-----------------------------------------------------------------------------------
</CYPRESSTAG>
</CYPRESSTAG>
</CYPRESSTAG>
Digital component placer commit/Report: Elapsed time ==> 0s.000ms
Digital Placement phase: Elapsed time ==> 0s.859ms
</CYPRESSTAG>
<CYPRESSTAG name="Digital Routing">
Routing successful.
Digital Routing phase: Elapsed time ==> 1s.406ms
</CYPRESSTAG>
<CYPRESSTAG name="Bitstream and API generation">
Bitstream and API generation phase: Elapsed time ==> 0s.187ms
</CYPRESSTAG>
<CYPRESSTAG name="Bitstream verification">
Bitstream verification phase: Elapsed time ==> 0s.046ms
</CYPRESSTAG>
<CYPRESSTAG name="Static timing analysis">
Timing report is in DecagonAnalog_timing.html.
Static timing analysis phase: Elapsed time ==> 0s.313ms
</CYPRESSTAG>
<CYPRESSTAG name="Data reporting">
Data reporting phase: Elapsed time ==> 0s.000ms
</CYPRESSTAG>
<CYPRESSTAG name="Database update...">
Design database save phase: Elapsed time ==> 0s.171ms
</CYPRESSTAG>
cydsfit: Elapsed time ==> 8s.113ms
</CYPRESSTAG>
Fitter phase: Elapsed time ==> 8s.160ms
API generation phase: Elapsed time ==> 1s.631ms
Dependency generation phase: Elapsed time ==> 0s.031ms
Cleanup phase: Elapsed time ==> 0s.000ms
