ARM GAS  C:\Users\karunmj\AppData\Local\Temp\ccBu58lp.s 			page 1


   1              		.syntax unified
   2              		.cpu cortex-m3
   3              		.fpu softvfp
   4              		.eabi_attribute 20, 1
   5              		.eabi_attribute 21, 1
   6              		.eabi_attribute 23, 3
   7              		.eabi_attribute 24, 1
   8              		.eabi_attribute 25, 1
   9              		.eabi_attribute 26, 1
  10              		.eabi_attribute 30, 6
  11              		.eabi_attribute 18, 4
  12              		.thumb
  13              		.file	"main.c"
  14              		.section	.debug_abbrev,"",%progbits
  15              	.Ldebug_abbrev0:
  16              		.section	.debug_info,"",%progbits
  17              	.Ldebug_info0:
  18              		.section	.debug_line,"",%progbits
  19              	.Ldebug_line0:
  20 0000 DB000000 		.text
  20      02006100 
  20      00000201 
  20      FB0E0D00 
  20      01010101 
  21              	.Ltext0:
  22              		.cfi_sections	.debug_frame
  23              		.comm	modem_state,1,1
  24              		.comm	packet_ready,1,1
  25              		.comm	data_packet,128,4
  26              		.comm	data_packet_size,1,1
  27              		.section	.text.main,"ax",%progbits
  28              		.align	2
  29              		.global	main
  30              		.thumb
  31              		.thumb_func
  32              		.type	main, %function
  33              	main:
  34              	.LFB29:
  35              		.file 1 ".\\main.c"
   1:.\main.c      **** /* ========================================
   2:.\main.c      ****  *
   3:.\main.c      ****  * Copyright YOUR COMPANY, THE YEAR
   4:.\main.c      ****  * All Rights Reserved
   5:.\main.c      ****  * UNPUBLISHED, LICENSED SOFTWARE.
   6:.\main.c      ****  *
   7:.\main.c      ****  * CONFIDENTIAL AND PROPRIETARY INFORMATION
   8:.\main.c      ****  * WHICH IS THE PROPERTY OF your company.
   9:.\main.c      ****  *
  10:.\main.c      ****  * ========================================
  11:.\main.c      **** */
  12:.\main.c      **** 
  13:.\main.c      **** #include <stdio.h>
  14:.\main.c      **** #include <string.h>
  15:.\main.c      **** #include <device.h>
  16:.\main.c      **** #include "slre.h"
  17:.\main.c      **** #include "modem.h"
  18:.\main.c      **** #include "ultrasonic.h"
ARM GAS  C:\Users\karunmj\AppData\Local\Temp\ccBu58lp.s 			page 2


  19:.\main.c      **** 
  20:.\main.c      **** // define global variables
  21:.\main.c      **** #define     MAX_PACKET_SIZE 128
  22:.\main.c      **** uint8       packet_ready;
  23:.\main.c      **** uint8       data_packet[MAX_PACKET_SIZE];
  24:.\main.c      **** uint8       data_packet_size;
  25:.\main.c      **** 
  26:.\main.c      **** // prototype functions
  27:.\main.c      **** void clear_packet();
  28:.\main.c      **** void write_packet(uint8* packet, uint8 size);
  29:.\main.c      **** 
  30:.\main.c      **** // prototype interrupt
  31:.\main.c      **** CY_ISR_PROTO(isr_timer);
  32:.\main.c      **** 
  33:.\main.c      **** void main(){
  36              		.loc 1 33 0
  37              		.cfi_startproc
  38              		@ args = 0, pretend = 0, frame = 0
  39              		@ frame_needed = 1, uses_anonymous_args = 0
  40 0000 80B5     		push	{r7, lr}
  41              	.LCFI0:
  42              		.cfi_def_cfa_offset 8
  43 0002 00AF     		add	r7, sp, #0
  44              		.cfi_offset 14, -4
  45              		.cfi_offset 7, -8
  46              	.LCFI1:
  47              		.cfi_def_cfa_register 7
  34:.\main.c      ****     // intialize modem
  35:.\main.c      ****     modem_start();
  48              		.loc 1 35 0
  49 0004 FFF7FEFF 		bl	modem_start
  36:.\main.c      ****     // intialize ultrasonic sensor
  37:.\main.c      ****     ultrasonic_start();
  50              		.loc 1 37 0
  51 0008 FFF7FEFF 		bl	ultrasonic_start
  38:.\main.c      ****     // intialize timer
  39:.\main.c      ****     timer_Start();
  52              		.loc 1 39 0
  53 000c FFF7FEFF 		bl	timer_Start
  40:.\main.c      ****     isr_timer_StartEx(isr_timer);
  54              		.loc 1 40 0
  55 0010 40F20000 		movw	r0, #:lower16:isr_timer
  56 0014 C0F20000 		movt	r0, #:upper16:isr_timer
  57 0018 FFF7FEFF 		bl	isr_timer_StartEx
  41:.\main.c      ****     clear_packet();
  58              		.loc 1 41 0
  59 001c FFF7FEFF 		bl	clear_packet
  42:.\main.c      ****     packet_ready = 1u;
  60              		.loc 1 42 0
  61 0020 40F20003 		movw	r3, #:lower16:packet_ready
  62 0024 C0F20003 		movt	r3, #:upper16:packet_ready
  63 0028 4FF00102 		mov	r2, #1
  64 002c 1A70     		strb	r2, [r3, #0]
  43:.\main.c      ****     // enable global interrupt
  44:.\main.c      ****     CyGlobalIntEnable;
  65              		.loc 1 44 0
  66              	@ 44 ".\main.c" 1
ARM GAS  C:\Users\karunmj\AppData\Local\Temp\ccBu58lp.s 			page 3


  67 002e 62B6     		CPSIE   i
  68              	@ 0 "" 2
  69              		.thumb
  70 0030 04E0     		b	.L7
  71              	.L9:
  45:.\main.c      ****     
  46:.\main.c      ****     // ====
  47:.\main.c      ****     //ultrasonic_read();
  48:.\main.c      ****     // ====
  49:.\main.c      ****     
  50:.\main.c      ****     for(;;){
  51:.\main.c      ****         if(packet_ready){
  52:.\main.c      ****             modem_state = modem_get_state();
  53:.\main.c      ****             if(modem_state == MODEM_STATE_OFF){
  54:.\main.c      ****                 modem_power_on();
  55:.\main.c      ****             }
  56:.\main.c      ****             else if(modem_state == MODEM_STATE_IDLE){
  57:.\main.c      ****                 if(!modem_join_network()){  // if modem failed to connect
  58:.\main.c      ****                     modem_reset();
  59:.\main.c      ****                     modem_power_off();
  60:.\main.c      ****                 }
  61:.\main.c      ****             }
  62:.\main.c      ****             else if(modem_state == MODEM_STATE_READY){
  63:.\main.c      ****                 if(!modem_send_packet(data_packet, data_packet_size)){  // if packet failed to send
  64:.\main.c      ****                     modem_reset();
  65:.\main.c      ****                     modem_power_off();
  66:.\main.c      ****                 }
  67:.\main.c      ****                 else{  // if packet successfully sent
  68:.\main.c      ****                     modem_power_off();
  69:.\main.c      ****                     clear_packet();
  70:.\main.c      ****                 }
  71:.\main.c      ****             }
  72:.\main.c      ****         }
  73:.\main.c      ****     }
  72              		.loc 1 73 0
  73 0032 00BF     		nop
  74 0034 02E0     		b	.L7
  75              	.L10:
  76 0036 00BF     		nop
  77 0038 00E0     		b	.L7
  78              	.L11:
  79 003a 00BF     		nop
  80              	.L7:
  81              		.loc 1 51 0
  82 003c 40F20003 		movw	r3, #:lower16:packet_ready
  83 0040 C0F20003 		movt	r3, #:upper16:packet_ready
  84 0044 1B78     		ldrb	r3, [r3, #0]	@ zero_extendqisi2
  85 0046 002B     		cmp	r3, #0
  86 0048 F3D0     		beq	.L9
  87              		.loc 1 52 0
  88 004a FFF7FEFF 		bl	modem_get_state
  89 004e 0346     		mov	r3, r0
  90 0050 1A46     		mov	r2, r3
  91 0052 40F20003 		movw	r3, #:lower16:modem_state
  92 0056 C0F20003 		movt	r3, #:upper16:modem_state
  93 005a 1A70     		strb	r2, [r3, #0]
  94              		.loc 1 53 0
ARM GAS  C:\Users\karunmj\AppData\Local\Temp\ccBu58lp.s 			page 4


  95 005c 40F20003 		movw	r3, #:lower16:modem_state
  96 0060 C0F20003 		movt	r3, #:upper16:modem_state
  97 0064 1B78     		ldrb	r3, [r3, #0]	@ zero_extendqisi2
  98 0066 002B     		cmp	r3, #0
  99 0068 02D1     		bne	.L3
 100              		.loc 1 54 0
 101 006a FFF7FEFF 		bl	modem_power_on
 102              		.loc 1 73 0
 103 006e E5E7     		b	.L7
 104              	.L3:
 105              		.loc 1 56 0
 106 0070 40F20003 		movw	r3, #:lower16:modem_state
 107 0074 C0F20003 		movt	r3, #:upper16:modem_state
 108 0078 1B78     		ldrb	r3, [r3, #0]	@ zero_extendqisi2
 109 007a 012B     		cmp	r3, #1
 110 007c 09D1     		bne	.L4
 111              		.loc 1 57 0
 112 007e FFF7FEFF 		bl	modem_join_network
 113 0082 0346     		mov	r3, r0
 114 0084 002B     		cmp	r3, #0
 115 0086 D6D1     		bne	.L10
 116              		.loc 1 58 0
 117 0088 FFF7FEFF 		bl	modem_reset
 118              		.loc 1 59 0
 119 008c FFF7FEFF 		bl	modem_power_off
 120              		.loc 1 73 0
 121 0090 D4E7     		b	.L7
 122              	.L4:
 123              		.loc 1 62 0
 124 0092 40F20003 		movw	r3, #:lower16:modem_state
 125 0096 C0F20003 		movt	r3, #:upper16:modem_state
 126 009a 1B78     		ldrb	r3, [r3, #0]	@ zero_extendqisi2
 127 009c 032B     		cmp	r3, #3
 128 009e CCD1     		bne	.L11
 129              		.loc 1 63 0
 130 00a0 40F20003 		movw	r3, #:lower16:data_packet_size
 131 00a4 C0F20003 		movt	r3, #:upper16:data_packet_size
 132 00a8 1B78     		ldrb	r3, [r3, #0]	@ zero_extendqisi2
 133 00aa 40F20000 		movw	r0, #:lower16:data_packet
 134 00ae C0F20000 		movt	r0, #:upper16:data_packet
 135 00b2 1946     		mov	r1, r3
 136 00b4 FFF7FEFF 		bl	modem_send_packet
 137 00b8 0346     		mov	r3, r0
 138 00ba 002B     		cmp	r3, #0
 139 00bc 04D1     		bne	.L6
 140              		.loc 1 64 0
 141 00be FFF7FEFF 		bl	modem_reset
 142              		.loc 1 65 0
 143 00c2 FFF7FEFF 		bl	modem_power_off
 144              		.loc 1 73 0
 145 00c6 B9E7     		b	.L7
 146              	.L6:
 147              		.loc 1 68 0
 148 00c8 FFF7FEFF 		bl	modem_power_off
 149              		.loc 1 69 0
 150 00cc FFF7FEFF 		bl	clear_packet
 151              		.loc 1 73 0
ARM GAS  C:\Users\karunmj\AppData\Local\Temp\ccBu58lp.s 			page 5


 152 00d0 B4E7     		b	.L7
 153              		.cfi_endproc
 154              	.LFE29:
 155              		.size	main, .-main
 156 00d2 00BF     		.section	.rodata
 157              		.align	2
 158              	.LC0:
 159 0000 50536F43 		.ascii	"PSoC\032\000"
 159      1A00
 160 0006 0000     		.section	.text.isr_timer,"ax",%progbits
 161              		.align	2
 162              		.global	isr_timer
 163              		.thumb
 164              		.thumb_func
 165              		.type	isr_timer, %function
 166              	isr_timer:
 167              	.LFB30:
  74:.\main.c      **** }
  75:.\main.c      **** 
  76:.\main.c      **** CY_ISR(isr_timer){
 168              		.loc 1 76 0
 169              		.cfi_startproc
 170              		@ args = 0, pretend = 0, frame = 0
 171              		@ frame_needed = 1, uses_anonymous_args = 0
 172 0000 80B5     		push	{r7, lr}
 173              	.LCFI2:
 174              		.cfi_def_cfa_offset 8
 175 0002 00AF     		add	r7, sp, #0
 176              		.cfi_offset 14, -4
 177              		.cfi_offset 7, -8
 178              	.LCFI3:
 179              		.cfi_def_cfa_register 7
  77:.\main.c      ****     write_packet("PSoC\032", 5u);
 180              		.loc 1 77 0
 181 0004 40F20000 		movw	r0, #:lower16:.LC0
 182 0008 C0F20000 		movt	r0, #:upper16:.LC0
 183 000c 4FF00501 		mov	r1, #5
 184 0010 FFF7FEFF 		bl	write_packet
  78:.\main.c      ****     timer_ReadStatusRegister();
 185              		.loc 1 78 0
 186 0014 FFF7FEFF 		bl	timer_ReadStatusRegister
  79:.\main.c      **** }
 187              		.loc 1 79 0
 188 0018 80BD     		pop	{r7, pc}
 189              		.cfi_endproc
 190              	.LFE30:
 191              		.size	isr_timer, .-isr_timer
 192 001a 00BF     		.section	.text.clear_packet,"ax",%progbits
 193              		.align	2
 194              		.global	clear_packet
 195              		.thumb
 196              		.thumb_func
 197              		.type	clear_packet, %function
 198              	clear_packet:
 199              	.LFB31:
  80:.\main.c      **** 
  81:.\main.c      **** void clear_packet(){
ARM GAS  C:\Users\karunmj\AppData\Local\Temp\ccBu58lp.s 			page 6


 200              		.loc 1 81 0
 201              		.cfi_startproc
 202              		@ args = 0, pretend = 0, frame = 8
 203              		@ frame_needed = 1, uses_anonymous_args = 0
 204              		@ link register save eliminated.
 205 0000 80B4     		push	{r7}
 206              	.LCFI4:
 207              		.cfi_def_cfa_offset 4
 208 0002 83B0     		sub	sp, sp, #12
 209              	.LCFI5:
 210              		.cfi_def_cfa_offset 16
 211 0004 00AF     		add	r7, sp, #0
 212              		.cfi_offset 7, -4
 213              	.LCFI6:
 214              		.cfi_def_cfa_register 7
  82:.\main.c      ****     uint8 i;
  83:.\main.c      ****     for(i = 0u; i < MAX_PACKET_SIZE; i++){
 215              		.loc 1 83 0
 216 0006 4FF00003 		mov	r3, #0
 217 000a FB71     		strb	r3, [r7, #7]
 218 000c 0BE0     		b	.L15
 219              	.L16:
  84:.\main.c      ****         data_packet[i] = 0;
 220              		.loc 1 84 0
 221 000e FA79     		ldrb	r2, [r7, #7]	@ zero_extendqisi2
 222 0010 40F20003 		movw	r3, #:lower16:data_packet
 223 0014 C0F20003 		movt	r3, #:upper16:data_packet
 224 0018 4FF00001 		mov	r1, #0
 225 001c 9954     		strb	r1, [r3, r2]
 226              		.loc 1 83 0
 227 001e FB79     		ldrb	r3, [r7, #7]
 228 0020 03F10103 		add	r3, r3, #1
 229 0024 FB71     		strb	r3, [r7, #7]
 230              	.L15:
 231 0026 FB79     		ldrb	r3, [r7, #7]	@ zero_extendqisi2
 232 0028 5BB2     		sxtb	r3, r3
 233 002a 002B     		cmp	r3, #0
 234 002c EFDA     		bge	.L16
  85:.\main.c      ****     }
  86:.\main.c      ****     packet_ready = 0u;
 235              		.loc 1 86 0
 236 002e 40F20003 		movw	r3, #:lower16:packet_ready
 237 0032 C0F20003 		movt	r3, #:upper16:packet_ready
 238 0036 4FF00002 		mov	r2, #0
 239 003a 1A70     		strb	r2, [r3, #0]
  87:.\main.c      ****     data_packet_size = 0u;
 240              		.loc 1 87 0
 241 003c 40F20003 		movw	r3, #:lower16:data_packet_size
 242 0040 C0F20003 		movt	r3, #:upper16:data_packet_size
 243 0044 4FF00002 		mov	r2, #0
 244 0048 1A70     		strb	r2, [r3, #0]
  88:.\main.c      **** }
 245              		.loc 1 88 0
 246 004a 07F10C07 		add	r7, r7, #12
 247 004e BD46     		mov	sp, r7
 248 0050 80BC     		pop	{r7}
 249 0052 7047     		bx	lr
ARM GAS  C:\Users\karunmj\AppData\Local\Temp\ccBu58lp.s 			page 7


 250              		.cfi_endproc
 251              	.LFE31:
 252              		.size	clear_packet, .-clear_packet
 253              		.section	.text.write_packet,"ax",%progbits
 254              		.align	2
 255              		.global	write_packet
 256              		.thumb
 257              		.thumb_func
 258              		.type	write_packet, %function
 259              	write_packet:
 260              	.LFB32:
  89:.\main.c      **** 
  90:.\main.c      **** void write_packet(uint8* packet, uint8 size){
 261              		.loc 1 90 0
 262              		.cfi_startproc
 263              		@ args = 0, pretend = 0, frame = 16
 264              		@ frame_needed = 1, uses_anonymous_args = 0
 265              		@ link register save eliminated.
 266 0000 80B4     		push	{r7}
 267              	.LCFI7:
 268              		.cfi_def_cfa_offset 4
 269 0002 85B0     		sub	sp, sp, #20
 270              	.LCFI8:
 271              		.cfi_def_cfa_offset 24
 272 0004 00AF     		add	r7, sp, #0
 273              		.cfi_offset 7, -4
 274              	.LCFI9:
 275              		.cfi_def_cfa_register 7
 276 0006 7860     		str	r0, [r7, #4]
 277 0008 0B46     		mov	r3, r1
 278 000a FB70     		strb	r3, [r7, #3]
  91:.\main.c      ****     uint8 i;
  92:.\main.c      ****     for(i = 0u; i < size; i++){
 279              		.loc 1 92 0
 280 000c 4FF00003 		mov	r3, #0
 281 0010 FB73     		strb	r3, [r7, #15]
 282 0012 0DE0     		b	.L19
 283              	.L20:
  93:.\main.c      ****         data_packet[i] = packet[i];
 284              		.loc 1 93 0
 285 0014 FA7B     		ldrb	r2, [r7, #15]	@ zero_extendqisi2
 286 0016 F97B     		ldrb	r1, [r7, #15]	@ zero_extendqisi2
 287 0018 7B68     		ldr	r3, [r7, #4]
 288 001a 0B44     		add	r3, r1, r3
 289 001c 1978     		ldrb	r1, [r3, #0]	@ zero_extendqisi2
 290 001e 40F20003 		movw	r3, #:lower16:data_packet
 291 0022 C0F20003 		movt	r3, #:upper16:data_packet
 292 0026 9954     		strb	r1, [r3, r2]
 293              		.loc 1 92 0
 294 0028 FB7B     		ldrb	r3, [r7, #15]
 295 002a 03F10103 		add	r3, r3, #1
 296 002e FB73     		strb	r3, [r7, #15]
 297              	.L19:
 298 0030 FA7B     		ldrb	r2, [r7, #15]	@ zero_extendqisi2
 299 0032 FB78     		ldrb	r3, [r7, #3]	@ zero_extendqisi2
 300 0034 9A42     		cmp	r2, r3
 301 0036 EDD3     		bcc	.L20
ARM GAS  C:\Users\karunmj\AppData\Local\Temp\ccBu58lp.s 			page 8


  94:.\main.c      ****     }
  95:.\main.c      ****     packet_ready = 1u; 
 302              		.loc 1 95 0
 303 0038 40F20003 		movw	r3, #:lower16:packet_ready
 304 003c C0F20003 		movt	r3, #:upper16:packet_ready
 305 0040 4FF00102 		mov	r2, #1
 306 0044 1A70     		strb	r2, [r3, #0]
  96:.\main.c      ****     data_packet_size = size;
 307              		.loc 1 96 0
 308 0046 40F20003 		movw	r3, #:lower16:data_packet_size
 309 004a C0F20003 		movt	r3, #:upper16:data_packet_size
 310 004e FA78     		ldrb	r2, [r7, #3]
 311 0050 1A70     		strb	r2, [r3, #0]
  97:.\main.c      **** }
 312              		.loc 1 97 0
 313 0052 07F11407 		add	r7, r7, #20
 314 0056 BD46     		mov	sp, r7
 315 0058 80BC     		pop	{r7}
 316 005a 7047     		bx	lr
 317              		.cfi_endproc
 318              	.LFE32:
 319              		.size	write_packet, .-write_packet
 320              		.text
 321              	.Letext0:
 322              		.section	.debug_loc,"",%progbits
 323              	.Ldebug_loc0:
 324              	.LLST0:
 325 0000 00000000 		.4byte	.LFB29
 326 0004 02000000 		.4byte	.LCFI0
 327 0008 0100     		.2byte	0x1
 328 000a 5D       		.byte	0x5d
 329 000b 02000000 		.4byte	.LCFI0
 330 000f 04000000 		.4byte	.LCFI1
 331 0013 0200     		.2byte	0x2
 332 0015 7D       		.byte	0x7d
 333 0016 08       		.sleb128 8
 334 0017 04000000 		.4byte	.LCFI1
 335 001b D2000000 		.4byte	.LFE29
 336 001f 0200     		.2byte	0x2
 337 0021 77       		.byte	0x77
 338 0022 08       		.sleb128 8
 339 0023 00000000 		.4byte	0x0
 340 0027 00000000 		.4byte	0x0
 341              	.LLST1:
 342 002b 00000000 		.4byte	.LFB30
 343 002f 02000000 		.4byte	.LCFI2
 344 0033 0100     		.2byte	0x1
 345 0035 5D       		.byte	0x5d
 346 0036 02000000 		.4byte	.LCFI2
 347 003a 04000000 		.4byte	.LCFI3
 348 003e 0200     		.2byte	0x2
 349 0040 7D       		.byte	0x7d
 350 0041 08       		.sleb128 8
 351 0042 04000000 		.4byte	.LCFI3
 352 0046 1A000000 		.4byte	.LFE30
 353 004a 0200     		.2byte	0x2
 354 004c 77       		.byte	0x77
ARM GAS  C:\Users\karunmj\AppData\Local\Temp\ccBu58lp.s 			page 9


 355 004d 08       		.sleb128 8
 356 004e 00000000 		.4byte	0x0
 357 0052 00000000 		.4byte	0x0
 358              	.LLST2:
 359 0056 00000000 		.4byte	.LFB31
 360 005a 02000000 		.4byte	.LCFI4
 361 005e 0100     		.2byte	0x1
 362 0060 5D       		.byte	0x5d
 363 0061 02000000 		.4byte	.LCFI4
 364 0065 04000000 		.4byte	.LCFI5
 365 0069 0200     		.2byte	0x2
 366 006b 7D       		.byte	0x7d
 367 006c 04       		.sleb128 4
 368 006d 04000000 		.4byte	.LCFI5
 369 0071 06000000 		.4byte	.LCFI6
 370 0075 0200     		.2byte	0x2
 371 0077 7D       		.byte	0x7d
 372 0078 10       		.sleb128 16
 373 0079 06000000 		.4byte	.LCFI6
 374 007d 54000000 		.4byte	.LFE31
 375 0081 0200     		.2byte	0x2
 376 0083 77       		.byte	0x77
 377 0084 10       		.sleb128 16
 378 0085 00000000 		.4byte	0x0
 379 0089 00000000 		.4byte	0x0
 380              	.LLST3:
 381 008d 00000000 		.4byte	.LFB32
 382 0091 02000000 		.4byte	.LCFI7
 383 0095 0100     		.2byte	0x1
 384 0097 5D       		.byte	0x5d
 385 0098 02000000 		.4byte	.LCFI7
 386 009c 04000000 		.4byte	.LCFI8
 387 00a0 0200     		.2byte	0x2
 388 00a2 7D       		.byte	0x7d
 389 00a3 04       		.sleb128 4
 390 00a4 04000000 		.4byte	.LCFI8
 391 00a8 06000000 		.4byte	.LCFI9
 392 00ac 0200     		.2byte	0x2
 393 00ae 7D       		.byte	0x7d
 394 00af 18       		.sleb128 24
 395 00b0 06000000 		.4byte	.LCFI9
 396 00b4 5C000000 		.4byte	.LFE32
 397 00b8 0200     		.2byte	0x2
 398 00ba 77       		.byte	0x77
 399 00bb 18       		.sleb128 24
 400 00bc 00000000 		.4byte	0x0
 401 00c0 00000000 		.4byte	0x0
 402              		.file 2 "./Generated_Source/PSoC5/core_cm3.h"
 403              		.file 3 ".\\/modem.h"
 404              		.file 4 "./Generated_Source/PSoC5/cytypes.h"
 405              		.section	.debug_info
 406 0000 90010000 		.4byte	0x190
 407 0004 0200     		.2byte	0x2
 408 0006 00000000 		.4byte	.Ldebug_abbrev0
 409 000a 04       		.byte	0x4
 410 000b 01       		.uleb128 0x1
 411 000c 8F000000 		.4byte	.LASF19
ARM GAS  C:\Users\karunmj\AppData\Local\Temp\ccBu58lp.s 			page 10


 412 0010 01       		.byte	0x1
 413 0011 7B010000 		.4byte	.LASF20
 414 0015 05010000 		.4byte	.LASF21
 415 0019 00000000 		.4byte	0x0
 416 001d 00000000 		.4byte	0x0
 417 0021 00000000 		.4byte	.Ldebug_ranges0+0x0
 418 0025 00000000 		.4byte	.Ldebug_line0
 419 0029 02       		.uleb128 0x2
 420 002a 04       		.byte	0x4
 421 002b 07       		.byte	0x7
 422 002c 21000000 		.4byte	.LASF0
 423 0030 02       		.uleb128 0x2
 424 0031 01       		.byte	0x1
 425 0032 06       		.byte	0x6
 426 0033 EE000000 		.4byte	.LASF1
 427 0037 02       		.uleb128 0x2
 428 0038 01       		.byte	0x1
 429 0039 08       		.byte	0x8
 430 003a 9B000000 		.4byte	.LASF2
 431 003e 02       		.uleb128 0x2
 432 003f 02       		.byte	0x2
 433 0040 05       		.byte	0x5
 434 0041 60010000 		.4byte	.LASF3
 435 0045 02       		.uleb128 0x2
 436 0046 02       		.byte	0x2
 437 0047 07       		.byte	0x7
 438 0048 0E000000 		.4byte	.LASF4
 439 004c 03       		.uleb128 0x3
 440 004d 04       		.byte	0x4
 441 004e 05       		.byte	0x5
 442 004f 696E7400 		.ascii	"int\000"
 443 0053 02       		.uleb128 0x2
 444 0054 08       		.byte	0x8
 445 0055 05       		.byte	0x5
 446 0056 00000000 		.4byte	.LASF5
 447 005a 02       		.uleb128 0x2
 448 005b 08       		.byte	0x8
 449 005c 07       		.byte	0x7
 450 005d 6C000000 		.4byte	.LASF6
 451 0061 02       		.uleb128 0x2
 452 0062 04       		.byte	0x4
 453 0063 05       		.byte	0x5
 454 0064 AE000000 		.4byte	.LASF7
 455 0068 04       		.uleb128 0x4
 456 0069 04       		.byte	0x4
 457 006a 07       		.byte	0x7
 458 006b 02       		.uleb128 0x2
 459 006c 04       		.byte	0x4
 460 006d 07       		.byte	0x7
 461 006e 53000000 		.4byte	.LASF8
 462 0072 02       		.uleb128 0x2
 463 0073 01       		.byte	0x1
 464 0074 08       		.byte	0x8
 465 0075 A9000000 		.4byte	.LASF9
 466 0079 05       		.uleb128 0x5
 467 007a 4D000000 		.4byte	.LASF22
 468 007e 04       		.byte	0x4
ARM GAS  C:\Users\karunmj\AppData\Local\Temp\ccBu58lp.s 			page 11


 469 007f 4C       		.byte	0x4c
 470 0080 37000000 		.4byte	0x37
 471 0084 02       		.uleb128 0x2
 472 0085 04       		.byte	0x4
 473 0086 04       		.byte	0x4
 474 0087 FF000000 		.4byte	.LASF10
 475 008b 02       		.uleb128 0x2
 476 008c 08       		.byte	0x8
 477 008d 04       		.byte	0x4
 478 008e CE000000 		.4byte	.LASF11
 479 0092 06       		.uleb128 0x6
 480 0093 01       		.byte	0x1
 481 0094 3B000000 		.4byte	.LASF23
 482 0098 01       		.byte	0x1
 483 0099 21       		.byte	0x21
 484 009a 00000000 		.4byte	.LFB29
 485 009e D2000000 		.4byte	.LFE29
 486 00a2 00000000 		.4byte	.LLST0
 487 00a6 07       		.uleb128 0x7
 488 00a7 01       		.byte	0x1
 489 00a8 B7000000 		.4byte	.LASF24
 490 00ac 01       		.byte	0x1
 491 00ad 4C       		.byte	0x4c
 492 00ae 01       		.byte	0x1
 493 00af 00000000 		.4byte	.LFB30
 494 00b3 1A000000 		.4byte	.LFE30
 495 00b7 2B000000 		.4byte	.LLST1
 496 00bb 08       		.uleb128 0x8
 497 00bc 01       		.byte	0x1
 498 00bd C1000000 		.4byte	.LASF25
 499 00c1 01       		.byte	0x1
 500 00c2 51       		.byte	0x51
 501 00c3 00000000 		.4byte	.LFB31
 502 00c7 54000000 		.4byte	.LFE31
 503 00cb 56000000 		.4byte	.LLST2
 504 00cf E0000000 		.4byte	0xe0
 505 00d3 09       		.uleb128 0x9
 506 00d4 6900     		.ascii	"i\000"
 507 00d6 01       		.byte	0x1
 508 00d7 52       		.byte	0x52
 509 00d8 79000000 		.4byte	0x79
 510 00dc 02       		.byte	0x2
 511 00dd 91       		.byte	0x91
 512 00de 77       		.sleb128 -9
 513 00df 00       		.byte	0x0
 514 00e0 0A       		.uleb128 0xa
 515 00e1 01       		.byte	0x1
 516 00e2 40000000 		.4byte	.LASF26
 517 00e6 01       		.byte	0x1
 518 00e7 5A       		.byte	0x5a
 519 00e8 01       		.byte	0x1
 520 00e9 00000000 		.4byte	.LFB32
 521 00ed 5C000000 		.4byte	.LFE32
 522 00f1 8D000000 		.4byte	.LLST3
 523 00f5 22010000 		.4byte	0x122
 524 00f9 0B       		.uleb128 0xb
 525 00fa 65000000 		.4byte	.LASF12
ARM GAS  C:\Users\karunmj\AppData\Local\Temp\ccBu58lp.s 			page 12


 526 00fe 01       		.byte	0x1
 527 00ff 5A       		.byte	0x5a
 528 0100 22010000 		.4byte	0x122
 529 0104 02       		.byte	0x2
 530 0105 91       		.byte	0x91
 531 0106 6C       		.sleb128 -20
 532 0107 0B       		.uleb128 0xb
 533 0108 FA000000 		.4byte	.LASF13
 534 010c 01       		.byte	0x1
 535 010d 5A       		.byte	0x5a
 536 010e 79000000 		.4byte	0x79
 537 0112 02       		.byte	0x2
 538 0113 91       		.byte	0x91
 539 0114 6B       		.sleb128 -21
 540 0115 09       		.uleb128 0x9
 541 0116 6900     		.ascii	"i\000"
 542 0118 01       		.byte	0x1
 543 0119 5B       		.byte	0x5b
 544 011a 79000000 		.4byte	0x79
 545 011e 02       		.byte	0x2
 546 011f 91       		.byte	0x91
 547 0120 77       		.sleb128 -9
 548 0121 00       		.byte	0x0
 549 0122 0C       		.uleb128 0xc
 550 0123 04       		.byte	0x4
 551 0124 79000000 		.4byte	0x79
 552 0128 0D       		.uleb128 0xd
 553 0129 E1000000 		.4byte	.LASF14
 554 012d 02       		.byte	0x2
 555 012e CE06     		.2byte	0x6ce
 556 0130 36010000 		.4byte	0x136
 557 0134 01       		.byte	0x1
 558 0135 01       		.byte	0x1
 559 0136 0E       		.uleb128 0xe
 560 0137 4C000000 		.4byte	0x4c
 561 013b 0F       		.uleb128 0xf
 562 013c D5000000 		.4byte	.LASF15
 563 0140 03       		.byte	0x3
 564 0141 12       		.byte	0x12
 565 0142 79000000 		.4byte	0x79
 566 0146 01       		.byte	0x1
 567 0147 05       		.byte	0x5
 568 0148 03       		.byte	0x3
 569 0149 00000000 		.4byte	modem_state
 570 014d 0F       		.uleb128 0xf
 571 014e 2E000000 		.4byte	.LASF16
 572 0152 01       		.byte	0x1
 573 0153 16       		.byte	0x16
 574 0154 79000000 		.4byte	0x79
 575 0158 01       		.byte	0x1
 576 0159 05       		.byte	0x5
 577 015a 03       		.byte	0x3
 578 015b 00000000 		.4byte	packet_ready
 579 015f 10       		.uleb128 0x10
 580 0160 79000000 		.4byte	0x79
 581 0164 6F010000 		.4byte	0x16f
 582 0168 11       		.uleb128 0x11
ARM GAS  C:\Users\karunmj\AppData\Local\Temp\ccBu58lp.s 			page 13


 583 0169 68000000 		.4byte	0x68
 584 016d 7F       		.byte	0x7f
 585 016e 00       		.byte	0x0
 586 016f 0F       		.uleb128 0xf
 587 0170 83000000 		.4byte	.LASF17
 588 0174 01       		.byte	0x1
 589 0175 17       		.byte	0x17
 590 0176 5F010000 		.4byte	0x15f
 591 017a 01       		.byte	0x1
 592 017b 05       		.byte	0x5
 593 017c 03       		.byte	0x3
 594 017d 00000000 		.4byte	data_packet
 595 0181 0F       		.uleb128 0xf
 596 0182 6A010000 		.4byte	.LASF18
 597 0186 01       		.byte	0x1
 598 0187 18       		.byte	0x18
 599 0188 79000000 		.4byte	0x79
 600 018c 01       		.byte	0x1
 601 018d 05       		.byte	0x5
 602 018e 03       		.byte	0x3
 603 018f 00000000 		.4byte	data_packet_size
 604 0193 00       		.byte	0x0
 605              		.section	.debug_abbrev
 606 0000 01       		.uleb128 0x1
 607 0001 11       		.uleb128 0x11
 608 0002 01       		.byte	0x1
 609 0003 25       		.uleb128 0x25
 610 0004 0E       		.uleb128 0xe
 611 0005 13       		.uleb128 0x13
 612 0006 0B       		.uleb128 0xb
 613 0007 03       		.uleb128 0x3
 614 0008 0E       		.uleb128 0xe
 615 0009 1B       		.uleb128 0x1b
 616 000a 0E       		.uleb128 0xe
 617 000b 11       		.uleb128 0x11
 618 000c 01       		.uleb128 0x1
 619 000d 52       		.uleb128 0x52
 620 000e 01       		.uleb128 0x1
 621 000f 55       		.uleb128 0x55
 622 0010 06       		.uleb128 0x6
 623 0011 10       		.uleb128 0x10
 624 0012 06       		.uleb128 0x6
 625 0013 00       		.byte	0x0
 626 0014 00       		.byte	0x0
 627 0015 02       		.uleb128 0x2
 628 0016 24       		.uleb128 0x24
 629 0017 00       		.byte	0x0
 630 0018 0B       		.uleb128 0xb
 631 0019 0B       		.uleb128 0xb
 632 001a 3E       		.uleb128 0x3e
 633 001b 0B       		.uleb128 0xb
 634 001c 03       		.uleb128 0x3
 635 001d 0E       		.uleb128 0xe
 636 001e 00       		.byte	0x0
 637 001f 00       		.byte	0x0
 638 0020 03       		.uleb128 0x3
 639 0021 24       		.uleb128 0x24
ARM GAS  C:\Users\karunmj\AppData\Local\Temp\ccBu58lp.s 			page 14


 640 0022 00       		.byte	0x0
 641 0023 0B       		.uleb128 0xb
 642 0024 0B       		.uleb128 0xb
 643 0025 3E       		.uleb128 0x3e
 644 0026 0B       		.uleb128 0xb
 645 0027 03       		.uleb128 0x3
 646 0028 08       		.uleb128 0x8
 647 0029 00       		.byte	0x0
 648 002a 00       		.byte	0x0
 649 002b 04       		.uleb128 0x4
 650 002c 24       		.uleb128 0x24
 651 002d 00       		.byte	0x0
 652 002e 0B       		.uleb128 0xb
 653 002f 0B       		.uleb128 0xb
 654 0030 3E       		.uleb128 0x3e
 655 0031 0B       		.uleb128 0xb
 656 0032 00       		.byte	0x0
 657 0033 00       		.byte	0x0
 658 0034 05       		.uleb128 0x5
 659 0035 16       		.uleb128 0x16
 660 0036 00       		.byte	0x0
 661 0037 03       		.uleb128 0x3
 662 0038 0E       		.uleb128 0xe
 663 0039 3A       		.uleb128 0x3a
 664 003a 0B       		.uleb128 0xb
 665 003b 3B       		.uleb128 0x3b
 666 003c 0B       		.uleb128 0xb
 667 003d 49       		.uleb128 0x49
 668 003e 13       		.uleb128 0x13
 669 003f 00       		.byte	0x0
 670 0040 00       		.byte	0x0
 671 0041 06       		.uleb128 0x6
 672 0042 2E       		.uleb128 0x2e
 673 0043 00       		.byte	0x0
 674 0044 3F       		.uleb128 0x3f
 675 0045 0C       		.uleb128 0xc
 676 0046 03       		.uleb128 0x3
 677 0047 0E       		.uleb128 0xe
 678 0048 3A       		.uleb128 0x3a
 679 0049 0B       		.uleb128 0xb
 680 004a 3B       		.uleb128 0x3b
 681 004b 0B       		.uleb128 0xb
 682 004c 11       		.uleb128 0x11
 683 004d 01       		.uleb128 0x1
 684 004e 12       		.uleb128 0x12
 685 004f 01       		.uleb128 0x1
 686 0050 40       		.uleb128 0x40
 687 0051 06       		.uleb128 0x6
 688 0052 00       		.byte	0x0
 689 0053 00       		.byte	0x0
 690 0054 07       		.uleb128 0x7
 691 0055 2E       		.uleb128 0x2e
 692 0056 00       		.byte	0x0
 693 0057 3F       		.uleb128 0x3f
 694 0058 0C       		.uleb128 0xc
 695 0059 03       		.uleb128 0x3
 696 005a 0E       		.uleb128 0xe
ARM GAS  C:\Users\karunmj\AppData\Local\Temp\ccBu58lp.s 			page 15


 697 005b 3A       		.uleb128 0x3a
 698 005c 0B       		.uleb128 0xb
 699 005d 3B       		.uleb128 0x3b
 700 005e 0B       		.uleb128 0xb
 701 005f 27       		.uleb128 0x27
 702 0060 0C       		.uleb128 0xc
 703 0061 11       		.uleb128 0x11
 704 0062 01       		.uleb128 0x1
 705 0063 12       		.uleb128 0x12
 706 0064 01       		.uleb128 0x1
 707 0065 40       		.uleb128 0x40
 708 0066 06       		.uleb128 0x6
 709 0067 00       		.byte	0x0
 710 0068 00       		.byte	0x0
 711 0069 08       		.uleb128 0x8
 712 006a 2E       		.uleb128 0x2e
 713 006b 01       		.byte	0x1
 714 006c 3F       		.uleb128 0x3f
 715 006d 0C       		.uleb128 0xc
 716 006e 03       		.uleb128 0x3
 717 006f 0E       		.uleb128 0xe
 718 0070 3A       		.uleb128 0x3a
 719 0071 0B       		.uleb128 0xb
 720 0072 3B       		.uleb128 0x3b
 721 0073 0B       		.uleb128 0xb
 722 0074 11       		.uleb128 0x11
 723 0075 01       		.uleb128 0x1
 724 0076 12       		.uleb128 0x12
 725 0077 01       		.uleb128 0x1
 726 0078 40       		.uleb128 0x40
 727 0079 06       		.uleb128 0x6
 728 007a 01       		.uleb128 0x1
 729 007b 13       		.uleb128 0x13
 730 007c 00       		.byte	0x0
 731 007d 00       		.byte	0x0
 732 007e 09       		.uleb128 0x9
 733 007f 34       		.uleb128 0x34
 734 0080 00       		.byte	0x0
 735 0081 03       		.uleb128 0x3
 736 0082 08       		.uleb128 0x8
 737 0083 3A       		.uleb128 0x3a
 738 0084 0B       		.uleb128 0xb
 739 0085 3B       		.uleb128 0x3b
 740 0086 0B       		.uleb128 0xb
 741 0087 49       		.uleb128 0x49
 742 0088 13       		.uleb128 0x13
 743 0089 02       		.uleb128 0x2
 744 008a 0A       		.uleb128 0xa
 745 008b 00       		.byte	0x0
 746 008c 00       		.byte	0x0
 747 008d 0A       		.uleb128 0xa
 748 008e 2E       		.uleb128 0x2e
 749 008f 01       		.byte	0x1
 750 0090 3F       		.uleb128 0x3f
 751 0091 0C       		.uleb128 0xc
 752 0092 03       		.uleb128 0x3
 753 0093 0E       		.uleb128 0xe
ARM GAS  C:\Users\karunmj\AppData\Local\Temp\ccBu58lp.s 			page 16


 754 0094 3A       		.uleb128 0x3a
 755 0095 0B       		.uleb128 0xb
 756 0096 3B       		.uleb128 0x3b
 757 0097 0B       		.uleb128 0xb
 758 0098 27       		.uleb128 0x27
 759 0099 0C       		.uleb128 0xc
 760 009a 11       		.uleb128 0x11
 761 009b 01       		.uleb128 0x1
 762 009c 12       		.uleb128 0x12
 763 009d 01       		.uleb128 0x1
 764 009e 40       		.uleb128 0x40
 765 009f 06       		.uleb128 0x6
 766 00a0 01       		.uleb128 0x1
 767 00a1 13       		.uleb128 0x13
 768 00a2 00       		.byte	0x0
 769 00a3 00       		.byte	0x0
 770 00a4 0B       		.uleb128 0xb
 771 00a5 05       		.uleb128 0x5
 772 00a6 00       		.byte	0x0
 773 00a7 03       		.uleb128 0x3
 774 00a8 0E       		.uleb128 0xe
 775 00a9 3A       		.uleb128 0x3a
 776 00aa 0B       		.uleb128 0xb
 777 00ab 3B       		.uleb128 0x3b
 778 00ac 0B       		.uleb128 0xb
 779 00ad 49       		.uleb128 0x49
 780 00ae 13       		.uleb128 0x13
 781 00af 02       		.uleb128 0x2
 782 00b0 0A       		.uleb128 0xa
 783 00b1 00       		.byte	0x0
 784 00b2 00       		.byte	0x0
 785 00b3 0C       		.uleb128 0xc
 786 00b4 0F       		.uleb128 0xf
 787 00b5 00       		.byte	0x0
 788 00b6 0B       		.uleb128 0xb
 789 00b7 0B       		.uleb128 0xb
 790 00b8 49       		.uleb128 0x49
 791 00b9 13       		.uleb128 0x13
 792 00ba 00       		.byte	0x0
 793 00bb 00       		.byte	0x0
 794 00bc 0D       		.uleb128 0xd
 795 00bd 34       		.uleb128 0x34
 796 00be 00       		.byte	0x0
 797 00bf 03       		.uleb128 0x3
 798 00c0 0E       		.uleb128 0xe
 799 00c1 3A       		.uleb128 0x3a
 800 00c2 0B       		.uleb128 0xb
 801 00c3 3B       		.uleb128 0x3b
 802 00c4 05       		.uleb128 0x5
 803 00c5 49       		.uleb128 0x49
 804 00c6 13       		.uleb128 0x13
 805 00c7 3F       		.uleb128 0x3f
 806 00c8 0C       		.uleb128 0xc
 807 00c9 3C       		.uleb128 0x3c
 808 00ca 0C       		.uleb128 0xc
 809 00cb 00       		.byte	0x0
 810 00cc 00       		.byte	0x0
ARM GAS  C:\Users\karunmj\AppData\Local\Temp\ccBu58lp.s 			page 17


 811 00cd 0E       		.uleb128 0xe
 812 00ce 35       		.uleb128 0x35
 813 00cf 00       		.byte	0x0
 814 00d0 49       		.uleb128 0x49
 815 00d1 13       		.uleb128 0x13
 816 00d2 00       		.byte	0x0
 817 00d3 00       		.byte	0x0
 818 00d4 0F       		.uleb128 0xf
 819 00d5 34       		.uleb128 0x34
 820 00d6 00       		.byte	0x0
 821 00d7 03       		.uleb128 0x3
 822 00d8 0E       		.uleb128 0xe
 823 00d9 3A       		.uleb128 0x3a
 824 00da 0B       		.uleb128 0xb
 825 00db 3B       		.uleb128 0x3b
 826 00dc 0B       		.uleb128 0xb
 827 00dd 49       		.uleb128 0x49
 828 00de 13       		.uleb128 0x13
 829 00df 3F       		.uleb128 0x3f
 830 00e0 0C       		.uleb128 0xc
 831 00e1 02       		.uleb128 0x2
 832 00e2 0A       		.uleb128 0xa
 833 00e3 00       		.byte	0x0
 834 00e4 00       		.byte	0x0
 835 00e5 10       		.uleb128 0x10
 836 00e6 01       		.uleb128 0x1
 837 00e7 01       		.byte	0x1
 838 00e8 49       		.uleb128 0x49
 839 00e9 13       		.uleb128 0x13
 840 00ea 01       		.uleb128 0x1
 841 00eb 13       		.uleb128 0x13
 842 00ec 00       		.byte	0x0
 843 00ed 00       		.byte	0x0
 844 00ee 11       		.uleb128 0x11
 845 00ef 21       		.uleb128 0x21
 846 00f0 00       		.byte	0x0
 847 00f1 49       		.uleb128 0x49
 848 00f2 13       		.uleb128 0x13
 849 00f3 2F       		.uleb128 0x2f
 850 00f4 0B       		.uleb128 0xb
 851 00f5 00       		.byte	0x0
 852 00f6 00       		.byte	0x0
 853 00f7 00       		.byte	0x0
 854              		.section	.debug_pubnames,"",%progbits
 855 0000 8D000000 		.4byte	0x8d
 856 0004 0200     		.2byte	0x2
 857 0006 00000000 		.4byte	.Ldebug_info0
 858 000a 94010000 		.4byte	0x194
 859 000e 92000000 		.4byte	0x92
 860 0012 6D61696E 		.ascii	"main\000"
 860      00
 861 0017 A6000000 		.4byte	0xa6
 862 001b 6973725F 		.ascii	"isr_timer\000"
 862      74696D65 
 862      7200
 863 0025 BB000000 		.4byte	0xbb
 864 0029 636C6561 		.ascii	"clear_packet\000"
ARM GAS  C:\Users\karunmj\AppData\Local\Temp\ccBu58lp.s 			page 18


 864      725F7061 
 864      636B6574 
 864      00
 865 0036 E0000000 		.4byte	0xe0
 866 003a 77726974 		.ascii	"write_packet\000"
 866      655F7061 
 866      636B6574 
 866      00
 867 0047 3B010000 		.4byte	0x13b
 868 004b 6D6F6465 		.ascii	"modem_state\000"
 868      6D5F7374 
 868      61746500 
 869 0057 4D010000 		.4byte	0x14d
 870 005b 7061636B 		.ascii	"packet_ready\000"
 870      65745F72 
 870      65616479 
 870      00
 871 0068 6F010000 		.4byte	0x16f
 872 006c 64617461 		.ascii	"data_packet\000"
 872      5F706163 
 872      6B657400 
 873 0078 81010000 		.4byte	0x181
 874 007c 64617461 		.ascii	"data_packet_size\000"
 874      5F706163 
 874      6B65745F 
 874      73697A65 
 874      00
 875 008d 00000000 		.4byte	0x0
 876              		.section	.debug_aranges,"",%progbits
 877 0000 34000000 		.4byte	0x34
 878 0004 0200     		.2byte	0x2
 879 0006 00000000 		.4byte	.Ldebug_info0
 880 000a 04       		.byte	0x4
 881 000b 00       		.byte	0x0
 882 000c 0000     		.2byte	0x0
 883 000e 0000     		.2byte	0x0
 884 0010 00000000 		.4byte	.LFB29
 885 0014 D2000000 		.4byte	.LFE29-.LFB29
 886 0018 00000000 		.4byte	.LFB30
 887 001c 1A000000 		.4byte	.LFE30-.LFB30
 888 0020 00000000 		.4byte	.LFB31
 889 0024 54000000 		.4byte	.LFE31-.LFB31
 890 0028 00000000 		.4byte	.LFB32
 891 002c 5C000000 		.4byte	.LFE32-.LFB32
 892 0030 00000000 		.4byte	0x0
 893 0034 00000000 		.4byte	0x0
 894              		.section	.debug_ranges,"",%progbits
 895              	.Ldebug_ranges0:
 896 0000 00000000 		.4byte	.Ltext0
 897 0004 00000000 		.4byte	.Letext0
 898 0008 00000000 		.4byte	.LFB29
 899 000c D2000000 		.4byte	.LFE29
 900 0010 00000000 		.4byte	.LFB30
 901 0014 1A000000 		.4byte	.LFE30
 902 0018 00000000 		.4byte	.LFB31
 903 001c 54000000 		.4byte	.LFE31
 904 0020 00000000 		.4byte	.LFB32
ARM GAS  C:\Users\karunmj\AppData\Local\Temp\ccBu58lp.s 			page 19


 905 0024 5C000000 		.4byte	.LFE32
 906 0028 00000000 		.4byte	0x0
 907 002c 00000000 		.4byte	0x0
 908              		.section	.debug_str,"MS",%progbits,1
 909              	.LASF5:
 910 0000 6C6F6E67 		.ascii	"long long int\000"
 910      206C6F6E 
 910      6720696E 
 910      7400
 911              	.LASF4:
 912 000e 73686F72 		.ascii	"short unsigned int\000"
 912      7420756E 
 912      7369676E 
 912      65642069 
 912      6E7400
 913              	.LASF0:
 914 0021 756E7369 		.ascii	"unsigned int\000"
 914      676E6564 
 914      20696E74 
 914      00
 915              	.LASF16:
 916 002e 7061636B 		.ascii	"packet_ready\000"
 916      65745F72 
 916      65616479 
 916      00
 917              	.LASF23:
 918 003b 6D61696E 		.ascii	"main\000"
 918      00
 919              	.LASF26:
 920 0040 77726974 		.ascii	"write_packet\000"
 920      655F7061 
 920      636B6574 
 920      00
 921              	.LASF22:
 922 004d 75696E74 		.ascii	"uint8\000"
 922      3800
 923              	.LASF8:
 924 0053 6C6F6E67 		.ascii	"long unsigned int\000"
 924      20756E73 
 924      69676E65 
 924      6420696E 
 924      7400
 925              	.LASF12:
 926 0065 7061636B 		.ascii	"packet\000"
 926      657400
 927              	.LASF6:
 928 006c 6C6F6E67 		.ascii	"long long unsigned int\000"
 928      206C6F6E 
 928      6720756E 
 928      7369676E 
 928      65642069 
 929              	.LASF17:
 930 0083 64617461 		.ascii	"data_packet\000"
 930      5F706163 
 930      6B657400 
 931              	.LASF19:
 932 008f 474E5520 		.ascii	"GNU C 4.4.1\000"
ARM GAS  C:\Users\karunmj\AppData\Local\Temp\ccBu58lp.s 			page 20


 932      4320342E 
 932      342E3100 
 933              	.LASF2:
 934 009b 756E7369 		.ascii	"unsigned char\000"
 934      676E6564 
 934      20636861 
 934      7200
 935              	.LASF9:
 936 00a9 63686172 		.ascii	"char\000"
 936      00
 937              	.LASF7:
 938 00ae 6C6F6E67 		.ascii	"long int\000"
 938      20696E74 
 938      00
 939              	.LASF24:
 940 00b7 6973725F 		.ascii	"isr_timer\000"
 940      74696D65 
 940      7200
 941              	.LASF25:
 942 00c1 636C6561 		.ascii	"clear_packet\000"
 942      725F7061 
 942      636B6574 
 942      00
 943              	.LASF11:
 944 00ce 646F7562 		.ascii	"double\000"
 944      6C6500
 945              	.LASF15:
 946 00d5 6D6F6465 		.ascii	"modem_state\000"
 946      6D5F7374 
 946      61746500 
 947              	.LASF14:
 948 00e1 49544D5F 		.ascii	"ITM_RxBuffer\000"
 948      52784275 
 948      66666572 
 948      00
 949              	.LASF1:
 950 00ee 7369676E 		.ascii	"signed char\000"
 950      65642063 
 950      68617200 
 951              	.LASF13:
 952 00fa 73697A65 		.ascii	"size\000"
 952      00
 953              	.LASF10:
 954 00ff 666C6F61 		.ascii	"float\000"
 954      7400
 955              	.LASF21:
 956 0105 433A5C55 		.ascii	"C:\\Users\\karunmj\\Google Drive\\SURE\\Resources\\"
 956      73657273 
 956      5C6B6172 
 956      756E6D6A 
 956      5C476F6F 
 957 0132 50536F43 		.ascii	"PSoC\\m2m\\hardware\\psoc5\\PSoC_Datalogger.cydsn\000"
 957      5C6D326D 
 957      5C686172 
 957      64776172 
 957      655C7073 
 958              	.LASF3:
ARM GAS  C:\Users\karunmj\AppData\Local\Temp\ccBu58lp.s 			page 21


 959 0160 73686F72 		.ascii	"short int\000"
 959      7420696E 
 959      7400
 960              	.LASF18:
 961 016a 64617461 		.ascii	"data_packet_size\000"
 961      5F706163 
 961      6B65745F 
 961      73697A65 
 961      00
 962              	.LASF20:
 963 017b 2E5C6D61 		.ascii	".\\main.c\000"
 963      696E2E63 
 963      00
 964              		.ident	"GCC: (Sourcery G++ Lite 2010q1-188) 4.4.1"
